[2025-07-04T15:04:04.559+0530] {processor.py:157} INFO - Started process (PID=18976) to work on /Users/vaish/databorn_etl_project/retail_etl/etl_pipeline_project/venv/lib/python3.10/site-packages/airflow/example_dags/plugins/event_listener.py
[2025-07-04T15:04:04.560+0530] {processor.py:829} INFO - Processing file /Users/vaish/databorn_etl_project/retail_etl/etl_pipeline_project/venv/lib/python3.10/site-packages/airflow/example_dags/plugins/event_listener.py for tasks to queue
[2025-07-04T15:04:04.561+0530] {logging_mixin.py:154} INFO - [2025-07-04T15:04:04.561+0530] {dagbag.py:536} INFO - Filling up the DagBag from /Users/vaish/databorn_etl_project/retail_etl/etl_pipeline_project/venv/lib/python3.10/site-packages/airflow/example_dags/plugins/event_listener.py
[2025-07-04T15:04:04.563+0530] {processor.py:841} WARNING - No viable dags retrieved from /Users/vaish/databorn_etl_project/retail_etl/etl_pipeline_project/venv/lib/python3.10/site-packages/airflow/example_dags/plugins/event_listener.py
[2025-07-04T15:04:04.735+0530] {processor.py:179} INFO - Processing /Users/vaish/databorn_etl_project/retail_etl/etl_pipeline_project/venv/lib/python3.10/site-packages/airflow/example_dags/plugins/event_listener.py took 0.178 seconds
[2025-07-04T15:06:41.658+0530] {processor.py:157} INFO - Started process (PID=19294) to work on /Users/vaish/databorn_etl_project/retail_etl/etl_pipeline_project/venv/lib/python3.10/site-packages/airflow/example_dags/plugins/event_listener.py
[2025-07-04T15:06:41.665+0530] {processor.py:829} INFO - Processing file /Users/vaish/databorn_etl_project/retail_etl/etl_pipeline_project/venv/lib/python3.10/site-packages/airflow/example_dags/plugins/event_listener.py for tasks to queue
[2025-07-04T15:06:41.666+0530] {logging_mixin.py:154} INFO - [2025-07-04T15:06:41.665+0530] {dagbag.py:536} INFO - Filling up the DagBag from /Users/vaish/databorn_etl_project/retail_etl/etl_pipeline_project/venv/lib/python3.10/site-packages/airflow/example_dags/plugins/event_listener.py
[2025-07-04T15:06:41.668+0530] {processor.py:841} WARNING - No viable dags retrieved from /Users/vaish/databorn_etl_project/retail_etl/etl_pipeline_project/venv/lib/python3.10/site-packages/airflow/example_dags/plugins/event_listener.py
[2025-07-04T15:06:41.849+0530] {processor.py:179} INFO - Processing /Users/vaish/databorn_etl_project/retail_etl/etl_pipeline_project/venv/lib/python3.10/site-packages/airflow/example_dags/plugins/event_listener.py took 0.193 seconds
[2025-07-04T15:15:55.606+0530] {processor.py:157} INFO - Started process (PID=20328) to work on /Users/vaish/databorn_etl_project/retail_etl/etl_pipeline_project/venv/lib/python3.10/site-packages/airflow/example_dags/plugins/event_listener.py
[2025-07-04T15:15:55.612+0530] {processor.py:829} INFO - Processing file /Users/vaish/databorn_etl_project/retail_etl/etl_pipeline_project/venv/lib/python3.10/site-packages/airflow/example_dags/plugins/event_listener.py for tasks to queue
[2025-07-04T15:15:55.613+0530] {logging_mixin.py:154} INFO - [2025-07-04T15:15:55.613+0530] {dagbag.py:536} INFO - Filling up the DagBag from /Users/vaish/databorn_etl_project/retail_etl/etl_pipeline_project/venv/lib/python3.10/site-packages/airflow/example_dags/plugins/event_listener.py
[2025-07-04T15:15:55.615+0530] {processor.py:841} WARNING - No viable dags retrieved from /Users/vaish/databorn_etl_project/retail_etl/etl_pipeline_project/venv/lib/python3.10/site-packages/airflow/example_dags/plugins/event_listener.py
[2025-07-04T15:15:55.774+0530] {processor.py:179} INFO - Processing /Users/vaish/databorn_etl_project/retail_etl/etl_pipeline_project/venv/lib/python3.10/site-packages/airflow/example_dags/plugins/event_listener.py took 0.170 seconds
[2025-07-04T15:18:10.053+0530] {processor.py:157} INFO - Started process (PID=20675) to work on /Users/vaish/databorn_etl_project/retail_etl/etl_pipeline_project/venv/lib/python3.10/site-packages/airflow/example_dags/plugins/event_listener.py
[2025-07-04T15:18:10.060+0530] {processor.py:829} INFO - Processing file /Users/vaish/databorn_etl_project/retail_etl/etl_pipeline_project/venv/lib/python3.10/site-packages/airflow/example_dags/plugins/event_listener.py for tasks to queue
[2025-07-04T15:18:10.061+0530] {logging_mixin.py:154} INFO - [2025-07-04T15:18:10.061+0530] {dagbag.py:536} INFO - Filling up the DagBag from /Users/vaish/databorn_etl_project/retail_etl/etl_pipeline_project/venv/lib/python3.10/site-packages/airflow/example_dags/plugins/event_listener.py
[2025-07-04T15:18:10.063+0530] {processor.py:841} WARNING - No viable dags retrieved from /Users/vaish/databorn_etl_project/retail_etl/etl_pipeline_project/venv/lib/python3.10/site-packages/airflow/example_dags/plugins/event_listener.py
[2025-07-04T15:18:10.258+0530] {processor.py:179} INFO - Processing /Users/vaish/databorn_etl_project/retail_etl/etl_pipeline_project/venv/lib/python3.10/site-packages/airflow/example_dags/plugins/event_listener.py took 0.207 seconds
[2025-07-04T15:19:50.497+0530] {processor.py:157} INFO - Started process (PID=20978) to work on /Users/vaish/databorn_etl_project/retail_etl/etl_pipeline_project/venv/lib/python3.10/site-packages/airflow/example_dags/plugins/event_listener.py
[2025-07-04T15:19:50.498+0530] {processor.py:829} INFO - Processing file /Users/vaish/databorn_etl_project/retail_etl/etl_pipeline_project/venv/lib/python3.10/site-packages/airflow/example_dags/plugins/event_listener.py for tasks to queue
[2025-07-04T15:19:50.499+0530] {logging_mixin.py:154} INFO - [2025-07-04T15:19:50.498+0530] {dagbag.py:536} INFO - Filling up the DagBag from /Users/vaish/databorn_etl_project/retail_etl/etl_pipeline_project/venv/lib/python3.10/site-packages/airflow/example_dags/plugins/event_listener.py
[2025-07-04T15:19:50.500+0530] {processor.py:841} WARNING - No viable dags retrieved from /Users/vaish/databorn_etl_project/retail_etl/etl_pipeline_project/venv/lib/python3.10/site-packages/airflow/example_dags/plugins/event_listener.py
[2025-07-04T15:19:50.670+0530] {processor.py:179} INFO - Processing /Users/vaish/databorn_etl_project/retail_etl/etl_pipeline_project/venv/lib/python3.10/site-packages/airflow/example_dags/plugins/event_listener.py took 0.174 seconds
[2025-07-04T15:21:32.027+0530] {processor.py:157} INFO - Started process (PID=21222) to work on /Users/vaish/databorn_etl_project/retail_etl/etl_pipeline_project/venv/lib/python3.10/site-packages/airflow/example_dags/plugins/event_listener.py
[2025-07-04T15:21:32.028+0530] {processor.py:829} INFO - Processing file /Users/vaish/databorn_etl_project/retail_etl/etl_pipeline_project/venv/lib/python3.10/site-packages/airflow/example_dags/plugins/event_listener.py for tasks to queue
[2025-07-04T15:21:32.029+0530] {logging_mixin.py:154} INFO - [2025-07-04T15:21:32.028+0530] {dagbag.py:536} INFO - Filling up the DagBag from /Users/vaish/databorn_etl_project/retail_etl/etl_pipeline_project/venv/lib/python3.10/site-packages/airflow/example_dags/plugins/event_listener.py
[2025-07-04T15:21:32.030+0530] {processor.py:841} WARNING - No viable dags retrieved from /Users/vaish/databorn_etl_project/retail_etl/etl_pipeline_project/venv/lib/python3.10/site-packages/airflow/example_dags/plugins/event_listener.py
[2025-07-04T15:21:32.248+0530] {processor.py:179} INFO - Processing /Users/vaish/databorn_etl_project/retail_etl/etl_pipeline_project/venv/lib/python3.10/site-packages/airflow/example_dags/plugins/event_listener.py took 0.223 seconds
