[2025-07-04T15:04:01.593+0530] {processor.py:157} INFO - Started process (PID=18967) to work on /Users/vaish/databorn_etl_project/retail_etl/etl_pipeline_project/venv/lib/python3.10/site-packages/airflow/example_dags/plugins/listener_plugin.py
[2025-07-04T15:04:01.594+0530] {processor.py:829} INFO - Processing file /Users/vaish/databorn_etl_project/retail_etl/etl_pipeline_project/venv/lib/python3.10/site-packages/airflow/example_dags/plugins/listener_plugin.py for tasks to queue
[2025-07-04T15:04:01.596+0530] {logging_mixin.py:154} INFO - [2025-07-04T15:04:01.596+0530] {dagbag.py:536} INFO - Filling up the DagBag from /Users/vaish/databorn_etl_project/retail_etl/etl_pipeline_project/venv/lib/python3.10/site-packages/airflow/example_dags/plugins/listener_plugin.py
[2025-07-04T15:04:01.602+0530] {processor.py:841} WARNING - No viable dags retrieved from /Users/vaish/databorn_etl_project/retail_etl/etl_pipeline_project/venv/lib/python3.10/site-packages/airflow/example_dags/plugins/listener_plugin.py
[2025-07-04T15:04:01.839+0530] {processor.py:179} INFO - Processing /Users/vaish/databorn_etl_project/retail_etl/etl_pipeline_project/venv/lib/python3.10/site-packages/airflow/example_dags/plugins/listener_plugin.py took 0.248 seconds
[2025-07-04T15:06:38.938+0530] {processor.py:157} INFO - Started process (PID=19290) to work on /Users/vaish/databorn_etl_project/retail_etl/etl_pipeline_project/venv/lib/python3.10/site-packages/airflow/example_dags/plugins/listener_plugin.py
[2025-07-04T15:06:38.939+0530] {processor.py:829} INFO - Processing file /Users/vaish/databorn_etl_project/retail_etl/etl_pipeline_project/venv/lib/python3.10/site-packages/airflow/example_dags/plugins/listener_plugin.py for tasks to queue
[2025-07-04T15:06:38.940+0530] {logging_mixin.py:154} INFO - [2025-07-04T15:06:38.940+0530] {dagbag.py:536} INFO - Filling up the DagBag from /Users/vaish/databorn_etl_project/retail_etl/etl_pipeline_project/venv/lib/python3.10/site-packages/airflow/example_dags/plugins/listener_plugin.py
[2025-07-04T15:06:38.946+0530] {processor.py:841} WARNING - No viable dags retrieved from /Users/vaish/databorn_etl_project/retail_etl/etl_pipeline_project/venv/lib/python3.10/site-packages/airflow/example_dags/plugins/listener_plugin.py
[2025-07-04T15:06:39.106+0530] {processor.py:179} INFO - Processing /Users/vaish/databorn_etl_project/retail_etl/etl_pipeline_project/venv/lib/python3.10/site-packages/airflow/example_dags/plugins/listener_plugin.py took 0.170 seconds
[2025-07-04T15:15:53.237+0530] {processor.py:157} INFO - Started process (PID=20323) to work on /Users/vaish/databorn_etl_project/retail_etl/etl_pipeline_project/venv/lib/python3.10/site-packages/airflow/example_dags/plugins/listener_plugin.py
[2025-07-04T15:15:53.244+0530] {processor.py:829} INFO - Processing file /Users/vaish/databorn_etl_project/retail_etl/etl_pipeline_project/venv/lib/python3.10/site-packages/airflow/example_dags/plugins/listener_plugin.py for tasks to queue
[2025-07-04T15:15:53.245+0530] {logging_mixin.py:154} INFO - [2025-07-04T15:15:53.244+0530] {dagbag.py:536} INFO - Filling up the DagBag from /Users/vaish/databorn_etl_project/retail_etl/etl_pipeline_project/venv/lib/python3.10/site-packages/airflow/example_dags/plugins/listener_plugin.py
[2025-07-04T15:15:53.247+0530] {processor.py:841} WARNING - No viable dags retrieved from /Users/vaish/databorn_etl_project/retail_etl/etl_pipeline_project/venv/lib/python3.10/site-packages/airflow/example_dags/plugins/listener_plugin.py
[2025-07-04T15:15:53.406+0530] {processor.py:179} INFO - Processing /Users/vaish/databorn_etl_project/retail_etl/etl_pipeline_project/venv/lib/python3.10/site-packages/airflow/example_dags/plugins/listener_plugin.py took 0.170 seconds
[2025-07-04T15:18:07.891+0530] {processor.py:157} INFO - Started process (PID=20671) to work on /Users/vaish/databorn_etl_project/retail_etl/etl_pipeline_project/venv/lib/python3.10/site-packages/airflow/example_dags/plugins/listener_plugin.py
[2025-07-04T15:18:07.898+0530] {processor.py:829} INFO - Processing file /Users/vaish/databorn_etl_project/retail_etl/etl_pipeline_project/venv/lib/python3.10/site-packages/airflow/example_dags/plugins/listener_plugin.py for tasks to queue
[2025-07-04T15:18:07.899+0530] {logging_mixin.py:154} INFO - [2025-07-04T15:18:07.899+0530] {dagbag.py:536} INFO - Filling up the DagBag from /Users/vaish/databorn_etl_project/retail_etl/etl_pipeline_project/venv/lib/python3.10/site-packages/airflow/example_dags/plugins/listener_plugin.py
[2025-07-04T15:18:07.904+0530] {processor.py:841} WARNING - No viable dags retrieved from /Users/vaish/databorn_etl_project/retail_etl/etl_pipeline_project/venv/lib/python3.10/site-packages/airflow/example_dags/plugins/listener_plugin.py
[2025-07-04T15:18:08.077+0530] {processor.py:179} INFO - Processing /Users/vaish/databorn_etl_project/retail_etl/etl_pipeline_project/venv/lib/python3.10/site-packages/airflow/example_dags/plugins/listener_plugin.py took 0.188 seconds
[2025-07-04T15:19:47.735+0530] {processor.py:157} INFO - Started process (PID=20962) to work on /Users/vaish/databorn_etl_project/retail_etl/etl_pipeline_project/venv/lib/python3.10/site-packages/airflow/example_dags/plugins/listener_plugin.py
[2025-07-04T15:19:47.736+0530] {processor.py:829} INFO - Processing file /Users/vaish/databorn_etl_project/retail_etl/etl_pipeline_project/venv/lib/python3.10/site-packages/airflow/example_dags/plugins/listener_plugin.py for tasks to queue
[2025-07-04T15:19:47.736+0530] {logging_mixin.py:154} INFO - [2025-07-04T15:19:47.736+0530] {dagbag.py:536} INFO - Filling up the DagBag from /Users/vaish/databorn_etl_project/retail_etl/etl_pipeline_project/venv/lib/python3.10/site-packages/airflow/example_dags/plugins/listener_plugin.py
[2025-07-04T15:19:47.739+0530] {processor.py:841} WARNING - No viable dags retrieved from /Users/vaish/databorn_etl_project/retail_etl/etl_pipeline_project/venv/lib/python3.10/site-packages/airflow/example_dags/plugins/listener_plugin.py
[2025-07-04T15:19:47.912+0530] {processor.py:179} INFO - Processing /Users/vaish/databorn_etl_project/retail_etl/etl_pipeline_project/venv/lib/python3.10/site-packages/airflow/example_dags/plugins/listener_plugin.py took 0.178 seconds
[2025-07-04T15:21:29.179+0530] {processor.py:157} INFO - Started process (PID=21218) to work on /Users/vaish/databorn_etl_project/retail_etl/etl_pipeline_project/venv/lib/python3.10/site-packages/airflow/example_dags/plugins/listener_plugin.py
[2025-07-04T15:21:29.186+0530] {processor.py:829} INFO - Processing file /Users/vaish/databorn_etl_project/retail_etl/etl_pipeline_project/venv/lib/python3.10/site-packages/airflow/example_dags/plugins/listener_plugin.py for tasks to queue
[2025-07-04T15:21:29.187+0530] {logging_mixin.py:154} INFO - [2025-07-04T15:21:29.187+0530] {dagbag.py:536} INFO - Filling up the DagBag from /Users/vaish/databorn_etl_project/retail_etl/etl_pipeline_project/venv/lib/python3.10/site-packages/airflow/example_dags/plugins/listener_plugin.py
[2025-07-04T15:21:29.190+0530] {processor.py:841} WARNING - No viable dags retrieved from /Users/vaish/databorn_etl_project/retail_etl/etl_pipeline_project/venv/lib/python3.10/site-packages/airflow/example_dags/plugins/listener_plugin.py
[2025-07-04T15:21:29.365+0530] {processor.py:179} INFO - Processing /Users/vaish/databorn_etl_project/retail_etl/etl_pipeline_project/venv/lib/python3.10/site-packages/airflow/example_dags/plugins/listener_plugin.py took 0.187 seconds
