[2025-07-04T15:03:57.007+0530] {processor.py:157} INFO - Started process (PID=18957) to work on /Users/vaish/databorn_etl_project/retail_etl/etl_pipeline_project/venv/lib/python3.10/site-packages/airflow/example_dags/plugins/workday.py
[2025-07-04T15:03:57.007+0530] {processor.py:829} INFO - Processing file /Users/vaish/databorn_etl_project/retail_etl/etl_pipeline_project/venv/lib/python3.10/site-packages/airflow/example_dags/plugins/workday.py for tasks to queue
[2025-07-04T15:03:57.008+0530] {logging_mixin.py:154} INFO - [2025-07-04T15:03:57.008+0530] {dagbag.py:536} INFO - Filling up the DagBag from /Users/vaish/databorn_etl_project/retail_etl/etl_pipeline_project/venv/lib/python3.10/site-packages/airflow/example_dags/plugins/workday.py
[2025-07-04T15:03:57.991+0530] {processor.py:841} WARNING - No viable dags retrieved from /Users/vaish/databorn_etl_project/retail_etl/etl_pipeline_project/venv/lib/python3.10/site-packages/airflow/example_dags/plugins/workday.py
[2025-07-04T15:03:58.530+0530] {processor.py:179} INFO - Processing /Users/vaish/databorn_etl_project/retail_etl/etl_pipeline_project/venv/lib/python3.10/site-packages/airflow/example_dags/plugins/workday.py took 1.525 seconds
[2025-07-04T15:06:35.279+0530] {processor.py:157} INFO - Started process (PID=19286) to work on /Users/vaish/databorn_etl_project/retail_etl/etl_pipeline_project/venv/lib/python3.10/site-packages/airflow/example_dags/plugins/workday.py
[2025-07-04T15:06:35.285+0530] {processor.py:829} INFO - Processing file /Users/vaish/databorn_etl_project/retail_etl/etl_pipeline_project/venv/lib/python3.10/site-packages/airflow/example_dags/plugins/workday.py for tasks to queue
[2025-07-04T15:06:35.286+0530] {logging_mixin.py:154} INFO - [2025-07-04T15:06:35.286+0530] {dagbag.py:536} INFO - Filling up the DagBag from /Users/vaish/databorn_etl_project/retail_etl/etl_pipeline_project/venv/lib/python3.10/site-packages/airflow/example_dags/plugins/workday.py
[2025-07-04T15:06:36.160+0530] {processor.py:841} WARNING - No viable dags retrieved from /Users/vaish/databorn_etl_project/retail_etl/etl_pipeline_project/venv/lib/python3.10/site-packages/airflow/example_dags/plugins/workday.py
[2025-07-04T15:06:36.371+0530] {processor.py:179} INFO - Processing /Users/vaish/databorn_etl_project/retail_etl/etl_pipeline_project/venv/lib/python3.10/site-packages/airflow/example_dags/plugins/workday.py took 1.093 seconds
[2025-07-04T15:15:49.450+0530] {processor.py:157} INFO - Started process (PID=20307) to work on /Users/vaish/databorn_etl_project/retail_etl/etl_pipeline_project/venv/lib/python3.10/site-packages/airflow/example_dags/plugins/workday.py
[2025-07-04T15:15:49.452+0530] {processor.py:829} INFO - Processing file /Users/vaish/databorn_etl_project/retail_etl/etl_pipeline_project/venv/lib/python3.10/site-packages/airflow/example_dags/plugins/workday.py for tasks to queue
[2025-07-04T15:15:49.453+0530] {logging_mixin.py:154} INFO - [2025-07-04T15:15:49.453+0530] {dagbag.py:536} INFO - Filling up the DagBag from /Users/vaish/databorn_etl_project/retail_etl/etl_pipeline_project/venv/lib/python3.10/site-packages/airflow/example_dags/plugins/workday.py
[2025-07-04T15:15:50.049+0530] {processor.py:841} WARNING - No viable dags retrieved from /Users/vaish/databorn_etl_project/retail_etl/etl_pipeline_project/venv/lib/python3.10/site-packages/airflow/example_dags/plugins/workday.py
[2025-07-04T15:15:50.476+0530] {processor.py:179} INFO - Processing /Users/vaish/databorn_etl_project/retail_etl/etl_pipeline_project/venv/lib/python3.10/site-packages/airflow/example_dags/plugins/workday.py took 1.028 seconds
[2025-07-04T15:18:04.312+0530] {processor.py:157} INFO - Started process (PID=20667) to work on /Users/vaish/databorn_etl_project/retail_etl/etl_pipeline_project/venv/lib/python3.10/site-packages/airflow/example_dags/plugins/workday.py
[2025-07-04T15:18:04.319+0530] {processor.py:829} INFO - Processing file /Users/vaish/databorn_etl_project/retail_etl/etl_pipeline_project/venv/lib/python3.10/site-packages/airflow/example_dags/plugins/workday.py for tasks to queue
[2025-07-04T15:18:04.320+0530] {logging_mixin.py:154} INFO - [2025-07-04T15:18:04.320+0530] {dagbag.py:536} INFO - Filling up the DagBag from /Users/vaish/databorn_etl_project/retail_etl/etl_pipeline_project/venv/lib/python3.10/site-packages/airflow/example_dags/plugins/workday.py
[2025-07-04T15:18:05.018+0530] {processor.py:841} WARNING - No viable dags retrieved from /Users/vaish/databorn_etl_project/retail_etl/etl_pipeline_project/venv/lib/python3.10/site-packages/airflow/example_dags/plugins/workday.py
[2025-07-04T15:18:05.237+0530] {processor.py:179} INFO - Processing /Users/vaish/databorn_etl_project/retail_etl/etl_pipeline_project/venv/lib/python3.10/site-packages/airflow/example_dags/plugins/workday.py took 0.926 seconds
[2025-07-04T15:19:45.328+0530] {processor.py:157} INFO - Started process (PID=20954) to work on /Users/vaish/databorn_etl_project/retail_etl/etl_pipeline_project/venv/lib/python3.10/site-packages/airflow/example_dags/plugins/workday.py
[2025-07-04T15:19:45.335+0530] {processor.py:829} INFO - Processing file /Users/vaish/databorn_etl_project/retail_etl/etl_pipeline_project/venv/lib/python3.10/site-packages/airflow/example_dags/plugins/workday.py for tasks to queue
[2025-07-04T15:19:45.337+0530] {logging_mixin.py:154} INFO - [2025-07-04T15:19:45.336+0530] {dagbag.py:536} INFO - Filling up the DagBag from /Users/vaish/databorn_etl_project/retail_etl/etl_pipeline_project/venv/lib/python3.10/site-packages/airflow/example_dags/plugins/workday.py
[2025-07-04T15:19:45.814+0530] {processor.py:841} WARNING - No viable dags retrieved from /Users/vaish/databorn_etl_project/retail_etl/etl_pipeline_project/venv/lib/python3.10/site-packages/airflow/example_dags/plugins/workday.py
[2025-07-04T15:19:46.022+0530] {processor.py:179} INFO - Processing /Users/vaish/databorn_etl_project/retail_etl/etl_pipeline_project/venv/lib/python3.10/site-packages/airflow/example_dags/plugins/workday.py took 0.695 seconds
[2025-07-04T15:21:25.832+0530] {processor.py:157} INFO - Started process (PID=21209) to work on /Users/vaish/databorn_etl_project/retail_etl/etl_pipeline_project/venv/lib/python3.10/site-packages/airflow/example_dags/plugins/workday.py
[2025-07-04T15:21:25.838+0530] {processor.py:829} INFO - Processing file /Users/vaish/databorn_etl_project/retail_etl/etl_pipeline_project/venv/lib/python3.10/site-packages/airflow/example_dags/plugins/workday.py for tasks to queue
[2025-07-04T15:21:25.840+0530] {logging_mixin.py:154} INFO - [2025-07-04T15:21:25.839+0530] {dagbag.py:536} INFO - Filling up the DagBag from /Users/vaish/databorn_etl_project/retail_etl/etl_pipeline_project/venv/lib/python3.10/site-packages/airflow/example_dags/plugins/workday.py
[2025-07-04T15:21:26.350+0530] {processor.py:841} WARNING - No viable dags retrieved from /Users/vaish/databorn_etl_project/retail_etl/etl_pipeline_project/venv/lib/python3.10/site-packages/airflow/example_dags/plugins/workday.py
[2025-07-04T15:21:26.584+0530] {processor.py:179} INFO - Processing /Users/vaish/databorn_etl_project/retail_etl/etl_pipeline_project/venv/lib/python3.10/site-packages/airflow/example_dags/plugins/workday.py took 0.754 seconds
