[2025-07-04T15:04:48.746+0530] {processor.py:157} INFO - Started process (PID=19072) to work on /Users/vaish/databorn_etl_project/retail_etl/etl_pipeline_project/venv/lib/python3.10/site-packages/airflow/example_dags/example_sla_dag.py
[2025-07-04T15:04:48.747+0530] {processor.py:829} INFO - Processing file /Users/vaish/databorn_etl_project/retail_etl/etl_pipeline_project/venv/lib/python3.10/site-packages/airflow/example_dags/example_sla_dag.py for tasks to queue
[2025-07-04T15:04:48.748+0530] {logging_mixin.py:154} INFO - [2025-07-04T15:04:48.748+0530] {dagbag.py:536} INFO - Filling up the DagBag from /Users/vaish/databorn_etl_project/retail_etl/etl_pipeline_project/venv/lib/python3.10/site-packages/airflow/example_dags/example_sla_dag.py
[2025-07-04T15:04:48.811+0530] {processor.py:839} INFO - DAG(s) dict_keys(['example_sla_dag']) retrieved from /Users/vaish/databorn_etl_project/retail_etl/etl_pipeline_project/venv/lib/python3.10/site-packages/airflow/example_dags/example_sla_dag.py
[2025-07-04T15:04:49.552+0530] {logging_mixin.py:154} INFO - [2025-07-04T15:04:49.552+0530] {manager.py:499} INFO - Created Permission View: %s
[2025-07-04T15:04:49.563+0530] {logging_mixin.py:154} INFO - [2025-07-04T15:04:49.562+0530] {manager.py:499} INFO - Created Permission View: %s
[2025-07-04T15:04:49.569+0530] {logging_mixin.py:154} INFO - [2025-07-04T15:04:49.569+0530] {manager.py:499} INFO - Created Permission View: %s
[2025-07-04T15:04:49.570+0530] {logging_mixin.py:154} INFO - [2025-07-04T15:04:49.570+0530] {dag.py:2941} INFO - Sync 1 DAGs
[2025-07-04T15:04:49.582+0530] {logging_mixin.py:154} INFO - [2025-07-04T15:04:49.582+0530] {dag.py:2963} INFO - Creating ORM DAG for example_sla_dag
[2025-07-04T15:04:49.596+0530] {logging_mixin.py:154} INFO - [2025-07-04T15:04:49.596+0530] {dag.py:3722} INFO - Setting next_dagrun for example_sla_dag to 2025-07-04T09:32:00+00:00, run_after=2025-07-04T09:34:00+00:00
[2025-07-04T15:04:49.616+0530] {processor.py:179} INFO - Processing /Users/vaish/databorn_etl_project/retail_etl/etl_pipeline_project/venv/lib/python3.10/site-packages/airflow/example_dags/example_sla_dag.py took 0.871 seconds
[2025-07-04T15:16:36.863+0530] {processor.py:157} INFO - Started process (PID=20419) to work on /Users/vaish/databorn_etl_project/retail_etl/etl_pipeline_project/venv/lib/python3.10/site-packages/airflow/example_dags/example_sla_dag.py
[2025-07-04T15:16:36.864+0530] {processor.py:829} INFO - Processing file /Users/vaish/databorn_etl_project/retail_etl/etl_pipeline_project/venv/lib/python3.10/site-packages/airflow/example_dags/example_sla_dag.py for tasks to queue
[2025-07-04T15:16:36.865+0530] {logging_mixin.py:154} INFO - [2025-07-04T15:16:36.865+0530] {dagbag.py:536} INFO - Filling up the DagBag from /Users/vaish/databorn_etl_project/retail_etl/etl_pipeline_project/venv/lib/python3.10/site-packages/airflow/example_dags/example_sla_dag.py
[2025-07-04T15:16:36.929+0530] {processor.py:839} INFO - DAG(s) dict_keys(['example_sla_dag']) retrieved from /Users/vaish/databorn_etl_project/retail_etl/etl_pipeline_project/venv/lib/python3.10/site-packages/airflow/example_dags/example_sla_dag.py
[2025-07-04T15:16:37.150+0530] {logging_mixin.py:154} INFO - [2025-07-04T15:16:37.150+0530] {dag.py:2941} INFO - Sync 1 DAGs
[2025-07-04T15:16:37.174+0530] {logging_mixin.py:154} INFO - [2025-07-04T15:16:37.174+0530] {dag.py:3722} INFO - Setting next_dagrun for example_sla_dag to 2025-07-04T09:44:00+00:00, run_after=2025-07-04T09:46:00+00:00
[2025-07-04T15:16:37.199+0530] {processor.py:179} INFO - Processing /Users/vaish/databorn_etl_project/retail_etl/etl_pipeline_project/venv/lib/python3.10/site-packages/airflow/example_dags/example_sla_dag.py took 0.337 seconds
[2025-07-04T15:18:47.734+0530] {processor.py:157} INFO - Started process (PID=20777) to work on /Users/vaish/databorn_etl_project/retail_etl/etl_pipeline_project/venv/lib/python3.10/site-packages/airflow/example_dags/example_sla_dag.py
[2025-07-04T15:18:47.742+0530] {processor.py:829} INFO - Processing file /Users/vaish/databorn_etl_project/retail_etl/etl_pipeline_project/venv/lib/python3.10/site-packages/airflow/example_dags/example_sla_dag.py for tasks to queue
[2025-07-04T15:18:47.743+0530] {logging_mixin.py:154} INFO - [2025-07-04T15:18:47.743+0530] {dagbag.py:536} INFO - Filling up the DagBag from /Users/vaish/databorn_etl_project/retail_etl/etl_pipeline_project/venv/lib/python3.10/site-packages/airflow/example_dags/example_sla_dag.py
[2025-07-04T15:18:47.810+0530] {processor.py:839} INFO - DAG(s) dict_keys(['example_sla_dag']) retrieved from /Users/vaish/databorn_etl_project/retail_etl/etl_pipeline_project/venv/lib/python3.10/site-packages/airflow/example_dags/example_sla_dag.py
[2025-07-04T15:18:48.049+0530] {logging_mixin.py:154} INFO - [2025-07-04T15:18:48.048+0530] {dag.py:2941} INFO - Sync 1 DAGs
[2025-07-04T15:18:48.072+0530] {logging_mixin.py:154} INFO - [2025-07-04T15:18:48.072+0530] {dag.py:3722} INFO - Setting next_dagrun for example_sla_dag to 2025-07-04T09:46:00+00:00, run_after=2025-07-04T09:48:00+00:00
[2025-07-04T15:18:48.096+0530] {processor.py:179} INFO - Processing /Users/vaish/databorn_etl_project/retail_etl/etl_pipeline_project/venv/lib/python3.10/site-packages/airflow/example_dags/example_sla_dag.py took 0.363 seconds
[2025-07-04T15:20:27.696+0530] {processor.py:157} INFO - Started process (PID=21076) to work on /Users/vaish/databorn_etl_project/retail_etl/etl_pipeline_project/venv/lib/python3.10/site-packages/airflow/example_dags/example_sla_dag.py
[2025-07-04T15:20:27.697+0530] {processor.py:829} INFO - Processing file /Users/vaish/databorn_etl_project/retail_etl/etl_pipeline_project/venv/lib/python3.10/site-packages/airflow/example_dags/example_sla_dag.py for tasks to queue
[2025-07-04T15:20:27.698+0530] {logging_mixin.py:154} INFO - [2025-07-04T15:20:27.698+0530] {dagbag.py:536} INFO - Filling up the DagBag from /Users/vaish/databorn_etl_project/retail_etl/etl_pipeline_project/venv/lib/python3.10/site-packages/airflow/example_dags/example_sla_dag.py
[2025-07-04T15:20:27.772+0530] {processor.py:839} INFO - DAG(s) dict_keys(['example_sla_dag']) retrieved from /Users/vaish/databorn_etl_project/retail_etl/etl_pipeline_project/venv/lib/python3.10/site-packages/airflow/example_dags/example_sla_dag.py
[2025-07-04T15:20:27.989+0530] {logging_mixin.py:154} INFO - [2025-07-04T15:20:27.989+0530] {dag.py:2941} INFO - Sync 1 DAGs
[2025-07-04T15:20:28.012+0530] {logging_mixin.py:154} INFO - [2025-07-04T15:20:28.011+0530] {dag.py:3722} INFO - Setting next_dagrun for example_sla_dag to 2025-07-04T09:48:00+00:00, run_after=2025-07-04T09:50:00+00:00
[2025-07-04T15:20:28.039+0530] {processor.py:179} INFO - Processing /Users/vaish/databorn_etl_project/retail_etl/etl_pipeline_project/venv/lib/python3.10/site-packages/airflow/example_dags/example_sla_dag.py took 0.344 seconds
