[2025-07-04T15:05:15.866+0530] {processor.py:157} INFO - Started process (PID=19126) to work on /Users/vaish/databorn_etl_project/retail_etl/etl_pipeline_project/venv/lib/python3.10/site-packages/airflow/example_dags/example_python_operator.py
[2025-07-04T15:05:15.867+0530] {processor.py:829} INFO - Processing file /Users/vaish/databorn_etl_project/retail_etl/etl_pipeline_project/venv/lib/python3.10/site-packages/airflow/example_dags/example_python_operator.py for tasks to queue
[2025-07-04T15:05:15.868+0530] {logging_mixin.py:154} INFO - [2025-07-04T15:05:15.868+0530] {dagbag.py:536} INFO - Filling up the DagBag from /Users/vaish/databorn_etl_project/retail_etl/etl_pipeline_project/venv/lib/python3.10/site-packages/airflow/example_dags/example_python_operator.py
[2025-07-04T15:05:15.929+0530] {logging_mixin.py:154} INFO - [2025-07-04T15:05:15.928+0530] {example_python_operator.py:86} WARNING - The virtalenv_python example task requires virtualenv, please install it.
[2025-07-04T15:05:15.939+0530] {processor.py:839} INFO - DAG(s) dict_keys(['example_python_operator']) retrieved from /Users/vaish/databorn_etl_project/retail_etl/etl_pipeline_project/venv/lib/python3.10/site-packages/airflow/example_dags/example_python_operator.py
[2025-07-04T15:05:16.704+0530] {logging_mixin.py:154} INFO - [2025-07-04T15:05:16.704+0530] {manager.py:499} INFO - Created Permission View: %s
[2025-07-04T15:05:16.715+0530] {logging_mixin.py:154} INFO - [2025-07-04T15:05:16.715+0530] {manager.py:499} INFO - Created Permission View: %s
[2025-07-04T15:05:16.721+0530] {logging_mixin.py:154} INFO - [2025-07-04T15:05:16.721+0530] {manager.py:499} INFO - Created Permission View: %s
[2025-07-04T15:05:16.722+0530] {logging_mixin.py:154} INFO - [2025-07-04T15:05:16.722+0530] {dag.py:2941} INFO - Sync 1 DAGs
[2025-07-04T15:05:16.734+0530] {logging_mixin.py:154} INFO - [2025-07-04T15:05:16.734+0530] {dag.py:2963} INFO - Creating ORM DAG for example_python_operator
[2025-07-04T15:05:16.735+0530] {logging_mixin.py:154} INFO - [2025-07-04T15:05:16.735+0530] {dag.py:3722} INFO - Setting next_dagrun for example_python_operator to None, run_after=None
[2025-07-04T15:05:16.755+0530] {processor.py:179} INFO - Processing /Users/vaish/databorn_etl_project/retail_etl/etl_pipeline_project/venv/lib/python3.10/site-packages/airflow/example_dags/example_python_operator.py took 0.890 seconds
[2025-07-04T15:17:00.875+0530] {processor.py:157} INFO - Started process (PID=20485) to work on /Users/vaish/databorn_etl_project/retail_etl/etl_pipeline_project/venv/lib/python3.10/site-packages/airflow/example_dags/example_python_operator.py
[2025-07-04T15:17:00.878+0530] {processor.py:829} INFO - Processing file /Users/vaish/databorn_etl_project/retail_etl/etl_pipeline_project/venv/lib/python3.10/site-packages/airflow/example_dags/example_python_operator.py for tasks to queue
[2025-07-04T15:17:00.879+0530] {logging_mixin.py:154} INFO - [2025-07-04T15:17:00.879+0530] {dagbag.py:536} INFO - Filling up the DagBag from /Users/vaish/databorn_etl_project/retail_etl/etl_pipeline_project/venv/lib/python3.10/site-packages/airflow/example_dags/example_python_operator.py
[2025-07-04T15:17:00.938+0530] {logging_mixin.py:154} INFO - [2025-07-04T15:17:00.938+0530] {example_python_operator.py:86} WARNING - The virtalenv_python example task requires virtualenv, please install it.
[2025-07-04T15:17:00.946+0530] {processor.py:839} INFO - DAG(s) dict_keys(['example_python_operator']) retrieved from /Users/vaish/databorn_etl_project/retail_etl/etl_pipeline_project/venv/lib/python3.10/site-packages/airflow/example_dags/example_python_operator.py
[2025-07-04T15:17:01.214+0530] {logging_mixin.py:154} INFO - [2025-07-04T15:17:01.213+0530] {dag.py:2941} INFO - Sync 1 DAGs
[2025-07-04T15:17:01.228+0530] {logging_mixin.py:154} INFO - [2025-07-04T15:17:01.228+0530] {dag.py:3722} INFO - Setting next_dagrun for example_python_operator to None, run_after=None
[2025-07-04T15:17:01.257+0530] {processor.py:179} INFO - Processing /Users/vaish/databorn_etl_project/retail_etl/etl_pipeline_project/venv/lib/python3.10/site-packages/airflow/example_dags/example_python_operator.py took 0.383 seconds
[2025-07-04T15:19:10.639+0530] {processor.py:157} INFO - Started process (PID=20843) to work on /Users/vaish/databorn_etl_project/retail_etl/etl_pipeline_project/venv/lib/python3.10/site-packages/airflow/example_dags/example_python_operator.py
[2025-07-04T15:19:10.645+0530] {processor.py:829} INFO - Processing file /Users/vaish/databorn_etl_project/retail_etl/etl_pipeline_project/venv/lib/python3.10/site-packages/airflow/example_dags/example_python_operator.py for tasks to queue
[2025-07-04T15:19:10.647+0530] {logging_mixin.py:154} INFO - [2025-07-04T15:19:10.646+0530] {dagbag.py:536} INFO - Filling up the DagBag from /Users/vaish/databorn_etl_project/retail_etl/etl_pipeline_project/venv/lib/python3.10/site-packages/airflow/example_dags/example_python_operator.py
[2025-07-04T15:19:10.715+0530] {logging_mixin.py:154} INFO - [2025-07-04T15:19:10.715+0530] {example_python_operator.py:86} WARNING - The virtalenv_python example task requires virtualenv, please install it.
[2025-07-04T15:19:10.724+0530] {processor.py:839} INFO - DAG(s) dict_keys(['example_python_operator']) retrieved from /Users/vaish/databorn_etl_project/retail_etl/etl_pipeline_project/venv/lib/python3.10/site-packages/airflow/example_dags/example_python_operator.py
[2025-07-04T15:19:10.956+0530] {logging_mixin.py:154} INFO - [2025-07-04T15:19:10.956+0530] {dag.py:2941} INFO - Sync 1 DAGs
[2025-07-04T15:19:10.968+0530] {logging_mixin.py:154} INFO - [2025-07-04T15:19:10.967+0530] {dag.py:3722} INFO - Setting next_dagrun for example_python_operator to None, run_after=None
[2025-07-04T15:19:10.994+0530] {processor.py:179} INFO - Processing /Users/vaish/databorn_etl_project/retail_etl/etl_pipeline_project/venv/lib/python3.10/site-packages/airflow/example_dags/example_python_operator.py took 0.356 seconds
