[2025-07-04T15:04:59.135+0530] {processor.py:157} INFO - Started process (PID=19094) to work on /Users/vaish/databorn_etl_project/retail_etl/etl_pipeline_project/venv/lib/python3.10/site-packages/airflow/example_dags/example_short_circuit_decorator.py
[2025-07-04T15:04:59.136+0530] {processor.py:829} INFO - Processing file /Users/vaish/databorn_etl_project/retail_etl/etl_pipeline_project/venv/lib/python3.10/site-packages/airflow/example_dags/example_short_circuit_decorator.py for tasks to queue
[2025-07-04T15:04:59.137+0530] {logging_mixin.py:154} INFO - [2025-07-04T15:04:59.137+0530] {dagbag.py:536} INFO - Filling up the DagBag from /Users/vaish/databorn_etl_project/retail_etl/etl_pipeline_project/venv/lib/python3.10/site-packages/airflow/example_dags/example_short_circuit_decorator.py
[2025-07-04T15:04:59.195+0530] {processor.py:839} INFO - DAG(s) dict_keys(['example_short_circuit_decorator']) retrieved from /Users/vaish/databorn_etl_project/retail_etl/etl_pipeline_project/venv/lib/python3.10/site-packages/airflow/example_dags/example_short_circuit_decorator.py
[2025-07-04T15:04:59.921+0530] {logging_mixin.py:154} INFO - [2025-07-04T15:04:59.921+0530] {manager.py:499} INFO - Created Permission View: %s
[2025-07-04T15:04:59.932+0530] {logging_mixin.py:154} INFO - [2025-07-04T15:04:59.931+0530] {manager.py:499} INFO - Created Permission View: %s
[2025-07-04T15:04:59.939+0530] {logging_mixin.py:154} INFO - [2025-07-04T15:04:59.939+0530] {manager.py:499} INFO - Created Permission View: %s
[2025-07-04T15:04:59.940+0530] {logging_mixin.py:154} INFO - [2025-07-04T15:04:59.939+0530] {dag.py:2941} INFO - Sync 1 DAGs
[2025-07-04T15:04:59.952+0530] {logging_mixin.py:154} INFO - [2025-07-04T15:04:59.951+0530] {dag.py:2963} INFO - Creating ORM DAG for example_short_circuit_decorator
[2025-07-04T15:04:59.961+0530] {logging_mixin.py:154} INFO - [2025-07-04T15:04:59.961+0530] {dag.py:3722} INFO - Setting next_dagrun for example_short_circuit_decorator to 2025-07-03T09:34:59.961284+00:00, run_after=2025-07-04T09:34:59.961284+00:00
[2025-07-04T15:04:59.981+0530] {processor.py:179} INFO - Processing /Users/vaish/databorn_etl_project/retail_etl/etl_pipeline_project/venv/lib/python3.10/site-packages/airflow/example_dags/example_short_circuit_decorator.py took 0.847 seconds
[2025-07-04T15:16:45.818+0530] {processor.py:157} INFO - Started process (PID=20444) to work on /Users/vaish/databorn_etl_project/retail_etl/etl_pipeline_project/venv/lib/python3.10/site-packages/airflow/example_dags/example_short_circuit_decorator.py
[2025-07-04T15:16:45.825+0530] {processor.py:829} INFO - Processing file /Users/vaish/databorn_etl_project/retail_etl/etl_pipeline_project/venv/lib/python3.10/site-packages/airflow/example_dags/example_short_circuit_decorator.py for tasks to queue
[2025-07-04T15:16:45.826+0530] {logging_mixin.py:154} INFO - [2025-07-04T15:16:45.826+0530] {dagbag.py:536} INFO - Filling up the DagBag from /Users/vaish/databorn_etl_project/retail_etl/etl_pipeline_project/venv/lib/python3.10/site-packages/airflow/example_dags/example_short_circuit_decorator.py
[2025-07-04T15:16:45.893+0530] {processor.py:839} INFO - DAG(s) dict_keys(['example_short_circuit_decorator']) retrieved from /Users/vaish/databorn_etl_project/retail_etl/etl_pipeline_project/venv/lib/python3.10/site-packages/airflow/example_dags/example_short_circuit_decorator.py
[2025-07-04T15:16:46.127+0530] {logging_mixin.py:154} INFO - [2025-07-04T15:16:46.127+0530] {dag.py:2941} INFO - Sync 1 DAGs
[2025-07-04T15:16:46.149+0530] {logging_mixin.py:154} INFO - [2025-07-04T15:16:46.149+0530] {dag.py:3722} INFO - Setting next_dagrun for example_short_circuit_decorator to 2025-07-03T09:46:46.149062+00:00, run_after=2025-07-04T09:46:46.149062+00:00
[2025-07-04T15:16:46.179+0530] {processor.py:179} INFO - Processing /Users/vaish/databorn_etl_project/retail_etl/etl_pipeline_project/venv/lib/python3.10/site-packages/airflow/example_dags/example_short_circuit_decorator.py took 0.363 seconds
[2025-07-04T15:18:56.640+0530] {processor.py:157} INFO - Started process (PID=20799) to work on /Users/vaish/databorn_etl_project/retail_etl/etl_pipeline_project/venv/lib/python3.10/site-packages/airflow/example_dags/example_short_circuit_decorator.py
[2025-07-04T15:18:56.641+0530] {processor.py:829} INFO - Processing file /Users/vaish/databorn_etl_project/retail_etl/etl_pipeline_project/venv/lib/python3.10/site-packages/airflow/example_dags/example_short_circuit_decorator.py for tasks to queue
[2025-07-04T15:18:56.642+0530] {logging_mixin.py:154} INFO - [2025-07-04T15:18:56.642+0530] {dagbag.py:536} INFO - Filling up the DagBag from /Users/vaish/databorn_etl_project/retail_etl/etl_pipeline_project/venv/lib/python3.10/site-packages/airflow/example_dags/example_short_circuit_decorator.py
[2025-07-04T15:18:56.702+0530] {processor.py:839} INFO - DAG(s) dict_keys(['example_short_circuit_decorator']) retrieved from /Users/vaish/databorn_etl_project/retail_etl/etl_pipeline_project/venv/lib/python3.10/site-packages/airflow/example_dags/example_short_circuit_decorator.py
[2025-07-04T15:18:56.910+0530] {logging_mixin.py:154} INFO - [2025-07-04T15:18:56.909+0530] {dag.py:2941} INFO - Sync 1 DAGs
[2025-07-04T15:18:56.928+0530] {logging_mixin.py:154} INFO - [2025-07-04T15:18:56.928+0530] {dag.py:3722} INFO - Setting next_dagrun for example_short_circuit_decorator to 2025-07-03T09:48:56.928339+00:00, run_after=2025-07-04T09:48:56.928339+00:00
[2025-07-04T15:18:56.952+0530] {processor.py:179} INFO - Processing /Users/vaish/databorn_etl_project/retail_etl/etl_pipeline_project/venv/lib/python3.10/site-packages/airflow/example_dags/example_short_circuit_decorator.py took 0.313 seconds
[2025-07-04T15:20:36.233+0530] {processor.py:157} INFO - Started process (PID=21092) to work on /Users/vaish/databorn_etl_project/retail_etl/etl_pipeline_project/venv/lib/python3.10/site-packages/airflow/example_dags/example_short_circuit_decorator.py
[2025-07-04T15:20:36.234+0530] {processor.py:829} INFO - Processing file /Users/vaish/databorn_etl_project/retail_etl/etl_pipeline_project/venv/lib/python3.10/site-packages/airflow/example_dags/example_short_circuit_decorator.py for tasks to queue
[2025-07-04T15:20:36.235+0530] {logging_mixin.py:154} INFO - [2025-07-04T15:20:36.234+0530] {dagbag.py:536} INFO - Filling up the DagBag from /Users/vaish/databorn_etl_project/retail_etl/etl_pipeline_project/venv/lib/python3.10/site-packages/airflow/example_dags/example_short_circuit_decorator.py
[2025-07-04T15:20:36.303+0530] {processor.py:839} INFO - DAG(s) dict_keys(['example_short_circuit_decorator']) retrieved from /Users/vaish/databorn_etl_project/retail_etl/etl_pipeline_project/venv/lib/python3.10/site-packages/airflow/example_dags/example_short_circuit_decorator.py
[2025-07-04T15:20:36.551+0530] {logging_mixin.py:154} INFO - [2025-07-04T15:20:36.551+0530] {dag.py:2941} INFO - Sync 1 DAGs
[2025-07-04T15:20:36.578+0530] {logging_mixin.py:154} INFO - [2025-07-04T15:20:36.578+0530] {dag.py:3722} INFO - Setting next_dagrun for example_short_circuit_decorator to 2025-07-03T09:50:36.577837+00:00, run_after=2025-07-04T09:50:36.577837+00:00
[2025-07-04T15:20:36.619+0530] {processor.py:179} INFO - Processing /Users/vaish/databorn_etl_project/retail_etl/etl_pipeline_project/venv/lib/python3.10/site-packages/airflow/example_dags/example_short_circuit_decorator.py took 0.388 seconds
