[2025-07-04T15:04:31.682+0530] {processor.py:157} INFO - Started process (PID=19028) to work on /Users/vaish/databorn_etl_project/retail_etl/etl_pipeline_project/venv/lib/python3.10/site-packages/airflow/example_dags/example_trigger_controller_dag.py
[2025-07-04T15:04:31.683+0530] {processor.py:829} INFO - Processing file /Users/vaish/databorn_etl_project/retail_etl/etl_pipeline_project/venv/lib/python3.10/site-packages/airflow/example_dags/example_trigger_controller_dag.py for tasks to queue
[2025-07-04T15:04:31.684+0530] {logging_mixin.py:154} INFO - [2025-07-04T15:04:31.684+0530] {dagbag.py:536} INFO - Filling up the DagBag from /Users/vaish/databorn_etl_project/retail_etl/etl_pipeline_project/venv/lib/python3.10/site-packages/airflow/example_dags/example_trigger_controller_dag.py
[2025-07-04T15:04:31.714+0530] {processor.py:839} INFO - DAG(s) dict_keys(['example_trigger_controller_dag']) retrieved from /Users/vaish/databorn_etl_project/retail_etl/etl_pipeline_project/venv/lib/python3.10/site-packages/airflow/example_dags/example_trigger_controller_dag.py
[2025-07-04T15:04:32.446+0530] {logging_mixin.py:154} INFO - [2025-07-04T15:04:32.445+0530] {manager.py:499} INFO - Created Permission View: %s
[2025-07-04T15:04:32.456+0530] {logging_mixin.py:154} INFO - [2025-07-04T15:04:32.456+0530] {manager.py:499} INFO - Created Permission View: %s
[2025-07-04T15:04:32.464+0530] {logging_mixin.py:154} INFO - [2025-07-04T15:04:32.463+0530] {manager.py:499} INFO - Created Permission View: %s
[2025-07-04T15:04:32.464+0530] {logging_mixin.py:154} INFO - [2025-07-04T15:04:32.464+0530] {dag.py:2941} INFO - Sync 1 DAGs
[2025-07-04T15:04:32.476+0530] {logging_mixin.py:154} INFO - [2025-07-04T15:04:32.475+0530] {dag.py:2963} INFO - Creating ORM DAG for example_trigger_controller_dag
[2025-07-04T15:04:32.484+0530] {logging_mixin.py:154} INFO - [2025-07-04T15:04:32.484+0530] {dag.py:3722} INFO - Setting next_dagrun for example_trigger_controller_dag to 2021-01-01T00:00:00+00:00, run_after=2021-01-01T00:00:00+00:00
[2025-07-04T15:04:32.505+0530] {processor.py:179} INFO - Processing /Users/vaish/databorn_etl_project/retail_etl/etl_pipeline_project/venv/lib/python3.10/site-packages/airflow/example_dags/example_trigger_controller_dag.py took 0.824 seconds
[2025-07-04T15:07:04.530+0530] {processor.py:157} INFO - Started process (PID=19350) to work on /Users/vaish/databorn_etl_project/retail_etl/etl_pipeline_project/venv/lib/python3.10/site-packages/airflow/example_dags/example_trigger_controller_dag.py
[2025-07-04T15:07:04.531+0530] {processor.py:829} INFO - Processing file /Users/vaish/databorn_etl_project/retail_etl/etl_pipeline_project/venv/lib/python3.10/site-packages/airflow/example_dags/example_trigger_controller_dag.py for tasks to queue
[2025-07-04T15:07:04.532+0530] {logging_mixin.py:154} INFO - [2025-07-04T15:07:04.532+0530] {dagbag.py:536} INFO - Filling up the DagBag from /Users/vaish/databorn_etl_project/retail_etl/etl_pipeline_project/venv/lib/python3.10/site-packages/airflow/example_dags/example_trigger_controller_dag.py
[2025-07-04T15:07:04.561+0530] {processor.py:839} INFO - DAG(s) dict_keys(['example_trigger_controller_dag']) retrieved from /Users/vaish/databorn_etl_project/retail_etl/etl_pipeline_project/venv/lib/python3.10/site-packages/airflow/example_dags/example_trigger_controller_dag.py
[2025-07-04T15:07:04.764+0530] {logging_mixin.py:154} INFO - [2025-07-04T15:07:04.764+0530] {dag.py:2941} INFO - Sync 1 DAGs
[2025-07-04T15:07:04.784+0530] {logging_mixin.py:154} INFO - [2025-07-04T15:07:04.784+0530] {dag.py:3722} INFO - Setting next_dagrun for example_trigger_controller_dag to 2021-01-01T00:00:00+00:00, run_after=2021-01-01T00:00:00+00:00
[2025-07-04T15:07:04.806+0530] {processor.py:179} INFO - Processing /Users/vaish/databorn_etl_project/retail_etl/etl_pipeline_project/venv/lib/python3.10/site-packages/airflow/example_dags/example_trigger_controller_dag.py took 0.277 seconds
[2025-07-04T15:16:20.868+0530] {processor.py:157} INFO - Started process (PID=20386) to work on /Users/vaish/databorn_etl_project/retail_etl/etl_pipeline_project/venv/lib/python3.10/site-packages/airflow/example_dags/example_trigger_controller_dag.py
[2025-07-04T15:16:20.869+0530] {processor.py:829} INFO - Processing file /Users/vaish/databorn_etl_project/retail_etl/etl_pipeline_project/venv/lib/python3.10/site-packages/airflow/example_dags/example_trigger_controller_dag.py for tasks to queue
[2025-07-04T15:16:20.870+0530] {logging_mixin.py:154} INFO - [2025-07-04T15:16:20.870+0530] {dagbag.py:536} INFO - Filling up the DagBag from /Users/vaish/databorn_etl_project/retail_etl/etl_pipeline_project/venv/lib/python3.10/site-packages/airflow/example_dags/example_trigger_controller_dag.py
[2025-07-04T15:16:20.903+0530] {processor.py:839} INFO - DAG(s) dict_keys(['example_trigger_controller_dag']) retrieved from /Users/vaish/databorn_etl_project/retail_etl/etl_pipeline_project/venv/lib/python3.10/site-packages/airflow/example_dags/example_trigger_controller_dag.py
[2025-07-04T15:16:21.123+0530] {logging_mixin.py:154} INFO - [2025-07-04T15:16:21.123+0530] {dag.py:2941} INFO - Sync 1 DAGs
[2025-07-04T15:16:21.144+0530] {logging_mixin.py:154} INFO - [2025-07-04T15:16:21.144+0530] {dag.py:3722} INFO - Setting next_dagrun for example_trigger_controller_dag to 2021-01-01T00:00:00+00:00, run_after=2021-01-01T00:00:00+00:00
[2025-07-04T15:16:21.173+0530] {processor.py:179} INFO - Processing /Users/vaish/databorn_etl_project/retail_etl/etl_pipeline_project/venv/lib/python3.10/site-packages/airflow/example_dags/example_trigger_controller_dag.py took 0.306 seconds
[2025-07-04T15:18:33.701+0530] {processor.py:157} INFO - Started process (PID=20742) to work on /Users/vaish/databorn_etl_project/retail_etl/etl_pipeline_project/venv/lib/python3.10/site-packages/airflow/example_dags/example_trigger_controller_dag.py
[2025-07-04T15:18:33.702+0530] {processor.py:829} INFO - Processing file /Users/vaish/databorn_etl_project/retail_etl/etl_pipeline_project/venv/lib/python3.10/site-packages/airflow/example_dags/example_trigger_controller_dag.py for tasks to queue
[2025-07-04T15:18:33.703+0530] {logging_mixin.py:154} INFO - [2025-07-04T15:18:33.703+0530] {dagbag.py:536} INFO - Filling up the DagBag from /Users/vaish/databorn_etl_project/retail_etl/etl_pipeline_project/venv/lib/python3.10/site-packages/airflow/example_dags/example_trigger_controller_dag.py
[2025-07-04T15:18:33.733+0530] {processor.py:839} INFO - DAG(s) dict_keys(['example_trigger_controller_dag']) retrieved from /Users/vaish/databorn_etl_project/retail_etl/etl_pipeline_project/venv/lib/python3.10/site-packages/airflow/example_dags/example_trigger_controller_dag.py
[2025-07-04T15:18:33.937+0530] {logging_mixin.py:154} INFO - [2025-07-04T15:18:33.936+0530] {dag.py:2941} INFO - Sync 1 DAGs
[2025-07-04T15:18:33.956+0530] {logging_mixin.py:154} INFO - [2025-07-04T15:18:33.956+0530] {dag.py:3722} INFO - Setting next_dagrun for example_trigger_controller_dag to 2021-01-01T00:00:00+00:00, run_after=2021-01-01T00:00:00+00:00
[2025-07-04T15:18:33.977+0530] {processor.py:179} INFO - Processing /Users/vaish/databorn_etl_project/retail_etl/etl_pipeline_project/venv/lib/python3.10/site-packages/airflow/example_dags/example_trigger_controller_dag.py took 0.277 seconds
[2025-07-04T15:20:12.825+0530] {processor.py:157} INFO - Started process (PID=21039) to work on /Users/vaish/databorn_etl_project/retail_etl/etl_pipeline_project/venv/lib/python3.10/site-packages/airflow/example_dags/example_trigger_controller_dag.py
[2025-07-04T15:20:12.826+0530] {processor.py:829} INFO - Processing file /Users/vaish/databorn_etl_project/retail_etl/etl_pipeline_project/venv/lib/python3.10/site-packages/airflow/example_dags/example_trigger_controller_dag.py for tasks to queue
[2025-07-04T15:20:12.827+0530] {logging_mixin.py:154} INFO - [2025-07-04T15:20:12.827+0530] {dagbag.py:536} INFO - Filling up the DagBag from /Users/vaish/databorn_etl_project/retail_etl/etl_pipeline_project/venv/lib/python3.10/site-packages/airflow/example_dags/example_trigger_controller_dag.py
[2025-07-04T15:20:12.862+0530] {processor.py:839} INFO - DAG(s) dict_keys(['example_trigger_controller_dag']) retrieved from /Users/vaish/databorn_etl_project/retail_etl/etl_pipeline_project/venv/lib/python3.10/site-packages/airflow/example_dags/example_trigger_controller_dag.py
[2025-07-04T15:20:13.076+0530] {logging_mixin.py:154} INFO - [2025-07-04T15:20:13.076+0530] {dag.py:2941} INFO - Sync 1 DAGs
[2025-07-04T15:20:13.100+0530] {logging_mixin.py:154} INFO - [2025-07-04T15:20:13.100+0530] {dag.py:3722} INFO - Setting next_dagrun for example_trigger_controller_dag to 2021-01-01T00:00:00+00:00, run_after=2021-01-01T00:00:00+00:00
[2025-07-04T15:20:13.128+0530] {processor.py:179} INFO - Processing /Users/vaish/databorn_etl_project/retail_etl/etl_pipeline_project/venv/lib/python3.10/site-packages/airflow/example_dags/example_trigger_controller_dag.py took 0.304 seconds
[2025-07-04T15:21:53.278+0530] {processor.py:157} INFO - Started process (PID=21310) to work on /Users/vaish/databorn_etl_project/retail_etl/etl_pipeline_project/venv/lib/python3.10/site-packages/airflow/example_dags/example_trigger_controller_dag.py
[2025-07-04T15:21:53.281+0530] {processor.py:829} INFO - Processing file /Users/vaish/databorn_etl_project/retail_etl/etl_pipeline_project/venv/lib/python3.10/site-packages/airflow/example_dags/example_trigger_controller_dag.py for tasks to queue
[2025-07-04T15:21:53.282+0530] {logging_mixin.py:154} INFO - [2025-07-04T15:21:53.281+0530] {dagbag.py:536} INFO - Filling up the DagBag from /Users/vaish/databorn_etl_project/retail_etl/etl_pipeline_project/venv/lib/python3.10/site-packages/airflow/example_dags/example_trigger_controller_dag.py
[2025-07-04T15:21:53.314+0530] {processor.py:839} INFO - DAG(s) dict_keys(['example_trigger_controller_dag']) retrieved from /Users/vaish/databorn_etl_project/retail_etl/etl_pipeline_project/venv/lib/python3.10/site-packages/airflow/example_dags/example_trigger_controller_dag.py
[2025-07-04T15:21:53.547+0530] {logging_mixin.py:154} INFO - [2025-07-04T15:21:53.546+0530] {dag.py:2941} INFO - Sync 1 DAGs
[2025-07-04T15:21:53.569+0530] {logging_mixin.py:154} INFO - [2025-07-04T15:21:53.569+0530] {dag.py:3722} INFO - Setting next_dagrun for example_trigger_controller_dag to 2021-01-01T00:00:00+00:00, run_after=2021-01-01T00:00:00+00:00
[2025-07-04T15:21:53.594+0530] {processor.py:179} INFO - Processing /Users/vaish/databorn_etl_project/retail_etl/etl_pipeline_project/venv/lib/python3.10/site-packages/airflow/example_dags/example_trigger_controller_dag.py took 0.318 seconds
