[2025-07-04T15:05:37.512+0530] {processor.py:157} INFO - Started process (PID=19172) to work on /Users/vaish/databorn_etl_project/retail_etl/etl_pipeline_project/venv/lib/python3.10/site-packages/airflow/example_dags/example_latest_only_with_trigger.py
[2025-07-04T15:05:37.513+0530] {processor.py:829} INFO - Processing file /Users/vaish/databorn_etl_project/retail_etl/etl_pipeline_project/venv/lib/python3.10/site-packages/airflow/example_dags/example_latest_only_with_trigger.py for tasks to queue
[2025-07-04T15:05:37.514+0530] {logging_mixin.py:154} INFO - [2025-07-04T15:05:37.514+0530] {dagbag.py:536} INFO - Filling up the DagBag from /Users/vaish/databorn_etl_project/retail_etl/etl_pipeline_project/venv/lib/python3.10/site-packages/airflow/example_dags/example_latest_only_with_trigger.py
[2025-07-04T15:05:37.547+0530] {processor.py:839} INFO - DAG(s) dict_keys(['latest_only_with_trigger']) retrieved from /Users/vaish/databorn_etl_project/retail_etl/etl_pipeline_project/venv/lib/python3.10/site-packages/airflow/example_dags/example_latest_only_with_trigger.py
[2025-07-04T15:05:38.283+0530] {logging_mixin.py:154} INFO - [2025-07-04T15:05:38.282+0530] {manager.py:499} INFO - Created Permission View: %s
[2025-07-04T15:05:38.297+0530] {logging_mixin.py:154} INFO - [2025-07-04T15:05:38.297+0530] {manager.py:499} INFO - Created Permission View: %s
[2025-07-04T15:05:38.304+0530] {logging_mixin.py:154} INFO - [2025-07-04T15:05:38.304+0530] {manager.py:499} INFO - Created Permission View: %s
[2025-07-04T15:05:38.305+0530] {logging_mixin.py:154} INFO - [2025-07-04T15:05:38.304+0530] {dag.py:2941} INFO - Sync 1 DAGs
[2025-07-04T15:05:38.316+0530] {logging_mixin.py:154} INFO - [2025-07-04T15:05:38.316+0530] {dag.py:2963} INFO - Creating ORM DAG for latest_only_with_trigger
[2025-07-04T15:05:38.328+0530] {logging_mixin.py:154} INFO - [2025-07-04T15:05:38.327+0530] {dag.py:3722} INFO - Setting next_dagrun for latest_only_with_trigger to 2025-07-04T05:35:38.327732+00:00, run_after=2025-07-04T09:35:38.327732+00:00
[2025-07-04T15:05:38.350+0530] {processor.py:179} INFO - Processing /Users/vaish/databorn_etl_project/retail_etl/etl_pipeline_project/venv/lib/python3.10/site-packages/airflow/example_dags/example_latest_only_with_trigger.py took 0.839 seconds
[2025-07-04T15:17:17.828+0530] {processor.py:157} INFO - Started process (PID=20521) to work on /Users/vaish/databorn_etl_project/retail_etl/etl_pipeline_project/venv/lib/python3.10/site-packages/airflow/example_dags/example_latest_only_with_trigger.py
[2025-07-04T15:17:17.829+0530] {processor.py:829} INFO - Processing file /Users/vaish/databorn_etl_project/retail_etl/etl_pipeline_project/venv/lib/python3.10/site-packages/airflow/example_dags/example_latest_only_with_trigger.py for tasks to queue
[2025-07-04T15:17:17.830+0530] {logging_mixin.py:154} INFO - [2025-07-04T15:17:17.830+0530] {dagbag.py:536} INFO - Filling up the DagBag from /Users/vaish/databorn_etl_project/retail_etl/etl_pipeline_project/venv/lib/python3.10/site-packages/airflow/example_dags/example_latest_only_with_trigger.py
[2025-07-04T15:17:17.857+0530] {processor.py:839} INFO - DAG(s) dict_keys(['latest_only_with_trigger']) retrieved from /Users/vaish/databorn_etl_project/retail_etl/etl_pipeline_project/venv/lib/python3.10/site-packages/airflow/example_dags/example_latest_only_with_trigger.py
[2025-07-04T15:17:18.086+0530] {logging_mixin.py:154} INFO - [2025-07-04T15:17:18.086+0530] {dag.py:2941} INFO - Sync 1 DAGs
[2025-07-04T15:17:18.108+0530] {logging_mixin.py:154} INFO - [2025-07-04T15:17:18.108+0530] {dag.py:3722} INFO - Setting next_dagrun for latest_only_with_trigger to 2025-07-04T05:47:18.108258+00:00, run_after=2025-07-04T09:47:18.108258+00:00
[2025-07-04T15:17:18.139+0530] {processor.py:179} INFO - Processing /Users/vaish/databorn_etl_project/retail_etl/etl_pipeline_project/venv/lib/python3.10/site-packages/airflow/example_dags/example_latest_only_with_trigger.py took 0.312 seconds
[2025-07-04T15:19:28.415+0530] {processor.py:157} INFO - Started process (PID=20896) to work on /Users/vaish/databorn_etl_project/retail_etl/etl_pipeline_project/venv/lib/python3.10/site-packages/airflow/example_dags/example_latest_only_with_trigger.py
[2025-07-04T15:19:28.422+0530] {processor.py:829} INFO - Processing file /Users/vaish/databorn_etl_project/retail_etl/etl_pipeline_project/venv/lib/python3.10/site-packages/airflow/example_dags/example_latest_only_with_trigger.py for tasks to queue
[2025-07-04T15:19:28.423+0530] {logging_mixin.py:154} INFO - [2025-07-04T15:19:28.423+0530] {dagbag.py:536} INFO - Filling up the DagBag from /Users/vaish/databorn_etl_project/retail_etl/etl_pipeline_project/venv/lib/python3.10/site-packages/airflow/example_dags/example_latest_only_with_trigger.py
[2025-07-04T15:19:28.453+0530] {processor.py:839} INFO - DAG(s) dict_keys(['latest_only_with_trigger']) retrieved from /Users/vaish/databorn_etl_project/retail_etl/etl_pipeline_project/venv/lib/python3.10/site-packages/airflow/example_dags/example_latest_only_with_trigger.py
[2025-07-04T15:19:28.672+0530] {logging_mixin.py:154} INFO - [2025-07-04T15:19:28.671+0530] {dag.py:2941} INFO - Sync 1 DAGs
[2025-07-04T15:19:28.690+0530] {logging_mixin.py:154} INFO - [2025-07-04T15:19:28.690+0530] {dag.py:3722} INFO - Setting next_dagrun for latest_only_with_trigger to 2025-07-04T05:49:28.690525+00:00, run_after=2025-07-04T09:49:28.690525+00:00
[2025-07-04T15:19:28.717+0530] {processor.py:179} INFO - Processing /Users/vaish/databorn_etl_project/retail_etl/etl_pipeline_project/venv/lib/python3.10/site-packages/airflow/example_dags/example_latest_only_with_trigger.py took 0.303 seconds
