[2025-07-04T15:04:55.924+0530] {processor.py:157} INFO - Started process (PID=19090) to work on /Users/vaish/databorn_etl_project/retail_etl/etl_pipeline_project/venv/lib/python3.10/site-packages/airflow/example_dags/example_short_circuit_operator.py
[2025-07-04T15:04:55.925+0530] {processor.py:829} INFO - Processing file /Users/vaish/databorn_etl_project/retail_etl/etl_pipeline_project/venv/lib/python3.10/site-packages/airflow/example_dags/example_short_circuit_operator.py for tasks to queue
[2025-07-04T15:04:55.926+0530] {logging_mixin.py:154} INFO - [2025-07-04T15:04:55.926+0530] {dagbag.py:536} INFO - Filling up the DagBag from /Users/vaish/databorn_etl_project/retail_etl/etl_pipeline_project/venv/lib/python3.10/site-packages/airflow/example_dags/example_short_circuit_operator.py
[2025-07-04T15:04:55.975+0530] {processor.py:839} INFO - DAG(s) dict_keys(['example_short_circuit_operator']) retrieved from /Users/vaish/databorn_etl_project/retail_etl/etl_pipeline_project/venv/lib/python3.10/site-packages/airflow/example_dags/example_short_circuit_operator.py
[2025-07-04T15:04:56.821+0530] {logging_mixin.py:154} INFO - [2025-07-04T15:04:56.821+0530] {manager.py:499} INFO - Created Permission View: %s
[2025-07-04T15:04:56.832+0530] {logging_mixin.py:154} INFO - [2025-07-04T15:04:56.832+0530] {manager.py:499} INFO - Created Permission View: %s
[2025-07-04T15:04:56.840+0530] {logging_mixin.py:154} INFO - [2025-07-04T15:04:56.839+0530] {manager.py:499} INFO - Created Permission View: %s
[2025-07-04T15:04:56.840+0530] {logging_mixin.py:154} INFO - [2025-07-04T15:04:56.840+0530] {dag.py:2941} INFO - Sync 1 DAGs
[2025-07-04T15:04:56.853+0530] {logging_mixin.py:154} INFO - [2025-07-04T15:04:56.853+0530] {dag.py:2963} INFO - Creating ORM DAG for example_short_circuit_operator
[2025-07-04T15:04:56.861+0530] {logging_mixin.py:154} INFO - [2025-07-04T15:04:56.861+0530] {dag.py:3722} INFO - Setting next_dagrun for example_short_circuit_operator to 2025-07-03T09:34:56.861480+00:00, run_after=2025-07-04T09:34:56.861480+00:00
[2025-07-04T15:04:56.881+0530] {processor.py:179} INFO - Processing /Users/vaish/databorn_etl_project/retail_etl/etl_pipeline_project/venv/lib/python3.10/site-packages/airflow/example_dags/example_short_circuit_operator.py took 0.958 seconds
[2025-07-04T15:16:42.676+0530] {processor.py:157} INFO - Started process (PID=20439) to work on /Users/vaish/databorn_etl_project/retail_etl/etl_pipeline_project/venv/lib/python3.10/site-packages/airflow/example_dags/example_short_circuit_operator.py
[2025-07-04T15:16:42.683+0530] {processor.py:829} INFO - Processing file /Users/vaish/databorn_etl_project/retail_etl/etl_pipeline_project/venv/lib/python3.10/site-packages/airflow/example_dags/example_short_circuit_operator.py for tasks to queue
[2025-07-04T15:16:42.684+0530] {logging_mixin.py:154} INFO - [2025-07-04T15:16:42.684+0530] {dagbag.py:536} INFO - Filling up the DagBag from /Users/vaish/databorn_etl_project/retail_etl/etl_pipeline_project/venv/lib/python3.10/site-packages/airflow/example_dags/example_short_circuit_operator.py
[2025-07-04T15:16:42.729+0530] {processor.py:839} INFO - DAG(s) dict_keys(['example_short_circuit_operator']) retrieved from /Users/vaish/databorn_etl_project/retail_etl/etl_pipeline_project/venv/lib/python3.10/site-packages/airflow/example_dags/example_short_circuit_operator.py
[2025-07-04T15:16:42.952+0530] {logging_mixin.py:154} INFO - [2025-07-04T15:16:42.952+0530] {dag.py:2941} INFO - Sync 1 DAGs
[2025-07-04T15:16:42.972+0530] {logging_mixin.py:154} INFO - [2025-07-04T15:16:42.971+0530] {dag.py:3722} INFO - Setting next_dagrun for example_short_circuit_operator to 2025-07-03T09:46:42.971665+00:00, run_after=2025-07-04T09:46:42.971665+00:00
[2025-07-04T15:16:42.999+0530] {processor.py:179} INFO - Processing /Users/vaish/databorn_etl_project/retail_etl/etl_pipeline_project/venv/lib/python3.10/site-packages/airflow/example_dags/example_short_circuit_operator.py took 0.324 seconds
[2025-07-04T15:18:53.584+0530] {processor.py:157} INFO - Started process (PID=20795) to work on /Users/vaish/databorn_etl_project/retail_etl/etl_pipeline_project/venv/lib/python3.10/site-packages/airflow/example_dags/example_short_circuit_operator.py
[2025-07-04T15:18:53.585+0530] {processor.py:829} INFO - Processing file /Users/vaish/databorn_etl_project/retail_etl/etl_pipeline_project/venv/lib/python3.10/site-packages/airflow/example_dags/example_short_circuit_operator.py for tasks to queue
[2025-07-04T15:18:53.586+0530] {logging_mixin.py:154} INFO - [2025-07-04T15:18:53.586+0530] {dagbag.py:536} INFO - Filling up the DagBag from /Users/vaish/databorn_etl_project/retail_etl/etl_pipeline_project/venv/lib/python3.10/site-packages/airflow/example_dags/example_short_circuit_operator.py
[2025-07-04T15:18:53.631+0530] {processor.py:839} INFO - DAG(s) dict_keys(['example_short_circuit_operator']) retrieved from /Users/vaish/databorn_etl_project/retail_etl/etl_pipeline_project/venv/lib/python3.10/site-packages/airflow/example_dags/example_short_circuit_operator.py
[2025-07-04T15:18:53.875+0530] {logging_mixin.py:154} INFO - [2025-07-04T15:18:53.875+0530] {dag.py:2941} INFO - Sync 1 DAGs
[2025-07-04T15:18:53.896+0530] {logging_mixin.py:154} INFO - [2025-07-04T15:18:53.895+0530] {dag.py:3722} INFO - Setting next_dagrun for example_short_circuit_operator to 2025-07-03T09:48:53.895639+00:00, run_after=2025-07-04T09:48:53.895639+00:00
[2025-07-04T15:18:53.920+0530] {processor.py:179} INFO - Processing /Users/vaish/databorn_etl_project/retail_etl/etl_pipeline_project/venv/lib/python3.10/site-packages/airflow/example_dags/example_short_circuit_operator.py took 0.338 seconds
[2025-07-04T15:20:33.997+0530] {processor.py:157} INFO - Started process (PID=21089) to work on /Users/vaish/databorn_etl_project/retail_etl/etl_pipeline_project/venv/lib/python3.10/site-packages/airflow/example_dags/example_short_circuit_operator.py
[2025-07-04T15:20:33.998+0530] {processor.py:829} INFO - Processing file /Users/vaish/databorn_etl_project/retail_etl/etl_pipeline_project/venv/lib/python3.10/site-packages/airflow/example_dags/example_short_circuit_operator.py for tasks to queue
[2025-07-04T15:20:33.999+0530] {logging_mixin.py:154} INFO - [2025-07-04T15:20:33.999+0530] {dagbag.py:536} INFO - Filling up the DagBag from /Users/vaish/databorn_etl_project/retail_etl/etl_pipeline_project/venv/lib/python3.10/site-packages/airflow/example_dags/example_short_circuit_operator.py
[2025-07-04T15:20:34.048+0530] {processor.py:839} INFO - DAG(s) dict_keys(['example_short_circuit_operator']) retrieved from /Users/vaish/databorn_etl_project/retail_etl/etl_pipeline_project/venv/lib/python3.10/site-packages/airflow/example_dags/example_short_circuit_operator.py
[2025-07-04T15:20:34.287+0530] {logging_mixin.py:154} INFO - [2025-07-04T15:20:34.286+0530] {dag.py:2941} INFO - Sync 1 DAGs
[2025-07-04T15:20:34.307+0530] {logging_mixin.py:154} INFO - [2025-07-04T15:20:34.307+0530] {dag.py:3722} INFO - Setting next_dagrun for example_short_circuit_operator to 2025-07-03T09:50:34.307332+00:00, run_after=2025-07-04T09:50:34.307332+00:00
[2025-07-04T15:20:34.335+0530] {processor.py:179} INFO - Processing /Users/vaish/databorn_etl_project/retail_etl/etl_pipeline_project/venv/lib/python3.10/site-packages/airflow/example_dags/example_short_circuit_operator.py took 0.339 seconds
