[2025-07-04T15:06:01.153+0530] {processor.py:157} INFO - Started process (PID=19218) to work on /Users/vaish/databorn_etl_project/retail_etl/etl_pipeline_project/venv/lib/python3.10/site-packages/airflow/example_dags/example_dag_decorator.py
[2025-07-04T15:06:01.154+0530] {processor.py:829} INFO - Processing file /Users/vaish/databorn_etl_project/retail_etl/etl_pipeline_project/venv/lib/python3.10/site-packages/airflow/example_dags/example_dag_decorator.py for tasks to queue
[2025-07-04T15:06:01.155+0530] {logging_mixin.py:154} INFO - [2025-07-04T15:06:01.155+0530] {dagbag.py:536} INFO - Filling up the DagBag from /Users/vaish/databorn_etl_project/retail_etl/etl_pipeline_project/venv/lib/python3.10/site-packages/airflow/example_dags/example_dag_decorator.py
[2025-07-04T15:06:01.381+0530] {processor.py:839} INFO - DAG(s) dict_keys(['example_dag_decorator']) retrieved from /Users/vaish/databorn_etl_project/retail_etl/etl_pipeline_project/venv/lib/python3.10/site-packages/airflow/example_dags/example_dag_decorator.py
[2025-07-04T15:06:02.040+0530] {logging_mixin.py:154} INFO - [2025-07-04T15:06:02.040+0530] {manager.py:499} INFO - Created Permission View: %s
[2025-07-04T15:06:02.051+0530] {logging_mixin.py:154} INFO - [2025-07-04T15:06:02.051+0530] {manager.py:499} INFO - Created Permission View: %s
[2025-07-04T15:06:02.058+0530] {logging_mixin.py:154} INFO - [2025-07-04T15:06:02.058+0530] {manager.py:499} INFO - Created Permission View: %s
[2025-07-04T15:06:02.059+0530] {logging_mixin.py:154} INFO - [2025-07-04T15:06:02.058+0530] {dag.py:2941} INFO - Sync 1 DAGs
[2025-07-04T15:06:02.070+0530] {logging_mixin.py:154} INFO - [2025-07-04T15:06:02.070+0530] {dag.py:2963} INFO - Creating ORM DAG for example_dag_decorator
[2025-07-04T15:06:02.071+0530] {logging_mixin.py:154} INFO - [2025-07-04T15:06:02.071+0530] {dag.py:3722} INFO - Setting next_dagrun for example_dag_decorator to None, run_after=None
[2025-07-04T15:06:02.092+0530] {processor.py:179} INFO - Processing /Users/vaish/databorn_etl_project/retail_etl/etl_pipeline_project/venv/lib/python3.10/site-packages/airflow/example_dags/example_dag_decorator.py took 0.940 seconds
[2025-07-04T15:17:34.732+0530] {processor.py:157} INFO - Started process (PID=20582) to work on /Users/vaish/databorn_etl_project/retail_etl/etl_pipeline_project/venv/lib/python3.10/site-packages/airflow/example_dags/example_dag_decorator.py
[2025-07-04T15:17:34.734+0530] {processor.py:829} INFO - Processing file /Users/vaish/databorn_etl_project/retail_etl/etl_pipeline_project/venv/lib/python3.10/site-packages/airflow/example_dags/example_dag_decorator.py for tasks to queue
[2025-07-04T15:17:34.735+0530] {logging_mixin.py:154} INFO - [2025-07-04T15:17:34.735+0530] {dagbag.py:536} INFO - Filling up the DagBag from /Users/vaish/databorn_etl_project/retail_etl/etl_pipeline_project/venv/lib/python3.10/site-packages/airflow/example_dags/example_dag_decorator.py
[2025-07-04T15:17:34.957+0530] {processor.py:839} INFO - DAG(s) dict_keys(['example_dag_decorator']) retrieved from /Users/vaish/databorn_etl_project/retail_etl/etl_pipeline_project/venv/lib/python3.10/site-packages/airflow/example_dags/example_dag_decorator.py
[2025-07-04T15:17:35.714+0530] {logging_mixin.py:154} INFO - [2025-07-04T15:17:35.713+0530] {dag.py:2941} INFO - Sync 1 DAGs
[2025-07-04T15:17:35.725+0530] {logging_mixin.py:154} INFO - [2025-07-04T15:17:35.725+0530] {dag.py:3722} INFO - Setting next_dagrun for example_dag_decorator to None, run_after=None
[2025-07-04T15:17:35.750+0530] {processor.py:179} INFO - Processing /Users/vaish/databorn_etl_project/retail_etl/etl_pipeline_project/venv/lib/python3.10/site-packages/airflow/example_dags/example_dag_decorator.py took 1.020 seconds
[2025-07-04T15:20:56.136+0530] {processor.py:157} INFO - Started process (PID=21138) to work on /Users/vaish/databorn_etl_project/retail_etl/etl_pipeline_project/venv/lib/python3.10/site-packages/airflow/example_dags/example_dag_decorator.py
[2025-07-04T15:20:56.143+0530] {processor.py:829} INFO - Processing file /Users/vaish/databorn_etl_project/retail_etl/etl_pipeline_project/venv/lib/python3.10/site-packages/airflow/example_dags/example_dag_decorator.py for tasks to queue
[2025-07-04T15:20:56.144+0530] {logging_mixin.py:154} INFO - [2025-07-04T15:20:56.144+0530] {dagbag.py:536} INFO - Filling up the DagBag from /Users/vaish/databorn_etl_project/retail_etl/etl_pipeline_project/venv/lib/python3.10/site-packages/airflow/example_dags/example_dag_decorator.py
[2025-07-04T15:20:56.358+0530] {processor.py:839} INFO - DAG(s) dict_keys(['example_dag_decorator']) retrieved from /Users/vaish/databorn_etl_project/retail_etl/etl_pipeline_project/venv/lib/python3.10/site-packages/airflow/example_dags/example_dag_decorator.py
[2025-07-04T15:20:57.182+0530] {logging_mixin.py:154} INFO - [2025-07-04T15:20:57.181+0530] {dag.py:2941} INFO - Sync 1 DAGs
[2025-07-04T15:20:57.192+0530] {logging_mixin.py:154} INFO - [2025-07-04T15:20:57.191+0530] {dag.py:3722} INFO - Setting next_dagrun for example_dag_decorator to None, run_after=None
[2025-07-04T15:20:57.218+0530] {processor.py:179} INFO - Processing /Users/vaish/databorn_etl_project/retail_etl/etl_pipeline_project/venv/lib/python3.10/site-packages/airflow/example_dags/example_dag_decorator.py took 1.083 seconds
