[2025-07-04T15:05:54.068+0530] {processor.py:157} INFO - Started process (PID=19208) to work on /Users/vaish/databorn_etl_project/retail_etl/etl_pipeline_project/venv/lib/python3.10/site-packages/airflow/example_dags/example_dynamic_task_mapping.py
[2025-07-04T15:05:54.069+0530] {processor.py:829} INFO - Processing file /Users/vaish/databorn_etl_project/retail_etl/etl_pipeline_project/venv/lib/python3.10/site-packages/airflow/example_dags/example_dynamic_task_mapping.py for tasks to queue
[2025-07-04T15:05:54.069+0530] {logging_mixin.py:154} INFO - [2025-07-04T15:05:54.069+0530] {dagbag.py:536} INFO - Filling up the DagBag from /Users/vaish/databorn_etl_project/retail_etl/etl_pipeline_project/venv/lib/python3.10/site-packages/airflow/example_dags/example_dynamic_task_mapping.py
[2025-07-04T15:05:54.133+0530] {processor.py:839} INFO - DAG(s) dict_keys(['example_dynamic_task_mapping']) retrieved from /Users/vaish/databorn_etl_project/retail_etl/etl_pipeline_project/venv/lib/python3.10/site-packages/airflow/example_dags/example_dynamic_task_mapping.py
[2025-07-04T15:05:54.853+0530] {logging_mixin.py:154} INFO - [2025-07-04T15:05:54.853+0530] {manager.py:499} INFO - Created Permission View: %s
[2025-07-04T15:05:54.863+0530] {logging_mixin.py:154} INFO - [2025-07-04T15:05:54.863+0530] {manager.py:499} INFO - Created Permission View: %s
[2025-07-04T15:05:54.870+0530] {logging_mixin.py:154} INFO - [2025-07-04T15:05:54.870+0530] {manager.py:499} INFO - Created Permission View: %s
[2025-07-04T15:05:54.870+0530] {logging_mixin.py:154} INFO - [2025-07-04T15:05:54.870+0530] {dag.py:2941} INFO - Sync 1 DAGs
[2025-07-04T15:05:54.882+0530] {logging_mixin.py:154} INFO - [2025-07-04T15:05:54.882+0530] {dag.py:2963} INFO - Creating ORM DAG for example_dynamic_task_mapping
[2025-07-04T15:05:54.890+0530] {logging_mixin.py:154} INFO - [2025-07-04T15:05:54.890+0530] {dag.py:3722} INFO - Setting next_dagrun for example_dynamic_task_mapping to 2022-03-04T00:00:00+00:00, run_after=2022-03-05T00:00:00+00:00
[2025-07-04T15:05:54.909+0530] {processor.py:179} INFO - Processing /Users/vaish/databorn_etl_project/retail_etl/etl_pipeline_project/venv/lib/python3.10/site-packages/airflow/example_dags/example_dynamic_task_mapping.py took 0.842 seconds
[2025-07-04T15:17:29.564+0530] {processor.py:157} INFO - Started process (PID=20562) to work on /Users/vaish/databorn_etl_project/retail_etl/etl_pipeline_project/venv/lib/python3.10/site-packages/airflow/example_dags/example_dynamic_task_mapping.py
[2025-07-04T15:17:29.571+0530] {processor.py:829} INFO - Processing file /Users/vaish/databorn_etl_project/retail_etl/etl_pipeline_project/venv/lib/python3.10/site-packages/airflow/example_dags/example_dynamic_task_mapping.py for tasks to queue
[2025-07-04T15:17:29.572+0530] {logging_mixin.py:154} INFO - [2025-07-04T15:17:29.571+0530] {dagbag.py:536} INFO - Filling up the DagBag from /Users/vaish/databorn_etl_project/retail_etl/etl_pipeline_project/venv/lib/python3.10/site-packages/airflow/example_dags/example_dynamic_task_mapping.py
[2025-07-04T15:17:29.641+0530] {processor.py:839} INFO - DAG(s) dict_keys(['example_dynamic_task_mapping']) retrieved from /Users/vaish/databorn_etl_project/retail_etl/etl_pipeline_project/venv/lib/python3.10/site-packages/airflow/example_dags/example_dynamic_task_mapping.py
[2025-07-04T15:17:29.885+0530] {logging_mixin.py:154} INFO - [2025-07-04T15:17:29.885+0530] {dag.py:2941} INFO - Sync 1 DAGs
[2025-07-04T15:17:29.907+0530] {logging_mixin.py:154} INFO - [2025-07-04T15:17:29.907+0530] {dag.py:3722} INFO - Setting next_dagrun for example_dynamic_task_mapping to 2022-03-04T00:00:00+00:00, run_after=2022-03-05T00:00:00+00:00
[2025-07-04T15:17:29.941+0530] {processor.py:179} INFO - Processing /Users/vaish/databorn_etl_project/retail_etl/etl_pipeline_project/venv/lib/python3.10/site-packages/airflow/example_dags/example_dynamic_task_mapping.py took 0.378 seconds
[2025-07-04T15:20:51.242+0530] {processor.py:157} INFO - Started process (PID=21126) to work on /Users/vaish/databorn_etl_project/retail_etl/etl_pipeline_project/venv/lib/python3.10/site-packages/airflow/example_dags/example_dynamic_task_mapping.py
[2025-07-04T15:20:51.249+0530] {processor.py:829} INFO - Processing file /Users/vaish/databorn_etl_project/retail_etl/etl_pipeline_project/venv/lib/python3.10/site-packages/airflow/example_dags/example_dynamic_task_mapping.py for tasks to queue
[2025-07-04T15:20:51.250+0530] {logging_mixin.py:154} INFO - [2025-07-04T15:20:51.249+0530] {dagbag.py:536} INFO - Filling up the DagBag from /Users/vaish/databorn_etl_project/retail_etl/etl_pipeline_project/venv/lib/python3.10/site-packages/airflow/example_dags/example_dynamic_task_mapping.py
[2025-07-04T15:20:51.311+0530] {processor.py:839} INFO - DAG(s) dict_keys(['example_dynamic_task_mapping']) retrieved from /Users/vaish/databorn_etl_project/retail_etl/etl_pipeline_project/venv/lib/python3.10/site-packages/airflow/example_dags/example_dynamic_task_mapping.py
[2025-07-04T15:20:51.522+0530] {logging_mixin.py:154} INFO - [2025-07-04T15:20:51.522+0530] {dag.py:2941} INFO - Sync 1 DAGs
[2025-07-04T15:20:51.542+0530] {logging_mixin.py:154} INFO - [2025-07-04T15:20:51.542+0530] {dag.py:3722} INFO - Setting next_dagrun for example_dynamic_task_mapping to 2022-03-04T00:00:00+00:00, run_after=2022-03-05T00:00:00+00:00
[2025-07-04T15:20:51.567+0530] {processor.py:179} INFO - Processing /Users/vaish/databorn_etl_project/retail_etl/etl_pipeline_project/venv/lib/python3.10/site-packages/airflow/example_dags/example_dynamic_task_mapping.py took 0.326 seconds
