[2025-07-04T15:06:07.898+0530] {processor.py:157} INFO - Started process (PID=19232) to work on /Users/vaish/databorn_etl_project/retail_etl/etl_pipeline_project/venv/lib/python3.10/site-packages/airflow/example_dags/example_branch_python_dop_operator_3.py
[2025-07-04T15:06:07.899+0530] {processor.py:829} INFO - Processing file /Users/vaish/databorn_etl_project/retail_etl/etl_pipeline_project/venv/lib/python3.10/site-packages/airflow/example_dags/example_branch_python_dop_operator_3.py for tasks to queue
[2025-07-04T15:06:07.900+0530] {logging_mixin.py:154} INFO - [2025-07-04T15:06:07.899+0530] {dagbag.py:536} INFO - Filling up the DagBag from /Users/vaish/databorn_etl_project/retail_etl/etl_pipeline_project/venv/lib/python3.10/site-packages/airflow/example_dags/example_branch_python_dop_operator_3.py
[2025-07-04T15:06:07.971+0530] {processor.py:839} INFO - DAG(s) dict_keys(['example_branch_dop_operator_v3']) retrieved from /Users/vaish/databorn_etl_project/retail_etl/etl_pipeline_project/venv/lib/python3.10/site-packages/airflow/example_dags/example_branch_python_dop_operator_3.py
[2025-07-04T15:06:08.710+0530] {logging_mixin.py:154} INFO - [2025-07-04T15:06:08.710+0530] {manager.py:499} INFO - Created Permission View: %s
[2025-07-04T15:06:08.720+0530] {logging_mixin.py:154} INFO - [2025-07-04T15:06:08.720+0530] {manager.py:499} INFO - Created Permission View: %s
[2025-07-04T15:06:08.726+0530] {logging_mixin.py:154} INFO - [2025-07-04T15:06:08.726+0530] {manager.py:499} INFO - Created Permission View: %s
[2025-07-04T15:06:08.727+0530] {logging_mixin.py:154} INFO - [2025-07-04T15:06:08.726+0530] {dag.py:2941} INFO - Sync 1 DAGs
[2025-07-04T15:06:08.741+0530] {logging_mixin.py:154} INFO - [2025-07-04T15:06:08.741+0530] {dag.py:2963} INFO - Creating ORM DAG for example_branch_dop_operator_v3
[2025-07-04T15:06:08.756+0530] {logging_mixin.py:154} INFO - [2025-07-04T15:06:08.756+0530] {dag.py:3722} INFO - Setting next_dagrun for example_branch_dop_operator_v3 to 2025-07-04T09:35:00+00:00, run_after=2025-07-04T09:36:00+00:00
[2025-07-04T15:06:08.777+0530] {processor.py:179} INFO - Processing /Users/vaish/databorn_etl_project/retail_etl/etl_pipeline_project/venv/lib/python3.10/site-packages/airflow/example_dags/example_branch_python_dop_operator_3.py took 0.880 seconds
[2025-07-04T15:17:40.590+0530] {processor.py:157} INFO - Started process (PID=20603) to work on /Users/vaish/databorn_etl_project/retail_etl/etl_pipeline_project/venv/lib/python3.10/site-packages/airflow/example_dags/example_branch_python_dop_operator_3.py
[2025-07-04T15:17:40.591+0530] {processor.py:829} INFO - Processing file /Users/vaish/databorn_etl_project/retail_etl/etl_pipeline_project/venv/lib/python3.10/site-packages/airflow/example_dags/example_branch_python_dop_operator_3.py for tasks to queue
[2025-07-04T15:17:40.592+0530] {logging_mixin.py:154} INFO - [2025-07-04T15:17:40.592+0530] {dagbag.py:536} INFO - Filling up the DagBag from /Users/vaish/databorn_etl_project/retail_etl/etl_pipeline_project/venv/lib/python3.10/site-packages/airflow/example_dags/example_branch_python_dop_operator_3.py
[2025-07-04T15:17:40.651+0530] {processor.py:839} INFO - DAG(s) dict_keys(['example_branch_dop_operator_v3']) retrieved from /Users/vaish/databorn_etl_project/retail_etl/etl_pipeline_project/venv/lib/python3.10/site-packages/airflow/example_dags/example_branch_python_dop_operator_3.py
[2025-07-04T15:17:40.874+0530] {logging_mixin.py:154} INFO - [2025-07-04T15:17:40.874+0530] {dag.py:2941} INFO - Sync 1 DAGs
[2025-07-04T15:17:40.899+0530] {logging_mixin.py:154} INFO - [2025-07-04T15:17:40.898+0530] {dag.py:3722} INFO - Setting next_dagrun for example_branch_dop_operator_v3 to 2025-07-04T09:46:00+00:00, run_after=2025-07-04T09:47:00+00:00
[2025-07-04T15:17:40.924+0530] {processor.py:179} INFO - Processing /Users/vaish/databorn_etl_project/retail_etl/etl_pipeline_project/venv/lib/python3.10/site-packages/airflow/example_dags/example_branch_python_dop_operator_3.py took 0.335 seconds
[2025-07-04T15:21:02.833+0530] {processor.py:157} INFO - Started process (PID=21147) to work on /Users/vaish/databorn_etl_project/retail_etl/etl_pipeline_project/venv/lib/python3.10/site-packages/airflow/example_dags/example_branch_python_dop_operator_3.py
[2025-07-04T15:21:02.840+0530] {processor.py:829} INFO - Processing file /Users/vaish/databorn_etl_project/retail_etl/etl_pipeline_project/venv/lib/python3.10/site-packages/airflow/example_dags/example_branch_python_dop_operator_3.py for tasks to queue
[2025-07-04T15:21:02.841+0530] {logging_mixin.py:154} INFO - [2025-07-04T15:21:02.841+0530] {dagbag.py:536} INFO - Filling up the DagBag from /Users/vaish/databorn_etl_project/retail_etl/etl_pipeline_project/venv/lib/python3.10/site-packages/airflow/example_dags/example_branch_python_dop_operator_3.py
[2025-07-04T15:21:02.911+0530] {processor.py:839} INFO - DAG(s) dict_keys(['example_branch_dop_operator_v3']) retrieved from /Users/vaish/databorn_etl_project/retail_etl/etl_pipeline_project/venv/lib/python3.10/site-packages/airflow/example_dags/example_branch_python_dop_operator_3.py
[2025-07-04T15:21:03.158+0530] {logging_mixin.py:154} INFO - [2025-07-04T15:21:03.158+0530] {dag.py:2941} INFO - Sync 1 DAGs
[2025-07-04T15:21:03.191+0530] {logging_mixin.py:154} INFO - [2025-07-04T15:21:03.191+0530] {dag.py:3722} INFO - Setting next_dagrun for example_branch_dop_operator_v3 to 2025-07-04T09:50:00+00:00, run_after=2025-07-04T09:51:00+00:00
[2025-07-04T15:21:03.226+0530] {processor.py:179} INFO - Processing /Users/vaish/databorn_etl_project/retail_etl/etl_pipeline_project/venv/lib/python3.10/site-packages/airflow/example_dags/example_branch_python_dop_operator_3.py took 0.394 seconds
