[2025-07-04T15:04:20.772+0530] {processor.py:157} INFO - Started process (PID=19008) to work on /Users/vaish/databorn_etl_project/retail_etl/etl_pipeline_project/venv/lib/python3.10/site-packages/airflow/example_dags/example_xcomargs.py
[2025-07-04T15:04:20.773+0530] {processor.py:829} INFO - Processing file /Users/vaish/databorn_etl_project/retail_etl/etl_pipeline_project/venv/lib/python3.10/site-packages/airflow/example_dags/example_xcomargs.py for tasks to queue
[2025-07-04T15:04:20.774+0530] {logging_mixin.py:154} INFO - [2025-07-04T15:04:20.773+0530] {dagbag.py:536} INFO - Filling up the DagBag from /Users/vaish/databorn_etl_project/retail_etl/etl_pipeline_project/venv/lib/python3.10/site-packages/airflow/example_dags/example_xcomargs.py
[2025-07-04T15:04:20.842+0530] {processor.py:839} INFO - DAG(s) dict_keys(['example_xcom_args_with_operators', 'example_xcom_args']) retrieved from /Users/vaish/databorn_etl_project/retail_etl/etl_pipeline_project/venv/lib/python3.10/site-packages/airflow/example_dags/example_xcomargs.py
[2025-07-04T15:04:21.532+0530] {logging_mixin.py:154} INFO - [2025-07-04T15:04:21.531+0530] {manager.py:499} INFO - Created Permission View: %s
[2025-07-04T15:04:21.542+0530] {logging_mixin.py:154} INFO - [2025-07-04T15:04:21.542+0530] {manager.py:499} INFO - Created Permission View: %s
[2025-07-04T15:04:21.550+0530] {logging_mixin.py:154} INFO - [2025-07-04T15:04:21.550+0530] {manager.py:499} INFO - Created Permission View: %s
[2025-07-04T15:04:21.566+0530] {logging_mixin.py:154} INFO - [2025-07-04T15:04:21.566+0530] {manager.py:499} INFO - Created Permission View: %s
[2025-07-04T15:04:21.573+0530] {logging_mixin.py:154} INFO - [2025-07-04T15:04:21.573+0530] {manager.py:499} INFO - Created Permission View: %s
[2025-07-04T15:04:21.581+0530] {logging_mixin.py:154} INFO - [2025-07-04T15:04:21.581+0530] {manager.py:499} INFO - Created Permission View: %s
[2025-07-04T15:04:21.582+0530] {logging_mixin.py:154} INFO - [2025-07-04T15:04:21.581+0530] {dag.py:2941} INFO - Sync 2 DAGs
[2025-07-04T15:04:21.593+0530] {logging_mixin.py:154} INFO - [2025-07-04T15:04:21.593+0530] {dag.py:2963} INFO - Creating ORM DAG for example_xcom_args_with_operators
[2025-07-04T15:04:21.594+0530] {logging_mixin.py:154} INFO - [2025-07-04T15:04:21.594+0530] {dag.py:2963} INFO - Creating ORM DAG for example_xcom_args
[2025-07-04T15:04:21.594+0530] {logging_mixin.py:154} INFO - [2025-07-04T15:04:21.594+0530] {dag.py:3722} INFO - Setting next_dagrun for example_xcom_args to None, run_after=None
[2025-07-04T15:04:21.595+0530] {logging_mixin.py:154} INFO - [2025-07-04T15:04:21.595+0530] {dag.py:3722} INFO - Setting next_dagrun for example_xcom_args_with_operators to None, run_after=None
[2025-07-04T15:04:21.616+0530] {processor.py:179} INFO - Processing /Users/vaish/databorn_etl_project/retail_etl/etl_pipeline_project/venv/lib/python3.10/site-packages/airflow/example_dags/example_xcomargs.py took 0.845 seconds
[2025-07-04T15:06:55.759+0530] {processor.py:157} INFO - Started process (PID=19330) to work on /Users/vaish/databorn_etl_project/retail_etl/etl_pipeline_project/venv/lib/python3.10/site-packages/airflow/example_dags/example_xcomargs.py
[2025-07-04T15:06:55.766+0530] {processor.py:829} INFO - Processing file /Users/vaish/databorn_etl_project/retail_etl/etl_pipeline_project/venv/lib/python3.10/site-packages/airflow/example_dags/example_xcomargs.py for tasks to queue
[2025-07-04T15:06:55.767+0530] {logging_mixin.py:154} INFO - [2025-07-04T15:06:55.767+0530] {dagbag.py:536} INFO - Filling up the DagBag from /Users/vaish/databorn_etl_project/retail_etl/etl_pipeline_project/venv/lib/python3.10/site-packages/airflow/example_dags/example_xcomargs.py
[2025-07-04T15:06:55.831+0530] {processor.py:839} INFO - DAG(s) dict_keys(['example_xcom_args_with_operators', 'example_xcom_args']) retrieved from /Users/vaish/databorn_etl_project/retail_etl/etl_pipeline_project/venv/lib/python3.10/site-packages/airflow/example_dags/example_xcomargs.py
[2025-07-04T15:06:56.059+0530] {logging_mixin.py:154} INFO - [2025-07-04T15:06:56.059+0530] {dag.py:2941} INFO - Sync 2 DAGs
[2025-07-04T15:06:56.071+0530] {logging_mixin.py:154} INFO - [2025-07-04T15:06:56.071+0530] {dag.py:3722} INFO - Setting next_dagrun for example_xcom_args to None, run_after=None
[2025-07-04T15:06:56.075+0530] {logging_mixin.py:154} INFO - [2025-07-04T15:06:56.074+0530] {dag.py:3722} INFO - Setting next_dagrun for example_xcom_args_with_operators to None, run_after=None
[2025-07-04T15:06:56.101+0530] {processor.py:179} INFO - Processing /Users/vaish/databorn_etl_project/retail_etl/etl_pipeline_project/venv/lib/python3.10/site-packages/airflow/example_dags/example_xcomargs.py took 0.343 seconds
[2025-07-04T15:16:10.860+0530] {processor.py:157} INFO - Started process (PID=20367) to work on /Users/vaish/databorn_etl_project/retail_etl/etl_pipeline_project/venv/lib/python3.10/site-packages/airflow/example_dags/example_xcomargs.py
[2025-07-04T15:16:10.862+0530] {processor.py:829} INFO - Processing file /Users/vaish/databorn_etl_project/retail_etl/etl_pipeline_project/venv/lib/python3.10/site-packages/airflow/example_dags/example_xcomargs.py for tasks to queue
[2025-07-04T15:16:10.863+0530] {logging_mixin.py:154} INFO - [2025-07-04T15:16:10.863+0530] {dagbag.py:536} INFO - Filling up the DagBag from /Users/vaish/databorn_etl_project/retail_etl/etl_pipeline_project/venv/lib/python3.10/site-packages/airflow/example_dags/example_xcomargs.py
[2025-07-04T15:16:10.961+0530] {processor.py:839} INFO - DAG(s) dict_keys(['example_xcom_args', 'example_xcom_args_with_operators']) retrieved from /Users/vaish/databorn_etl_project/retail_etl/etl_pipeline_project/venv/lib/python3.10/site-packages/airflow/example_dags/example_xcomargs.py
[2025-07-04T15:16:11.272+0530] {logging_mixin.py:154} INFO - [2025-07-04T15:16:11.272+0530] {dag.py:2941} INFO - Sync 2 DAGs
[2025-07-04T15:16:11.287+0530] {logging_mixin.py:154} INFO - [2025-07-04T15:16:11.286+0530] {dag.py:3722} INFO - Setting next_dagrun for example_xcom_args to None, run_after=None
[2025-07-04T15:16:11.291+0530] {logging_mixin.py:154} INFO - [2025-07-04T15:16:11.290+0530] {dag.py:3722} INFO - Setting next_dagrun for example_xcom_args_with_operators to None, run_after=None
[2025-07-04T15:16:11.323+0530] {processor.py:179} INFO - Processing /Users/vaish/databorn_etl_project/retail_etl/etl_pipeline_project/venv/lib/python3.10/site-packages/airflow/example_dags/example_xcomargs.py took 0.465 seconds
[2025-07-04T15:18:24.774+0530] {processor.py:157} INFO - Started process (PID=20711) to work on /Users/vaish/databorn_etl_project/retail_etl/etl_pipeline_project/venv/lib/python3.10/site-packages/airflow/example_dags/example_xcomargs.py
[2025-07-04T15:18:24.776+0530] {processor.py:829} INFO - Processing file /Users/vaish/databorn_etl_project/retail_etl/etl_pipeline_project/venv/lib/python3.10/site-packages/airflow/example_dags/example_xcomargs.py for tasks to queue
[2025-07-04T15:18:24.777+0530] {logging_mixin.py:154} INFO - [2025-07-04T15:18:24.777+0530] {dagbag.py:536} INFO - Filling up the DagBag from /Users/vaish/databorn_etl_project/retail_etl/etl_pipeline_project/venv/lib/python3.10/site-packages/airflow/example_dags/example_xcomargs.py
[2025-07-04T15:18:24.839+0530] {processor.py:839} INFO - DAG(s) dict_keys(['example_xcom_args', 'example_xcom_args_with_operators']) retrieved from /Users/vaish/databorn_etl_project/retail_etl/etl_pipeline_project/venv/lib/python3.10/site-packages/airflow/example_dags/example_xcomargs.py
[2025-07-04T15:18:25.068+0530] {logging_mixin.py:154} INFO - [2025-07-04T15:18:25.067+0530] {dag.py:2941} INFO - Sync 2 DAGs
[2025-07-04T15:18:25.079+0530] {logging_mixin.py:154} INFO - [2025-07-04T15:18:25.079+0530] {dag.py:3722} INFO - Setting next_dagrun for example_xcom_args to None, run_after=None
[2025-07-04T15:18:25.083+0530] {logging_mixin.py:154} INFO - [2025-07-04T15:18:25.083+0530] {dag.py:3722} INFO - Setting next_dagrun for example_xcom_args_with_operators to None, run_after=None
[2025-07-04T15:18:25.110+0530] {processor.py:179} INFO - Processing /Users/vaish/databorn_etl_project/retail_etl/etl_pipeline_project/venv/lib/python3.10/site-packages/airflow/example_dags/example_xcomargs.py took 0.337 seconds
[2025-07-04T15:20:03.854+0530] {processor.py:157} INFO - Started process (PID=21025) to work on /Users/vaish/databorn_etl_project/retail_etl/etl_pipeline_project/venv/lib/python3.10/site-packages/airflow/example_dags/example_xcomargs.py
[2025-07-04T15:20:03.855+0530] {processor.py:829} INFO - Processing file /Users/vaish/databorn_etl_project/retail_etl/etl_pipeline_project/venv/lib/python3.10/site-packages/airflow/example_dags/example_xcomargs.py for tasks to queue
[2025-07-04T15:20:03.856+0530] {logging_mixin.py:154} INFO - [2025-07-04T15:20:03.855+0530] {dagbag.py:536} INFO - Filling up the DagBag from /Users/vaish/databorn_etl_project/retail_etl/etl_pipeline_project/venv/lib/python3.10/site-packages/airflow/example_dags/example_xcomargs.py
[2025-07-04T15:20:03.916+0530] {processor.py:839} INFO - DAG(s) dict_keys(['example_xcom_args_with_operators', 'example_xcom_args']) retrieved from /Users/vaish/databorn_etl_project/retail_etl/etl_pipeline_project/venv/lib/python3.10/site-packages/airflow/example_dags/example_xcomargs.py
[2025-07-04T15:20:04.125+0530] {logging_mixin.py:154} INFO - [2025-07-04T15:20:04.125+0530] {dag.py:2941} INFO - Sync 2 DAGs
[2025-07-04T15:20:04.136+0530] {logging_mixin.py:154} INFO - [2025-07-04T15:20:04.136+0530] {dag.py:3722} INFO - Setting next_dagrun for example_xcom_args to None, run_after=None
[2025-07-04T15:20:04.139+0530] {logging_mixin.py:154} INFO - [2025-07-04T15:20:04.139+0530] {dag.py:3722} INFO - Setting next_dagrun for example_xcom_args_with_operators to None, run_after=None
[2025-07-04T15:20:04.160+0530] {processor.py:179} INFO - Processing /Users/vaish/databorn_etl_project/retail_etl/etl_pipeline_project/venv/lib/python3.10/site-packages/airflow/example_dags/example_xcomargs.py took 0.307 seconds
[2025-07-04T15:21:45.070+0530] {processor.py:157} INFO - Started process (PID=21289) to work on /Users/vaish/databorn_etl_project/retail_etl/etl_pipeline_project/venv/lib/python3.10/site-packages/airflow/example_dags/example_xcomargs.py
[2025-07-04T15:21:45.073+0530] {processor.py:829} INFO - Processing file /Users/vaish/databorn_etl_project/retail_etl/etl_pipeline_project/venv/lib/python3.10/site-packages/airflow/example_dags/example_xcomargs.py for tasks to queue
[2025-07-04T15:21:45.074+0530] {logging_mixin.py:154} INFO - [2025-07-04T15:21:45.073+0530] {dagbag.py:536} INFO - Filling up the DagBag from /Users/vaish/databorn_etl_project/retail_etl/etl_pipeline_project/venv/lib/python3.10/site-packages/airflow/example_dags/example_xcomargs.py
[2025-07-04T15:21:45.140+0530] {processor.py:839} INFO - DAG(s) dict_keys(['example_xcom_args_with_operators', 'example_xcom_args']) retrieved from /Users/vaish/databorn_etl_project/retail_etl/etl_pipeline_project/venv/lib/python3.10/site-packages/airflow/example_dags/example_xcomargs.py
[2025-07-04T15:21:45.354+0530] {logging_mixin.py:154} INFO - [2025-07-04T15:21:45.353+0530] {dag.py:2941} INFO - Sync 2 DAGs
[2025-07-04T15:21:45.366+0530] {logging_mixin.py:154} INFO - [2025-07-04T15:21:45.366+0530] {dag.py:3722} INFO - Setting next_dagrun for example_xcom_args to None, run_after=None
[2025-07-04T15:21:45.371+0530] {logging_mixin.py:154} INFO - [2025-07-04T15:21:45.371+0530] {dag.py:3722} INFO - Setting next_dagrun for example_xcom_args_with_operators to None, run_after=None
[2025-07-04T15:21:45.395+0530] {processor.py:179} INFO - Processing /Users/vaish/databorn_etl_project/retail_etl/etl_pipeline_project/venv/lib/python3.10/site-packages/airflow/example_dags/example_xcomargs.py took 0.327 seconds
