[2025-07-04T15:04:38.618+0530] {processor.py:157} INFO - Started process (PID=19047) to work on /Users/vaish/databorn_etl_project/retail_etl/etl_pipeline_project/venv/lib/python3.10/site-packages/airflow/example_dags/example_task_group_decorator.py
[2025-07-04T15:04:38.618+0530] {processor.py:829} INFO - Processing file /Users/vaish/databorn_etl_project/retail_etl/etl_pipeline_project/venv/lib/python3.10/site-packages/airflow/example_dags/example_task_group_decorator.py for tasks to queue
[2025-07-04T15:04:38.619+0530] {logging_mixin.py:154} INFO - [2025-07-04T15:04:38.619+0530] {dagbag.py:536} INFO - Filling up the DagBag from /Users/vaish/databorn_etl_project/retail_etl/etl_pipeline_project/venv/lib/python3.10/site-packages/airflow/example_dags/example_task_group_decorator.py
[2025-07-04T15:04:38.686+0530] {processor.py:839} INFO - DAG(s) dict_keys(['example_task_group_decorator']) retrieved from /Users/vaish/databorn_etl_project/retail_etl/etl_pipeline_project/venv/lib/python3.10/site-packages/airflow/example_dags/example_task_group_decorator.py
[2025-07-04T15:04:39.418+0530] {logging_mixin.py:154} INFO - [2025-07-04T15:04:39.418+0530] {manager.py:499} INFO - Created Permission View: %s
[2025-07-04T15:04:39.434+0530] {logging_mixin.py:154} INFO - [2025-07-04T15:04:39.433+0530] {manager.py:499} INFO - Created Permission View: %s
[2025-07-04T15:04:39.442+0530] {logging_mixin.py:154} INFO - [2025-07-04T15:04:39.442+0530] {manager.py:499} INFO - Created Permission View: %s
[2025-07-04T15:04:39.443+0530] {logging_mixin.py:154} INFO - [2025-07-04T15:04:39.443+0530] {dag.py:2941} INFO - Sync 1 DAGs
[2025-07-04T15:04:39.457+0530] {logging_mixin.py:154} INFO - [2025-07-04T15:04:39.457+0530] {dag.py:2963} INFO - Creating ORM DAG for example_task_group_decorator
[2025-07-04T15:04:39.468+0530] {logging_mixin.py:154} INFO - [2025-07-04T15:04:39.468+0530] {dag.py:3722} INFO - Setting next_dagrun for example_task_group_decorator to 2025-07-03T09:34:39.468297+00:00, run_after=2025-07-04T09:34:39.468297+00:00
[2025-07-04T15:04:39.492+0530] {processor.py:179} INFO - Processing /Users/vaish/databorn_etl_project/retail_etl/etl_pipeline_project/venv/lib/python3.10/site-packages/airflow/example_dags/example_task_group_decorator.py took 0.876 seconds
[2025-07-04T15:07:10.308+0530] {processor.py:157} INFO - Started process (PID=19358) to work on /Users/vaish/databorn_etl_project/retail_etl/etl_pipeline_project/venv/lib/python3.10/site-packages/airflow/example_dags/example_task_group_decorator.py
[2025-07-04T15:07:10.315+0530] {processor.py:829} INFO - Processing file /Users/vaish/databorn_etl_project/retail_etl/etl_pipeline_project/venv/lib/python3.10/site-packages/airflow/example_dags/example_task_group_decorator.py for tasks to queue
[2025-07-04T15:07:10.316+0530] {logging_mixin.py:154} INFO - [2025-07-04T15:07:10.315+0530] {dagbag.py:536} INFO - Filling up the DagBag from /Users/vaish/databorn_etl_project/retail_etl/etl_pipeline_project/venv/lib/python3.10/site-packages/airflow/example_dags/example_task_group_decorator.py
[2025-07-04T15:07:10.391+0530] {processor.py:839} INFO - DAG(s) dict_keys(['example_task_group_decorator']) retrieved from /Users/vaish/databorn_etl_project/retail_etl/etl_pipeline_project/venv/lib/python3.10/site-packages/airflow/example_dags/example_task_group_decorator.py
[2025-07-04T15:07:10.643+0530] {logging_mixin.py:154} INFO - [2025-07-04T15:07:10.642+0530] {dag.py:2941} INFO - Sync 1 DAGs
[2025-07-04T15:07:10.669+0530] {logging_mixin.py:154} INFO - [2025-07-04T15:07:10.669+0530] {dag.py:3722} INFO - Setting next_dagrun for example_task_group_decorator to 2025-07-03T09:37:10.668922+00:00, run_after=2025-07-04T09:37:10.668922+00:00
[2025-07-04T15:07:10.695+0530] {processor.py:179} INFO - Processing /Users/vaish/databorn_etl_project/retail_etl/etl_pipeline_project/venv/lib/python3.10/site-packages/airflow/example_dags/example_task_group_decorator.py took 0.388 seconds
[2025-07-04T15:16:28.624+0530] {processor.py:157} INFO - Started process (PID=20400) to work on /Users/vaish/databorn_etl_project/retail_etl/etl_pipeline_project/venv/lib/python3.10/site-packages/airflow/example_dags/example_task_group_decorator.py
[2025-07-04T15:16:28.626+0530] {processor.py:829} INFO - Processing file /Users/vaish/databorn_etl_project/retail_etl/etl_pipeline_project/venv/lib/python3.10/site-packages/airflow/example_dags/example_task_group_decorator.py for tasks to queue
[2025-07-04T15:16:28.626+0530] {logging_mixin.py:154} INFO - [2025-07-04T15:16:28.626+0530] {dagbag.py:536} INFO - Filling up the DagBag from /Users/vaish/databorn_etl_project/retail_etl/etl_pipeline_project/venv/lib/python3.10/site-packages/airflow/example_dags/example_task_group_decorator.py
[2025-07-04T15:16:28.715+0530] {processor.py:839} INFO - DAG(s) dict_keys(['example_task_group_decorator']) retrieved from /Users/vaish/databorn_etl_project/retail_etl/etl_pipeline_project/venv/lib/python3.10/site-packages/airflow/example_dags/example_task_group_decorator.py
[2025-07-04T15:16:28.946+0530] {logging_mixin.py:154} INFO - [2025-07-04T15:16:28.945+0530] {dag.py:2941} INFO - Sync 1 DAGs
[2025-07-04T15:16:28.968+0530] {logging_mixin.py:154} INFO - [2025-07-04T15:16:28.967+0530] {dag.py:3722} INFO - Setting next_dagrun for example_task_group_decorator to 2025-07-03T09:46:28.967623+00:00, run_after=2025-07-04T09:46:28.967623+00:00
[2025-07-04T15:16:28.990+0530] {processor.py:179} INFO - Processing /Users/vaish/databorn_etl_project/retail_etl/etl_pipeline_project/venv/lib/python3.10/site-packages/airflow/example_dags/example_task_group_decorator.py took 0.367 seconds
[2025-07-04T15:18:39.524+0530] {processor.py:157} INFO - Started process (PID=20752) to work on /Users/vaish/databorn_etl_project/retail_etl/etl_pipeline_project/venv/lib/python3.10/site-packages/airflow/example_dags/example_task_group_decorator.py
[2025-07-04T15:18:39.530+0530] {processor.py:829} INFO - Processing file /Users/vaish/databorn_etl_project/retail_etl/etl_pipeline_project/venv/lib/python3.10/site-packages/airflow/example_dags/example_task_group_decorator.py for tasks to queue
[2025-07-04T15:18:39.532+0530] {logging_mixin.py:154} INFO - [2025-07-04T15:18:39.531+0530] {dagbag.py:536} INFO - Filling up the DagBag from /Users/vaish/databorn_etl_project/retail_etl/etl_pipeline_project/venv/lib/python3.10/site-packages/airflow/example_dags/example_task_group_decorator.py
[2025-07-04T15:18:39.613+0530] {processor.py:839} INFO - DAG(s) dict_keys(['example_task_group_decorator']) retrieved from /Users/vaish/databorn_etl_project/retail_etl/etl_pipeline_project/venv/lib/python3.10/site-packages/airflow/example_dags/example_task_group_decorator.py
[2025-07-04T15:18:39.870+0530] {logging_mixin.py:154} INFO - [2025-07-04T15:18:39.869+0530] {dag.py:2941} INFO - Sync 1 DAGs
[2025-07-04T15:18:39.892+0530] {logging_mixin.py:154} INFO - [2025-07-04T15:18:39.892+0530] {dag.py:3722} INFO - Setting next_dagrun for example_task_group_decorator to 2025-07-03T09:48:39.891837+00:00, run_after=2025-07-04T09:48:39.891837+00:00
[2025-07-04T15:18:39.920+0530] {processor.py:179} INFO - Processing /Users/vaish/databorn_etl_project/retail_etl/etl_pipeline_project/venv/lib/python3.10/site-packages/airflow/example_dags/example_task_group_decorator.py took 0.398 seconds
[2025-07-04T15:20:18.966+0530] {processor.py:157} INFO - Started process (PID=21054) to work on /Users/vaish/databorn_etl_project/retail_etl/etl_pipeline_project/venv/lib/python3.10/site-packages/airflow/example_dags/example_task_group_decorator.py
[2025-07-04T15:20:18.966+0530] {processor.py:829} INFO - Processing file /Users/vaish/databorn_etl_project/retail_etl/etl_pipeline_project/venv/lib/python3.10/site-packages/airflow/example_dags/example_task_group_decorator.py for tasks to queue
[2025-07-04T15:20:18.967+0530] {logging_mixin.py:154} INFO - [2025-07-04T15:20:18.967+0530] {dagbag.py:536} INFO - Filling up the DagBag from /Users/vaish/databorn_etl_project/retail_etl/etl_pipeline_project/venv/lib/python3.10/site-packages/airflow/example_dags/example_task_group_decorator.py
[2025-07-04T15:20:19.051+0530] {processor.py:839} INFO - DAG(s) dict_keys(['example_task_group_decorator']) retrieved from /Users/vaish/databorn_etl_project/retail_etl/etl_pipeline_project/venv/lib/python3.10/site-packages/airflow/example_dags/example_task_group_decorator.py
[2025-07-04T15:20:19.410+0530] {logging_mixin.py:154} INFO - [2025-07-04T15:20:19.408+0530] {dag.py:2941} INFO - Sync 1 DAGs
[2025-07-04T15:20:19.440+0530] {logging_mixin.py:154} INFO - [2025-07-04T15:20:19.440+0530] {dag.py:3722} INFO - Setting next_dagrun for example_task_group_decorator to 2025-07-03T09:50:19.439833+00:00, run_after=2025-07-04T09:50:19.439833+00:00
[2025-07-04T15:20:19.464+0530] {processor.py:179} INFO - Processing /Users/vaish/databorn_etl_project/retail_etl/etl_pipeline_project/venv/lib/python3.10/site-packages/airflow/example_dags/example_task_group_decorator.py took 0.499 seconds
