[2025-07-04T15:06:14.903+0530] {processor.py:157} INFO - Started process (PID=19246) to work on /Users/vaish/databorn_etl_project/retail_etl/etl_pipeline_project/venv/lib/python3.10/site-packages/airflow/example_dags/example_branch_operator.py
[2025-07-04T15:06:14.904+0530] {processor.py:829} INFO - Processing file /Users/vaish/databorn_etl_project/retail_etl/etl_pipeline_project/venv/lib/python3.10/site-packages/airflow/example_dags/example_branch_operator.py for tasks to queue
[2025-07-04T15:06:14.905+0530] {logging_mixin.py:154} INFO - [2025-07-04T15:06:14.905+0530] {dagbag.py:536} INFO - Filling up the DagBag from /Users/vaish/databorn_etl_project/retail_etl/etl_pipeline_project/venv/lib/python3.10/site-packages/airflow/example_dags/example_branch_operator.py
[2025-07-04T15:06:14.957+0530] {processor.py:839} INFO - DAG(s) dict_keys(['example_branch_operator']) retrieved from /Users/vaish/databorn_etl_project/retail_etl/etl_pipeline_project/venv/lib/python3.10/site-packages/airflow/example_dags/example_branch_operator.py
[2025-07-04T15:06:15.714+0530] {logging_mixin.py:154} INFO - [2025-07-04T15:06:15.713+0530] {manager.py:499} INFO - Created Permission View: %s
[2025-07-04T15:06:15.724+0530] {logging_mixin.py:154} INFO - [2025-07-04T15:06:15.724+0530] {manager.py:499} INFO - Created Permission View: %s
[2025-07-04T15:06:15.731+0530] {logging_mixin.py:154} INFO - [2025-07-04T15:06:15.731+0530] {manager.py:499} INFO - Created Permission View: %s
[2025-07-04T15:06:15.731+0530] {logging_mixin.py:154} INFO - [2025-07-04T15:06:15.731+0530] {dag.py:2941} INFO - Sync 1 DAGs
[2025-07-04T15:06:15.746+0530] {logging_mixin.py:154} INFO - [2025-07-04T15:06:15.745+0530] {dag.py:2963} INFO - Creating ORM DAG for example_branch_operator
[2025-07-04T15:06:15.758+0530] {logging_mixin.py:154} INFO - [2025-07-04T15:06:15.758+0530] {dag.py:3722} INFO - Setting next_dagrun for example_branch_operator to 2025-07-03T00:00:00+00:00, run_after=2025-07-04T00:00:00+00:00
[2025-07-04T15:06:15.781+0530] {processor.py:179} INFO - Processing /Users/vaish/databorn_etl_project/retail_etl/etl_pipeline_project/venv/lib/python3.10/site-packages/airflow/example_dags/example_branch_operator.py took 0.880 seconds
[2025-07-04T15:17:46.617+0530] {processor.py:157} INFO - Started process (PID=20626) to work on /Users/vaish/databorn_etl_project/retail_etl/etl_pipeline_project/venv/lib/python3.10/site-packages/airflow/example_dags/example_branch_operator.py
[2025-07-04T15:17:46.623+0530] {processor.py:829} INFO - Processing file /Users/vaish/databorn_etl_project/retail_etl/etl_pipeline_project/venv/lib/python3.10/site-packages/airflow/example_dags/example_branch_operator.py for tasks to queue
[2025-07-04T15:17:46.624+0530] {logging_mixin.py:154} INFO - [2025-07-04T15:17:46.624+0530] {dagbag.py:536} INFO - Filling up the DagBag from /Users/vaish/databorn_etl_project/retail_etl/etl_pipeline_project/venv/lib/python3.10/site-packages/airflow/example_dags/example_branch_operator.py
[2025-07-04T15:17:46.670+0530] {processor.py:839} INFO - DAG(s) dict_keys(['example_branch_operator']) retrieved from /Users/vaish/databorn_etl_project/retail_etl/etl_pipeline_project/venv/lib/python3.10/site-packages/airflow/example_dags/example_branch_operator.py
[2025-07-04T15:17:46.910+0530] {logging_mixin.py:154} INFO - [2025-07-04T15:17:46.910+0530] {dag.py:2941} INFO - Sync 1 DAGs
[2025-07-04T15:17:46.938+0530] {logging_mixin.py:154} INFO - [2025-07-04T15:17:46.938+0530] {dag.py:3722} INFO - Setting next_dagrun for example_branch_operator to 2025-07-03T00:00:00+00:00, run_after=2025-07-04T00:00:00+00:00
[2025-07-04T15:17:46.969+0530] {processor.py:179} INFO - Processing /Users/vaish/databorn_etl_project/retail_etl/etl_pipeline_project/venv/lib/python3.10/site-packages/airflow/example_dags/example_branch_operator.py took 0.354 seconds
[2025-07-04T15:21:08.874+0530] {processor.py:157} INFO - Started process (PID=21160) to work on /Users/vaish/databorn_etl_project/retail_etl/etl_pipeline_project/venv/lib/python3.10/site-packages/airflow/example_dags/example_branch_operator.py
[2025-07-04T15:21:08.881+0530] {processor.py:829} INFO - Processing file /Users/vaish/databorn_etl_project/retail_etl/etl_pipeline_project/venv/lib/python3.10/site-packages/airflow/example_dags/example_branch_operator.py for tasks to queue
[2025-07-04T15:21:08.881+0530] {logging_mixin.py:154} INFO - [2025-07-04T15:21:08.881+0530] {dagbag.py:536} INFO - Filling up the DagBag from /Users/vaish/databorn_etl_project/retail_etl/etl_pipeline_project/venv/lib/python3.10/site-packages/airflow/example_dags/example_branch_operator.py
[2025-07-04T15:21:08.927+0530] {processor.py:839} INFO - DAG(s) dict_keys(['example_branch_operator']) retrieved from /Users/vaish/databorn_etl_project/retail_etl/etl_pipeline_project/venv/lib/python3.10/site-packages/airflow/example_dags/example_branch_operator.py
[2025-07-04T15:21:09.177+0530] {logging_mixin.py:154} INFO - [2025-07-04T15:21:09.176+0530] {dag.py:2941} INFO - Sync 1 DAGs
[2025-07-04T15:21:09.198+0530] {logging_mixin.py:154} INFO - [2025-07-04T15:21:09.198+0530] {dag.py:3722} INFO - Setting next_dagrun for example_branch_operator to 2025-07-03T00:00:00+00:00, run_after=2025-07-04T00:00:00+00:00
[2025-07-04T15:21:09.222+0530] {processor.py:179} INFO - Processing /Users/vaish/databorn_etl_project/retail_etl/etl_pipeline_project/venv/lib/python3.10/site-packages/airflow/example_dags/example_branch_operator.py took 0.349 seconds
