[2025-07-04T15:06:18.547+0530] {processor.py:157} INFO - Started process (PID=19251) to work on /Users/vaish/databorn_etl_project/retail_etl/etl_pipeline_project/venv/lib/python3.10/site-packages/airflow/example_dags/example_branch_labels.py
[2025-07-04T15:06:18.548+0530] {processor.py:829} INFO - Processing file /Users/vaish/databorn_etl_project/retail_etl/etl_pipeline_project/venv/lib/python3.10/site-packages/airflow/example_dags/example_branch_labels.py for tasks to queue
[2025-07-04T15:06:18.549+0530] {logging_mixin.py:154} INFO - [2025-07-04T15:06:18.548+0530] {dagbag.py:536} INFO - Filling up the DagBag from /Users/vaish/databorn_etl_project/retail_etl/etl_pipeline_project/venv/lib/python3.10/site-packages/airflow/example_dags/example_branch_labels.py
[2025-07-04T15:06:18.587+0530] {processor.py:839} INFO - DAG(s) dict_keys(['example_branch_labels']) retrieved from /Users/vaish/databorn_etl_project/retail_etl/etl_pipeline_project/venv/lib/python3.10/site-packages/airflow/example_dags/example_branch_labels.py
[2025-07-04T15:06:19.346+0530] {logging_mixin.py:154} INFO - [2025-07-04T15:06:19.346+0530] {manager.py:499} INFO - Created Permission View: %s
[2025-07-04T15:06:19.356+0530] {logging_mixin.py:154} INFO - [2025-07-04T15:06:19.356+0530] {manager.py:499} INFO - Created Permission View: %s
[2025-07-04T15:06:19.363+0530] {logging_mixin.py:154} INFO - [2025-07-04T15:06:19.363+0530] {manager.py:499} INFO - Created Permission View: %s
[2025-07-04T15:06:19.364+0530] {logging_mixin.py:154} INFO - [2025-07-04T15:06:19.364+0530] {dag.py:2941} INFO - Sync 1 DAGs
[2025-07-04T15:06:19.376+0530] {logging_mixin.py:154} INFO - [2025-07-04T15:06:19.376+0530] {dag.py:2963} INFO - Creating ORM DAG for example_branch_labels
[2025-07-04T15:06:19.387+0530] {logging_mixin.py:154} INFO - [2025-07-04T15:06:19.387+0530] {dag.py:3722} INFO - Setting next_dagrun for example_branch_labels to 2025-07-03T00:00:00+00:00, run_after=2025-07-04T00:00:00+00:00
[2025-07-04T15:06:19.407+0530] {processor.py:179} INFO - Processing /Users/vaish/databorn_etl_project/retail_etl/etl_pipeline_project/venv/lib/python3.10/site-packages/airflow/example_dags/example_branch_labels.py took 0.863 seconds
[2025-07-04T15:17:49.500+0530] {processor.py:157} INFO - Started process (PID=20631) to work on /Users/vaish/databorn_etl_project/retail_etl/etl_pipeline_project/venv/lib/python3.10/site-packages/airflow/example_dags/example_branch_labels.py
[2025-07-04T15:17:49.506+0530] {processor.py:829} INFO - Processing file /Users/vaish/databorn_etl_project/retail_etl/etl_pipeline_project/venv/lib/python3.10/site-packages/airflow/example_dags/example_branch_labels.py for tasks to queue
[2025-07-04T15:17:49.508+0530] {logging_mixin.py:154} INFO - [2025-07-04T15:17:49.507+0530] {dagbag.py:536} INFO - Filling up the DagBag from /Users/vaish/databorn_etl_project/retail_etl/etl_pipeline_project/venv/lib/python3.10/site-packages/airflow/example_dags/example_branch_labels.py
[2025-07-04T15:17:49.545+0530] {processor.py:839} INFO - DAG(s) dict_keys(['example_branch_labels']) retrieved from /Users/vaish/databorn_etl_project/retail_etl/etl_pipeline_project/venv/lib/python3.10/site-packages/airflow/example_dags/example_branch_labels.py
[2025-07-04T15:17:49.776+0530] {logging_mixin.py:154} INFO - [2025-07-04T15:17:49.776+0530] {dag.py:2941} INFO - Sync 1 DAGs
[2025-07-04T15:17:49.798+0530] {logging_mixin.py:154} INFO - [2025-07-04T15:17:49.797+0530] {dag.py:3722} INFO - Setting next_dagrun for example_branch_labels to 2025-07-03T00:00:00+00:00, run_after=2025-07-04T00:00:00+00:00
[2025-07-04T15:17:49.820+0530] {processor.py:179} INFO - Processing /Users/vaish/databorn_etl_project/retail_etl/etl_pipeline_project/venv/lib/python3.10/site-packages/airflow/example_dags/example_branch_labels.py took 0.322 seconds
[2025-07-04T15:21:12.366+0530] {processor.py:157} INFO - Started process (PID=21164) to work on /Users/vaish/databorn_etl_project/retail_etl/etl_pipeline_project/venv/lib/python3.10/site-packages/airflow/example_dags/example_branch_labels.py
[2025-07-04T15:21:12.367+0530] {processor.py:829} INFO - Processing file /Users/vaish/databorn_etl_project/retail_etl/etl_pipeline_project/venv/lib/python3.10/site-packages/airflow/example_dags/example_branch_labels.py for tasks to queue
[2025-07-04T15:21:12.368+0530] {logging_mixin.py:154} INFO - [2025-07-04T15:21:12.368+0530] {dagbag.py:536} INFO - Filling up the DagBag from /Users/vaish/databorn_etl_project/retail_etl/etl_pipeline_project/venv/lib/python3.10/site-packages/airflow/example_dags/example_branch_labels.py
[2025-07-04T15:21:12.403+0530] {processor.py:839} INFO - DAG(s) dict_keys(['example_branch_labels']) retrieved from /Users/vaish/databorn_etl_project/retail_etl/etl_pipeline_project/venv/lib/python3.10/site-packages/airflow/example_dags/example_branch_labels.py
[2025-07-04T15:21:12.683+0530] {logging_mixin.py:154} INFO - [2025-07-04T15:21:12.683+0530] {dag.py:2941} INFO - Sync 1 DAGs
[2025-07-04T15:21:12.710+0530] {logging_mixin.py:154} INFO - [2025-07-04T15:21:12.710+0530] {dag.py:3722} INFO - Setting next_dagrun for example_branch_labels to 2025-07-03T00:00:00+00:00, run_after=2025-07-04T00:00:00+00:00
[2025-07-04T15:21:12.741+0530] {processor.py:179} INFO - Processing /Users/vaish/databorn_etl_project/retail_etl/etl_pipeline_project/venv/lib/python3.10/site-packages/airflow/example_dags/example_branch_labels.py took 0.377 seconds
