[2025-07-04T15:05:08.528+0530] {processor.py:157} INFO - Started process (PID=19112) to work on /Users/vaish/databorn_etl_project/retail_etl/etl_pipeline_project/venv/lib/python3.10/site-packages/airflow/example_dags/example_sensors.py
[2025-07-04T15:05:08.528+0530] {processor.py:829} INFO - Processing file /Users/vaish/databorn_etl_project/retail_etl/etl_pipeline_project/venv/lib/python3.10/site-packages/airflow/example_dags/example_sensors.py for tasks to queue
[2025-07-04T15:05:08.529+0530] {logging_mixin.py:154} INFO - [2025-07-04T15:05:08.529+0530] {dagbag.py:536} INFO - Filling up the DagBag from /Users/vaish/databorn_etl_project/retail_etl/etl_pipeline_project/venv/lib/python3.10/site-packages/airflow/example_dags/example_sensors.py
[2025-07-04T15:05:08.567+0530] {processor.py:839} INFO - DAG(s) dict_keys(['example_sensors']) retrieved from /Users/vaish/databorn_etl_project/retail_etl/etl_pipeline_project/venv/lib/python3.10/site-packages/airflow/example_dags/example_sensors.py
[2025-07-04T15:05:09.297+0530] {logging_mixin.py:154} INFO - [2025-07-04T15:05:09.297+0530] {manager.py:499} INFO - Created Permission View: %s
[2025-07-04T15:05:09.307+0530] {logging_mixin.py:154} INFO - [2025-07-04T15:05:09.307+0530] {manager.py:499} INFO - Created Permission View: %s
[2025-07-04T15:05:09.314+0530] {logging_mixin.py:154} INFO - [2025-07-04T15:05:09.314+0530] {manager.py:499} INFO - Created Permission View: %s
[2025-07-04T15:05:09.314+0530] {logging_mixin.py:154} INFO - [2025-07-04T15:05:09.314+0530] {dag.py:2941} INFO - Sync 1 DAGs
[2025-07-04T15:05:09.327+0530] {logging_mixin.py:154} INFO - [2025-07-04T15:05:09.326+0530] {dag.py:2963} INFO - Creating ORM DAG for example_sensors
[2025-07-04T15:05:09.327+0530] {logging_mixin.py:154} INFO - [2025-07-04T15:05:09.327+0530] {dag.py:3722} INFO - Setting next_dagrun for example_sensors to None, run_after=None
[2025-07-04T15:05:09.347+0530] {processor.py:179} INFO - Processing /Users/vaish/databorn_etl_project/retail_etl/etl_pipeline_project/venv/lib/python3.10/site-packages/airflow/example_dags/example_sensors.py took 0.820 seconds
[2025-07-04T15:16:55.035+0530] {processor.py:157} INFO - Started process (PID=20472) to work on /Users/vaish/databorn_etl_project/retail_etl/etl_pipeline_project/venv/lib/python3.10/site-packages/airflow/example_dags/example_sensors.py
[2025-07-04T15:16:55.036+0530] {processor.py:829} INFO - Processing file /Users/vaish/databorn_etl_project/retail_etl/etl_pipeline_project/venv/lib/python3.10/site-packages/airflow/example_dags/example_sensors.py for tasks to queue
[2025-07-04T15:16:55.037+0530] {logging_mixin.py:154} INFO - [2025-07-04T15:16:55.037+0530] {dagbag.py:536} INFO - Filling up the DagBag from /Users/vaish/databorn_etl_project/retail_etl/etl_pipeline_project/venv/lib/python3.10/site-packages/airflow/example_dags/example_sensors.py
[2025-07-04T15:16:55.071+0530] {processor.py:839} INFO - DAG(s) dict_keys(['example_sensors']) retrieved from /Users/vaish/databorn_etl_project/retail_etl/etl_pipeline_project/venv/lib/python3.10/site-packages/airflow/example_dags/example_sensors.py
[2025-07-04T15:16:55.307+0530] {logging_mixin.py:154} INFO - [2025-07-04T15:16:55.306+0530] {dag.py:2941} INFO - Sync 1 DAGs
[2025-07-04T15:16:55.318+0530] {logging_mixin.py:154} INFO - [2025-07-04T15:16:55.317+0530] {dag.py:3722} INFO - Setting next_dagrun for example_sensors to None, run_after=None
[2025-07-04T15:16:55.339+0530] {processor.py:179} INFO - Processing /Users/vaish/databorn_etl_project/retail_etl/etl_pipeline_project/venv/lib/python3.10/site-packages/airflow/example_dags/example_sensors.py took 0.306 seconds
[2025-07-04T15:19:04.740+0530] {processor.py:157} INFO - Started process (PID=20822) to work on /Users/vaish/databorn_etl_project/retail_etl/etl_pipeline_project/venv/lib/python3.10/site-packages/airflow/example_dags/example_sensors.py
[2025-07-04T15:19:04.747+0530] {processor.py:829} INFO - Processing file /Users/vaish/databorn_etl_project/retail_etl/etl_pipeline_project/venv/lib/python3.10/site-packages/airflow/example_dags/example_sensors.py for tasks to queue
[2025-07-04T15:19:04.748+0530] {logging_mixin.py:154} INFO - [2025-07-04T15:19:04.748+0530] {dagbag.py:536} INFO - Filling up the DagBag from /Users/vaish/databorn_etl_project/retail_etl/etl_pipeline_project/venv/lib/python3.10/site-packages/airflow/example_dags/example_sensors.py
[2025-07-04T15:19:04.792+0530] {processor.py:839} INFO - DAG(s) dict_keys(['example_sensors']) retrieved from /Users/vaish/databorn_etl_project/retail_etl/etl_pipeline_project/venv/lib/python3.10/site-packages/airflow/example_dags/example_sensors.py
[2025-07-04T15:19:05.047+0530] {logging_mixin.py:154} INFO - [2025-07-04T15:19:05.047+0530] {dag.py:2941} INFO - Sync 1 DAGs
[2025-07-04T15:19:05.058+0530] {logging_mixin.py:154} INFO - [2025-07-04T15:19:05.058+0530] {dag.py:3722} INFO - Setting next_dagrun for example_sensors to None, run_after=None
[2025-07-04T15:19:05.084+0530] {processor.py:179} INFO - Processing /Users/vaish/databorn_etl_project/retail_etl/etl_pipeline_project/venv/lib/python3.10/site-packages/airflow/example_dags/example_sensors.py took 0.347 seconds
[2025-07-04T15:20:45.656+0530] {processor.py:157} INFO - Started process (PID=21115) to work on /Users/vaish/databorn_etl_project/retail_etl/etl_pipeline_project/venv/lib/python3.10/site-packages/airflow/example_dags/example_sensors.py
[2025-07-04T15:20:45.660+0530] {processor.py:829} INFO - Processing file /Users/vaish/databorn_etl_project/retail_etl/etl_pipeline_project/venv/lib/python3.10/site-packages/airflow/example_dags/example_sensors.py for tasks to queue
[2025-07-04T15:20:45.661+0530] {logging_mixin.py:154} INFO - [2025-07-04T15:20:45.660+0530] {dagbag.py:536} INFO - Filling up the DagBag from /Users/vaish/databorn_etl_project/retail_etl/etl_pipeline_project/venv/lib/python3.10/site-packages/airflow/example_dags/example_sensors.py
[2025-07-04T15:20:45.700+0530] {processor.py:839} INFO - DAG(s) dict_keys(['example_sensors']) retrieved from /Users/vaish/databorn_etl_project/retail_etl/etl_pipeline_project/venv/lib/python3.10/site-packages/airflow/example_dags/example_sensors.py
[2025-07-04T15:20:45.940+0530] {logging_mixin.py:154} INFO - [2025-07-04T15:20:45.940+0530] {dag.py:2941} INFO - Sync 1 DAGs
[2025-07-04T15:20:45.951+0530] {logging_mixin.py:154} INFO - [2025-07-04T15:20:45.951+0530] {dag.py:3722} INFO - Setting next_dagrun for example_sensors to None, run_after=None
[2025-07-04T15:20:45.974+0530] {processor.py:179} INFO - Processing /Users/vaish/databorn_etl_project/retail_etl/etl_pipeline_project/venv/lib/python3.10/site-packages/airflow/example_dags/example_sensors.py took 0.320 seconds
