[2025-07-04T15:05:40.997+0530] {processor.py:157} INFO - Started process (PID=19176) to work on /Users/vaish/databorn_etl_project/retail_etl/etl_pipeline_project/venv/lib/python3.10/site-packages/airflow/example_dags/example_latest_only.py
[2025-07-04T15:05:40.998+0530] {processor.py:829} INFO - Processing file /Users/vaish/databorn_etl_project/retail_etl/etl_pipeline_project/venv/lib/python3.10/site-packages/airflow/example_dags/example_latest_only.py for tasks to queue
[2025-07-04T15:05:40.999+0530] {logging_mixin.py:154} INFO - [2025-07-04T15:05:40.999+0530] {dagbag.py:536} INFO - Filling up the DagBag from /Users/vaish/databorn_etl_project/retail_etl/etl_pipeline_project/venv/lib/python3.10/site-packages/airflow/example_dags/example_latest_only.py
[2025-07-04T15:05:41.031+0530] {processor.py:839} INFO - DAG(s) dict_keys(['latest_only']) retrieved from /Users/vaish/databorn_etl_project/retail_etl/etl_pipeline_project/venv/lib/python3.10/site-packages/airflow/example_dags/example_latest_only.py
[2025-07-04T15:05:41.794+0530] {logging_mixin.py:154} INFO - [2025-07-04T15:05:41.794+0530] {manager.py:499} INFO - Created Permission View: %s
[2025-07-04T15:05:41.806+0530] {logging_mixin.py:154} INFO - [2025-07-04T15:05:41.805+0530] {manager.py:499} INFO - Created Permission View: %s
[2025-07-04T15:05:41.813+0530] {logging_mixin.py:154} INFO - [2025-07-04T15:05:41.813+0530] {manager.py:499} INFO - Created Permission View: %s
[2025-07-04T15:05:41.814+0530] {logging_mixin.py:154} INFO - [2025-07-04T15:05:41.813+0530] {dag.py:2941} INFO - Sync 1 DAGs
[2025-07-04T15:05:41.829+0530] {logging_mixin.py:154} INFO - [2025-07-04T15:05:41.828+0530] {dag.py:2963} INFO - Creating ORM DAG for latest_only
[2025-07-04T15:05:41.839+0530] {logging_mixin.py:154} INFO - [2025-07-04T15:05:41.839+0530] {dag.py:3722} INFO - Setting next_dagrun for latest_only to 2025-07-04T05:35:41.839415+00:00, run_after=2025-07-04T09:35:41.839415+00:00
[2025-07-04T15:05:41.868+0530] {processor.py:179} INFO - Processing /Users/vaish/databorn_etl_project/retail_etl/etl_pipeline_project/venv/lib/python3.10/site-packages/airflow/example_dags/example_latest_only.py took 0.872 seconds
[2025-07-04T15:17:19.880+0530] {processor.py:157} INFO - Started process (PID=20528) to work on /Users/vaish/databorn_etl_project/retail_etl/etl_pipeline_project/venv/lib/python3.10/site-packages/airflow/example_dags/example_latest_only.py
[2025-07-04T15:17:19.887+0530] {processor.py:829} INFO - Processing file /Users/vaish/databorn_etl_project/retail_etl/etl_pipeline_project/venv/lib/python3.10/site-packages/airflow/example_dags/example_latest_only.py for tasks to queue
[2025-07-04T15:17:19.888+0530] {logging_mixin.py:154} INFO - [2025-07-04T15:17:19.887+0530] {dagbag.py:536} INFO - Filling up the DagBag from /Users/vaish/databorn_etl_project/retail_etl/etl_pipeline_project/venv/lib/python3.10/site-packages/airflow/example_dags/example_latest_only.py
[2025-07-04T15:17:19.918+0530] {processor.py:839} INFO - DAG(s) dict_keys(['latest_only']) retrieved from /Users/vaish/databorn_etl_project/retail_etl/etl_pipeline_project/venv/lib/python3.10/site-packages/airflow/example_dags/example_latest_only.py
[2025-07-04T15:17:20.149+0530] {logging_mixin.py:154} INFO - [2025-07-04T15:17:20.149+0530] {dag.py:2941} INFO - Sync 1 DAGs
[2025-07-04T15:17:20.171+0530] {logging_mixin.py:154} INFO - [2025-07-04T15:17:20.171+0530] {dag.py:3722} INFO - Setting next_dagrun for latest_only to 2025-07-04T05:47:20.171481+00:00, run_after=2025-07-04T09:47:20.171481+00:00
[2025-07-04T15:17:20.195+0530] {processor.py:179} INFO - Processing /Users/vaish/databorn_etl_project/retail_etl/etl_pipeline_project/venv/lib/python3.10/site-packages/airflow/example_dags/example_latest_only.py took 0.316 seconds
[2025-07-04T15:19:30.838+0530] {processor.py:157} INFO - Started process (PID=20904) to work on /Users/vaish/databorn_etl_project/retail_etl/etl_pipeline_project/venv/lib/python3.10/site-packages/airflow/example_dags/example_latest_only.py
[2025-07-04T15:19:30.844+0530] {processor.py:829} INFO - Processing file /Users/vaish/databorn_etl_project/retail_etl/etl_pipeline_project/venv/lib/python3.10/site-packages/airflow/example_dags/example_latest_only.py for tasks to queue
[2025-07-04T15:19:30.845+0530] {logging_mixin.py:154} INFO - [2025-07-04T15:19:30.845+0530] {dagbag.py:536} INFO - Filling up the DagBag from /Users/vaish/databorn_etl_project/retail_etl/etl_pipeline_project/venv/lib/python3.10/site-packages/airflow/example_dags/example_latest_only.py
[2025-07-04T15:19:30.871+0530] {processor.py:839} INFO - DAG(s) dict_keys(['latest_only']) retrieved from /Users/vaish/databorn_etl_project/retail_etl/etl_pipeline_project/venv/lib/python3.10/site-packages/airflow/example_dags/example_latest_only.py
[2025-07-04T15:19:31.081+0530] {logging_mixin.py:154} INFO - [2025-07-04T15:19:31.081+0530] {dag.py:2941} INFO - Sync 1 DAGs
[2025-07-04T15:19:31.102+0530] {logging_mixin.py:154} INFO - [2025-07-04T15:19:31.102+0530] {dag.py:3722} INFO - Setting next_dagrun for latest_only to 2025-07-04T05:49:31.101913+00:00, run_after=2025-07-04T09:49:31.101913+00:00
[2025-07-04T15:19:31.126+0530] {processor.py:179} INFO - Processing /Users/vaish/databorn_etl_project/retail_etl/etl_pipeline_project/venv/lib/python3.10/site-packages/airflow/example_dags/example_latest_only.py took 0.289 seconds
