[2025-07-04T15:04:27.775+0530] {processor.py:157} INFO - Started process (PID=19022) to work on /Users/vaish/databorn_etl_project/retail_etl/etl_pipeline_project/venv/lib/python3.10/site-packages/airflow/example_dags/example_trigger_target_dag.py
[2025-07-04T15:04:27.777+0530] {processor.py:829} INFO - Processing file /Users/vaish/databorn_etl_project/retail_etl/etl_pipeline_project/venv/lib/python3.10/site-packages/airflow/example_dags/example_trigger_target_dag.py for tasks to queue
[2025-07-04T15:04:27.778+0530] {logging_mixin.py:154} INFO - [2025-07-04T15:04:27.778+0530] {dagbag.py:536} INFO - Filling up the DagBag from /Users/vaish/databorn_etl_project/retail_etl/etl_pipeline_project/venv/lib/python3.10/site-packages/airflow/example_dags/example_trigger_target_dag.py
[2025-07-04T15:04:27.864+0530] {processor.py:839} INFO - DAG(s) dict_keys(['example_trigger_target_dag']) retrieved from /Users/vaish/databorn_etl_project/retail_etl/etl_pipeline_project/venv/lib/python3.10/site-packages/airflow/example_dags/example_trigger_target_dag.py
[2025-07-04T15:04:28.686+0530] {logging_mixin.py:154} INFO - [2025-07-04T15:04:28.685+0530] {manager.py:499} INFO - Created Permission View: %s
[2025-07-04T15:04:28.698+0530] {logging_mixin.py:154} INFO - [2025-07-04T15:04:28.698+0530] {manager.py:499} INFO - Created Permission View: %s
[2025-07-04T15:04:28.705+0530] {logging_mixin.py:154} INFO - [2025-07-04T15:04:28.705+0530] {manager.py:499} INFO - Created Permission View: %s
[2025-07-04T15:04:28.706+0530] {logging_mixin.py:154} INFO - [2025-07-04T15:04:28.706+0530] {dag.py:2941} INFO - Sync 1 DAGs
[2025-07-04T15:04:28.719+0530] {logging_mixin.py:154} INFO - [2025-07-04T15:04:28.719+0530] {dag.py:2963} INFO - Creating ORM DAG for example_trigger_target_dag
[2025-07-04T15:04:28.720+0530] {logging_mixin.py:154} INFO - [2025-07-04T15:04:28.720+0530] {dag.py:3722} INFO - Setting next_dagrun for example_trigger_target_dag to None, run_after=None
[2025-07-04T15:04:28.743+0530] {processor.py:179} INFO - Processing /Users/vaish/databorn_etl_project/retail_etl/etl_pipeline_project/venv/lib/python3.10/site-packages/airflow/example_dags/example_trigger_target_dag.py took 0.969 seconds
[2025-07-04T15:07:01.754+0530] {processor.py:157} INFO - Started process (PID=19341) to work on /Users/vaish/databorn_etl_project/retail_etl/etl_pipeline_project/venv/lib/python3.10/site-packages/airflow/example_dags/example_trigger_target_dag.py
[2025-07-04T15:07:01.757+0530] {processor.py:829} INFO - Processing file /Users/vaish/databorn_etl_project/retail_etl/etl_pipeline_project/venv/lib/python3.10/site-packages/airflow/example_dags/example_trigger_target_dag.py for tasks to queue
[2025-07-04T15:07:01.758+0530] {logging_mixin.py:154} INFO - [2025-07-04T15:07:01.758+0530] {dagbag.py:536} INFO - Filling up the DagBag from /Users/vaish/databorn_etl_project/retail_etl/etl_pipeline_project/venv/lib/python3.10/site-packages/airflow/example_dags/example_trigger_target_dag.py
[2025-07-04T15:07:01.816+0530] {processor.py:839} INFO - DAG(s) dict_keys(['example_trigger_target_dag']) retrieved from /Users/vaish/databorn_etl_project/retail_etl/etl_pipeline_project/venv/lib/python3.10/site-packages/airflow/example_dags/example_trigger_target_dag.py
[2025-07-04T15:07:02.020+0530] {logging_mixin.py:154} INFO - [2025-07-04T15:07:02.020+0530] {dag.py:2941} INFO - Sync 1 DAGs
[2025-07-04T15:07:02.030+0530] {logging_mixin.py:154} INFO - [2025-07-04T15:07:02.030+0530] {dag.py:3722} INFO - Setting next_dagrun for example_trigger_target_dag to None, run_after=None
[2025-07-04T15:07:02.058+0530] {processor.py:179} INFO - Processing /Users/vaish/databorn_etl_project/retail_etl/etl_pipeline_project/venv/lib/python3.10/site-packages/airflow/example_dags/example_trigger_target_dag.py took 0.305 seconds
[2025-07-04T15:16:17.254+0530] {processor.py:157} INFO - Started process (PID=20377) to work on /Users/vaish/databorn_etl_project/retail_etl/etl_pipeline_project/venv/lib/python3.10/site-packages/airflow/example_dags/example_trigger_target_dag.py
[2025-07-04T15:16:17.257+0530] {processor.py:829} INFO - Processing file /Users/vaish/databorn_etl_project/retail_etl/etl_pipeline_project/venv/lib/python3.10/site-packages/airflow/example_dags/example_trigger_target_dag.py for tasks to queue
[2025-07-04T15:16:17.258+0530] {logging_mixin.py:154} INFO - [2025-07-04T15:16:17.258+0530] {dagbag.py:536} INFO - Filling up the DagBag from /Users/vaish/databorn_etl_project/retail_etl/etl_pipeline_project/venv/lib/python3.10/site-packages/airflow/example_dags/example_trigger_target_dag.py
[2025-07-04T15:16:17.333+0530] {processor.py:839} INFO - DAG(s) dict_keys(['example_trigger_target_dag']) retrieved from /Users/vaish/databorn_etl_project/retail_etl/etl_pipeline_project/venv/lib/python3.10/site-packages/airflow/example_dags/example_trigger_target_dag.py
[2025-07-04T15:16:17.595+0530] {logging_mixin.py:154} INFO - [2025-07-04T15:16:17.594+0530] {dag.py:2941} INFO - Sync 1 DAGs
[2025-07-04T15:16:17.608+0530] {logging_mixin.py:154} INFO - [2025-07-04T15:16:17.608+0530] {dag.py:3722} INFO - Setting next_dagrun for example_trigger_target_dag to None, run_after=None
[2025-07-04T15:16:17.649+0530] {processor.py:179} INFO - Processing /Users/vaish/databorn_etl_project/retail_etl/etl_pipeline_project/venv/lib/python3.10/site-packages/airflow/example_dags/example_trigger_target_dag.py took 0.396 seconds
[2025-07-04T15:18:30.710+0530] {processor.py:157} INFO - Started process (PID=20725) to work on /Users/vaish/databorn_etl_project/retail_etl/etl_pipeline_project/venv/lib/python3.10/site-packages/airflow/example_dags/example_trigger_target_dag.py
[2025-07-04T15:18:30.711+0530] {processor.py:829} INFO - Processing file /Users/vaish/databorn_etl_project/retail_etl/etl_pipeline_project/venv/lib/python3.10/site-packages/airflow/example_dags/example_trigger_target_dag.py for tasks to queue
[2025-07-04T15:18:30.712+0530] {logging_mixin.py:154} INFO - [2025-07-04T15:18:30.712+0530] {dagbag.py:536} INFO - Filling up the DagBag from /Users/vaish/databorn_etl_project/retail_etl/etl_pipeline_project/venv/lib/python3.10/site-packages/airflow/example_dags/example_trigger_target_dag.py
[2025-07-04T15:18:30.771+0530] {processor.py:839} INFO - DAG(s) dict_keys(['example_trigger_target_dag']) retrieved from /Users/vaish/databorn_etl_project/retail_etl/etl_pipeline_project/venv/lib/python3.10/site-packages/airflow/example_dags/example_trigger_target_dag.py
[2025-07-04T15:18:30.979+0530] {logging_mixin.py:154} INFO - [2025-07-04T15:18:30.979+0530] {dag.py:2941} INFO - Sync 1 DAGs
[2025-07-04T15:18:30.990+0530] {logging_mixin.py:154} INFO - [2025-07-04T15:18:30.990+0530] {dag.py:3722} INFO - Setting next_dagrun for example_trigger_target_dag to None, run_after=None
[2025-07-04T15:18:31.012+0530] {processor.py:179} INFO - Processing /Users/vaish/databorn_etl_project/retail_etl/etl_pipeline_project/venv/lib/python3.10/site-packages/airflow/example_dags/example_trigger_target_dag.py took 0.303 seconds
[2025-07-04T15:20:09.634+0530] {processor.py:157} INFO - Started process (PID=21033) to work on /Users/vaish/databorn_etl_project/retail_etl/etl_pipeline_project/venv/lib/python3.10/site-packages/airflow/example_dags/example_trigger_target_dag.py
[2025-07-04T15:20:09.635+0530] {processor.py:829} INFO - Processing file /Users/vaish/databorn_etl_project/retail_etl/etl_pipeline_project/venv/lib/python3.10/site-packages/airflow/example_dags/example_trigger_target_dag.py for tasks to queue
[2025-07-04T15:20:09.636+0530] {logging_mixin.py:154} INFO - [2025-07-04T15:20:09.635+0530] {dagbag.py:536} INFO - Filling up the DagBag from /Users/vaish/databorn_etl_project/retail_etl/etl_pipeline_project/venv/lib/python3.10/site-packages/airflow/example_dags/example_trigger_target_dag.py
[2025-07-04T15:20:09.702+0530] {processor.py:839} INFO - DAG(s) dict_keys(['example_trigger_target_dag']) retrieved from /Users/vaish/databorn_etl_project/retail_etl/etl_pipeline_project/venv/lib/python3.10/site-packages/airflow/example_dags/example_trigger_target_dag.py
[2025-07-04T15:20:09.925+0530] {logging_mixin.py:154} INFO - [2025-07-04T15:20:09.924+0530] {dag.py:2941} INFO - Sync 1 DAGs
[2025-07-04T15:20:09.936+0530] {logging_mixin.py:154} INFO - [2025-07-04T15:20:09.936+0530] {dag.py:3722} INFO - Setting next_dagrun for example_trigger_target_dag to None, run_after=None
[2025-07-04T15:20:09.965+0530] {processor.py:179} INFO - Processing /Users/vaish/databorn_etl_project/retail_etl/etl_pipeline_project/venv/lib/python3.10/site-packages/airflow/example_dags/example_trigger_target_dag.py took 0.332 seconds
[2025-07-04T15:21:50.238+0530] {processor.py:157} INFO - Started process (PID=21301) to work on /Users/vaish/databorn_etl_project/retail_etl/etl_pipeline_project/venv/lib/python3.10/site-packages/airflow/example_dags/example_trigger_target_dag.py
[2025-07-04T15:21:50.245+0530] {processor.py:829} INFO - Processing file /Users/vaish/databorn_etl_project/retail_etl/etl_pipeline_project/venv/lib/python3.10/site-packages/airflow/example_dags/example_trigger_target_dag.py for tasks to queue
[2025-07-04T15:21:50.246+0530] {logging_mixin.py:154} INFO - [2025-07-04T15:21:50.245+0530] {dagbag.py:536} INFO - Filling up the DagBag from /Users/vaish/databorn_etl_project/retail_etl/etl_pipeline_project/venv/lib/python3.10/site-packages/airflow/example_dags/example_trigger_target_dag.py
[2025-07-04T15:21:50.309+0530] {processor.py:839} INFO - DAG(s) dict_keys(['example_trigger_target_dag']) retrieved from /Users/vaish/databorn_etl_project/retail_etl/etl_pipeline_project/venv/lib/python3.10/site-packages/airflow/example_dags/example_trigger_target_dag.py
[2025-07-04T15:21:50.519+0530] {logging_mixin.py:154} INFO - [2025-07-04T15:21:50.519+0530] {dag.py:2941} INFO - Sync 1 DAGs
[2025-07-04T15:21:50.532+0530] {logging_mixin.py:154} INFO - [2025-07-04T15:21:50.532+0530] {dag.py:3722} INFO - Setting next_dagrun for example_trigger_target_dag to None, run_after=None
[2025-07-04T15:21:50.562+0530] {processor.py:179} INFO - Processing /Users/vaish/databorn_etl_project/retail_etl/etl_pipeline_project/venv/lib/python3.10/site-packages/airflow/example_dags/example_trigger_target_dag.py took 0.325 seconds
