[2025-07-04T15:04:52.476+0530] {processor.py:157} INFO - Started process (PID=19080) to work on /Users/vaish/databorn_etl_project/retail_etl/etl_pipeline_project/venv/lib/python3.10/site-packages/airflow/example_dags/example_skip_dag.py
[2025-07-04T15:04:52.477+0530] {processor.py:829} INFO - Processing file /Users/vaish/databorn_etl_project/retail_etl/etl_pipeline_project/venv/lib/python3.10/site-packages/airflow/example_dags/example_skip_dag.py for tasks to queue
[2025-07-04T15:04:52.478+0530] {logging_mixin.py:154} INFO - [2025-07-04T15:04:52.477+0530] {dagbag.py:536} INFO - Filling up the DagBag from /Users/vaish/databorn_etl_project/retail_etl/etl_pipeline_project/venv/lib/python3.10/site-packages/airflow/example_dags/example_skip_dag.py
[2025-07-04T15:04:52.504+0530] {processor.py:839} INFO - DAG(s) dict_keys(['example_skip_dag']) retrieved from /Users/vaish/databorn_etl_project/retail_etl/etl_pipeline_project/venv/lib/python3.10/site-packages/airflow/example_dags/example_skip_dag.py
[2025-07-04T15:04:53.213+0530] {logging_mixin.py:154} INFO - [2025-07-04T15:04:53.213+0530] {manager.py:499} INFO - Created Permission View: %s
[2025-07-04T15:04:53.223+0530] {logging_mixin.py:154} INFO - [2025-07-04T15:04:53.223+0530] {manager.py:499} INFO - Created Permission View: %s
[2025-07-04T15:04:53.231+0530] {logging_mixin.py:154} INFO - [2025-07-04T15:04:53.231+0530] {manager.py:499} INFO - Created Permission View: %s
[2025-07-04T15:04:53.231+0530] {logging_mixin.py:154} INFO - [2025-07-04T15:04:53.231+0530] {dag.py:2941} INFO - Sync 1 DAGs
[2025-07-04T15:04:53.243+0530] {logging_mixin.py:154} INFO - [2025-07-04T15:04:53.243+0530] {dag.py:2963} INFO - Creating ORM DAG for example_skip_dag
[2025-07-04T15:04:53.252+0530] {logging_mixin.py:154} INFO - [2025-07-04T15:04:53.252+0530] {dag.py:3722} INFO - Setting next_dagrun for example_skip_dag to 2025-07-03T09:34:53.252299+00:00, run_after=2025-07-04T09:34:53.252299+00:00
[2025-07-04T15:04:53.274+0530] {processor.py:179} INFO - Processing /Users/vaish/databorn_etl_project/retail_etl/etl_pipeline_project/venv/lib/python3.10/site-packages/airflow/example_dags/example_skip_dag.py took 0.799 seconds
[2025-07-04T15:16:39.781+0530] {processor.py:157} INFO - Started process (PID=20427) to work on /Users/vaish/databorn_etl_project/retail_etl/etl_pipeline_project/venv/lib/python3.10/site-packages/airflow/example_dags/example_skip_dag.py
[2025-07-04T15:16:39.783+0530] {processor.py:829} INFO - Processing file /Users/vaish/databorn_etl_project/retail_etl/etl_pipeline_project/venv/lib/python3.10/site-packages/airflow/example_dags/example_skip_dag.py for tasks to queue
[2025-07-04T15:16:39.783+0530] {logging_mixin.py:154} INFO - [2025-07-04T15:16:39.783+0530] {dagbag.py:536} INFO - Filling up the DagBag from /Users/vaish/databorn_etl_project/retail_etl/etl_pipeline_project/venv/lib/python3.10/site-packages/airflow/example_dags/example_skip_dag.py
[2025-07-04T15:16:39.812+0530] {processor.py:839} INFO - DAG(s) dict_keys(['example_skip_dag']) retrieved from /Users/vaish/databorn_etl_project/retail_etl/etl_pipeline_project/venv/lib/python3.10/site-packages/airflow/example_dags/example_skip_dag.py
[2025-07-04T15:16:40.022+0530] {logging_mixin.py:154} INFO - [2025-07-04T15:16:40.022+0530] {dag.py:2941} INFO - Sync 1 DAGs
[2025-07-04T15:16:40.042+0530] {logging_mixin.py:154} INFO - [2025-07-04T15:16:40.041+0530] {dag.py:3722} INFO - Setting next_dagrun for example_skip_dag to 2025-07-03T09:46:40.041666+00:00, run_after=2025-07-04T09:46:40.041666+00:00
[2025-07-04T15:16:40.068+0530] {processor.py:179} INFO - Processing /Users/vaish/databorn_etl_project/retail_etl/etl_pipeline_project/venv/lib/python3.10/site-packages/airflow/example_dags/example_skip_dag.py took 0.288 seconds
[2025-07-04T15:18:50.680+0530] {processor.py:157} INFO - Started process (PID=20783) to work on /Users/vaish/databorn_etl_project/retail_etl/etl_pipeline_project/venv/lib/python3.10/site-packages/airflow/example_dags/example_skip_dag.py
[2025-07-04T15:18:50.687+0530] {processor.py:829} INFO - Processing file /Users/vaish/databorn_etl_project/retail_etl/etl_pipeline_project/venv/lib/python3.10/site-packages/airflow/example_dags/example_skip_dag.py for tasks to queue
[2025-07-04T15:18:50.688+0530] {logging_mixin.py:154} INFO - [2025-07-04T15:18:50.687+0530] {dagbag.py:536} INFO - Filling up the DagBag from /Users/vaish/databorn_etl_project/retail_etl/etl_pipeline_project/venv/lib/python3.10/site-packages/airflow/example_dags/example_skip_dag.py
[2025-07-04T15:18:50.721+0530] {processor.py:839} INFO - DAG(s) dict_keys(['example_skip_dag']) retrieved from /Users/vaish/databorn_etl_project/retail_etl/etl_pipeline_project/venv/lib/python3.10/site-packages/airflow/example_dags/example_skip_dag.py
[2025-07-04T15:18:50.994+0530] {logging_mixin.py:154} INFO - [2025-07-04T15:18:50.994+0530] {dag.py:2941} INFO - Sync 1 DAGs
[2025-07-04T15:18:51.014+0530] {logging_mixin.py:154} INFO - [2025-07-04T15:18:51.014+0530] {dag.py:3722} INFO - Setting next_dagrun for example_skip_dag to 2025-07-03T09:48:51.014572+00:00, run_after=2025-07-04T09:48:51.014572+00:00
[2025-07-04T15:18:51.042+0530] {processor.py:179} INFO - Processing /Users/vaish/databorn_etl_project/retail_etl/etl_pipeline_project/venv/lib/python3.10/site-packages/airflow/example_dags/example_skip_dag.py took 0.364 seconds
[2025-07-04T15:20:30.857+0530] {processor.py:157} INFO - Started process (PID=21080) to work on /Users/vaish/databorn_etl_project/retail_etl/etl_pipeline_project/venv/lib/python3.10/site-packages/airflow/example_dags/example_skip_dag.py
[2025-07-04T15:20:30.858+0530] {processor.py:829} INFO - Processing file /Users/vaish/databorn_etl_project/retail_etl/etl_pipeline_project/venv/lib/python3.10/site-packages/airflow/example_dags/example_skip_dag.py for tasks to queue
[2025-07-04T15:20:30.859+0530] {logging_mixin.py:154} INFO - [2025-07-04T15:20:30.858+0530] {dagbag.py:536} INFO - Filling up the DagBag from /Users/vaish/databorn_etl_project/retail_etl/etl_pipeline_project/venv/lib/python3.10/site-packages/airflow/example_dags/example_skip_dag.py
[2025-07-04T15:20:30.888+0530] {processor.py:839} INFO - DAG(s) dict_keys(['example_skip_dag']) retrieved from /Users/vaish/databorn_etl_project/retail_etl/etl_pipeline_project/venv/lib/python3.10/site-packages/airflow/example_dags/example_skip_dag.py
[2025-07-04T15:20:31.122+0530] {logging_mixin.py:154} INFO - [2025-07-04T15:20:31.122+0530] {dag.py:2941} INFO - Sync 1 DAGs
[2025-07-04T15:20:31.143+0530] {logging_mixin.py:154} INFO - [2025-07-04T15:20:31.143+0530] {dag.py:3722} INFO - Setting next_dagrun for example_skip_dag to 2025-07-03T09:50:31.142887+00:00, run_after=2025-07-04T09:50:31.142887+00:00
[2025-07-04T15:20:31.172+0530] {processor.py:179} INFO - Processing /Users/vaish/databorn_etl_project/retail_etl/etl_pipeline_project/venv/lib/python3.10/site-packages/airflow/example_dags/example_skip_dag.py took 0.317 seconds
