[2025-07-04T15:04:41.668+0530] {processor.py:157} INFO - Started process (PID=19053) to work on /Users/vaish/databorn_etl_project/retail_etl/etl_pipeline_project/venv/lib/python3.10/site-packages/airflow/example_dags/example_task_group.py
[2025-07-04T15:04:41.669+0530] {processor.py:829} INFO - Processing file /Users/vaish/databorn_etl_project/retail_etl/etl_pipeline_project/venv/lib/python3.10/site-packages/airflow/example_dags/example_task_group.py for tasks to queue
[2025-07-04T15:04:41.670+0530] {logging_mixin.py:154} INFO - [2025-07-04T15:04:41.669+0530] {dagbag.py:536} INFO - Filling up the DagBag from /Users/vaish/databorn_etl_project/retail_etl/etl_pipeline_project/venv/lib/python3.10/site-packages/airflow/example_dags/example_task_group.py
[2025-07-04T15:04:41.699+0530] {processor.py:839} INFO - DAG(s) dict_keys(['example_task_group']) retrieved from /Users/vaish/databorn_etl_project/retail_etl/etl_pipeline_project/venv/lib/python3.10/site-packages/airflow/example_dags/example_task_group.py
[2025-07-04T15:04:42.471+0530] {logging_mixin.py:154} INFO - [2025-07-04T15:04:42.470+0530] {manager.py:499} INFO - Created Permission View: %s
[2025-07-04T15:04:42.484+0530] {logging_mixin.py:154} INFO - [2025-07-04T15:04:42.484+0530] {manager.py:499} INFO - Created Permission View: %s
[2025-07-04T15:04:42.493+0530] {logging_mixin.py:154} INFO - [2025-07-04T15:04:42.492+0530] {manager.py:499} INFO - Created Permission View: %s
[2025-07-04T15:04:42.493+0530] {logging_mixin.py:154} INFO - [2025-07-04T15:04:42.493+0530] {dag.py:2941} INFO - Sync 1 DAGs
[2025-07-04T15:04:42.512+0530] {logging_mixin.py:154} INFO - [2025-07-04T15:04:42.512+0530] {dag.py:2963} INFO - Creating ORM DAG for example_task_group
[2025-07-04T15:04:42.525+0530] {logging_mixin.py:154} INFO - [2025-07-04T15:04:42.525+0530] {dag.py:3722} INFO - Setting next_dagrun for example_task_group to 2025-07-03T09:34:42.524853+00:00, run_after=2025-07-04T09:34:42.524853+00:00
[2025-07-04T15:04:42.549+0530] {processor.py:179} INFO - Processing /Users/vaish/databorn_etl_project/retail_etl/etl_pipeline_project/venv/lib/python3.10/site-packages/airflow/example_dags/example_task_group.py took 0.882 seconds
[2025-07-04T15:07:24.531+0530] {processor.py:157} INFO - Started process (PID=19404) to work on /Users/vaish/databorn_etl_project/retail_etl/etl_pipeline_project/venv/lib/python3.10/site-packages/airflow/example_dags/example_task_group.py
[2025-07-04T15:07:24.538+0530] {processor.py:829} INFO - Processing file /Users/vaish/databorn_etl_project/retail_etl/etl_pipeline_project/venv/lib/python3.10/site-packages/airflow/example_dags/example_task_group.py for tasks to queue
[2025-07-04T15:07:24.539+0530] {logging_mixin.py:154} INFO - [2025-07-04T15:07:24.538+0530] {dagbag.py:536} INFO - Filling up the DagBag from /Users/vaish/databorn_etl_project/retail_etl/etl_pipeline_project/venv/lib/python3.10/site-packages/airflow/example_dags/example_task_group.py
[2025-07-04T15:07:24.573+0530] {processor.py:839} INFO - DAG(s) dict_keys(['example_task_group']) retrieved from /Users/vaish/databorn_etl_project/retail_etl/etl_pipeline_project/venv/lib/python3.10/site-packages/airflow/example_dags/example_task_group.py
[2025-07-04T15:07:24.834+0530] {logging_mixin.py:154} INFO - [2025-07-04T15:07:24.833+0530] {dag.py:2941} INFO - Sync 1 DAGs
[2025-07-04T15:07:24.856+0530] {logging_mixin.py:154} INFO - [2025-07-04T15:07:24.856+0530] {dag.py:3722} INFO - Setting next_dagrun for example_task_group to 2025-07-03T09:37:24.856347+00:00, run_after=2025-07-04T09:37:24.856347+00:00
[2025-07-04T15:07:24.888+0530] {processor.py:179} INFO - Processing /Users/vaish/databorn_etl_project/retail_etl/etl_pipeline_project/venv/lib/python3.10/site-packages/airflow/example_dags/example_task_group.py took 0.358 seconds
[2025-07-04T15:16:31.618+0530] {processor.py:157} INFO - Started process (PID=20411) to work on /Users/vaish/databorn_etl_project/retail_etl/etl_pipeline_project/venv/lib/python3.10/site-packages/airflow/example_dags/example_task_group.py
[2025-07-04T15:16:31.621+0530] {processor.py:829} INFO - Processing file /Users/vaish/databorn_etl_project/retail_etl/etl_pipeline_project/venv/lib/python3.10/site-packages/airflow/example_dags/example_task_group.py for tasks to queue
[2025-07-04T15:16:31.622+0530] {logging_mixin.py:154} INFO - [2025-07-04T15:16:31.621+0530] {dagbag.py:536} INFO - Filling up the DagBag from /Users/vaish/databorn_etl_project/retail_etl/etl_pipeline_project/venv/lib/python3.10/site-packages/airflow/example_dags/example_task_group.py
[2025-07-04T15:16:31.654+0530] {processor.py:839} INFO - DAG(s) dict_keys(['example_task_group']) retrieved from /Users/vaish/databorn_etl_project/retail_etl/etl_pipeline_project/venv/lib/python3.10/site-packages/airflow/example_dags/example_task_group.py
[2025-07-04T15:16:31.883+0530] {logging_mixin.py:154} INFO - [2025-07-04T15:16:31.882+0530] {dag.py:2941} INFO - Sync 1 DAGs
[2025-07-04T15:16:31.901+0530] {logging_mixin.py:154} INFO - [2025-07-04T15:16:31.901+0530] {dag.py:3722} INFO - Setting next_dagrun for example_task_group to 2025-07-03T09:46:31.901338+00:00, run_after=2025-07-04T09:46:31.901338+00:00
[2025-07-04T15:16:31.922+0530] {processor.py:179} INFO - Processing /Users/vaish/databorn_etl_project/retail_etl/etl_pipeline_project/venv/lib/python3.10/site-packages/airflow/example_dags/example_task_group.py took 0.306 seconds
[2025-07-04T15:18:41.889+0530] {processor.py:157} INFO - Started process (PID=20756) to work on /Users/vaish/databorn_etl_project/retail_etl/etl_pipeline_project/venv/lib/python3.10/site-packages/airflow/example_dags/example_task_group.py
[2025-07-04T15:18:41.896+0530] {processor.py:829} INFO - Processing file /Users/vaish/databorn_etl_project/retail_etl/etl_pipeline_project/venv/lib/python3.10/site-packages/airflow/example_dags/example_task_group.py for tasks to queue
[2025-07-04T15:18:41.897+0530] {logging_mixin.py:154} INFO - [2025-07-04T15:18:41.897+0530] {dagbag.py:536} INFO - Filling up the DagBag from /Users/vaish/databorn_etl_project/retail_etl/etl_pipeline_project/venv/lib/python3.10/site-packages/airflow/example_dags/example_task_group.py
[2025-07-04T15:18:41.937+0530] {processor.py:839} INFO - DAG(s) dict_keys(['example_task_group']) retrieved from /Users/vaish/databorn_etl_project/retail_etl/etl_pipeline_project/venv/lib/python3.10/site-packages/airflow/example_dags/example_task_group.py
[2025-07-04T15:18:42.182+0530] {logging_mixin.py:154} INFO - [2025-07-04T15:18:42.182+0530] {dag.py:2941} INFO - Sync 1 DAGs
[2025-07-04T15:18:42.205+0530] {logging_mixin.py:154} INFO - [2025-07-04T15:18:42.205+0530] {dag.py:3722} INFO - Setting next_dagrun for example_task_group to 2025-07-03T09:48:42.205396+00:00, run_after=2025-07-04T09:48:42.205396+00:00
[2025-07-04T15:18:42.234+0530] {processor.py:179} INFO - Processing /Users/vaish/databorn_etl_project/retail_etl/etl_pipeline_project/venv/lib/python3.10/site-packages/airflow/example_dags/example_task_group.py took 0.347 seconds
[2025-07-04T15:20:22.341+0530] {processor.py:157} INFO - Started process (PID=21062) to work on /Users/vaish/databorn_etl_project/retail_etl/etl_pipeline_project/venv/lib/python3.10/site-packages/airflow/example_dags/example_task_group.py
[2025-07-04T15:20:22.343+0530] {processor.py:829} INFO - Processing file /Users/vaish/databorn_etl_project/retail_etl/etl_pipeline_project/venv/lib/python3.10/site-packages/airflow/example_dags/example_task_group.py for tasks to queue
[2025-07-04T15:20:22.344+0530] {logging_mixin.py:154} INFO - [2025-07-04T15:20:22.344+0530] {dagbag.py:536} INFO - Filling up the DagBag from /Users/vaish/databorn_etl_project/retail_etl/etl_pipeline_project/venv/lib/python3.10/site-packages/airflow/example_dags/example_task_group.py
[2025-07-04T15:20:22.376+0530] {processor.py:839} INFO - DAG(s) dict_keys(['example_task_group']) retrieved from /Users/vaish/databorn_etl_project/retail_etl/etl_pipeline_project/venv/lib/python3.10/site-packages/airflow/example_dags/example_task_group.py
[2025-07-04T15:20:22.638+0530] {logging_mixin.py:154} INFO - [2025-07-04T15:20:22.638+0530] {dag.py:2941} INFO - Sync 1 DAGs
[2025-07-04T15:20:22.658+0530] {logging_mixin.py:154} INFO - [2025-07-04T15:20:22.658+0530] {dag.py:3722} INFO - Setting next_dagrun for example_task_group to 2025-07-03T09:50:22.658549+00:00, run_after=2025-07-04T09:50:22.658549+00:00
[2025-07-04T15:20:22.680+0530] {processor.py:179} INFO - Processing /Users/vaish/databorn_etl_project/retail_etl/etl_pipeline_project/venv/lib/python3.10/site-packages/airflow/example_dags/example_task_group.py took 0.340 seconds
