[2025-07-04T15:05:02.567+0530] {processor.py:157} INFO - Started process (PID=19104) to work on /Users/vaish/databorn_etl_project/retail_etl/etl_pipeline_project/venv/lib/python3.10/site-packages/airflow/example_dags/example_setup_teardown_taskflow.py
[2025-07-04T15:05:02.568+0530] {processor.py:829} INFO - Processing file /Users/vaish/databorn_etl_project/retail_etl/etl_pipeline_project/venv/lib/python3.10/site-packages/airflow/example_dags/example_setup_teardown_taskflow.py for tasks to queue
[2025-07-04T15:05:02.569+0530] {logging_mixin.py:154} INFO - [2025-07-04T15:05:02.569+0530] {dagbag.py:536} INFO - Filling up the DagBag from /Users/vaish/databorn_etl_project/retail_etl/etl_pipeline_project/venv/lib/python3.10/site-packages/airflow/example_dags/example_setup_teardown_taskflow.py
[2025-07-04T15:05:02.629+0530] {processor.py:839} INFO - DAG(s) dict_keys(['example_setup_teardown_taskflow']) retrieved from /Users/vaish/databorn_etl_project/retail_etl/etl_pipeline_project/venv/lib/python3.10/site-packages/airflow/example_dags/example_setup_teardown_taskflow.py
[2025-07-04T15:05:03.345+0530] {logging_mixin.py:154} INFO - [2025-07-04T15:05:03.345+0530] {manager.py:499} INFO - Created Permission View: %s
[2025-07-04T15:05:03.356+0530] {logging_mixin.py:154} INFO - [2025-07-04T15:05:03.356+0530] {manager.py:499} INFO - Created Permission View: %s
[2025-07-04T15:05:03.362+0530] {logging_mixin.py:154} INFO - [2025-07-04T15:05:03.362+0530] {manager.py:499} INFO - Created Permission View: %s
[2025-07-04T15:05:03.363+0530] {logging_mixin.py:154} INFO - [2025-07-04T15:05:03.363+0530] {dag.py:2941} INFO - Sync 1 DAGs
[2025-07-04T15:05:03.374+0530] {logging_mixin.py:154} INFO - [2025-07-04T15:05:03.374+0530] {dag.py:2963} INFO - Creating ORM DAG for example_setup_teardown_taskflow
[2025-07-04T15:05:03.383+0530] {logging_mixin.py:154} INFO - [2025-07-04T15:05:03.383+0530] {dag.py:3722} INFO - Setting next_dagrun for example_setup_teardown_taskflow to 2025-07-03T09:35:03.383493+00:00, run_after=2025-07-04T09:35:03.383493+00:00
[2025-07-04T15:05:03.403+0530] {processor.py:179} INFO - Processing /Users/vaish/databorn_etl_project/retail_etl/etl_pipeline_project/venv/lib/python3.10/site-packages/airflow/example_dags/example_setup_teardown_taskflow.py took 0.837 seconds
[2025-07-04T15:16:48.821+0530] {processor.py:157} INFO - Started process (PID=20451) to work on /Users/vaish/databorn_etl_project/retail_etl/etl_pipeline_project/venv/lib/python3.10/site-packages/airflow/example_dags/example_setup_teardown_taskflow.py
[2025-07-04T15:16:48.828+0530] {processor.py:829} INFO - Processing file /Users/vaish/databorn_etl_project/retail_etl/etl_pipeline_project/venv/lib/python3.10/site-packages/airflow/example_dags/example_setup_teardown_taskflow.py for tasks to queue
[2025-07-04T15:16:48.828+0530] {logging_mixin.py:154} INFO - [2025-07-04T15:16:48.828+0530] {dagbag.py:536} INFO - Filling up the DagBag from /Users/vaish/databorn_etl_project/retail_etl/etl_pipeline_project/venv/lib/python3.10/site-packages/airflow/example_dags/example_setup_teardown_taskflow.py
[2025-07-04T15:16:48.896+0530] {processor.py:839} INFO - DAG(s) dict_keys(['example_setup_teardown_taskflow']) retrieved from /Users/vaish/databorn_etl_project/retail_etl/etl_pipeline_project/venv/lib/python3.10/site-packages/airflow/example_dags/example_setup_teardown_taskflow.py
[2025-07-04T15:16:49.119+0530] {logging_mixin.py:154} INFO - [2025-07-04T15:16:49.119+0530] {dag.py:2941} INFO - Sync 1 DAGs
[2025-07-04T15:16:49.140+0530] {logging_mixin.py:154} INFO - [2025-07-04T15:16:49.140+0530] {dag.py:3722} INFO - Setting next_dagrun for example_setup_teardown_taskflow to 2025-07-03T09:46:49.139888+00:00, run_after=2025-07-04T09:46:49.139888+00:00
[2025-07-04T15:16:49.174+0530] {processor.py:179} INFO - Processing /Users/vaish/databorn_etl_project/retail_etl/etl_pipeline_project/venv/lib/python3.10/site-packages/airflow/example_dags/example_setup_teardown_taskflow.py took 0.354 seconds
[2025-07-04T15:18:58.862+0530] {processor.py:157} INFO - Started process (PID=20803) to work on /Users/vaish/databorn_etl_project/retail_etl/etl_pipeline_project/venv/lib/python3.10/site-packages/airflow/example_dags/example_setup_teardown_taskflow.py
[2025-07-04T15:18:58.869+0530] {processor.py:829} INFO - Processing file /Users/vaish/databorn_etl_project/retail_etl/etl_pipeline_project/venv/lib/python3.10/site-packages/airflow/example_dags/example_setup_teardown_taskflow.py for tasks to queue
[2025-07-04T15:18:58.870+0530] {logging_mixin.py:154} INFO - [2025-07-04T15:18:58.869+0530] {dagbag.py:536} INFO - Filling up the DagBag from /Users/vaish/databorn_etl_project/retail_etl/etl_pipeline_project/venv/lib/python3.10/site-packages/airflow/example_dags/example_setup_teardown_taskflow.py
[2025-07-04T15:18:58.930+0530] {processor.py:839} INFO - DAG(s) dict_keys(['example_setup_teardown_taskflow']) retrieved from /Users/vaish/databorn_etl_project/retail_etl/etl_pipeline_project/venv/lib/python3.10/site-packages/airflow/example_dags/example_setup_teardown_taskflow.py
[2025-07-04T15:18:59.136+0530] {logging_mixin.py:154} INFO - [2025-07-04T15:18:59.135+0530] {dag.py:2941} INFO - Sync 1 DAGs
[2025-07-04T15:18:59.154+0530] {logging_mixin.py:154} INFO - [2025-07-04T15:18:59.154+0530] {dag.py:3722} INFO - Setting next_dagrun for example_setup_teardown_taskflow to 2025-07-03T09:48:59.154411+00:00, run_after=2025-07-04T09:48:59.154411+00:00
[2025-07-04T15:18:59.182+0530] {processor.py:179} INFO - Processing /Users/vaish/databorn_etl_project/retail_etl/etl_pipeline_project/venv/lib/python3.10/site-packages/airflow/example_dags/example_setup_teardown_taskflow.py took 0.321 seconds
[2025-07-04T15:20:39.332+0530] {processor.py:157} INFO - Started process (PID=21099) to work on /Users/vaish/databorn_etl_project/retail_etl/etl_pipeline_project/venv/lib/python3.10/site-packages/airflow/example_dags/example_setup_teardown_taskflow.py
[2025-07-04T15:20:39.333+0530] {processor.py:829} INFO - Processing file /Users/vaish/databorn_etl_project/retail_etl/etl_pipeline_project/venv/lib/python3.10/site-packages/airflow/example_dags/example_setup_teardown_taskflow.py for tasks to queue
[2025-07-04T15:20:39.333+0530] {logging_mixin.py:154} INFO - [2025-07-04T15:20:39.333+0530] {dagbag.py:536} INFO - Filling up the DagBag from /Users/vaish/databorn_etl_project/retail_etl/etl_pipeline_project/venv/lib/python3.10/site-packages/airflow/example_dags/example_setup_teardown_taskflow.py
[2025-07-04T15:20:39.398+0530] {processor.py:839} INFO - DAG(s) dict_keys(['example_setup_teardown_taskflow']) retrieved from /Users/vaish/databorn_etl_project/retail_etl/etl_pipeline_project/venv/lib/python3.10/site-packages/airflow/example_dags/example_setup_teardown_taskflow.py
[2025-07-04T15:20:39.615+0530] {logging_mixin.py:154} INFO - [2025-07-04T15:20:39.614+0530] {dag.py:2941} INFO - Sync 1 DAGs
[2025-07-04T15:20:39.638+0530] {logging_mixin.py:154} INFO - [2025-07-04T15:20:39.638+0530] {dag.py:3722} INFO - Setting next_dagrun for example_setup_teardown_taskflow to 2025-07-03T09:50:39.638455+00:00, run_after=2025-07-04T09:50:39.638455+00:00
[2025-07-04T15:20:39.664+0530] {processor.py:179} INFO - Processing /Users/vaish/databorn_etl_project/retail_etl/etl_pipeline_project/venv/lib/python3.10/site-packages/airflow/example_dags/example_setup_teardown_taskflow.py took 0.333 seconds
