[2025-07-04T15:04:45.247+0530] {processor.py:157} INFO - Started process (PID=19068) to work on /Users/vaish/databorn_etl_project/retail_etl/etl_pipeline_project/venv/lib/python3.10/site-packages/airflow/example_dags/example_subdag_operator.py
[2025-07-04T15:04:45.248+0530] {processor.py:829} INFO - Processing file /Users/vaish/databorn_etl_project/retail_etl/etl_pipeline_project/venv/lib/python3.10/site-packages/airflow/example_dags/example_subdag_operator.py for tasks to queue
[2025-07-04T15:04:45.249+0530] {logging_mixin.py:154} INFO - [2025-07-04T15:04:45.249+0530] {dagbag.py:536} INFO - Filling up the DagBag from /Users/vaish/databorn_etl_project/retail_etl/etl_pipeline_project/venv/lib/python3.10/site-packages/airflow/example_dags/example_subdag_operator.py
[2025-07-04T15:04:45.449+0530] {processor.py:839} INFO - DAG(s) dict_keys(['example_subdag_operator.section-1', 'example_subdag_operator.section-2', 'example_subdag_operator']) retrieved from /Users/vaish/databorn_etl_project/retail_etl/etl_pipeline_project/venv/lib/python3.10/site-packages/airflow/example_dags/example_subdag_operator.py
[2025-07-04T15:04:46.034+0530] {logging_mixin.py:154} INFO - [2025-07-04T15:04:46.034+0530] {manager.py:499} INFO - Created Permission View: %s
[2025-07-04T15:04:46.045+0530] {logging_mixin.py:154} INFO - [2025-07-04T15:04:46.045+0530] {manager.py:499} INFO - Created Permission View: %s
[2025-07-04T15:04:46.052+0530] {logging_mixin.py:154} INFO - [2025-07-04T15:04:46.052+0530] {manager.py:499} INFO - Created Permission View: %s
[2025-07-04T15:04:46.053+0530] {logging_mixin.py:154} INFO - [2025-07-04T15:04:46.053+0530] {dag.py:2941} INFO - Sync 3 DAGs
[2025-07-04T15:04:46.066+0530] {logging_mixin.py:154} INFO - [2025-07-04T15:04:46.065+0530] {dag.py:2963} INFO - Creating ORM DAG for example_subdag_operator.section-1
[2025-07-04T15:04:46.066+0530] {logging_mixin.py:154} INFO - [2025-07-04T15:04:46.066+0530] {dag.py:2963} INFO - Creating ORM DAG for example_subdag_operator
[2025-07-04T15:04:46.067+0530] {logging_mixin.py:154} INFO - [2025-07-04T15:04:46.067+0530] {dag.py:2963} INFO - Creating ORM DAG for example_subdag_operator.section-2
[2025-07-04T15:04:46.075+0530] {logging_mixin.py:154} INFO - [2025-07-04T15:04:46.075+0530] {dag.py:3722} INFO - Setting next_dagrun for example_subdag_operator to 2022-01-01T00:00:00+00:00, run_after=2022-01-01T00:00:00+00:00
[2025-07-04T15:04:46.076+0530] {logging_mixin.py:154} INFO - [2025-07-04T15:04:46.076+0530] {dag.py:3722} INFO - Setting next_dagrun for example_subdag_operator.section-1 to None, run_after=None
[2025-07-04T15:04:46.076+0530] {logging_mixin.py:154} INFO - [2025-07-04T15:04:46.076+0530] {dag.py:3722} INFO - Setting next_dagrun for example_subdag_operator.section-2 to None, run_after=None
[2025-07-04T15:04:46.083+0530] {logging_mixin.py:154} INFO - [2025-07-04T15:04:46.083+0530] {dag.py:2941} INFO - Sync 2 DAGs
[2025-07-04T15:04:46.088+0530] {logging_mixin.py:154} INFO - [2025-07-04T15:04:46.088+0530] {dag.py:3722} INFO - Setting next_dagrun for example_subdag_operator.section-1 to None, run_after=None
[2025-07-04T15:04:46.090+0530] {logging_mixin.py:154} INFO - [2025-07-04T15:04:46.090+0530] {dag.py:3722} INFO - Setting next_dagrun for example_subdag_operator.section-2 to None, run_after=None
[2025-07-04T15:04:46.107+0530] {processor.py:179} INFO - Processing /Users/vaish/databorn_etl_project/retail_etl/etl_pipeline_project/venv/lib/python3.10/site-packages/airflow/example_dags/example_subdag_operator.py took 0.861 seconds
[2025-07-04T15:07:49.032+0530] {processor.py:157} INFO - Started process (PID=19473) to work on /Users/vaish/databorn_etl_project/retail_etl/etl_pipeline_project/venv/lib/python3.10/site-packages/airflow/example_dags/example_subdag_operator.py
[2025-07-04T15:07:49.035+0530] {processor.py:829} INFO - Processing file /Users/vaish/databorn_etl_project/retail_etl/etl_pipeline_project/venv/lib/python3.10/site-packages/airflow/example_dags/example_subdag_operator.py for tasks to queue
[2025-07-04T15:07:49.036+0530] {logging_mixin.py:154} INFO - [2025-07-04T15:07:49.036+0530] {dagbag.py:536} INFO - Filling up the DagBag from /Users/vaish/databorn_etl_project/retail_etl/etl_pipeline_project/venv/lib/python3.10/site-packages/airflow/example_dags/example_subdag_operator.py
[2025-07-04T15:07:49.249+0530] {processor.py:839} INFO - DAG(s) dict_keys(['example_subdag_operator.section-1', 'example_subdag_operator.section-2', 'example_subdag_operator']) retrieved from /Users/vaish/databorn_etl_project/retail_etl/etl_pipeline_project/venv/lib/python3.10/site-packages/airflow/example_dags/example_subdag_operator.py
[2025-07-04T15:07:49.345+0530] {logging_mixin.py:154} INFO - [2025-07-04T15:07:49.344+0530] {dag.py:2941} INFO - Sync 3 DAGs
[2025-07-04T15:07:49.366+0530] {logging_mixin.py:154} INFO - [2025-07-04T15:07:49.366+0530] {dag.py:3722} INFO - Setting next_dagrun for example_subdag_operator to 2022-01-01T00:00:00+00:00, run_after=2022-01-01T00:00:00+00:00
[2025-07-04T15:07:49.369+0530] {logging_mixin.py:154} INFO - [2025-07-04T15:07:49.369+0530] {dag.py:3722} INFO - Setting next_dagrun for example_subdag_operator.section-1 to None, run_after=None
[2025-07-04T15:07:49.370+0530] {logging_mixin.py:154} INFO - [2025-07-04T15:07:49.370+0530] {dag.py:3722} INFO - Setting next_dagrun for example_subdag_operator.section-2 to None, run_after=None
[2025-07-04T15:07:49.376+0530] {logging_mixin.py:154} INFO - [2025-07-04T15:07:49.376+0530] {dag.py:2941} INFO - Sync 2 DAGs
[2025-07-04T15:07:49.381+0530] {logging_mixin.py:154} INFO - [2025-07-04T15:07:49.381+0530] {dag.py:3722} INFO - Setting next_dagrun for example_subdag_operator.section-1 to None, run_after=None
[2025-07-04T15:07:49.381+0530] {logging_mixin.py:154} INFO - [2025-07-04T15:07:49.381+0530] {dag.py:3722} INFO - Setting next_dagrun for example_subdag_operator.section-2 to None, run_after=None
[2025-07-04T15:07:49.403+0530] {processor.py:179} INFO - Processing /Users/vaish/databorn_etl_project/retail_etl/etl_pipeline_project/venv/lib/python3.10/site-packages/airflow/example_dags/example_subdag_operator.py took 0.372 seconds
[2025-07-04T15:16:34.699+0530] {processor.py:157} INFO - Started process (PID=20415) to work on /Users/vaish/databorn_etl_project/retail_etl/etl_pipeline_project/venv/lib/python3.10/site-packages/airflow/example_dags/example_subdag_operator.py
[2025-07-04T15:16:34.702+0530] {processor.py:829} INFO - Processing file /Users/vaish/databorn_etl_project/retail_etl/etl_pipeline_project/venv/lib/python3.10/site-packages/airflow/example_dags/example_subdag_operator.py for tasks to queue
[2025-07-04T15:16:34.703+0530] {logging_mixin.py:154} INFO - [2025-07-04T15:16:34.702+0530] {dagbag.py:536} INFO - Filling up the DagBag from /Users/vaish/databorn_etl_project/retail_etl/etl_pipeline_project/venv/lib/python3.10/site-packages/airflow/example_dags/example_subdag_operator.py
[2025-07-04T15:16:34.889+0530] {processor.py:839} INFO - DAG(s) dict_keys(['example_subdag_operator.section-1', 'example_subdag_operator.section-2', 'example_subdag_operator']) retrieved from /Users/vaish/databorn_etl_project/retail_etl/etl_pipeline_project/venv/lib/python3.10/site-packages/airflow/example_dags/example_subdag_operator.py
[2025-07-04T15:16:34.973+0530] {logging_mixin.py:154} INFO - [2025-07-04T15:16:34.972+0530] {dag.py:2941} INFO - Sync 3 DAGs
[2025-07-04T15:16:34.991+0530] {logging_mixin.py:154} INFO - [2025-07-04T15:16:34.991+0530] {dag.py:3722} INFO - Setting next_dagrun for example_subdag_operator to 2022-01-01T00:00:00+00:00, run_after=2022-01-01T00:00:00+00:00
[2025-07-04T15:16:34.993+0530] {logging_mixin.py:154} INFO - [2025-07-04T15:16:34.993+0530] {dag.py:3722} INFO - Setting next_dagrun for example_subdag_operator.section-1 to None, run_after=None
[2025-07-04T15:16:34.994+0530] {logging_mixin.py:154} INFO - [2025-07-04T15:16:34.994+0530] {dag.py:3722} INFO - Setting next_dagrun for example_subdag_operator.section-2 to None, run_after=None
[2025-07-04T15:16:35.000+0530] {logging_mixin.py:154} INFO - [2025-07-04T15:16:35.000+0530] {dag.py:2941} INFO - Sync 2 DAGs
[2025-07-04T15:16:35.004+0530] {logging_mixin.py:154} INFO - [2025-07-04T15:16:35.004+0530] {dag.py:3722} INFO - Setting next_dagrun for example_subdag_operator.section-1 to None, run_after=None
[2025-07-04T15:16:35.004+0530] {logging_mixin.py:154} INFO - [2025-07-04T15:16:35.004+0530] {dag.py:3722} INFO - Setting next_dagrun for example_subdag_operator.section-2 to None, run_after=None
[2025-07-04T15:16:35.025+0530] {processor.py:179} INFO - Processing /Users/vaish/databorn_etl_project/retail_etl/etl_pipeline_project/venv/lib/python3.10/site-packages/airflow/example_dags/example_subdag_operator.py took 0.327 seconds
[2025-07-04T15:18:44.841+0530] {processor.py:157} INFO - Started process (PID=20765) to work on /Users/vaish/databorn_etl_project/retail_etl/etl_pipeline_project/venv/lib/python3.10/site-packages/airflow/example_dags/example_subdag_operator.py
[2025-07-04T15:18:44.848+0530] {processor.py:829} INFO - Processing file /Users/vaish/databorn_etl_project/retail_etl/etl_pipeline_project/venv/lib/python3.10/site-packages/airflow/example_dags/example_subdag_operator.py for tasks to queue
[2025-07-04T15:18:44.849+0530] {logging_mixin.py:154} INFO - [2025-07-04T15:18:44.848+0530] {dagbag.py:536} INFO - Filling up the DagBag from /Users/vaish/databorn_etl_project/retail_etl/etl_pipeline_project/venv/lib/python3.10/site-packages/airflow/example_dags/example_subdag_operator.py
[2025-07-04T15:18:45.057+0530] {processor.py:839} INFO - DAG(s) dict_keys(['example_subdag_operator.section-1', 'example_subdag_operator.section-2', 'example_subdag_operator']) retrieved from /Users/vaish/databorn_etl_project/retail_etl/etl_pipeline_project/venv/lib/python3.10/site-packages/airflow/example_dags/example_subdag_operator.py
[2025-07-04T15:18:45.142+0530] {logging_mixin.py:154} INFO - [2025-07-04T15:18:45.141+0530] {dag.py:2941} INFO - Sync 3 DAGs
[2025-07-04T15:18:45.160+0530] {logging_mixin.py:154} INFO - [2025-07-04T15:18:45.160+0530] {dag.py:3722} INFO - Setting next_dagrun for example_subdag_operator to 2022-01-01T00:00:00+00:00, run_after=2022-01-01T00:00:00+00:00
[2025-07-04T15:18:45.163+0530] {logging_mixin.py:154} INFO - [2025-07-04T15:18:45.163+0530] {dag.py:3722} INFO - Setting next_dagrun for example_subdag_operator.section-1 to None, run_after=None
[2025-07-04T15:18:45.164+0530] {logging_mixin.py:154} INFO - [2025-07-04T15:18:45.164+0530] {dag.py:3722} INFO - Setting next_dagrun for example_subdag_operator.section-2 to None, run_after=None
[2025-07-04T15:18:45.170+0530] {logging_mixin.py:154} INFO - [2025-07-04T15:18:45.170+0530] {dag.py:2941} INFO - Sync 2 DAGs
[2025-07-04T15:18:45.174+0530] {logging_mixin.py:154} INFO - [2025-07-04T15:18:45.174+0530] {dag.py:3722} INFO - Setting next_dagrun for example_subdag_operator.section-1 to None, run_after=None
[2025-07-04T15:18:45.175+0530] {logging_mixin.py:154} INFO - [2025-07-04T15:18:45.174+0530] {dag.py:3722} INFO - Setting next_dagrun for example_subdag_operator.section-2 to None, run_after=None
[2025-07-04T15:18:45.194+0530] {processor.py:179} INFO - Processing /Users/vaish/databorn_etl_project/retail_etl/etl_pipeline_project/venv/lib/python3.10/site-packages/airflow/example_dags/example_subdag_operator.py took 0.354 seconds
[2025-07-04T15:20:25.316+0530] {processor.py:157} INFO - Started process (PID=21072) to work on /Users/vaish/databorn_etl_project/retail_etl/etl_pipeline_project/venv/lib/python3.10/site-packages/airflow/example_dags/example_subdag_operator.py
[2025-07-04T15:20:25.317+0530] {processor.py:829} INFO - Processing file /Users/vaish/databorn_etl_project/retail_etl/etl_pipeline_project/venv/lib/python3.10/site-packages/airflow/example_dags/example_subdag_operator.py for tasks to queue
[2025-07-04T15:20:25.318+0530] {logging_mixin.py:154} INFO - [2025-07-04T15:20:25.318+0530] {dagbag.py:536} INFO - Filling up the DagBag from /Users/vaish/databorn_etl_project/retail_etl/etl_pipeline_project/venv/lib/python3.10/site-packages/airflow/example_dags/example_subdag_operator.py
[2025-07-04T15:20:25.508+0530] {processor.py:839} INFO - DAG(s) dict_keys(['example_subdag_operator.section-1', 'example_subdag_operator.section-2', 'example_subdag_operator']) retrieved from /Users/vaish/databorn_etl_project/retail_etl/etl_pipeline_project/venv/lib/python3.10/site-packages/airflow/example_dags/example_subdag_operator.py
[2025-07-04T15:20:25.604+0530] {logging_mixin.py:154} INFO - [2025-07-04T15:20:25.604+0530] {dag.py:2941} INFO - Sync 3 DAGs
[2025-07-04T15:20:25.623+0530] {logging_mixin.py:154} INFO - [2025-07-04T15:20:25.622+0530] {dag.py:3722} INFO - Setting next_dagrun for example_subdag_operator to 2022-01-01T00:00:00+00:00, run_after=2022-01-01T00:00:00+00:00
[2025-07-04T15:20:25.626+0530] {logging_mixin.py:154} INFO - [2025-07-04T15:20:25.626+0530] {dag.py:3722} INFO - Setting next_dagrun for example_subdag_operator.section-1 to None, run_after=None
[2025-07-04T15:20:25.627+0530] {logging_mixin.py:154} INFO - [2025-07-04T15:20:25.627+0530] {dag.py:3722} INFO - Setting next_dagrun for example_subdag_operator.section-2 to None, run_after=None
[2025-07-04T15:20:25.633+0530] {logging_mixin.py:154} INFO - [2025-07-04T15:20:25.633+0530] {dag.py:2941} INFO - Sync 2 DAGs
[2025-07-04T15:20:25.637+0530] {logging_mixin.py:154} INFO - [2025-07-04T15:20:25.637+0530] {dag.py:3722} INFO - Setting next_dagrun for example_subdag_operator.section-1 to None, run_after=None
[2025-07-04T15:20:25.637+0530] {logging_mixin.py:154} INFO - [2025-07-04T15:20:25.637+0530] {dag.py:3722} INFO - Setting next_dagrun for example_subdag_operator.section-2 to None, run_after=None
[2025-07-04T15:20:25.656+0530] {processor.py:179} INFO - Processing /Users/vaish/databorn_etl_project/retail_etl/etl_pipeline_project/venv/lib/python3.10/site-packages/airflow/example_dags/example_subdag_operator.py took 0.341 seconds
