[2025-07-04T15:04:24.037+0530] {processor.py:157} INFO - Started process (PID=19017) to work on /Users/vaish/databorn_etl_project/retail_etl/etl_pipeline_project/venv/lib/python3.10/site-packages/airflow/example_dags/example_xcom.py
[2025-07-04T15:04:24.038+0530] {processor.py:829} INFO - Processing file /Users/vaish/databorn_etl_project/retail_etl/etl_pipeline_project/venv/lib/python3.10/site-packages/airflow/example_dags/example_xcom.py for tasks to queue
[2025-07-04T15:04:24.039+0530] {logging_mixin.py:154} INFO - [2025-07-04T15:04:24.039+0530] {dagbag.py:536} INFO - Filling up the DagBag from /Users/vaish/databorn_etl_project/retail_etl/etl_pipeline_project/venv/lib/python3.10/site-packages/airflow/example_dags/example_xcom.py
[2025-07-04T15:04:24.105+0530] {processor.py:839} INFO - DAG(s) dict_keys(['example_xcom']) retrieved from /Users/vaish/databorn_etl_project/retail_etl/etl_pipeline_project/venv/lib/python3.10/site-packages/airflow/example_dags/example_xcom.py
[2025-07-04T15:04:24.864+0530] {logging_mixin.py:154} INFO - [2025-07-04T15:04:24.863+0530] {manager.py:499} INFO - Created Permission View: %s
[2025-07-04T15:04:24.874+0530] {logging_mixin.py:154} INFO - [2025-07-04T15:04:24.874+0530] {manager.py:499} INFO - Created Permission View: %s
[2025-07-04T15:04:24.882+0530] {logging_mixin.py:154} INFO - [2025-07-04T15:04:24.881+0530] {manager.py:499} INFO - Created Permission View: %s
[2025-07-04T15:04:24.882+0530] {logging_mixin.py:154} INFO - [2025-07-04T15:04:24.882+0530] {dag.py:2941} INFO - Sync 1 DAGs
[2025-07-04T15:04:24.893+0530] {logging_mixin.py:154} INFO - [2025-07-04T15:04:24.893+0530] {dag.py:2963} INFO - Creating ORM DAG for example_xcom
[2025-07-04T15:04:24.903+0530] {logging_mixin.py:154} INFO - [2025-07-04T15:04:24.903+0530] {dag.py:3722} INFO - Setting next_dagrun for example_xcom to 2021-01-01T00:00:00+00:00, run_after=2021-01-01T00:00:00+00:00
[2025-07-04T15:04:24.923+0530] {processor.py:179} INFO - Processing /Users/vaish/databorn_etl_project/retail_etl/etl_pipeline_project/venv/lib/python3.10/site-packages/airflow/example_dags/example_xcom.py took 0.887 seconds
[2025-07-04T15:06:58.797+0530] {processor.py:157} INFO - Started process (PID=19336) to work on /Users/vaish/databorn_etl_project/retail_etl/etl_pipeline_project/venv/lib/python3.10/site-packages/airflow/example_dags/example_xcom.py
[2025-07-04T15:06:58.799+0530] {processor.py:829} INFO - Processing file /Users/vaish/databorn_etl_project/retail_etl/etl_pipeline_project/venv/lib/python3.10/site-packages/airflow/example_dags/example_xcom.py for tasks to queue
[2025-07-04T15:06:58.799+0530] {logging_mixin.py:154} INFO - [2025-07-04T15:06:58.799+0530] {dagbag.py:536} INFO - Filling up the DagBag from /Users/vaish/databorn_etl_project/retail_etl/etl_pipeline_project/venv/lib/python3.10/site-packages/airflow/example_dags/example_xcom.py
[2025-07-04T15:06:58.863+0530] {processor.py:839} INFO - DAG(s) dict_keys(['example_xcom']) retrieved from /Users/vaish/databorn_etl_project/retail_etl/etl_pipeline_project/venv/lib/python3.10/site-packages/airflow/example_dags/example_xcom.py
[2025-07-04T15:06:59.134+0530] {logging_mixin.py:154} INFO - [2025-07-04T15:06:59.134+0530] {dag.py:2941} INFO - Sync 1 DAGs
[2025-07-04T15:06:59.162+0530] {logging_mixin.py:154} INFO - [2025-07-04T15:06:59.161+0530] {dag.py:3722} INFO - Setting next_dagrun for example_xcom to 2021-01-01T00:00:00+00:00, run_after=2021-01-01T00:00:00+00:00
[2025-07-04T15:06:59.196+0530] {processor.py:179} INFO - Processing /Users/vaish/databorn_etl_project/retail_etl/etl_pipeline_project/venv/lib/python3.10/site-packages/airflow/example_dags/example_xcom.py took 0.401 seconds
[2025-07-04T15:16:13.566+0530] {processor.py:157} INFO - Started process (PID=20371) to work on /Users/vaish/databorn_etl_project/retail_etl/etl_pipeline_project/venv/lib/python3.10/site-packages/airflow/example_dags/example_xcom.py
[2025-07-04T15:16:13.567+0530] {processor.py:829} INFO - Processing file /Users/vaish/databorn_etl_project/retail_etl/etl_pipeline_project/venv/lib/python3.10/site-packages/airflow/example_dags/example_xcom.py for tasks to queue
[2025-07-04T15:16:13.569+0530] {logging_mixin.py:154} INFO - [2025-07-04T15:16:13.568+0530] {dagbag.py:536} INFO - Filling up the DagBag from /Users/vaish/databorn_etl_project/retail_etl/etl_pipeline_project/venv/lib/python3.10/site-packages/airflow/example_dags/example_xcom.py
[2025-07-04T15:16:13.633+0530] {processor.py:839} INFO - DAG(s) dict_keys(['example_xcom']) retrieved from /Users/vaish/databorn_etl_project/retail_etl/etl_pipeline_project/venv/lib/python3.10/site-packages/airflow/example_dags/example_xcom.py
[2025-07-04T15:16:13.859+0530] {logging_mixin.py:154} INFO - [2025-07-04T15:16:13.859+0530] {dag.py:2941} INFO - Sync 1 DAGs
[2025-07-04T15:16:13.881+0530] {logging_mixin.py:154} INFO - [2025-07-04T15:16:13.880+0530] {dag.py:3722} INFO - Setting next_dagrun for example_xcom to None, run_after=None
[2025-07-04T15:16:13.910+0530] {processor.py:179} INFO - Processing /Users/vaish/databorn_etl_project/retail_etl/etl_pipeline_project/venv/lib/python3.10/site-packages/airflow/example_dags/example_xcom.py took 0.345 seconds
[2025-07-04T15:18:27.741+0530] {processor.py:157} INFO - Started process (PID=20716) to work on /Users/vaish/databorn_etl_project/retail_etl/etl_pipeline_project/venv/lib/python3.10/site-packages/airflow/example_dags/example_xcom.py
[2025-07-04T15:18:27.742+0530] {processor.py:829} INFO - Processing file /Users/vaish/databorn_etl_project/retail_etl/etl_pipeline_project/venv/lib/python3.10/site-packages/airflow/example_dags/example_xcom.py for tasks to queue
[2025-07-04T15:18:27.743+0530] {logging_mixin.py:154} INFO - [2025-07-04T15:18:27.743+0530] {dagbag.py:536} INFO - Filling up the DagBag from /Users/vaish/databorn_etl_project/retail_etl/etl_pipeline_project/venv/lib/python3.10/site-packages/airflow/example_dags/example_xcom.py
[2025-07-04T15:18:27.811+0530] {processor.py:839} INFO - DAG(s) dict_keys(['example_xcom']) retrieved from /Users/vaish/databorn_etl_project/retail_etl/etl_pipeline_project/venv/lib/python3.10/site-packages/airflow/example_dags/example_xcom.py
[2025-07-04T15:18:28.025+0530] {logging_mixin.py:154} INFO - [2025-07-04T15:18:28.025+0530] {dag.py:2941} INFO - Sync 1 DAGs
[2025-07-04T15:18:28.045+0530] {logging_mixin.py:154} INFO - [2025-07-04T15:18:28.045+0530] {dag.py:3722} INFO - Setting next_dagrun for example_xcom to None, run_after=None
[2025-07-04T15:18:28.066+0530] {processor.py:179} INFO - Processing /Users/vaish/databorn_etl_project/retail_etl/etl_pipeline_project/venv/lib/python3.10/site-packages/airflow/example_dags/example_xcom.py took 0.327 seconds
[2025-07-04T15:20:06.725+0530] {processor.py:157} INFO - Started process (PID=21029) to work on /Users/vaish/databorn_etl_project/retail_etl/etl_pipeline_project/venv/lib/python3.10/site-packages/airflow/example_dags/example_xcom.py
[2025-07-04T15:20:06.726+0530] {processor.py:829} INFO - Processing file /Users/vaish/databorn_etl_project/retail_etl/etl_pipeline_project/venv/lib/python3.10/site-packages/airflow/example_dags/example_xcom.py for tasks to queue
[2025-07-04T15:20:06.727+0530] {logging_mixin.py:154} INFO - [2025-07-04T15:20:06.727+0530] {dagbag.py:536} INFO - Filling up the DagBag from /Users/vaish/databorn_etl_project/retail_etl/etl_pipeline_project/venv/lib/python3.10/site-packages/airflow/example_dags/example_xcom.py
[2025-07-04T15:20:06.802+0530] {processor.py:839} INFO - DAG(s) dict_keys(['example_xcom']) retrieved from /Users/vaish/databorn_etl_project/retail_etl/etl_pipeline_project/venv/lib/python3.10/site-packages/airflow/example_dags/example_xcom.py
[2025-07-04T15:20:07.032+0530] {logging_mixin.py:154} INFO - [2025-07-04T15:20:07.032+0530] {dag.py:2941} INFO - Sync 1 DAGs
[2025-07-04T15:20:07.052+0530] {logging_mixin.py:154} INFO - [2025-07-04T15:20:07.052+0530] {dag.py:3722} INFO - Setting next_dagrun for example_xcom to None, run_after=None
[2025-07-04T15:20:07.078+0530] {processor.py:179} INFO - Processing /Users/vaish/databorn_etl_project/retail_etl/etl_pipeline_project/venv/lib/python3.10/site-packages/airflow/example_dags/example_xcom.py took 0.355 seconds
[2025-07-04T15:21:47.950+0530] {processor.py:157} INFO - Started process (PID=21295) to work on /Users/vaish/databorn_etl_project/retail_etl/etl_pipeline_project/venv/lib/python3.10/site-packages/airflow/example_dags/example_xcom.py
[2025-07-04T15:21:47.952+0530] {processor.py:829} INFO - Processing file /Users/vaish/databorn_etl_project/retail_etl/etl_pipeline_project/venv/lib/python3.10/site-packages/airflow/example_dags/example_xcom.py for tasks to queue
[2025-07-04T15:21:47.952+0530] {logging_mixin.py:154} INFO - [2025-07-04T15:21:47.952+0530] {dagbag.py:536} INFO - Filling up the DagBag from /Users/vaish/databorn_etl_project/retail_etl/etl_pipeline_project/venv/lib/python3.10/site-packages/airflow/example_dags/example_xcom.py
[2025-07-04T15:21:48.013+0530] {processor.py:839} INFO - DAG(s) dict_keys(['example_xcom']) retrieved from /Users/vaish/databorn_etl_project/retail_etl/etl_pipeline_project/venv/lib/python3.10/site-packages/airflow/example_dags/example_xcom.py
[2025-07-04T15:21:48.234+0530] {logging_mixin.py:154} INFO - [2025-07-04T15:21:48.233+0530] {dag.py:2941} INFO - Sync 1 DAGs
[2025-07-04T15:21:48.256+0530] {logging_mixin.py:154} INFO - [2025-07-04T15:21:48.256+0530] {dag.py:3722} INFO - Setting next_dagrun for example_xcom to None, run_after=None
[2025-07-04T15:21:48.277+0530] {processor.py:179} INFO - Processing /Users/vaish/databorn_etl_project/retail_etl/etl_pipeline_project/venv/lib/python3.10/site-packages/airflow/example_dags/example_xcom.py took 0.328 seconds
