[2025-07-04T15:05:23.841+0530] {processor.py:157} INFO - Started process (PID=19145) to work on /Users/vaish/databorn_etl_project/retail_etl/etl_pipeline_project/venv/lib/python3.10/site-packages/airflow/example_dags/example_params_ui_tutorial.py
[2025-07-04T15:05:23.841+0530] {processor.py:829} INFO - Processing file /Users/vaish/databorn_etl_project/retail_etl/etl_pipeline_project/venv/lib/python3.10/site-packages/airflow/example_dags/example_params_ui_tutorial.py for tasks to queue
[2025-07-04T15:05:23.842+0530] {logging_mixin.py:154} INFO - [2025-07-04T15:05:23.842+0530] {dagbag.py:536} INFO - Filling up the DagBag from /Users/vaish/databorn_etl_project/retail_etl/etl_pipeline_project/venv/lib/python3.10/site-packages/airflow/example_dags/example_params_ui_tutorial.py
[2025-07-04T15:05:23.992+0530] {processor.py:839} INFO - DAG(s) dict_keys(['example_params_ui_tutorial']) retrieved from /Users/vaish/databorn_etl_project/retail_etl/etl_pipeline_project/venv/lib/python3.10/site-packages/airflow/example_dags/example_params_ui_tutorial.py
[2025-07-04T15:05:24.777+0530] {logging_mixin.py:154} INFO - [2025-07-04T15:05:24.777+0530] {manager.py:499} INFO - Created Permission View: %s
[2025-07-04T15:05:24.789+0530] {logging_mixin.py:154} INFO - [2025-07-04T15:05:24.789+0530] {manager.py:499} INFO - Created Permission View: %s
[2025-07-04T15:05:24.796+0530] {logging_mixin.py:154} INFO - [2025-07-04T15:05:24.796+0530] {manager.py:499} INFO - Created Permission View: %s
[2025-07-04T15:05:24.797+0530] {logging_mixin.py:154} INFO - [2025-07-04T15:05:24.796+0530] {dag.py:2941} INFO - Sync 1 DAGs
[2025-07-04T15:05:24.810+0530] {logging_mixin.py:154} INFO - [2025-07-04T15:05:24.809+0530] {dag.py:2963} INFO - Creating ORM DAG for example_params_ui_tutorial
[2025-07-04T15:05:24.810+0530] {logging_mixin.py:154} INFO - [2025-07-04T15:05:24.810+0530] {dag.py:3722} INFO - Setting next_dagrun for example_params_ui_tutorial to None, run_after=None
[2025-07-04T15:05:24.830+0530] {processor.py:179} INFO - Processing /Users/vaish/databorn_etl_project/retail_etl/etl_pipeline_project/venv/lib/python3.10/site-packages/airflow/example_dags/example_params_ui_tutorial.py took 0.990 seconds
[2025-07-04T15:17:06.804+0530] {processor.py:157} INFO - Started process (PID=20499) to work on /Users/vaish/databorn_etl_project/retail_etl/etl_pipeline_project/venv/lib/python3.10/site-packages/airflow/example_dags/example_params_ui_tutorial.py
[2025-07-04T15:17:06.811+0530] {processor.py:829} INFO - Processing file /Users/vaish/databorn_etl_project/retail_etl/etl_pipeline_project/venv/lib/python3.10/site-packages/airflow/example_dags/example_params_ui_tutorial.py for tasks to queue
[2025-07-04T15:17:06.811+0530] {logging_mixin.py:154} INFO - [2025-07-04T15:17:06.811+0530] {dagbag.py:536} INFO - Filling up the DagBag from /Users/vaish/databorn_etl_project/retail_etl/etl_pipeline_project/venv/lib/python3.10/site-packages/airflow/example_dags/example_params_ui_tutorial.py
[2025-07-04T15:17:06.947+0530] {processor.py:839} INFO - DAG(s) dict_keys(['example_params_ui_tutorial']) retrieved from /Users/vaish/databorn_etl_project/retail_etl/etl_pipeline_project/venv/lib/python3.10/site-packages/airflow/example_dags/example_params_ui_tutorial.py
[2025-07-04T15:17:07.167+0530] {logging_mixin.py:154} INFO - [2025-07-04T15:17:07.167+0530] {dag.py:2941} INFO - Sync 1 DAGs
[2025-07-04T15:17:07.177+0530] {logging_mixin.py:154} INFO - [2025-07-04T15:17:07.177+0530] {dag.py:3722} INFO - Setting next_dagrun for example_params_ui_tutorial to None, run_after=None
[2025-07-04T15:17:07.206+0530] {processor.py:179} INFO - Processing /Users/vaish/databorn_etl_project/retail_etl/etl_pipeline_project/venv/lib/python3.10/site-packages/airflow/example_dags/example_params_ui_tutorial.py took 0.403 seconds
[2025-07-04T15:19:16.908+0530] {processor.py:157} INFO - Started process (PID=20859) to work on /Users/vaish/databorn_etl_project/retail_etl/etl_pipeline_project/venv/lib/python3.10/site-packages/airflow/example_dags/example_params_ui_tutorial.py
[2025-07-04T15:19:16.915+0530] {processor.py:829} INFO - Processing file /Users/vaish/databorn_etl_project/retail_etl/etl_pipeline_project/venv/lib/python3.10/site-packages/airflow/example_dags/example_params_ui_tutorial.py for tasks to queue
[2025-07-04T15:19:16.916+0530] {logging_mixin.py:154} INFO - [2025-07-04T15:19:16.916+0530] {dagbag.py:536} INFO - Filling up the DagBag from /Users/vaish/databorn_etl_project/retail_etl/etl_pipeline_project/venv/lib/python3.10/site-packages/airflow/example_dags/example_params_ui_tutorial.py
[2025-07-04T15:19:17.063+0530] {processor.py:839} INFO - DAG(s) dict_keys(['example_params_ui_tutorial']) retrieved from /Users/vaish/databorn_etl_project/retail_etl/etl_pipeline_project/venv/lib/python3.10/site-packages/airflow/example_dags/example_params_ui_tutorial.py
[2025-07-04T15:19:17.286+0530] {logging_mixin.py:154} INFO - [2025-07-04T15:19:17.286+0530] {dag.py:2941} INFO - Sync 1 DAGs
[2025-07-04T15:19:17.298+0530] {logging_mixin.py:154} INFO - [2025-07-04T15:19:17.298+0530] {dag.py:3722} INFO - Setting next_dagrun for example_params_ui_tutorial to None, run_after=None
[2025-07-04T15:19:17.329+0530] {processor.py:179} INFO - Processing /Users/vaish/databorn_etl_project/retail_etl/etl_pipeline_project/venv/lib/python3.10/site-packages/airflow/example_dags/example_params_ui_tutorial.py took 0.422 seconds
