[2025-07-04T15:06:28.848+0530] {processor.py:157} INFO - Started process (PID=19271) to work on /Users/vaish/databorn_etl_project/retail_etl/etl_pipeline_project/venv/lib/python3.10/site-packages/airflow/example_dags/example_bash_operator.py
[2025-07-04T15:06:28.849+0530] {processor.py:829} INFO - Processing file /Users/vaish/databorn_etl_project/retail_etl/etl_pipeline_project/venv/lib/python3.10/site-packages/airflow/example_dags/example_bash_operator.py for tasks to queue
[2025-07-04T15:06:28.850+0530] {logging_mixin.py:154} INFO - [2025-07-04T15:06:28.850+0530] {dagbag.py:536} INFO - Filling up the DagBag from /Users/vaish/databorn_etl_project/retail_etl/etl_pipeline_project/venv/lib/python3.10/site-packages/airflow/example_dags/example_bash_operator.py
[2025-07-04T15:06:28.937+0530] {processor.py:839} INFO - DAG(s) dict_keys(['example_bash_operator']) retrieved from /Users/vaish/databorn_etl_project/retail_etl/etl_pipeline_project/venv/lib/python3.10/site-packages/airflow/example_dags/example_bash_operator.py
[2025-07-04T15:06:29.679+0530] {logging_mixin.py:154} INFO - [2025-07-04T15:06:29.679+0530] {manager.py:499} INFO - Created Permission View: %s
[2025-07-04T15:06:29.690+0530] {logging_mixin.py:154} INFO - [2025-07-04T15:06:29.690+0530] {manager.py:499} INFO - Created Permission View: %s
[2025-07-04T15:06:29.700+0530] {logging_mixin.py:154} INFO - [2025-07-04T15:06:29.699+0530] {manager.py:499} INFO - Created Permission View: %s
[2025-07-04T15:06:29.700+0530] {logging_mixin.py:154} INFO - [2025-07-04T15:06:29.700+0530] {dag.py:2941} INFO - Sync 1 DAGs
[2025-07-04T15:06:29.714+0530] {logging_mixin.py:154} INFO - [2025-07-04T15:06:29.714+0530] {dag.py:2963} INFO - Creating ORM DAG for example_bash_operator
[2025-07-04T15:06:29.728+0530] {logging_mixin.py:154} INFO - [2025-07-04T15:06:29.727+0530] {dag.py:3722} INFO - Setting next_dagrun for example_bash_operator to 2025-07-03T00:00:00+00:00, run_after=2025-07-04T00:00:00+00:00
[2025-07-04T15:06:29.752+0530] {processor.py:179} INFO - Processing /Users/vaish/databorn_etl_project/retail_etl/etl_pipeline_project/venv/lib/python3.10/site-packages/airflow/example_dags/example_bash_operator.py took 0.905 seconds
[2025-07-04T15:17:58.124+0530] {processor.py:157} INFO - Started process (PID=20651) to work on /Users/vaish/databorn_etl_project/retail_etl/etl_pipeline_project/venv/lib/python3.10/site-packages/airflow/example_dags/example_bash_operator.py
[2025-07-04T15:17:58.127+0530] {processor.py:829} INFO - Processing file /Users/vaish/databorn_etl_project/retail_etl/etl_pipeline_project/venv/lib/python3.10/site-packages/airflow/example_dags/example_bash_operator.py for tasks to queue
[2025-07-04T15:17:58.128+0530] {logging_mixin.py:154} INFO - [2025-07-04T15:17:58.128+0530] {dagbag.py:536} INFO - Filling up the DagBag from /Users/vaish/databorn_etl_project/retail_etl/etl_pipeline_project/venv/lib/python3.10/site-packages/airflow/example_dags/example_bash_operator.py
[2025-07-04T15:17:58.214+0530] {processor.py:839} INFO - DAG(s) dict_keys(['example_bash_operator']) retrieved from /Users/vaish/databorn_etl_project/retail_etl/etl_pipeline_project/venv/lib/python3.10/site-packages/airflow/example_dags/example_bash_operator.py
[2025-07-04T15:17:58.395+0530] {logging_mixin.py:154} INFO - [2025-07-04T15:17:58.394+0530] {dag.py:2941} INFO - Sync 1 DAGs
[2025-07-04T15:17:58.416+0530] {logging_mixin.py:154} INFO - [2025-07-04T15:17:58.415+0530] {dag.py:3722} INFO - Setting next_dagrun for example_bash_operator to 2025-07-03T00:00:00+00:00, run_after=2025-07-04T00:00:00+00:00
[2025-07-04T15:17:58.442+0530] {processor.py:179} INFO - Processing /Users/vaish/databorn_etl_project/retail_etl/etl_pipeline_project/venv/lib/python3.10/site-packages/airflow/example_dags/example_bash_operator.py took 0.319 seconds
[2025-07-04T15:21:20.836+0530] {processor.py:157} INFO - Started process (PID=21191) to work on /Users/vaish/databorn_etl_project/retail_etl/etl_pipeline_project/venv/lib/python3.10/site-packages/airflow/example_dags/example_bash_operator.py
[2025-07-04T15:21:20.843+0530] {processor.py:829} INFO - Processing file /Users/vaish/databorn_etl_project/retail_etl/etl_pipeline_project/venv/lib/python3.10/site-packages/airflow/example_dags/example_bash_operator.py for tasks to queue
[2025-07-04T15:21:20.844+0530] {logging_mixin.py:154} INFO - [2025-07-04T15:21:20.844+0530] {dagbag.py:536} INFO - Filling up the DagBag from /Users/vaish/databorn_etl_project/retail_etl/etl_pipeline_project/venv/lib/python3.10/site-packages/airflow/example_dags/example_bash_operator.py
[2025-07-04T15:21:20.925+0530] {processor.py:839} INFO - DAG(s) dict_keys(['example_bash_operator']) retrieved from /Users/vaish/databorn_etl_project/retail_etl/etl_pipeline_project/venv/lib/python3.10/site-packages/airflow/example_dags/example_bash_operator.py
[2025-07-04T15:21:21.100+0530] {logging_mixin.py:154} INFO - [2025-07-04T15:21:21.100+0530] {dag.py:2941} INFO - Sync 1 DAGs
[2025-07-04T15:21:21.121+0530] {logging_mixin.py:154} INFO - [2025-07-04T15:21:21.121+0530] {dag.py:3722} INFO - Setting next_dagrun for example_bash_operator to 2025-07-03T00:00:00+00:00, run_after=2025-07-04T00:00:00+00:00
[2025-07-04T15:21:21.142+0530] {processor.py:179} INFO - Processing /Users/vaish/databorn_etl_project/retail_etl/etl_pipeline_project/venv/lib/python3.10/site-packages/airflow/example_dags/example_bash_operator.py took 0.307 seconds
