[2025-07-04T15:05:11.877+0530] {processor.py:157} INFO - Started process (PID=19116) to work on /Users/vaish/databorn_etl_project/retail_etl/etl_pipeline_project/venv/lib/python3.10/site-packages/airflow/example_dags/example_sensor_decorator.py
[2025-07-04T15:05:11.878+0530] {processor.py:829} INFO - Processing file /Users/vaish/databorn_etl_project/retail_etl/etl_pipeline_project/venv/lib/python3.10/site-packages/airflow/example_dags/example_sensor_decorator.py for tasks to queue
[2025-07-04T15:05:11.879+0530] {logging_mixin.py:154} INFO - [2025-07-04T15:05:11.879+0530] {dagbag.py:536} INFO - Filling up the DagBag from /Users/vaish/databorn_etl_project/retail_etl/etl_pipeline_project/venv/lib/python3.10/site-packages/airflow/example_dags/example_sensor_decorator.py
[2025-07-04T15:05:11.943+0530] {processor.py:839} INFO - DAG(s) dict_keys(['example_sensor_decorator']) retrieved from /Users/vaish/databorn_etl_project/retail_etl/etl_pipeline_project/venv/lib/python3.10/site-packages/airflow/example_dags/example_sensor_decorator.py
[2025-07-04T15:05:12.909+0530] {logging_mixin.py:154} INFO - [2025-07-04T15:05:12.909+0530] {manager.py:499} INFO - Created Permission View: %s
[2025-07-04T15:05:12.923+0530] {logging_mixin.py:154} INFO - [2025-07-04T15:05:12.923+0530] {manager.py:499} INFO - Created Permission View: %s
[2025-07-04T15:05:12.933+0530] {logging_mixin.py:154} INFO - [2025-07-04T15:05:12.933+0530] {manager.py:499} INFO - Created Permission View: %s
[2025-07-04T15:05:12.935+0530] {logging_mixin.py:154} INFO - [2025-07-04T15:05:12.934+0530] {dag.py:2941} INFO - Sync 1 DAGs
[2025-07-04T15:05:12.957+0530] {logging_mixin.py:154} INFO - [2025-07-04T15:05:12.957+0530] {dag.py:2963} INFO - Creating ORM DAG for example_sensor_decorator
[2025-07-04T15:05:12.957+0530] {logging_mixin.py:154} INFO - [2025-07-04T15:05:12.957+0530] {dag.py:3722} INFO - Setting next_dagrun for example_sensor_decorator to None, run_after=None
[2025-07-04T15:05:12.984+0530] {processor.py:179} INFO - Processing /Users/vaish/databorn_etl_project/retail_etl/etl_pipeline_project/venv/lib/python3.10/site-packages/airflow/example_dags/example_sensor_decorator.py took 1.109 seconds
[2025-07-04T15:16:57.853+0530] {processor.py:157} INFO - Started process (PID=20478) to work on /Users/vaish/databorn_etl_project/retail_etl/etl_pipeline_project/venv/lib/python3.10/site-packages/airflow/example_dags/example_sensor_decorator.py
[2025-07-04T15:16:57.856+0530] {processor.py:829} INFO - Processing file /Users/vaish/databorn_etl_project/retail_etl/etl_pipeline_project/venv/lib/python3.10/site-packages/airflow/example_dags/example_sensor_decorator.py for tasks to queue
[2025-07-04T15:16:57.857+0530] {logging_mixin.py:154} INFO - [2025-07-04T15:16:57.857+0530] {dagbag.py:536} INFO - Filling up the DagBag from /Users/vaish/databorn_etl_project/retail_etl/etl_pipeline_project/venv/lib/python3.10/site-packages/airflow/example_dags/example_sensor_decorator.py
[2025-07-04T15:16:57.936+0530] {processor.py:839} INFO - DAG(s) dict_keys(['example_sensor_decorator']) retrieved from /Users/vaish/databorn_etl_project/retail_etl/etl_pipeline_project/venv/lib/python3.10/site-packages/airflow/example_dags/example_sensor_decorator.py
[2025-07-04T15:16:58.198+0530] {logging_mixin.py:154} INFO - [2025-07-04T15:16:58.198+0530] {dag.py:2941} INFO - Sync 1 DAGs
[2025-07-04T15:16:58.212+0530] {logging_mixin.py:154} INFO - [2025-07-04T15:16:58.211+0530] {dag.py:3722} INFO - Setting next_dagrun for example_sensor_decorator to None, run_after=None
[2025-07-04T15:16:58.242+0530] {processor.py:179} INFO - Processing /Users/vaish/databorn_etl_project/retail_etl/etl_pipeline_project/venv/lib/python3.10/site-packages/airflow/example_dags/example_sensor_decorator.py took 0.392 seconds
[2025-07-04T15:19:07.592+0530] {processor.py:157} INFO - Started process (PID=20837) to work on /Users/vaish/databorn_etl_project/retail_etl/etl_pipeline_project/venv/lib/python3.10/site-packages/airflow/example_dags/example_sensor_decorator.py
[2025-07-04T15:19:07.593+0530] {processor.py:829} INFO - Processing file /Users/vaish/databorn_etl_project/retail_etl/etl_pipeline_project/venv/lib/python3.10/site-packages/airflow/example_dags/example_sensor_decorator.py for tasks to queue
[2025-07-04T15:19:07.595+0530] {logging_mixin.py:154} INFO - [2025-07-04T15:19:07.594+0530] {dagbag.py:536} INFO - Filling up the DagBag from /Users/vaish/databorn_etl_project/retail_etl/etl_pipeline_project/venv/lib/python3.10/site-packages/airflow/example_dags/example_sensor_decorator.py
[2025-07-04T15:19:07.672+0530] {processor.py:839} INFO - DAG(s) dict_keys(['example_sensor_decorator']) retrieved from /Users/vaish/databorn_etl_project/retail_etl/etl_pipeline_project/venv/lib/python3.10/site-packages/airflow/example_dags/example_sensor_decorator.py
[2025-07-04T15:19:07.956+0530] {logging_mixin.py:154} INFO - [2025-07-04T15:19:07.956+0530] {dag.py:2941} INFO - Sync 1 DAGs
[2025-07-04T15:19:07.967+0530] {logging_mixin.py:154} INFO - [2025-07-04T15:19:07.966+0530] {dag.py:3722} INFO - Setting next_dagrun for example_sensor_decorator to None, run_after=None
[2025-07-04T15:19:07.994+0530] {processor.py:179} INFO - Processing /Users/vaish/databorn_etl_project/retail_etl/etl_pipeline_project/venv/lib/python3.10/site-packages/airflow/example_dags/example_sensor_decorator.py took 0.404 seconds
[2025-07-04T15:20:48.727+0530] {processor.py:157} INFO - Started process (PID=21118) to work on /Users/vaish/databorn_etl_project/retail_etl/etl_pipeline_project/venv/lib/python3.10/site-packages/airflow/example_dags/example_sensor_decorator.py
[2025-07-04T15:20:48.728+0530] {processor.py:829} INFO - Processing file /Users/vaish/databorn_etl_project/retail_etl/etl_pipeline_project/venv/lib/python3.10/site-packages/airflow/example_dags/example_sensor_decorator.py for tasks to queue
[2025-07-04T15:20:48.729+0530] {logging_mixin.py:154} INFO - [2025-07-04T15:20:48.729+0530] {dagbag.py:536} INFO - Filling up the DagBag from /Users/vaish/databorn_etl_project/retail_etl/etl_pipeline_project/venv/lib/python3.10/site-packages/airflow/example_dags/example_sensor_decorator.py
[2025-07-04T15:20:48.789+0530] {processor.py:839} INFO - DAG(s) dict_keys(['example_sensor_decorator']) retrieved from /Users/vaish/databorn_etl_project/retail_etl/etl_pipeline_project/venv/lib/python3.10/site-packages/airflow/example_dags/example_sensor_decorator.py
[2025-07-04T15:20:49.024+0530] {logging_mixin.py:154} INFO - [2025-07-04T15:20:49.023+0530] {dag.py:2941} INFO - Sync 1 DAGs
[2025-07-04T15:20:49.035+0530] {logging_mixin.py:154} INFO - [2025-07-04T15:20:49.034+0530] {dag.py:3722} INFO - Setting next_dagrun for example_sensor_decorator to None, run_after=None
[2025-07-04T15:20:49.057+0530] {processor.py:179} INFO - Processing /Users/vaish/databorn_etl_project/retail_etl/etl_pipeline_project/venv/lib/python3.10/site-packages/airflow/example_dags/example_sensor_decorator.py took 0.331 seconds
