[2025-07-04T15:05:46.896+0530] {processor.py:157} INFO - Started process (PID=19191) to work on /Users/vaish/databorn_etl_project/retail_etl/etl_pipeline_project/venv/lib/python3.10/site-packages/airflow/example_dags/example_external_task_marker_dag.py
[2025-07-04T15:05:46.897+0530] {processor.py:829} INFO - Processing file /Users/vaish/databorn_etl_project/retail_etl/etl_pipeline_project/venv/lib/python3.10/site-packages/airflow/example_dags/example_external_task_marker_dag.py for tasks to queue
[2025-07-04T15:05:46.898+0530] {logging_mixin.py:154} INFO - [2025-07-04T15:05:46.898+0530] {dagbag.py:536} INFO - Filling up the DagBag from /Users/vaish/databorn_etl_project/retail_etl/etl_pipeline_project/venv/lib/python3.10/site-packages/airflow/example_dags/example_external_task_marker_dag.py
[2025-07-04T15:05:46.937+0530] {processor.py:839} INFO - DAG(s) dict_keys(['example_external_task_marker_parent', 'example_external_task_marker_child']) retrieved from /Users/vaish/databorn_etl_project/retail_etl/etl_pipeline_project/venv/lib/python3.10/site-packages/airflow/example_dags/example_external_task_marker_dag.py
[2025-07-04T15:05:47.665+0530] {logging_mixin.py:154} INFO - [2025-07-04T15:05:47.665+0530] {manager.py:499} INFO - Created Permission View: %s
[2025-07-04T15:05:47.676+0530] {logging_mixin.py:154} INFO - [2025-07-04T15:05:47.676+0530] {manager.py:499} INFO - Created Permission View: %s
[2025-07-04T15:05:47.683+0530] {logging_mixin.py:154} INFO - [2025-07-04T15:05:47.683+0530] {manager.py:499} INFO - Created Permission View: %s
[2025-07-04T15:05:47.709+0530] {logging_mixin.py:154} INFO - [2025-07-04T15:05:47.709+0530] {manager.py:499} INFO - Created Permission View: %s
[2025-07-04T15:05:47.716+0530] {logging_mixin.py:154} INFO - [2025-07-04T15:05:47.716+0530] {manager.py:499} INFO - Created Permission View: %s
[2025-07-04T15:05:47.723+0530] {logging_mixin.py:154} INFO - [2025-07-04T15:05:47.723+0530] {manager.py:499} INFO - Created Permission View: %s
[2025-07-04T15:05:47.724+0530] {logging_mixin.py:154} INFO - [2025-07-04T15:05:47.723+0530] {dag.py:2941} INFO - Sync 2 DAGs
[2025-07-04T15:05:47.737+0530] {logging_mixin.py:154} INFO - [2025-07-04T15:05:47.736+0530] {dag.py:2963} INFO - Creating ORM DAG for example_external_task_marker_parent
[2025-07-04T15:05:47.737+0530] {logging_mixin.py:154} INFO - [2025-07-04T15:05:47.737+0530] {dag.py:2963} INFO - Creating ORM DAG for example_external_task_marker_child
[2025-07-04T15:05:47.738+0530] {logging_mixin.py:154} INFO - [2025-07-04T15:05:47.738+0530] {dag.py:3722} INFO - Setting next_dagrun for example_external_task_marker_child to None, run_after=None
[2025-07-04T15:05:47.738+0530] {logging_mixin.py:154} INFO - [2025-07-04T15:05:47.738+0530] {dag.py:3722} INFO - Setting next_dagrun for example_external_task_marker_parent to None, run_after=None
[2025-07-04T15:05:47.759+0530] {processor.py:179} INFO - Processing /Users/vaish/databorn_etl_project/retail_etl/etl_pipeline_project/venv/lib/python3.10/site-packages/airflow/example_dags/example_external_task_marker_dag.py took 0.864 seconds
[2025-07-04T15:17:24.806+0530] {processor.py:157} INFO - Started process (PID=20546) to work on /Users/vaish/databorn_etl_project/retail_etl/etl_pipeline_project/venv/lib/python3.10/site-packages/airflow/example_dags/example_external_task_marker_dag.py
[2025-07-04T15:17:24.813+0530] {processor.py:829} INFO - Processing file /Users/vaish/databorn_etl_project/retail_etl/etl_pipeline_project/venv/lib/python3.10/site-packages/airflow/example_dags/example_external_task_marker_dag.py for tasks to queue
[2025-07-04T15:17:24.814+0530] {logging_mixin.py:154} INFO - [2025-07-04T15:17:24.814+0530] {dagbag.py:536} INFO - Filling up the DagBag from /Users/vaish/databorn_etl_project/retail_etl/etl_pipeline_project/venv/lib/python3.10/site-packages/airflow/example_dags/example_external_task_marker_dag.py
[2025-07-04T15:17:24.846+0530] {processor.py:839} INFO - DAG(s) dict_keys(['example_external_task_marker_parent', 'example_external_task_marker_child']) retrieved from /Users/vaish/databorn_etl_project/retail_etl/etl_pipeline_project/venv/lib/python3.10/site-packages/airflow/example_dags/example_external_task_marker_dag.py
[2025-07-04T15:17:25.066+0530] {logging_mixin.py:154} INFO - [2025-07-04T15:17:25.066+0530] {dag.py:2941} INFO - Sync 2 DAGs
[2025-07-04T15:17:25.077+0530] {logging_mixin.py:154} INFO - [2025-07-04T15:17:25.077+0530] {dag.py:3722} INFO - Setting next_dagrun for example_external_task_marker_child to None, run_after=None
[2025-07-04T15:17:25.080+0530] {logging_mixin.py:154} INFO - [2025-07-04T15:17:25.080+0530] {dag.py:3722} INFO - Setting next_dagrun for example_external_task_marker_parent to None, run_after=None
[2025-07-04T15:17:25.105+0530] {processor.py:179} INFO - Processing /Users/vaish/databorn_etl_project/retail_etl/etl_pipeline_project/venv/lib/python3.10/site-packages/airflow/example_dags/example_external_task_marker_dag.py took 0.300 seconds
[2025-07-04T15:19:36.585+0530] {processor.py:157} INFO - Started process (PID=20921) to work on /Users/vaish/databorn_etl_project/retail_etl/etl_pipeline_project/venv/lib/python3.10/site-packages/airflow/example_dags/example_external_task_marker_dag.py
[2025-07-04T15:19:36.592+0530] {processor.py:829} INFO - Processing file /Users/vaish/databorn_etl_project/retail_etl/etl_pipeline_project/venv/lib/python3.10/site-packages/airflow/example_dags/example_external_task_marker_dag.py for tasks to queue
[2025-07-04T15:19:36.593+0530] {logging_mixin.py:154} INFO - [2025-07-04T15:19:36.593+0530] {dagbag.py:536} INFO - Filling up the DagBag from /Users/vaish/databorn_etl_project/retail_etl/etl_pipeline_project/venv/lib/python3.10/site-packages/airflow/example_dags/example_external_task_marker_dag.py
[2025-07-04T15:19:36.624+0530] {processor.py:839} INFO - DAG(s) dict_keys(['example_external_task_marker_parent', 'example_external_task_marker_child']) retrieved from /Users/vaish/databorn_etl_project/retail_etl/etl_pipeline_project/venv/lib/python3.10/site-packages/airflow/example_dags/example_external_task_marker_dag.py
[2025-07-04T15:19:36.839+0530] {logging_mixin.py:154} INFO - [2025-07-04T15:19:36.839+0530] {dag.py:2941} INFO - Sync 2 DAGs
[2025-07-04T15:19:36.850+0530] {logging_mixin.py:154} INFO - [2025-07-04T15:19:36.850+0530] {dag.py:3722} INFO - Setting next_dagrun for example_external_task_marker_child to None, run_after=None
[2025-07-04T15:19:36.853+0530] {logging_mixin.py:154} INFO - [2025-07-04T15:19:36.853+0530] {dag.py:3722} INFO - Setting next_dagrun for example_external_task_marker_parent to None, run_after=None
[2025-07-04T15:19:36.872+0530] {processor.py:179} INFO - Processing /Users/vaish/databorn_etl_project/retail_etl/etl_pipeline_project/venv/lib/python3.10/site-packages/airflow/example_dags/example_external_task_marker_dag.py took 0.288 seconds
