[2025-07-04T15:05:27.463+0530] {processor.py:157} INFO - Started process (PID=19154) to work on /Users/vaish/databorn_etl_project/retail_etl/etl_pipeline_project/venv/lib/python3.10/site-packages/airflow/example_dags/example_params_trigger_ui.py
[2025-07-04T15:05:27.464+0530] {processor.py:829} INFO - Processing file /Users/vaish/databorn_etl_project/retail_etl/etl_pipeline_project/venv/lib/python3.10/site-packages/airflow/example_dags/example_params_trigger_ui.py for tasks to queue
[2025-07-04T15:05:27.465+0530] {logging_mixin.py:154} INFO - [2025-07-04T15:05:27.465+0530] {dagbag.py:536} INFO - Filling up the DagBag from /Users/vaish/databorn_etl_project/retail_etl/etl_pipeline_project/venv/lib/python3.10/site-packages/airflow/example_dags/example_params_trigger_ui.py
[2025-07-04T15:05:27.606+0530] {processor.py:839} INFO - DAG(s) dict_keys(['example_params_trigger_ui']) retrieved from /Users/vaish/databorn_etl_project/retail_etl/etl_pipeline_project/venv/lib/python3.10/site-packages/airflow/example_dags/example_params_trigger_ui.py
[2025-07-04T15:05:28.345+0530] {logging_mixin.py:154} INFO - [2025-07-04T15:05:28.344+0530] {manager.py:499} INFO - Created Permission View: %s
[2025-07-04T15:05:28.357+0530] {logging_mixin.py:154} INFO - [2025-07-04T15:05:28.356+0530] {manager.py:499} INFO - Created Permission View: %s
[2025-07-04T15:05:28.364+0530] {logging_mixin.py:154} INFO - [2025-07-04T15:05:28.364+0530] {manager.py:499} INFO - Created Permission View: %s
[2025-07-04T15:05:28.364+0530] {logging_mixin.py:154} INFO - [2025-07-04T15:05:28.364+0530] {dag.py:2941} INFO - Sync 1 DAGs
[2025-07-04T15:05:28.376+0530] {logging_mixin.py:154} INFO - [2025-07-04T15:05:28.376+0530] {dag.py:2963} INFO - Creating ORM DAG for example_params_trigger_ui
[2025-07-04T15:05:28.377+0530] {logging_mixin.py:154} INFO - [2025-07-04T15:05:28.376+0530] {dag.py:3722} INFO - Setting next_dagrun for example_params_trigger_ui to None, run_after=None
[2025-07-04T15:05:28.397+0530] {processor.py:179} INFO - Processing /Users/vaish/databorn_etl_project/retail_etl/etl_pipeline_project/venv/lib/python3.10/site-packages/airflow/example_dags/example_params_trigger_ui.py took 0.935 seconds
[2025-07-04T15:17:09.783+0530] {processor.py:157} INFO - Started process (PID=20503) to work on /Users/vaish/databorn_etl_project/retail_etl/etl_pipeline_project/venv/lib/python3.10/site-packages/airflow/example_dags/example_params_trigger_ui.py
[2025-07-04T15:17:09.789+0530] {processor.py:829} INFO - Processing file /Users/vaish/databorn_etl_project/retail_etl/etl_pipeline_project/venv/lib/python3.10/site-packages/airflow/example_dags/example_params_trigger_ui.py for tasks to queue
[2025-07-04T15:17:09.790+0530] {logging_mixin.py:154} INFO - [2025-07-04T15:17:09.790+0530] {dagbag.py:536} INFO - Filling up the DagBag from /Users/vaish/databorn_etl_project/retail_etl/etl_pipeline_project/venv/lib/python3.10/site-packages/airflow/example_dags/example_params_trigger_ui.py
[2025-07-04T15:17:09.910+0530] {processor.py:839} INFO - DAG(s) dict_keys(['example_params_trigger_ui']) retrieved from /Users/vaish/databorn_etl_project/retail_etl/etl_pipeline_project/venv/lib/python3.10/site-packages/airflow/example_dags/example_params_trigger_ui.py
[2025-07-04T15:17:10.123+0530] {logging_mixin.py:154} INFO - [2025-07-04T15:17:10.123+0530] {dag.py:2941} INFO - Sync 1 DAGs
[2025-07-04T15:17:10.134+0530] {logging_mixin.py:154} INFO - [2025-07-04T15:17:10.134+0530] {dag.py:3722} INFO - Setting next_dagrun for example_params_trigger_ui to None, run_after=None
[2025-07-04T15:17:10.162+0530] {processor.py:179} INFO - Processing /Users/vaish/databorn_etl_project/retail_etl/etl_pipeline_project/venv/lib/python3.10/site-packages/airflow/example_dags/example_params_trigger_ui.py took 0.381 seconds
[2025-07-04T15:19:19.643+0530] {processor.py:157} INFO - Started process (PID=20866) to work on /Users/vaish/databorn_etl_project/retail_etl/etl_pipeline_project/venv/lib/python3.10/site-packages/airflow/example_dags/example_params_trigger_ui.py
[2025-07-04T15:19:19.645+0530] {processor.py:829} INFO - Processing file /Users/vaish/databorn_etl_project/retail_etl/etl_pipeline_project/venv/lib/python3.10/site-packages/airflow/example_dags/example_params_trigger_ui.py for tasks to queue
[2025-07-04T15:19:19.646+0530] {logging_mixin.py:154} INFO - [2025-07-04T15:19:19.646+0530] {dagbag.py:536} INFO - Filling up the DagBag from /Users/vaish/databorn_etl_project/retail_etl/etl_pipeline_project/venv/lib/python3.10/site-packages/airflow/example_dags/example_params_trigger_ui.py
[2025-07-04T15:19:19.762+0530] {processor.py:839} INFO - DAG(s) dict_keys(['example_params_trigger_ui']) retrieved from /Users/vaish/databorn_etl_project/retail_etl/etl_pipeline_project/venv/lib/python3.10/site-packages/airflow/example_dags/example_params_trigger_ui.py
[2025-07-04T15:19:19.978+0530] {logging_mixin.py:154} INFO - [2025-07-04T15:19:19.978+0530] {dag.py:2941} INFO - Sync 1 DAGs
[2025-07-04T15:19:19.989+0530] {logging_mixin.py:154} INFO - [2025-07-04T15:19:19.989+0530] {dag.py:3722} INFO - Setting next_dagrun for example_params_trigger_ui to None, run_after=None
[2025-07-04T15:19:20.018+0530] {processor.py:179} INFO - Processing /Users/vaish/databorn_etl_project/retail_etl/etl_pipeline_project/venv/lib/python3.10/site-packages/airflow/example_dags/example_params_trigger_ui.py took 0.377 seconds
