[2025-07-04T15:06:21.897+0530] {processor.py:157} INFO - Started process (PID=19257) to work on /Users/vaish/databorn_etl_project/retail_etl/etl_pipeline_project/venv/lib/python3.10/site-packages/airflow/example_dags/example_branch_day_of_week_operator.py
[2025-07-04T15:06:21.898+0530] {processor.py:829} INFO - Processing file /Users/vaish/databorn_etl_project/retail_etl/etl_pipeline_project/venv/lib/python3.10/site-packages/airflow/example_dags/example_branch_day_of_week_operator.py for tasks to queue
[2025-07-04T15:06:21.899+0530] {logging_mixin.py:154} INFO - [2025-07-04T15:06:21.899+0530] {dagbag.py:536} INFO - Filling up the DagBag from /Users/vaish/databorn_etl_project/retail_etl/etl_pipeline_project/venv/lib/python3.10/site-packages/airflow/example_dags/example_branch_day_of_week_operator.py
[2025-07-04T15:06:21.942+0530] {processor.py:839} INFO - DAG(s) dict_keys(['example_weekday_branch_operator']) retrieved from /Users/vaish/databorn_etl_project/retail_etl/etl_pipeline_project/venv/lib/python3.10/site-packages/airflow/example_dags/example_branch_day_of_week_operator.py
[2025-07-04T15:06:22.695+0530] {logging_mixin.py:154} INFO - [2025-07-04T15:06:22.695+0530] {manager.py:499} INFO - Created Permission View: %s
[2025-07-04T15:06:22.706+0530] {logging_mixin.py:154} INFO - [2025-07-04T15:06:22.706+0530] {manager.py:499} INFO - Created Permission View: %s
[2025-07-04T15:06:22.713+0530] {logging_mixin.py:154} INFO - [2025-07-04T15:06:22.712+0530] {manager.py:499} INFO - Created Permission View: %s
[2025-07-04T15:06:22.713+0530] {logging_mixin.py:154} INFO - [2025-07-04T15:06:22.713+0530] {dag.py:2941} INFO - Sync 1 DAGs
[2025-07-04T15:06:22.725+0530] {logging_mixin.py:154} INFO - [2025-07-04T15:06:22.724+0530] {dag.py:2963} INFO - Creating ORM DAG for example_weekday_branch_operator
[2025-07-04T15:06:22.737+0530] {logging_mixin.py:154} INFO - [2025-07-04T15:06:22.736+0530] {dag.py:3722} INFO - Setting next_dagrun for example_weekday_branch_operator to 2025-07-03T00:00:00+00:00, run_after=2025-07-04T00:00:00+00:00
[2025-07-04T15:06:22.756+0530] {processor.py:179} INFO - Processing /Users/vaish/databorn_etl_project/retail_etl/etl_pipeline_project/venv/lib/python3.10/site-packages/airflow/example_dags/example_branch_day_of_week_operator.py took 0.861 seconds
[2025-07-04T15:17:52.423+0530] {processor.py:157} INFO - Started process (PID=20643) to work on /Users/vaish/databorn_etl_project/retail_etl/etl_pipeline_project/venv/lib/python3.10/site-packages/airflow/example_dags/example_branch_day_of_week_operator.py
[2025-07-04T15:17:52.429+0530] {processor.py:829} INFO - Processing file /Users/vaish/databorn_etl_project/retail_etl/etl_pipeline_project/venv/lib/python3.10/site-packages/airflow/example_dags/example_branch_day_of_week_operator.py for tasks to queue
[2025-07-04T15:17:52.430+0530] {logging_mixin.py:154} INFO - [2025-07-04T15:17:52.430+0530] {dagbag.py:536} INFO - Filling up the DagBag from /Users/vaish/databorn_etl_project/retail_etl/etl_pipeline_project/venv/lib/python3.10/site-packages/airflow/example_dags/example_branch_day_of_week_operator.py
[2025-07-04T15:17:52.464+0530] {processor.py:839} INFO - DAG(s) dict_keys(['example_weekday_branch_operator']) retrieved from /Users/vaish/databorn_etl_project/retail_etl/etl_pipeline_project/venv/lib/python3.10/site-packages/airflow/example_dags/example_branch_day_of_week_operator.py
[2025-07-04T15:17:52.689+0530] {logging_mixin.py:154} INFO - [2025-07-04T15:17:52.689+0530] {dag.py:2941} INFO - Sync 1 DAGs
[2025-07-04T15:17:52.714+0530] {logging_mixin.py:154} INFO - [2025-07-04T15:17:52.714+0530] {dag.py:3722} INFO - Setting next_dagrun for example_weekday_branch_operator to 2025-07-03T00:00:00+00:00, run_after=2025-07-04T00:00:00+00:00
[2025-07-04T15:17:52.738+0530] {processor.py:179} INFO - Processing /Users/vaish/databorn_etl_project/retail_etl/etl_pipeline_project/venv/lib/python3.10/site-packages/airflow/example_dags/example_branch_day_of_week_operator.py took 0.316 seconds
[2025-07-04T15:21:15.011+0530] {processor.py:157} INFO - Started process (PID=21173) to work on /Users/vaish/databorn_etl_project/retail_etl/etl_pipeline_project/venv/lib/python3.10/site-packages/airflow/example_dags/example_branch_day_of_week_operator.py
[2025-07-04T15:21:15.018+0530] {processor.py:829} INFO - Processing file /Users/vaish/databorn_etl_project/retail_etl/etl_pipeline_project/venv/lib/python3.10/site-packages/airflow/example_dags/example_branch_day_of_week_operator.py for tasks to queue
[2025-07-04T15:21:15.018+0530] {logging_mixin.py:154} INFO - [2025-07-04T15:21:15.018+0530] {dagbag.py:536} INFO - Filling up the DagBag from /Users/vaish/databorn_etl_project/retail_etl/etl_pipeline_project/venv/lib/python3.10/site-packages/airflow/example_dags/example_branch_day_of_week_operator.py
[2025-07-04T15:21:15.048+0530] {processor.py:839} INFO - DAG(s) dict_keys(['example_weekday_branch_operator']) retrieved from /Users/vaish/databorn_etl_project/retail_etl/etl_pipeline_project/venv/lib/python3.10/site-packages/airflow/example_dags/example_branch_day_of_week_operator.py
[2025-07-04T15:21:15.299+0530] {logging_mixin.py:154} INFO - [2025-07-04T15:21:15.298+0530] {dag.py:2941} INFO - Sync 1 DAGs
[2025-07-04T15:21:15.320+0530] {logging_mixin.py:154} INFO - [2025-07-04T15:21:15.320+0530] {dag.py:3722} INFO - Setting next_dagrun for example_weekday_branch_operator to 2025-07-03T00:00:00+00:00, run_after=2025-07-04T00:00:00+00:00
[2025-07-04T15:21:15.346+0530] {processor.py:179} INFO - Processing /Users/vaish/databorn_etl_project/retail_etl/etl_pipeline_project/venv/lib/python3.10/site-packages/airflow/example_dags/example_branch_day_of_week_operator.py took 0.337 seconds
