[2025-07-04T15:05:50.577+0530] {processor.py:157} INFO - Started process (PID=19197) to work on /Users/vaish/databorn_etl_project/retail_etl/etl_pipeline_project/venv/lib/python3.10/site-packages/airflow/example_dags/example_dynamic_task_mapping_with_no_taskflow_operators.py
[2025-07-04T15:05:50.577+0530] {processor.py:829} INFO - Processing file /Users/vaish/databorn_etl_project/retail_etl/etl_pipeline_project/venv/lib/python3.10/site-packages/airflow/example_dags/example_dynamic_task_mapping_with_no_taskflow_operators.py for tasks to queue
[2025-07-04T15:05:50.578+0530] {logging_mixin.py:154} INFO - [2025-07-04T15:05:50.578+0530] {dagbag.py:536} INFO - Filling up the DagBag from /Users/vaish/databorn_etl_project/retail_etl/etl_pipeline_project/venv/lib/python3.10/site-packages/airflow/example_dags/example_dynamic_task_mapping_with_no_taskflow_operators.py
[2025-07-04T15:05:50.607+0530] {processor.py:839} INFO - DAG(s) dict_keys(['example_dynamic_task_mapping_with_no_taskflow_operators']) retrieved from /Users/vaish/databorn_etl_project/retail_etl/etl_pipeline_project/venv/lib/python3.10/site-packages/airflow/example_dags/example_dynamic_task_mapping_with_no_taskflow_operators.py
[2025-07-04T15:05:51.364+0530] {logging_mixin.py:154} INFO - [2025-07-04T15:05:51.364+0530] {manager.py:499} INFO - Created Permission View: %s
[2025-07-04T15:05:51.376+0530] {logging_mixin.py:154} INFO - [2025-07-04T15:05:51.376+0530] {manager.py:499} INFO - Created Permission View: %s
[2025-07-04T15:05:51.383+0530] {logging_mixin.py:154} INFO - [2025-07-04T15:05:51.383+0530] {manager.py:499} INFO - Created Permission View: %s
[2025-07-04T15:05:51.383+0530] {logging_mixin.py:154} INFO - [2025-07-04T15:05:51.383+0530] {dag.py:2941} INFO - Sync 1 DAGs
[2025-07-04T15:05:51.395+0530] {logging_mixin.py:154} INFO - [2025-07-04T15:05:51.395+0530] {dag.py:2963} INFO - Creating ORM DAG for example_dynamic_task_mapping_with_no_taskflow_operators
[2025-07-04T15:05:51.404+0530] {logging_mixin.py:154} INFO - [2025-07-04T15:05:51.403+0530] {dag.py:3722} INFO - Setting next_dagrun for example_dynamic_task_mapping_with_no_taskflow_operators to 2025-07-03T09:35:51.403765+00:00, run_after=2025-07-04T09:35:51.403765+00:00
[2025-07-04T15:05:51.423+0530] {processor.py:179} INFO - Processing /Users/vaish/databorn_etl_project/retail_etl/etl_pipeline_project/venv/lib/python3.10/site-packages/airflow/example_dags/example_dynamic_task_mapping_with_no_taskflow_operators.py took 0.848 seconds
[2025-07-04T15:17:26.705+0530] {processor.py:157} INFO - Started process (PID=20555) to work on /Users/vaish/databorn_etl_project/retail_etl/etl_pipeline_project/venv/lib/python3.10/site-packages/airflow/example_dags/example_dynamic_task_mapping_with_no_taskflow_operators.py
[2025-07-04T15:17:26.712+0530] {processor.py:829} INFO - Processing file /Users/vaish/databorn_etl_project/retail_etl/etl_pipeline_project/venv/lib/python3.10/site-packages/airflow/example_dags/example_dynamic_task_mapping_with_no_taskflow_operators.py for tasks to queue
[2025-07-04T15:17:26.713+0530] {logging_mixin.py:154} INFO - [2025-07-04T15:17:26.712+0530] {dagbag.py:536} INFO - Filling up the DagBag from /Users/vaish/databorn_etl_project/retail_etl/etl_pipeline_project/venv/lib/python3.10/site-packages/airflow/example_dags/example_dynamic_task_mapping_with_no_taskflow_operators.py
[2025-07-04T15:17:26.738+0530] {processor.py:839} INFO - DAG(s) dict_keys(['example_dynamic_task_mapping_with_no_taskflow_operators']) retrieved from /Users/vaish/databorn_etl_project/retail_etl/etl_pipeline_project/venv/lib/python3.10/site-packages/airflow/example_dags/example_dynamic_task_mapping_with_no_taskflow_operators.py
[2025-07-04T15:17:26.950+0530] {logging_mixin.py:154} INFO - [2025-07-04T15:17:26.949+0530] {dag.py:2941} INFO - Sync 1 DAGs
[2025-07-04T15:17:26.970+0530] {logging_mixin.py:154} INFO - [2025-07-04T15:17:26.970+0530] {dag.py:3722} INFO - Setting next_dagrun for example_dynamic_task_mapping_with_no_taskflow_operators to 2025-07-03T09:47:26.970022+00:00, run_after=2025-07-04T09:47:26.970022+00:00
[2025-07-04T15:17:26.996+0530] {processor.py:179} INFO - Processing /Users/vaish/databorn_etl_project/retail_etl/etl_pipeline_project/venv/lib/python3.10/site-packages/airflow/example_dags/example_dynamic_task_mapping_with_no_taskflow_operators.py took 0.292 seconds
[2025-07-04T15:19:39.526+0530] {processor.py:157} INFO - Started process (PID=20931) to work on /Users/vaish/databorn_etl_project/retail_etl/etl_pipeline_project/venv/lib/python3.10/site-packages/airflow/example_dags/example_dynamic_task_mapping_with_no_taskflow_operators.py
[2025-07-04T15:19:39.532+0530] {processor.py:829} INFO - Processing file /Users/vaish/databorn_etl_project/retail_etl/etl_pipeline_project/venv/lib/python3.10/site-packages/airflow/example_dags/example_dynamic_task_mapping_with_no_taskflow_operators.py for tasks to queue
[2025-07-04T15:19:39.533+0530] {logging_mixin.py:154} INFO - [2025-07-04T15:19:39.533+0530] {dagbag.py:536} INFO - Filling up the DagBag from /Users/vaish/databorn_etl_project/retail_etl/etl_pipeline_project/venv/lib/python3.10/site-packages/airflow/example_dags/example_dynamic_task_mapping_with_no_taskflow_operators.py
[2025-07-04T15:19:39.559+0530] {processor.py:839} INFO - DAG(s) dict_keys(['example_dynamic_task_mapping_with_no_taskflow_operators']) retrieved from /Users/vaish/databorn_etl_project/retail_etl/etl_pipeline_project/venv/lib/python3.10/site-packages/airflow/example_dags/example_dynamic_task_mapping_with_no_taskflow_operators.py
[2025-07-04T15:19:39.767+0530] {logging_mixin.py:154} INFO - [2025-07-04T15:19:39.767+0530] {dag.py:2941} INFO - Sync 1 DAGs
[2025-07-04T15:19:39.786+0530] {logging_mixin.py:154} INFO - [2025-07-04T15:19:39.786+0530] {dag.py:3722} INFO - Setting next_dagrun for example_dynamic_task_mapping_with_no_taskflow_operators to 2025-07-03T09:49:39.786439+00:00, run_after=2025-07-04T09:49:39.786439+00:00
[2025-07-04T15:19:39.812+0530] {processor.py:179} INFO - Processing /Users/vaish/databorn_etl_project/retail_etl/etl_pipeline_project/venv/lib/python3.10/site-packages/airflow/example_dags/example_dynamic_task_mapping_with_no_taskflow_operators.py took 0.288 seconds
