[2025-07-04T15:05:05.941+0530] {processor.py:157} INFO - Started process (PID=19108) to work on /Users/vaish/databorn_etl_project/retail_etl/etl_pipeline_project/venv/lib/python3.10/site-packages/airflow/example_dags/example_setup_teardown.py
[2025-07-04T15:05:05.942+0530] {processor.py:829} INFO - Processing file /Users/vaish/databorn_etl_project/retail_etl/etl_pipeline_project/venv/lib/python3.10/site-packages/airflow/example_dags/example_setup_teardown.py for tasks to queue
[2025-07-04T15:05:05.942+0530] {logging_mixin.py:154} INFO - [2025-07-04T15:05:05.942+0530] {dagbag.py:536} INFO - Filling up the DagBag from /Users/vaish/databorn_etl_project/retail_etl/etl_pipeline_project/venv/lib/python3.10/site-packages/airflow/example_dags/example_setup_teardown.py
[2025-07-04T15:05:05.970+0530] {processor.py:839} INFO - DAG(s) dict_keys(['example_setup_teardown']) retrieved from /Users/vaish/databorn_etl_project/retail_etl/etl_pipeline_project/venv/lib/python3.10/site-packages/airflow/example_dags/example_setup_teardown.py
[2025-07-04T15:05:06.666+0530] {logging_mixin.py:154} INFO - [2025-07-04T15:05:06.666+0530] {manager.py:499} INFO - Created Permission View: %s
[2025-07-04T15:05:06.676+0530] {logging_mixin.py:154} INFO - [2025-07-04T15:05:06.676+0530] {manager.py:499} INFO - Created Permission View: %s
[2025-07-04T15:05:06.683+0530] {logging_mixin.py:154} INFO - [2025-07-04T15:05:06.683+0530] {manager.py:499} INFO - Created Permission View: %s
[2025-07-04T15:05:06.683+0530] {logging_mixin.py:154} INFO - [2025-07-04T15:05:06.683+0530] {dag.py:2941} INFO - Sync 1 DAGs
[2025-07-04T15:05:06.695+0530] {logging_mixin.py:154} INFO - [2025-07-04T15:05:06.694+0530] {dag.py:2963} INFO - Creating ORM DAG for example_setup_teardown
[2025-07-04T15:05:06.704+0530] {logging_mixin.py:154} INFO - [2025-07-04T15:05:06.704+0530] {dag.py:3722} INFO - Setting next_dagrun for example_setup_teardown to 2025-07-03T09:35:06.704568+00:00, run_after=2025-07-04T09:35:06.704568+00:00
[2025-07-04T15:05:06.724+0530] {processor.py:179} INFO - Processing /Users/vaish/databorn_etl_project/retail_etl/etl_pipeline_project/venv/lib/python3.10/site-packages/airflow/example_dags/example_setup_teardown.py took 0.784 seconds
[2025-07-04T15:16:52.021+0530] {processor.py:157} INFO - Started process (PID=20467) to work on /Users/vaish/databorn_etl_project/retail_etl/etl_pipeline_project/venv/lib/python3.10/site-packages/airflow/example_dags/example_setup_teardown.py
[2025-07-04T15:16:52.024+0530] {processor.py:829} INFO - Processing file /Users/vaish/databorn_etl_project/retail_etl/etl_pipeline_project/venv/lib/python3.10/site-packages/airflow/example_dags/example_setup_teardown.py for tasks to queue
[2025-07-04T15:16:52.025+0530] {logging_mixin.py:154} INFO - [2025-07-04T15:16:52.025+0530] {dagbag.py:536} INFO - Filling up the DagBag from /Users/vaish/databorn_etl_project/retail_etl/etl_pipeline_project/venv/lib/python3.10/site-packages/airflow/example_dags/example_setup_teardown.py
[2025-07-04T15:16:52.060+0530] {processor.py:839} INFO - DAG(s) dict_keys(['example_setup_teardown']) retrieved from /Users/vaish/databorn_etl_project/retail_etl/etl_pipeline_project/venv/lib/python3.10/site-packages/airflow/example_dags/example_setup_teardown.py
[2025-07-04T15:16:52.312+0530] {logging_mixin.py:154} INFO - [2025-07-04T15:16:52.312+0530] {dag.py:2941} INFO - Sync 1 DAGs
[2025-07-04T15:16:52.336+0530] {logging_mixin.py:154} INFO - [2025-07-04T15:16:52.336+0530] {dag.py:3722} INFO - Setting next_dagrun for example_setup_teardown to 2025-07-03T09:46:52.336022+00:00, run_after=2025-07-04T09:46:52.336022+00:00
[2025-07-04T15:16:52.359+0530] {processor.py:179} INFO - Processing /Users/vaish/databorn_etl_project/retail_etl/etl_pipeline_project/venv/lib/python3.10/site-packages/airflow/example_dags/example_setup_teardown.py took 0.340 seconds
[2025-07-04T15:19:01.808+0530] {processor.py:157} INFO - Started process (PID=20807) to work on /Users/vaish/databorn_etl_project/retail_etl/etl_pipeline_project/venv/lib/python3.10/site-packages/airflow/example_dags/example_setup_teardown.py
[2025-07-04T15:19:01.815+0530] {processor.py:829} INFO - Processing file /Users/vaish/databorn_etl_project/retail_etl/etl_pipeline_project/venv/lib/python3.10/site-packages/airflow/example_dags/example_setup_teardown.py for tasks to queue
[2025-07-04T15:19:01.816+0530] {logging_mixin.py:154} INFO - [2025-07-04T15:19:01.816+0530] {dagbag.py:536} INFO - Filling up the DagBag from /Users/vaish/databorn_etl_project/retail_etl/etl_pipeline_project/venv/lib/python3.10/site-packages/airflow/example_dags/example_setup_teardown.py
[2025-07-04T15:19:01.847+0530] {processor.py:839} INFO - DAG(s) dict_keys(['example_setup_teardown']) retrieved from /Users/vaish/databorn_etl_project/retail_etl/etl_pipeline_project/venv/lib/python3.10/site-packages/airflow/example_dags/example_setup_teardown.py
[2025-07-04T15:19:02.066+0530] {logging_mixin.py:154} INFO - [2025-07-04T15:19:02.065+0530] {dag.py:2941} INFO - Sync 1 DAGs
[2025-07-04T15:19:02.086+0530] {logging_mixin.py:154} INFO - [2025-07-04T15:19:02.086+0530] {dag.py:3722} INFO - Setting next_dagrun for example_setup_teardown to 2025-07-03T09:49:02.086479+00:00, run_after=2025-07-04T09:49:02.086479+00:00
[2025-07-04T15:19:02.113+0530] {processor.py:179} INFO - Processing /Users/vaish/databorn_etl_project/retail_etl/etl_pipeline_project/venv/lib/python3.10/site-packages/airflow/example_dags/example_setup_teardown.py took 0.307 seconds
[2025-07-04T15:20:42.550+0530] {processor.py:157} INFO - Started process (PID=21105) to work on /Users/vaish/databorn_etl_project/retail_etl/etl_pipeline_project/venv/lib/python3.10/site-packages/airflow/example_dags/example_setup_teardown.py
[2025-07-04T15:20:42.551+0530] {processor.py:829} INFO - Processing file /Users/vaish/databorn_etl_project/retail_etl/etl_pipeline_project/venv/lib/python3.10/site-packages/airflow/example_dags/example_setup_teardown.py for tasks to queue
[2025-07-04T15:20:42.552+0530] {logging_mixin.py:154} INFO - [2025-07-04T15:20:42.552+0530] {dagbag.py:536} INFO - Filling up the DagBag from /Users/vaish/databorn_etl_project/retail_etl/etl_pipeline_project/venv/lib/python3.10/site-packages/airflow/example_dags/example_setup_teardown.py
[2025-07-04T15:20:42.579+0530] {processor.py:839} INFO - DAG(s) dict_keys(['example_setup_teardown']) retrieved from /Users/vaish/databorn_etl_project/retail_etl/etl_pipeline_project/venv/lib/python3.10/site-packages/airflow/example_dags/example_setup_teardown.py
[2025-07-04T15:20:42.818+0530] {logging_mixin.py:154} INFO - [2025-07-04T15:20:42.818+0530] {dag.py:2941} INFO - Sync 1 DAGs
[2025-07-04T15:20:42.838+0530] {logging_mixin.py:154} INFO - [2025-07-04T15:20:42.838+0530] {dag.py:3722} INFO - Setting next_dagrun for example_setup_teardown to 2025-07-03T09:50:42.838055+00:00, run_after=2025-07-04T09:50:42.838055+00:00
[2025-07-04T15:20:42.865+0530] {processor.py:179} INFO - Processing /Users/vaish/databorn_etl_project/retail_etl/etl_pipeline_project/venv/lib/python3.10/site-packages/airflow/example_dags/example_setup_teardown.py took 0.316 seconds
