[2025-07-04T15:04:35.116+0530] {processor.py:157} INFO - Started process (PID=19040) to work on /Users/vaish/databorn_etl_project/retail_etl/etl_pipeline_project/venv/lib/python3.10/site-packages/airflow/example_dags/example_time_delta_sensor_async.py
[2025-07-04T15:04:35.117+0530] {processor.py:829} INFO - Processing file /Users/vaish/databorn_etl_project/retail_etl/etl_pipeline_project/venv/lib/python3.10/site-packages/airflow/example_dags/example_time_delta_sensor_async.py for tasks to queue
[2025-07-04T15:04:35.117+0530] {logging_mixin.py:154} INFO - [2025-07-04T15:04:35.117+0530] {dagbag.py:536} INFO - Filling up the DagBag from /Users/vaish/databorn_etl_project/retail_etl/etl_pipeline_project/venv/lib/python3.10/site-packages/airflow/example_dags/example_time_delta_sensor_async.py
[2025-07-04T15:04:35.143+0530] {processor.py:839} INFO - DAG(s) dict_keys(['example_time_delta_sensor_async']) retrieved from /Users/vaish/databorn_etl_project/retail_etl/etl_pipeline_project/venv/lib/python3.10/site-packages/airflow/example_dags/example_time_delta_sensor_async.py
[2025-07-04T15:04:35.890+0530] {logging_mixin.py:154} INFO - [2025-07-04T15:04:35.890+0530] {manager.py:499} INFO - Created Permission View: %s
[2025-07-04T15:04:35.901+0530] {logging_mixin.py:154} INFO - [2025-07-04T15:04:35.901+0530] {manager.py:499} INFO - Created Permission View: %s
[2025-07-04T15:04:35.908+0530] {logging_mixin.py:154} INFO - [2025-07-04T15:04:35.908+0530] {manager.py:499} INFO - Created Permission View: %s
[2025-07-04T15:04:35.908+0530] {logging_mixin.py:154} INFO - [2025-07-04T15:04:35.908+0530] {dag.py:2941} INFO - Sync 1 DAGs
[2025-07-04T15:04:35.921+0530] {logging_mixin.py:154} INFO - [2025-07-04T15:04:35.921+0530] {dag.py:2963} INFO - Creating ORM DAG for example_time_delta_sensor_async
[2025-07-04T15:04:35.922+0530] {logging_mixin.py:154} INFO - [2025-07-04T15:04:35.922+0530] {dag.py:3722} INFO - Setting next_dagrun for example_time_delta_sensor_async to None, run_after=None
[2025-07-04T15:04:35.944+0530] {processor.py:179} INFO - Processing /Users/vaish/databorn_etl_project/retail_etl/etl_pipeline_project/venv/lib/python3.10/site-packages/airflow/example_dags/example_time_delta_sensor_async.py took 0.829 seconds
[2025-07-04T15:07:07.322+0530] {processor.py:157} INFO - Started process (PID=19354) to work on /Users/vaish/databorn_etl_project/retail_etl/etl_pipeline_project/venv/lib/python3.10/site-packages/airflow/example_dags/example_time_delta_sensor_async.py
[2025-07-04T15:07:07.329+0530] {processor.py:829} INFO - Processing file /Users/vaish/databorn_etl_project/retail_etl/etl_pipeline_project/venv/lib/python3.10/site-packages/airflow/example_dags/example_time_delta_sensor_async.py for tasks to queue
[2025-07-04T15:07:07.330+0530] {logging_mixin.py:154} INFO - [2025-07-04T15:07:07.330+0530] {dagbag.py:536} INFO - Filling up the DagBag from /Users/vaish/databorn_etl_project/retail_etl/etl_pipeline_project/venv/lib/python3.10/site-packages/airflow/example_dags/example_time_delta_sensor_async.py
[2025-07-04T15:07:07.356+0530] {processor.py:839} INFO - DAG(s) dict_keys(['example_time_delta_sensor_async']) retrieved from /Users/vaish/databorn_etl_project/retail_etl/etl_pipeline_project/venv/lib/python3.10/site-packages/airflow/example_dags/example_time_delta_sensor_async.py
[2025-07-04T15:07:07.575+0530] {logging_mixin.py:154} INFO - [2025-07-04T15:07:07.575+0530] {dag.py:2941} INFO - Sync 1 DAGs
[2025-07-04T15:07:07.587+0530] {logging_mixin.py:154} INFO - [2025-07-04T15:07:07.586+0530] {dag.py:3722} INFO - Setting next_dagrun for example_time_delta_sensor_async to None, run_after=None
[2025-07-04T15:07:07.614+0530] {processor.py:179} INFO - Processing /Users/vaish/databorn_etl_project/retail_etl/etl_pipeline_project/venv/lib/python3.10/site-packages/airflow/example_dags/example_time_delta_sensor_async.py took 0.293 seconds
[2025-07-04T15:16:24.584+0530] {processor.py:157} INFO - Started process (PID=20394) to work on /Users/vaish/databorn_etl_project/retail_etl/etl_pipeline_project/venv/lib/python3.10/site-packages/airflow/example_dags/example_time_delta_sensor_async.py
[2025-07-04T15:16:24.586+0530] {processor.py:829} INFO - Processing file /Users/vaish/databorn_etl_project/retail_etl/etl_pipeline_project/venv/lib/python3.10/site-packages/airflow/example_dags/example_time_delta_sensor_async.py for tasks to queue
[2025-07-04T15:16:24.587+0530] {logging_mixin.py:154} INFO - [2025-07-04T15:16:24.587+0530] {dagbag.py:536} INFO - Filling up the DagBag from /Users/vaish/databorn_etl_project/retail_etl/etl_pipeline_project/venv/lib/python3.10/site-packages/airflow/example_dags/example_time_delta_sensor_async.py
[2025-07-04T15:16:24.632+0530] {processor.py:839} INFO - DAG(s) dict_keys(['example_time_delta_sensor_async']) retrieved from /Users/vaish/databorn_etl_project/retail_etl/etl_pipeline_project/venv/lib/python3.10/site-packages/airflow/example_dags/example_time_delta_sensor_async.py
[2025-07-04T15:16:25.061+0530] {logging_mixin.py:154} INFO - [2025-07-04T15:16:25.061+0530] {dag.py:2941} INFO - Sync 1 DAGs
[2025-07-04T15:16:25.075+0530] {logging_mixin.py:154} INFO - [2025-07-04T15:16:25.074+0530] {dag.py:3722} INFO - Setting next_dagrun for example_time_delta_sensor_async to None, run_after=None
[2025-07-04T15:16:25.115+0530] {processor.py:179} INFO - Processing /Users/vaish/databorn_etl_project/retail_etl/etl_pipeline_project/venv/lib/python3.10/site-packages/airflow/example_dags/example_time_delta_sensor_async.py took 0.534 seconds
[2025-07-04T15:18:36.632+0530] {processor.py:157} INFO - Started process (PID=20748) to work on /Users/vaish/databorn_etl_project/retail_etl/etl_pipeline_project/venv/lib/python3.10/site-packages/airflow/example_dags/example_time_delta_sensor_async.py
[2025-07-04T15:18:36.633+0530] {processor.py:829} INFO - Processing file /Users/vaish/databorn_etl_project/retail_etl/etl_pipeline_project/venv/lib/python3.10/site-packages/airflow/example_dags/example_time_delta_sensor_async.py for tasks to queue
[2025-07-04T15:18:36.634+0530] {logging_mixin.py:154} INFO - [2025-07-04T15:18:36.634+0530] {dagbag.py:536} INFO - Filling up the DagBag from /Users/vaish/databorn_etl_project/retail_etl/etl_pipeline_project/venv/lib/python3.10/site-packages/airflow/example_dags/example_time_delta_sensor_async.py
[2025-07-04T15:18:36.664+0530] {processor.py:839} INFO - DAG(s) dict_keys(['example_time_delta_sensor_async']) retrieved from /Users/vaish/databorn_etl_project/retail_etl/etl_pipeline_project/venv/lib/python3.10/site-packages/airflow/example_dags/example_time_delta_sensor_async.py
[2025-07-04T15:18:36.903+0530] {logging_mixin.py:154} INFO - [2025-07-04T15:18:36.903+0530] {dag.py:2941} INFO - Sync 1 DAGs
[2025-07-04T15:18:36.914+0530] {logging_mixin.py:154} INFO - [2025-07-04T15:18:36.914+0530] {dag.py:3722} INFO - Setting next_dagrun for example_time_delta_sensor_async to None, run_after=None
[2025-07-04T15:18:36.937+0530] {processor.py:179} INFO - Processing /Users/vaish/databorn_etl_project/retail_etl/etl_pipeline_project/venv/lib/python3.10/site-packages/airflow/example_dags/example_time_delta_sensor_async.py took 0.306 seconds
[2025-07-04T15:20:15.723+0530] {processor.py:157} INFO - Started process (PID=21050) to work on /Users/vaish/databorn_etl_project/retail_etl/etl_pipeline_project/venv/lib/python3.10/site-packages/airflow/example_dags/example_time_delta_sensor_async.py
[2025-07-04T15:20:15.724+0530] {processor.py:829} INFO - Processing file /Users/vaish/databorn_etl_project/retail_etl/etl_pipeline_project/venv/lib/python3.10/site-packages/airflow/example_dags/example_time_delta_sensor_async.py for tasks to queue
[2025-07-04T15:20:15.725+0530] {logging_mixin.py:154} INFO - [2025-07-04T15:20:15.725+0530] {dagbag.py:536} INFO - Filling up the DagBag from /Users/vaish/databorn_etl_project/retail_etl/etl_pipeline_project/venv/lib/python3.10/site-packages/airflow/example_dags/example_time_delta_sensor_async.py
[2025-07-04T15:20:15.752+0530] {processor.py:839} INFO - DAG(s) dict_keys(['example_time_delta_sensor_async']) retrieved from /Users/vaish/databorn_etl_project/retail_etl/etl_pipeline_project/venv/lib/python3.10/site-packages/airflow/example_dags/example_time_delta_sensor_async.py
[2025-07-04T15:20:15.971+0530] {logging_mixin.py:154} INFO - [2025-07-04T15:20:15.971+0530] {dag.py:2941} INFO - Sync 1 DAGs
[2025-07-04T15:20:15.981+0530] {logging_mixin.py:154} INFO - [2025-07-04T15:20:15.981+0530] {dag.py:3722} INFO - Setting next_dagrun for example_time_delta_sensor_async to None, run_after=None
[2025-07-04T15:20:16.008+0530] {processor.py:179} INFO - Processing /Users/vaish/databorn_etl_project/retail_etl/etl_pipeline_project/venv/lib/python3.10/site-packages/airflow/example_dags/example_time_delta_sensor_async.py took 0.286 seconds
[2025-07-04T15:21:56.124+0530] {processor.py:157} INFO - Started process (PID=21319) to work on /Users/vaish/databorn_etl_project/retail_etl/etl_pipeline_project/venv/lib/python3.10/site-packages/airflow/example_dags/example_time_delta_sensor_async.py
[2025-07-04T15:21:56.131+0530] {processor.py:829} INFO - Processing file /Users/vaish/databorn_etl_project/retail_etl/etl_pipeline_project/venv/lib/python3.10/site-packages/airflow/example_dags/example_time_delta_sensor_async.py for tasks to queue
[2025-07-04T15:21:56.132+0530] {logging_mixin.py:154} INFO - [2025-07-04T15:21:56.132+0530] {dagbag.py:536} INFO - Filling up the DagBag from /Users/vaish/databorn_etl_project/retail_etl/etl_pipeline_project/venv/lib/python3.10/site-packages/airflow/example_dags/example_time_delta_sensor_async.py
[2025-07-04T15:21:56.163+0530] {processor.py:839} INFO - DAG(s) dict_keys(['example_time_delta_sensor_async']) retrieved from /Users/vaish/databorn_etl_project/retail_etl/etl_pipeline_project/venv/lib/python3.10/site-packages/airflow/example_dags/example_time_delta_sensor_async.py
[2025-07-04T15:21:56.426+0530] {logging_mixin.py:154} INFO - [2025-07-04T15:21:56.426+0530] {dag.py:2941} INFO - Sync 1 DAGs
[2025-07-04T15:21:56.440+0530] {logging_mixin.py:154} INFO - [2025-07-04T15:21:56.440+0530] {dag.py:3722} INFO - Setting next_dagrun for example_time_delta_sensor_async to None, run_after=None
[2025-07-04T15:21:56.476+0530] {processor.py:179} INFO - Processing /Users/vaish/databorn_etl_project/retail_etl/etl_pipeline_project/venv/lib/python3.10/site-packages/airflow/example_dags/example_time_delta_sensor_async.py took 0.353 seconds
