[2025-07-04T15:06:25.366+0530] {processor.py:157} INFO - Started process (PID=19267) to work on /Users/vaish/databorn_etl_project/retail_etl/etl_pipeline_project/venv/lib/python3.10/site-packages/airflow/example_dags/example_branch_datetime_operator.py
[2025-07-04T15:06:25.367+0530] {processor.py:829} INFO - Processing file /Users/vaish/databorn_etl_project/retail_etl/etl_pipeline_project/venv/lib/python3.10/site-packages/airflow/example_dags/example_branch_datetime_operator.py for tasks to queue
[2025-07-04T15:06:25.368+0530] {logging_mixin.py:154} INFO - [2025-07-04T15:06:25.367+0530] {dagbag.py:536} INFO - Filling up the DagBag from /Users/vaish/databorn_etl_project/retail_etl/etl_pipeline_project/venv/lib/python3.10/site-packages/airflow/example_dags/example_branch_datetime_operator.py
[2025-07-04T15:06:25.407+0530] {processor.py:839} INFO - DAG(s) dict_keys(['example_branch_datetime_operator', 'example_branch_datetime_operator_3', 'example_branch_datetime_operator_2']) retrieved from /Users/vaish/databorn_etl_project/retail_etl/etl_pipeline_project/venv/lib/python3.10/site-packages/airflow/example_dags/example_branch_datetime_operator.py
[2025-07-04T15:06:26.135+0530] {logging_mixin.py:154} INFO - [2025-07-04T15:06:26.135+0530] {manager.py:499} INFO - Created Permission View: %s
[2025-07-04T15:06:26.145+0530] {logging_mixin.py:154} INFO - [2025-07-04T15:06:26.145+0530] {manager.py:499} INFO - Created Permission View: %s
[2025-07-04T15:06:26.152+0530] {logging_mixin.py:154} INFO - [2025-07-04T15:06:26.152+0530] {manager.py:499} INFO - Created Permission View: %s
[2025-07-04T15:06:26.167+0530] {logging_mixin.py:154} INFO - [2025-07-04T15:06:26.166+0530] {manager.py:499} INFO - Created Permission View: %s
[2025-07-04T15:06:26.173+0530] {logging_mixin.py:154} INFO - [2025-07-04T15:06:26.173+0530] {manager.py:499} INFO - Created Permission View: %s
[2025-07-04T15:06:26.180+0530] {logging_mixin.py:154} INFO - [2025-07-04T15:06:26.180+0530] {manager.py:499} INFO - Created Permission View: %s
[2025-07-04T15:06:26.195+0530] {logging_mixin.py:154} INFO - [2025-07-04T15:06:26.195+0530] {manager.py:499} INFO - Created Permission View: %s
[2025-07-04T15:06:26.202+0530] {logging_mixin.py:154} INFO - [2025-07-04T15:06:26.202+0530] {manager.py:499} INFO - Created Permission View: %s
[2025-07-04T15:06:26.209+0530] {logging_mixin.py:154} INFO - [2025-07-04T15:06:26.209+0530] {manager.py:499} INFO - Created Permission View: %s
[2025-07-04T15:06:26.210+0530] {logging_mixin.py:154} INFO - [2025-07-04T15:06:26.209+0530] {dag.py:2941} INFO - Sync 3 DAGs
[2025-07-04T15:06:26.222+0530] {logging_mixin.py:154} INFO - [2025-07-04T15:06:26.222+0530] {dag.py:2963} INFO - Creating ORM DAG for example_branch_datetime_operator_2
[2025-07-04T15:06:26.223+0530] {logging_mixin.py:154} INFO - [2025-07-04T15:06:26.222+0530] {dag.py:2963} INFO - Creating ORM DAG for example_branch_datetime_operator_3
[2025-07-04T15:06:26.223+0530] {logging_mixin.py:154} INFO - [2025-07-04T15:06:26.223+0530] {dag.py:2963} INFO - Creating ORM DAG for example_branch_datetime_operator
[2025-07-04T15:06:26.235+0530] {logging_mixin.py:154} INFO - [2025-07-04T15:06:26.235+0530] {dag.py:3722} INFO - Setting next_dagrun for example_branch_datetime_operator to 2025-07-03T00:00:00+00:00, run_after=2025-07-04T00:00:00+00:00
[2025-07-04T15:06:26.238+0530] {logging_mixin.py:154} INFO - [2025-07-04T15:06:26.237+0530] {dag.py:3722} INFO - Setting next_dagrun for example_branch_datetime_operator_2 to 2025-07-03T00:00:00+00:00, run_after=2025-07-04T00:00:00+00:00
[2025-07-04T15:06:26.240+0530] {logging_mixin.py:154} INFO - [2025-07-04T15:06:26.240+0530] {dag.py:3722} INFO - Setting next_dagrun for example_branch_datetime_operator_3 to 2025-07-03T00:00:00+00:00, run_after=2025-07-04T00:00:00+00:00
[2025-07-04T15:06:26.261+0530] {processor.py:179} INFO - Processing /Users/vaish/databorn_etl_project/retail_etl/etl_pipeline_project/venv/lib/python3.10/site-packages/airflow/example_dags/example_branch_datetime_operator.py took 0.897 seconds
[2025-07-04T15:17:55.277+0530] {processor.py:157} INFO - Started process (PID=20647) to work on /Users/vaish/databorn_etl_project/retail_etl/etl_pipeline_project/venv/lib/python3.10/site-packages/airflow/example_dags/example_branch_datetime_operator.py
[2025-07-04T15:17:55.283+0530] {processor.py:829} INFO - Processing file /Users/vaish/databorn_etl_project/retail_etl/etl_pipeline_project/venv/lib/python3.10/site-packages/airflow/example_dags/example_branch_datetime_operator.py for tasks to queue
[2025-07-04T15:17:55.284+0530] {logging_mixin.py:154} INFO - [2025-07-04T15:17:55.284+0530] {dagbag.py:536} INFO - Filling up the DagBag from /Users/vaish/databorn_etl_project/retail_etl/etl_pipeline_project/venv/lib/python3.10/site-packages/airflow/example_dags/example_branch_datetime_operator.py
[2025-07-04T15:17:55.316+0530] {processor.py:839} INFO - DAG(s) dict_keys(['example_branch_datetime_operator_2', 'example_branch_datetime_operator_3', 'example_branch_datetime_operator']) retrieved from /Users/vaish/databorn_etl_project/retail_etl/etl_pipeline_project/venv/lib/python3.10/site-packages/airflow/example_dags/example_branch_datetime_operator.py
[2025-07-04T15:17:55.556+0530] {logging_mixin.py:154} INFO - [2025-07-04T15:17:55.556+0530] {dag.py:2941} INFO - Sync 3 DAGs
[2025-07-04T15:17:55.577+0530] {logging_mixin.py:154} INFO - [2025-07-04T15:17:55.577+0530] {dag.py:3722} INFO - Setting next_dagrun for example_branch_datetime_operator to 2025-07-03T00:00:00+00:00, run_after=2025-07-04T00:00:00+00:00
[2025-07-04T15:17:55.582+0530] {logging_mixin.py:154} INFO - [2025-07-04T15:17:55.582+0530] {dag.py:3722} INFO - Setting next_dagrun for example_branch_datetime_operator_2 to 2025-07-03T00:00:00+00:00, run_after=2025-07-04T00:00:00+00:00
[2025-07-04T15:17:55.585+0530] {logging_mixin.py:154} INFO - [2025-07-04T15:17:55.585+0530] {dag.py:3722} INFO - Setting next_dagrun for example_branch_datetime_operator_3 to 2025-07-03T00:00:00+00:00, run_after=2025-07-04T00:00:00+00:00
[2025-07-04T15:17:55.611+0530] {processor.py:179} INFO - Processing /Users/vaish/databorn_etl_project/retail_etl/etl_pipeline_project/venv/lib/python3.10/site-packages/airflow/example_dags/example_branch_datetime_operator.py took 0.336 seconds
[2025-07-04T15:21:18.028+0530] {processor.py:157} INFO - Started process (PID=21184) to work on /Users/vaish/databorn_etl_project/retail_etl/etl_pipeline_project/venv/lib/python3.10/site-packages/airflow/example_dags/example_branch_datetime_operator.py
[2025-07-04T15:21:18.035+0530] {processor.py:829} INFO - Processing file /Users/vaish/databorn_etl_project/retail_etl/etl_pipeline_project/venv/lib/python3.10/site-packages/airflow/example_dags/example_branch_datetime_operator.py for tasks to queue
[2025-07-04T15:21:18.036+0530] {logging_mixin.py:154} INFO - [2025-07-04T15:21:18.036+0530] {dagbag.py:536} INFO - Filling up the DagBag from /Users/vaish/databorn_etl_project/retail_etl/etl_pipeline_project/venv/lib/python3.10/site-packages/airflow/example_dags/example_branch_datetime_operator.py
[2025-07-04T15:21:18.069+0530] {processor.py:839} INFO - DAG(s) dict_keys(['example_branch_datetime_operator_2', 'example_branch_datetime_operator', 'example_branch_datetime_operator_3']) retrieved from /Users/vaish/databorn_etl_project/retail_etl/etl_pipeline_project/venv/lib/python3.10/site-packages/airflow/example_dags/example_branch_datetime_operator.py
[2025-07-04T15:21:18.284+0530] {logging_mixin.py:154} INFO - [2025-07-04T15:21:18.284+0530] {dag.py:2941} INFO - Sync 3 DAGs
[2025-07-04T15:21:18.306+0530] {logging_mixin.py:154} INFO - [2025-07-04T15:21:18.305+0530] {dag.py:3722} INFO - Setting next_dagrun for example_branch_datetime_operator to 2025-07-03T00:00:00+00:00, run_after=2025-07-04T00:00:00+00:00
[2025-07-04T15:21:18.311+0530] {logging_mixin.py:154} INFO - [2025-07-04T15:21:18.311+0530] {dag.py:3722} INFO - Setting next_dagrun for example_branch_datetime_operator_2 to 2025-07-03T00:00:00+00:00, run_after=2025-07-04T00:00:00+00:00
[2025-07-04T15:21:18.314+0530] {logging_mixin.py:154} INFO - [2025-07-04T15:21:18.314+0530] {dag.py:3722} INFO - Setting next_dagrun for example_branch_datetime_operator_3 to 2025-07-03T00:00:00+00:00, run_after=2025-07-04T00:00:00+00:00
[2025-07-04T15:21:18.334+0530] {processor.py:179} INFO - Processing /Users/vaish/databorn_etl_project/retail_etl/etl_pipeline_project/venv/lib/python3.10/site-packages/airflow/example_dags/example_branch_datetime_operator.py took 0.307 seconds
