[2025-07-04T15:05:31.135+0530] {processor.py:157} INFO - Started process (PID=19158) to work on /Users/vaish/databorn_etl_project/retail_etl/etl_pipeline_project/venv/lib/python3.10/site-packages/airflow/example_dags/example_nested_branch_dag.py
[2025-07-04T15:05:31.136+0530] {processor.py:829} INFO - Processing file /Users/vaish/databorn_etl_project/retail_etl/etl_pipeline_project/venv/lib/python3.10/site-packages/airflow/example_dags/example_nested_branch_dag.py for tasks to queue
[2025-07-04T15:05:31.136+0530] {logging_mixin.py:154} INFO - [2025-07-04T15:05:31.136+0530] {dagbag.py:536} INFO - Filling up the DagBag from /Users/vaish/databorn_etl_project/retail_etl/etl_pipeline_project/venv/lib/python3.10/site-packages/airflow/example_dags/example_nested_branch_dag.py
[2025-07-04T15:05:31.222+0530] {processor.py:839} INFO - DAG(s) dict_keys(['example_nested_branch_dag']) retrieved from /Users/vaish/databorn_etl_project/retail_etl/etl_pipeline_project/venv/lib/python3.10/site-packages/airflow/example_dags/example_nested_branch_dag.py
[2025-07-04T15:05:31.999+0530] {logging_mixin.py:154} INFO - [2025-07-04T15:05:31.999+0530] {manager.py:499} INFO - Created Permission View: %s
[2025-07-04T15:05:32.010+0530] {logging_mixin.py:154} INFO - [2025-07-04T15:05:32.009+0530] {manager.py:499} INFO - Created Permission View: %s
[2025-07-04T15:05:32.017+0530] {logging_mixin.py:154} INFO - [2025-07-04T15:05:32.017+0530] {manager.py:499} INFO - Created Permission View: %s
[2025-07-04T15:05:32.018+0530] {logging_mixin.py:154} INFO - [2025-07-04T15:05:32.018+0530] {dag.py:2941} INFO - Sync 1 DAGs
[2025-07-04T15:05:32.030+0530] {logging_mixin.py:154} INFO - [2025-07-04T15:05:32.029+0530] {dag.py:2963} INFO - Creating ORM DAG for example_nested_branch_dag
[2025-07-04T15:05:32.040+0530] {logging_mixin.py:154} INFO - [2025-07-04T15:05:32.040+0530] {dag.py:3722} INFO - Setting next_dagrun for example_nested_branch_dag to 2025-07-03T00:00:00+00:00, run_after=2025-07-04T00:00:00+00:00
[2025-07-04T15:05:32.060+0530] {processor.py:179} INFO - Processing /Users/vaish/databorn_etl_project/retail_etl/etl_pipeline_project/venv/lib/python3.10/site-packages/airflow/example_dags/example_nested_branch_dag.py took 0.926 seconds
[2025-07-04T15:17:12.826+0530] {processor.py:157} INFO - Started process (PID=20513) to work on /Users/vaish/databorn_etl_project/retail_etl/etl_pipeline_project/venv/lib/python3.10/site-packages/airflow/example_dags/example_nested_branch_dag.py
[2025-07-04T15:17:12.829+0530] {processor.py:829} INFO - Processing file /Users/vaish/databorn_etl_project/retail_etl/etl_pipeline_project/venv/lib/python3.10/site-packages/airflow/example_dags/example_nested_branch_dag.py for tasks to queue
[2025-07-04T15:17:12.830+0530] {logging_mixin.py:154} INFO - [2025-07-04T15:17:12.830+0530] {dagbag.py:536} INFO - Filling up the DagBag from /Users/vaish/databorn_etl_project/retail_etl/etl_pipeline_project/venv/lib/python3.10/site-packages/airflow/example_dags/example_nested_branch_dag.py
[2025-07-04T15:17:12.908+0530] {processor.py:839} INFO - DAG(s) dict_keys(['example_nested_branch_dag']) retrieved from /Users/vaish/databorn_etl_project/retail_etl/etl_pipeline_project/venv/lib/python3.10/site-packages/airflow/example_dags/example_nested_branch_dag.py
[2025-07-04T15:17:13.160+0530] {logging_mixin.py:154} INFO - [2025-07-04T15:17:13.160+0530] {dag.py:2941} INFO - Sync 1 DAGs
[2025-07-04T15:17:13.186+0530] {logging_mixin.py:154} INFO - [2025-07-04T15:17:13.186+0530] {dag.py:3722} INFO - Setting next_dagrun for example_nested_branch_dag to 2025-07-03T00:00:00+00:00, run_after=2025-07-04T00:00:00+00:00
[2025-07-04T15:17:13.215+0530] {processor.py:179} INFO - Processing /Users/vaish/databorn_etl_project/retail_etl/etl_pipeline_project/venv/lib/python3.10/site-packages/airflow/example_dags/example_nested_branch_dag.py took 0.391 seconds
[2025-07-04T15:19:22.523+0530] {processor.py:157} INFO - Started process (PID=20879) to work on /Users/vaish/databorn_etl_project/retail_etl/etl_pipeline_project/venv/lib/python3.10/site-packages/airflow/example_dags/example_nested_branch_dag.py
[2025-07-04T15:19:22.526+0530] {processor.py:829} INFO - Processing file /Users/vaish/databorn_etl_project/retail_etl/etl_pipeline_project/venv/lib/python3.10/site-packages/airflow/example_dags/example_nested_branch_dag.py for tasks to queue
[2025-07-04T15:19:22.527+0530] {logging_mixin.py:154} INFO - [2025-07-04T15:19:22.526+0530] {dagbag.py:536} INFO - Filling up the DagBag from /Users/vaish/databorn_etl_project/retail_etl/etl_pipeline_project/venv/lib/python3.10/site-packages/airflow/example_dags/example_nested_branch_dag.py
[2025-07-04T15:19:22.592+0530] {processor.py:839} INFO - DAG(s) dict_keys(['example_nested_branch_dag']) retrieved from /Users/vaish/databorn_etl_project/retail_etl/etl_pipeline_project/venv/lib/python3.10/site-packages/airflow/example_dags/example_nested_branch_dag.py
[2025-07-04T15:19:22.809+0530] {logging_mixin.py:154} INFO - [2025-07-04T15:19:22.809+0530] {dag.py:2941} INFO - Sync 1 DAGs
[2025-07-04T15:19:22.830+0530] {logging_mixin.py:154} INFO - [2025-07-04T15:19:22.830+0530] {dag.py:3722} INFO - Setting next_dagrun for example_nested_branch_dag to 2025-07-03T00:00:00+00:00, run_after=2025-07-04T00:00:00+00:00
[2025-07-04T15:19:22.858+0530] {processor.py:179} INFO - Processing /Users/vaish/databorn_etl_project/retail_etl/etl_pipeline_project/venv/lib/python3.10/site-packages/airflow/example_dags/example_nested_branch_dag.py took 0.336 seconds
