[2025-07-04T15:06:11.395+0530] {processor.py:157} INFO - Started process (PID=19237) to work on /Users/vaish/databorn_etl_project/retail_etl/etl_pipeline_project/venv/lib/python3.10/site-packages/airflow/example_dags/example_branch_operator_decorator.py
[2025-07-04T15:06:11.396+0530] {processor.py:829} INFO - Processing file /Users/vaish/databorn_etl_project/retail_etl/etl_pipeline_project/venv/lib/python3.10/site-packages/airflow/example_dags/example_branch_operator_decorator.py for tasks to queue
[2025-07-04T15:06:11.397+0530] {logging_mixin.py:154} INFO - [2025-07-04T15:06:11.397+0530] {dagbag.py:536} INFO - Filling up the DagBag from /Users/vaish/databorn_etl_project/retail_etl/etl_pipeline_project/venv/lib/python3.10/site-packages/airflow/example_dags/example_branch_operator_decorator.py
[2025-07-04T15:06:11.469+0530] {processor.py:839} INFO - DAG(s) dict_keys(['example_branch_python_operator_decorator']) retrieved from /Users/vaish/databorn_etl_project/retail_etl/etl_pipeline_project/venv/lib/python3.10/site-packages/airflow/example_dags/example_branch_operator_decorator.py
[2025-07-04T15:06:12.200+0530] {logging_mixin.py:154} INFO - [2025-07-04T15:06:12.200+0530] {manager.py:499} INFO - Created Permission View: %s
[2025-07-04T15:06:12.214+0530] {logging_mixin.py:154} INFO - [2025-07-04T15:06:12.214+0530] {manager.py:499} INFO - Created Permission View: %s
[2025-07-04T15:06:12.222+0530] {logging_mixin.py:154} INFO - [2025-07-04T15:06:12.222+0530] {manager.py:499} INFO - Created Permission View: %s
[2025-07-04T15:06:12.223+0530] {logging_mixin.py:154} INFO - [2025-07-04T15:06:12.223+0530] {dag.py:2941} INFO - Sync 1 DAGs
[2025-07-04T15:06:12.235+0530] {logging_mixin.py:154} INFO - [2025-07-04T15:06:12.234+0530] {dag.py:2963} INFO - Creating ORM DAG for example_branch_python_operator_decorator
[2025-07-04T15:06:12.246+0530] {logging_mixin.py:154} INFO - [2025-07-04T15:06:12.246+0530] {dag.py:3722} INFO - Setting next_dagrun for example_branch_python_operator_decorator to 2025-07-03T00:00:00+00:00, run_after=2025-07-04T00:00:00+00:00
[2025-07-04T15:06:12.267+0530] {processor.py:179} INFO - Processing /Users/vaish/databorn_etl_project/retail_etl/etl_pipeline_project/venv/lib/python3.10/site-packages/airflow/example_dags/example_branch_operator_decorator.py took 0.874 seconds
[2025-07-04T15:17:43.621+0530] {processor.py:157} INFO - Started process (PID=20620) to work on /Users/vaish/databorn_etl_project/retail_etl/etl_pipeline_project/venv/lib/python3.10/site-packages/airflow/example_dags/example_branch_operator_decorator.py
[2025-07-04T15:17:43.624+0530] {processor.py:829} INFO - Processing file /Users/vaish/databorn_etl_project/retail_etl/etl_pipeline_project/venv/lib/python3.10/site-packages/airflow/example_dags/example_branch_operator_decorator.py for tasks to queue
[2025-07-04T15:17:43.625+0530] {logging_mixin.py:154} INFO - [2025-07-04T15:17:43.625+0530] {dagbag.py:536} INFO - Filling up the DagBag from /Users/vaish/databorn_etl_project/retail_etl/etl_pipeline_project/venv/lib/python3.10/site-packages/airflow/example_dags/example_branch_operator_decorator.py
[2025-07-04T15:17:43.692+0530] {processor.py:839} INFO - DAG(s) dict_keys(['example_branch_python_operator_decorator']) retrieved from /Users/vaish/databorn_etl_project/retail_etl/etl_pipeline_project/venv/lib/python3.10/site-packages/airflow/example_dags/example_branch_operator_decorator.py
[2025-07-04T15:17:43.916+0530] {logging_mixin.py:154} INFO - [2025-07-04T15:17:43.916+0530] {dag.py:2941} INFO - Sync 1 DAGs
[2025-07-04T15:17:43.938+0530] {logging_mixin.py:154} INFO - [2025-07-04T15:17:43.938+0530] {dag.py:3722} INFO - Setting next_dagrun for example_branch_python_operator_decorator to 2025-07-03T00:00:00+00:00, run_after=2025-07-04T00:00:00+00:00
[2025-07-04T15:17:43.970+0530] {processor.py:179} INFO - Processing /Users/vaish/databorn_etl_project/retail_etl/etl_pipeline_project/venv/lib/python3.10/site-packages/airflow/example_dags/example_branch_operator_decorator.py took 0.349 seconds
[2025-07-04T15:21:05.922+0530] {processor.py:157} INFO - Started process (PID=21156) to work on /Users/vaish/databorn_etl_project/retail_etl/etl_pipeline_project/venv/lib/python3.10/site-packages/airflow/example_dags/example_branch_operator_decorator.py
[2025-07-04T15:21:05.929+0530] {processor.py:829} INFO - Processing file /Users/vaish/databorn_etl_project/retail_etl/etl_pipeline_project/venv/lib/python3.10/site-packages/airflow/example_dags/example_branch_operator_decorator.py for tasks to queue
[2025-07-04T15:21:05.930+0530] {logging_mixin.py:154} INFO - [2025-07-04T15:21:05.930+0530] {dagbag.py:536} INFO - Filling up the DagBag from /Users/vaish/databorn_etl_project/retail_etl/etl_pipeline_project/venv/lib/python3.10/site-packages/airflow/example_dags/example_branch_operator_decorator.py
[2025-07-04T15:21:05.996+0530] {processor.py:839} INFO - DAG(s) dict_keys(['example_branch_python_operator_decorator']) retrieved from /Users/vaish/databorn_etl_project/retail_etl/etl_pipeline_project/venv/lib/python3.10/site-packages/airflow/example_dags/example_branch_operator_decorator.py
[2025-07-04T15:21:06.235+0530] {logging_mixin.py:154} INFO - [2025-07-04T15:21:06.235+0530] {dag.py:2941} INFO - Sync 1 DAGs
[2025-07-04T15:21:06.258+0530] {logging_mixin.py:154} INFO - [2025-07-04T15:21:06.258+0530] {dag.py:3722} INFO - Setting next_dagrun for example_branch_python_operator_decorator to 2025-07-03T00:00:00+00:00, run_after=2025-07-04T00:00:00+00:00
[2025-07-04T15:21:06.286+0530] {processor.py:179} INFO - Processing /Users/vaish/databorn_etl_project/retail_etl/etl_pipeline_project/venv/lib/python3.10/site-packages/airflow/example_dags/example_branch_operator_decorator.py took 0.365 seconds
