[2025-07-04T15:06:04.415+0530] {processor.py:157} INFO - Started process (PID=19227) to work on /Users/vaish/databorn_etl_project/retail_etl/etl_pipeline_project/venv/lib/python3.10/site-packages/airflow/example_dags/example_complex.py
[2025-07-04T15:06:04.416+0530] {processor.py:829} INFO - Processing file /Users/vaish/databorn_etl_project/retail_etl/etl_pipeline_project/venv/lib/python3.10/site-packages/airflow/example_dags/example_complex.py for tasks to queue
[2025-07-04T15:06:04.417+0530] {logging_mixin.py:154} INFO - [2025-07-04T15:06:04.417+0530] {dagbag.py:536} INFO - Filling up the DagBag from /Users/vaish/databorn_etl_project/retail_etl/etl_pipeline_project/venv/lib/python3.10/site-packages/airflow/example_dags/example_complex.py
[2025-07-04T15:06:04.455+0530] {processor.py:839} INFO - DAG(s) dict_keys(['example_complex']) retrieved from /Users/vaish/databorn_etl_project/retail_etl/etl_pipeline_project/venv/lib/python3.10/site-packages/airflow/example_dags/example_complex.py
[2025-07-04T15:06:05.202+0530] {logging_mixin.py:154} INFO - [2025-07-04T15:06:05.202+0530] {manager.py:499} INFO - Created Permission View: %s
[2025-07-04T15:06:05.212+0530] {logging_mixin.py:154} INFO - [2025-07-04T15:06:05.212+0530] {manager.py:499} INFO - Created Permission View: %s
[2025-07-04T15:06:05.219+0530] {logging_mixin.py:154} INFO - [2025-07-04T15:06:05.219+0530] {manager.py:499} INFO - Created Permission View: %s
[2025-07-04T15:06:05.220+0530] {logging_mixin.py:154} INFO - [2025-07-04T15:06:05.219+0530] {dag.py:2941} INFO - Sync 1 DAGs
[2025-07-04T15:06:05.231+0530] {logging_mixin.py:154} INFO - [2025-07-04T15:06:05.231+0530] {dag.py:2963} INFO - Creating ORM DAG for example_complex
[2025-07-04T15:06:05.232+0530] {logging_mixin.py:154} INFO - [2025-07-04T15:06:05.231+0530] {dag.py:3722} INFO - Setting next_dagrun for example_complex to None, run_after=None
[2025-07-04T15:06:05.254+0530] {processor.py:179} INFO - Processing /Users/vaish/databorn_etl_project/retail_etl/etl_pipeline_project/venv/lib/python3.10/site-packages/airflow/example_dags/example_complex.py took 0.840 seconds
[2025-07-04T15:17:38.461+0530] {processor.py:157} INFO - Started process (PID=20597) to work on /Users/vaish/databorn_etl_project/retail_etl/etl_pipeline_project/venv/lib/python3.10/site-packages/airflow/example_dags/example_complex.py
[2025-07-04T15:17:38.464+0530] {processor.py:829} INFO - Processing file /Users/vaish/databorn_etl_project/retail_etl/etl_pipeline_project/venv/lib/python3.10/site-packages/airflow/example_dags/example_complex.py for tasks to queue
[2025-07-04T15:17:38.464+0530] {logging_mixin.py:154} INFO - [2025-07-04T15:17:38.464+0530] {dagbag.py:536} INFO - Filling up the DagBag from /Users/vaish/databorn_etl_project/retail_etl/etl_pipeline_project/venv/lib/python3.10/site-packages/airflow/example_dags/example_complex.py
[2025-07-04T15:17:38.497+0530] {processor.py:839} INFO - DAG(s) dict_keys(['example_complex']) retrieved from /Users/vaish/databorn_etl_project/retail_etl/etl_pipeline_project/venv/lib/python3.10/site-packages/airflow/example_dags/example_complex.py
[2025-07-04T15:17:38.735+0530] {logging_mixin.py:154} INFO - [2025-07-04T15:17:38.735+0530] {dag.py:2941} INFO - Sync 1 DAGs
[2025-07-04T15:17:38.746+0530] {logging_mixin.py:154} INFO - [2025-07-04T15:17:38.746+0530] {dag.py:3722} INFO - Setting next_dagrun for example_complex to None, run_after=None
[2025-07-04T15:17:38.773+0530] {processor.py:179} INFO - Processing /Users/vaish/databorn_etl_project/retail_etl/etl_pipeline_project/venv/lib/python3.10/site-packages/airflow/example_dags/example_complex.py took 0.313 seconds
[2025-07-04T15:20:59.923+0530] {processor.py:157} INFO - Started process (PID=21143) to work on /Users/vaish/databorn_etl_project/retail_etl/etl_pipeline_project/venv/lib/python3.10/site-packages/airflow/example_dags/example_complex.py
[2025-07-04T15:20:59.926+0530] {processor.py:829} INFO - Processing file /Users/vaish/databorn_etl_project/retail_etl/etl_pipeline_project/venv/lib/python3.10/site-packages/airflow/example_dags/example_complex.py for tasks to queue
[2025-07-04T15:20:59.926+0530] {logging_mixin.py:154} INFO - [2025-07-04T15:20:59.926+0530] {dagbag.py:536} INFO - Filling up the DagBag from /Users/vaish/databorn_etl_project/retail_etl/etl_pipeline_project/venv/lib/python3.10/site-packages/airflow/example_dags/example_complex.py
[2025-07-04T15:20:59.959+0530] {processor.py:839} INFO - DAG(s) dict_keys(['example_complex']) retrieved from /Users/vaish/databorn_etl_project/retail_etl/etl_pipeline_project/venv/lib/python3.10/site-packages/airflow/example_dags/example_complex.py
[2025-07-04T15:21:00.199+0530] {logging_mixin.py:154} INFO - [2025-07-04T15:21:00.198+0530] {dag.py:2941} INFO - Sync 1 DAGs
[2025-07-04T15:21:00.213+0530] {logging_mixin.py:154} INFO - [2025-07-04T15:21:00.212+0530] {dag.py:3722} INFO - Setting next_dagrun for example_complex to None, run_after=None
[2025-07-04T15:21:00.236+0530] {processor.py:179} INFO - Processing /Users/vaish/databorn_etl_project/retail_etl/etl_pipeline_project/venv/lib/python3.10/site-packages/airflow/example_dags/example_complex.py took 0.315 seconds
