[2025-07-04T15:04:10.061+0530] {processor.py:157} INFO - Started process (PID=18986) to work on /Users/vaish/databorn_etl_project/retail_etl/etl_pipeline_project/venv/lib/python3.10/site-packages/airflow/example_dags/tutorial_taskflow_api.py
[2025-07-04T15:04:10.062+0530] {processor.py:829} INFO - Processing file /Users/vaish/databorn_etl_project/retail_etl/etl_pipeline_project/venv/lib/python3.10/site-packages/airflow/example_dags/tutorial_taskflow_api.py for tasks to queue
[2025-07-04T15:04:10.063+0530] {logging_mixin.py:154} INFO - [2025-07-04T15:04:10.063+0530] {dagbag.py:536} INFO - Filling up the DagBag from /Users/vaish/databorn_etl_project/retail_etl/etl_pipeline_project/venv/lib/python3.10/site-packages/airflow/example_dags/tutorial_taskflow_api.py
[2025-07-04T15:04:10.122+0530] {processor.py:839} INFO - DAG(s) dict_keys(['tutorial_taskflow_api']) retrieved from /Users/vaish/databorn_etl_project/retail_etl/etl_pipeline_project/venv/lib/python3.10/site-packages/airflow/example_dags/tutorial_taskflow_api.py
[2025-07-04T15:04:11.083+0530] {logging_mixin.py:154} INFO - [2025-07-04T15:04:11.082+0530] {manager.py:499} INFO - Created Permission View: %s
[2025-07-04T15:04:11.093+0530] {logging_mixin.py:154} INFO - [2025-07-04T15:04:11.093+0530] {manager.py:499} INFO - Created Permission View: %s
[2025-07-04T15:04:11.104+0530] {logging_mixin.py:154} INFO - [2025-07-04T15:04:11.103+0530] {manager.py:499} INFO - Created Permission View: %s
[2025-07-04T15:04:11.104+0530] {logging_mixin.py:154} INFO - [2025-07-04T15:04:11.104+0530] {dag.py:2941} INFO - Sync 1 DAGs
[2025-07-04T15:04:11.118+0530] {logging_mixin.py:154} INFO - [2025-07-04T15:04:11.118+0530] {dag.py:2963} INFO - Creating ORM DAG for tutorial_taskflow_api
[2025-07-04T15:04:11.119+0530] {logging_mixin.py:154} INFO - [2025-07-04T15:04:11.119+0530] {dag.py:3722} INFO - Setting next_dagrun for tutorial_taskflow_api to None, run_after=None
[2025-07-04T15:04:11.139+0530] {processor.py:179} INFO - Processing /Users/vaish/databorn_etl_project/retail_etl/etl_pipeline_project/venv/lib/python3.10/site-packages/airflow/example_dags/tutorial_taskflow_api.py took 1.079 seconds
[2025-07-04T15:06:47.344+0530] {processor.py:157} INFO - Started process (PID=19308) to work on /Users/vaish/databorn_etl_project/retail_etl/etl_pipeline_project/venv/lib/python3.10/site-packages/airflow/example_dags/tutorial_taskflow_api.py
[2025-07-04T15:06:47.345+0530] {processor.py:829} INFO - Processing file /Users/vaish/databorn_etl_project/retail_etl/etl_pipeline_project/venv/lib/python3.10/site-packages/airflow/example_dags/tutorial_taskflow_api.py for tasks to queue
[2025-07-04T15:06:47.346+0530] {logging_mixin.py:154} INFO - [2025-07-04T15:06:47.346+0530] {dagbag.py:536} INFO - Filling up the DagBag from /Users/vaish/databorn_etl_project/retail_etl/etl_pipeline_project/venv/lib/python3.10/site-packages/airflow/example_dags/tutorial_taskflow_api.py
[2025-07-04T15:06:47.411+0530] {processor.py:839} INFO - DAG(s) dict_keys(['tutorial_taskflow_api']) retrieved from /Users/vaish/databorn_etl_project/retail_etl/etl_pipeline_project/venv/lib/python3.10/site-packages/airflow/example_dags/tutorial_taskflow_api.py
[2025-07-04T15:06:47.676+0530] {logging_mixin.py:154} INFO - [2025-07-04T15:06:47.675+0530] {dag.py:2941} INFO - Sync 1 DAGs
[2025-07-04T15:06:47.690+0530] {logging_mixin.py:154} INFO - [2025-07-04T15:06:47.690+0530] {dag.py:3722} INFO - Setting next_dagrun for tutorial_taskflow_api to None, run_after=None
[2025-07-04T15:06:47.723+0530] {processor.py:179} INFO - Processing /Users/vaish/databorn_etl_project/retail_etl/etl_pipeline_project/venv/lib/python3.10/site-packages/airflow/example_dags/tutorial_taskflow_api.py took 0.380 seconds
[2025-07-04T15:16:01.431+0530] {processor.py:157} INFO - Started process (PID=20346) to work on /Users/vaish/databorn_etl_project/retail_etl/etl_pipeline_project/venv/lib/python3.10/site-packages/airflow/example_dags/tutorial_taskflow_api.py
[2025-07-04T15:16:01.438+0530] {processor.py:829} INFO - Processing file /Users/vaish/databorn_etl_project/retail_etl/etl_pipeline_project/venv/lib/python3.10/site-packages/airflow/example_dags/tutorial_taskflow_api.py for tasks to queue
[2025-07-04T15:16:01.439+0530] {logging_mixin.py:154} INFO - [2025-07-04T15:16:01.438+0530] {dagbag.py:536} INFO - Filling up the DagBag from /Users/vaish/databorn_etl_project/retail_etl/etl_pipeline_project/venv/lib/python3.10/site-packages/airflow/example_dags/tutorial_taskflow_api.py
[2025-07-04T15:16:01.502+0530] {processor.py:839} INFO - DAG(s) dict_keys(['tutorial_taskflow_api']) retrieved from /Users/vaish/databorn_etl_project/retail_etl/etl_pipeline_project/venv/lib/python3.10/site-packages/airflow/example_dags/tutorial_taskflow_api.py
[2025-07-04T15:16:01.728+0530] {logging_mixin.py:154} INFO - [2025-07-04T15:16:01.727+0530] {dag.py:2941} INFO - Sync 1 DAGs
[2025-07-04T15:16:01.740+0530] {logging_mixin.py:154} INFO - [2025-07-04T15:16:01.740+0530] {dag.py:3722} INFO - Setting next_dagrun for tutorial_taskflow_api to None, run_after=None
[2025-07-04T15:16:01.771+0530] {processor.py:179} INFO - Processing /Users/vaish/databorn_etl_project/retail_etl/etl_pipeline_project/venv/lib/python3.10/site-packages/airflow/example_dags/tutorial_taskflow_api.py took 0.342 seconds
[2025-07-04T15:18:16.244+0530] {processor.py:157} INFO - Started process (PID=20688) to work on /Users/vaish/databorn_etl_project/retail_etl/etl_pipeline_project/venv/lib/python3.10/site-packages/airflow/example_dags/tutorial_taskflow_api.py
[2025-07-04T15:18:16.245+0530] {processor.py:829} INFO - Processing file /Users/vaish/databorn_etl_project/retail_etl/etl_pipeline_project/venv/lib/python3.10/site-packages/airflow/example_dags/tutorial_taskflow_api.py for tasks to queue
[2025-07-04T15:18:16.246+0530] {logging_mixin.py:154} INFO - [2025-07-04T15:18:16.246+0530] {dagbag.py:536} INFO - Filling up the DagBag from /Users/vaish/databorn_etl_project/retail_etl/etl_pipeline_project/venv/lib/python3.10/site-packages/airflow/example_dags/tutorial_taskflow_api.py
[2025-07-04T15:18:16.309+0530] {processor.py:839} INFO - DAG(s) dict_keys(['tutorial_taskflow_api']) retrieved from /Users/vaish/databorn_etl_project/retail_etl/etl_pipeline_project/venv/lib/python3.10/site-packages/airflow/example_dags/tutorial_taskflow_api.py
[2025-07-04T15:18:16.525+0530] {logging_mixin.py:154} INFO - [2025-07-04T15:18:16.524+0530] {dag.py:2941} INFO - Sync 1 DAGs
[2025-07-04T15:18:16.535+0530] {logging_mixin.py:154} INFO - [2025-07-04T15:18:16.535+0530] {dag.py:3722} INFO - Setting next_dagrun for tutorial_taskflow_api to None, run_after=None
[2025-07-04T15:18:16.559+0530] {processor.py:179} INFO - Processing /Users/vaish/databorn_etl_project/retail_etl/etl_pipeline_project/venv/lib/python3.10/site-packages/airflow/example_dags/tutorial_taskflow_api.py took 0.316 seconds
[2025-07-04T15:19:55.410+0530] {processor.py:157} INFO - Started process (PID=21005) to work on /Users/vaish/databorn_etl_project/retail_etl/etl_pipeline_project/venv/lib/python3.10/site-packages/airflow/example_dags/tutorial_taskflow_api.py
[2025-07-04T15:19:55.410+0530] {processor.py:829} INFO - Processing file /Users/vaish/databorn_etl_project/retail_etl/etl_pipeline_project/venv/lib/python3.10/site-packages/airflow/example_dags/tutorial_taskflow_api.py for tasks to queue
[2025-07-04T15:19:55.411+0530] {logging_mixin.py:154} INFO - [2025-07-04T15:19:55.411+0530] {dagbag.py:536} INFO - Filling up the DagBag from /Users/vaish/databorn_etl_project/retail_etl/etl_pipeline_project/venv/lib/python3.10/site-packages/airflow/example_dags/tutorial_taskflow_api.py
[2025-07-04T15:19:55.469+0530] {processor.py:839} INFO - DAG(s) dict_keys(['tutorial_taskflow_api']) retrieved from /Users/vaish/databorn_etl_project/retail_etl/etl_pipeline_project/venv/lib/python3.10/site-packages/airflow/example_dags/tutorial_taskflow_api.py
[2025-07-04T15:19:55.675+0530] {logging_mixin.py:154} INFO - [2025-07-04T15:19:55.674+0530] {dag.py:2941} INFO - Sync 1 DAGs
[2025-07-04T15:19:55.685+0530] {logging_mixin.py:154} INFO - [2025-07-04T15:19:55.685+0530] {dag.py:3722} INFO - Setting next_dagrun for tutorial_taskflow_api to None, run_after=None
[2025-07-04T15:19:55.713+0530] {processor.py:179} INFO - Processing /Users/vaish/databorn_etl_project/retail_etl/etl_pipeline_project/venv/lib/python3.10/site-packages/airflow/example_dags/tutorial_taskflow_api.py took 0.305 seconds
[2025-07-04T15:21:38.163+0530] {processor.py:157} INFO - Started process (PID=21254) to work on /Users/vaish/databorn_etl_project/retail_etl/etl_pipeline_project/venv/lib/python3.10/site-packages/airflow/example_dags/tutorial_taskflow_api.py
[2025-07-04T15:21:38.164+0530] {processor.py:829} INFO - Processing file /Users/vaish/databorn_etl_project/retail_etl/etl_pipeline_project/venv/lib/python3.10/site-packages/airflow/example_dags/tutorial_taskflow_api.py for tasks to queue
[2025-07-04T15:21:38.165+0530] {logging_mixin.py:154} INFO - [2025-07-04T15:21:38.164+0530] {dagbag.py:536} INFO - Filling up the DagBag from /Users/vaish/databorn_etl_project/retail_etl/etl_pipeline_project/venv/lib/python3.10/site-packages/airflow/example_dags/tutorial_taskflow_api.py
[2025-07-04T15:21:38.231+0530] {processor.py:839} INFO - DAG(s) dict_keys(['tutorial_taskflow_api']) retrieved from /Users/vaish/databorn_etl_project/retail_etl/etl_pipeline_project/venv/lib/python3.10/site-packages/airflow/example_dags/tutorial_taskflow_api.py
[2025-07-04T15:21:38.482+0530] {logging_mixin.py:154} INFO - [2025-07-04T15:21:38.482+0530] {dag.py:2941} INFO - Sync 1 DAGs
[2025-07-04T15:21:38.493+0530] {logging_mixin.py:154} INFO - [2025-07-04T15:21:38.493+0530] {dag.py:3722} INFO - Setting next_dagrun for tutorial_taskflow_api to None, run_after=None
[2025-07-04T15:21:38.524+0530] {processor.py:179} INFO - Processing /Users/vaish/databorn_etl_project/retail_etl/etl_pipeline_project/venv/lib/python3.10/site-packages/airflow/example_dags/tutorial_taskflow_api.py took 0.362 seconds
