[2025-07-04T15:04:17.097+0530] {processor.py:157} INFO - Started process (PID=19001) to work on /Users/vaish/databorn_etl_project/retail_etl/etl_pipeline_project/venv/lib/python3.10/site-packages/airflow/example_dags/tutorial.py
[2025-07-04T15:04:17.098+0530] {processor.py:829} INFO - Processing file /Users/vaish/databorn_etl_project/retail_etl/etl_pipeline_project/venv/lib/python3.10/site-packages/airflow/example_dags/tutorial.py for tasks to queue
[2025-07-04T15:04:17.099+0530] {logging_mixin.py:154} INFO - [2025-07-04T15:04:17.098+0530] {dagbag.py:536} INFO - Filling up the DagBag from /Users/vaish/databorn_etl_project/retail_etl/etl_pipeline_project/venv/lib/python3.10/site-packages/airflow/example_dags/tutorial.py
[2025-07-04T15:04:17.127+0530] {processor.py:839} INFO - DAG(s) dict_keys(['tutorial']) retrieved from /Users/vaish/databorn_etl_project/retail_etl/etl_pipeline_project/venv/lib/python3.10/site-packages/airflow/example_dags/tutorial.py
[2025-07-04T15:04:18.073+0530] {logging_mixin.py:154} INFO - [2025-07-04T15:04:18.072+0530] {manager.py:499} INFO - Created Permission View: %s
[2025-07-04T15:04:18.084+0530] {logging_mixin.py:154} INFO - [2025-07-04T15:04:18.084+0530] {manager.py:499} INFO - Created Permission View: %s
[2025-07-04T15:04:18.091+0530] {logging_mixin.py:154} INFO - [2025-07-04T15:04:18.091+0530] {manager.py:499} INFO - Created Permission View: %s
[2025-07-04T15:04:18.092+0530] {logging_mixin.py:154} INFO - [2025-07-04T15:04:18.092+0530] {dag.py:2941} INFO - Sync 1 DAGs
[2025-07-04T15:04:18.105+0530] {logging_mixin.py:154} INFO - [2025-07-04T15:04:18.105+0530] {dag.py:2963} INFO - Creating ORM DAG for tutorial
[2025-07-04T15:04:18.117+0530] {logging_mixin.py:154} INFO - [2025-07-04T15:04:18.116+0530] {dag.py:3722} INFO - Setting next_dagrun for tutorial to 2025-07-03T09:34:18.116742+00:00, run_after=2025-07-04T09:34:18.116742+00:00
[2025-07-04T15:04:18.139+0530] {processor.py:179} INFO - Processing /Users/vaish/databorn_etl_project/retail_etl/etl_pipeline_project/venv/lib/python3.10/site-packages/airflow/example_dags/tutorial.py took 1.044 seconds
[2025-07-04T15:06:53.444+0530] {processor.py:157} INFO - Started process (PID=19321) to work on /Users/vaish/databorn_etl_project/retail_etl/etl_pipeline_project/venv/lib/python3.10/site-packages/airflow/example_dags/tutorial.py
[2025-07-04T15:06:53.450+0530] {processor.py:829} INFO - Processing file /Users/vaish/databorn_etl_project/retail_etl/etl_pipeline_project/venv/lib/python3.10/site-packages/airflow/example_dags/tutorial.py for tasks to queue
[2025-07-04T15:06:53.451+0530] {logging_mixin.py:154} INFO - [2025-07-04T15:06:53.451+0530] {dagbag.py:536} INFO - Filling up the DagBag from /Users/vaish/databorn_etl_project/retail_etl/etl_pipeline_project/venv/lib/python3.10/site-packages/airflow/example_dags/tutorial.py
[2025-07-04T15:06:53.482+0530] {processor.py:839} INFO - DAG(s) dict_keys(['tutorial']) retrieved from /Users/vaish/databorn_etl_project/retail_etl/etl_pipeline_project/venv/lib/python3.10/site-packages/airflow/example_dags/tutorial.py
[2025-07-04T15:06:53.692+0530] {logging_mixin.py:154} INFO - [2025-07-04T15:06:53.691+0530] {dag.py:2941} INFO - Sync 1 DAGs
[2025-07-04T15:06:53.710+0530] {logging_mixin.py:154} INFO - [2025-07-04T15:06:53.710+0530] {dag.py:3722} INFO - Setting next_dagrun for tutorial to 2025-07-03T09:36:53.710331+00:00, run_after=2025-07-04T09:36:53.710331+00:00
[2025-07-04T15:06:53.732+0530] {processor.py:179} INFO - Processing /Users/vaish/databorn_etl_project/retail_etl/etl_pipeline_project/venv/lib/python3.10/site-packages/airflow/example_dags/tutorial.py took 0.289 seconds
[2025-07-04T15:16:07.798+0530] {processor.py:157} INFO - Started process (PID=20356) to work on /Users/vaish/databorn_etl_project/retail_etl/etl_pipeline_project/venv/lib/python3.10/site-packages/airflow/example_dags/tutorial.py
[2025-07-04T15:16:07.804+0530] {processor.py:829} INFO - Processing file /Users/vaish/databorn_etl_project/retail_etl/etl_pipeline_project/venv/lib/python3.10/site-packages/airflow/example_dags/tutorial.py for tasks to queue
[2025-07-04T15:16:07.805+0530] {logging_mixin.py:154} INFO - [2025-07-04T15:16:07.805+0530] {dagbag.py:536} INFO - Filling up the DagBag from /Users/vaish/databorn_etl_project/retail_etl/etl_pipeline_project/venv/lib/python3.10/site-packages/airflow/example_dags/tutorial.py
[2025-07-04T15:16:07.832+0530] {processor.py:839} INFO - DAG(s) dict_keys(['tutorial']) retrieved from /Users/vaish/databorn_etl_project/retail_etl/etl_pipeline_project/venv/lib/python3.10/site-packages/airflow/example_dags/tutorial.py
[2025-07-04T15:16:08.065+0530] {logging_mixin.py:154} INFO - [2025-07-04T15:16:08.064+0530] {dag.py:2941} INFO - Sync 1 DAGs
[2025-07-04T15:16:08.086+0530] {logging_mixin.py:154} INFO - [2025-07-04T15:16:08.085+0530] {dag.py:3722} INFO - Setting next_dagrun for tutorial to 2025-07-03T09:46:08.085809+00:00, run_after=2025-07-04T09:46:08.085809+00:00
[2025-07-04T15:16:08.113+0530] {processor.py:179} INFO - Processing /Users/vaish/databorn_etl_project/retail_etl/etl_pipeline_project/venv/lib/python3.10/site-packages/airflow/example_dags/tutorial.py took 0.316 seconds
[2025-07-04T15:18:22.056+0530] {processor.py:157} INFO - Started process (PID=20700) to work on /Users/vaish/databorn_etl_project/retail_etl/etl_pipeline_project/venv/lib/python3.10/site-packages/airflow/example_dags/tutorial.py
[2025-07-04T15:18:22.057+0530] {processor.py:829} INFO - Processing file /Users/vaish/databorn_etl_project/retail_etl/etl_pipeline_project/venv/lib/python3.10/site-packages/airflow/example_dags/tutorial.py for tasks to queue
[2025-07-04T15:18:22.058+0530] {logging_mixin.py:154} INFO - [2025-07-04T15:18:22.058+0530] {dagbag.py:536} INFO - Filling up the DagBag from /Users/vaish/databorn_etl_project/retail_etl/etl_pipeline_project/venv/lib/python3.10/site-packages/airflow/example_dags/tutorial.py
[2025-07-04T15:18:22.088+0530] {processor.py:839} INFO - DAG(s) dict_keys(['tutorial']) retrieved from /Users/vaish/databorn_etl_project/retail_etl/etl_pipeline_project/venv/lib/python3.10/site-packages/airflow/example_dags/tutorial.py
[2025-07-04T15:18:22.310+0530] {logging_mixin.py:154} INFO - [2025-07-04T15:18:22.309+0530] {dag.py:2941} INFO - Sync 1 DAGs
[2025-07-04T15:18:22.329+0530] {logging_mixin.py:154} INFO - [2025-07-04T15:18:22.328+0530] {dag.py:3722} INFO - Setting next_dagrun for tutorial to 2025-07-03T09:48:22.328730+00:00, run_after=2025-07-04T09:48:22.328730+00:00
[2025-07-04T15:18:22.350+0530] {processor.py:179} INFO - Processing /Users/vaish/databorn_etl_project/retail_etl/etl_pipeline_project/venv/lib/python3.10/site-packages/airflow/example_dags/tutorial.py took 0.295 seconds
[2025-07-04T15:20:01.089+0530] {processor.py:157} INFO - Started process (PID=21016) to work on /Users/vaish/databorn_etl_project/retail_etl/etl_pipeline_project/venv/lib/python3.10/site-packages/airflow/example_dags/tutorial.py
[2025-07-04T15:20:01.090+0530] {processor.py:829} INFO - Processing file /Users/vaish/databorn_etl_project/retail_etl/etl_pipeline_project/venv/lib/python3.10/site-packages/airflow/example_dags/tutorial.py for tasks to queue
[2025-07-04T15:20:01.091+0530] {logging_mixin.py:154} INFO - [2025-07-04T15:20:01.090+0530] {dagbag.py:536} INFO - Filling up the DagBag from /Users/vaish/databorn_etl_project/retail_etl/etl_pipeline_project/venv/lib/python3.10/site-packages/airflow/example_dags/tutorial.py
[2025-07-04T15:20:01.117+0530] {processor.py:839} INFO - DAG(s) dict_keys(['tutorial']) retrieved from /Users/vaish/databorn_etl_project/retail_etl/etl_pipeline_project/venv/lib/python3.10/site-packages/airflow/example_dags/tutorial.py
[2025-07-04T15:20:01.335+0530] {logging_mixin.py:154} INFO - [2025-07-04T15:20:01.335+0530] {dag.py:2941} INFO - Sync 1 DAGs
[2025-07-04T15:20:01.354+0530] {logging_mixin.py:154} INFO - [2025-07-04T15:20:01.354+0530] {dag.py:3722} INFO - Setting next_dagrun for tutorial to 2025-07-03T09:50:01.354026+00:00, run_after=2025-07-04T09:50:01.354026+00:00
[2025-07-04T15:20:01.380+0530] {processor.py:179} INFO - Processing /Users/vaish/databorn_etl_project/retail_etl/etl_pipeline_project/venv/lib/python3.10/site-packages/airflow/example_dags/tutorial.py took 0.292 seconds
[2025-07-04T15:21:43.161+0530] {processor.py:157} INFO - Started process (PID=21278) to work on /Users/vaish/databorn_etl_project/retail_etl/etl_pipeline_project/venv/lib/python3.10/site-packages/airflow/example_dags/tutorial.py
[2025-07-04T15:21:43.162+0530] {processor.py:829} INFO - Processing file /Users/vaish/databorn_etl_project/retail_etl/etl_pipeline_project/venv/lib/python3.10/site-packages/airflow/example_dags/tutorial.py for tasks to queue
[2025-07-04T15:21:43.163+0530] {logging_mixin.py:154} INFO - [2025-07-04T15:21:43.163+0530] {dagbag.py:536} INFO - Filling up the DagBag from /Users/vaish/databorn_etl_project/retail_etl/etl_pipeline_project/venv/lib/python3.10/site-packages/airflow/example_dags/tutorial.py
[2025-07-04T15:21:43.189+0530] {processor.py:839} INFO - DAG(s) dict_keys(['tutorial']) retrieved from /Users/vaish/databorn_etl_project/retail_etl/etl_pipeline_project/venv/lib/python3.10/site-packages/airflow/example_dags/tutorial.py
[2025-07-04T15:21:43.410+0530] {logging_mixin.py:154} INFO - [2025-07-04T15:21:43.410+0530] {dag.py:2941} INFO - Sync 1 DAGs
[2025-07-04T15:21:43.429+0530] {logging_mixin.py:154} INFO - [2025-07-04T15:21:43.429+0530] {dag.py:3722} INFO - Setting next_dagrun for tutorial to 2025-07-03T09:51:43.428967+00:00, run_after=2025-07-04T09:51:43.428967+00:00
[2025-07-04T15:21:43.456+0530] {processor.py:179} INFO - Processing /Users/vaish/databorn_etl_project/retail_etl/etl_pipeline_project/venv/lib/python3.10/site-packages/airflow/example_dags/tutorial.py took 0.296 seconds
