[2025-07-04T15:04:13.518+0530] {processor.py:157} INFO - Started process (PID=18995) to work on /Users/vaish/databorn_etl_project/retail_etl/etl_pipeline_project/venv/lib/python3.10/site-packages/airflow/example_dags/tutorial_dag.py
[2025-07-04T15:04:13.519+0530] {processor.py:829} INFO - Processing file /Users/vaish/databorn_etl_project/retail_etl/etl_pipeline_project/venv/lib/python3.10/site-packages/airflow/example_dags/tutorial_dag.py for tasks to queue
[2025-07-04T15:04:13.519+0530] {logging_mixin.py:154} INFO - [2025-07-04T15:04:13.519+0530] {dagbag.py:536} INFO - Filling up the DagBag from /Users/vaish/databorn_etl_project/retail_etl/etl_pipeline_project/venv/lib/python3.10/site-packages/airflow/example_dags/tutorial_dag.py
[2025-07-04T15:04:13.565+0530] {processor.py:839} INFO - DAG(s) dict_keys(['tutorial_dag']) retrieved from /Users/vaish/databorn_etl_project/retail_etl/etl_pipeline_project/venv/lib/python3.10/site-packages/airflow/example_dags/tutorial_dag.py
[2025-07-04T15:04:14.400+0530] {logging_mixin.py:154} INFO - [2025-07-04T15:04:14.400+0530] {manager.py:499} INFO - Created Permission View: %s
[2025-07-04T15:04:14.410+0530] {logging_mixin.py:154} INFO - [2025-07-04T15:04:14.410+0530] {manager.py:499} INFO - Created Permission View: %s
[2025-07-04T15:04:14.418+0530] {logging_mixin.py:154} INFO - [2025-07-04T15:04:14.417+0530] {manager.py:499} INFO - Created Permission View: %s
[2025-07-04T15:04:14.418+0530] {logging_mixin.py:154} INFO - [2025-07-04T15:04:14.418+0530] {dag.py:2941} INFO - Sync 1 DAGs
[2025-07-04T15:04:14.431+0530] {logging_mixin.py:154} INFO - [2025-07-04T15:04:14.431+0530] {dag.py:2963} INFO - Creating ORM DAG for tutorial_dag
[2025-07-04T15:04:14.432+0530] {logging_mixin.py:154} INFO - [2025-07-04T15:04:14.432+0530] {dag.py:3722} INFO - Setting next_dagrun for tutorial_dag to None, run_after=None
[2025-07-04T15:04:14.453+0530] {processor.py:179} INFO - Processing /Users/vaish/databorn_etl_project/retail_etl/etl_pipeline_project/venv/lib/python3.10/site-packages/airflow/example_dags/tutorial_dag.py took 0.936 seconds
[2025-07-04T15:06:50.553+0530] {processor.py:157} INFO - Started process (PID=19315) to work on /Users/vaish/databorn_etl_project/retail_etl/etl_pipeline_project/venv/lib/python3.10/site-packages/airflow/example_dags/tutorial_dag.py
[2025-07-04T15:06:50.554+0530] {processor.py:829} INFO - Processing file /Users/vaish/databorn_etl_project/retail_etl/etl_pipeline_project/venv/lib/python3.10/site-packages/airflow/example_dags/tutorial_dag.py for tasks to queue
[2025-07-04T15:06:50.555+0530] {logging_mixin.py:154} INFO - [2025-07-04T15:06:50.555+0530] {dagbag.py:536} INFO - Filling up the DagBag from /Users/vaish/databorn_etl_project/retail_etl/etl_pipeline_project/venv/lib/python3.10/site-packages/airflow/example_dags/tutorial_dag.py
[2025-07-04T15:06:50.594+0530] {processor.py:839} INFO - DAG(s) dict_keys(['tutorial_dag']) retrieved from /Users/vaish/databorn_etl_project/retail_etl/etl_pipeline_project/venv/lib/python3.10/site-packages/airflow/example_dags/tutorial_dag.py
[2025-07-04T15:06:50.814+0530] {logging_mixin.py:154} INFO - [2025-07-04T15:06:50.814+0530] {dag.py:2941} INFO - Sync 1 DAGs
[2025-07-04T15:06:50.825+0530] {logging_mixin.py:154} INFO - [2025-07-04T15:06:50.825+0530] {dag.py:3722} INFO - Setting next_dagrun for tutorial_dag to None, run_after=None
[2025-07-04T15:06:50.849+0530] {processor.py:179} INFO - Processing /Users/vaish/databorn_etl_project/retail_etl/etl_pipeline_project/venv/lib/python3.10/site-packages/airflow/example_dags/tutorial_dag.py took 0.298 seconds
[2025-07-04T15:16:04.502+0530] {processor.py:157} INFO - Started process (PID=20350) to work on /Users/vaish/databorn_etl_project/retail_etl/etl_pipeline_project/venv/lib/python3.10/site-packages/airflow/example_dags/tutorial_dag.py
[2025-07-04T15:16:04.509+0530] {processor.py:829} INFO - Processing file /Users/vaish/databorn_etl_project/retail_etl/etl_pipeline_project/venv/lib/python3.10/site-packages/airflow/example_dags/tutorial_dag.py for tasks to queue
[2025-07-04T15:16:04.510+0530] {logging_mixin.py:154} INFO - [2025-07-04T15:16:04.510+0530] {dagbag.py:536} INFO - Filling up the DagBag from /Users/vaish/databorn_etl_project/retail_etl/etl_pipeline_project/venv/lib/python3.10/site-packages/airflow/example_dags/tutorial_dag.py
[2025-07-04T15:16:04.552+0530] {processor.py:839} INFO - DAG(s) dict_keys(['tutorial_dag']) retrieved from /Users/vaish/databorn_etl_project/retail_etl/etl_pipeline_project/venv/lib/python3.10/site-packages/airflow/example_dags/tutorial_dag.py
[2025-07-04T15:16:04.775+0530] {logging_mixin.py:154} INFO - [2025-07-04T15:16:04.775+0530] {dag.py:2941} INFO - Sync 1 DAGs
[2025-07-04T15:16:04.786+0530] {logging_mixin.py:154} INFO - [2025-07-04T15:16:04.786+0530] {dag.py:3722} INFO - Setting next_dagrun for tutorial_dag to None, run_after=None
[2025-07-04T15:16:04.812+0530] {processor.py:179} INFO - Processing /Users/vaish/databorn_etl_project/retail_etl/etl_pipeline_project/venv/lib/python3.10/site-packages/airflow/example_dags/tutorial_dag.py took 0.311 seconds
[2025-07-04T15:18:19.178+0530] {processor.py:157} INFO - Started process (PID=20694) to work on /Users/vaish/databorn_etl_project/retail_etl/etl_pipeline_project/venv/lib/python3.10/site-packages/airflow/example_dags/tutorial_dag.py
[2025-07-04T15:18:19.185+0530] {processor.py:829} INFO - Processing file /Users/vaish/databorn_etl_project/retail_etl/etl_pipeline_project/venv/lib/python3.10/site-packages/airflow/example_dags/tutorial_dag.py for tasks to queue
[2025-07-04T15:18:19.186+0530] {logging_mixin.py:154} INFO - [2025-07-04T15:18:19.185+0530] {dagbag.py:536} INFO - Filling up the DagBag from /Users/vaish/databorn_etl_project/retail_etl/etl_pipeline_project/venv/lib/python3.10/site-packages/airflow/example_dags/tutorial_dag.py
[2025-07-04T15:18:19.229+0530] {processor.py:839} INFO - DAG(s) dict_keys(['tutorial_dag']) retrieved from /Users/vaish/databorn_etl_project/retail_etl/etl_pipeline_project/venv/lib/python3.10/site-packages/airflow/example_dags/tutorial_dag.py
[2025-07-04T15:18:19.480+0530] {logging_mixin.py:154} INFO - [2025-07-04T15:18:19.480+0530] {dag.py:2941} INFO - Sync 1 DAGs
[2025-07-04T15:18:19.492+0530] {logging_mixin.py:154} INFO - [2025-07-04T15:18:19.491+0530] {dag.py:3722} INFO - Setting next_dagrun for tutorial_dag to None, run_after=None
[2025-07-04T15:18:19.520+0530] {processor.py:179} INFO - Processing /Users/vaish/databorn_etl_project/retail_etl/etl_pipeline_project/venv/lib/python3.10/site-packages/airflow/example_dags/tutorial_dag.py took 0.343 seconds
[2025-07-04T15:19:58.259+0530] {processor.py:157} INFO - Started process (PID=21010) to work on /Users/vaish/databorn_etl_project/retail_etl/etl_pipeline_project/venv/lib/python3.10/site-packages/airflow/example_dags/tutorial_dag.py
[2025-07-04T15:19:58.259+0530] {processor.py:829} INFO - Processing file /Users/vaish/databorn_etl_project/retail_etl/etl_pipeline_project/venv/lib/python3.10/site-packages/airflow/example_dags/tutorial_dag.py for tasks to queue
[2025-07-04T15:19:58.260+0530] {logging_mixin.py:154} INFO - [2025-07-04T15:19:58.260+0530] {dagbag.py:536} INFO - Filling up the DagBag from /Users/vaish/databorn_etl_project/retail_etl/etl_pipeline_project/venv/lib/python3.10/site-packages/airflow/example_dags/tutorial_dag.py
[2025-07-04T15:19:58.300+0530] {processor.py:839} INFO - DAG(s) dict_keys(['tutorial_dag']) retrieved from /Users/vaish/databorn_etl_project/retail_etl/etl_pipeline_project/venv/lib/python3.10/site-packages/airflow/example_dags/tutorial_dag.py
[2025-07-04T15:19:58.517+0530] {logging_mixin.py:154} INFO - [2025-07-04T15:19:58.517+0530] {dag.py:2941} INFO - Sync 1 DAGs
[2025-07-04T15:19:58.528+0530] {logging_mixin.py:154} INFO - [2025-07-04T15:19:58.528+0530] {dag.py:3722} INFO - Setting next_dagrun for tutorial_dag to None, run_after=None
[2025-07-04T15:19:58.555+0530] {processor.py:179} INFO - Processing /Users/vaish/databorn_etl_project/retail_etl/etl_pipeline_project/venv/lib/python3.10/site-packages/airflow/example_dags/tutorial_dag.py took 0.298 seconds
[2025-07-04T15:21:41.223+0530] {processor.py:157} INFO - Started process (PID=21267) to work on /Users/vaish/databorn_etl_project/retail_etl/etl_pipeline_project/venv/lib/python3.10/site-packages/airflow/example_dags/tutorial_dag.py
[2025-07-04T15:21:41.224+0530] {processor.py:829} INFO - Processing file /Users/vaish/databorn_etl_project/retail_etl/etl_pipeline_project/venv/lib/python3.10/site-packages/airflow/example_dags/tutorial_dag.py for tasks to queue
[2025-07-04T15:21:41.225+0530] {logging_mixin.py:154} INFO - [2025-07-04T15:21:41.225+0530] {dagbag.py:536} INFO - Filling up the DagBag from /Users/vaish/databorn_etl_project/retail_etl/etl_pipeline_project/venv/lib/python3.10/site-packages/airflow/example_dags/tutorial_dag.py
[2025-07-04T15:21:41.272+0530] {processor.py:839} INFO - DAG(s) dict_keys(['tutorial_dag']) retrieved from /Users/vaish/databorn_etl_project/retail_etl/etl_pipeline_project/venv/lib/python3.10/site-packages/airflow/example_dags/tutorial_dag.py
[2025-07-04T15:21:41.506+0530] {logging_mixin.py:154} INFO - [2025-07-04T15:21:41.506+0530] {dag.py:2941} INFO - Sync 1 DAGs
[2025-07-04T15:21:41.517+0530] {logging_mixin.py:154} INFO - [2025-07-04T15:21:41.517+0530] {dag.py:3722} INFO - Setting next_dagrun for tutorial_dag to None, run_after=None
[2025-07-04T15:21:41.539+0530] {processor.py:179} INFO - Processing /Users/vaish/databorn_etl_project/retail_etl/etl_pipeline_project/venv/lib/python3.10/site-packages/airflow/example_dags/tutorial_dag.py took 0.318 seconds
