[2025-07-04T15:03:54.214+0530] {processor.py:157} INFO - Started process (PID=18951) to work on /Users/vaish/databorn_etl_project/retail_etl/etl_pipeline_project/venv/lib/python3.10/site-packages/airflow/example_dags/subdags/subdag.py
[2025-07-04T15:03:54.215+0530] {processor.py:829} INFO - Processing file /Users/vaish/databorn_etl_project/retail_etl/etl_pipeline_project/venv/lib/python3.10/site-packages/airflow/example_dags/subdags/subdag.py for tasks to queue
[2025-07-04T15:03:54.216+0530] {logging_mixin.py:154} INFO - [2025-07-04T15:03:54.216+0530] {dagbag.py:536} INFO - Filling up the DagBag from /Users/vaish/databorn_etl_project/retail_etl/etl_pipeline_project/venv/lib/python3.10/site-packages/airflow/example_dags/subdags/subdag.py
[2025-07-04T15:03:54.219+0530] {processor.py:841} WARNING - No viable dags retrieved from /Users/vaish/databorn_etl_project/retail_etl/etl_pipeline_project/venv/lib/python3.10/site-packages/airflow/example_dags/subdags/subdag.py
[2025-07-04T15:03:54.378+0530] {processor.py:179} INFO - Processing /Users/vaish/databorn_etl_project/retail_etl/etl_pipeline_project/venv/lib/python3.10/site-packages/airflow/example_dags/subdags/subdag.py took 0.165 seconds
[2025-07-04T15:06:32.408+0530] {processor.py:157} INFO - Started process (PID=19277) to work on /Users/vaish/databorn_etl_project/retail_etl/etl_pipeline_project/venv/lib/python3.10/site-packages/airflow/example_dags/subdags/subdag.py
[2025-07-04T15:06:32.415+0530] {processor.py:829} INFO - Processing file /Users/vaish/databorn_etl_project/retail_etl/etl_pipeline_project/venv/lib/python3.10/site-packages/airflow/example_dags/subdags/subdag.py for tasks to queue
[2025-07-04T15:06:32.416+0530] {logging_mixin.py:154} INFO - [2025-07-04T15:06:32.416+0530] {dagbag.py:536} INFO - Filling up the DagBag from /Users/vaish/databorn_etl_project/retail_etl/etl_pipeline_project/venv/lib/python3.10/site-packages/airflow/example_dags/subdags/subdag.py
[2025-07-04T15:06:32.419+0530] {processor.py:841} WARNING - No viable dags retrieved from /Users/vaish/databorn_etl_project/retail_etl/etl_pipeline_project/venv/lib/python3.10/site-packages/airflow/example_dags/subdags/subdag.py
[2025-07-04T15:06:32.590+0530] {processor.py:179} INFO - Processing /Users/vaish/databorn_etl_project/retail_etl/etl_pipeline_project/venv/lib/python3.10/site-packages/airflow/example_dags/subdags/subdag.py took 0.183 seconds
[2025-07-04T15:15:42.271+0530] {processor.py:157} INFO - Started process (PID=20289) to work on /Users/vaish/databorn_etl_project/retail_etl/etl_pipeline_project/venv/lib/python3.10/site-packages/airflow/example_dags/subdags/subdag.py
[2025-07-04T15:15:42.272+0530] {processor.py:829} INFO - Processing file /Users/vaish/databorn_etl_project/retail_etl/etl_pipeline_project/venv/lib/python3.10/site-packages/airflow/example_dags/subdags/subdag.py for tasks to queue
[2025-07-04T15:15:42.274+0530] {logging_mixin.py:154} INFO - [2025-07-04T15:15:42.273+0530] {dagbag.py:536} INFO - Filling up the DagBag from /Users/vaish/databorn_etl_project/retail_etl/etl_pipeline_project/venv/lib/python3.10/site-packages/airflow/example_dags/subdags/subdag.py
[2025-07-04T15:15:42.277+0530] {processor.py:841} WARNING - No viable dags retrieved from /Users/vaish/databorn_etl_project/retail_etl/etl_pipeline_project/venv/lib/python3.10/site-packages/airflow/example_dags/subdags/subdag.py
[2025-07-04T15:15:42.493+0530] {processor.py:179} INFO - Processing /Users/vaish/databorn_etl_project/retail_etl/etl_pipeline_project/venv/lib/python3.10/site-packages/airflow/example_dags/subdags/subdag.py took 0.224 seconds
[2025-07-04T15:17:37.773+0530] {processor.py:157} INFO - Started process (PID=20593) to work on /Users/vaish/databorn_etl_project/retail_etl/etl_pipeline_project/venv/lib/python3.10/site-packages/airflow/example_dags/subdags/subdag.py
[2025-07-04T15:17:37.780+0530] {processor.py:829} INFO - Processing file /Users/vaish/databorn_etl_project/retail_etl/etl_pipeline_project/venv/lib/python3.10/site-packages/airflow/example_dags/subdags/subdag.py for tasks to queue
[2025-07-04T15:17:37.781+0530] {logging_mixin.py:154} INFO - [2025-07-04T15:17:37.780+0530] {dagbag.py:536} INFO - Filling up the DagBag from /Users/vaish/databorn_etl_project/retail_etl/etl_pipeline_project/venv/lib/python3.10/site-packages/airflow/example_dags/subdags/subdag.py
[2025-07-04T15:17:37.784+0530] {processor.py:841} WARNING - No viable dags retrieved from /Users/vaish/databorn_etl_project/retail_etl/etl_pipeline_project/venv/lib/python3.10/site-packages/airflow/example_dags/subdags/subdag.py
[2025-07-04T15:17:37.951+0530] {processor.py:179} INFO - Processing /Users/vaish/databorn_etl_project/retail_etl/etl_pipeline_project/venv/lib/python3.10/site-packages/airflow/example_dags/subdags/subdag.py took 0.179 seconds
[2025-07-04T15:18:01.389+0530] {processor.py:157} INFO - Started process (PID=20656) to work on /Users/vaish/databorn_etl_project/retail_etl/etl_pipeline_project/venv/lib/python3.10/site-packages/airflow/example_dags/subdags/subdag.py
[2025-07-04T15:18:01.390+0530] {processor.py:829} INFO - Processing file /Users/vaish/databorn_etl_project/retail_etl/etl_pipeline_project/venv/lib/python3.10/site-packages/airflow/example_dags/subdags/subdag.py for tasks to queue
[2025-07-04T15:18:01.392+0530] {logging_mixin.py:154} INFO - [2025-07-04T15:18:01.392+0530] {dagbag.py:536} INFO - Filling up the DagBag from /Users/vaish/databorn_etl_project/retail_etl/etl_pipeline_project/venv/lib/python3.10/site-packages/airflow/example_dags/subdags/subdag.py
[2025-07-04T15:18:01.398+0530] {processor.py:841} WARNING - No viable dags retrieved from /Users/vaish/databorn_etl_project/retail_etl/etl_pipeline_project/venv/lib/python3.10/site-packages/airflow/example_dags/subdags/subdag.py
[2025-07-04T15:18:01.625+0530] {processor.py:179} INFO - Processing /Users/vaish/databorn_etl_project/retail_etl/etl_pipeline_project/venv/lib/python3.10/site-packages/airflow/example_dags/subdags/subdag.py took 0.237 seconds
[2025-07-04T15:19:42.596+0530] {processor.py:157} INFO - Started process (PID=20945) to work on /Users/vaish/databorn_etl_project/retail_etl/etl_pipeline_project/venv/lib/python3.10/site-packages/airflow/example_dags/subdags/subdag.py
[2025-07-04T15:19:42.596+0530] {processor.py:829} INFO - Processing file /Users/vaish/databorn_etl_project/retail_etl/etl_pipeline_project/venv/lib/python3.10/site-packages/airflow/example_dags/subdags/subdag.py for tasks to queue
[2025-07-04T15:19:42.597+0530] {logging_mixin.py:154} INFO - [2025-07-04T15:19:42.597+0530] {dagbag.py:536} INFO - Filling up the DagBag from /Users/vaish/databorn_etl_project/retail_etl/etl_pipeline_project/venv/lib/python3.10/site-packages/airflow/example_dags/subdags/subdag.py
[2025-07-04T15:19:42.600+0530] {processor.py:841} WARNING - No viable dags retrieved from /Users/vaish/databorn_etl_project/retail_etl/etl_pipeline_project/venv/lib/python3.10/site-packages/airflow/example_dags/subdags/subdag.py
[2025-07-04T15:19:42.785+0530] {processor.py:179} INFO - Processing /Users/vaish/databorn_etl_project/retail_etl/etl_pipeline_project/venv/lib/python3.10/site-packages/airflow/example_dags/subdags/subdag.py took 0.191 seconds
[2025-07-04T15:21:23.980+0530] {processor.py:157} INFO - Started process (PID=21198) to work on /Users/vaish/databorn_etl_project/retail_etl/etl_pipeline_project/venv/lib/python3.10/site-packages/airflow/example_dags/subdags/subdag.py
[2025-07-04T15:21:23.986+0530] {processor.py:829} INFO - Processing file /Users/vaish/databorn_etl_project/retail_etl/etl_pipeline_project/venv/lib/python3.10/site-packages/airflow/example_dags/subdags/subdag.py for tasks to queue
[2025-07-04T15:21:23.987+0530] {logging_mixin.py:154} INFO - [2025-07-04T15:21:23.987+0530] {dagbag.py:536} INFO - Filling up the DagBag from /Users/vaish/databorn_etl_project/retail_etl/etl_pipeline_project/venv/lib/python3.10/site-packages/airflow/example_dags/subdags/subdag.py
[2025-07-04T15:21:23.990+0530] {processor.py:841} WARNING - No viable dags retrieved from /Users/vaish/databorn_etl_project/retail_etl/etl_pipeline_project/venv/lib/python3.10/site-packages/airflow/example_dags/subdags/subdag.py
[2025-07-04T15:21:24.152+0530] {processor.py:179} INFO - Processing /Users/vaish/databorn_etl_project/retail_etl/etl_pipeline_project/venv/lib/python3.10/site-packages/airflow/example_dags/subdags/subdag.py took 0.174 seconds
