[2025-07-04T14:06:06.166+0530] {processor.py:157} INFO - Started process (PID=11736) to work on /Users/vaish/databorn_etl_project/retail_etl/etl_pipeline_project/venv/lib/python3.10/site-packages/airflow/example_dags/example_branch_day_of_week_operator.py
[2025-07-04T14:06:06.167+0530] {processor.py:829} INFO - Processing file /Users/vaish/databorn_etl_project/retail_etl/etl_pipeline_project/venv/lib/python3.10/site-packages/airflow/example_dags/example_branch_day_of_week_operator.py for tasks to queue
[2025-07-04T14:06:06.168+0530] {logging_mixin.py:154} INFO - [2025-07-04T14:06:06.167+0530] {dagbag.py:536} INFO - Filling up the DagBag from /Users/vaish/databorn_etl_project/retail_etl/etl_pipeline_project/venv/lib/python3.10/site-packages/airflow/example_dags/example_branch_day_of_week_operator.py
[2025-07-04T14:06:06.204+0530] {processor.py:839} INFO - DAG(s) dict_keys(['example_weekday_branch_operator']) retrieved from /Users/vaish/databorn_etl_project/retail_etl/etl_pipeline_project/venv/lib/python3.10/site-packages/airflow/example_dags/example_branch_day_of_week_operator.py
[2025-07-04T14:06:06.943+0530] {logging_mixin.py:154} INFO - [2025-07-04T14:06:06.943+0530] {manager.py:499} INFO - Created Permission View: %s
[2025-07-04T14:06:06.954+0530] {logging_mixin.py:154} INFO - [2025-07-04T14:06:06.954+0530] {manager.py:499} INFO - Created Permission View: %s
[2025-07-04T14:06:06.962+0530] {logging_mixin.py:154} INFO - [2025-07-04T14:06:06.961+0530] {manager.py:499} INFO - Created Permission View: %s
[2025-07-04T14:06:06.962+0530] {logging_mixin.py:154} INFO - [2025-07-04T14:06:06.962+0530] {dag.py:2941} INFO - Sync 1 DAGs
[2025-07-04T14:06:06.974+0530] {logging_mixin.py:154} INFO - [2025-07-04T14:06:06.974+0530] {dag.py:2963} INFO - Creating ORM DAG for example_weekday_branch_operator
[2025-07-04T14:06:06.986+0530] {logging_mixin.py:154} INFO - [2025-07-04T14:06:06.986+0530] {dag.py:3722} INFO - Setting next_dagrun for example_weekday_branch_operator to 2025-07-03T00:00:00+00:00, run_after=2025-07-04T00:00:00+00:00
[2025-07-04T14:06:07.006+0530] {processor.py:179} INFO - Processing /Users/vaish/databorn_etl_project/retail_etl/etl_pipeline_project/venv/lib/python3.10/site-packages/airflow/example_dags/example_branch_day_of_week_operator.py took 0.841 seconds
[2025-07-04T14:12:26.202+0530] {processor.py:157} INFO - Started process (PID=12300) to work on /Users/vaish/databorn_etl_project/retail_etl/etl_pipeline_project/venv/lib/python3.10/site-packages/airflow/example_dags/example_branch_day_of_week_operator.py
[2025-07-04T14:12:26.203+0530] {processor.py:829} INFO - Processing file /Users/vaish/databorn_etl_project/retail_etl/etl_pipeline_project/venv/lib/python3.10/site-packages/airflow/example_dags/example_branch_day_of_week_operator.py for tasks to queue
[2025-07-04T14:12:26.203+0530] {logging_mixin.py:154} INFO - [2025-07-04T14:12:26.203+0530] {dagbag.py:536} INFO - Filling up the DagBag from /Users/vaish/databorn_etl_project/retail_etl/etl_pipeline_project/venv/lib/python3.10/site-packages/airflow/example_dags/example_branch_day_of_week_operator.py
[2025-07-04T14:12:26.231+0530] {processor.py:839} INFO - DAG(s) dict_keys(['example_weekday_branch_operator']) retrieved from /Users/vaish/databorn_etl_project/retail_etl/etl_pipeline_project/venv/lib/python3.10/site-packages/airflow/example_dags/example_branch_day_of_week_operator.py
[2025-07-04T14:12:26.436+0530] {logging_mixin.py:154} INFO - [2025-07-04T14:12:26.436+0530] {dag.py:2941} INFO - Sync 1 DAGs
[2025-07-04T14:12:26.457+0530] {logging_mixin.py:154} INFO - [2025-07-04T14:12:26.457+0530] {dag.py:3722} INFO - Setting next_dagrun for example_weekday_branch_operator to 2025-07-03T00:00:00+00:00, run_after=2025-07-04T00:00:00+00:00
[2025-07-04T14:12:26.486+0530] {processor.py:179} INFO - Processing /Users/vaish/databorn_etl_project/retail_etl/etl_pipeline_project/venv/lib/python3.10/site-packages/airflow/example_dags/example_branch_day_of_week_operator.py took 0.285 seconds
[2025-07-04T14:15:59.302+0530] {processor.py:157} INFO - Started process (PID=12635) to work on /Users/vaish/databorn_etl_project/retail_etl/etl_pipeline_project/venv/lib/python3.10/site-packages/airflow/example_dags/example_branch_day_of_week_operator.py
[2025-07-04T14:15:59.309+0530] {processor.py:829} INFO - Processing file /Users/vaish/databorn_etl_project/retail_etl/etl_pipeline_project/venv/lib/python3.10/site-packages/airflow/example_dags/example_branch_day_of_week_operator.py for tasks to queue
[2025-07-04T14:15:59.310+0530] {logging_mixin.py:154} INFO - [2025-07-04T14:15:59.310+0530] {dagbag.py:536} INFO - Filling up the DagBag from /Users/vaish/databorn_etl_project/retail_etl/etl_pipeline_project/venv/lib/python3.10/site-packages/airflow/example_dags/example_branch_day_of_week_operator.py
[2025-07-04T14:15:59.339+0530] {processor.py:839} INFO - DAG(s) dict_keys(['example_weekday_branch_operator']) retrieved from /Users/vaish/databorn_etl_project/retail_etl/etl_pipeline_project/venv/lib/python3.10/site-packages/airflow/example_dags/example_branch_day_of_week_operator.py
[2025-07-04T14:15:59.547+0530] {logging_mixin.py:154} INFO - [2025-07-04T14:15:59.547+0530] {dag.py:2941} INFO - Sync 1 DAGs
[2025-07-04T14:15:59.567+0530] {logging_mixin.py:154} INFO - [2025-07-04T14:15:59.567+0530] {dag.py:3722} INFO - Setting next_dagrun for example_weekday_branch_operator to 2025-07-03T00:00:00+00:00, run_after=2025-07-04T00:00:00+00:00
[2025-07-04T14:15:59.594+0530] {processor.py:179} INFO - Processing /Users/vaish/databorn_etl_project/retail_etl/etl_pipeline_project/venv/lib/python3.10/site-packages/airflow/example_dags/example_branch_day_of_week_operator.py took 0.294 seconds
[2025-07-04T14:19:07.957+0530] {processor.py:157} INFO - Started process (PID=12904) to work on /Users/vaish/databorn_etl_project/retail_etl/etl_pipeline_project/venv/lib/python3.10/site-packages/airflow/example_dags/example_branch_day_of_week_operator.py
[2025-07-04T14:19:07.958+0530] {processor.py:829} INFO - Processing file /Users/vaish/databorn_etl_project/retail_etl/etl_pipeline_project/venv/lib/python3.10/site-packages/airflow/example_dags/example_branch_day_of_week_operator.py for tasks to queue
[2025-07-04T14:19:07.958+0530] {logging_mixin.py:154} INFO - [2025-07-04T14:19:07.958+0530] {dagbag.py:536} INFO - Filling up the DagBag from /Users/vaish/databorn_etl_project/retail_etl/etl_pipeline_project/venv/lib/python3.10/site-packages/airflow/example_dags/example_branch_day_of_week_operator.py
[2025-07-04T14:19:07.987+0530] {processor.py:839} INFO - DAG(s) dict_keys(['example_weekday_branch_operator']) retrieved from /Users/vaish/databorn_etl_project/retail_etl/etl_pipeline_project/venv/lib/python3.10/site-packages/airflow/example_dags/example_branch_day_of_week_operator.py
[2025-07-04T14:19:08.193+0530] {logging_mixin.py:154} INFO - [2025-07-04T14:19:08.193+0530] {dag.py:2941} INFO - Sync 1 DAGs
[2025-07-04T14:19:08.214+0530] {logging_mixin.py:154} INFO - [2025-07-04T14:19:08.214+0530] {dag.py:3722} INFO - Setting next_dagrun for example_weekday_branch_operator to 2025-07-03T00:00:00+00:00, run_after=2025-07-04T00:00:00+00:00
[2025-07-04T14:19:08.242+0530] {processor.py:179} INFO - Processing /Users/vaish/databorn_etl_project/retail_etl/etl_pipeline_project/venv/lib/python3.10/site-packages/airflow/example_dags/example_branch_day_of_week_operator.py took 0.286 seconds
[2025-07-04T14:22:23.941+0530] {processor.py:157} INFO - Started process (PID=13228) to work on /Users/vaish/databorn_etl_project/retail_etl/etl_pipeline_project/venv/lib/python3.10/site-packages/airflow/example_dags/example_branch_day_of_week_operator.py
[2025-07-04T14:22:23.942+0530] {processor.py:829} INFO - Processing file /Users/vaish/databorn_etl_project/retail_etl/etl_pipeline_project/venv/lib/python3.10/site-packages/airflow/example_dags/example_branch_day_of_week_operator.py for tasks to queue
[2025-07-04T14:22:23.943+0530] {logging_mixin.py:154} INFO - [2025-07-04T14:22:23.942+0530] {dagbag.py:536} INFO - Filling up the DagBag from /Users/vaish/databorn_etl_project/retail_etl/etl_pipeline_project/venv/lib/python3.10/site-packages/airflow/example_dags/example_branch_day_of_week_operator.py
[2025-07-04T14:22:23.978+0530] {processor.py:839} INFO - DAG(s) dict_keys(['example_weekday_branch_operator']) retrieved from /Users/vaish/databorn_etl_project/retail_etl/etl_pipeline_project/venv/lib/python3.10/site-packages/airflow/example_dags/example_branch_day_of_week_operator.py
[2025-07-04T14:22:24.199+0530] {logging_mixin.py:154} INFO - [2025-07-04T14:22:24.199+0530] {dag.py:2941} INFO - Sync 1 DAGs
[2025-07-04T14:22:24.220+0530] {logging_mixin.py:154} INFO - [2025-07-04T14:22:24.220+0530] {dag.py:3722} INFO - Setting next_dagrun for example_weekday_branch_operator to 2025-07-03T00:00:00+00:00, run_after=2025-07-04T00:00:00+00:00
[2025-07-04T14:22:24.250+0530] {processor.py:179} INFO - Processing /Users/vaish/databorn_etl_project/retail_etl/etl_pipeline_project/venv/lib/python3.10/site-packages/airflow/example_dags/example_branch_day_of_week_operator.py took 0.311 seconds
[2025-07-04T14:25:50.007+0530] {processor.py:157} INFO - Started process (PID=13618) to work on /Users/vaish/databorn_etl_project/retail_etl/etl_pipeline_project/venv/lib/python3.10/site-packages/airflow/example_dags/example_branch_day_of_week_operator.py
[2025-07-04T14:25:50.008+0530] {processor.py:829} INFO - Processing file /Users/vaish/databorn_etl_project/retail_etl/etl_pipeline_project/venv/lib/python3.10/site-packages/airflow/example_dags/example_branch_day_of_week_operator.py for tasks to queue
[2025-07-04T14:25:50.008+0530] {logging_mixin.py:154} INFO - [2025-07-04T14:25:50.008+0530] {dagbag.py:536} INFO - Filling up the DagBag from /Users/vaish/databorn_etl_project/retail_etl/etl_pipeline_project/venv/lib/python3.10/site-packages/airflow/example_dags/example_branch_day_of_week_operator.py
[2025-07-04T14:25:50.040+0530] {processor.py:839} INFO - DAG(s) dict_keys(['example_weekday_branch_operator']) retrieved from /Users/vaish/databorn_etl_project/retail_etl/etl_pipeline_project/venv/lib/python3.10/site-packages/airflow/example_dags/example_branch_day_of_week_operator.py
[2025-07-04T14:25:50.266+0530] {logging_mixin.py:154} INFO - [2025-07-04T14:25:50.266+0530] {dag.py:2941} INFO - Sync 1 DAGs
[2025-07-04T14:25:50.288+0530] {logging_mixin.py:154} INFO - [2025-07-04T14:25:50.288+0530] {dag.py:3722} INFO - Setting next_dagrun for example_weekday_branch_operator to 2025-07-03T00:00:00+00:00, run_after=2025-07-04T00:00:00+00:00
[2025-07-04T14:25:50.315+0530] {processor.py:179} INFO - Processing /Users/vaish/databorn_etl_project/retail_etl/etl_pipeline_project/venv/lib/python3.10/site-packages/airflow/example_dags/example_branch_day_of_week_operator.py took 0.309 seconds
[2025-07-04T14:29:21.133+0530] {processor.py:157} INFO - Started process (PID=13908) to work on /Users/vaish/databorn_etl_project/retail_etl/etl_pipeline_project/venv/lib/python3.10/site-packages/airflow/example_dags/example_branch_day_of_week_operator.py
[2025-07-04T14:29:21.140+0530] {processor.py:829} INFO - Processing file /Users/vaish/databorn_etl_project/retail_etl/etl_pipeline_project/venv/lib/python3.10/site-packages/airflow/example_dags/example_branch_day_of_week_operator.py for tasks to queue
[2025-07-04T14:29:21.141+0530] {logging_mixin.py:154} INFO - [2025-07-04T14:29:21.141+0530] {dagbag.py:536} INFO - Filling up the DagBag from /Users/vaish/databorn_etl_project/retail_etl/etl_pipeline_project/venv/lib/python3.10/site-packages/airflow/example_dags/example_branch_day_of_week_operator.py
[2025-07-04T14:29:21.173+0530] {processor.py:839} INFO - DAG(s) dict_keys(['example_weekday_branch_operator']) retrieved from /Users/vaish/databorn_etl_project/retail_etl/etl_pipeline_project/venv/lib/python3.10/site-packages/airflow/example_dags/example_branch_day_of_week_operator.py
[2025-07-04T14:29:21.388+0530] {logging_mixin.py:154} INFO - [2025-07-04T14:29:21.387+0530] {dag.py:2941} INFO - Sync 1 DAGs
[2025-07-04T14:29:21.408+0530] {logging_mixin.py:154} INFO - [2025-07-04T14:29:21.408+0530] {dag.py:3722} INFO - Setting next_dagrun for example_weekday_branch_operator to 2025-07-03T00:00:00+00:00, run_after=2025-07-04T00:00:00+00:00
[2025-07-04T14:29:21.432+0530] {processor.py:179} INFO - Processing /Users/vaish/databorn_etl_project/retail_etl/etl_pipeline_project/venv/lib/python3.10/site-packages/airflow/example_dags/example_branch_day_of_week_operator.py took 0.299 seconds
[2025-07-04T14:34:23.155+0530] {processor.py:157} INFO - Started process (PID=14716) to work on /Users/vaish/databorn_etl_project/retail_etl/etl_pipeline_project/venv/lib/python3.10/site-packages/airflow/example_dags/example_branch_day_of_week_operator.py
[2025-07-04T14:34:23.157+0530] {processor.py:829} INFO - Processing file /Users/vaish/databorn_etl_project/retail_etl/etl_pipeline_project/venv/lib/python3.10/site-packages/airflow/example_dags/example_branch_day_of_week_operator.py for tasks to queue
[2025-07-04T14:34:23.158+0530] {logging_mixin.py:154} INFO - [2025-07-04T14:34:23.158+0530] {dagbag.py:536} INFO - Filling up the DagBag from /Users/vaish/databorn_etl_project/retail_etl/etl_pipeline_project/venv/lib/python3.10/site-packages/airflow/example_dags/example_branch_day_of_week_operator.py
[2025-07-04T14:34:23.213+0530] {processor.py:839} INFO - DAG(s) dict_keys(['example_weekday_branch_operator']) retrieved from /Users/vaish/databorn_etl_project/retail_etl/etl_pipeline_project/venv/lib/python3.10/site-packages/airflow/example_dags/example_branch_day_of_week_operator.py
[2025-07-04T14:34:23.582+0530] {logging_mixin.py:154} INFO - [2025-07-04T14:34:23.581+0530] {dag.py:2941} INFO - Sync 1 DAGs
[2025-07-04T14:34:23.612+0530] {logging_mixin.py:154} INFO - [2025-07-04T14:34:23.611+0530] {dag.py:3722} INFO - Setting next_dagrun for example_weekday_branch_operator to 2025-07-03T00:00:00+00:00, run_after=2025-07-04T00:00:00+00:00
[2025-07-04T14:34:23.644+0530] {processor.py:179} INFO - Processing /Users/vaish/databorn_etl_project/retail_etl/etl_pipeline_project/venv/lib/python3.10/site-packages/airflow/example_dags/example_branch_day_of_week_operator.py took 0.491 seconds
[2025-07-04T14:36:26.014+0530] {processor.py:157} INFO - Started process (PID=14999) to work on /Users/vaish/databorn_etl_project/retail_etl/etl_pipeline_project/venv/lib/python3.10/site-packages/airflow/example_dags/example_branch_day_of_week_operator.py
[2025-07-04T14:36:26.015+0530] {processor.py:829} INFO - Processing file /Users/vaish/databorn_etl_project/retail_etl/etl_pipeline_project/venv/lib/python3.10/site-packages/airflow/example_dags/example_branch_day_of_week_operator.py for tasks to queue
[2025-07-04T14:36:26.015+0530] {logging_mixin.py:154} INFO - [2025-07-04T14:36:26.015+0530] {dagbag.py:536} INFO - Filling up the DagBag from /Users/vaish/databorn_etl_project/retail_etl/etl_pipeline_project/venv/lib/python3.10/site-packages/airflow/example_dags/example_branch_day_of_week_operator.py
[2025-07-04T14:36:26.046+0530] {processor.py:839} INFO - DAG(s) dict_keys(['example_weekday_branch_operator']) retrieved from /Users/vaish/databorn_etl_project/retail_etl/etl_pipeline_project/venv/lib/python3.10/site-packages/airflow/example_dags/example_branch_day_of_week_operator.py
[2025-07-04T14:36:26.258+0530] {logging_mixin.py:154} INFO - [2025-07-04T14:36:26.258+0530] {dag.py:2941} INFO - Sync 1 DAGs
[2025-07-04T14:36:26.279+0530] {logging_mixin.py:154} INFO - [2025-07-04T14:36:26.279+0530] {dag.py:3722} INFO - Setting next_dagrun for example_weekday_branch_operator to 2025-07-03T00:00:00+00:00, run_after=2025-07-04T00:00:00+00:00
[2025-07-04T14:36:26.307+0530] {processor.py:179} INFO - Processing /Users/vaish/databorn_etl_project/retail_etl/etl_pipeline_project/venv/lib/python3.10/site-packages/airflow/example_dags/example_branch_day_of_week_operator.py took 0.294 seconds
[2025-07-04T14:37:46.059+0530] {processor.py:157} INFO - Started process (PID=15174) to work on /Users/vaish/databorn_etl_project/retail_etl/etl_pipeline_project/venv/lib/python3.10/site-packages/airflow/example_dags/example_branch_day_of_week_operator.py
[2025-07-04T14:37:46.060+0530] {processor.py:829} INFO - Processing file /Users/vaish/databorn_etl_project/retail_etl/etl_pipeline_project/venv/lib/python3.10/site-packages/airflow/example_dags/example_branch_day_of_week_operator.py for tasks to queue
[2025-07-04T14:37:46.060+0530] {logging_mixin.py:154} INFO - [2025-07-04T14:37:46.060+0530] {dagbag.py:536} INFO - Filling up the DagBag from /Users/vaish/databorn_etl_project/retail_etl/etl_pipeline_project/venv/lib/python3.10/site-packages/airflow/example_dags/example_branch_day_of_week_operator.py
[2025-07-04T14:37:46.091+0530] {processor.py:839} INFO - DAG(s) dict_keys(['example_weekday_branch_operator']) retrieved from /Users/vaish/databorn_etl_project/retail_etl/etl_pipeline_project/venv/lib/python3.10/site-packages/airflow/example_dags/example_branch_day_of_week_operator.py
[2025-07-04T14:37:46.313+0530] {logging_mixin.py:154} INFO - [2025-07-04T14:37:46.313+0530] {dag.py:2941} INFO - Sync 1 DAGs
[2025-07-04T14:37:46.336+0530] {logging_mixin.py:154} INFO - [2025-07-04T14:37:46.335+0530] {dag.py:3722} INFO - Setting next_dagrun for example_weekday_branch_operator to 2025-07-03T00:00:00+00:00, run_after=2025-07-04T00:00:00+00:00
[2025-07-04T14:37:46.363+0530] {processor.py:179} INFO - Processing /Users/vaish/databorn_etl_project/retail_etl/etl_pipeline_project/venv/lib/python3.10/site-packages/airflow/example_dags/example_branch_day_of_week_operator.py took 0.305 seconds
[2025-07-04T14:39:49.774+0530] {processor.py:157} INFO - Started process (PID=15559) to work on /Users/vaish/databorn_etl_project/retail_etl/etl_pipeline_project/venv/lib/python3.10/site-packages/airflow/example_dags/example_branch_day_of_week_operator.py
[2025-07-04T14:39:49.781+0530] {processor.py:829} INFO - Processing file /Users/vaish/databorn_etl_project/retail_etl/etl_pipeline_project/venv/lib/python3.10/site-packages/airflow/example_dags/example_branch_day_of_week_operator.py for tasks to queue
[2025-07-04T14:39:49.782+0530] {logging_mixin.py:154} INFO - [2025-07-04T14:39:49.781+0530] {dagbag.py:536} INFO - Filling up the DagBag from /Users/vaish/databorn_etl_project/retail_etl/etl_pipeline_project/venv/lib/python3.10/site-packages/airflow/example_dags/example_branch_day_of_week_operator.py
[2025-07-04T14:39:49.812+0530] {processor.py:839} INFO - DAG(s) dict_keys(['example_weekday_branch_operator']) retrieved from /Users/vaish/databorn_etl_project/retail_etl/etl_pipeline_project/venv/lib/python3.10/site-packages/airflow/example_dags/example_branch_day_of_week_operator.py
[2025-07-04T14:39:50.020+0530] {logging_mixin.py:154} INFO - [2025-07-04T14:39:50.020+0530] {dag.py:2941} INFO - Sync 1 DAGs
[2025-07-04T14:39:50.041+0530] {logging_mixin.py:154} INFO - [2025-07-04T14:39:50.041+0530] {dag.py:3722} INFO - Setting next_dagrun for example_weekday_branch_operator to 2025-07-03T00:00:00+00:00, run_after=2025-07-04T00:00:00+00:00
[2025-07-04T14:39:50.069+0530] {processor.py:179} INFO - Processing /Users/vaish/databorn_etl_project/retail_etl/etl_pipeline_project/venv/lib/python3.10/site-packages/airflow/example_dags/example_branch_day_of_week_operator.py took 0.296 seconds
[2025-07-04T14:41:10.551+0530] {processor.py:157} INFO - Started process (PID=15739) to work on /Users/vaish/databorn_etl_project/retail_etl/etl_pipeline_project/venv/lib/python3.10/site-packages/airflow/example_dags/example_branch_day_of_week_operator.py
[2025-07-04T14:41:10.552+0530] {processor.py:829} INFO - Processing file /Users/vaish/databorn_etl_project/retail_etl/etl_pipeline_project/venv/lib/python3.10/site-packages/airflow/example_dags/example_branch_day_of_week_operator.py for tasks to queue
[2025-07-04T14:41:10.553+0530] {logging_mixin.py:154} INFO - [2025-07-04T14:41:10.553+0530] {dagbag.py:536} INFO - Filling up the DagBag from /Users/vaish/databorn_etl_project/retail_etl/etl_pipeline_project/venv/lib/python3.10/site-packages/airflow/example_dags/example_branch_day_of_week_operator.py
[2025-07-04T14:41:10.587+0530] {processor.py:839} INFO - DAG(s) dict_keys(['example_weekday_branch_operator']) retrieved from /Users/vaish/databorn_etl_project/retail_etl/etl_pipeline_project/venv/lib/python3.10/site-packages/airflow/example_dags/example_branch_day_of_week_operator.py
[2025-07-04T14:41:10.853+0530] {logging_mixin.py:154} INFO - [2025-07-04T14:41:10.852+0530] {dag.py:2941} INFO - Sync 1 DAGs
[2025-07-04T14:41:10.873+0530] {logging_mixin.py:154} INFO - [2025-07-04T14:41:10.873+0530] {dag.py:3722} INFO - Setting next_dagrun for example_weekday_branch_operator to 2025-07-03T00:00:00+00:00, run_after=2025-07-04T00:00:00+00:00
[2025-07-04T14:41:10.900+0530] {processor.py:179} INFO - Processing /Users/vaish/databorn_etl_project/retail_etl/etl_pipeline_project/venv/lib/python3.10/site-packages/airflow/example_dags/example_branch_day_of_week_operator.py took 0.350 seconds
[2025-07-04T14:43:24.624+0530] {processor.py:157} INFO - Started process (PID=16048) to work on /Users/vaish/databorn_etl_project/retail_etl/etl_pipeline_project/venv/lib/python3.10/site-packages/airflow/example_dags/example_branch_day_of_week_operator.py
[2025-07-04T14:43:24.625+0530] {processor.py:829} INFO - Processing file /Users/vaish/databorn_etl_project/retail_etl/etl_pipeline_project/venv/lib/python3.10/site-packages/airflow/example_dags/example_branch_day_of_week_operator.py for tasks to queue
[2025-07-04T14:43:24.626+0530] {logging_mixin.py:154} INFO - [2025-07-04T14:43:24.625+0530] {dagbag.py:536} INFO - Filling up the DagBag from /Users/vaish/databorn_etl_project/retail_etl/etl_pipeline_project/venv/lib/python3.10/site-packages/airflow/example_dags/example_branch_day_of_week_operator.py
[2025-07-04T14:43:24.656+0530] {processor.py:839} INFO - DAG(s) dict_keys(['example_weekday_branch_operator']) retrieved from /Users/vaish/databorn_etl_project/retail_etl/etl_pipeline_project/venv/lib/python3.10/site-packages/airflow/example_dags/example_branch_day_of_week_operator.py
[2025-07-04T14:43:24.874+0530] {logging_mixin.py:154} INFO - [2025-07-04T14:43:24.874+0530] {dag.py:2941} INFO - Sync 1 DAGs
[2025-07-04T14:43:24.903+0530] {logging_mixin.py:154} INFO - [2025-07-04T14:43:24.902+0530] {dag.py:3722} INFO - Setting next_dagrun for example_weekday_branch_operator to 2025-07-03T00:00:00+00:00, run_after=2025-07-04T00:00:00+00:00
[2025-07-04T14:43:24.939+0530] {processor.py:179} INFO - Processing /Users/vaish/databorn_etl_project/retail_etl/etl_pipeline_project/venv/lib/python3.10/site-packages/airflow/example_dags/example_branch_day_of_week_operator.py took 0.317 seconds
[2025-07-04T14:44:14.375+0530] {processor.py:157} INFO - Started process (PID=16153) to work on /Users/vaish/databorn_etl_project/retail_etl/etl_pipeline_project/venv/lib/python3.10/site-packages/airflow/example_dags/example_branch_day_of_week_operator.py
[2025-07-04T14:44:14.376+0530] {processor.py:829} INFO - Processing file /Users/vaish/databorn_etl_project/retail_etl/etl_pipeline_project/venv/lib/python3.10/site-packages/airflow/example_dags/example_branch_day_of_week_operator.py for tasks to queue
[2025-07-04T14:44:14.376+0530] {logging_mixin.py:154} INFO - [2025-07-04T14:44:14.376+0530] {dagbag.py:536} INFO - Filling up the DagBag from /Users/vaish/databorn_etl_project/retail_etl/etl_pipeline_project/venv/lib/python3.10/site-packages/airflow/example_dags/example_branch_day_of_week_operator.py
[2025-07-04T14:44:14.407+0530] {processor.py:839} INFO - DAG(s) dict_keys(['example_weekday_branch_operator']) retrieved from /Users/vaish/databorn_etl_project/retail_etl/etl_pipeline_project/venv/lib/python3.10/site-packages/airflow/example_dags/example_branch_day_of_week_operator.py
[2025-07-04T14:44:14.626+0530] {logging_mixin.py:154} INFO - [2025-07-04T14:44:14.626+0530] {dag.py:2941} INFO - Sync 1 DAGs
[2025-07-04T14:44:14.648+0530] {logging_mixin.py:154} INFO - [2025-07-04T14:44:14.648+0530] {dag.py:3722} INFO - Setting next_dagrun for example_weekday_branch_operator to 2025-07-03T00:00:00+00:00, run_after=2025-07-04T00:00:00+00:00
[2025-07-04T14:44:14.675+0530] {processor.py:179} INFO - Processing /Users/vaish/databorn_etl_project/retail_etl/etl_pipeline_project/venv/lib/python3.10/site-packages/airflow/example_dags/example_branch_day_of_week_operator.py took 0.302 seconds
[2025-07-04T14:46:50.164+0530] {processor.py:157} INFO - Started process (PID=16631) to work on /Users/vaish/databorn_etl_project/retail_etl/etl_pipeline_project/venv/lib/python3.10/site-packages/airflow/example_dags/example_branch_day_of_week_operator.py
[2025-07-04T14:46:50.165+0530] {processor.py:829} INFO - Processing file /Users/vaish/databorn_etl_project/retail_etl/etl_pipeline_project/venv/lib/python3.10/site-packages/airflow/example_dags/example_branch_day_of_week_operator.py for tasks to queue
[2025-07-04T14:46:50.165+0530] {logging_mixin.py:154} INFO - [2025-07-04T14:46:50.165+0530] {dagbag.py:536} INFO - Filling up the DagBag from /Users/vaish/databorn_etl_project/retail_etl/etl_pipeline_project/venv/lib/python3.10/site-packages/airflow/example_dags/example_branch_day_of_week_operator.py
[2025-07-04T14:46:50.202+0530] {processor.py:839} INFO - DAG(s) dict_keys(['example_weekday_branch_operator']) retrieved from /Users/vaish/databorn_etl_project/retail_etl/etl_pipeline_project/venv/lib/python3.10/site-packages/airflow/example_dags/example_branch_day_of_week_operator.py
[2025-07-04T14:46:50.406+0530] {logging_mixin.py:154} INFO - [2025-07-04T14:46:50.406+0530] {dag.py:2941} INFO - Sync 1 DAGs
[2025-07-04T14:46:50.426+0530] {logging_mixin.py:154} INFO - [2025-07-04T14:46:50.426+0530] {dag.py:3722} INFO - Setting next_dagrun for example_weekday_branch_operator to 2025-07-03T00:00:00+00:00, run_after=2025-07-04T00:00:00+00:00
[2025-07-04T14:46:50.453+0530] {processor.py:179} INFO - Processing /Users/vaish/databorn_etl_project/retail_etl/etl_pipeline_project/venv/lib/python3.10/site-packages/airflow/example_dags/example_branch_day_of_week_operator.py took 0.291 seconds
[2025-07-04T14:49:24.087+0530] {processor.py:157} INFO - Started process (PID=17018) to work on /Users/vaish/databorn_etl_project/retail_etl/etl_pipeline_project/venv/lib/python3.10/site-packages/airflow/example_dags/example_branch_day_of_week_operator.py
[2025-07-04T14:49:24.093+0530] {processor.py:829} INFO - Processing file /Users/vaish/databorn_etl_project/retail_etl/etl_pipeline_project/venv/lib/python3.10/site-packages/airflow/example_dags/example_branch_day_of_week_operator.py for tasks to queue
[2025-07-04T14:49:24.094+0530] {logging_mixin.py:154} INFO - [2025-07-04T14:49:24.094+0530] {dagbag.py:536} INFO - Filling up the DagBag from /Users/vaish/databorn_etl_project/retail_etl/etl_pipeline_project/venv/lib/python3.10/site-packages/airflow/example_dags/example_branch_day_of_week_operator.py
[2025-07-04T14:49:24.127+0530] {processor.py:839} INFO - DAG(s) dict_keys(['example_weekday_branch_operator']) retrieved from /Users/vaish/databorn_etl_project/retail_etl/etl_pipeline_project/venv/lib/python3.10/site-packages/airflow/example_dags/example_branch_day_of_week_operator.py
[2025-07-04T14:49:24.361+0530] {logging_mixin.py:154} INFO - [2025-07-04T14:49:24.361+0530] {dag.py:2941} INFO - Sync 1 DAGs
[2025-07-04T14:49:24.387+0530] {logging_mixin.py:154} INFO - [2025-07-04T14:49:24.387+0530] {dag.py:3722} INFO - Setting next_dagrun for example_weekday_branch_operator to 2025-07-03T00:00:00+00:00, run_after=2025-07-04T00:00:00+00:00
[2025-07-04T14:49:24.413+0530] {processor.py:179} INFO - Processing /Users/vaish/databorn_etl_project/retail_etl/etl_pipeline_project/venv/lib/python3.10/site-packages/airflow/example_dags/example_branch_day_of_week_operator.py took 0.327 seconds
[2025-07-04T14:50:14.683+0530] {processor.py:157} INFO - Started process (PID=17120) to work on /Users/vaish/databorn_etl_project/retail_etl/etl_pipeline_project/venv/lib/python3.10/site-packages/airflow/example_dags/example_branch_day_of_week_operator.py
[2025-07-04T14:50:14.684+0530] {processor.py:829} INFO - Processing file /Users/vaish/databorn_etl_project/retail_etl/etl_pipeline_project/venv/lib/python3.10/site-packages/airflow/example_dags/example_branch_day_of_week_operator.py for tasks to queue
[2025-07-04T14:50:14.685+0530] {logging_mixin.py:154} INFO - [2025-07-04T14:50:14.685+0530] {dagbag.py:536} INFO - Filling up the DagBag from /Users/vaish/databorn_etl_project/retail_etl/etl_pipeline_project/venv/lib/python3.10/site-packages/airflow/example_dags/example_branch_day_of_week_operator.py
[2025-07-04T14:50:14.717+0530] {processor.py:839} INFO - DAG(s) dict_keys(['example_weekday_branch_operator']) retrieved from /Users/vaish/databorn_etl_project/retail_etl/etl_pipeline_project/venv/lib/python3.10/site-packages/airflow/example_dags/example_branch_day_of_week_operator.py
[2025-07-04T14:50:14.954+0530] {logging_mixin.py:154} INFO - [2025-07-04T14:50:14.954+0530] {dag.py:2941} INFO - Sync 1 DAGs
[2025-07-04T14:50:14.976+0530] {logging_mixin.py:154} INFO - [2025-07-04T14:50:14.976+0530] {dag.py:3722} INFO - Setting next_dagrun for example_weekday_branch_operator to 2025-07-03T00:00:00+00:00, run_after=2025-07-04T00:00:00+00:00
[2025-07-04T14:50:15.005+0530] {processor.py:179} INFO - Processing /Users/vaish/databorn_etl_project/retail_etl/etl_pipeline_project/venv/lib/python3.10/site-packages/airflow/example_dags/example_branch_day_of_week_operator.py took 0.324 seconds
[2025-07-04T14:52:49.482+0530] {processor.py:157} INFO - Started process (PID=17458) to work on /Users/vaish/databorn_etl_project/retail_etl/etl_pipeline_project/venv/lib/python3.10/site-packages/airflow/example_dags/example_branch_day_of_week_operator.py
[2025-07-04T14:52:49.483+0530] {processor.py:829} INFO - Processing file /Users/vaish/databorn_etl_project/retail_etl/etl_pipeline_project/venv/lib/python3.10/site-packages/airflow/example_dags/example_branch_day_of_week_operator.py for tasks to queue
[2025-07-04T14:52:49.484+0530] {logging_mixin.py:154} INFO - [2025-07-04T14:52:49.484+0530] {dagbag.py:536} INFO - Filling up the DagBag from /Users/vaish/databorn_etl_project/retail_etl/etl_pipeline_project/venv/lib/python3.10/site-packages/airflow/example_dags/example_branch_day_of_week_operator.py
[2025-07-04T14:52:49.516+0530] {processor.py:839} INFO - DAG(s) dict_keys(['example_weekday_branch_operator']) retrieved from /Users/vaish/databorn_etl_project/retail_etl/etl_pipeline_project/venv/lib/python3.10/site-packages/airflow/example_dags/example_branch_day_of_week_operator.py
[2025-07-04T14:52:49.828+0530] {logging_mixin.py:154} INFO - [2025-07-04T14:52:49.827+0530] {dag.py:2941} INFO - Sync 1 DAGs
[2025-07-04T14:52:49.856+0530] {logging_mixin.py:154} INFO - [2025-07-04T14:52:49.856+0530] {dag.py:3722} INFO - Setting next_dagrun for example_weekday_branch_operator to 2025-07-03T00:00:00+00:00, run_after=2025-07-04T00:00:00+00:00
[2025-07-04T14:52:49.884+0530] {processor.py:179} INFO - Processing /Users/vaish/databorn_etl_project/retail_etl/etl_pipeline_project/venv/lib/python3.10/site-packages/airflow/example_dags/example_branch_day_of_week_operator.py took 0.403 seconds
[2025-07-04T14:53:46.050+0530] {processor.py:157} INFO - Started process (PID=17583) to work on /Users/vaish/databorn_etl_project/retail_etl/etl_pipeline_project/venv/lib/python3.10/site-packages/airflow/example_dags/example_branch_day_of_week_operator.py
[2025-07-04T14:53:46.051+0530] {processor.py:829} INFO - Processing file /Users/vaish/databorn_etl_project/retail_etl/etl_pipeline_project/venv/lib/python3.10/site-packages/airflow/example_dags/example_branch_day_of_week_operator.py for tasks to queue
[2025-07-04T14:53:46.052+0530] {logging_mixin.py:154} INFO - [2025-07-04T14:53:46.052+0530] {dagbag.py:536} INFO - Filling up the DagBag from /Users/vaish/databorn_etl_project/retail_etl/etl_pipeline_project/venv/lib/python3.10/site-packages/airflow/example_dags/example_branch_day_of_week_operator.py
[2025-07-04T14:53:46.089+0530] {processor.py:839} INFO - DAG(s) dict_keys(['example_weekday_branch_operator']) retrieved from /Users/vaish/databorn_etl_project/retail_etl/etl_pipeline_project/venv/lib/python3.10/site-packages/airflow/example_dags/example_branch_day_of_week_operator.py
[2025-07-04T14:53:46.337+0530] {logging_mixin.py:154} INFO - [2025-07-04T14:53:46.337+0530] {dag.py:2941} INFO - Sync 1 DAGs
[2025-07-04T14:53:46.362+0530] {logging_mixin.py:154} INFO - [2025-07-04T14:53:46.361+0530] {dag.py:3722} INFO - Setting next_dagrun for example_weekday_branch_operator to 2025-07-03T00:00:00+00:00, run_after=2025-07-04T00:00:00+00:00
[2025-07-04T14:53:46.389+0530] {processor.py:179} INFO - Processing /Users/vaish/databorn_etl_project/retail_etl/etl_pipeline_project/venv/lib/python3.10/site-packages/airflow/example_dags/example_branch_day_of_week_operator.py took 0.340 seconds
[2025-07-04T14:56:15.905+0530] {processor.py:157} INFO - Started process (PID=17882) to work on /Users/vaish/databorn_etl_project/retail_etl/etl_pipeline_project/venv/lib/python3.10/site-packages/airflow/example_dags/example_branch_day_of_week_operator.py
[2025-07-04T14:56:15.906+0530] {processor.py:829} INFO - Processing file /Users/vaish/databorn_etl_project/retail_etl/etl_pipeline_project/venv/lib/python3.10/site-packages/airflow/example_dags/example_branch_day_of_week_operator.py for tasks to queue
[2025-07-04T14:56:15.907+0530] {logging_mixin.py:154} INFO - [2025-07-04T14:56:15.907+0530] {dagbag.py:536} INFO - Filling up the DagBag from /Users/vaish/databorn_etl_project/retail_etl/etl_pipeline_project/venv/lib/python3.10/site-packages/airflow/example_dags/example_branch_day_of_week_operator.py
[2025-07-04T14:56:15.938+0530] {processor.py:839} INFO - DAG(s) dict_keys(['example_weekday_branch_operator']) retrieved from /Users/vaish/databorn_etl_project/retail_etl/etl_pipeline_project/venv/lib/python3.10/site-packages/airflow/example_dags/example_branch_day_of_week_operator.py
[2025-07-04T14:56:16.170+0530] {logging_mixin.py:154} INFO - [2025-07-04T14:56:16.170+0530] {dag.py:2941} INFO - Sync 1 DAGs
[2025-07-04T14:56:16.191+0530] {logging_mixin.py:154} INFO - [2025-07-04T14:56:16.191+0530] {dag.py:3722} INFO - Setting next_dagrun for example_weekday_branch_operator to 2025-07-03T00:00:00+00:00, run_after=2025-07-04T00:00:00+00:00
[2025-07-04T14:56:16.214+0530] {processor.py:179} INFO - Processing /Users/vaish/databorn_etl_project/retail_etl/etl_pipeline_project/venv/lib/python3.10/site-packages/airflow/example_dags/example_branch_day_of_week_operator.py took 0.309 seconds
[2025-07-04T14:57:12.394+0530] {processor.py:157} INFO - Started process (PID=17997) to work on /Users/vaish/databorn_etl_project/retail_etl/etl_pipeline_project/venv/lib/python3.10/site-packages/airflow/example_dags/example_branch_day_of_week_operator.py
[2025-07-04T14:57:12.395+0530] {processor.py:829} INFO - Processing file /Users/vaish/databorn_etl_project/retail_etl/etl_pipeline_project/venv/lib/python3.10/site-packages/airflow/example_dags/example_branch_day_of_week_operator.py for tasks to queue
[2025-07-04T14:57:12.395+0530] {logging_mixin.py:154} INFO - [2025-07-04T14:57:12.395+0530] {dagbag.py:536} INFO - Filling up the DagBag from /Users/vaish/databorn_etl_project/retail_etl/etl_pipeline_project/venv/lib/python3.10/site-packages/airflow/example_dags/example_branch_day_of_week_operator.py
[2025-07-04T14:57:12.426+0530] {processor.py:839} INFO - DAG(s) dict_keys(['example_weekday_branch_operator']) retrieved from /Users/vaish/databorn_etl_project/retail_etl/etl_pipeline_project/venv/lib/python3.10/site-packages/airflow/example_dags/example_branch_day_of_week_operator.py
[2025-07-04T14:57:12.660+0530] {logging_mixin.py:154} INFO - [2025-07-04T14:57:12.660+0530] {dag.py:2941} INFO - Sync 1 DAGs
[2025-07-04T14:57:12.683+0530] {logging_mixin.py:154} INFO - [2025-07-04T14:57:12.683+0530] {dag.py:3722} INFO - Setting next_dagrun for example_weekday_branch_operator to 2025-07-03T00:00:00+00:00, run_after=2025-07-04T00:00:00+00:00
[2025-07-04T14:57:12.706+0530] {processor.py:179} INFO - Processing /Users/vaish/databorn_etl_project/retail_etl/etl_pipeline_project/venv/lib/python3.10/site-packages/airflow/example_dags/example_branch_day_of_week_operator.py took 0.314 seconds
[2025-07-04T14:59:37.131+0530] {processor.py:157} INFO - Started process (PID=18298) to work on /Users/vaish/databorn_etl_project/retail_etl/etl_pipeline_project/venv/lib/python3.10/site-packages/airflow/example_dags/example_branch_day_of_week_operator.py
[2025-07-04T14:59:37.132+0530] {processor.py:829} INFO - Processing file /Users/vaish/databorn_etl_project/retail_etl/etl_pipeline_project/venv/lib/python3.10/site-packages/airflow/example_dags/example_branch_day_of_week_operator.py for tasks to queue
[2025-07-04T14:59:37.133+0530] {logging_mixin.py:154} INFO - [2025-07-04T14:59:37.132+0530] {dagbag.py:536} INFO - Filling up the DagBag from /Users/vaish/databorn_etl_project/retail_etl/etl_pipeline_project/venv/lib/python3.10/site-packages/airflow/example_dags/example_branch_day_of_week_operator.py
[2025-07-04T14:59:37.162+0530] {processor.py:839} INFO - DAG(s) dict_keys(['example_weekday_branch_operator']) retrieved from /Users/vaish/databorn_etl_project/retail_etl/etl_pipeline_project/venv/lib/python3.10/site-packages/airflow/example_dags/example_branch_day_of_week_operator.py
[2025-07-04T14:59:37.372+0530] {logging_mixin.py:154} INFO - [2025-07-04T14:59:37.371+0530] {dag.py:2941} INFO - Sync 1 DAGs
[2025-07-04T14:59:37.392+0530] {logging_mixin.py:154} INFO - [2025-07-04T14:59:37.392+0530] {dag.py:3722} INFO - Setting next_dagrun for example_weekday_branch_operator to 2025-07-03T00:00:00+00:00, run_after=2025-07-04T00:00:00+00:00
[2025-07-04T14:59:37.419+0530] {processor.py:179} INFO - Processing /Users/vaish/databorn_etl_project/retail_etl/etl_pipeline_project/venv/lib/python3.10/site-packages/airflow/example_dags/example_branch_day_of_week_operator.py took 0.289 seconds
[2025-07-04T15:00:27.410+0530] {processor.py:157} INFO - Started process (PID=18401) to work on /Users/vaish/databorn_etl_project/retail_etl/etl_pipeline_project/venv/lib/python3.10/site-packages/airflow/example_dags/example_branch_day_of_week_operator.py
[2025-07-04T15:00:27.411+0530] {processor.py:829} INFO - Processing file /Users/vaish/databorn_etl_project/retail_etl/etl_pipeline_project/venv/lib/python3.10/site-packages/airflow/example_dags/example_branch_day_of_week_operator.py for tasks to queue
[2025-07-04T15:00:27.412+0530] {logging_mixin.py:154} INFO - [2025-07-04T15:00:27.412+0530] {dagbag.py:536} INFO - Filling up the DagBag from /Users/vaish/databorn_etl_project/retail_etl/etl_pipeline_project/venv/lib/python3.10/site-packages/airflow/example_dags/example_branch_day_of_week_operator.py
[2025-07-04T15:00:27.440+0530] {processor.py:839} INFO - DAG(s) dict_keys(['example_weekday_branch_operator']) retrieved from /Users/vaish/databorn_etl_project/retail_etl/etl_pipeline_project/venv/lib/python3.10/site-packages/airflow/example_dags/example_branch_day_of_week_operator.py
[2025-07-04T15:00:27.649+0530] {logging_mixin.py:154} INFO - [2025-07-04T15:00:27.649+0530] {dag.py:2941} INFO - Sync 1 DAGs
[2025-07-04T15:00:27.670+0530] {logging_mixin.py:154} INFO - [2025-07-04T15:00:27.669+0530] {dag.py:3722} INFO - Setting next_dagrun for example_weekday_branch_operator to 2025-07-03T00:00:00+00:00, run_after=2025-07-04T00:00:00+00:00
[2025-07-04T15:00:27.697+0530] {processor.py:179} INFO - Processing /Users/vaish/databorn_etl_project/retail_etl/etl_pipeline_project/venv/lib/python3.10/site-packages/airflow/example_dags/example_branch_day_of_week_operator.py took 0.288 seconds
[2025-07-04T15:02:55.316+0530] {processor.py:157} INFO - Started process (PID=18778) to work on /Users/vaish/databorn_etl_project/retail_etl/etl_pipeline_project/venv/lib/python3.10/site-packages/airflow/example_dags/example_branch_day_of_week_operator.py
[2025-07-04T15:02:55.318+0530] {processor.py:829} INFO - Processing file /Users/vaish/databorn_etl_project/retail_etl/etl_pipeline_project/venv/lib/python3.10/site-packages/airflow/example_dags/example_branch_day_of_week_operator.py for tasks to queue
[2025-07-04T15:02:55.319+0530] {logging_mixin.py:154} INFO - [2025-07-04T15:02:55.318+0530] {dagbag.py:536} INFO - Filling up the DagBag from /Users/vaish/databorn_etl_project/retail_etl/etl_pipeline_project/venv/lib/python3.10/site-packages/airflow/example_dags/example_branch_day_of_week_operator.py
[2025-07-04T15:02:55.366+0530] {processor.py:839} INFO - DAG(s) dict_keys(['example_weekday_branch_operator']) retrieved from /Users/vaish/databorn_etl_project/retail_etl/etl_pipeline_project/venv/lib/python3.10/site-packages/airflow/example_dags/example_branch_day_of_week_operator.py
[2025-07-04T15:02:55.696+0530] {logging_mixin.py:154} INFO - [2025-07-04T15:02:55.695+0530] {dag.py:2941} INFO - Sync 1 DAGs
[2025-07-04T15:02:55.727+0530] {logging_mixin.py:154} INFO - [2025-07-04T15:02:55.726+0530] {dag.py:3722} INFO - Setting next_dagrun for example_weekday_branch_operator to 2025-07-03T00:00:00+00:00, run_after=2025-07-04T00:00:00+00:00
[2025-07-04T15:02:55.752+0530] {processor.py:179} INFO - Processing /Users/vaish/databorn_etl_project/retail_etl/etl_pipeline_project/venv/lib/python3.10/site-packages/airflow/example_dags/example_branch_day_of_week_operator.py took 0.438 seconds
[2025-07-04T15:03:59.059+0530] {processor.py:157} INFO - Started process (PID=18958) to work on /Users/vaish/databorn_etl_project/retail_etl/etl_pipeline_project/venv/lib/python3.10/site-packages/airflow/example_dags/example_branch_day_of_week_operator.py
[2025-07-04T15:03:59.061+0530] {processor.py:829} INFO - Processing file /Users/vaish/databorn_etl_project/retail_etl/etl_pipeline_project/venv/lib/python3.10/site-packages/airflow/example_dags/example_branch_day_of_week_operator.py for tasks to queue
[2025-07-04T15:03:59.062+0530] {logging_mixin.py:154} INFO - [2025-07-04T15:03:59.061+0530] {dagbag.py:536} INFO - Filling up the DagBag from /Users/vaish/databorn_etl_project/retail_etl/etl_pipeline_project/venv/lib/python3.10/site-packages/airflow/example_dags/example_branch_day_of_week_operator.py
[2025-07-04T15:03:59.097+0530] {processor.py:839} INFO - DAG(s) dict_keys(['example_weekday_branch_operator']) retrieved from /Users/vaish/databorn_etl_project/retail_etl/etl_pipeline_project/venv/lib/python3.10/site-packages/airflow/example_dags/example_branch_day_of_week_operator.py
[2025-07-04T15:03:59.371+0530] {logging_mixin.py:154} INFO - [2025-07-04T15:03:59.370+0530] {dag.py:2941} INFO - Sync 1 DAGs
[2025-07-04T15:03:59.391+0530] {logging_mixin.py:154} INFO - [2025-07-04T15:03:59.391+0530] {dag.py:3722} INFO - Setting next_dagrun for example_weekday_branch_operator to 2025-07-03T00:00:00+00:00, run_after=2025-07-04T00:00:00+00:00
[2025-07-04T15:03:59.411+0530] {processor.py:179} INFO - Processing /Users/vaish/databorn_etl_project/retail_etl/etl_pipeline_project/venv/lib/python3.10/site-packages/airflow/example_dags/example_branch_day_of_week_operator.py took 0.354 seconds
[2025-07-04T15:07:32.852+0530] {processor.py:157} INFO - Started process (PID=19420) to work on /Users/vaish/databorn_etl_project/retail_etl/etl_pipeline_project/venv/lib/python3.10/site-packages/airflow/example_dags/example_branch_day_of_week_operator.py
[2025-07-04T15:07:32.855+0530] {processor.py:829} INFO - Processing file /Users/vaish/databorn_etl_project/retail_etl/etl_pipeline_project/venv/lib/python3.10/site-packages/airflow/example_dags/example_branch_day_of_week_operator.py for tasks to queue
[2025-07-04T15:07:32.856+0530] {logging_mixin.py:154} INFO - [2025-07-04T15:07:32.856+0530] {dagbag.py:536} INFO - Filling up the DagBag from /Users/vaish/databorn_etl_project/retail_etl/etl_pipeline_project/venv/lib/python3.10/site-packages/airflow/example_dags/example_branch_day_of_week_operator.py
[2025-07-04T15:07:32.899+0530] {processor.py:839} INFO - DAG(s) dict_keys(['example_weekday_branch_operator']) retrieved from /Users/vaish/databorn_etl_project/retail_etl/etl_pipeline_project/venv/lib/python3.10/site-packages/airflow/example_dags/example_branch_day_of_week_operator.py
[2025-07-04T15:07:33.418+0530] {logging_mixin.py:154} INFO - [2025-07-04T15:07:33.418+0530] {dag.py:2941} INFO - Sync 1 DAGs
[2025-07-04T15:07:33.459+0530] {logging_mixin.py:154} INFO - [2025-07-04T15:07:33.459+0530] {dag.py:3722} INFO - Setting next_dagrun for example_weekday_branch_operator to 2025-07-03T00:00:00+00:00, run_after=2025-07-04T00:00:00+00:00
[2025-07-04T15:07:33.502+0530] {processor.py:179} INFO - Processing /Users/vaish/databorn_etl_project/retail_etl/etl_pipeline_project/venv/lib/python3.10/site-packages/airflow/example_dags/example_branch_day_of_week_operator.py took 0.652 seconds
[2025-07-04T15:11:06.588+0530] {processor.py:157} INFO - Started process (PID=19783) to work on /Users/vaish/databorn_etl_project/retail_etl/etl_pipeline_project/venv/lib/python3.10/site-packages/airflow/example_dags/example_branch_day_of_week_operator.py
[2025-07-04T15:11:06.594+0530] {processor.py:829} INFO - Processing file /Users/vaish/databorn_etl_project/retail_etl/etl_pipeline_project/venv/lib/python3.10/site-packages/airflow/example_dags/example_branch_day_of_week_operator.py for tasks to queue
[2025-07-04T15:11:06.596+0530] {logging_mixin.py:154} INFO - [2025-07-04T15:11:06.595+0530] {dagbag.py:536} INFO - Filling up the DagBag from /Users/vaish/databorn_etl_project/retail_etl/etl_pipeline_project/venv/lib/python3.10/site-packages/airflow/example_dags/example_branch_day_of_week_operator.py
[2025-07-04T15:11:06.628+0530] {processor.py:839} INFO - DAG(s) dict_keys(['example_weekday_branch_operator']) retrieved from /Users/vaish/databorn_etl_project/retail_etl/etl_pipeline_project/venv/lib/python3.10/site-packages/airflow/example_dags/example_branch_day_of_week_operator.py
[2025-07-04T15:11:06.834+0530] {logging_mixin.py:154} INFO - [2025-07-04T15:11:06.834+0530] {dag.py:2941} INFO - Sync 1 DAGs
[2025-07-04T15:11:06.854+0530] {logging_mixin.py:154} INFO - [2025-07-04T15:11:06.854+0530] {dag.py:3722} INFO - Setting next_dagrun for example_weekday_branch_operator to 2025-07-03T00:00:00+00:00, run_after=2025-07-04T00:00:00+00:00
[2025-07-04T15:11:06.880+0530] {processor.py:179} INFO - Processing /Users/vaish/databorn_etl_project/retail_etl/etl_pipeline_project/venv/lib/python3.10/site-packages/airflow/example_dags/example_branch_day_of_week_operator.py took 0.293 seconds
[2025-07-04T15:14:30.149+0530] {processor.py:157} INFO - Started process (PID=20116) to work on /Users/vaish/databorn_etl_project/retail_etl/etl_pipeline_project/venv/lib/python3.10/site-packages/airflow/example_dags/example_branch_day_of_week_operator.py
[2025-07-04T15:14:30.156+0530] {processor.py:829} INFO - Processing file /Users/vaish/databorn_etl_project/retail_etl/etl_pipeline_project/venv/lib/python3.10/site-packages/airflow/example_dags/example_branch_day_of_week_operator.py for tasks to queue
[2025-07-04T15:14:30.157+0530] {logging_mixin.py:154} INFO - [2025-07-04T15:14:30.157+0530] {dagbag.py:536} INFO - Filling up the DagBag from /Users/vaish/databorn_etl_project/retail_etl/etl_pipeline_project/venv/lib/python3.10/site-packages/airflow/example_dags/example_branch_day_of_week_operator.py
[2025-07-04T15:14:30.188+0530] {processor.py:839} INFO - DAG(s) dict_keys(['example_weekday_branch_operator']) retrieved from /Users/vaish/databorn_etl_project/retail_etl/etl_pipeline_project/venv/lib/python3.10/site-packages/airflow/example_dags/example_branch_day_of_week_operator.py
[2025-07-04T15:14:30.401+0530] {logging_mixin.py:154} INFO - [2025-07-04T15:14:30.401+0530] {dag.py:2941} INFO - Sync 1 DAGs
[2025-07-04T15:14:30.423+0530] {logging_mixin.py:154} INFO - [2025-07-04T15:14:30.423+0530] {dag.py:3722} INFO - Setting next_dagrun for example_weekday_branch_operator to 2025-07-03T00:00:00+00:00, run_after=2025-07-04T00:00:00+00:00
[2025-07-04T15:14:30.451+0530] {processor.py:179} INFO - Processing /Users/vaish/databorn_etl_project/retail_etl/etl_pipeline_project/venv/lib/python3.10/site-packages/airflow/example_dags/example_branch_day_of_week_operator.py took 0.303 seconds
[2025-07-04T15:18:02.539+0530] {processor.py:157} INFO - Started process (PID=20663) to work on /Users/vaish/databorn_etl_project/retail_etl/etl_pipeline_project/venv/lib/python3.10/site-packages/airflow/example_dags/example_branch_day_of_week_operator.py
[2025-07-04T15:18:02.546+0530] {processor.py:829} INFO - Processing file /Users/vaish/databorn_etl_project/retail_etl/etl_pipeline_project/venv/lib/python3.10/site-packages/airflow/example_dags/example_branch_day_of_week_operator.py for tasks to queue
[2025-07-04T15:18:02.547+0530] {logging_mixin.py:154} INFO - [2025-07-04T15:18:02.546+0530] {dagbag.py:536} INFO - Filling up the DagBag from /Users/vaish/databorn_etl_project/retail_etl/etl_pipeline_project/venv/lib/python3.10/site-packages/airflow/example_dags/example_branch_day_of_week_operator.py
[2025-07-04T15:18:02.576+0530] {processor.py:839} INFO - DAG(s) dict_keys(['example_weekday_branch_operator']) retrieved from /Users/vaish/databorn_etl_project/retail_etl/etl_pipeline_project/venv/lib/python3.10/site-packages/airflow/example_dags/example_branch_day_of_week_operator.py
[2025-07-04T15:18:02.789+0530] {logging_mixin.py:154} INFO - [2025-07-04T15:18:02.789+0530] {dag.py:2941} INFO - Sync 1 DAGs
[2025-07-04T15:18:02.813+0530] {logging_mixin.py:154} INFO - [2025-07-04T15:18:02.813+0530] {dag.py:3722} INFO - Setting next_dagrun for example_weekday_branch_operator to 2025-07-03T00:00:00+00:00, run_after=2025-07-04T00:00:00+00:00
[2025-07-04T15:18:02.842+0530] {processor.py:179} INFO - Processing /Users/vaish/databorn_etl_project/retail_etl/etl_pipeline_project/venv/lib/python3.10/site-packages/airflow/example_dags/example_branch_day_of_week_operator.py took 0.304 seconds
[2025-07-04T15:21:33.414+0530] {processor.py:157} INFO - Started process (PID=21225) to work on /Users/vaish/databorn_etl_project/retail_etl/etl_pipeline_project/venv/lib/python3.10/site-packages/airflow/example_dags/example_branch_day_of_week_operator.py
[2025-07-04T15:21:33.420+0530] {processor.py:829} INFO - Processing file /Users/vaish/databorn_etl_project/retail_etl/etl_pipeline_project/venv/lib/python3.10/site-packages/airflow/example_dags/example_branch_day_of_week_operator.py for tasks to queue
[2025-07-04T15:21:33.421+0530] {logging_mixin.py:154} INFO - [2025-07-04T15:21:33.421+0530] {dagbag.py:536} INFO - Filling up the DagBag from /Users/vaish/databorn_etl_project/retail_etl/etl_pipeline_project/venv/lib/python3.10/site-packages/airflow/example_dags/example_branch_day_of_week_operator.py
[2025-07-04T15:21:33.453+0530] {processor.py:839} INFO - DAG(s) dict_keys(['example_weekday_branch_operator']) retrieved from /Users/vaish/databorn_etl_project/retail_etl/etl_pipeline_project/venv/lib/python3.10/site-packages/airflow/example_dags/example_branch_day_of_week_operator.py
[2025-07-04T15:21:33.681+0530] {logging_mixin.py:154} INFO - [2025-07-04T15:21:33.680+0530] {dag.py:2941} INFO - Sync 1 DAGs
[2025-07-04T15:21:33.702+0530] {logging_mixin.py:154} INFO - [2025-07-04T15:21:33.702+0530] {dag.py:3722} INFO - Setting next_dagrun for example_weekday_branch_operator to 2025-07-03T00:00:00+00:00, run_after=2025-07-04T00:00:00+00:00
[2025-07-04T15:21:33.723+0530] {processor.py:179} INFO - Processing /Users/vaish/databorn_etl_project/retail_etl/etl_pipeline_project/venv/lib/python3.10/site-packages/airflow/example_dags/example_branch_day_of_week_operator.py took 0.311 seconds
[2025-07-04T15:24:59.371+0530] {processor.py:157} INFO - Started process (PID=21728) to work on /Users/vaish/databorn_etl_project/retail_etl/etl_pipeline_project/venv/lib/python3.10/site-packages/airflow/example_dags/example_branch_day_of_week_operator.py
[2025-07-04T15:24:59.372+0530] {processor.py:829} INFO - Processing file /Users/vaish/databorn_etl_project/retail_etl/etl_pipeline_project/venv/lib/python3.10/site-packages/airflow/example_dags/example_branch_day_of_week_operator.py for tasks to queue
[2025-07-04T15:24:59.372+0530] {logging_mixin.py:154} INFO - [2025-07-04T15:24:59.372+0530] {dagbag.py:536} INFO - Filling up the DagBag from /Users/vaish/databorn_etl_project/retail_etl/etl_pipeline_project/venv/lib/python3.10/site-packages/airflow/example_dags/example_branch_day_of_week_operator.py
[2025-07-04T15:24:59.402+0530] {processor.py:839} INFO - DAG(s) dict_keys(['example_weekday_branch_operator']) retrieved from /Users/vaish/databorn_etl_project/retail_etl/etl_pipeline_project/venv/lib/python3.10/site-packages/airflow/example_dags/example_branch_day_of_week_operator.py
[2025-07-04T15:24:59.462+0530] {logging_mixin.py:154} INFO - [2025-07-04T15:24:59.461+0530] {dag.py:2941} INFO - Sync 1 DAGs
[2025-07-04T15:24:59.577+0530] {logging_mixin.py:154} INFO - [2025-07-04T15:24:59.577+0530] {dag.py:3722} INFO - Setting next_dagrun for example_weekday_branch_operator to 2025-07-03T00:00:00+00:00, run_after=2025-07-04T00:00:00+00:00
[2025-07-04T15:24:59.599+0530] {processor.py:179} INFO - Processing /Users/vaish/databorn_etl_project/retail_etl/etl_pipeline_project/venv/lib/python3.10/site-packages/airflow/example_dags/example_branch_day_of_week_operator.py took 0.229 seconds
[2025-07-04T15:28:09.281+0530] {processor.py:157} INFO - Started process (PID=22167) to work on /Users/vaish/databorn_etl_project/retail_etl/etl_pipeline_project/venv/lib/python3.10/site-packages/airflow/example_dags/example_branch_day_of_week_operator.py
[2025-07-04T15:28:09.288+0530] {processor.py:829} INFO - Processing file /Users/vaish/databorn_etl_project/retail_etl/etl_pipeline_project/venv/lib/python3.10/site-packages/airflow/example_dags/example_branch_day_of_week_operator.py for tasks to queue
[2025-07-04T15:28:09.289+0530] {logging_mixin.py:154} INFO - [2025-07-04T15:28:09.288+0530] {dagbag.py:536} INFO - Filling up the DagBag from /Users/vaish/databorn_etl_project/retail_etl/etl_pipeline_project/venv/lib/python3.10/site-packages/airflow/example_dags/example_branch_day_of_week_operator.py
[2025-07-04T15:28:09.317+0530] {processor.py:839} INFO - DAG(s) dict_keys(['example_weekday_branch_operator']) retrieved from /Users/vaish/databorn_etl_project/retail_etl/etl_pipeline_project/venv/lib/python3.10/site-packages/airflow/example_dags/example_branch_day_of_week_operator.py
[2025-07-04T15:28:09.540+0530] {logging_mixin.py:154} INFO - [2025-07-04T15:28:09.540+0530] {dag.py:2941} INFO - Sync 1 DAGs
[2025-07-04T15:28:09.560+0530] {logging_mixin.py:154} INFO - [2025-07-04T15:28:09.560+0530] {dag.py:3722} INFO - Setting next_dagrun for example_weekday_branch_operator to 2025-07-03T00:00:00+00:00, run_after=2025-07-04T00:00:00+00:00
[2025-07-04T15:28:09.591+0530] {processor.py:179} INFO - Processing /Users/vaish/databorn_etl_project/retail_etl/etl_pipeline_project/venv/lib/python3.10/site-packages/airflow/example_dags/example_branch_day_of_week_operator.py took 0.311 seconds
[2025-07-04T15:28:46.599+0530] {processor.py:157} INFO - Started process (PID=22239) to work on /Users/vaish/databorn_etl_project/retail_etl/etl_pipeline_project/venv/lib/python3.10/site-packages/airflow/example_dags/example_branch_day_of_week_operator.py
[2025-07-04T15:28:46.600+0530] {processor.py:829} INFO - Processing file /Users/vaish/databorn_etl_project/retail_etl/etl_pipeline_project/venv/lib/python3.10/site-packages/airflow/example_dags/example_branch_day_of_week_operator.py for tasks to queue
[2025-07-04T15:28:46.601+0530] {logging_mixin.py:154} INFO - [2025-07-04T15:28:46.600+0530] {dagbag.py:536} INFO - Filling up the DagBag from /Users/vaish/databorn_etl_project/retail_etl/etl_pipeline_project/venv/lib/python3.10/site-packages/airflow/example_dags/example_branch_day_of_week_operator.py
[2025-07-04T15:28:46.630+0530] {processor.py:839} INFO - DAG(s) dict_keys(['example_weekday_branch_operator']) retrieved from /Users/vaish/databorn_etl_project/retail_etl/etl_pipeline_project/venv/lib/python3.10/site-packages/airflow/example_dags/example_branch_day_of_week_operator.py
[2025-07-04T15:28:46.863+0530] {logging_mixin.py:154} INFO - [2025-07-04T15:28:46.863+0530] {dag.py:2941} INFO - Sync 1 DAGs
[2025-07-04T15:28:46.889+0530] {logging_mixin.py:154} INFO - [2025-07-04T15:28:46.889+0530] {dag.py:3722} INFO - Setting next_dagrun for example_weekday_branch_operator to 2025-07-03T00:00:00+00:00, run_after=2025-07-04T00:00:00+00:00
[2025-07-04T15:28:46.918+0530] {processor.py:179} INFO - Processing /Users/vaish/databorn_etl_project/retail_etl/etl_pipeline_project/venv/lib/python3.10/site-packages/airflow/example_dags/example_branch_day_of_week_operator.py took 0.321 seconds
[2025-07-04T15:31:40.219+0530] {processor.py:157} INFO - Started process (PID=22605) to work on /Users/vaish/databorn_etl_project/retail_etl/etl_pipeline_project/venv/lib/python3.10/site-packages/airflow/example_dags/example_branch_day_of_week_operator.py
[2025-07-04T15:31:40.225+0530] {processor.py:829} INFO - Processing file /Users/vaish/databorn_etl_project/retail_etl/etl_pipeline_project/venv/lib/python3.10/site-packages/airflow/example_dags/example_branch_day_of_week_operator.py for tasks to queue
[2025-07-04T15:31:40.226+0530] {logging_mixin.py:154} INFO - [2025-07-04T15:31:40.226+0530] {dagbag.py:536} INFO - Filling up the DagBag from /Users/vaish/databorn_etl_project/retail_etl/etl_pipeline_project/venv/lib/python3.10/site-packages/airflow/example_dags/example_branch_day_of_week_operator.py
[2025-07-04T15:31:40.258+0530] {processor.py:839} INFO - DAG(s) dict_keys(['example_weekday_branch_operator']) retrieved from /Users/vaish/databorn_etl_project/retail_etl/etl_pipeline_project/venv/lib/python3.10/site-packages/airflow/example_dags/example_branch_day_of_week_operator.py
[2025-07-04T15:31:40.478+0530] {logging_mixin.py:154} INFO - [2025-07-04T15:31:40.478+0530] {dag.py:2941} INFO - Sync 1 DAGs
[2025-07-04T15:31:40.500+0530] {logging_mixin.py:154} INFO - [2025-07-04T15:31:40.499+0530] {dag.py:3722} INFO - Setting next_dagrun for example_weekday_branch_operator to 2025-07-03T00:00:00+00:00, run_after=2025-07-04T00:00:00+00:00
[2025-07-04T15:31:40.530+0530] {processor.py:179} INFO - Processing /Users/vaish/databorn_etl_project/retail_etl/etl_pipeline_project/venv/lib/python3.10/site-packages/airflow/example_dags/example_branch_day_of_week_operator.py took 0.312 seconds
[2025-07-04T15:32:25.114+0530] {processor.py:157} INFO - Started process (PID=22725) to work on /Users/vaish/databorn_etl_project/retail_etl/etl_pipeline_project/venv/lib/python3.10/site-packages/airflow/example_dags/example_branch_day_of_week_operator.py
[2025-07-04T15:32:25.117+0530] {processor.py:829} INFO - Processing file /Users/vaish/databorn_etl_project/retail_etl/etl_pipeline_project/venv/lib/python3.10/site-packages/airflow/example_dags/example_branch_day_of_week_operator.py for tasks to queue
[2025-07-04T15:32:25.118+0530] {logging_mixin.py:154} INFO - [2025-07-04T15:32:25.118+0530] {dagbag.py:536} INFO - Filling up the DagBag from /Users/vaish/databorn_etl_project/retail_etl/etl_pipeline_project/venv/lib/python3.10/site-packages/airflow/example_dags/example_branch_day_of_week_operator.py
[2025-07-04T15:32:25.151+0530] {processor.py:839} INFO - DAG(s) dict_keys(['example_weekday_branch_operator']) retrieved from /Users/vaish/databorn_etl_project/retail_etl/etl_pipeline_project/venv/lib/python3.10/site-packages/airflow/example_dags/example_branch_day_of_week_operator.py
[2025-07-04T15:32:25.356+0530] {logging_mixin.py:154} INFO - [2025-07-04T15:32:25.356+0530] {dag.py:2941} INFO - Sync 1 DAGs
[2025-07-04T15:32:25.376+0530] {logging_mixin.py:154} INFO - [2025-07-04T15:32:25.376+0530] {dag.py:3722} INFO - Setting next_dagrun for example_weekday_branch_operator to 2025-07-03T00:00:00+00:00, run_after=2025-07-04T00:00:00+00:00
[2025-07-04T15:32:25.403+0530] {processor.py:179} INFO - Processing /Users/vaish/databorn_etl_project/retail_etl/etl_pipeline_project/venv/lib/python3.10/site-packages/airflow/example_dags/example_branch_day_of_week_operator.py took 0.290 seconds
[2025-07-04T15:35:05.473+0530] {processor.py:157} INFO - Started process (PID=23075) to work on /Users/vaish/databorn_etl_project/retail_etl/etl_pipeline_project/venv/lib/python3.10/site-packages/airflow/example_dags/example_branch_day_of_week_operator.py
[2025-07-04T15:35:05.480+0530] {processor.py:829} INFO - Processing file /Users/vaish/databorn_etl_project/retail_etl/etl_pipeline_project/venv/lib/python3.10/site-packages/airflow/example_dags/example_branch_day_of_week_operator.py for tasks to queue
[2025-07-04T15:35:05.481+0530] {logging_mixin.py:154} INFO - [2025-07-04T15:35:05.480+0530] {dagbag.py:536} INFO - Filling up the DagBag from /Users/vaish/databorn_etl_project/retail_etl/etl_pipeline_project/venv/lib/python3.10/site-packages/airflow/example_dags/example_branch_day_of_week_operator.py
[2025-07-04T15:35:05.510+0530] {processor.py:839} INFO - DAG(s) dict_keys(['example_weekday_branch_operator']) retrieved from /Users/vaish/databorn_etl_project/retail_etl/etl_pipeline_project/venv/lib/python3.10/site-packages/airflow/example_dags/example_branch_day_of_week_operator.py
[2025-07-04T15:35:05.727+0530] {logging_mixin.py:154} INFO - [2025-07-04T15:35:05.727+0530] {dag.py:2941} INFO - Sync 1 DAGs
[2025-07-04T15:35:05.748+0530] {logging_mixin.py:154} INFO - [2025-07-04T15:35:05.748+0530] {dag.py:3722} INFO - Setting next_dagrun for example_weekday_branch_operator to 2025-07-03T00:00:00+00:00, run_after=2025-07-04T00:00:00+00:00
[2025-07-04T15:35:05.776+0530] {processor.py:179} INFO - Processing /Users/vaish/databorn_etl_project/retail_etl/etl_pipeline_project/venv/lib/python3.10/site-packages/airflow/example_dags/example_branch_day_of_week_operator.py took 0.304 seconds
[2025-07-04T15:35:51.851+0530] {processor.py:157} INFO - Started process (PID=23177) to work on /Users/vaish/databorn_etl_project/retail_etl/etl_pipeline_project/venv/lib/python3.10/site-packages/airflow/example_dags/example_branch_day_of_week_operator.py
[2025-07-04T15:35:51.852+0530] {processor.py:829} INFO - Processing file /Users/vaish/databorn_etl_project/retail_etl/etl_pipeline_project/venv/lib/python3.10/site-packages/airflow/example_dags/example_branch_day_of_week_operator.py for tasks to queue
[2025-07-04T15:35:51.853+0530] {logging_mixin.py:154} INFO - [2025-07-04T15:35:51.853+0530] {dagbag.py:536} INFO - Filling up the DagBag from /Users/vaish/databorn_etl_project/retail_etl/etl_pipeline_project/venv/lib/python3.10/site-packages/airflow/example_dags/example_branch_day_of_week_operator.py
[2025-07-04T15:35:51.885+0530] {processor.py:839} INFO - DAG(s) dict_keys(['example_weekday_branch_operator']) retrieved from /Users/vaish/databorn_etl_project/retail_etl/etl_pipeline_project/venv/lib/python3.10/site-packages/airflow/example_dags/example_branch_day_of_week_operator.py
[2025-07-04T15:35:52.116+0530] {logging_mixin.py:154} INFO - [2025-07-04T15:35:52.115+0530] {dag.py:2941} INFO - Sync 1 DAGs
[2025-07-04T15:35:52.138+0530] {logging_mixin.py:154} INFO - [2025-07-04T15:35:52.138+0530] {dag.py:3722} INFO - Setting next_dagrun for example_weekday_branch_operator to 2025-07-03T00:00:00+00:00, run_after=2025-07-04T00:00:00+00:00
[2025-07-04T15:35:52.167+0530] {processor.py:179} INFO - Processing /Users/vaish/databorn_etl_project/retail_etl/etl_pipeline_project/venv/lib/python3.10/site-packages/airflow/example_dags/example_branch_day_of_week_operator.py took 0.317 seconds
[2025-07-04T15:38:36.179+0530] {processor.py:157} INFO - Started process (PID=23546) to work on /Users/vaish/databorn_etl_project/retail_etl/etl_pipeline_project/venv/lib/python3.10/site-packages/airflow/example_dags/example_branch_day_of_week_operator.py
[2025-07-04T15:38:36.182+0530] {processor.py:829} INFO - Processing file /Users/vaish/databorn_etl_project/retail_etl/etl_pipeline_project/venv/lib/python3.10/site-packages/airflow/example_dags/example_branch_day_of_week_operator.py for tasks to queue
[2025-07-04T15:38:36.184+0530] {logging_mixin.py:154} INFO - [2025-07-04T15:38:36.183+0530] {dagbag.py:536} INFO - Filling up the DagBag from /Users/vaish/databorn_etl_project/retail_etl/etl_pipeline_project/venv/lib/python3.10/site-packages/airflow/example_dags/example_branch_day_of_week_operator.py
[2025-07-04T15:38:36.238+0530] {processor.py:839} INFO - DAG(s) dict_keys(['example_weekday_branch_operator']) retrieved from /Users/vaish/databorn_etl_project/retail_etl/etl_pipeline_project/venv/lib/python3.10/site-packages/airflow/example_dags/example_branch_day_of_week_operator.py
[2025-07-04T15:38:36.518+0530] {logging_mixin.py:154} INFO - [2025-07-04T15:38:36.518+0530] {dag.py:2941} INFO - Sync 1 DAGs
[2025-07-04T15:38:36.543+0530] {logging_mixin.py:154} INFO - [2025-07-04T15:38:36.543+0530] {dag.py:3722} INFO - Setting next_dagrun for example_weekday_branch_operator to 2025-07-03T00:00:00+00:00, run_after=2025-07-04T00:00:00+00:00
[2025-07-04T15:38:36.571+0530] {processor.py:179} INFO - Processing /Users/vaish/databorn_etl_project/retail_etl/etl_pipeline_project/venv/lib/python3.10/site-packages/airflow/example_dags/example_branch_day_of_week_operator.py took 0.394 seconds
[2025-07-04T15:39:24.626+0530] {processor.py:157} INFO - Started process (PID=23662) to work on /Users/vaish/databorn_etl_project/retail_etl/etl_pipeline_project/venv/lib/python3.10/site-packages/airflow/example_dags/example_branch_day_of_week_operator.py
[2025-07-04T15:39:24.628+0530] {processor.py:829} INFO - Processing file /Users/vaish/databorn_etl_project/retail_etl/etl_pipeline_project/venv/lib/python3.10/site-packages/airflow/example_dags/example_branch_day_of_week_operator.py for tasks to queue
[2025-07-04T15:39:24.629+0530] {logging_mixin.py:154} INFO - [2025-07-04T15:39:24.628+0530] {dagbag.py:536} INFO - Filling up the DagBag from /Users/vaish/databorn_etl_project/retail_etl/etl_pipeline_project/venv/lib/python3.10/site-packages/airflow/example_dags/example_branch_day_of_week_operator.py
[2025-07-04T15:39:24.668+0530] {processor.py:839} INFO - DAG(s) dict_keys(['example_weekday_branch_operator']) retrieved from /Users/vaish/databorn_etl_project/retail_etl/etl_pipeline_project/venv/lib/python3.10/site-packages/airflow/example_dags/example_branch_day_of_week_operator.py
[2025-07-04T15:39:24.951+0530] {logging_mixin.py:154} INFO - [2025-07-04T15:39:24.950+0530] {dag.py:2941} INFO - Sync 1 DAGs
[2025-07-04T15:39:24.979+0530] {logging_mixin.py:154} INFO - [2025-07-04T15:39:24.978+0530] {dag.py:3722} INFO - Setting next_dagrun for example_weekday_branch_operator to 2025-07-03T00:00:00+00:00, run_after=2025-07-04T00:00:00+00:00
[2025-07-04T15:39:25.012+0530] {processor.py:179} INFO - Processing /Users/vaish/databorn_etl_project/retail_etl/etl_pipeline_project/venv/lib/python3.10/site-packages/airflow/example_dags/example_branch_day_of_week_operator.py took 0.388 seconds
[2025-07-04T15:42:29.018+0530] {processor.py:157} INFO - Started process (PID=24114) to work on /Users/vaish/databorn_etl_project/retail_etl/etl_pipeline_project/venv/lib/python3.10/site-packages/airflow/example_dags/example_branch_day_of_week_operator.py
[2025-07-04T15:42:29.021+0530] {processor.py:829} INFO - Processing file /Users/vaish/databorn_etl_project/retail_etl/etl_pipeline_project/venv/lib/python3.10/site-packages/airflow/example_dags/example_branch_day_of_week_operator.py for tasks to queue
[2025-07-04T15:42:29.022+0530] {logging_mixin.py:154} INFO - [2025-07-04T15:42:29.022+0530] {dagbag.py:536} INFO - Filling up the DagBag from /Users/vaish/databorn_etl_project/retail_etl/etl_pipeline_project/venv/lib/python3.10/site-packages/airflow/example_dags/example_branch_day_of_week_operator.py
[2025-07-04T15:42:29.060+0530] {processor.py:839} INFO - DAG(s) dict_keys(['example_weekday_branch_operator']) retrieved from /Users/vaish/databorn_etl_project/retail_etl/etl_pipeline_project/venv/lib/python3.10/site-packages/airflow/example_dags/example_branch_day_of_week_operator.py
[2025-07-04T15:42:29.313+0530] {logging_mixin.py:154} INFO - [2025-07-04T15:42:29.312+0530] {dag.py:2941} INFO - Sync 1 DAGs
[2025-07-04T15:42:29.336+0530] {logging_mixin.py:154} INFO - [2025-07-04T15:42:29.336+0530] {dag.py:3722} INFO - Setting next_dagrun for example_weekday_branch_operator to 2025-07-03T00:00:00+00:00, run_after=2025-07-04T00:00:00+00:00
[2025-07-04T15:42:29.368+0530] {processor.py:179} INFO - Processing /Users/vaish/databorn_etl_project/retail_etl/etl_pipeline_project/venv/lib/python3.10/site-packages/airflow/example_dags/example_branch_day_of_week_operator.py took 0.352 seconds
[2025-07-04T15:43:11.868+0530] {processor.py:157} INFO - Started process (PID=24213) to work on /Users/vaish/databorn_etl_project/retail_etl/etl_pipeline_project/venv/lib/python3.10/site-packages/airflow/example_dags/example_branch_day_of_week_operator.py
[2025-07-04T15:43:11.872+0530] {processor.py:829} INFO - Processing file /Users/vaish/databorn_etl_project/retail_etl/etl_pipeline_project/venv/lib/python3.10/site-packages/airflow/example_dags/example_branch_day_of_week_operator.py for tasks to queue
[2025-07-04T15:43:11.873+0530] {logging_mixin.py:154} INFO - [2025-07-04T15:43:11.872+0530] {dagbag.py:536} INFO - Filling up the DagBag from /Users/vaish/databorn_etl_project/retail_etl/etl_pipeline_project/venv/lib/python3.10/site-packages/airflow/example_dags/example_branch_day_of_week_operator.py
[2025-07-04T15:43:11.909+0530] {processor.py:839} INFO - DAG(s) dict_keys(['example_weekday_branch_operator']) retrieved from /Users/vaish/databorn_etl_project/retail_etl/etl_pipeline_project/venv/lib/python3.10/site-packages/airflow/example_dags/example_branch_day_of_week_operator.py
[2025-07-04T15:43:12.209+0530] {logging_mixin.py:154} INFO - [2025-07-04T15:43:12.209+0530] {dag.py:2941} INFO - Sync 1 DAGs
[2025-07-04T15:43:12.244+0530] {logging_mixin.py:154} INFO - [2025-07-04T15:43:12.244+0530] {dag.py:3722} INFO - Setting next_dagrun for example_weekday_branch_operator to 2025-07-03T00:00:00+00:00, run_after=2025-07-04T00:00:00+00:00
[2025-07-04T15:43:12.273+0530] {processor.py:179} INFO - Processing /Users/vaish/databorn_etl_project/retail_etl/etl_pipeline_project/venv/lib/python3.10/site-packages/airflow/example_dags/example_branch_day_of_week_operator.py took 0.406 seconds
[2025-07-04T15:46:25.385+0530] {processor.py:157} INFO - Started process (PID=24727) to work on /Users/vaish/databorn_etl_project/retail_etl/etl_pipeline_project/venv/lib/python3.10/site-packages/airflow/example_dags/example_branch_day_of_week_operator.py
[2025-07-04T15:46:25.392+0530] {processor.py:829} INFO - Processing file /Users/vaish/databorn_etl_project/retail_etl/etl_pipeline_project/venv/lib/python3.10/site-packages/airflow/example_dags/example_branch_day_of_week_operator.py for tasks to queue
[2025-07-04T15:46:25.393+0530] {logging_mixin.py:154} INFO - [2025-07-04T15:46:25.393+0530] {dagbag.py:536} INFO - Filling up the DagBag from /Users/vaish/databorn_etl_project/retail_etl/etl_pipeline_project/venv/lib/python3.10/site-packages/airflow/example_dags/example_branch_day_of_week_operator.py
[2025-07-04T15:46:25.423+0530] {processor.py:839} INFO - DAG(s) dict_keys(['example_weekday_branch_operator']) retrieved from /Users/vaish/databorn_etl_project/retail_etl/etl_pipeline_project/venv/lib/python3.10/site-packages/airflow/example_dags/example_branch_day_of_week_operator.py
[2025-07-04T15:46:25.642+0530] {logging_mixin.py:154} INFO - [2025-07-04T15:46:25.642+0530] {dag.py:2941} INFO - Sync 1 DAGs
[2025-07-04T15:46:25.664+0530] {logging_mixin.py:154} INFO - [2025-07-04T15:46:25.664+0530] {dag.py:3722} INFO - Setting next_dagrun for example_weekday_branch_operator to 2025-07-03T00:00:00+00:00, run_after=2025-07-04T00:00:00+00:00
[2025-07-04T15:46:25.694+0530] {processor.py:179} INFO - Processing /Users/vaish/databorn_etl_project/retail_etl/etl_pipeline_project/venv/lib/python3.10/site-packages/airflow/example_dags/example_branch_day_of_week_operator.py took 0.310 seconds
[2025-07-04T15:46:55.938+0530] {processor.py:157} INFO - Started process (PID=24795) to work on /Users/vaish/databorn_etl_project/retail_etl/etl_pipeline_project/venv/lib/python3.10/site-packages/airflow/example_dags/example_branch_day_of_week_operator.py
[2025-07-04T15:46:55.938+0530] {processor.py:829} INFO - Processing file /Users/vaish/databorn_etl_project/retail_etl/etl_pipeline_project/venv/lib/python3.10/site-packages/airflow/example_dags/example_branch_day_of_week_operator.py for tasks to queue
[2025-07-04T15:46:55.939+0530] {logging_mixin.py:154} INFO - [2025-07-04T15:46:55.939+0530] {dagbag.py:536} INFO - Filling up the DagBag from /Users/vaish/databorn_etl_project/retail_etl/etl_pipeline_project/venv/lib/python3.10/site-packages/airflow/example_dags/example_branch_day_of_week_operator.py
[2025-07-04T15:46:55.972+0530] {processor.py:839} INFO - DAG(s) dict_keys(['example_weekday_branch_operator']) retrieved from /Users/vaish/databorn_etl_project/retail_etl/etl_pipeline_project/venv/lib/python3.10/site-packages/airflow/example_dags/example_branch_day_of_week_operator.py
[2025-07-04T15:46:56.197+0530] {logging_mixin.py:154} INFO - [2025-07-04T15:46:56.197+0530] {dag.py:2941} INFO - Sync 1 DAGs
[2025-07-04T15:46:56.218+0530] {logging_mixin.py:154} INFO - [2025-07-04T15:46:56.218+0530] {dag.py:3722} INFO - Setting next_dagrun for example_weekday_branch_operator to 2025-07-03T00:00:00+00:00, run_after=2025-07-04T00:00:00+00:00
[2025-07-04T15:46:56.244+0530] {processor.py:179} INFO - Processing /Users/vaish/databorn_etl_project/retail_etl/etl_pipeline_project/venv/lib/python3.10/site-packages/airflow/example_dags/example_branch_day_of_week_operator.py took 0.308 seconds
[2025-07-04T15:50:05.168+0530] {processor.py:157} INFO - Started process (PID=25270) to work on /Users/vaish/databorn_etl_project/retail_etl/etl_pipeline_project/venv/lib/python3.10/site-packages/airflow/example_dags/example_branch_day_of_week_operator.py
[2025-07-04T15:50:05.175+0530] {processor.py:829} INFO - Processing file /Users/vaish/databorn_etl_project/retail_etl/etl_pipeline_project/venv/lib/python3.10/site-packages/airflow/example_dags/example_branch_day_of_week_operator.py for tasks to queue
[2025-07-04T15:50:05.176+0530] {logging_mixin.py:154} INFO - [2025-07-04T15:50:05.175+0530] {dagbag.py:536} INFO - Filling up the DagBag from /Users/vaish/databorn_etl_project/retail_etl/etl_pipeline_project/venv/lib/python3.10/site-packages/airflow/example_dags/example_branch_day_of_week_operator.py
[2025-07-04T15:50:05.205+0530] {processor.py:839} INFO - DAG(s) dict_keys(['example_weekday_branch_operator']) retrieved from /Users/vaish/databorn_etl_project/retail_etl/etl_pipeline_project/venv/lib/python3.10/site-packages/airflow/example_dags/example_branch_day_of_week_operator.py
[2025-07-04T15:50:05.441+0530] {logging_mixin.py:154} INFO - [2025-07-04T15:50:05.441+0530] {dag.py:2941} INFO - Sync 1 DAGs
[2025-07-04T15:50:05.464+0530] {logging_mixin.py:154} INFO - [2025-07-04T15:50:05.464+0530] {dag.py:3722} INFO - Setting next_dagrun for example_weekday_branch_operator to 2025-07-03T00:00:00+00:00, run_after=2025-07-04T00:00:00+00:00
[2025-07-04T15:50:05.490+0530] {processor.py:179} INFO - Processing /Users/vaish/databorn_etl_project/retail_etl/etl_pipeline_project/venv/lib/python3.10/site-packages/airflow/example_dags/example_branch_day_of_week_operator.py took 0.323 seconds
[2025-07-04T15:50:42.848+0530] {processor.py:157} INFO - Started process (PID=25367) to work on /Users/vaish/databorn_etl_project/retail_etl/etl_pipeline_project/venv/lib/python3.10/site-packages/airflow/example_dags/example_branch_day_of_week_operator.py
[2025-07-04T15:50:42.849+0530] {processor.py:829} INFO - Processing file /Users/vaish/databorn_etl_project/retail_etl/etl_pipeline_project/venv/lib/python3.10/site-packages/airflow/example_dags/example_branch_day_of_week_operator.py for tasks to queue
[2025-07-04T15:50:42.850+0530] {logging_mixin.py:154} INFO - [2025-07-04T15:50:42.850+0530] {dagbag.py:536} INFO - Filling up the DagBag from /Users/vaish/databorn_etl_project/retail_etl/etl_pipeline_project/venv/lib/python3.10/site-packages/airflow/example_dags/example_branch_day_of_week_operator.py
[2025-07-04T15:50:42.880+0530] {processor.py:839} INFO - DAG(s) dict_keys(['example_weekday_branch_operator']) retrieved from /Users/vaish/databorn_etl_project/retail_etl/etl_pipeline_project/venv/lib/python3.10/site-packages/airflow/example_dags/example_branch_day_of_week_operator.py
[2025-07-04T15:50:43.093+0530] {logging_mixin.py:154} INFO - [2025-07-04T15:50:43.093+0530] {dag.py:2941} INFO - Sync 1 DAGs
[2025-07-04T15:50:43.125+0530] {logging_mixin.py:154} INFO - [2025-07-04T15:50:43.125+0530] {dag.py:3722} INFO - Setting next_dagrun for example_weekday_branch_operator to 2025-07-03T00:00:00+00:00, run_after=2025-07-04T00:00:00+00:00
[2025-07-04T15:50:43.148+0530] {processor.py:179} INFO - Processing /Users/vaish/databorn_etl_project/retail_etl/etl_pipeline_project/venv/lib/python3.10/site-packages/airflow/example_dags/example_branch_day_of_week_operator.py took 0.301 seconds
[2025-07-04T15:53:30.012+0530] {processor.py:157} INFO - Started process (PID=25751) to work on /Users/vaish/databorn_etl_project/retail_etl/etl_pipeline_project/venv/lib/python3.10/site-packages/airflow/example_dags/example_branch_day_of_week_operator.py
[2025-07-04T15:53:30.015+0530] {processor.py:829} INFO - Processing file /Users/vaish/databorn_etl_project/retail_etl/etl_pipeline_project/venv/lib/python3.10/site-packages/airflow/example_dags/example_branch_day_of_week_operator.py for tasks to queue
[2025-07-04T15:53:30.015+0530] {logging_mixin.py:154} INFO - [2025-07-04T15:53:30.015+0530] {dagbag.py:536} INFO - Filling up the DagBag from /Users/vaish/databorn_etl_project/retail_etl/etl_pipeline_project/venv/lib/python3.10/site-packages/airflow/example_dags/example_branch_day_of_week_operator.py
[2025-07-04T15:53:30.047+0530] {processor.py:839} INFO - DAG(s) dict_keys(['example_weekday_branch_operator']) retrieved from /Users/vaish/databorn_etl_project/retail_etl/etl_pipeline_project/venv/lib/python3.10/site-packages/airflow/example_dags/example_branch_day_of_week_operator.py
[2025-07-04T15:53:30.258+0530] {logging_mixin.py:154} INFO - [2025-07-04T15:53:30.258+0530] {dag.py:2941} INFO - Sync 1 DAGs
[2025-07-04T15:53:30.278+0530] {logging_mixin.py:154} INFO - [2025-07-04T15:53:30.278+0530] {dag.py:3722} INFO - Setting next_dagrun for example_weekday_branch_operator to 2025-07-03T00:00:00+00:00, run_after=2025-07-04T00:00:00+00:00
[2025-07-04T15:53:30.300+0530] {processor.py:179} INFO - Processing /Users/vaish/databorn_etl_project/retail_etl/etl_pipeline_project/venv/lib/python3.10/site-packages/airflow/example_dags/example_branch_day_of_week_operator.py took 0.290 seconds
[2025-07-04T15:54:08.340+0530] {processor.py:157} INFO - Started process (PID=25858) to work on /Users/vaish/databorn_etl_project/retail_etl/etl_pipeline_project/venv/lib/python3.10/site-packages/airflow/example_dags/example_branch_day_of_week_operator.py
[2025-07-04T15:54:08.341+0530] {processor.py:829} INFO - Processing file /Users/vaish/databorn_etl_project/retail_etl/etl_pipeline_project/venv/lib/python3.10/site-packages/airflow/example_dags/example_branch_day_of_week_operator.py for tasks to queue
[2025-07-04T15:54:08.342+0530] {logging_mixin.py:154} INFO - [2025-07-04T15:54:08.341+0530] {dagbag.py:536} INFO - Filling up the DagBag from /Users/vaish/databorn_etl_project/retail_etl/etl_pipeline_project/venv/lib/python3.10/site-packages/airflow/example_dags/example_branch_day_of_week_operator.py
[2025-07-04T15:54:08.370+0530] {processor.py:839} INFO - DAG(s) dict_keys(['example_weekday_branch_operator']) retrieved from /Users/vaish/databorn_etl_project/retail_etl/etl_pipeline_project/venv/lib/python3.10/site-packages/airflow/example_dags/example_branch_day_of_week_operator.py
[2025-07-04T15:54:08.585+0530] {logging_mixin.py:154} INFO - [2025-07-04T15:54:08.585+0530] {dag.py:2941} INFO - Sync 1 DAGs
[2025-07-04T15:54:08.606+0530] {logging_mixin.py:154} INFO - [2025-07-04T15:54:08.606+0530] {dag.py:3722} INFO - Setting next_dagrun for example_weekday_branch_operator to 2025-07-03T00:00:00+00:00, run_after=2025-07-04T00:00:00+00:00
[2025-07-04T15:54:08.632+0530] {processor.py:179} INFO - Processing /Users/vaish/databorn_etl_project/retail_etl/etl_pipeline_project/venv/lib/python3.10/site-packages/airflow/example_dags/example_branch_day_of_week_operator.py took 0.293 seconds
[2025-07-04T15:57:08.190+0530] {processor.py:157} INFO - Started process (PID=26949) to work on /Users/vaish/databorn_etl_project/retail_etl/etl_pipeline_project/venv/lib/python3.10/site-packages/airflow/example_dags/example_branch_day_of_week_operator.py
[2025-07-04T15:57:08.196+0530] {processor.py:829} INFO - Processing file /Users/vaish/databorn_etl_project/retail_etl/etl_pipeline_project/venv/lib/python3.10/site-packages/airflow/example_dags/example_branch_day_of_week_operator.py for tasks to queue
[2025-07-04T15:57:08.197+0530] {logging_mixin.py:154} INFO - [2025-07-04T15:57:08.197+0530] {dagbag.py:536} INFO - Filling up the DagBag from /Users/vaish/databorn_etl_project/retail_etl/etl_pipeline_project/venv/lib/python3.10/site-packages/airflow/example_dags/example_branch_day_of_week_operator.py
[2025-07-04T15:57:08.227+0530] {processor.py:839} INFO - DAG(s) dict_keys(['example_weekday_branch_operator']) retrieved from /Users/vaish/databorn_etl_project/retail_etl/etl_pipeline_project/venv/lib/python3.10/site-packages/airflow/example_dags/example_branch_day_of_week_operator.py
[2025-07-04T15:57:08.456+0530] {logging_mixin.py:154} INFO - [2025-07-04T15:57:08.455+0530] {dag.py:2941} INFO - Sync 1 DAGs
[2025-07-04T15:57:08.481+0530] {logging_mixin.py:154} INFO - [2025-07-04T15:57:08.480+0530] {dag.py:3722} INFO - Setting next_dagrun for example_weekday_branch_operator to 2025-07-03T00:00:00+00:00, run_after=2025-07-04T00:00:00+00:00
[2025-07-04T15:57:08.508+0530] {processor.py:179} INFO - Processing /Users/vaish/databorn_etl_project/retail_etl/etl_pipeline_project/venv/lib/python3.10/site-packages/airflow/example_dags/example_branch_day_of_week_operator.py took 0.320 seconds
[2025-07-04T15:57:40.786+0530] {processor.py:157} INFO - Started process (PID=27019) to work on /Users/vaish/databorn_etl_project/retail_etl/etl_pipeline_project/venv/lib/python3.10/site-packages/airflow/example_dags/example_branch_day_of_week_operator.py
[2025-07-04T15:57:40.787+0530] {processor.py:829} INFO - Processing file /Users/vaish/databorn_etl_project/retail_etl/etl_pipeline_project/venv/lib/python3.10/site-packages/airflow/example_dags/example_branch_day_of_week_operator.py for tasks to queue
[2025-07-04T15:57:40.787+0530] {logging_mixin.py:154} INFO - [2025-07-04T15:57:40.787+0530] {dagbag.py:536} INFO - Filling up the DagBag from /Users/vaish/databorn_etl_project/retail_etl/etl_pipeline_project/venv/lib/python3.10/site-packages/airflow/example_dags/example_branch_day_of_week_operator.py
[2025-07-04T15:57:40.816+0530] {processor.py:839} INFO - DAG(s) dict_keys(['example_weekday_branch_operator']) retrieved from /Users/vaish/databorn_etl_project/retail_etl/etl_pipeline_project/venv/lib/python3.10/site-packages/airflow/example_dags/example_branch_day_of_week_operator.py
[2025-07-04T15:57:41.035+0530] {logging_mixin.py:154} INFO - [2025-07-04T15:57:41.035+0530] {dag.py:2941} INFO - Sync 1 DAGs
[2025-07-04T15:57:41.058+0530] {logging_mixin.py:154} INFO - [2025-07-04T15:57:41.058+0530] {dag.py:3722} INFO - Setting next_dagrun for example_weekday_branch_operator to 2025-07-03T00:00:00+00:00, run_after=2025-07-04T00:00:00+00:00
[2025-07-04T15:57:41.084+0530] {processor.py:179} INFO - Processing /Users/vaish/databorn_etl_project/retail_etl/etl_pipeline_project/venv/lib/python3.10/site-packages/airflow/example_dags/example_branch_day_of_week_operator.py took 0.300 seconds
[2025-07-04T16:00:29.301+0530] {processor.py:157} INFO - Started process (PID=29310) to work on /Users/vaish/databorn_etl_project/retail_etl/etl_pipeline_project/venv/lib/python3.10/site-packages/airflow/example_dags/example_branch_day_of_week_operator.py
[2025-07-04T16:00:29.302+0530] {processor.py:829} INFO - Processing file /Users/vaish/databorn_etl_project/retail_etl/etl_pipeline_project/venv/lib/python3.10/site-packages/airflow/example_dags/example_branch_day_of_week_operator.py for tasks to queue
[2025-07-04T16:00:29.302+0530] {logging_mixin.py:154} INFO - [2025-07-04T16:00:29.302+0530] {dagbag.py:536} INFO - Filling up the DagBag from /Users/vaish/databorn_etl_project/retail_etl/etl_pipeline_project/venv/lib/python3.10/site-packages/airflow/example_dags/example_branch_day_of_week_operator.py
[2025-07-04T16:00:29.331+0530] {processor.py:839} INFO - DAG(s) dict_keys(['example_weekday_branch_operator']) retrieved from /Users/vaish/databorn_etl_project/retail_etl/etl_pipeline_project/venv/lib/python3.10/site-packages/airflow/example_dags/example_branch_day_of_week_operator.py
[2025-07-04T16:00:29.540+0530] {logging_mixin.py:154} INFO - [2025-07-04T16:00:29.540+0530] {dag.py:2941} INFO - Sync 1 DAGs
[2025-07-04T16:00:29.560+0530] {logging_mixin.py:154} INFO - [2025-07-04T16:00:29.560+0530] {dag.py:3722} INFO - Setting next_dagrun for example_weekday_branch_operator to 2025-07-03T00:00:00+00:00, run_after=2025-07-04T00:00:00+00:00
[2025-07-04T16:00:29.582+0530] {processor.py:179} INFO - Processing /Users/vaish/databorn_etl_project/retail_etl/etl_pipeline_project/venv/lib/python3.10/site-packages/airflow/example_dags/example_branch_day_of_week_operator.py took 0.283 seconds
[2025-07-04T16:01:01.381+0530] {processor.py:157} INFO - Started process (PID=29937) to work on /Users/vaish/databorn_etl_project/retail_etl/etl_pipeline_project/venv/lib/python3.10/site-packages/airflow/example_dags/example_branch_day_of_week_operator.py
[2025-07-04T16:01:01.382+0530] {processor.py:829} INFO - Processing file /Users/vaish/databorn_etl_project/retail_etl/etl_pipeline_project/venv/lib/python3.10/site-packages/airflow/example_dags/example_branch_day_of_week_operator.py for tasks to queue
[2025-07-04T16:01:01.383+0530] {logging_mixin.py:154} INFO - [2025-07-04T16:01:01.382+0530] {dagbag.py:536} INFO - Filling up the DagBag from /Users/vaish/databorn_etl_project/retail_etl/etl_pipeline_project/venv/lib/python3.10/site-packages/airflow/example_dags/example_branch_day_of_week_operator.py
[2025-07-04T16:01:01.411+0530] {processor.py:839} INFO - DAG(s) dict_keys(['example_weekday_branch_operator']) retrieved from /Users/vaish/databorn_etl_project/retail_etl/etl_pipeline_project/venv/lib/python3.10/site-packages/airflow/example_dags/example_branch_day_of_week_operator.py
[2025-07-04T16:01:01.623+0530] {logging_mixin.py:154} INFO - [2025-07-04T16:01:01.622+0530] {dag.py:2941} INFO - Sync 1 DAGs
[2025-07-04T16:01:01.643+0530] {logging_mixin.py:154} INFO - [2025-07-04T16:01:01.643+0530] {dag.py:3722} INFO - Setting next_dagrun for example_weekday_branch_operator to 2025-07-03T00:00:00+00:00, run_after=2025-07-04T00:00:00+00:00
[2025-07-04T16:01:01.666+0530] {processor.py:179} INFO - Processing /Users/vaish/databorn_etl_project/retail_etl/etl_pipeline_project/venv/lib/python3.10/site-packages/airflow/example_dags/example_branch_day_of_week_operator.py took 0.287 seconds
[2025-07-04T16:03:59.932+0530] {processor.py:157} INFO - Started process (PID=31221) to work on /Users/vaish/databorn_etl_project/retail_etl/etl_pipeline_project/venv/lib/python3.10/site-packages/airflow/example_dags/example_branch_day_of_week_operator.py
[2025-07-04T16:03:59.934+0530] {processor.py:829} INFO - Processing file /Users/vaish/databorn_etl_project/retail_etl/etl_pipeline_project/venv/lib/python3.10/site-packages/airflow/example_dags/example_branch_day_of_week_operator.py for tasks to queue
[2025-07-04T16:03:59.936+0530] {logging_mixin.py:154} INFO - [2025-07-04T16:03:59.935+0530] {dagbag.py:536} INFO - Filling up the DagBag from /Users/vaish/databorn_etl_project/retail_etl/etl_pipeline_project/venv/lib/python3.10/site-packages/airflow/example_dags/example_branch_day_of_week_operator.py
[2025-07-04T16:03:59.976+0530] {processor.py:839} INFO - DAG(s) dict_keys(['example_weekday_branch_operator']) retrieved from /Users/vaish/databorn_etl_project/retail_etl/etl_pipeline_project/venv/lib/python3.10/site-packages/airflow/example_dags/example_branch_day_of_week_operator.py
[2025-07-04T16:04:00.315+0530] {logging_mixin.py:154} INFO - [2025-07-04T16:04:00.314+0530] {dag.py:2941} INFO - Sync 1 DAGs
[2025-07-04T16:04:00.352+0530] {logging_mixin.py:154} INFO - [2025-07-04T16:04:00.351+0530] {dag.py:3722} INFO - Setting next_dagrun for example_weekday_branch_operator to 2025-07-03T00:00:00+00:00, run_after=2025-07-04T00:00:00+00:00
[2025-07-04T16:04:00.384+0530] {processor.py:179} INFO - Processing /Users/vaish/databorn_etl_project/retail_etl/etl_pipeline_project/venv/lib/python3.10/site-packages/airflow/example_dags/example_branch_day_of_week_operator.py took 0.453 seconds
[2025-07-04T16:04:33.793+0530] {processor.py:157} INFO - Started process (PID=31305) to work on /Users/vaish/databorn_etl_project/retail_etl/etl_pipeline_project/venv/lib/python3.10/site-packages/airflow/example_dags/example_branch_day_of_week_operator.py
[2025-07-04T16:04:33.796+0530] {processor.py:829} INFO - Processing file /Users/vaish/databorn_etl_project/retail_etl/etl_pipeline_project/venv/lib/python3.10/site-packages/airflow/example_dags/example_branch_day_of_week_operator.py for tasks to queue
[2025-07-04T16:04:33.797+0530] {logging_mixin.py:154} INFO - [2025-07-04T16:04:33.796+0530] {dagbag.py:536} INFO - Filling up the DagBag from /Users/vaish/databorn_etl_project/retail_etl/etl_pipeline_project/venv/lib/python3.10/site-packages/airflow/example_dags/example_branch_day_of_week_operator.py
[2025-07-04T16:04:33.828+0530] {processor.py:839} INFO - DAG(s) dict_keys(['example_weekday_branch_operator']) retrieved from /Users/vaish/databorn_etl_project/retail_etl/etl_pipeline_project/venv/lib/python3.10/site-packages/airflow/example_dags/example_branch_day_of_week_operator.py
[2025-07-04T16:04:34.050+0530] {logging_mixin.py:154} INFO - [2025-07-04T16:04:34.050+0530] {dag.py:2941} INFO - Sync 1 DAGs
[2025-07-04T16:04:34.071+0530] {logging_mixin.py:154} INFO - [2025-07-04T16:04:34.071+0530] {dag.py:3722} INFO - Setting next_dagrun for example_weekday_branch_operator to 2025-07-03T00:00:00+00:00, run_after=2025-07-04T00:00:00+00:00
[2025-07-04T16:04:34.092+0530] {processor.py:179} INFO - Processing /Users/vaish/databorn_etl_project/retail_etl/etl_pipeline_project/venv/lib/python3.10/site-packages/airflow/example_dags/example_branch_day_of_week_operator.py took 0.301 seconds
[2025-07-04T16:07:50.013+0530] {processor.py:157} INFO - Started process (PID=32145) to work on /Users/vaish/databorn_etl_project/retail_etl/etl_pipeline_project/venv/lib/python3.10/site-packages/airflow/example_dags/example_branch_day_of_week_operator.py
[2025-07-04T16:07:50.019+0530] {processor.py:829} INFO - Processing file /Users/vaish/databorn_etl_project/retail_etl/etl_pipeline_project/venv/lib/python3.10/site-packages/airflow/example_dags/example_branch_day_of_week_operator.py for tasks to queue
[2025-07-04T16:07:50.021+0530] {logging_mixin.py:154} INFO - [2025-07-04T16:07:50.020+0530] {dagbag.py:536} INFO - Filling up the DagBag from /Users/vaish/databorn_etl_project/retail_etl/etl_pipeline_project/venv/lib/python3.10/site-packages/airflow/example_dags/example_branch_day_of_week_operator.py
[2025-07-04T16:07:50.052+0530] {processor.py:839} INFO - DAG(s) dict_keys(['example_weekday_branch_operator']) retrieved from /Users/vaish/databorn_etl_project/retail_etl/etl_pipeline_project/venv/lib/python3.10/site-packages/airflow/example_dags/example_branch_day_of_week_operator.py
[2025-07-04T16:07:50.266+0530] {logging_mixin.py:154} INFO - [2025-07-04T16:07:50.266+0530] {dag.py:2941} INFO - Sync 1 DAGs
[2025-07-04T16:07:50.287+0530] {logging_mixin.py:154} INFO - [2025-07-04T16:07:50.287+0530] {dag.py:3722} INFO - Setting next_dagrun for example_weekday_branch_operator to 2025-07-03T00:00:00+00:00, run_after=2025-07-04T00:00:00+00:00
[2025-07-04T16:07:50.313+0530] {processor.py:179} INFO - Processing /Users/vaish/databorn_etl_project/retail_etl/etl_pipeline_project/venv/lib/python3.10/site-packages/airflow/example_dags/example_branch_day_of_week_operator.py took 0.302 seconds
[2025-07-04T16:08:23.304+0530] {processor.py:157} INFO - Started process (PID=32281) to work on /Users/vaish/databorn_etl_project/retail_etl/etl_pipeline_project/venv/lib/python3.10/site-packages/airflow/example_dags/example_branch_day_of_week_operator.py
[2025-07-04T16:08:23.304+0530] {processor.py:829} INFO - Processing file /Users/vaish/databorn_etl_project/retail_etl/etl_pipeline_project/venv/lib/python3.10/site-packages/airflow/example_dags/example_branch_day_of_week_operator.py for tasks to queue
[2025-07-04T16:08:23.305+0530] {logging_mixin.py:154} INFO - [2025-07-04T16:08:23.305+0530] {dagbag.py:536} INFO - Filling up the DagBag from /Users/vaish/databorn_etl_project/retail_etl/etl_pipeline_project/venv/lib/python3.10/site-packages/airflow/example_dags/example_branch_day_of_week_operator.py
[2025-07-04T16:08:23.336+0530] {processor.py:839} INFO - DAG(s) dict_keys(['example_weekday_branch_operator']) retrieved from /Users/vaish/databorn_etl_project/retail_etl/etl_pipeline_project/venv/lib/python3.10/site-packages/airflow/example_dags/example_branch_day_of_week_operator.py
[2025-07-04T16:08:23.555+0530] {logging_mixin.py:154} INFO - [2025-07-04T16:08:23.555+0530] {dag.py:2941} INFO - Sync 1 DAGs
[2025-07-04T16:08:23.577+0530] {logging_mixin.py:154} INFO - [2025-07-04T16:08:23.577+0530] {dag.py:3722} INFO - Setting next_dagrun for example_weekday_branch_operator to 2025-07-03T00:00:00+00:00, run_after=2025-07-04T00:00:00+00:00
[2025-07-04T16:08:23.609+0530] {processor.py:179} INFO - Processing /Users/vaish/databorn_etl_project/retail_etl/etl_pipeline_project/venv/lib/python3.10/site-packages/airflow/example_dags/example_branch_day_of_week_operator.py took 0.307 seconds
[2025-07-04T16:12:03.810+0530] {processor.py:157} INFO - Started process (PID=33093) to work on /Users/vaish/databorn_etl_project/retail_etl/etl_pipeline_project/venv/lib/python3.10/site-packages/airflow/example_dags/example_branch_day_of_week_operator.py
[2025-07-04T16:12:03.816+0530] {processor.py:829} INFO - Processing file /Users/vaish/databorn_etl_project/retail_etl/etl_pipeline_project/venv/lib/python3.10/site-packages/airflow/example_dags/example_branch_day_of_week_operator.py for tasks to queue
[2025-07-04T16:12:03.817+0530] {logging_mixin.py:154} INFO - [2025-07-04T16:12:03.817+0530] {dagbag.py:536} INFO - Filling up the DagBag from /Users/vaish/databorn_etl_project/retail_etl/etl_pipeline_project/venv/lib/python3.10/site-packages/airflow/example_dags/example_branch_day_of_week_operator.py
[2025-07-04T16:12:03.852+0530] {processor.py:839} INFO - DAG(s) dict_keys(['example_weekday_branch_operator']) retrieved from /Users/vaish/databorn_etl_project/retail_etl/etl_pipeline_project/venv/lib/python3.10/site-packages/airflow/example_dags/example_branch_day_of_week_operator.py
[2025-07-04T16:12:04.085+0530] {logging_mixin.py:154} INFO - [2025-07-04T16:12:04.085+0530] {dag.py:2941} INFO - Sync 1 DAGs
[2025-07-04T16:12:04.113+0530] {logging_mixin.py:154} INFO - [2025-07-04T16:12:04.112+0530] {dag.py:3722} INFO - Setting next_dagrun for example_weekday_branch_operator to 2025-07-03T00:00:00+00:00, run_after=2025-07-04T00:00:00+00:00
[2025-07-04T16:12:04.154+0530] {processor.py:179} INFO - Processing /Users/vaish/databorn_etl_project/retail_etl/etl_pipeline_project/venv/lib/python3.10/site-packages/airflow/example_dags/example_branch_day_of_week_operator.py took 0.346 seconds
[2025-07-04T16:13:27.366+0530] {processor.py:157} INFO - Started process (PID=33326) to work on /Users/vaish/databorn_etl_project/retail_etl/etl_pipeline_project/venv/lib/python3.10/site-packages/airflow/example_dags/example_branch_day_of_week_operator.py
[2025-07-04T16:13:27.367+0530] {processor.py:829} INFO - Processing file /Users/vaish/databorn_etl_project/retail_etl/etl_pipeline_project/venv/lib/python3.10/site-packages/airflow/example_dags/example_branch_day_of_week_operator.py for tasks to queue
[2025-07-04T16:13:27.368+0530] {logging_mixin.py:154} INFO - [2025-07-04T16:13:27.368+0530] {dagbag.py:536} INFO - Filling up the DagBag from /Users/vaish/databorn_etl_project/retail_etl/etl_pipeline_project/venv/lib/python3.10/site-packages/airflow/example_dags/example_branch_day_of_week_operator.py
[2025-07-04T16:13:27.399+0530] {processor.py:839} INFO - DAG(s) dict_keys(['example_weekday_branch_operator']) retrieved from /Users/vaish/databorn_etl_project/retail_etl/etl_pipeline_project/venv/lib/python3.10/site-packages/airflow/example_dags/example_branch_day_of_week_operator.py
[2025-07-04T16:13:27.626+0530] {logging_mixin.py:154} INFO - [2025-07-04T16:13:27.626+0530] {dag.py:2941} INFO - Sync 1 DAGs
[2025-07-04T16:13:27.648+0530] {logging_mixin.py:154} INFO - [2025-07-04T16:13:27.647+0530] {dag.py:3722} INFO - Setting next_dagrun for example_weekday_branch_operator to 2025-07-03T00:00:00+00:00, run_after=2025-07-04T00:00:00+00:00
[2025-07-04T16:13:27.670+0530] {processor.py:179} INFO - Processing /Users/vaish/databorn_etl_project/retail_etl/etl_pipeline_project/venv/lib/python3.10/site-packages/airflow/example_dags/example_branch_day_of_week_operator.py took 0.305 seconds
[2025-07-04T16:15:45.029+0530] {processor.py:157} INFO - Started process (PID=33650) to work on /Users/vaish/databorn_etl_project/retail_etl/etl_pipeline_project/venv/lib/python3.10/site-packages/airflow/example_dags/example_branch_day_of_week_operator.py
[2025-07-04T16:15:45.031+0530] {processor.py:829} INFO - Processing file /Users/vaish/databorn_etl_project/retail_etl/etl_pipeline_project/venv/lib/python3.10/site-packages/airflow/example_dags/example_branch_day_of_week_operator.py for tasks to queue
[2025-07-04T16:15:45.032+0530] {logging_mixin.py:154} INFO - [2025-07-04T16:15:45.031+0530] {dagbag.py:536} INFO - Filling up the DagBag from /Users/vaish/databorn_etl_project/retail_etl/etl_pipeline_project/venv/lib/python3.10/site-packages/airflow/example_dags/example_branch_day_of_week_operator.py
[2025-07-04T16:15:45.077+0530] {processor.py:839} INFO - DAG(s) dict_keys(['example_weekday_branch_operator']) retrieved from /Users/vaish/databorn_etl_project/retail_etl/etl_pipeline_project/venv/lib/python3.10/site-packages/airflow/example_dags/example_branch_day_of_week_operator.py
[2025-07-04T16:15:45.410+0530] {logging_mixin.py:154} INFO - [2025-07-04T16:15:45.409+0530] {dag.py:2941} INFO - Sync 1 DAGs
[2025-07-04T16:15:45.438+0530] {logging_mixin.py:154} INFO - [2025-07-04T16:15:45.437+0530] {dag.py:3722} INFO - Setting next_dagrun for example_weekday_branch_operator to 2025-07-03T00:00:00+00:00, run_after=2025-07-04T00:00:00+00:00
[2025-07-04T16:15:45.468+0530] {processor.py:179} INFO - Processing /Users/vaish/databorn_etl_project/retail_etl/etl_pipeline_project/venv/lib/python3.10/site-packages/airflow/example_dags/example_branch_day_of_week_operator.py took 0.440 seconds
