[2025-07-04T14:06:02.712+0530] {processor.py:157} INFO - Started process (PID=11729) to work on /Users/vaish/databorn_etl_project/retail_etl/etl_pipeline_project/venv/lib/python3.10/site-packages/airflow/example_dags/example_branch_labels.py
[2025-07-04T14:06:02.713+0530] {processor.py:829} INFO - Processing file /Users/vaish/databorn_etl_project/retail_etl/etl_pipeline_project/venv/lib/python3.10/site-packages/airflow/example_dags/example_branch_labels.py for tasks to queue
[2025-07-04T14:06:02.714+0530] {logging_mixin.py:154} INFO - [2025-07-04T14:06:02.713+0530] {dagbag.py:536} INFO - Filling up the DagBag from /Users/vaish/databorn_etl_project/retail_etl/etl_pipeline_project/venv/lib/python3.10/site-packages/airflow/example_dags/example_branch_labels.py
[2025-07-04T14:06:02.751+0530] {processor.py:839} INFO - DAG(s) dict_keys(['example_branch_labels']) retrieved from /Users/vaish/databorn_etl_project/retail_etl/etl_pipeline_project/venv/lib/python3.10/site-packages/airflow/example_dags/example_branch_labels.py
[2025-07-04T14:06:03.488+0530] {logging_mixin.py:154} INFO - [2025-07-04T14:06:03.488+0530] {manager.py:499} INFO - Created Permission View: %s
[2025-07-04T14:06:03.499+0530] {logging_mixin.py:154} INFO - [2025-07-04T14:06:03.498+0530] {manager.py:499} INFO - Created Permission View: %s
[2025-07-04T14:06:03.506+0530] {logging_mixin.py:154} INFO - [2025-07-04T14:06:03.506+0530] {manager.py:499} INFO - Created Permission View: %s
[2025-07-04T14:06:03.506+0530] {logging_mixin.py:154} INFO - [2025-07-04T14:06:03.506+0530] {dag.py:2941} INFO - Sync 1 DAGs
[2025-07-04T14:06:03.518+0530] {logging_mixin.py:154} INFO - [2025-07-04T14:06:03.517+0530] {dag.py:2963} INFO - Creating ORM DAG for example_branch_labels
[2025-07-04T14:06:03.528+0530] {logging_mixin.py:154} INFO - [2025-07-04T14:06:03.528+0530] {dag.py:3722} INFO - Setting next_dagrun for example_branch_labels to 2025-07-03T00:00:00+00:00, run_after=2025-07-04T00:00:00+00:00
[2025-07-04T14:06:03.547+0530] {processor.py:179} INFO - Processing /Users/vaish/databorn_etl_project/retail_etl/etl_pipeline_project/venv/lib/python3.10/site-packages/airflow/example_dags/example_branch_labels.py took 0.837 seconds
[2025-07-04T14:12:24.415+0530] {processor.py:157} INFO - Started process (PID=12298) to work on /Users/vaish/databorn_etl_project/retail_etl/etl_pipeline_project/venv/lib/python3.10/site-packages/airflow/example_dags/example_branch_labels.py
[2025-07-04T14:12:24.422+0530] {processor.py:829} INFO - Processing file /Users/vaish/databorn_etl_project/retail_etl/etl_pipeline_project/venv/lib/python3.10/site-packages/airflow/example_dags/example_branch_labels.py for tasks to queue
[2025-07-04T14:12:24.424+0530] {logging_mixin.py:154} INFO - [2025-07-04T14:12:24.423+0530] {dagbag.py:536} INFO - Filling up the DagBag from /Users/vaish/databorn_etl_project/retail_etl/etl_pipeline_project/venv/lib/python3.10/site-packages/airflow/example_dags/example_branch_labels.py
[2025-07-04T14:12:24.452+0530] {processor.py:839} INFO - DAG(s) dict_keys(['example_branch_labels']) retrieved from /Users/vaish/databorn_etl_project/retail_etl/etl_pipeline_project/venv/lib/python3.10/site-packages/airflow/example_dags/example_branch_labels.py
[2025-07-04T14:12:24.660+0530] {logging_mixin.py:154} INFO - [2025-07-04T14:12:24.659+0530] {dag.py:2941} INFO - Sync 1 DAGs
[2025-07-04T14:12:24.683+0530] {logging_mixin.py:154} INFO - [2025-07-04T14:12:24.683+0530] {dag.py:3722} INFO - Setting next_dagrun for example_branch_labels to 2025-07-03T00:00:00+00:00, run_after=2025-07-04T00:00:00+00:00
[2025-07-04T14:12:24.710+0530] {processor.py:179} INFO - Processing /Users/vaish/databorn_etl_project/retail_etl/etl_pipeline_project/venv/lib/python3.10/site-packages/airflow/example_dags/example_branch_labels.py took 0.296 seconds
[2025-07-04T14:15:57.156+0530] {processor.py:157} INFO - Started process (PID=12633) to work on /Users/vaish/databorn_etl_project/retail_etl/etl_pipeline_project/venv/lib/python3.10/site-packages/airflow/example_dags/example_branch_labels.py
[2025-07-04T14:15:57.157+0530] {processor.py:829} INFO - Processing file /Users/vaish/databorn_etl_project/retail_etl/etl_pipeline_project/venv/lib/python3.10/site-packages/airflow/example_dags/example_branch_labels.py for tasks to queue
[2025-07-04T14:15:57.157+0530] {logging_mixin.py:154} INFO - [2025-07-04T14:15:57.157+0530] {dagbag.py:536} INFO - Filling up the DagBag from /Users/vaish/databorn_etl_project/retail_etl/etl_pipeline_project/venv/lib/python3.10/site-packages/airflow/example_dags/example_branch_labels.py
[2025-07-04T14:15:57.184+0530] {processor.py:839} INFO - DAG(s) dict_keys(['example_branch_labels']) retrieved from /Users/vaish/databorn_etl_project/retail_etl/etl_pipeline_project/venv/lib/python3.10/site-packages/airflow/example_dags/example_branch_labels.py
[2025-07-04T14:15:57.393+0530] {logging_mixin.py:154} INFO - [2025-07-04T14:15:57.393+0530] {dag.py:2941} INFO - Sync 1 DAGs
[2025-07-04T14:15:57.414+0530] {logging_mixin.py:154} INFO - [2025-07-04T14:15:57.414+0530] {dag.py:3722} INFO - Setting next_dagrun for example_branch_labels to 2025-07-03T00:00:00+00:00, run_after=2025-07-04T00:00:00+00:00
[2025-07-04T14:15:57.441+0530] {processor.py:179} INFO - Processing /Users/vaish/databorn_etl_project/retail_etl/etl_pipeline_project/venv/lib/python3.10/site-packages/airflow/example_dags/example_branch_labels.py took 0.286 seconds
[2025-07-04T14:19:05.192+0530] {processor.py:157} INFO - Started process (PID=12902) to work on /Users/vaish/databorn_etl_project/retail_etl/etl_pipeline_project/venv/lib/python3.10/site-packages/airflow/example_dags/example_branch_labels.py
[2025-07-04T14:19:05.193+0530] {processor.py:829} INFO - Processing file /Users/vaish/databorn_etl_project/retail_etl/etl_pipeline_project/venv/lib/python3.10/site-packages/airflow/example_dags/example_branch_labels.py for tasks to queue
[2025-07-04T14:19:05.194+0530] {logging_mixin.py:154} INFO - [2025-07-04T14:19:05.194+0530] {dagbag.py:536} INFO - Filling up the DagBag from /Users/vaish/databorn_etl_project/retail_etl/etl_pipeline_project/venv/lib/python3.10/site-packages/airflow/example_dags/example_branch_labels.py
[2025-07-04T14:19:05.221+0530] {processor.py:839} INFO - DAG(s) dict_keys(['example_branch_labels']) retrieved from /Users/vaish/databorn_etl_project/retail_etl/etl_pipeline_project/venv/lib/python3.10/site-packages/airflow/example_dags/example_branch_labels.py
[2025-07-04T14:19:05.436+0530] {logging_mixin.py:154} INFO - [2025-07-04T14:19:05.436+0530] {dag.py:2941} INFO - Sync 1 DAGs
[2025-07-04T14:19:05.457+0530] {logging_mixin.py:154} INFO - [2025-07-04T14:19:05.457+0530] {dag.py:3722} INFO - Setting next_dagrun for example_branch_labels to 2025-07-03T00:00:00+00:00, run_after=2025-07-04T00:00:00+00:00
[2025-07-04T14:19:05.487+0530] {processor.py:179} INFO - Processing /Users/vaish/databorn_etl_project/retail_etl/etl_pipeline_project/venv/lib/python3.10/site-packages/airflow/example_dags/example_branch_labels.py took 0.296 seconds
[2025-07-04T14:22:21.014+0530] {processor.py:157} INFO - Started process (PID=13224) to work on /Users/vaish/databorn_etl_project/retail_etl/etl_pipeline_project/venv/lib/python3.10/site-packages/airflow/example_dags/example_branch_labels.py
[2025-07-04T14:22:21.015+0530] {processor.py:829} INFO - Processing file /Users/vaish/databorn_etl_project/retail_etl/etl_pipeline_project/venv/lib/python3.10/site-packages/airflow/example_dags/example_branch_labels.py for tasks to queue
[2025-07-04T14:22:21.016+0530] {logging_mixin.py:154} INFO - [2025-07-04T14:22:21.016+0530] {dagbag.py:536} INFO - Filling up the DagBag from /Users/vaish/databorn_etl_project/retail_etl/etl_pipeline_project/venv/lib/python3.10/site-packages/airflow/example_dags/example_branch_labels.py
[2025-07-04T14:22:21.047+0530] {processor.py:839} INFO - DAG(s) dict_keys(['example_branch_labels']) retrieved from /Users/vaish/databorn_etl_project/retail_etl/etl_pipeline_project/venv/lib/python3.10/site-packages/airflow/example_dags/example_branch_labels.py
[2025-07-04T14:22:21.262+0530] {logging_mixin.py:154} INFO - [2025-07-04T14:22:21.262+0530] {dag.py:2941} INFO - Sync 1 DAGs
[2025-07-04T14:22:21.285+0530] {logging_mixin.py:154} INFO - [2025-07-04T14:22:21.285+0530] {dag.py:3722} INFO - Setting next_dagrun for example_branch_labels to 2025-07-03T00:00:00+00:00, run_after=2025-07-04T00:00:00+00:00
[2025-07-04T14:22:21.306+0530] {processor.py:179} INFO - Processing /Users/vaish/databorn_etl_project/retail_etl/etl_pipeline_project/venv/lib/python3.10/site-packages/airflow/example_dags/example_branch_labels.py took 0.293 seconds
[2025-07-04T14:25:47.018+0530] {processor.py:157} INFO - Started process (PID=13616) to work on /Users/vaish/databorn_etl_project/retail_etl/etl_pipeline_project/venv/lib/python3.10/site-packages/airflow/example_dags/example_branch_labels.py
[2025-07-04T14:25:47.019+0530] {processor.py:829} INFO - Processing file /Users/vaish/databorn_etl_project/retail_etl/etl_pipeline_project/venv/lib/python3.10/site-packages/airflow/example_dags/example_branch_labels.py for tasks to queue
[2025-07-04T14:25:47.020+0530] {logging_mixin.py:154} INFO - [2025-07-04T14:25:47.020+0530] {dagbag.py:536} INFO - Filling up the DagBag from /Users/vaish/databorn_etl_project/retail_etl/etl_pipeline_project/venv/lib/python3.10/site-packages/airflow/example_dags/example_branch_labels.py
[2025-07-04T14:25:47.051+0530] {processor.py:839} INFO - DAG(s) dict_keys(['example_branch_labels']) retrieved from /Users/vaish/databorn_etl_project/retail_etl/etl_pipeline_project/venv/lib/python3.10/site-packages/airflow/example_dags/example_branch_labels.py
[2025-07-04T14:25:47.279+0530] {logging_mixin.py:154} INFO - [2025-07-04T14:25:47.279+0530] {dag.py:2941} INFO - Sync 1 DAGs
[2025-07-04T14:25:47.302+0530] {logging_mixin.py:154} INFO - [2025-07-04T14:25:47.301+0530] {dag.py:3722} INFO - Setting next_dagrun for example_branch_labels to 2025-07-03T00:00:00+00:00, run_after=2025-07-04T00:00:00+00:00
[2025-07-04T14:25:47.330+0530] {processor.py:179} INFO - Processing /Users/vaish/databorn_etl_project/retail_etl/etl_pipeline_project/venv/lib/python3.10/site-packages/airflow/example_dags/example_branch_labels.py took 0.313 seconds
[2025-07-04T14:29:18.349+0530] {processor.py:157} INFO - Started process (PID=13899) to work on /Users/vaish/databorn_etl_project/retail_etl/etl_pipeline_project/venv/lib/python3.10/site-packages/airflow/example_dags/example_branch_labels.py
[2025-07-04T14:29:18.356+0530] {processor.py:829} INFO - Processing file /Users/vaish/databorn_etl_project/retail_etl/etl_pipeline_project/venv/lib/python3.10/site-packages/airflow/example_dags/example_branch_labels.py for tasks to queue
[2025-07-04T14:29:18.358+0530] {logging_mixin.py:154} INFO - [2025-07-04T14:29:18.357+0530] {dagbag.py:536} INFO - Filling up the DagBag from /Users/vaish/databorn_etl_project/retail_etl/etl_pipeline_project/venv/lib/python3.10/site-packages/airflow/example_dags/example_branch_labels.py
[2025-07-04T14:29:18.387+0530] {processor.py:839} INFO - DAG(s) dict_keys(['example_branch_labels']) retrieved from /Users/vaish/databorn_etl_project/retail_etl/etl_pipeline_project/venv/lib/python3.10/site-packages/airflow/example_dags/example_branch_labels.py
[2025-07-04T14:29:18.601+0530] {logging_mixin.py:154} INFO - [2025-07-04T14:29:18.600+0530] {dag.py:2941} INFO - Sync 1 DAGs
[2025-07-04T14:29:18.622+0530] {logging_mixin.py:154} INFO - [2025-07-04T14:29:18.622+0530] {dag.py:3722} INFO - Setting next_dagrun for example_branch_labels to 2025-07-03T00:00:00+00:00, run_after=2025-07-04T00:00:00+00:00
[2025-07-04T14:29:18.651+0530] {processor.py:179} INFO - Processing /Users/vaish/databorn_etl_project/retail_etl/etl_pipeline_project/venv/lib/python3.10/site-packages/airflow/example_dags/example_branch_labels.py took 0.303 seconds
[2025-07-04T14:34:20.007+0530] {processor.py:157} INFO - Started process (PID=14709) to work on /Users/vaish/databorn_etl_project/retail_etl/etl_pipeline_project/venv/lib/python3.10/site-packages/airflow/example_dags/example_branch_labels.py
[2025-07-04T14:34:20.014+0530] {processor.py:829} INFO - Processing file /Users/vaish/databorn_etl_project/retail_etl/etl_pipeline_project/venv/lib/python3.10/site-packages/airflow/example_dags/example_branch_labels.py for tasks to queue
[2025-07-04T14:34:20.015+0530] {logging_mixin.py:154} INFO - [2025-07-04T14:34:20.015+0530] {dagbag.py:536} INFO - Filling up the DagBag from /Users/vaish/databorn_etl_project/retail_etl/etl_pipeline_project/venv/lib/python3.10/site-packages/airflow/example_dags/example_branch_labels.py
[2025-07-04T14:34:20.045+0530] {processor.py:839} INFO - DAG(s) dict_keys(['example_branch_labels']) retrieved from /Users/vaish/databorn_etl_project/retail_etl/etl_pipeline_project/venv/lib/python3.10/site-packages/airflow/example_dags/example_branch_labels.py
[2025-07-04T14:34:20.322+0530] {logging_mixin.py:154} INFO - [2025-07-04T14:34:20.322+0530] {dag.py:2941} INFO - Sync 1 DAGs
[2025-07-04T14:34:20.348+0530] {logging_mixin.py:154} INFO - [2025-07-04T14:34:20.348+0530] {dag.py:3722} INFO - Setting next_dagrun for example_branch_labels to 2025-07-03T00:00:00+00:00, run_after=2025-07-04T00:00:00+00:00
[2025-07-04T14:34:20.384+0530] {processor.py:179} INFO - Processing /Users/vaish/databorn_etl_project/retail_etl/etl_pipeline_project/venv/lib/python3.10/site-packages/airflow/example_dags/example_branch_labels.py took 0.378 seconds
[2025-07-04T14:36:23.209+0530] {processor.py:157} INFO - Started process (PID=14988) to work on /Users/vaish/databorn_etl_project/retail_etl/etl_pipeline_project/venv/lib/python3.10/site-packages/airflow/example_dags/example_branch_labels.py
[2025-07-04T14:36:23.210+0530] {processor.py:829} INFO - Processing file /Users/vaish/databorn_etl_project/retail_etl/etl_pipeline_project/venv/lib/python3.10/site-packages/airflow/example_dags/example_branch_labels.py for tasks to queue
[2025-07-04T14:36:23.211+0530] {logging_mixin.py:154} INFO - [2025-07-04T14:36:23.210+0530] {dagbag.py:536} INFO - Filling up the DagBag from /Users/vaish/databorn_etl_project/retail_etl/etl_pipeline_project/venv/lib/python3.10/site-packages/airflow/example_dags/example_branch_labels.py
[2025-07-04T14:36:23.238+0530] {processor.py:839} INFO - DAG(s) dict_keys(['example_branch_labels']) retrieved from /Users/vaish/databorn_etl_project/retail_etl/etl_pipeline_project/venv/lib/python3.10/site-packages/airflow/example_dags/example_branch_labels.py
[2025-07-04T14:36:23.447+0530] {logging_mixin.py:154} INFO - [2025-07-04T14:36:23.447+0530] {dag.py:2941} INFO - Sync 1 DAGs
[2025-07-04T14:36:23.469+0530] {logging_mixin.py:154} INFO - [2025-07-04T14:36:23.469+0530] {dag.py:3722} INFO - Setting next_dagrun for example_branch_labels to 2025-07-03T00:00:00+00:00, run_after=2025-07-04T00:00:00+00:00
[2025-07-04T14:36:23.490+0530] {processor.py:179} INFO - Processing /Users/vaish/databorn_etl_project/retail_etl/etl_pipeline_project/venv/lib/python3.10/site-packages/airflow/example_dags/example_branch_labels.py took 0.282 seconds
[2025-07-04T14:37:43.107+0530] {processor.py:157} INFO - Started process (PID=15162) to work on /Users/vaish/databorn_etl_project/retail_etl/etl_pipeline_project/venv/lib/python3.10/site-packages/airflow/example_dags/example_branch_labels.py
[2025-07-04T14:37:43.108+0530] {processor.py:829} INFO - Processing file /Users/vaish/databorn_etl_project/retail_etl/etl_pipeline_project/venv/lib/python3.10/site-packages/airflow/example_dags/example_branch_labels.py for tasks to queue
[2025-07-04T14:37:43.109+0530] {logging_mixin.py:154} INFO - [2025-07-04T14:37:43.109+0530] {dagbag.py:536} INFO - Filling up the DagBag from /Users/vaish/databorn_etl_project/retail_etl/etl_pipeline_project/venv/lib/python3.10/site-packages/airflow/example_dags/example_branch_labels.py
[2025-07-04T14:37:43.136+0530] {processor.py:839} INFO - DAG(s) dict_keys(['example_branch_labels']) retrieved from /Users/vaish/databorn_etl_project/retail_etl/etl_pipeline_project/venv/lib/python3.10/site-packages/airflow/example_dags/example_branch_labels.py
[2025-07-04T14:37:43.343+0530] {logging_mixin.py:154} INFO - [2025-07-04T14:37:43.343+0530] {dag.py:2941} INFO - Sync 1 DAGs
[2025-07-04T14:37:43.365+0530] {logging_mixin.py:154} INFO - [2025-07-04T14:37:43.365+0530] {dag.py:3722} INFO - Setting next_dagrun for example_branch_labels to 2025-07-03T00:00:00+00:00, run_after=2025-07-04T00:00:00+00:00
[2025-07-04T14:37:43.391+0530] {processor.py:179} INFO - Processing /Users/vaish/databorn_etl_project/retail_etl/etl_pipeline_project/venv/lib/python3.10/site-packages/airflow/example_dags/example_branch_labels.py took 0.285 seconds
[2025-07-04T14:39:46.768+0530] {processor.py:157} INFO - Started process (PID=15552) to work on /Users/vaish/databorn_etl_project/retail_etl/etl_pipeline_project/venv/lib/python3.10/site-packages/airflow/example_dags/example_branch_labels.py
[2025-07-04T14:39:46.769+0530] {processor.py:829} INFO - Processing file /Users/vaish/databorn_etl_project/retail_etl/etl_pipeline_project/venv/lib/python3.10/site-packages/airflow/example_dags/example_branch_labels.py for tasks to queue
[2025-07-04T14:39:46.770+0530] {logging_mixin.py:154} INFO - [2025-07-04T14:39:46.769+0530] {dagbag.py:536} INFO - Filling up the DagBag from /Users/vaish/databorn_etl_project/retail_etl/etl_pipeline_project/venv/lib/python3.10/site-packages/airflow/example_dags/example_branch_labels.py
[2025-07-04T14:39:46.800+0530] {processor.py:839} INFO - DAG(s) dict_keys(['example_branch_labels']) retrieved from /Users/vaish/databorn_etl_project/retail_etl/etl_pipeline_project/venv/lib/python3.10/site-packages/airflow/example_dags/example_branch_labels.py
[2025-07-04T14:39:47.017+0530] {logging_mixin.py:154} INFO - [2025-07-04T14:39:47.016+0530] {dag.py:2941} INFO - Sync 1 DAGs
[2025-07-04T14:39:47.041+0530] {logging_mixin.py:154} INFO - [2025-07-04T14:39:47.040+0530] {dag.py:3722} INFO - Setting next_dagrun for example_branch_labels to 2025-07-03T00:00:00+00:00, run_after=2025-07-04T00:00:00+00:00
[2025-07-04T14:39:47.064+0530] {processor.py:179} INFO - Processing /Users/vaish/databorn_etl_project/retail_etl/etl_pipeline_project/venv/lib/python3.10/site-packages/airflow/example_dags/example_branch_labels.py took 0.297 seconds
[2025-07-04T14:41:07.732+0530] {processor.py:157} INFO - Started process (PID=15735) to work on /Users/vaish/databorn_etl_project/retail_etl/etl_pipeline_project/venv/lib/python3.10/site-packages/airflow/example_dags/example_branch_labels.py
[2025-07-04T14:41:07.733+0530] {processor.py:829} INFO - Processing file /Users/vaish/databorn_etl_project/retail_etl/etl_pipeline_project/venv/lib/python3.10/site-packages/airflow/example_dags/example_branch_labels.py for tasks to queue
[2025-07-04T14:41:07.734+0530] {logging_mixin.py:154} INFO - [2025-07-04T14:41:07.733+0530] {dagbag.py:536} INFO - Filling up the DagBag from /Users/vaish/databorn_etl_project/retail_etl/etl_pipeline_project/venv/lib/python3.10/site-packages/airflow/example_dags/example_branch_labels.py
[2025-07-04T14:41:07.761+0530] {processor.py:839} INFO - DAG(s) dict_keys(['example_branch_labels']) retrieved from /Users/vaish/databorn_etl_project/retail_etl/etl_pipeline_project/venv/lib/python3.10/site-packages/airflow/example_dags/example_branch_labels.py
[2025-07-04T14:41:07.970+0530] {logging_mixin.py:154} INFO - [2025-07-04T14:41:07.970+0530] {dag.py:2941} INFO - Sync 1 DAGs
[2025-07-04T14:41:07.992+0530] {logging_mixin.py:154} INFO - [2025-07-04T14:41:07.991+0530] {dag.py:3722} INFO - Setting next_dagrun for example_branch_labels to 2025-07-03T00:00:00+00:00, run_after=2025-07-04T00:00:00+00:00
[2025-07-04T14:41:08.018+0530] {processor.py:179} INFO - Processing /Users/vaish/databorn_etl_project/retail_etl/etl_pipeline_project/venv/lib/python3.10/site-packages/airflow/example_dags/example_branch_labels.py took 0.287 seconds
[2025-07-04T14:43:21.664+0530] {processor.py:157} INFO - Started process (PID=16043) to work on /Users/vaish/databorn_etl_project/retail_etl/etl_pipeline_project/venv/lib/python3.10/site-packages/airflow/example_dags/example_branch_labels.py
[2025-07-04T14:43:21.665+0530] {processor.py:829} INFO - Processing file /Users/vaish/databorn_etl_project/retail_etl/etl_pipeline_project/venv/lib/python3.10/site-packages/airflow/example_dags/example_branch_labels.py for tasks to queue
[2025-07-04T14:43:21.666+0530] {logging_mixin.py:154} INFO - [2025-07-04T14:43:21.666+0530] {dagbag.py:536} INFO - Filling up the DagBag from /Users/vaish/databorn_etl_project/retail_etl/etl_pipeline_project/venv/lib/python3.10/site-packages/airflow/example_dags/example_branch_labels.py
[2025-07-04T14:43:21.701+0530] {processor.py:839} INFO - DAG(s) dict_keys(['example_branch_labels']) retrieved from /Users/vaish/databorn_etl_project/retail_etl/etl_pipeline_project/venv/lib/python3.10/site-packages/airflow/example_dags/example_branch_labels.py
[2025-07-04T14:43:21.938+0530] {logging_mixin.py:154} INFO - [2025-07-04T14:43:21.937+0530] {dag.py:2941} INFO - Sync 1 DAGs
[2025-07-04T14:43:21.964+0530] {logging_mixin.py:154} INFO - [2025-07-04T14:43:21.964+0530] {dag.py:3722} INFO - Setting next_dagrun for example_branch_labels to 2025-07-03T00:00:00+00:00, run_after=2025-07-04T00:00:00+00:00
[2025-07-04T14:43:21.989+0530] {processor.py:179} INFO - Processing /Users/vaish/databorn_etl_project/retail_etl/etl_pipeline_project/venv/lib/python3.10/site-packages/airflow/example_dags/example_branch_labels.py took 0.326 seconds
[2025-07-04T14:44:10.960+0530] {processor.py:157} INFO - Started process (PID=16147) to work on /Users/vaish/databorn_etl_project/retail_etl/etl_pipeline_project/venv/lib/python3.10/site-packages/airflow/example_dags/example_branch_labels.py
[2025-07-04T14:44:10.961+0530] {processor.py:829} INFO - Processing file /Users/vaish/databorn_etl_project/retail_etl/etl_pipeline_project/venv/lib/python3.10/site-packages/airflow/example_dags/example_branch_labels.py for tasks to queue
[2025-07-04T14:44:10.962+0530] {logging_mixin.py:154} INFO - [2025-07-04T14:44:10.961+0530] {dagbag.py:536} INFO - Filling up the DagBag from /Users/vaish/databorn_etl_project/retail_etl/etl_pipeline_project/venv/lib/python3.10/site-packages/airflow/example_dags/example_branch_labels.py
[2025-07-04T14:44:10.991+0530] {processor.py:839} INFO - DAG(s) dict_keys(['example_branch_labels']) retrieved from /Users/vaish/databorn_etl_project/retail_etl/etl_pipeline_project/venv/lib/python3.10/site-packages/airflow/example_dags/example_branch_labels.py
[2025-07-04T14:44:11.332+0530] {logging_mixin.py:154} INFO - [2025-07-04T14:44:11.331+0530] {dag.py:2941} INFO - Sync 1 DAGs
[2025-07-04T14:44:11.375+0530] {logging_mixin.py:154} INFO - [2025-07-04T14:44:11.375+0530] {dag.py:3722} INFO - Setting next_dagrun for example_branch_labels to 2025-07-03T00:00:00+00:00, run_after=2025-07-04T00:00:00+00:00
[2025-07-04T14:44:11.398+0530] {processor.py:179} INFO - Processing /Users/vaish/databorn_etl_project/retail_etl/etl_pipeline_project/venv/lib/python3.10/site-packages/airflow/example_dags/example_branch_labels.py took 0.439 seconds
[2025-07-04T14:46:47.435+0530] {processor.py:157} INFO - Started process (PID=16626) to work on /Users/vaish/databorn_etl_project/retail_etl/etl_pipeline_project/venv/lib/python3.10/site-packages/airflow/example_dags/example_branch_labels.py
[2025-07-04T14:46:47.435+0530] {processor.py:829} INFO - Processing file /Users/vaish/databorn_etl_project/retail_etl/etl_pipeline_project/venv/lib/python3.10/site-packages/airflow/example_dags/example_branch_labels.py for tasks to queue
[2025-07-04T14:46:47.436+0530] {logging_mixin.py:154} INFO - [2025-07-04T14:46:47.436+0530] {dagbag.py:536} INFO - Filling up the DagBag from /Users/vaish/databorn_etl_project/retail_etl/etl_pipeline_project/venv/lib/python3.10/site-packages/airflow/example_dags/example_branch_labels.py
[2025-07-04T14:46:47.469+0530] {processor.py:839} INFO - DAG(s) dict_keys(['example_branch_labels']) retrieved from /Users/vaish/databorn_etl_project/retail_etl/etl_pipeline_project/venv/lib/python3.10/site-packages/airflow/example_dags/example_branch_labels.py
[2025-07-04T14:46:47.674+0530] {logging_mixin.py:154} INFO - [2025-07-04T14:46:47.674+0530] {dag.py:2941} INFO - Sync 1 DAGs
[2025-07-04T14:46:47.696+0530] {logging_mixin.py:154} INFO - [2025-07-04T14:46:47.696+0530] {dag.py:3722} INFO - Setting next_dagrun for example_branch_labels to 2025-07-03T00:00:00+00:00, run_after=2025-07-04T00:00:00+00:00
[2025-07-04T14:46:47.716+0530] {processor.py:179} INFO - Processing /Users/vaish/databorn_etl_project/retail_etl/etl_pipeline_project/venv/lib/python3.10/site-packages/airflow/example_dags/example_branch_labels.py took 0.283 seconds
[2025-07-04T14:49:21.021+0530] {processor.py:157} INFO - Started process (PID=17009) to work on /Users/vaish/databorn_etl_project/retail_etl/etl_pipeline_project/venv/lib/python3.10/site-packages/airflow/example_dags/example_branch_labels.py
[2025-07-04T14:49:21.028+0530] {processor.py:829} INFO - Processing file /Users/vaish/databorn_etl_project/retail_etl/etl_pipeline_project/venv/lib/python3.10/site-packages/airflow/example_dags/example_branch_labels.py for tasks to queue
[2025-07-04T14:49:21.028+0530] {logging_mixin.py:154} INFO - [2025-07-04T14:49:21.028+0530] {dagbag.py:536} INFO - Filling up the DagBag from /Users/vaish/databorn_etl_project/retail_etl/etl_pipeline_project/venv/lib/python3.10/site-packages/airflow/example_dags/example_branch_labels.py
[2025-07-04T14:49:21.060+0530] {processor.py:839} INFO - DAG(s) dict_keys(['example_branch_labels']) retrieved from /Users/vaish/databorn_etl_project/retail_etl/etl_pipeline_project/venv/lib/python3.10/site-packages/airflow/example_dags/example_branch_labels.py
[2025-07-04T14:49:21.295+0530] {logging_mixin.py:154} INFO - [2025-07-04T14:49:21.295+0530] {dag.py:2941} INFO - Sync 1 DAGs
[2025-07-04T14:49:21.320+0530] {logging_mixin.py:154} INFO - [2025-07-04T14:49:21.320+0530] {dag.py:3722} INFO - Setting next_dagrun for example_branch_labels to 2025-07-03T00:00:00+00:00, run_after=2025-07-04T00:00:00+00:00
[2025-07-04T14:49:21.347+0530] {processor.py:179} INFO - Processing /Users/vaish/databorn_etl_project/retail_etl/etl_pipeline_project/venv/lib/python3.10/site-packages/airflow/example_dags/example_branch_labels.py took 0.327 seconds
[2025-07-04T14:50:11.726+0530] {processor.py:157} INFO - Started process (PID=17111) to work on /Users/vaish/databorn_etl_project/retail_etl/etl_pipeline_project/venv/lib/python3.10/site-packages/airflow/example_dags/example_branch_labels.py
[2025-07-04T14:50:11.727+0530] {processor.py:829} INFO - Processing file /Users/vaish/databorn_etl_project/retail_etl/etl_pipeline_project/venv/lib/python3.10/site-packages/airflow/example_dags/example_branch_labels.py for tasks to queue
[2025-07-04T14:50:11.727+0530] {logging_mixin.py:154} INFO - [2025-07-04T14:50:11.727+0530] {dagbag.py:536} INFO - Filling up the DagBag from /Users/vaish/databorn_etl_project/retail_etl/etl_pipeline_project/venv/lib/python3.10/site-packages/airflow/example_dags/example_branch_labels.py
[2025-07-04T14:50:11.758+0530] {processor.py:839} INFO - DAG(s) dict_keys(['example_branch_labels']) retrieved from /Users/vaish/databorn_etl_project/retail_etl/etl_pipeline_project/venv/lib/python3.10/site-packages/airflow/example_dags/example_branch_labels.py
[2025-07-04T14:50:11.994+0530] {logging_mixin.py:154} INFO - [2025-07-04T14:50:11.993+0530] {dag.py:2941} INFO - Sync 1 DAGs
[2025-07-04T14:50:12.018+0530] {logging_mixin.py:154} INFO - [2025-07-04T14:50:12.018+0530] {dag.py:3722} INFO - Setting next_dagrun for example_branch_labels to 2025-07-03T00:00:00+00:00, run_after=2025-07-04T00:00:00+00:00
[2025-07-04T14:50:12.044+0530] {processor.py:179} INFO - Processing /Users/vaish/databorn_etl_project/retail_etl/etl_pipeline_project/venv/lib/python3.10/site-packages/airflow/example_dags/example_branch_labels.py took 0.320 seconds
[2025-07-04T14:52:46.362+0530] {processor.py:157} INFO - Started process (PID=17454) to work on /Users/vaish/databorn_etl_project/retail_etl/etl_pipeline_project/venv/lib/python3.10/site-packages/airflow/example_dags/example_branch_labels.py
[2025-07-04T14:52:46.363+0530] {processor.py:829} INFO - Processing file /Users/vaish/databorn_etl_project/retail_etl/etl_pipeline_project/venv/lib/python3.10/site-packages/airflow/example_dags/example_branch_labels.py for tasks to queue
[2025-07-04T14:52:46.365+0530] {logging_mixin.py:154} INFO - [2025-07-04T14:52:46.364+0530] {dagbag.py:536} INFO - Filling up the DagBag from /Users/vaish/databorn_etl_project/retail_etl/etl_pipeline_project/venv/lib/python3.10/site-packages/airflow/example_dags/example_branch_labels.py
[2025-07-04T14:52:46.400+0530] {processor.py:839} INFO - DAG(s) dict_keys(['example_branch_labels']) retrieved from /Users/vaish/databorn_etl_project/retail_etl/etl_pipeline_project/venv/lib/python3.10/site-packages/airflow/example_dags/example_branch_labels.py
[2025-07-04T14:52:46.665+0530] {logging_mixin.py:154} INFO - [2025-07-04T14:52:46.664+0530] {dag.py:2941} INFO - Sync 1 DAGs
[2025-07-04T14:52:46.690+0530] {logging_mixin.py:154} INFO - [2025-07-04T14:52:46.690+0530] {dag.py:3722} INFO - Setting next_dagrun for example_branch_labels to 2025-07-03T00:00:00+00:00, run_after=2025-07-04T00:00:00+00:00
[2025-07-04T14:52:46.721+0530] {processor.py:179} INFO - Processing /Users/vaish/databorn_etl_project/retail_etl/etl_pipeline_project/venv/lib/python3.10/site-packages/airflow/example_dags/example_branch_labels.py took 0.361 seconds
[2025-07-04T14:53:43.009+0530] {processor.py:157} INFO - Started process (PID=17573) to work on /Users/vaish/databorn_etl_project/retail_etl/etl_pipeline_project/venv/lib/python3.10/site-packages/airflow/example_dags/example_branch_labels.py
[2025-07-04T14:53:43.011+0530] {processor.py:829} INFO - Processing file /Users/vaish/databorn_etl_project/retail_etl/etl_pipeline_project/venv/lib/python3.10/site-packages/airflow/example_dags/example_branch_labels.py for tasks to queue
[2025-07-04T14:53:43.012+0530] {logging_mixin.py:154} INFO - [2025-07-04T14:53:43.012+0530] {dagbag.py:536} INFO - Filling up the DagBag from /Users/vaish/databorn_etl_project/retail_etl/etl_pipeline_project/venv/lib/python3.10/site-packages/airflow/example_dags/example_branch_labels.py
[2025-07-04T14:53:43.044+0530] {processor.py:839} INFO - DAG(s) dict_keys(['example_branch_labels']) retrieved from /Users/vaish/databorn_etl_project/retail_etl/etl_pipeline_project/venv/lib/python3.10/site-packages/airflow/example_dags/example_branch_labels.py
[2025-07-04T14:53:43.283+0530] {logging_mixin.py:154} INFO - [2025-07-04T14:53:43.282+0530] {dag.py:2941} INFO - Sync 1 DAGs
[2025-07-04T14:53:43.307+0530] {logging_mixin.py:154} INFO - [2025-07-04T14:53:43.307+0530] {dag.py:3722} INFO - Setting next_dagrun for example_branch_labels to 2025-07-03T00:00:00+00:00, run_after=2025-07-04T00:00:00+00:00
[2025-07-04T14:53:43.333+0530] {processor.py:179} INFO - Processing /Users/vaish/databorn_etl_project/retail_etl/etl_pipeline_project/venv/lib/python3.10/site-packages/airflow/example_dags/example_branch_labels.py took 0.325 seconds
[2025-07-04T14:56:13.537+0530] {processor.py:157} INFO - Started process (PID=17878) to work on /Users/vaish/databorn_etl_project/retail_etl/etl_pipeline_project/venv/lib/python3.10/site-packages/airflow/example_dags/example_branch_labels.py
[2025-07-04T14:56:13.538+0530] {processor.py:829} INFO - Processing file /Users/vaish/databorn_etl_project/retail_etl/etl_pipeline_project/venv/lib/python3.10/site-packages/airflow/example_dags/example_branch_labels.py for tasks to queue
[2025-07-04T14:56:13.538+0530] {logging_mixin.py:154} INFO - [2025-07-04T14:56:13.538+0530] {dagbag.py:536} INFO - Filling up the DagBag from /Users/vaish/databorn_etl_project/retail_etl/etl_pipeline_project/venv/lib/python3.10/site-packages/airflow/example_dags/example_branch_labels.py
[2025-07-04T14:56:13.568+0530] {processor.py:839} INFO - DAG(s) dict_keys(['example_branch_labels']) retrieved from /Users/vaish/databorn_etl_project/retail_etl/etl_pipeline_project/venv/lib/python3.10/site-packages/airflow/example_dags/example_branch_labels.py
[2025-07-04T14:56:13.797+0530] {logging_mixin.py:154} INFO - [2025-07-04T14:56:13.797+0530] {dag.py:2941} INFO - Sync 1 DAGs
[2025-07-04T14:56:13.821+0530] {logging_mixin.py:154} INFO - [2025-07-04T14:56:13.820+0530] {dag.py:3722} INFO - Setting next_dagrun for example_branch_labels to 2025-07-03T00:00:00+00:00, run_after=2025-07-04T00:00:00+00:00
[2025-07-04T14:56:13.848+0530] {processor.py:179} INFO - Processing /Users/vaish/databorn_etl_project/retail_etl/etl_pipeline_project/venv/lib/python3.10/site-packages/airflow/example_dags/example_branch_labels.py took 0.313 seconds
[2025-07-04T14:57:10.249+0530] {processor.py:157} INFO - Started process (PID=17994) to work on /Users/vaish/databorn_etl_project/retail_etl/etl_pipeline_project/venv/lib/python3.10/site-packages/airflow/example_dags/example_branch_labels.py
[2025-07-04T14:57:10.250+0530] {processor.py:829} INFO - Processing file /Users/vaish/databorn_etl_project/retail_etl/etl_pipeline_project/venv/lib/python3.10/site-packages/airflow/example_dags/example_branch_labels.py for tasks to queue
[2025-07-04T14:57:10.251+0530] {logging_mixin.py:154} INFO - [2025-07-04T14:57:10.251+0530] {dagbag.py:536} INFO - Filling up the DagBag from /Users/vaish/databorn_etl_project/retail_etl/etl_pipeline_project/venv/lib/python3.10/site-packages/airflow/example_dags/example_branch_labels.py
[2025-07-04T14:57:10.282+0530] {processor.py:839} INFO - DAG(s) dict_keys(['example_branch_labels']) retrieved from /Users/vaish/databorn_etl_project/retail_etl/etl_pipeline_project/venv/lib/python3.10/site-packages/airflow/example_dags/example_branch_labels.py
[2025-07-04T14:57:10.500+0530] {logging_mixin.py:154} INFO - [2025-07-04T14:57:10.500+0530] {dag.py:2941} INFO - Sync 1 DAGs
[2025-07-04T14:57:10.523+0530] {logging_mixin.py:154} INFO - [2025-07-04T14:57:10.523+0530] {dag.py:3722} INFO - Setting next_dagrun for example_branch_labels to 2025-07-03T00:00:00+00:00, run_after=2025-07-04T00:00:00+00:00
[2025-07-04T14:57:10.550+0530] {processor.py:179} INFO - Processing /Users/vaish/databorn_etl_project/retail_etl/etl_pipeline_project/venv/lib/python3.10/site-packages/airflow/example_dags/example_branch_labels.py took 0.302 seconds
[2025-07-04T14:59:34.957+0530] {processor.py:157} INFO - Started process (PID=18294) to work on /Users/vaish/databorn_etl_project/retail_etl/etl_pipeline_project/venv/lib/python3.10/site-packages/airflow/example_dags/example_branch_labels.py
[2025-07-04T14:59:34.958+0530] {processor.py:829} INFO - Processing file /Users/vaish/databorn_etl_project/retail_etl/etl_pipeline_project/venv/lib/python3.10/site-packages/airflow/example_dags/example_branch_labels.py for tasks to queue
[2025-07-04T14:59:34.958+0530] {logging_mixin.py:154} INFO - [2025-07-04T14:59:34.958+0530] {dagbag.py:536} INFO - Filling up the DagBag from /Users/vaish/databorn_etl_project/retail_etl/etl_pipeline_project/venv/lib/python3.10/site-packages/airflow/example_dags/example_branch_labels.py
[2025-07-04T14:59:34.986+0530] {processor.py:839} INFO - DAG(s) dict_keys(['example_branch_labels']) retrieved from /Users/vaish/databorn_etl_project/retail_etl/etl_pipeline_project/venv/lib/python3.10/site-packages/airflow/example_dags/example_branch_labels.py
[2025-07-04T14:59:35.195+0530] {logging_mixin.py:154} INFO - [2025-07-04T14:59:35.195+0530] {dag.py:2941} INFO - Sync 1 DAGs
[2025-07-04T14:59:35.217+0530] {logging_mixin.py:154} INFO - [2025-07-04T14:59:35.217+0530] {dag.py:3722} INFO - Setting next_dagrun for example_branch_labels to 2025-07-03T00:00:00+00:00, run_after=2025-07-04T00:00:00+00:00
[2025-07-04T14:59:35.243+0530] {processor.py:179} INFO - Processing /Users/vaish/databorn_etl_project/retail_etl/etl_pipeline_project/venv/lib/python3.10/site-packages/airflow/example_dags/example_branch_labels.py took 0.288 seconds
[2025-07-04T15:00:24.646+0530] {processor.py:157} INFO - Started process (PID=18397) to work on /Users/vaish/databorn_etl_project/retail_etl/etl_pipeline_project/venv/lib/python3.10/site-packages/airflow/example_dags/example_branch_labels.py
[2025-07-04T15:00:24.647+0530] {processor.py:829} INFO - Processing file /Users/vaish/databorn_etl_project/retail_etl/etl_pipeline_project/venv/lib/python3.10/site-packages/airflow/example_dags/example_branch_labels.py for tasks to queue
[2025-07-04T15:00:24.647+0530] {logging_mixin.py:154} INFO - [2025-07-04T15:00:24.647+0530] {dagbag.py:536} INFO - Filling up the DagBag from /Users/vaish/databorn_etl_project/retail_etl/etl_pipeline_project/venv/lib/python3.10/site-packages/airflow/example_dags/example_branch_labels.py
[2025-07-04T15:00:24.674+0530] {processor.py:839} INFO - DAG(s) dict_keys(['example_branch_labels']) retrieved from /Users/vaish/databorn_etl_project/retail_etl/etl_pipeline_project/venv/lib/python3.10/site-packages/airflow/example_dags/example_branch_labels.py
[2025-07-04T15:00:24.879+0530] {logging_mixin.py:154} INFO - [2025-07-04T15:00:24.879+0530] {dag.py:2941} INFO - Sync 1 DAGs
[2025-07-04T15:00:24.900+0530] {logging_mixin.py:154} INFO - [2025-07-04T15:00:24.900+0530] {dag.py:3722} INFO - Setting next_dagrun for example_branch_labels to 2025-07-03T00:00:00+00:00, run_after=2025-07-04T00:00:00+00:00
[2025-07-04T15:00:24.927+0530] {processor.py:179} INFO - Processing /Users/vaish/databorn_etl_project/retail_etl/etl_pipeline_project/venv/lib/python3.10/site-packages/airflow/example_dags/example_branch_labels.py took 0.282 seconds
[2025-07-04T15:02:51.920+0530] {processor.py:157} INFO - Started process (PID=18773) to work on /Users/vaish/databorn_etl_project/retail_etl/etl_pipeline_project/venv/lib/python3.10/site-packages/airflow/example_dags/example_branch_labels.py
[2025-07-04T15:02:51.921+0530] {processor.py:829} INFO - Processing file /Users/vaish/databorn_etl_project/retail_etl/etl_pipeline_project/venv/lib/python3.10/site-packages/airflow/example_dags/example_branch_labels.py for tasks to queue
[2025-07-04T15:02:51.922+0530] {logging_mixin.py:154} INFO - [2025-07-04T15:02:51.922+0530] {dagbag.py:536} INFO - Filling up the DagBag from /Users/vaish/databorn_etl_project/retail_etl/etl_pipeline_project/venv/lib/python3.10/site-packages/airflow/example_dags/example_branch_labels.py
[2025-07-04T15:02:51.954+0530] {processor.py:839} INFO - DAG(s) dict_keys(['example_branch_labels']) retrieved from /Users/vaish/databorn_etl_project/retail_etl/etl_pipeline_project/venv/lib/python3.10/site-packages/airflow/example_dags/example_branch_labels.py
[2025-07-04T15:02:52.204+0530] {logging_mixin.py:154} INFO - [2025-07-04T15:02:52.203+0530] {dag.py:2941} INFO - Sync 1 DAGs
[2025-07-04T15:02:52.226+0530] {logging_mixin.py:154} INFO - [2025-07-04T15:02:52.226+0530] {dag.py:3722} INFO - Setting next_dagrun for example_branch_labels to 2025-07-03T00:00:00+00:00, run_after=2025-07-04T00:00:00+00:00
[2025-07-04T15:02:52.252+0530] {processor.py:179} INFO - Processing /Users/vaish/databorn_etl_project/retail_etl/etl_pipeline_project/venv/lib/python3.10/site-packages/airflow/example_dags/example_branch_labels.py took 0.334 seconds
[2025-07-04T15:03:55.235+0530] {processor.py:157} INFO - Started process (PID=18952) to work on /Users/vaish/databorn_etl_project/retail_etl/etl_pipeline_project/venv/lib/python3.10/site-packages/airflow/example_dags/example_branch_labels.py
[2025-07-04T15:03:55.242+0530] {processor.py:829} INFO - Processing file /Users/vaish/databorn_etl_project/retail_etl/etl_pipeline_project/venv/lib/python3.10/site-packages/airflow/example_dags/example_branch_labels.py for tasks to queue
[2025-07-04T15:03:55.243+0530] {logging_mixin.py:154} INFO - [2025-07-04T15:03:55.243+0530] {dagbag.py:536} INFO - Filling up the DagBag from /Users/vaish/databorn_etl_project/retail_etl/etl_pipeline_project/venv/lib/python3.10/site-packages/airflow/example_dags/example_branch_labels.py
[2025-07-04T15:03:55.272+0530] {processor.py:839} INFO - DAG(s) dict_keys(['example_branch_labels']) retrieved from /Users/vaish/databorn_etl_project/retail_etl/etl_pipeline_project/venv/lib/python3.10/site-packages/airflow/example_dags/example_branch_labels.py
[2025-07-04T15:03:55.486+0530] {logging_mixin.py:154} INFO - [2025-07-04T15:03:55.486+0530] {dag.py:2941} INFO - Sync 1 DAGs
[2025-07-04T15:03:55.508+0530] {logging_mixin.py:154} INFO - [2025-07-04T15:03:55.508+0530] {dag.py:3722} INFO - Setting next_dagrun for example_branch_labels to 2025-07-03T00:00:00+00:00, run_after=2025-07-04T00:00:00+00:00
[2025-07-04T15:03:55.535+0530] {processor.py:179} INFO - Processing /Users/vaish/databorn_etl_project/retail_etl/etl_pipeline_project/venv/lib/python3.10/site-packages/airflow/example_dags/example_branch_labels.py took 0.302 seconds
[2025-07-04T15:07:29.746+0530] {processor.py:157} INFO - Started process (PID=19413) to work on /Users/vaish/databorn_etl_project/retail_etl/etl_pipeline_project/venv/lib/python3.10/site-packages/airflow/example_dags/example_branch_labels.py
[2025-07-04T15:07:29.747+0530] {processor.py:829} INFO - Processing file /Users/vaish/databorn_etl_project/retail_etl/etl_pipeline_project/venv/lib/python3.10/site-packages/airflow/example_dags/example_branch_labels.py for tasks to queue
[2025-07-04T15:07:29.748+0530] {logging_mixin.py:154} INFO - [2025-07-04T15:07:29.748+0530] {dagbag.py:536} INFO - Filling up the DagBag from /Users/vaish/databorn_etl_project/retail_etl/etl_pipeline_project/venv/lib/python3.10/site-packages/airflow/example_dags/example_branch_labels.py
[2025-07-04T15:07:29.783+0530] {processor.py:839} INFO - DAG(s) dict_keys(['example_branch_labels']) retrieved from /Users/vaish/databorn_etl_project/retail_etl/etl_pipeline_project/venv/lib/python3.10/site-packages/airflow/example_dags/example_branch_labels.py
[2025-07-04T15:07:30.097+0530] {logging_mixin.py:154} INFO - [2025-07-04T15:07:30.097+0530] {dag.py:2941} INFO - Sync 1 DAGs
[2025-07-04T15:07:30.122+0530] {logging_mixin.py:154} INFO - [2025-07-04T15:07:30.121+0530] {dag.py:3722} INFO - Setting next_dagrun for example_branch_labels to 2025-07-03T00:00:00+00:00, run_after=2025-07-04T00:00:00+00:00
[2025-07-04T15:07:30.152+0530] {processor.py:179} INFO - Processing /Users/vaish/databorn_etl_project/retail_etl/etl_pipeline_project/venv/lib/python3.10/site-packages/airflow/example_dags/example_branch_labels.py took 0.408 seconds
[2025-07-04T15:11:03.753+0530] {processor.py:157} INFO - Started process (PID=19781) to work on /Users/vaish/databorn_etl_project/retail_etl/etl_pipeline_project/venv/lib/python3.10/site-packages/airflow/example_dags/example_branch_labels.py
[2025-07-04T15:11:03.754+0530] {processor.py:829} INFO - Processing file /Users/vaish/databorn_etl_project/retail_etl/etl_pipeline_project/venv/lib/python3.10/site-packages/airflow/example_dags/example_branch_labels.py for tasks to queue
[2025-07-04T15:11:03.755+0530] {logging_mixin.py:154} INFO - [2025-07-04T15:11:03.754+0530] {dagbag.py:536} INFO - Filling up the DagBag from /Users/vaish/databorn_etl_project/retail_etl/etl_pipeline_project/venv/lib/python3.10/site-packages/airflow/example_dags/example_branch_labels.py
[2025-07-04T15:11:03.788+0530] {processor.py:839} INFO - DAG(s) dict_keys(['example_branch_labels']) retrieved from /Users/vaish/databorn_etl_project/retail_etl/etl_pipeline_project/venv/lib/python3.10/site-packages/airflow/example_dags/example_branch_labels.py
[2025-07-04T15:11:04.036+0530] {logging_mixin.py:154} INFO - [2025-07-04T15:11:04.036+0530] {dag.py:2941} INFO - Sync 1 DAGs
[2025-07-04T15:11:04.058+0530] {logging_mixin.py:154} INFO - [2025-07-04T15:11:04.058+0530] {dag.py:3722} INFO - Setting next_dagrun for example_branch_labels to 2025-07-03T00:00:00+00:00, run_after=2025-07-04T00:00:00+00:00
[2025-07-04T15:11:04.085+0530] {processor.py:179} INFO - Processing /Users/vaish/databorn_etl_project/retail_etl/etl_pipeline_project/venv/lib/python3.10/site-packages/airflow/example_dags/example_branch_labels.py took 0.334 seconds
[2025-07-04T15:14:27.197+0530] {processor.py:157} INFO - Started process (PID=20106) to work on /Users/vaish/databorn_etl_project/retail_etl/etl_pipeline_project/venv/lib/python3.10/site-packages/airflow/example_dags/example_branch_labels.py
[2025-07-04T15:14:27.200+0530] {processor.py:829} INFO - Processing file /Users/vaish/databorn_etl_project/retail_etl/etl_pipeline_project/venv/lib/python3.10/site-packages/airflow/example_dags/example_branch_labels.py for tasks to queue
[2025-07-04T15:14:27.201+0530] {logging_mixin.py:154} INFO - [2025-07-04T15:14:27.201+0530] {dagbag.py:536} INFO - Filling up the DagBag from /Users/vaish/databorn_etl_project/retail_etl/etl_pipeline_project/venv/lib/python3.10/site-packages/airflow/example_dags/example_branch_labels.py
[2025-07-04T15:14:27.240+0530] {processor.py:839} INFO - DAG(s) dict_keys(['example_branch_labels']) retrieved from /Users/vaish/databorn_etl_project/retail_etl/etl_pipeline_project/venv/lib/python3.10/site-packages/airflow/example_dags/example_branch_labels.py
[2025-07-04T15:14:27.525+0530] {logging_mixin.py:154} INFO - [2025-07-04T15:14:27.524+0530] {dag.py:2941} INFO - Sync 1 DAGs
[2025-07-04T15:14:27.568+0530] {logging_mixin.py:154} INFO - [2025-07-04T15:14:27.568+0530] {dag.py:3722} INFO - Setting next_dagrun for example_branch_labels to 2025-07-03T00:00:00+00:00, run_after=2025-07-04T00:00:00+00:00
[2025-07-04T15:14:27.600+0530] {processor.py:179} INFO - Processing /Users/vaish/databorn_etl_project/retail_etl/etl_pipeline_project/venv/lib/python3.10/site-packages/airflow/example_dags/example_branch_labels.py took 0.405 seconds
[2025-07-04T15:17:59.153+0530] {processor.py:157} INFO - Started process (PID=20652) to work on /Users/vaish/databorn_etl_project/retail_etl/etl_pipeline_project/venv/lib/python3.10/site-packages/airflow/example_dags/example_branch_labels.py
[2025-07-04T15:17:59.154+0530] {processor.py:829} INFO - Processing file /Users/vaish/databorn_etl_project/retail_etl/etl_pipeline_project/venv/lib/python3.10/site-packages/airflow/example_dags/example_branch_labels.py for tasks to queue
[2025-07-04T15:17:59.155+0530] {logging_mixin.py:154} INFO - [2025-07-04T15:17:59.155+0530] {dagbag.py:536} INFO - Filling up the DagBag from /Users/vaish/databorn_etl_project/retail_etl/etl_pipeline_project/venv/lib/python3.10/site-packages/airflow/example_dags/example_branch_labels.py
[2025-07-04T15:17:59.184+0530] {processor.py:839} INFO - DAG(s) dict_keys(['example_branch_labels']) retrieved from /Users/vaish/databorn_etl_project/retail_etl/etl_pipeline_project/venv/lib/python3.10/site-packages/airflow/example_dags/example_branch_labels.py
[2025-07-04T15:17:59.416+0530] {logging_mixin.py:154} INFO - [2025-07-04T15:17:59.416+0530] {dag.py:2941} INFO - Sync 1 DAGs
[2025-07-04T15:17:59.437+0530] {logging_mixin.py:154} INFO - [2025-07-04T15:17:59.437+0530] {dag.py:3722} INFO - Setting next_dagrun for example_branch_labels to 2025-07-03T00:00:00+00:00, run_after=2025-07-04T00:00:00+00:00
[2025-07-04T15:17:59.462+0530] {processor.py:179} INFO - Processing /Users/vaish/databorn_etl_project/retail_etl/etl_pipeline_project/venv/lib/python3.10/site-packages/airflow/example_dags/example_branch_labels.py took 0.310 seconds
[2025-07-04T15:21:30.371+0530] {processor.py:157} INFO - Started process (PID=21219) to work on /Users/vaish/databorn_etl_project/retail_etl/etl_pipeline_project/venv/lib/python3.10/site-packages/airflow/example_dags/example_branch_labels.py
[2025-07-04T15:21:30.378+0530] {processor.py:829} INFO - Processing file /Users/vaish/databorn_etl_project/retail_etl/etl_pipeline_project/venv/lib/python3.10/site-packages/airflow/example_dags/example_branch_labels.py for tasks to queue
[2025-07-04T15:21:30.379+0530] {logging_mixin.py:154} INFO - [2025-07-04T15:21:30.378+0530] {dagbag.py:536} INFO - Filling up the DagBag from /Users/vaish/databorn_etl_project/retail_etl/etl_pipeline_project/venv/lib/python3.10/site-packages/airflow/example_dags/example_branch_labels.py
[2025-07-04T15:21:30.408+0530] {processor.py:839} INFO - DAG(s) dict_keys(['example_branch_labels']) retrieved from /Users/vaish/databorn_etl_project/retail_etl/etl_pipeline_project/venv/lib/python3.10/site-packages/airflow/example_dags/example_branch_labels.py
[2025-07-04T15:21:30.628+0530] {logging_mixin.py:154} INFO - [2025-07-04T15:21:30.628+0530] {dag.py:2941} INFO - Sync 1 DAGs
[2025-07-04T15:21:30.653+0530] {logging_mixin.py:154} INFO - [2025-07-04T15:21:30.653+0530] {dag.py:3722} INFO - Setting next_dagrun for example_branch_labels to 2025-07-03T00:00:00+00:00, run_after=2025-07-04T00:00:00+00:00
[2025-07-04T15:21:30.680+0530] {processor.py:179} INFO - Processing /Users/vaish/databorn_etl_project/retail_etl/etl_pipeline_project/venv/lib/python3.10/site-packages/airflow/example_dags/example_branch_labels.py took 0.310 seconds
[2025-07-04T15:24:56.636+0530] {processor.py:157} INFO - Started process (PID=21724) to work on /Users/vaish/databorn_etl_project/retail_etl/etl_pipeline_project/venv/lib/python3.10/site-packages/airflow/example_dags/example_branch_labels.py
[2025-07-04T15:24:56.637+0530] {processor.py:829} INFO - Processing file /Users/vaish/databorn_etl_project/retail_etl/etl_pipeline_project/venv/lib/python3.10/site-packages/airflow/example_dags/example_branch_labels.py for tasks to queue
[2025-07-04T15:24:56.637+0530] {logging_mixin.py:154} INFO - [2025-07-04T15:24:56.637+0530] {dagbag.py:536} INFO - Filling up the DagBag from /Users/vaish/databorn_etl_project/retail_etl/etl_pipeline_project/venv/lib/python3.10/site-packages/airflow/example_dags/example_branch_labels.py
[2025-07-04T15:24:56.665+0530] {processor.py:839} INFO - DAG(s) dict_keys(['example_branch_labels']) retrieved from /Users/vaish/databorn_etl_project/retail_etl/etl_pipeline_project/venv/lib/python3.10/site-packages/airflow/example_dags/example_branch_labels.py
[2025-07-04T15:24:56.724+0530] {logging_mixin.py:154} INFO - [2025-07-04T15:24:56.724+0530] {dag.py:2941} INFO - Sync 1 DAGs
[2025-07-04T15:24:56.840+0530] {logging_mixin.py:154} INFO - [2025-07-04T15:24:56.839+0530] {dag.py:3722} INFO - Setting next_dagrun for example_branch_labels to 2025-07-03T00:00:00+00:00, run_after=2025-07-04T00:00:00+00:00
[2025-07-04T15:24:56.865+0530] {processor.py:179} INFO - Processing /Users/vaish/databorn_etl_project/retail_etl/etl_pipeline_project/venv/lib/python3.10/site-packages/airflow/example_dags/example_branch_labels.py took 0.230 seconds
[2025-07-04T15:28:06.984+0530] {processor.py:157} INFO - Started process (PID=22159) to work on /Users/vaish/databorn_etl_project/retail_etl/etl_pipeline_project/venv/lib/python3.10/site-packages/airflow/example_dags/example_branch_labels.py
[2025-07-04T15:28:06.991+0530] {processor.py:829} INFO - Processing file /Users/vaish/databorn_etl_project/retail_etl/etl_pipeline_project/venv/lib/python3.10/site-packages/airflow/example_dags/example_branch_labels.py for tasks to queue
[2025-07-04T15:28:06.992+0530] {logging_mixin.py:154} INFO - [2025-07-04T15:28:06.991+0530] {dagbag.py:536} INFO - Filling up the DagBag from /Users/vaish/databorn_etl_project/retail_etl/etl_pipeline_project/venv/lib/python3.10/site-packages/airflow/example_dags/example_branch_labels.py
[2025-07-04T15:28:07.020+0530] {processor.py:839} INFO - DAG(s) dict_keys(['example_branch_labels']) retrieved from /Users/vaish/databorn_etl_project/retail_etl/etl_pipeline_project/venv/lib/python3.10/site-packages/airflow/example_dags/example_branch_labels.py
[2025-07-04T15:28:07.251+0530] {logging_mixin.py:154} INFO - [2025-07-04T15:28:07.251+0530] {dag.py:2941} INFO - Sync 1 DAGs
[2025-07-04T15:28:07.274+0530] {logging_mixin.py:154} INFO - [2025-07-04T15:28:07.273+0530] {dag.py:3722} INFO - Setting next_dagrun for example_branch_labels to 2025-07-03T00:00:00+00:00, run_after=2025-07-04T00:00:00+00:00
[2025-07-04T15:28:07.305+0530] {processor.py:179} INFO - Processing /Users/vaish/databorn_etl_project/retail_etl/etl_pipeline_project/venv/lib/python3.10/site-packages/airflow/example_dags/example_branch_labels.py took 0.322 seconds
[2025-07-04T15:28:43.581+0530] {processor.py:157} INFO - Started process (PID=22233) to work on /Users/vaish/databorn_etl_project/retail_etl/etl_pipeline_project/venv/lib/python3.10/site-packages/airflow/example_dags/example_branch_labels.py
[2025-07-04T15:28:43.582+0530] {processor.py:829} INFO - Processing file /Users/vaish/databorn_etl_project/retail_etl/etl_pipeline_project/venv/lib/python3.10/site-packages/airflow/example_dags/example_branch_labels.py for tasks to queue
[2025-07-04T15:28:43.583+0530] {logging_mixin.py:154} INFO - [2025-07-04T15:28:43.582+0530] {dagbag.py:536} INFO - Filling up the DagBag from /Users/vaish/databorn_etl_project/retail_etl/etl_pipeline_project/venv/lib/python3.10/site-packages/airflow/example_dags/example_branch_labels.py
[2025-07-04T15:28:43.612+0530] {processor.py:839} INFO - DAG(s) dict_keys(['example_branch_labels']) retrieved from /Users/vaish/databorn_etl_project/retail_etl/etl_pipeline_project/venv/lib/python3.10/site-packages/airflow/example_dags/example_branch_labels.py
[2025-07-04T15:28:43.863+0530] {logging_mixin.py:154} INFO - [2025-07-04T15:28:43.863+0530] {dag.py:2941} INFO - Sync 1 DAGs
[2025-07-04T15:28:43.889+0530] {logging_mixin.py:154} INFO - [2025-07-04T15:28:43.888+0530] {dag.py:3722} INFO - Setting next_dagrun for example_branch_labels to 2025-07-03T00:00:00+00:00, run_after=2025-07-04T00:00:00+00:00
[2025-07-04T15:28:43.917+0530] {processor.py:179} INFO - Processing /Users/vaish/databorn_etl_project/retail_etl/etl_pipeline_project/venv/lib/python3.10/site-packages/airflow/example_dags/example_branch_labels.py took 0.338 seconds
[2025-07-04T15:31:37.322+0530] {processor.py:157} INFO - Started process (PID=22601) to work on /Users/vaish/databorn_etl_project/retail_etl/etl_pipeline_project/venv/lib/python3.10/site-packages/airflow/example_dags/example_branch_labels.py
[2025-07-04T15:31:37.323+0530] {processor.py:829} INFO - Processing file /Users/vaish/databorn_etl_project/retail_etl/etl_pipeline_project/venv/lib/python3.10/site-packages/airflow/example_dags/example_branch_labels.py for tasks to queue
[2025-07-04T15:31:37.324+0530] {logging_mixin.py:154} INFO - [2025-07-04T15:31:37.324+0530] {dagbag.py:536} INFO - Filling up the DagBag from /Users/vaish/databorn_etl_project/retail_etl/etl_pipeline_project/venv/lib/python3.10/site-packages/airflow/example_dags/example_branch_labels.py
[2025-07-04T15:31:37.355+0530] {processor.py:839} INFO - DAG(s) dict_keys(['example_branch_labels']) retrieved from /Users/vaish/databorn_etl_project/retail_etl/etl_pipeline_project/venv/lib/python3.10/site-packages/airflow/example_dags/example_branch_labels.py
[2025-07-04T15:31:37.574+0530] {logging_mixin.py:154} INFO - [2025-07-04T15:31:37.574+0530] {dag.py:2941} INFO - Sync 1 DAGs
[2025-07-04T15:31:37.596+0530] {logging_mixin.py:154} INFO - [2025-07-04T15:31:37.596+0530] {dag.py:3722} INFO - Setting next_dagrun for example_branch_labels to 2025-07-03T00:00:00+00:00, run_after=2025-07-04T00:00:00+00:00
[2025-07-04T15:31:37.622+0530] {processor.py:179} INFO - Processing /Users/vaish/databorn_etl_project/retail_etl/etl_pipeline_project/venv/lib/python3.10/site-packages/airflow/example_dags/example_branch_labels.py took 0.302 seconds
[2025-07-04T15:32:22.235+0530] {processor.py:157} INFO - Started process (PID=22721) to work on /Users/vaish/databorn_etl_project/retail_etl/etl_pipeline_project/venv/lib/python3.10/site-packages/airflow/example_dags/example_branch_labels.py
[2025-07-04T15:32:22.242+0530] {processor.py:829} INFO - Processing file /Users/vaish/databorn_etl_project/retail_etl/etl_pipeline_project/venv/lib/python3.10/site-packages/airflow/example_dags/example_branch_labels.py for tasks to queue
[2025-07-04T15:32:22.243+0530] {logging_mixin.py:154} INFO - [2025-07-04T15:32:22.243+0530] {dagbag.py:536} INFO - Filling up the DagBag from /Users/vaish/databorn_etl_project/retail_etl/etl_pipeline_project/venv/lib/python3.10/site-packages/airflow/example_dags/example_branch_labels.py
[2025-07-04T15:32:22.286+0530] {processor.py:839} INFO - DAG(s) dict_keys(['example_branch_labels']) retrieved from /Users/vaish/databorn_etl_project/retail_etl/etl_pipeline_project/venv/lib/python3.10/site-packages/airflow/example_dags/example_branch_labels.py
[2025-07-04T15:32:22.527+0530] {logging_mixin.py:154} INFO - [2025-07-04T15:32:22.527+0530] {dag.py:2941} INFO - Sync 1 DAGs
[2025-07-04T15:32:22.549+0530] {logging_mixin.py:154} INFO - [2025-07-04T15:32:22.548+0530] {dag.py:3722} INFO - Setting next_dagrun for example_branch_labels to 2025-07-03T00:00:00+00:00, run_after=2025-07-04T00:00:00+00:00
[2025-07-04T15:32:22.572+0530] {processor.py:179} INFO - Processing /Users/vaish/databorn_etl_project/retail_etl/etl_pipeline_project/venv/lib/python3.10/site-packages/airflow/example_dags/example_branch_labels.py took 0.338 seconds
[2025-07-04T15:35:02.487+0530] {processor.py:157} INFO - Started process (PID=23065) to work on /Users/vaish/databorn_etl_project/retail_etl/etl_pipeline_project/venv/lib/python3.10/site-packages/airflow/example_dags/example_branch_labels.py
[2025-07-04T15:35:02.494+0530] {processor.py:829} INFO - Processing file /Users/vaish/databorn_etl_project/retail_etl/etl_pipeline_project/venv/lib/python3.10/site-packages/airflow/example_dags/example_branch_labels.py for tasks to queue
[2025-07-04T15:35:02.496+0530] {logging_mixin.py:154} INFO - [2025-07-04T15:35:02.495+0530] {dagbag.py:536} INFO - Filling up the DagBag from /Users/vaish/databorn_etl_project/retail_etl/etl_pipeline_project/venv/lib/python3.10/site-packages/airflow/example_dags/example_branch_labels.py
[2025-07-04T15:35:02.550+0530] {processor.py:839} INFO - DAG(s) dict_keys(['example_branch_labels']) retrieved from /Users/vaish/databorn_etl_project/retail_etl/etl_pipeline_project/venv/lib/python3.10/site-packages/airflow/example_dags/example_branch_labels.py
[2025-07-04T15:35:02.890+0530] {logging_mixin.py:154} INFO - [2025-07-04T15:35:02.889+0530] {dag.py:2941} INFO - Sync 1 DAGs
[2025-07-04T15:35:02.915+0530] {logging_mixin.py:154} INFO - [2025-07-04T15:35:02.915+0530] {dag.py:3722} INFO - Setting next_dagrun for example_branch_labels to 2025-07-03T00:00:00+00:00, run_after=2025-07-04T00:00:00+00:00
[2025-07-04T15:35:02.938+0530] {processor.py:179} INFO - Processing /Users/vaish/databorn_etl_project/retail_etl/etl_pipeline_project/venv/lib/python3.10/site-packages/airflow/example_dags/example_branch_labels.py took 0.453 seconds
[2025-07-04T15:35:49.018+0530] {processor.py:157} INFO - Started process (PID=23170) to work on /Users/vaish/databorn_etl_project/retail_etl/etl_pipeline_project/venv/lib/python3.10/site-packages/airflow/example_dags/example_branch_labels.py
[2025-07-04T15:35:49.024+0530] {processor.py:829} INFO - Processing file /Users/vaish/databorn_etl_project/retail_etl/etl_pipeline_project/venv/lib/python3.10/site-packages/airflow/example_dags/example_branch_labels.py for tasks to queue
[2025-07-04T15:35:49.026+0530] {logging_mixin.py:154} INFO - [2025-07-04T15:35:49.026+0530] {dagbag.py:536} INFO - Filling up the DagBag from /Users/vaish/databorn_etl_project/retail_etl/etl_pipeline_project/venv/lib/python3.10/site-packages/airflow/example_dags/example_branch_labels.py
[2025-07-04T15:35:49.055+0530] {processor.py:839} INFO - DAG(s) dict_keys(['example_branch_labels']) retrieved from /Users/vaish/databorn_etl_project/retail_etl/etl_pipeline_project/venv/lib/python3.10/site-packages/airflow/example_dags/example_branch_labels.py
[2025-07-04T15:35:49.267+0530] {logging_mixin.py:154} INFO - [2025-07-04T15:35:49.266+0530] {dag.py:2941} INFO - Sync 1 DAGs
[2025-07-04T15:35:49.288+0530] {logging_mixin.py:154} INFO - [2025-07-04T15:35:49.288+0530] {dag.py:3722} INFO - Setting next_dagrun for example_branch_labels to 2025-07-03T00:00:00+00:00, run_after=2025-07-04T00:00:00+00:00
[2025-07-04T15:35:49.314+0530] {processor.py:179} INFO - Processing /Users/vaish/databorn_etl_project/retail_etl/etl_pipeline_project/venv/lib/python3.10/site-packages/airflow/example_dags/example_branch_labels.py took 0.298 seconds
[2025-07-04T15:38:32.795+0530] {processor.py:157} INFO - Started process (PID=23536) to work on /Users/vaish/databorn_etl_project/retail_etl/etl_pipeline_project/venv/lib/python3.10/site-packages/airflow/example_dags/example_branch_labels.py
[2025-07-04T15:38:32.796+0530] {processor.py:829} INFO - Processing file /Users/vaish/databorn_etl_project/retail_etl/etl_pipeline_project/venv/lib/python3.10/site-packages/airflow/example_dags/example_branch_labels.py for tasks to queue
[2025-07-04T15:38:32.797+0530] {logging_mixin.py:154} INFO - [2025-07-04T15:38:32.797+0530] {dagbag.py:536} INFO - Filling up the DagBag from /Users/vaish/databorn_etl_project/retail_etl/etl_pipeline_project/venv/lib/python3.10/site-packages/airflow/example_dags/example_branch_labels.py
[2025-07-04T15:38:32.826+0530] {processor.py:839} INFO - DAG(s) dict_keys(['example_branch_labels']) retrieved from /Users/vaish/databorn_etl_project/retail_etl/etl_pipeline_project/venv/lib/python3.10/site-packages/airflow/example_dags/example_branch_labels.py
[2025-07-04T15:38:33.078+0530] {logging_mixin.py:154} INFO - [2025-07-04T15:38:33.078+0530] {dag.py:2941} INFO - Sync 1 DAGs
[2025-07-04T15:38:33.101+0530] {logging_mixin.py:154} INFO - [2025-07-04T15:38:33.101+0530] {dag.py:3722} INFO - Setting next_dagrun for example_branch_labels to 2025-07-03T00:00:00+00:00, run_after=2025-07-04T00:00:00+00:00
[2025-07-04T15:38:33.131+0530] {processor.py:179} INFO - Processing /Users/vaish/databorn_etl_project/retail_etl/etl_pipeline_project/venv/lib/python3.10/site-packages/airflow/example_dags/example_branch_labels.py took 0.337 seconds
[2025-07-04T15:39:21.470+0530] {processor.py:157} INFO - Started process (PID=23657) to work on /Users/vaish/databorn_etl_project/retail_etl/etl_pipeline_project/venv/lib/python3.10/site-packages/airflow/example_dags/example_branch_labels.py
[2025-07-04T15:39:21.477+0530] {processor.py:829} INFO - Processing file /Users/vaish/databorn_etl_project/retail_etl/etl_pipeline_project/venv/lib/python3.10/site-packages/airflow/example_dags/example_branch_labels.py for tasks to queue
[2025-07-04T15:39:21.478+0530] {logging_mixin.py:154} INFO - [2025-07-04T15:39:21.478+0530] {dagbag.py:536} INFO - Filling up the DagBag from /Users/vaish/databorn_etl_project/retail_etl/etl_pipeline_project/venv/lib/python3.10/site-packages/airflow/example_dags/example_branch_labels.py
[2025-07-04T15:39:21.510+0530] {processor.py:839} INFO - DAG(s) dict_keys(['example_branch_labels']) retrieved from /Users/vaish/databorn_etl_project/retail_etl/etl_pipeline_project/venv/lib/python3.10/site-packages/airflow/example_dags/example_branch_labels.py
[2025-07-04T15:39:21.747+0530] {logging_mixin.py:154} INFO - [2025-07-04T15:39:21.747+0530] {dag.py:2941} INFO - Sync 1 DAGs
[2025-07-04T15:39:21.771+0530] {logging_mixin.py:154} INFO - [2025-07-04T15:39:21.771+0530] {dag.py:3722} INFO - Setting next_dagrun for example_branch_labels to 2025-07-03T00:00:00+00:00, run_after=2025-07-04T00:00:00+00:00
[2025-07-04T15:39:21.799+0530] {processor.py:179} INFO - Processing /Users/vaish/databorn_etl_project/retail_etl/etl_pipeline_project/venv/lib/python3.10/site-packages/airflow/example_dags/example_branch_labels.py took 0.330 seconds
[2025-07-04T15:42:26.081+0530] {processor.py:157} INFO - Started process (PID=24103) to work on /Users/vaish/databorn_etl_project/retail_etl/etl_pipeline_project/venv/lib/python3.10/site-packages/airflow/example_dags/example_branch_labels.py
[2025-07-04T15:42:26.082+0530] {processor.py:829} INFO - Processing file /Users/vaish/databorn_etl_project/retail_etl/etl_pipeline_project/venv/lib/python3.10/site-packages/airflow/example_dags/example_branch_labels.py for tasks to queue
[2025-07-04T15:42:26.083+0530] {logging_mixin.py:154} INFO - [2025-07-04T15:42:26.083+0530] {dagbag.py:536} INFO - Filling up the DagBag from /Users/vaish/databorn_etl_project/retail_etl/etl_pipeline_project/venv/lib/python3.10/site-packages/airflow/example_dags/example_branch_labels.py
[2025-07-04T15:42:26.114+0530] {processor.py:839} INFO - DAG(s) dict_keys(['example_branch_labels']) retrieved from /Users/vaish/databorn_etl_project/retail_etl/etl_pipeline_project/venv/lib/python3.10/site-packages/airflow/example_dags/example_branch_labels.py
[2025-07-04T15:42:26.345+0530] {logging_mixin.py:154} INFO - [2025-07-04T15:42:26.345+0530] {dag.py:2941} INFO - Sync 1 DAGs
[2025-07-04T15:42:26.370+0530] {logging_mixin.py:154} INFO - [2025-07-04T15:42:26.370+0530] {dag.py:3722} INFO - Setting next_dagrun for example_branch_labels to 2025-07-03T00:00:00+00:00, run_after=2025-07-04T00:00:00+00:00
[2025-07-04T15:42:26.396+0530] {processor.py:179} INFO - Processing /Users/vaish/databorn_etl_project/retail_etl/etl_pipeline_project/venv/lib/python3.10/site-packages/airflow/example_dags/example_branch_labels.py took 0.317 seconds
[2025-07-04T15:43:08.623+0530] {processor.py:157} INFO - Started process (PID=24199) to work on /Users/vaish/databorn_etl_project/retail_etl/etl_pipeline_project/venv/lib/python3.10/site-packages/airflow/example_dags/example_branch_labels.py
[2025-07-04T15:43:08.624+0530] {processor.py:829} INFO - Processing file /Users/vaish/databorn_etl_project/retail_etl/etl_pipeline_project/venv/lib/python3.10/site-packages/airflow/example_dags/example_branch_labels.py for tasks to queue
[2025-07-04T15:43:08.625+0530] {logging_mixin.py:154} INFO - [2025-07-04T15:43:08.625+0530] {dagbag.py:536} INFO - Filling up the DagBag from /Users/vaish/databorn_etl_project/retail_etl/etl_pipeline_project/venv/lib/python3.10/site-packages/airflow/example_dags/example_branch_labels.py
[2025-07-04T15:43:08.659+0530] {processor.py:839} INFO - DAG(s) dict_keys(['example_branch_labels']) retrieved from /Users/vaish/databorn_etl_project/retail_etl/etl_pipeline_project/venv/lib/python3.10/site-packages/airflow/example_dags/example_branch_labels.py
[2025-07-04T15:43:08.905+0530] {logging_mixin.py:154} INFO - [2025-07-04T15:43:08.905+0530] {dag.py:2941} INFO - Sync 1 DAGs
[2025-07-04T15:43:08.936+0530] {logging_mixin.py:154} INFO - [2025-07-04T15:43:08.936+0530] {dag.py:3722} INFO - Setting next_dagrun for example_branch_labels to 2025-07-03T00:00:00+00:00, run_after=2025-07-04T00:00:00+00:00
[2025-07-04T15:43:08.959+0530] {processor.py:179} INFO - Processing /Users/vaish/databorn_etl_project/retail_etl/etl_pipeline_project/venv/lib/python3.10/site-packages/airflow/example_dags/example_branch_labels.py took 0.339 seconds
[2025-07-04T15:46:23.385+0530] {processor.py:157} INFO - Started process (PID=24722) to work on /Users/vaish/databorn_etl_project/retail_etl/etl_pipeline_project/venv/lib/python3.10/site-packages/airflow/example_dags/example_branch_labels.py
[2025-07-04T15:46:23.392+0530] {processor.py:829} INFO - Processing file /Users/vaish/databorn_etl_project/retail_etl/etl_pipeline_project/venv/lib/python3.10/site-packages/airflow/example_dags/example_branch_labels.py for tasks to queue
[2025-07-04T15:46:23.393+0530] {logging_mixin.py:154} INFO - [2025-07-04T15:46:23.393+0530] {dagbag.py:536} INFO - Filling up the DagBag from /Users/vaish/databorn_etl_project/retail_etl/etl_pipeline_project/venv/lib/python3.10/site-packages/airflow/example_dags/example_branch_labels.py
[2025-07-04T15:46:23.421+0530] {processor.py:839} INFO - DAG(s) dict_keys(['example_branch_labels']) retrieved from /Users/vaish/databorn_etl_project/retail_etl/etl_pipeline_project/venv/lib/python3.10/site-packages/airflow/example_dags/example_branch_labels.py
[2025-07-04T15:46:23.640+0530] {logging_mixin.py:154} INFO - [2025-07-04T15:46:23.639+0530] {dag.py:2941} INFO - Sync 1 DAGs
[2025-07-04T15:46:23.666+0530] {logging_mixin.py:154} INFO - [2025-07-04T15:46:23.665+0530] {dag.py:3722} INFO - Setting next_dagrun for example_branch_labels to 2025-07-03T00:00:00+00:00, run_after=2025-07-04T00:00:00+00:00
[2025-07-04T15:46:23.702+0530] {processor.py:179} INFO - Processing /Users/vaish/databorn_etl_project/retail_etl/etl_pipeline_project/venv/lib/python3.10/site-packages/airflow/example_dags/example_branch_labels.py took 0.318 seconds
[2025-07-04T15:46:52.782+0530] {processor.py:157} INFO - Started process (PID=24791) to work on /Users/vaish/databorn_etl_project/retail_etl/etl_pipeline_project/venv/lib/python3.10/site-packages/airflow/example_dags/example_branch_labels.py
[2025-07-04T15:46:52.783+0530] {processor.py:829} INFO - Processing file /Users/vaish/databorn_etl_project/retail_etl/etl_pipeline_project/venv/lib/python3.10/site-packages/airflow/example_dags/example_branch_labels.py for tasks to queue
[2025-07-04T15:46:52.784+0530] {logging_mixin.py:154} INFO - [2025-07-04T15:46:52.784+0530] {dagbag.py:536} INFO - Filling up the DagBag from /Users/vaish/databorn_etl_project/retail_etl/etl_pipeline_project/venv/lib/python3.10/site-packages/airflow/example_dags/example_branch_labels.py
[2025-07-04T15:46:52.812+0530] {processor.py:839} INFO - DAG(s) dict_keys(['example_branch_labels']) retrieved from /Users/vaish/databorn_etl_project/retail_etl/etl_pipeline_project/venv/lib/python3.10/site-packages/airflow/example_dags/example_branch_labels.py
[2025-07-04T15:46:53.026+0530] {logging_mixin.py:154} INFO - [2025-07-04T15:46:53.026+0530] {dag.py:2941} INFO - Sync 1 DAGs
[2025-07-04T15:46:53.048+0530] {logging_mixin.py:154} INFO - [2025-07-04T15:46:53.048+0530] {dag.py:3722} INFO - Setting next_dagrun for example_branch_labels to 2025-07-03T00:00:00+00:00, run_after=2025-07-04T00:00:00+00:00
[2025-07-04T15:46:53.074+0530] {processor.py:179} INFO - Processing /Users/vaish/databorn_etl_project/retail_etl/etl_pipeline_project/venv/lib/python3.10/site-packages/airflow/example_dags/example_branch_labels.py took 0.293 seconds
[2025-07-04T15:50:03.098+0530] {processor.py:157} INFO - Started process (PID=25260) to work on /Users/vaish/databorn_etl_project/retail_etl/etl_pipeline_project/venv/lib/python3.10/site-packages/airflow/example_dags/example_branch_labels.py
[2025-07-04T15:50:03.104+0530] {processor.py:829} INFO - Processing file /Users/vaish/databorn_etl_project/retail_etl/etl_pipeline_project/venv/lib/python3.10/site-packages/airflow/example_dags/example_branch_labels.py for tasks to queue
[2025-07-04T15:50:03.105+0530] {logging_mixin.py:154} INFO - [2025-07-04T15:50:03.105+0530] {dagbag.py:536} INFO - Filling up the DagBag from /Users/vaish/databorn_etl_project/retail_etl/etl_pipeline_project/venv/lib/python3.10/site-packages/airflow/example_dags/example_branch_labels.py
[2025-07-04T15:50:03.133+0530] {processor.py:839} INFO - DAG(s) dict_keys(['example_branch_labels']) retrieved from /Users/vaish/databorn_etl_project/retail_etl/etl_pipeline_project/venv/lib/python3.10/site-packages/airflow/example_dags/example_branch_labels.py
[2025-07-04T15:50:03.339+0530] {logging_mixin.py:154} INFO - [2025-07-04T15:50:03.339+0530] {dag.py:2941} INFO - Sync 1 DAGs
[2025-07-04T15:50:03.360+0530] {logging_mixin.py:154} INFO - [2025-07-04T15:50:03.360+0530] {dag.py:3722} INFO - Setting next_dagrun for example_branch_labels to 2025-07-03T00:00:00+00:00, run_after=2025-07-04T00:00:00+00:00
[2025-07-04T15:50:03.386+0530] {processor.py:179} INFO - Processing /Users/vaish/databorn_etl_project/retail_etl/etl_pipeline_project/venv/lib/python3.10/site-packages/airflow/example_dags/example_branch_labels.py took 0.290 seconds
[2025-07-04T15:50:40.617+0530] {processor.py:157} INFO - Started process (PID=25361) to work on /Users/vaish/databorn_etl_project/retail_etl/etl_pipeline_project/venv/lib/python3.10/site-packages/airflow/example_dags/example_branch_labels.py
[2025-07-04T15:50:40.618+0530] {processor.py:829} INFO - Processing file /Users/vaish/databorn_etl_project/retail_etl/etl_pipeline_project/venv/lib/python3.10/site-packages/airflow/example_dags/example_branch_labels.py for tasks to queue
[2025-07-04T15:50:40.619+0530] {logging_mixin.py:154} INFO - [2025-07-04T15:50:40.618+0530] {dagbag.py:536} INFO - Filling up the DagBag from /Users/vaish/databorn_etl_project/retail_etl/etl_pipeline_project/venv/lib/python3.10/site-packages/airflow/example_dags/example_branch_labels.py
[2025-07-04T15:50:40.648+0530] {processor.py:839} INFO - DAG(s) dict_keys(['example_branch_labels']) retrieved from /Users/vaish/databorn_etl_project/retail_etl/etl_pipeline_project/venv/lib/python3.10/site-packages/airflow/example_dags/example_branch_labels.py
[2025-07-04T15:50:40.869+0530] {logging_mixin.py:154} INFO - [2025-07-04T15:50:40.869+0530] {dag.py:2941} INFO - Sync 1 DAGs
[2025-07-04T15:50:40.891+0530] {logging_mixin.py:154} INFO - [2025-07-04T15:50:40.891+0530] {dag.py:3722} INFO - Setting next_dagrun for example_branch_labels to 2025-07-03T00:00:00+00:00, run_after=2025-07-04T00:00:00+00:00
[2025-07-04T15:50:40.918+0530] {processor.py:179} INFO - Processing /Users/vaish/databorn_etl_project/retail_etl/etl_pipeline_project/venv/lib/python3.10/site-packages/airflow/example_dags/example_branch_labels.py took 0.302 seconds
[2025-07-04T15:53:27.299+0530] {processor.py:157} INFO - Started process (PID=25746) to work on /Users/vaish/databorn_etl_project/retail_etl/etl_pipeline_project/venv/lib/python3.10/site-packages/airflow/example_dags/example_branch_labels.py
[2025-07-04T15:53:27.301+0530] {processor.py:829} INFO - Processing file /Users/vaish/databorn_etl_project/retail_etl/etl_pipeline_project/venv/lib/python3.10/site-packages/airflow/example_dags/example_branch_labels.py for tasks to queue
[2025-07-04T15:53:27.301+0530] {logging_mixin.py:154} INFO - [2025-07-04T15:53:27.301+0530] {dagbag.py:536} INFO - Filling up the DagBag from /Users/vaish/databorn_etl_project/retail_etl/etl_pipeline_project/venv/lib/python3.10/site-packages/airflow/example_dags/example_branch_labels.py
[2025-07-04T15:53:27.335+0530] {processor.py:839} INFO - DAG(s) dict_keys(['example_branch_labels']) retrieved from /Users/vaish/databorn_etl_project/retail_etl/etl_pipeline_project/venv/lib/python3.10/site-packages/airflow/example_dags/example_branch_labels.py
[2025-07-04T15:53:27.571+0530] {logging_mixin.py:154} INFO - [2025-07-04T15:53:27.570+0530] {dag.py:2941} INFO - Sync 1 DAGs
[2025-07-04T15:53:27.595+0530] {logging_mixin.py:154} INFO - [2025-07-04T15:53:27.594+0530] {dag.py:3722} INFO - Setting next_dagrun for example_branch_labels to 2025-07-03T00:00:00+00:00, run_after=2025-07-04T00:00:00+00:00
[2025-07-04T15:53:27.619+0530] {processor.py:179} INFO - Processing /Users/vaish/databorn_etl_project/retail_etl/etl_pipeline_project/venv/lib/python3.10/site-packages/airflow/example_dags/example_branch_labels.py took 0.321 seconds
[2025-07-04T15:54:05.559+0530] {processor.py:157} INFO - Started process (PID=25849) to work on /Users/vaish/databorn_etl_project/retail_etl/etl_pipeline_project/venv/lib/python3.10/site-packages/airflow/example_dags/example_branch_labels.py
[2025-07-04T15:54:05.560+0530] {processor.py:829} INFO - Processing file /Users/vaish/databorn_etl_project/retail_etl/etl_pipeline_project/venv/lib/python3.10/site-packages/airflow/example_dags/example_branch_labels.py for tasks to queue
[2025-07-04T15:54:05.561+0530] {logging_mixin.py:154} INFO - [2025-07-04T15:54:05.560+0530] {dagbag.py:536} INFO - Filling up the DagBag from /Users/vaish/databorn_etl_project/retail_etl/etl_pipeline_project/venv/lib/python3.10/site-packages/airflow/example_dags/example_branch_labels.py
[2025-07-04T15:54:05.588+0530] {processor.py:839} INFO - DAG(s) dict_keys(['example_branch_labels']) retrieved from /Users/vaish/databorn_etl_project/retail_etl/etl_pipeline_project/venv/lib/python3.10/site-packages/airflow/example_dags/example_branch_labels.py
[2025-07-04T15:54:05.798+0530] {logging_mixin.py:154} INFO - [2025-07-04T15:54:05.798+0530] {dag.py:2941} INFO - Sync 1 DAGs
[2025-07-04T15:54:05.819+0530] {logging_mixin.py:154} INFO - [2025-07-04T15:54:05.819+0530] {dag.py:3722} INFO - Setting next_dagrun for example_branch_labels to 2025-07-03T00:00:00+00:00, run_after=2025-07-04T00:00:00+00:00
[2025-07-04T15:54:05.845+0530] {processor.py:179} INFO - Processing /Users/vaish/databorn_etl_project/retail_etl/etl_pipeline_project/venv/lib/python3.10/site-packages/airflow/example_dags/example_branch_labels.py took 0.287 seconds
[2025-07-04T15:57:06.073+0530] {processor.py:157} INFO - Started process (PID=26911) to work on /Users/vaish/databorn_etl_project/retail_etl/etl_pipeline_project/venv/lib/python3.10/site-packages/airflow/example_dags/example_branch_labels.py
[2025-07-04T15:57:06.079+0530] {processor.py:829} INFO - Processing file /Users/vaish/databorn_etl_project/retail_etl/etl_pipeline_project/venv/lib/python3.10/site-packages/airflow/example_dags/example_branch_labels.py for tasks to queue
[2025-07-04T15:57:06.080+0530] {logging_mixin.py:154} INFO - [2025-07-04T15:57:06.080+0530] {dagbag.py:536} INFO - Filling up the DagBag from /Users/vaish/databorn_etl_project/retail_etl/etl_pipeline_project/venv/lib/python3.10/site-packages/airflow/example_dags/example_branch_labels.py
[2025-07-04T15:57:06.108+0530] {processor.py:839} INFO - DAG(s) dict_keys(['example_branch_labels']) retrieved from /Users/vaish/databorn_etl_project/retail_etl/etl_pipeline_project/venv/lib/python3.10/site-packages/airflow/example_dags/example_branch_labels.py
[2025-07-04T15:57:06.323+0530] {logging_mixin.py:154} INFO - [2025-07-04T15:57:06.323+0530] {dag.py:2941} INFO - Sync 1 DAGs
[2025-07-04T15:57:06.345+0530] {logging_mixin.py:154} INFO - [2025-07-04T15:57:06.345+0530] {dag.py:3722} INFO - Setting next_dagrun for example_branch_labels to 2025-07-03T00:00:00+00:00, run_after=2025-07-04T00:00:00+00:00
[2025-07-04T15:57:06.368+0530] {processor.py:179} INFO - Processing /Users/vaish/databorn_etl_project/retail_etl/etl_pipeline_project/venv/lib/python3.10/site-packages/airflow/example_dags/example_branch_labels.py took 0.296 seconds
[2025-07-04T15:57:37.894+0530] {processor.py:157} INFO - Started process (PID=27010) to work on /Users/vaish/databorn_etl_project/retail_etl/etl_pipeline_project/venv/lib/python3.10/site-packages/airflow/example_dags/example_branch_labels.py
[2025-07-04T15:57:37.895+0530] {processor.py:829} INFO - Processing file /Users/vaish/databorn_etl_project/retail_etl/etl_pipeline_project/venv/lib/python3.10/site-packages/airflow/example_dags/example_branch_labels.py for tasks to queue
[2025-07-04T15:57:37.896+0530] {logging_mixin.py:154} INFO - [2025-07-04T15:57:37.896+0530] {dagbag.py:536} INFO - Filling up the DagBag from /Users/vaish/databorn_etl_project/retail_etl/etl_pipeline_project/venv/lib/python3.10/site-packages/airflow/example_dags/example_branch_labels.py
[2025-07-04T15:57:37.923+0530] {processor.py:839} INFO - DAG(s) dict_keys(['example_branch_labels']) retrieved from /Users/vaish/databorn_etl_project/retail_etl/etl_pipeline_project/venv/lib/python3.10/site-packages/airflow/example_dags/example_branch_labels.py
[2025-07-04T15:57:38.143+0530] {logging_mixin.py:154} INFO - [2025-07-04T15:57:38.142+0530] {dag.py:2941} INFO - Sync 1 DAGs
[2025-07-04T15:57:38.166+0530] {logging_mixin.py:154} INFO - [2025-07-04T15:57:38.166+0530] {dag.py:3722} INFO - Setting next_dagrun for example_branch_labels to 2025-07-03T00:00:00+00:00, run_after=2025-07-04T00:00:00+00:00
[2025-07-04T15:57:38.193+0530] {processor.py:179} INFO - Processing /Users/vaish/databorn_etl_project/retail_etl/etl_pipeline_project/venv/lib/python3.10/site-packages/airflow/example_dags/example_branch_labels.py took 0.299 seconds
[2025-07-04T16:00:27.297+0530] {processor.py:157} INFO - Started process (PID=29282) to work on /Users/vaish/databorn_etl_project/retail_etl/etl_pipeline_project/venv/lib/python3.10/site-packages/airflow/example_dags/example_branch_labels.py
[2025-07-04T16:00:27.298+0530] {processor.py:829} INFO - Processing file /Users/vaish/databorn_etl_project/retail_etl/etl_pipeline_project/venv/lib/python3.10/site-packages/airflow/example_dags/example_branch_labels.py for tasks to queue
[2025-07-04T16:00:27.299+0530] {logging_mixin.py:154} INFO - [2025-07-04T16:00:27.299+0530] {dagbag.py:536} INFO - Filling up the DagBag from /Users/vaish/databorn_etl_project/retail_etl/etl_pipeline_project/venv/lib/python3.10/site-packages/airflow/example_dags/example_branch_labels.py
[2025-07-04T16:00:27.332+0530] {processor.py:839} INFO - DAG(s) dict_keys(['example_branch_labels']) retrieved from /Users/vaish/databorn_etl_project/retail_etl/etl_pipeline_project/venv/lib/python3.10/site-packages/airflow/example_dags/example_branch_labels.py
[2025-07-04T16:00:27.551+0530] {logging_mixin.py:154} INFO - [2025-07-04T16:00:27.551+0530] {dag.py:2941} INFO - Sync 1 DAGs
[2025-07-04T16:00:27.573+0530] {logging_mixin.py:154} INFO - [2025-07-04T16:00:27.573+0530] {dag.py:3722} INFO - Setting next_dagrun for example_branch_labels to 2025-07-03T00:00:00+00:00, run_after=2025-07-04T00:00:00+00:00
[2025-07-04T16:00:27.593+0530] {processor.py:179} INFO - Processing /Users/vaish/databorn_etl_project/retail_etl/etl_pipeline_project/venv/lib/python3.10/site-packages/airflow/example_dags/example_branch_labels.py took 0.298 seconds
[2025-07-04T16:00:59.334+0530] {processor.py:157} INFO - Started process (PID=29911) to work on /Users/vaish/databorn_etl_project/retail_etl/etl_pipeline_project/venv/lib/python3.10/site-packages/airflow/example_dags/example_branch_labels.py
[2025-07-04T16:00:59.335+0530] {processor.py:829} INFO - Processing file /Users/vaish/databorn_etl_project/retail_etl/etl_pipeline_project/venv/lib/python3.10/site-packages/airflow/example_dags/example_branch_labels.py for tasks to queue
[2025-07-04T16:00:59.336+0530] {logging_mixin.py:154} INFO - [2025-07-04T16:00:59.336+0530] {dagbag.py:536} INFO - Filling up the DagBag from /Users/vaish/databorn_etl_project/retail_etl/etl_pipeline_project/venv/lib/python3.10/site-packages/airflow/example_dags/example_branch_labels.py
[2025-07-04T16:00:59.363+0530] {processor.py:839} INFO - DAG(s) dict_keys(['example_branch_labels']) retrieved from /Users/vaish/databorn_etl_project/retail_etl/etl_pipeline_project/venv/lib/python3.10/site-packages/airflow/example_dags/example_branch_labels.py
[2025-07-04T16:00:59.594+0530] {logging_mixin.py:154} INFO - [2025-07-04T16:00:59.594+0530] {dag.py:2941} INFO - Sync 1 DAGs
[2025-07-04T16:00:59.615+0530] {logging_mixin.py:154} INFO - [2025-07-04T16:00:59.615+0530] {dag.py:3722} INFO - Setting next_dagrun for example_branch_labels to 2025-07-03T00:00:00+00:00, run_after=2025-07-04T00:00:00+00:00
[2025-07-04T16:00:59.637+0530] {processor.py:179} INFO - Processing /Users/vaish/databorn_etl_project/retail_etl/etl_pipeline_project/venv/lib/python3.10/site-packages/airflow/example_dags/example_branch_labels.py took 0.304 seconds
[2025-07-04T16:03:56.952+0530] {processor.py:157} INFO - Started process (PID=31217) to work on /Users/vaish/databorn_etl_project/retail_etl/etl_pipeline_project/venv/lib/python3.10/site-packages/airflow/example_dags/example_branch_labels.py
[2025-07-04T16:03:56.959+0530] {processor.py:829} INFO - Processing file /Users/vaish/databorn_etl_project/retail_etl/etl_pipeline_project/venv/lib/python3.10/site-packages/airflow/example_dags/example_branch_labels.py for tasks to queue
[2025-07-04T16:03:56.961+0530] {logging_mixin.py:154} INFO - [2025-07-04T16:03:56.960+0530] {dagbag.py:536} INFO - Filling up the DagBag from /Users/vaish/databorn_etl_project/retail_etl/etl_pipeline_project/venv/lib/python3.10/site-packages/airflow/example_dags/example_branch_labels.py
[2025-07-04T16:03:56.991+0530] {processor.py:839} INFO - DAG(s) dict_keys(['example_branch_labels']) retrieved from /Users/vaish/databorn_etl_project/retail_etl/etl_pipeline_project/venv/lib/python3.10/site-packages/airflow/example_dags/example_branch_labels.py
[2025-07-04T16:03:57.215+0530] {logging_mixin.py:154} INFO - [2025-07-04T16:03:57.214+0530] {dag.py:2941} INFO - Sync 1 DAGs
[2025-07-04T16:03:57.243+0530] {logging_mixin.py:154} INFO - [2025-07-04T16:03:57.243+0530] {dag.py:3722} INFO - Setting next_dagrun for example_branch_labels to 2025-07-03T00:00:00+00:00, run_after=2025-07-04T00:00:00+00:00
[2025-07-04T16:03:57.271+0530] {processor.py:179} INFO - Processing /Users/vaish/databorn_etl_project/retail_etl/etl_pipeline_project/venv/lib/python3.10/site-packages/airflow/example_dags/example_branch_labels.py took 0.320 seconds
[2025-07-04T16:04:30.412+0530] {processor.py:157} INFO - Started process (PID=31295) to work on /Users/vaish/databorn_etl_project/retail_etl/etl_pipeline_project/venv/lib/python3.10/site-packages/airflow/example_dags/example_branch_labels.py
[2025-07-04T16:04:30.415+0530] {processor.py:829} INFO - Processing file /Users/vaish/databorn_etl_project/retail_etl/etl_pipeline_project/venv/lib/python3.10/site-packages/airflow/example_dags/example_branch_labels.py for tasks to queue
[2025-07-04T16:04:30.416+0530] {logging_mixin.py:154} INFO - [2025-07-04T16:04:30.416+0530] {dagbag.py:536} INFO - Filling up the DagBag from /Users/vaish/databorn_etl_project/retail_etl/etl_pipeline_project/venv/lib/python3.10/site-packages/airflow/example_dags/example_branch_labels.py
[2025-07-04T16:04:30.445+0530] {processor.py:839} INFO - DAG(s) dict_keys(['example_branch_labels']) retrieved from /Users/vaish/databorn_etl_project/retail_etl/etl_pipeline_project/venv/lib/python3.10/site-packages/airflow/example_dags/example_branch_labels.py
[2025-07-04T16:04:30.704+0530] {logging_mixin.py:154} INFO - [2025-07-04T16:04:30.704+0530] {dag.py:2941} INFO - Sync 1 DAGs
[2025-07-04T16:04:30.731+0530] {logging_mixin.py:154} INFO - [2025-07-04T16:04:30.730+0530] {dag.py:3722} INFO - Setting next_dagrun for example_branch_labels to 2025-07-03T00:00:00+00:00, run_after=2025-07-04T00:00:00+00:00
[2025-07-04T16:04:30.769+0530] {processor.py:179} INFO - Processing /Users/vaish/databorn_etl_project/retail_etl/etl_pipeline_project/venv/lib/python3.10/site-packages/airflow/example_dags/example_branch_labels.py took 0.358 seconds
[2025-07-04T16:07:46.881+0530] {processor.py:157} INFO - Started process (PID=32141) to work on /Users/vaish/databorn_etl_project/retail_etl/etl_pipeline_project/venv/lib/python3.10/site-packages/airflow/example_dags/example_branch_labels.py
[2025-07-04T16:07:46.888+0530] {processor.py:829} INFO - Processing file /Users/vaish/databorn_etl_project/retail_etl/etl_pipeline_project/venv/lib/python3.10/site-packages/airflow/example_dags/example_branch_labels.py for tasks to queue
[2025-07-04T16:07:46.889+0530] {logging_mixin.py:154} INFO - [2025-07-04T16:07:46.889+0530] {dagbag.py:536} INFO - Filling up the DagBag from /Users/vaish/databorn_etl_project/retail_etl/etl_pipeline_project/venv/lib/python3.10/site-packages/airflow/example_dags/example_branch_labels.py
[2025-07-04T16:07:46.921+0530] {processor.py:839} INFO - DAG(s) dict_keys(['example_branch_labels']) retrieved from /Users/vaish/databorn_etl_project/retail_etl/etl_pipeline_project/venv/lib/python3.10/site-packages/airflow/example_dags/example_branch_labels.py
[2025-07-04T16:07:47.180+0530] {logging_mixin.py:154} INFO - [2025-07-04T16:07:47.180+0530] {dag.py:2941} INFO - Sync 1 DAGs
[2025-07-04T16:07:47.203+0530] {logging_mixin.py:154} INFO - [2025-07-04T16:07:47.202+0530] {dag.py:3722} INFO - Setting next_dagrun for example_branch_labels to 2025-07-03T00:00:00+00:00, run_after=2025-07-04T00:00:00+00:00
[2025-07-04T16:07:47.224+0530] {processor.py:179} INFO - Processing /Users/vaish/databorn_etl_project/retail_etl/etl_pipeline_project/venv/lib/python3.10/site-packages/airflow/example_dags/example_branch_labels.py took 0.344 seconds
[2025-07-04T16:08:20.978+0530] {processor.py:157} INFO - Started process (PID=32276) to work on /Users/vaish/databorn_etl_project/retail_etl/etl_pipeline_project/venv/lib/python3.10/site-packages/airflow/example_dags/example_branch_labels.py
[2025-07-04T16:08:20.979+0530] {processor.py:829} INFO - Processing file /Users/vaish/databorn_etl_project/retail_etl/etl_pipeline_project/venv/lib/python3.10/site-packages/airflow/example_dags/example_branch_labels.py for tasks to queue
[2025-07-04T16:08:20.980+0530] {logging_mixin.py:154} INFO - [2025-07-04T16:08:20.980+0530] {dagbag.py:536} INFO - Filling up the DagBag from /Users/vaish/databorn_etl_project/retail_etl/etl_pipeline_project/venv/lib/python3.10/site-packages/airflow/example_dags/example_branch_labels.py
[2025-07-04T16:08:21.010+0530] {processor.py:839} INFO - DAG(s) dict_keys(['example_branch_labels']) retrieved from /Users/vaish/databorn_etl_project/retail_etl/etl_pipeline_project/venv/lib/python3.10/site-packages/airflow/example_dags/example_branch_labels.py
[2025-07-04T16:08:21.255+0530] {logging_mixin.py:154} INFO - [2025-07-04T16:08:21.255+0530] {dag.py:2941} INFO - Sync 1 DAGs
[2025-07-04T16:08:21.277+0530] {logging_mixin.py:154} INFO - [2025-07-04T16:08:21.277+0530] {dag.py:3722} INFO - Setting next_dagrun for example_branch_labels to 2025-07-03T00:00:00+00:00, run_after=2025-07-04T00:00:00+00:00
[2025-07-04T16:08:21.304+0530] {processor.py:179} INFO - Processing /Users/vaish/databorn_etl_project/retail_etl/etl_pipeline_project/venv/lib/python3.10/site-packages/airflow/example_dags/example_branch_labels.py took 0.327 seconds
[2025-07-04T16:12:00.414+0530] {processor.py:157} INFO - Started process (PID=33088) to work on /Users/vaish/databorn_etl_project/retail_etl/etl_pipeline_project/venv/lib/python3.10/site-packages/airflow/example_dags/example_branch_labels.py
[2025-07-04T16:12:00.420+0530] {processor.py:829} INFO - Processing file /Users/vaish/databorn_etl_project/retail_etl/etl_pipeline_project/venv/lib/python3.10/site-packages/airflow/example_dags/example_branch_labels.py for tasks to queue
[2025-07-04T16:12:00.421+0530] {logging_mixin.py:154} INFO - [2025-07-04T16:12:00.421+0530] {dagbag.py:536} INFO - Filling up the DagBag from /Users/vaish/databorn_etl_project/retail_etl/etl_pipeline_project/venv/lib/python3.10/site-packages/airflow/example_dags/example_branch_labels.py
[2025-07-04T16:12:00.454+0530] {processor.py:839} INFO - DAG(s) dict_keys(['example_branch_labels']) retrieved from /Users/vaish/databorn_etl_project/retail_etl/etl_pipeline_project/venv/lib/python3.10/site-packages/airflow/example_dags/example_branch_labels.py
[2025-07-04T16:12:00.683+0530] {logging_mixin.py:154} INFO - [2025-07-04T16:12:00.683+0530] {dag.py:2941} INFO - Sync 1 DAGs
[2025-07-04T16:12:00.707+0530] {logging_mixin.py:154} INFO - [2025-07-04T16:12:00.707+0530] {dag.py:3722} INFO - Setting next_dagrun for example_branch_labels to 2025-07-03T00:00:00+00:00, run_after=2025-07-04T00:00:00+00:00
[2025-07-04T16:12:00.734+0530] {processor.py:179} INFO - Processing /Users/vaish/databorn_etl_project/retail_etl/etl_pipeline_project/venv/lib/python3.10/site-packages/airflow/example_dags/example_branch_labels.py took 0.322 seconds
[2025-07-04T16:13:24.440+0530] {processor.py:157} INFO - Started process (PID=33319) to work on /Users/vaish/databorn_etl_project/retail_etl/etl_pipeline_project/venv/lib/python3.10/site-packages/airflow/example_dags/example_branch_labels.py
[2025-07-04T16:13:24.446+0530] {processor.py:829} INFO - Processing file /Users/vaish/databorn_etl_project/retail_etl/etl_pipeline_project/venv/lib/python3.10/site-packages/airflow/example_dags/example_branch_labels.py for tasks to queue
[2025-07-04T16:13:24.447+0530] {logging_mixin.py:154} INFO - [2025-07-04T16:13:24.447+0530] {dagbag.py:536} INFO - Filling up the DagBag from /Users/vaish/databorn_etl_project/retail_etl/etl_pipeline_project/venv/lib/python3.10/site-packages/airflow/example_dags/example_branch_labels.py
[2025-07-04T16:13:24.478+0530] {processor.py:839} INFO - DAG(s) dict_keys(['example_branch_labels']) retrieved from /Users/vaish/databorn_etl_project/retail_etl/etl_pipeline_project/venv/lib/python3.10/site-packages/airflow/example_dags/example_branch_labels.py
[2025-07-04T16:13:24.706+0530] {logging_mixin.py:154} INFO - [2025-07-04T16:13:24.706+0530] {dag.py:2941} INFO - Sync 1 DAGs
[2025-07-04T16:13:24.729+0530] {logging_mixin.py:154} INFO - [2025-07-04T16:13:24.729+0530] {dag.py:3722} INFO - Setting next_dagrun for example_branch_labels to 2025-07-03T00:00:00+00:00, run_after=2025-07-04T00:00:00+00:00
[2025-07-04T16:13:24.752+0530] {processor.py:179} INFO - Processing /Users/vaish/databorn_etl_project/retail_etl/etl_pipeline_project/venv/lib/python3.10/site-packages/airflow/example_dags/example_branch_labels.py took 0.313 seconds
[2025-07-04T16:15:41.719+0530] {processor.py:157} INFO - Started process (PID=33638) to work on /Users/vaish/databorn_etl_project/retail_etl/etl_pipeline_project/venv/lib/python3.10/site-packages/airflow/example_dags/example_branch_labels.py
[2025-07-04T16:15:41.721+0530] {processor.py:829} INFO - Processing file /Users/vaish/databorn_etl_project/retail_etl/etl_pipeline_project/venv/lib/python3.10/site-packages/airflow/example_dags/example_branch_labels.py for tasks to queue
[2025-07-04T16:15:41.721+0530] {logging_mixin.py:154} INFO - [2025-07-04T16:15:41.721+0530] {dagbag.py:536} INFO - Filling up the DagBag from /Users/vaish/databorn_etl_project/retail_etl/etl_pipeline_project/venv/lib/python3.10/site-packages/airflow/example_dags/example_branch_labels.py
[2025-07-04T16:15:41.753+0530] {processor.py:839} INFO - DAG(s) dict_keys(['example_branch_labels']) retrieved from /Users/vaish/databorn_etl_project/retail_etl/etl_pipeline_project/venv/lib/python3.10/site-packages/airflow/example_dags/example_branch_labels.py
[2025-07-04T16:15:42.027+0530] {logging_mixin.py:154} INFO - [2025-07-04T16:15:42.027+0530] {dag.py:2941} INFO - Sync 1 DAGs
[2025-07-04T16:15:42.055+0530] {logging_mixin.py:154} INFO - [2025-07-04T16:15:42.054+0530] {dag.py:3722} INFO - Setting next_dagrun for example_branch_labels to 2025-07-03T00:00:00+00:00, run_after=2025-07-04T00:00:00+00:00
[2025-07-04T16:15:42.079+0530] {processor.py:179} INFO - Processing /Users/vaish/databorn_etl_project/retail_etl/etl_pipeline_project/venv/lib/python3.10/site-packages/airflow/example_dags/example_branch_labels.py took 0.360 seconds
