[2025-07-04T14:05:28.390+0530] {processor.py:157} INFO - Started process (PID=11682) to work on /Users/vaish/databorn_etl_project/retail_etl/etl_pipeline_project/venv/lib/python3.10/site-packages/airflow/example_dags/example_kubernetes_executor.py
[2025-07-04T14:05:28.391+0530] {processor.py:829} INFO - Processing file /Users/vaish/databorn_etl_project/retail_etl/etl_pipeline_project/venv/lib/python3.10/site-packages/airflow/example_dags/example_kubernetes_executor.py for tasks to queue
[2025-07-04T14:05:28.391+0530] {logging_mixin.py:154} INFO - [2025-07-04T14:05:28.391+0530] {dagbag.py:536} INFO - Filling up the DagBag from /Users/vaish/databorn_etl_project/retail_etl/etl_pipeline_project/venv/lib/python3.10/site-packages/airflow/example_dags/example_kubernetes_executor.py
[2025-07-04T14:05:28.448+0530] {logging_mixin.py:154} INFO - [2025-07-04T14:05:28.448+0530] {example_kubernetes_executor.py:38} WARNING - The example_kubernetes_executor example DAG requires the kubernetes provider. Please install it with: pip install apache-airflow[cncf.kubernetes]
[2025-07-04T14:05:28.448+0530] {processor.py:841} WARNING - No viable dags retrieved from /Users/vaish/databorn_etl_project/retail_etl/etl_pipeline_project/venv/lib/python3.10/site-packages/airflow/example_dags/example_kubernetes_executor.py
[2025-07-04T14:05:28.592+0530] {processor.py:179} INFO - Processing /Users/vaish/databorn_etl_project/retail_etl/etl_pipeline_project/venv/lib/python3.10/site-packages/airflow/example_dags/example_kubernetes_executor.py took 0.204 seconds
[2025-07-04T14:08:05.542+0530] {processor.py:157} INFO - Started process (PID=11890) to work on /Users/vaish/databorn_etl_project/retail_etl/etl_pipeline_project/venv/lib/python3.10/site-packages/airflow/example_dags/example_kubernetes_executor.py
[2025-07-04T14:08:05.549+0530] {processor.py:829} INFO - Processing file /Users/vaish/databorn_etl_project/retail_etl/etl_pipeline_project/venv/lib/python3.10/site-packages/airflow/example_dags/example_kubernetes_executor.py for tasks to queue
[2025-07-04T14:08:05.550+0530] {logging_mixin.py:154} INFO - [2025-07-04T14:08:05.550+0530] {dagbag.py:536} INFO - Filling up the DagBag from /Users/vaish/databorn_etl_project/retail_etl/etl_pipeline_project/venv/lib/python3.10/site-packages/airflow/example_dags/example_kubernetes_executor.py
[2025-07-04T14:08:05.610+0530] {logging_mixin.py:154} INFO - [2025-07-04T14:08:05.610+0530] {example_kubernetes_executor.py:38} WARNING - The example_kubernetes_executor example DAG requires the kubernetes provider. Please install it with: pip install apache-airflow[cncf.kubernetes]
[2025-07-04T14:08:05.610+0530] {processor.py:841} WARNING - No viable dags retrieved from /Users/vaish/databorn_etl_project/retail_etl/etl_pipeline_project/venv/lib/python3.10/site-packages/airflow/example_dags/example_kubernetes_executor.py
[2025-07-04T14:08:05.760+0530] {processor.py:179} INFO - Processing /Users/vaish/databorn_etl_project/retail_etl/etl_pipeline_project/venv/lib/python3.10/site-packages/airflow/example_dags/example_kubernetes_executor.py took 0.220 seconds
[2025-07-04T14:11:47.809+0530] {processor.py:157} INFO - Started process (PID=12236) to work on /Users/vaish/databorn_etl_project/retail_etl/etl_pipeline_project/venv/lib/python3.10/site-packages/airflow/example_dags/example_kubernetes_executor.py
[2025-07-04T14:11:47.810+0530] {processor.py:829} INFO - Processing file /Users/vaish/databorn_etl_project/retail_etl/etl_pipeline_project/venv/lib/python3.10/site-packages/airflow/example_dags/example_kubernetes_executor.py for tasks to queue
[2025-07-04T14:11:47.811+0530] {logging_mixin.py:154} INFO - [2025-07-04T14:11:47.810+0530] {dagbag.py:536} INFO - Filling up the DagBag from /Users/vaish/databorn_etl_project/retail_etl/etl_pipeline_project/venv/lib/python3.10/site-packages/airflow/example_dags/example_kubernetes_executor.py
[2025-07-04T14:11:47.868+0530] {logging_mixin.py:154} INFO - [2025-07-04T14:11:47.868+0530] {example_kubernetes_executor.py:38} WARNING - The example_kubernetes_executor example DAG requires the kubernetes provider. Please install it with: pip install apache-airflow[cncf.kubernetes]
[2025-07-04T14:11:47.869+0530] {processor.py:841} WARNING - No viable dags retrieved from /Users/vaish/databorn_etl_project/retail_etl/etl_pipeline_project/venv/lib/python3.10/site-packages/airflow/example_dags/example_kubernetes_executor.py
[2025-07-04T14:11:48.011+0530] {processor.py:179} INFO - Processing /Users/vaish/databorn_etl_project/retail_etl/etl_pipeline_project/venv/lib/python3.10/site-packages/airflow/example_dags/example_kubernetes_executor.py took 0.203 seconds
[2025-07-04T14:14:26.243+0530] {processor.py:157} INFO - Started process (PID=12506) to work on /Users/vaish/databorn_etl_project/retail_etl/etl_pipeline_project/venv/lib/python3.10/site-packages/airflow/example_dags/example_kubernetes_executor.py
[2025-07-04T14:14:26.250+0530] {processor.py:829} INFO - Processing file /Users/vaish/databorn_etl_project/retail_etl/etl_pipeline_project/venv/lib/python3.10/site-packages/airflow/example_dags/example_kubernetes_executor.py for tasks to queue
[2025-07-04T14:14:26.251+0530] {logging_mixin.py:154} INFO - [2025-07-04T14:14:26.251+0530] {dagbag.py:536} INFO - Filling up the DagBag from /Users/vaish/databorn_etl_project/retail_etl/etl_pipeline_project/venv/lib/python3.10/site-packages/airflow/example_dags/example_kubernetes_executor.py
[2025-07-04T14:14:26.300+0530] {logging_mixin.py:154} INFO - [2025-07-04T14:14:26.300+0530] {example_kubernetes_executor.py:38} WARNING - The example_kubernetes_executor example DAG requires the kubernetes provider. Please install it with: pip install apache-airflow[cncf.kubernetes]
[2025-07-04T14:14:26.300+0530] {processor.py:841} WARNING - No viable dags retrieved from /Users/vaish/databorn_etl_project/retail_etl/etl_pipeline_project/venv/lib/python3.10/site-packages/airflow/example_dags/example_kubernetes_executor.py
[2025-07-04T14:14:26.438+0530] {processor.py:179} INFO - Processing /Users/vaish/databorn_etl_project/retail_etl/etl_pipeline_project/venv/lib/python3.10/site-packages/airflow/example_dags/example_kubernetes_executor.py took 0.196 seconds
[2025-07-04T14:17:26.351+0530] {processor.py:157} INFO - Started process (PID=12756) to work on /Users/vaish/databorn_etl_project/retail_etl/etl_pipeline_project/venv/lib/python3.10/site-packages/airflow/example_dags/example_kubernetes_executor.py
[2025-07-04T14:17:26.352+0530] {processor.py:829} INFO - Processing file /Users/vaish/databorn_etl_project/retail_etl/etl_pipeline_project/venv/lib/python3.10/site-packages/airflow/example_dags/example_kubernetes_executor.py for tasks to queue
[2025-07-04T14:17:26.352+0530] {logging_mixin.py:154} INFO - [2025-07-04T14:17:26.352+0530] {dagbag.py:536} INFO - Filling up the DagBag from /Users/vaish/databorn_etl_project/retail_etl/etl_pipeline_project/venv/lib/python3.10/site-packages/airflow/example_dags/example_kubernetes_executor.py
[2025-07-04T14:17:26.400+0530] {logging_mixin.py:154} INFO - [2025-07-04T14:17:26.400+0530] {example_kubernetes_executor.py:38} WARNING - The example_kubernetes_executor example DAG requires the kubernetes provider. Please install it with: pip install apache-airflow[cncf.kubernetes]
[2025-07-04T14:17:26.400+0530] {processor.py:841} WARNING - No viable dags retrieved from /Users/vaish/databorn_etl_project/retail_etl/etl_pipeline_project/venv/lib/python3.10/site-packages/airflow/example_dags/example_kubernetes_executor.py
[2025-07-04T14:17:26.535+0530] {processor.py:179} INFO - Processing /Users/vaish/databorn_etl_project/retail_etl/etl_pipeline_project/venv/lib/python3.10/site-packages/airflow/example_dags/example_kubernetes_executor.py took 0.186 seconds
[2025-07-04T14:20:38.655+0530] {processor.py:157} INFO - Started process (PID=13064) to work on /Users/vaish/databorn_etl_project/retail_etl/etl_pipeline_project/venv/lib/python3.10/site-packages/airflow/example_dags/example_kubernetes_executor.py
[2025-07-04T14:20:38.662+0530] {processor.py:829} INFO - Processing file /Users/vaish/databorn_etl_project/retail_etl/etl_pipeline_project/venv/lib/python3.10/site-packages/airflow/example_dags/example_kubernetes_executor.py for tasks to queue
[2025-07-04T14:20:38.663+0530] {logging_mixin.py:154} INFO - [2025-07-04T14:20:38.663+0530] {dagbag.py:536} INFO - Filling up the DagBag from /Users/vaish/databorn_etl_project/retail_etl/etl_pipeline_project/venv/lib/python3.10/site-packages/airflow/example_dags/example_kubernetes_executor.py
[2025-07-04T14:20:38.712+0530] {logging_mixin.py:154} INFO - [2025-07-04T14:20:38.712+0530] {example_kubernetes_executor.py:38} WARNING - The example_kubernetes_executor example DAG requires the kubernetes provider. Please install it with: pip install apache-airflow[cncf.kubernetes]
[2025-07-04T14:20:38.712+0530] {processor.py:841} WARNING - No viable dags retrieved from /Users/vaish/databorn_etl_project/retail_etl/etl_pipeline_project/venv/lib/python3.10/site-packages/airflow/example_dags/example_kubernetes_executor.py
[2025-07-04T14:20:38.855+0530] {processor.py:179} INFO - Processing /Users/vaish/databorn_etl_project/retail_etl/etl_pipeline_project/venv/lib/python3.10/site-packages/airflow/example_dags/example_kubernetes_executor.py took 0.202 seconds
[2025-07-04T14:24:01.069+0530] {processor.py:157} INFO - Started process (PID=13473) to work on /Users/vaish/databorn_etl_project/retail_etl/etl_pipeline_project/venv/lib/python3.10/site-packages/airflow/example_dags/example_kubernetes_executor.py
[2025-07-04T14:24:01.070+0530] {processor.py:829} INFO - Processing file /Users/vaish/databorn_etl_project/retail_etl/etl_pipeline_project/venv/lib/python3.10/site-packages/airflow/example_dags/example_kubernetes_executor.py for tasks to queue
[2025-07-04T14:24:01.071+0530] {logging_mixin.py:154} INFO - [2025-07-04T14:24:01.071+0530] {dagbag.py:536} INFO - Filling up the DagBag from /Users/vaish/databorn_etl_project/retail_etl/etl_pipeline_project/venv/lib/python3.10/site-packages/airflow/example_dags/example_kubernetes_executor.py
[2025-07-04T14:24:01.123+0530] {logging_mixin.py:154} INFO - [2025-07-04T14:24:01.123+0530] {example_kubernetes_executor.py:38} WARNING - The example_kubernetes_executor example DAG requires the kubernetes provider. Please install it with: pip install apache-airflow[cncf.kubernetes]
[2025-07-04T14:24:01.123+0530] {processor.py:841} WARNING - No viable dags retrieved from /Users/vaish/databorn_etl_project/retail_etl/etl_pipeline_project/venv/lib/python3.10/site-packages/airflow/example_dags/example_kubernetes_executor.py
[2025-07-04T14:24:01.274+0530] {processor.py:179} INFO - Processing /Users/vaish/databorn_etl_project/retail_etl/etl_pipeline_project/venv/lib/python3.10/site-packages/airflow/example_dags/example_kubernetes_executor.py took 0.207 seconds
[2025-07-04T14:27:24.411+0530] {processor.py:157} INFO - Started process (PID=13744) to work on /Users/vaish/databorn_etl_project/retail_etl/etl_pipeline_project/venv/lib/python3.10/site-packages/airflow/example_dags/example_kubernetes_executor.py
[2025-07-04T14:27:24.412+0530] {processor.py:829} INFO - Processing file /Users/vaish/databorn_etl_project/retail_etl/etl_pipeline_project/venv/lib/python3.10/site-packages/airflow/example_dags/example_kubernetes_executor.py for tasks to queue
[2025-07-04T14:27:24.413+0530] {logging_mixin.py:154} INFO - [2025-07-04T14:27:24.413+0530] {dagbag.py:536} INFO - Filling up the DagBag from /Users/vaish/databorn_etl_project/retail_etl/etl_pipeline_project/venv/lib/python3.10/site-packages/airflow/example_dags/example_kubernetes_executor.py
[2025-07-04T14:27:24.466+0530] {logging_mixin.py:154} INFO - [2025-07-04T14:27:24.466+0530] {example_kubernetes_executor.py:38} WARNING - The example_kubernetes_executor example DAG requires the kubernetes provider. Please install it with: pip install apache-airflow[cncf.kubernetes]
[2025-07-04T14:27:24.466+0530] {processor.py:841} WARNING - No viable dags retrieved from /Users/vaish/databorn_etl_project/retail_etl/etl_pipeline_project/venv/lib/python3.10/site-packages/airflow/example_dags/example_kubernetes_executor.py
[2025-07-04T14:27:24.617+0530] {processor.py:179} INFO - Processing /Users/vaish/databorn_etl_project/retail_etl/etl_pipeline_project/venv/lib/python3.10/site-packages/airflow/example_dags/example_kubernetes_executor.py took 0.207 seconds
[2025-07-04T14:30:58.562+0530] {processor.py:157} INFO - Started process (PID=14062) to work on /Users/vaish/databorn_etl_project/retail_etl/etl_pipeline_project/venv/lib/python3.10/site-packages/airflow/example_dags/example_kubernetes_executor.py
[2025-07-04T14:30:58.563+0530] {processor.py:829} INFO - Processing file /Users/vaish/databorn_etl_project/retail_etl/etl_pipeline_project/venv/lib/python3.10/site-packages/airflow/example_dags/example_kubernetes_executor.py for tasks to queue
[2025-07-04T14:30:58.564+0530] {logging_mixin.py:154} INFO - [2025-07-04T14:30:58.564+0530] {dagbag.py:536} INFO - Filling up the DagBag from /Users/vaish/databorn_etl_project/retail_etl/etl_pipeline_project/venv/lib/python3.10/site-packages/airflow/example_dags/example_kubernetes_executor.py
[2025-07-04T14:30:58.615+0530] {logging_mixin.py:154} INFO - [2025-07-04T14:30:58.615+0530] {example_kubernetes_executor.py:38} WARNING - The example_kubernetes_executor example DAG requires the kubernetes provider. Please install it with: pip install apache-airflow[cncf.kubernetes]
[2025-07-04T14:30:58.615+0530] {processor.py:841} WARNING - No viable dags retrieved from /Users/vaish/databorn_etl_project/retail_etl/etl_pipeline_project/venv/lib/python3.10/site-packages/airflow/example_dags/example_kubernetes_executor.py
[2025-07-04T14:30:58.754+0530] {processor.py:179} INFO - Processing /Users/vaish/databorn_etl_project/retail_etl/etl_pipeline_project/venv/lib/python3.10/site-packages/airflow/example_dags/example_kubernetes_executor.py took 0.194 seconds
[2025-07-04T14:33:49.234+0530] {processor.py:157} INFO - Started process (PID=14564) to work on /Users/vaish/databorn_etl_project/retail_etl/etl_pipeline_project/venv/lib/python3.10/site-packages/airflow/example_dags/example_kubernetes_executor.py
[2025-07-04T14:33:49.235+0530] {processor.py:829} INFO - Processing file /Users/vaish/databorn_etl_project/retail_etl/etl_pipeline_project/venv/lib/python3.10/site-packages/airflow/example_dags/example_kubernetes_executor.py for tasks to queue
[2025-07-04T14:33:49.237+0530] {logging_mixin.py:154} INFO - [2025-07-04T14:33:49.236+0530] {dagbag.py:536} INFO - Filling up the DagBag from /Users/vaish/databorn_etl_project/retail_etl/etl_pipeline_project/venv/lib/python3.10/site-packages/airflow/example_dags/example_kubernetes_executor.py
[2025-07-04T14:33:49.291+0530] {logging_mixin.py:154} INFO - [2025-07-04T14:33:49.291+0530] {example_kubernetes_executor.py:38} WARNING - The example_kubernetes_executor example DAG requires the kubernetes provider. Please install it with: pip install apache-airflow[cncf.kubernetes]
[2025-07-04T14:33:49.291+0530] {processor.py:841} WARNING - No viable dags retrieved from /Users/vaish/databorn_etl_project/retail_etl/etl_pipeline_project/venv/lib/python3.10/site-packages/airflow/example_dags/example_kubernetes_executor.py
[2025-07-04T14:33:49.448+0530] {processor.py:179} INFO - Processing /Users/vaish/databorn_etl_project/retail_etl/etl_pipeline_project/venv/lib/python3.10/site-packages/airflow/example_dags/example_kubernetes_executor.py took 0.216 seconds
[2025-07-04T14:35:56.924+0530] {processor.py:157} INFO - Started process (PID=14935) to work on /Users/vaish/databorn_etl_project/retail_etl/etl_pipeline_project/venv/lib/python3.10/site-packages/airflow/example_dags/example_kubernetes_executor.py
[2025-07-04T14:35:56.931+0530] {processor.py:829} INFO - Processing file /Users/vaish/databorn_etl_project/retail_etl/etl_pipeline_project/venv/lib/python3.10/site-packages/airflow/example_dags/example_kubernetes_executor.py for tasks to queue
[2025-07-04T14:35:56.932+0530] {logging_mixin.py:154} INFO - [2025-07-04T14:35:56.932+0530] {dagbag.py:536} INFO - Filling up the DagBag from /Users/vaish/databorn_etl_project/retail_etl/etl_pipeline_project/venv/lib/python3.10/site-packages/airflow/example_dags/example_kubernetes_executor.py
[2025-07-04T14:35:56.981+0530] {logging_mixin.py:154} INFO - [2025-07-04T14:35:56.980+0530] {example_kubernetes_executor.py:38} WARNING - The example_kubernetes_executor example DAG requires the kubernetes provider. Please install it with: pip install apache-airflow[cncf.kubernetes]
[2025-07-04T14:35:56.981+0530] {processor.py:841} WARNING - No viable dags retrieved from /Users/vaish/databorn_etl_project/retail_etl/etl_pipeline_project/venv/lib/python3.10/site-packages/airflow/example_dags/example_kubernetes_executor.py
[2025-07-04T14:35:57.117+0530] {processor.py:179} INFO - Processing /Users/vaish/databorn_etl_project/retail_etl/etl_pipeline_project/venv/lib/python3.10/site-packages/airflow/example_dags/example_kubernetes_executor.py took 0.194 seconds
[2025-07-04T14:36:03.869+0530] {processor.py:157} INFO - Started process (PID=14947) to work on /Users/vaish/databorn_etl_project/retail_etl/etl_pipeline_project/venv/lib/python3.10/site-packages/airflow/example_dags/example_kubernetes_executor.py
[2025-07-04T14:36:03.870+0530] {processor.py:829} INFO - Processing file /Users/vaish/databorn_etl_project/retail_etl/etl_pipeline_project/venv/lib/python3.10/site-packages/airflow/example_dags/example_kubernetes_executor.py for tasks to queue
[2025-07-04T14:36:03.871+0530] {logging_mixin.py:154} INFO - [2025-07-04T14:36:03.871+0530] {dagbag.py:536} INFO - Filling up the DagBag from /Users/vaish/databorn_etl_project/retail_etl/etl_pipeline_project/venv/lib/python3.10/site-packages/airflow/example_dags/example_kubernetes_executor.py
[2025-07-04T14:36:03.919+0530] {logging_mixin.py:154} INFO - [2025-07-04T14:36:03.919+0530] {example_kubernetes_executor.py:38} WARNING - The example_kubernetes_executor example DAG requires the kubernetes provider. Please install it with: pip install apache-airflow[cncf.kubernetes]
[2025-07-04T14:36:03.920+0530] {processor.py:841} WARNING - No viable dags retrieved from /Users/vaish/databorn_etl_project/retail_etl/etl_pipeline_project/venv/lib/python3.10/site-packages/airflow/example_dags/example_kubernetes_executor.py
[2025-07-04T14:36:04.058+0530] {processor.py:179} INFO - Processing /Users/vaish/databorn_etl_project/retail_etl/etl_pipeline_project/venv/lib/python3.10/site-packages/airflow/example_dags/example_kubernetes_executor.py took 0.190 seconds
[2025-07-04T14:38:06.899+0530] {processor.py:157} INFO - Started process (PID=15220) to work on /Users/vaish/databorn_etl_project/retail_etl/etl_pipeline_project/venv/lib/python3.10/site-packages/airflow/example_dags/example_kubernetes_executor.py
[2025-07-04T14:38:06.900+0530] {processor.py:829} INFO - Processing file /Users/vaish/databorn_etl_project/retail_etl/etl_pipeline_project/venv/lib/python3.10/site-packages/airflow/example_dags/example_kubernetes_executor.py for tasks to queue
[2025-07-04T14:38:06.901+0530] {logging_mixin.py:154} INFO - [2025-07-04T14:38:06.901+0530] {dagbag.py:536} INFO - Filling up the DagBag from /Users/vaish/databorn_etl_project/retail_etl/etl_pipeline_project/venv/lib/python3.10/site-packages/airflow/example_dags/example_kubernetes_executor.py
[2025-07-04T14:38:06.953+0530] {logging_mixin.py:154} INFO - [2025-07-04T14:38:06.953+0530] {example_kubernetes_executor.py:38} WARNING - The example_kubernetes_executor example DAG requires the kubernetes provider. Please install it with: pip install apache-airflow[cncf.kubernetes]
[2025-07-04T14:38:06.954+0530] {processor.py:841} WARNING - No viable dags retrieved from /Users/vaish/databorn_etl_project/retail_etl/etl_pipeline_project/venv/lib/python3.10/site-packages/airflow/example_dags/example_kubernetes_executor.py
[2025-07-04T14:38:07.104+0530] {processor.py:179} INFO - Processing /Users/vaish/databorn_etl_project/retail_etl/etl_pipeline_project/venv/lib/python3.10/site-packages/airflow/example_dags/example_kubernetes_executor.py took 0.206 seconds
[2025-07-04T14:39:21.367+0530] {processor.py:157} INFO - Started process (PID=15484) to work on /Users/vaish/databorn_etl_project/retail_etl/etl_pipeline_project/venv/lib/python3.10/site-packages/airflow/example_dags/example_kubernetes_executor.py
[2025-07-04T14:39:21.374+0530] {processor.py:829} INFO - Processing file /Users/vaish/databorn_etl_project/retail_etl/etl_pipeline_project/venv/lib/python3.10/site-packages/airflow/example_dags/example_kubernetes_executor.py for tasks to queue
[2025-07-04T14:39:21.376+0530] {logging_mixin.py:154} INFO - [2025-07-04T14:39:21.375+0530] {dagbag.py:536} INFO - Filling up the DagBag from /Users/vaish/databorn_etl_project/retail_etl/etl_pipeline_project/venv/lib/python3.10/site-packages/airflow/example_dags/example_kubernetes_executor.py
[2025-07-04T14:39:21.425+0530] {logging_mixin.py:154} INFO - [2025-07-04T14:39:21.425+0530] {example_kubernetes_executor.py:38} WARNING - The example_kubernetes_executor example DAG requires the kubernetes provider. Please install it with: pip install apache-airflow[cncf.kubernetes]
[2025-07-04T14:39:21.425+0530] {processor.py:841} WARNING - No viable dags retrieved from /Users/vaish/databorn_etl_project/retail_etl/etl_pipeline_project/venv/lib/python3.10/site-packages/airflow/example_dags/example_kubernetes_executor.py
[2025-07-04T14:39:21.560+0530] {processor.py:179} INFO - Processing /Users/vaish/databorn_etl_project/retail_etl/etl_pipeline_project/venv/lib/python3.10/site-packages/airflow/example_dags/example_kubernetes_executor.py took 0.195 seconds
[2025-07-04T14:41:36.296+0530] {processor.py:157} INFO - Started process (PID=15788) to work on /Users/vaish/databorn_etl_project/retail_etl/etl_pipeline_project/venv/lib/python3.10/site-packages/airflow/example_dags/example_kubernetes_executor.py
[2025-07-04T14:41:36.297+0530] {processor.py:829} INFO - Processing file /Users/vaish/databorn_etl_project/retail_etl/etl_pipeline_project/venv/lib/python3.10/site-packages/airflow/example_dags/example_kubernetes_executor.py for tasks to queue
[2025-07-04T14:41:36.298+0530] {logging_mixin.py:154} INFO - [2025-07-04T14:41:36.298+0530] {dagbag.py:536} INFO - Filling up the DagBag from /Users/vaish/databorn_etl_project/retail_etl/etl_pipeline_project/venv/lib/python3.10/site-packages/airflow/example_dags/example_kubernetes_executor.py
[2025-07-04T14:41:36.346+0530] {logging_mixin.py:154} INFO - [2025-07-04T14:41:36.345+0530] {example_kubernetes_executor.py:38} WARNING - The example_kubernetes_executor example DAG requires the kubernetes provider. Please install it with: pip install apache-airflow[cncf.kubernetes]
[2025-07-04T14:41:36.346+0530] {processor.py:841} WARNING - No viable dags retrieved from /Users/vaish/databorn_etl_project/retail_etl/etl_pipeline_project/venv/lib/python3.10/site-packages/airflow/example_dags/example_kubernetes_executor.py
[2025-07-04T14:41:36.484+0530] {processor.py:179} INFO - Processing /Users/vaish/databorn_etl_project/retail_etl/etl_pipeline_project/venv/lib/python3.10/site-packages/airflow/example_dags/example_kubernetes_executor.py took 0.190 seconds
[2025-07-04T14:43:42.894+0530] {processor.py:157} INFO - Started process (PID=16089) to work on /Users/vaish/databorn_etl_project/retail_etl/etl_pipeline_project/venv/lib/python3.10/site-packages/airflow/example_dags/example_kubernetes_executor.py
[2025-07-04T14:43:42.894+0530] {processor.py:829} INFO - Processing file /Users/vaish/databorn_etl_project/retail_etl/etl_pipeline_project/venv/lib/python3.10/site-packages/airflow/example_dags/example_kubernetes_executor.py for tasks to queue
[2025-07-04T14:43:42.895+0530] {logging_mixin.py:154} INFO - [2025-07-04T14:43:42.895+0530] {dagbag.py:536} INFO - Filling up the DagBag from /Users/vaish/databorn_etl_project/retail_etl/etl_pipeline_project/venv/lib/python3.10/site-packages/airflow/example_dags/example_kubernetes_executor.py
[2025-07-04T14:43:42.953+0530] {logging_mixin.py:154} INFO - [2025-07-04T14:43:42.953+0530] {example_kubernetes_executor.py:38} WARNING - The example_kubernetes_executor example DAG requires the kubernetes provider. Please install it with: pip install apache-airflow[cncf.kubernetes]
[2025-07-04T14:43:42.953+0530] {processor.py:841} WARNING - No viable dags retrieved from /Users/vaish/databorn_etl_project/retail_etl/etl_pipeline_project/venv/lib/python3.10/site-packages/airflow/example_dags/example_kubernetes_executor.py
[2025-07-04T14:43:43.098+0530] {processor.py:179} INFO - Processing /Users/vaish/databorn_etl_project/retail_etl/etl_pipeline_project/venv/lib/python3.10/site-packages/airflow/example_dags/example_kubernetes_executor.py took 0.206 seconds
[2025-07-04T14:45:09.108+0530] {processor.py:157} INFO - Started process (PID=16290) to work on /Users/vaish/databorn_etl_project/retail_etl/etl_pipeline_project/venv/lib/python3.10/site-packages/airflow/example_dags/example_kubernetes_executor.py
[2025-07-04T14:45:09.115+0530] {processor.py:829} INFO - Processing file /Users/vaish/databorn_etl_project/retail_etl/etl_pipeline_project/venv/lib/python3.10/site-packages/airflow/example_dags/example_kubernetes_executor.py for tasks to queue
[2025-07-04T14:45:09.116+0530] {logging_mixin.py:154} INFO - [2025-07-04T14:45:09.116+0530] {dagbag.py:536} INFO - Filling up the DagBag from /Users/vaish/databorn_etl_project/retail_etl/etl_pipeline_project/venv/lib/python3.10/site-packages/airflow/example_dags/example_kubernetes_executor.py
[2025-07-04T14:45:09.168+0530] {logging_mixin.py:154} INFO - [2025-07-04T14:45:09.168+0530] {example_kubernetes_executor.py:38} WARNING - The example_kubernetes_executor example DAG requires the kubernetes provider. Please install it with: pip install apache-airflow[cncf.kubernetes]
[2025-07-04T14:45:09.168+0530] {processor.py:841} WARNING - No viable dags retrieved from /Users/vaish/databorn_etl_project/retail_etl/etl_pipeline_project/venv/lib/python3.10/site-packages/airflow/example_dags/example_kubernetes_executor.py
[2025-07-04T14:45:09.309+0530] {processor.py:179} INFO - Processing /Users/vaish/databorn_etl_project/retail_etl/etl_pipeline_project/venv/lib/python3.10/site-packages/airflow/example_dags/example_kubernetes_executor.py took 0.202 seconds
[2025-07-04T14:45:55.368+0530] {processor.py:157} INFO - Started process (PID=16486) to work on /Users/vaish/databorn_etl_project/retail_etl/etl_pipeline_project/venv/lib/python3.10/site-packages/airflow/example_dags/example_kubernetes_executor.py
[2025-07-04T14:45:55.370+0530] {processor.py:829} INFO - Processing file /Users/vaish/databorn_etl_project/retail_etl/etl_pipeline_project/venv/lib/python3.10/site-packages/airflow/example_dags/example_kubernetes_executor.py for tasks to queue
[2025-07-04T14:45:55.370+0530] {logging_mixin.py:154} INFO - [2025-07-04T14:45:55.370+0530] {dagbag.py:536} INFO - Filling up the DagBag from /Users/vaish/databorn_etl_project/retail_etl/etl_pipeline_project/venv/lib/python3.10/site-packages/airflow/example_dags/example_kubernetes_executor.py
[2025-07-04T14:45:55.423+0530] {logging_mixin.py:154} INFO - [2025-07-04T14:45:55.422+0530] {example_kubernetes_executor.py:38} WARNING - The example_kubernetes_executor example DAG requires the kubernetes provider. Please install it with: pip install apache-airflow[cncf.kubernetes]
[2025-07-04T14:45:55.423+0530] {processor.py:841} WARNING - No viable dags retrieved from /Users/vaish/databorn_etl_project/retail_etl/etl_pipeline_project/venv/lib/python3.10/site-packages/airflow/example_dags/example_kubernetes_executor.py
[2025-07-04T14:45:55.581+0530] {processor.py:179} INFO - Processing /Users/vaish/databorn_etl_project/retail_etl/etl_pipeline_project/venv/lib/python3.10/site-packages/airflow/example_dags/example_kubernetes_executor.py took 0.214 seconds
[2025-07-04T14:48:29.627+0530] {processor.py:157} INFO - Started process (PID=16861) to work on /Users/vaish/databorn_etl_project/retail_etl/etl_pipeline_project/venv/lib/python3.10/site-packages/airflow/example_dags/example_kubernetes_executor.py
[2025-07-04T14:48:29.633+0530] {processor.py:829} INFO - Processing file /Users/vaish/databorn_etl_project/retail_etl/etl_pipeline_project/venv/lib/python3.10/site-packages/airflow/example_dags/example_kubernetes_executor.py for tasks to queue
[2025-07-04T14:48:29.634+0530] {logging_mixin.py:154} INFO - [2025-07-04T14:48:29.634+0530] {dagbag.py:536} INFO - Filling up the DagBag from /Users/vaish/databorn_etl_project/retail_etl/etl_pipeline_project/venv/lib/python3.10/site-packages/airflow/example_dags/example_kubernetes_executor.py
[2025-07-04T14:48:29.684+0530] {logging_mixin.py:154} INFO - [2025-07-04T14:48:29.684+0530] {example_kubernetes_executor.py:38} WARNING - The example_kubernetes_executor example DAG requires the kubernetes provider. Please install it with: pip install apache-airflow[cncf.kubernetes]
[2025-07-04T14:48:29.685+0530] {processor.py:841} WARNING - No viable dags retrieved from /Users/vaish/databorn_etl_project/retail_etl/etl_pipeline_project/venv/lib/python3.10/site-packages/airflow/example_dags/example_kubernetes_executor.py
[2025-07-04T14:48:29.836+0530] {processor.py:179} INFO - Processing /Users/vaish/databorn_etl_project/retail_etl/etl_pipeline_project/venv/lib/python3.10/site-packages/airflow/example_dags/example_kubernetes_executor.py took 0.210 seconds
[2025-07-04T14:48:51.386+0530] {processor.py:157} INFO - Started process (PID=16914) to work on /Users/vaish/databorn_etl_project/retail_etl/etl_pipeline_project/venv/lib/python3.10/site-packages/airflow/example_dags/example_kubernetes_executor.py
[2025-07-04T14:48:51.387+0530] {processor.py:829} INFO - Processing file /Users/vaish/databorn_etl_project/retail_etl/etl_pipeline_project/venv/lib/python3.10/site-packages/airflow/example_dags/example_kubernetes_executor.py for tasks to queue
[2025-07-04T14:48:51.388+0530] {logging_mixin.py:154} INFO - [2025-07-04T14:48:51.388+0530] {dagbag.py:536} INFO - Filling up the DagBag from /Users/vaish/databorn_etl_project/retail_etl/etl_pipeline_project/venv/lib/python3.10/site-packages/airflow/example_dags/example_kubernetes_executor.py
[2025-07-04T14:48:51.440+0530] {logging_mixin.py:154} INFO - [2025-07-04T14:48:51.439+0530] {example_kubernetes_executor.py:38} WARNING - The example_kubernetes_executor example DAG requires the kubernetes provider. Please install it with: pip install apache-airflow[cncf.kubernetes]
[2025-07-04T14:48:51.440+0530] {processor.py:841} WARNING - No viable dags retrieved from /Users/vaish/databorn_etl_project/retail_etl/etl_pipeline_project/venv/lib/python3.10/site-packages/airflow/example_dags/example_kubernetes_executor.py
[2025-07-04T14:48:51.586+0530] {processor.py:179} INFO - Processing /Users/vaish/databorn_etl_project/retail_etl/etl_pipeline_project/venv/lib/python3.10/site-packages/airflow/example_dags/example_kubernetes_executor.py took 0.201 seconds
[2025-07-04T14:51:06.679+0530] {processor.py:157} INFO - Started process (PID=17225) to work on /Users/vaish/databorn_etl_project/retail_etl/etl_pipeline_project/venv/lib/python3.10/site-packages/airflow/example_dags/example_kubernetes_executor.py
[2025-07-04T14:51:06.681+0530] {processor.py:829} INFO - Processing file /Users/vaish/databorn_etl_project/retail_etl/etl_pipeline_project/venv/lib/python3.10/site-packages/airflow/example_dags/example_kubernetes_executor.py for tasks to queue
[2025-07-04T14:51:06.682+0530] {logging_mixin.py:154} INFO - [2025-07-04T14:51:06.682+0530] {dagbag.py:536} INFO - Filling up the DagBag from /Users/vaish/databorn_etl_project/retail_etl/etl_pipeline_project/venv/lib/python3.10/site-packages/airflow/example_dags/example_kubernetes_executor.py
[2025-07-04T14:51:06.736+0530] {logging_mixin.py:154} INFO - [2025-07-04T14:51:06.735+0530] {example_kubernetes_executor.py:38} WARNING - The example_kubernetes_executor example DAG requires the kubernetes provider. Please install it with: pip install apache-airflow[cncf.kubernetes]
[2025-07-04T14:51:06.736+0530] {processor.py:841} WARNING - No viable dags retrieved from /Users/vaish/databorn_etl_project/retail_etl/etl_pipeline_project/venv/lib/python3.10/site-packages/airflow/example_dags/example_kubernetes_executor.py
[2025-07-04T14:51:06.888+0530] {processor.py:179} INFO - Processing /Users/vaish/databorn_etl_project/retail_etl/etl_pipeline_project/venv/lib/python3.10/site-packages/airflow/example_dags/example_kubernetes_executor.py took 0.210 seconds
[2025-07-04T14:51:56.509+0530] {processor.py:157} INFO - Started process (PID=17355) to work on /Users/vaish/databorn_etl_project/retail_etl/etl_pipeline_project/venv/lib/python3.10/site-packages/airflow/example_dags/example_kubernetes_executor.py
[2025-07-04T14:51:56.509+0530] {processor.py:829} INFO - Processing file /Users/vaish/databorn_etl_project/retail_etl/etl_pipeline_project/venv/lib/python3.10/site-packages/airflow/example_dags/example_kubernetes_executor.py for tasks to queue
[2025-07-04T14:51:56.510+0530] {logging_mixin.py:154} INFO - [2025-07-04T14:51:56.510+0530] {dagbag.py:536} INFO - Filling up the DagBag from /Users/vaish/databorn_etl_project/retail_etl/etl_pipeline_project/venv/lib/python3.10/site-packages/airflow/example_dags/example_kubernetes_executor.py
[2025-07-04T14:51:56.564+0530] {logging_mixin.py:154} INFO - [2025-07-04T14:51:56.564+0530] {example_kubernetes_executor.py:38} WARNING - The example_kubernetes_executor example DAG requires the kubernetes provider. Please install it with: pip install apache-airflow[cncf.kubernetes]
[2025-07-04T14:51:56.564+0530] {processor.py:841} WARNING - No viable dags retrieved from /Users/vaish/databorn_etl_project/retail_etl/etl_pipeline_project/venv/lib/python3.10/site-packages/airflow/example_dags/example_kubernetes_executor.py
[2025-07-04T14:51:56.715+0530] {processor.py:179} INFO - Processing /Users/vaish/databorn_etl_project/retail_etl/etl_pipeline_project/venv/lib/python3.10/site-packages/airflow/example_dags/example_kubernetes_executor.py took 0.208 seconds
[2025-07-04T14:54:36.181+0530] {processor.py:157} INFO - Started process (PID=17684) to work on /Users/vaish/databorn_etl_project/retail_etl/etl_pipeline_project/venv/lib/python3.10/site-packages/airflow/example_dags/example_kubernetes_executor.py
[2025-07-04T14:54:36.188+0530] {processor.py:829} INFO - Processing file /Users/vaish/databorn_etl_project/retail_etl/etl_pipeline_project/venv/lib/python3.10/site-packages/airflow/example_dags/example_kubernetes_executor.py for tasks to queue
[2025-07-04T14:54:36.189+0530] {logging_mixin.py:154} INFO - [2025-07-04T14:54:36.189+0530] {dagbag.py:536} INFO - Filling up the DagBag from /Users/vaish/databorn_etl_project/retail_etl/etl_pipeline_project/venv/lib/python3.10/site-packages/airflow/example_dags/example_kubernetes_executor.py
[2025-07-04T14:54:36.242+0530] {logging_mixin.py:154} INFO - [2025-07-04T14:54:36.241+0530] {example_kubernetes_executor.py:38} WARNING - The example_kubernetes_executor example DAG requires the kubernetes provider. Please install it with: pip install apache-airflow[cncf.kubernetes]
[2025-07-04T14:54:36.242+0530] {processor.py:841} WARNING - No viable dags retrieved from /Users/vaish/databorn_etl_project/retail_etl/etl_pipeline_project/venv/lib/python3.10/site-packages/airflow/example_dags/example_kubernetes_executor.py
[2025-07-04T14:54:36.392+0530] {processor.py:179} INFO - Processing /Users/vaish/databorn_etl_project/retail_etl/etl_pipeline_project/venv/lib/python3.10/site-packages/airflow/example_dags/example_kubernetes_executor.py took 0.212 seconds
[2025-07-04T14:55:28.877+0530] {processor.py:157} INFO - Started process (PID=17792) to work on /Users/vaish/databorn_etl_project/retail_etl/etl_pipeline_project/venv/lib/python3.10/site-packages/airflow/example_dags/example_kubernetes_executor.py
[2025-07-04T14:55:28.878+0530] {processor.py:829} INFO - Processing file /Users/vaish/databorn_etl_project/retail_etl/etl_pipeline_project/venv/lib/python3.10/site-packages/airflow/example_dags/example_kubernetes_executor.py for tasks to queue
[2025-07-04T14:55:28.879+0530] {logging_mixin.py:154} INFO - [2025-07-04T14:55:28.879+0530] {dagbag.py:536} INFO - Filling up the DagBag from /Users/vaish/databorn_etl_project/retail_etl/etl_pipeline_project/venv/lib/python3.10/site-packages/airflow/example_dags/example_kubernetes_executor.py
[2025-07-04T14:55:28.931+0530] {logging_mixin.py:154} INFO - [2025-07-04T14:55:28.931+0530] {example_kubernetes_executor.py:38} WARNING - The example_kubernetes_executor example DAG requires the kubernetes provider. Please install it with: pip install apache-airflow[cncf.kubernetes]
[2025-07-04T14:55:28.931+0530] {processor.py:841} WARNING - No viable dags retrieved from /Users/vaish/databorn_etl_project/retail_etl/etl_pipeline_project/venv/lib/python3.10/site-packages/airflow/example_dags/example_kubernetes_executor.py
[2025-07-04T14:55:29.081+0530] {processor.py:179} INFO - Processing /Users/vaish/databorn_etl_project/retail_etl/etl_pipeline_project/venv/lib/python3.10/site-packages/airflow/example_dags/example_kubernetes_executor.py took 0.205 seconds
[2025-07-04T14:57:55.094+0530] {processor.py:157} INFO - Started process (PID=18087) to work on /Users/vaish/databorn_etl_project/retail_etl/etl_pipeline_project/venv/lib/python3.10/site-packages/airflow/example_dags/example_kubernetes_executor.py
[2025-07-04T14:57:55.095+0530] {processor.py:829} INFO - Processing file /Users/vaish/databorn_etl_project/retail_etl/etl_pipeline_project/venv/lib/python3.10/site-packages/airflow/example_dags/example_kubernetes_executor.py for tasks to queue
[2025-07-04T14:57:55.095+0530] {logging_mixin.py:154} INFO - [2025-07-04T14:57:55.095+0530] {dagbag.py:536} INFO - Filling up the DagBag from /Users/vaish/databorn_etl_project/retail_etl/etl_pipeline_project/venv/lib/python3.10/site-packages/airflow/example_dags/example_kubernetes_executor.py
[2025-07-04T14:57:55.149+0530] {logging_mixin.py:154} INFO - [2025-07-04T14:57:55.149+0530] {example_kubernetes_executor.py:38} WARNING - The example_kubernetes_executor example DAG requires the kubernetes provider. Please install it with: pip install apache-airflow[cncf.kubernetes]
[2025-07-04T14:57:55.150+0530] {processor.py:841} WARNING - No viable dags retrieved from /Users/vaish/databorn_etl_project/retail_etl/etl_pipeline_project/venv/lib/python3.10/site-packages/airflow/example_dags/example_kubernetes_executor.py
[2025-07-04T14:57:55.301+0530] {processor.py:179} INFO - Processing /Users/vaish/databorn_etl_project/retail_etl/etl_pipeline_project/venv/lib/python3.10/site-packages/airflow/example_dags/example_kubernetes_executor.py took 0.208 seconds
[2025-07-04T14:58:50.460+0530] {processor.py:157} INFO - Started process (PID=18202) to work on /Users/vaish/databorn_etl_project/retail_etl/etl_pipeline_project/venv/lib/python3.10/site-packages/airflow/example_dags/example_kubernetes_executor.py
[2025-07-04T14:58:50.461+0530] {processor.py:829} INFO - Processing file /Users/vaish/databorn_etl_project/retail_etl/etl_pipeline_project/venv/lib/python3.10/site-packages/airflow/example_dags/example_kubernetes_executor.py for tasks to queue
[2025-07-04T14:58:50.461+0530] {logging_mixin.py:154} INFO - [2025-07-04T14:58:50.461+0530] {dagbag.py:536} INFO - Filling up the DagBag from /Users/vaish/databorn_etl_project/retail_etl/etl_pipeline_project/venv/lib/python3.10/site-packages/airflow/example_dags/example_kubernetes_executor.py
[2025-07-04T14:58:50.514+0530] {logging_mixin.py:154} INFO - [2025-07-04T14:58:50.514+0530] {example_kubernetes_executor.py:38} WARNING - The example_kubernetes_executor example DAG requires the kubernetes provider. Please install it with: pip install apache-airflow[cncf.kubernetes]
[2025-07-04T14:58:50.515+0530] {processor.py:841} WARNING - No viable dags retrieved from /Users/vaish/databorn_etl_project/retail_etl/etl_pipeline_project/venv/lib/python3.10/site-packages/airflow/example_dags/example_kubernetes_executor.py
[2025-07-04T14:58:50.668+0530] {processor.py:179} INFO - Processing /Users/vaish/databorn_etl_project/retail_etl/etl_pipeline_project/venv/lib/python3.10/site-packages/airflow/example_dags/example_kubernetes_executor.py took 0.210 seconds
[2025-07-04T15:01:11.100+0530] {processor.py:157} INFO - Started process (PID=18492) to work on /Users/vaish/databorn_etl_project/retail_etl/etl_pipeline_project/venv/lib/python3.10/site-packages/airflow/example_dags/example_kubernetes_executor.py
[2025-07-04T15:01:11.101+0530] {processor.py:829} INFO - Processing file /Users/vaish/databorn_etl_project/retail_etl/etl_pipeline_project/venv/lib/python3.10/site-packages/airflow/example_dags/example_kubernetes_executor.py for tasks to queue
[2025-07-04T15:01:11.102+0530] {logging_mixin.py:154} INFO - [2025-07-04T15:01:11.102+0530] {dagbag.py:536} INFO - Filling up the DagBag from /Users/vaish/databorn_etl_project/retail_etl/etl_pipeline_project/venv/lib/python3.10/site-packages/airflow/example_dags/example_kubernetes_executor.py
[2025-07-04T15:01:11.154+0530] {logging_mixin.py:154} INFO - [2025-07-04T15:01:11.153+0530] {example_kubernetes_executor.py:38} WARNING - The example_kubernetes_executor example DAG requires the kubernetes provider. Please install it with: pip install apache-airflow[cncf.kubernetes]
[2025-07-04T15:01:11.154+0530] {processor.py:841} WARNING - No viable dags retrieved from /Users/vaish/databorn_etl_project/retail_etl/etl_pipeline_project/venv/lib/python3.10/site-packages/airflow/example_dags/example_kubernetes_executor.py
[2025-07-04T15:01:11.305+0530] {processor.py:179} INFO - Processing /Users/vaish/databorn_etl_project/retail_etl/etl_pipeline_project/venv/lib/python3.10/site-packages/airflow/example_dags/example_kubernetes_executor.py took 0.206 seconds
[2025-07-04T15:02:07.141+0530] {processor.py:157} INFO - Started process (PID=18640) to work on /Users/vaish/databorn_etl_project/retail_etl/etl_pipeline_project/venv/lib/python3.10/site-packages/airflow/example_dags/example_kubernetes_executor.py
[2025-07-04T15:02:07.141+0530] {processor.py:829} INFO - Processing file /Users/vaish/databorn_etl_project/retail_etl/etl_pipeline_project/venv/lib/python3.10/site-packages/airflow/example_dags/example_kubernetes_executor.py for tasks to queue
[2025-07-04T15:02:07.142+0530] {logging_mixin.py:154} INFO - [2025-07-04T15:02:07.142+0530] {dagbag.py:536} INFO - Filling up the DagBag from /Users/vaish/databorn_etl_project/retail_etl/etl_pipeline_project/venv/lib/python3.10/site-packages/airflow/example_dags/example_kubernetes_executor.py
[2025-07-04T15:02:07.192+0530] {logging_mixin.py:154} INFO - [2025-07-04T15:02:07.192+0530] {example_kubernetes_executor.py:38} WARNING - The example_kubernetes_executor example DAG requires the kubernetes provider. Please install it with: pip install apache-airflow[cncf.kubernetes]
[2025-07-04T15:02:07.192+0530] {processor.py:841} WARNING - No viable dags retrieved from /Users/vaish/databorn_etl_project/retail_etl/etl_pipeline_project/venv/lib/python3.10/site-packages/airflow/example_dags/example_kubernetes_executor.py
[2025-07-04T15:02:07.348+0530] {processor.py:179} INFO - Processing /Users/vaish/databorn_etl_project/retail_etl/etl_pipeline_project/venv/lib/python3.10/site-packages/airflow/example_dags/example_kubernetes_executor.py took 0.209 seconds
[2025-07-04T15:05:44.957+0530] {processor.py:157} INFO - Started process (PID=19188) to work on /Users/vaish/databorn_etl_project/retail_etl/etl_pipeline_project/venv/lib/python3.10/site-packages/airflow/example_dags/example_kubernetes_executor.py
[2025-07-04T15:05:44.964+0530] {processor.py:829} INFO - Processing file /Users/vaish/databorn_etl_project/retail_etl/etl_pipeline_project/venv/lib/python3.10/site-packages/airflow/example_dags/example_kubernetes_executor.py for tasks to queue
[2025-07-04T15:05:44.965+0530] {logging_mixin.py:154} INFO - [2025-07-04T15:05:44.965+0530] {dagbag.py:536} INFO - Filling up the DagBag from /Users/vaish/databorn_etl_project/retail_etl/etl_pipeline_project/venv/lib/python3.10/site-packages/airflow/example_dags/example_kubernetes_executor.py
[2025-07-04T15:05:45.019+0530] {logging_mixin.py:154} INFO - [2025-07-04T15:05:45.019+0530] {example_kubernetes_executor.py:38} WARNING - The example_kubernetes_executor example DAG requires the kubernetes provider. Please install it with: pip install apache-airflow[cncf.kubernetes]
[2025-07-04T15:05:45.020+0530] {processor.py:841} WARNING - No viable dags retrieved from /Users/vaish/databorn_etl_project/retail_etl/etl_pipeline_project/venv/lib/python3.10/site-packages/airflow/example_dags/example_kubernetes_executor.py
[2025-07-04T15:05:45.170+0530] {processor.py:179} INFO - Processing /Users/vaish/databorn_etl_project/retail_etl/etl_pipeline_project/venv/lib/python3.10/site-packages/airflow/example_dags/example_kubernetes_executor.py took 0.214 seconds
[2025-07-04T15:09:18.385+0530] {processor.py:157} INFO - Started process (PID=19630) to work on /Users/vaish/databorn_etl_project/retail_etl/etl_pipeline_project/venv/lib/python3.10/site-packages/airflow/example_dags/example_kubernetes_executor.py
[2025-07-04T15:09:18.386+0530] {processor.py:829} INFO - Processing file /Users/vaish/databorn_etl_project/retail_etl/etl_pipeline_project/venv/lib/python3.10/site-packages/airflow/example_dags/example_kubernetes_executor.py for tasks to queue
[2025-07-04T15:09:18.387+0530] {logging_mixin.py:154} INFO - [2025-07-04T15:09:18.387+0530] {dagbag.py:536} INFO - Filling up the DagBag from /Users/vaish/databorn_etl_project/retail_etl/etl_pipeline_project/venv/lib/python3.10/site-packages/airflow/example_dags/example_kubernetes_executor.py
[2025-07-04T15:09:18.438+0530] {logging_mixin.py:154} INFO - [2025-07-04T15:09:18.437+0530] {example_kubernetes_executor.py:38} WARNING - The example_kubernetes_executor example DAG requires the kubernetes provider. Please install it with: pip install apache-airflow[cncf.kubernetes]
[2025-07-04T15:09:18.438+0530] {processor.py:841} WARNING - No viable dags retrieved from /Users/vaish/databorn_etl_project/retail_etl/etl_pipeline_project/venv/lib/python3.10/site-packages/airflow/example_dags/example_kubernetes_executor.py
[2025-07-04T15:09:18.593+0530] {processor.py:179} INFO - Processing /Users/vaish/databorn_etl_project/retail_etl/etl_pipeline_project/venv/lib/python3.10/site-packages/airflow/example_dags/example_kubernetes_executor.py took 0.210 seconds
[2025-07-04T15:12:43.810+0530] {processor.py:157} INFO - Started process (PID=19953) to work on /Users/vaish/databorn_etl_project/retail_etl/etl_pipeline_project/venv/lib/python3.10/site-packages/airflow/example_dags/example_kubernetes_executor.py
[2025-07-04T15:12:43.812+0530] {processor.py:829} INFO - Processing file /Users/vaish/databorn_etl_project/retail_etl/etl_pipeline_project/venv/lib/python3.10/site-packages/airflow/example_dags/example_kubernetes_executor.py for tasks to queue
[2025-07-04T15:12:43.813+0530] {logging_mixin.py:154} INFO - [2025-07-04T15:12:43.812+0530] {dagbag.py:536} INFO - Filling up the DagBag from /Users/vaish/databorn_etl_project/retail_etl/etl_pipeline_project/venv/lib/python3.10/site-packages/airflow/example_dags/example_kubernetes_executor.py
[2025-07-04T15:12:43.866+0530] {logging_mixin.py:154} INFO - [2025-07-04T15:12:43.866+0530] {example_kubernetes_executor.py:38} WARNING - The example_kubernetes_executor example DAG requires the kubernetes provider. Please install it with: pip install apache-airflow[cncf.kubernetes]
[2025-07-04T15:12:43.867+0530] {processor.py:841} WARNING - No viable dags retrieved from /Users/vaish/databorn_etl_project/retail_etl/etl_pipeline_project/venv/lib/python3.10/site-packages/airflow/example_dags/example_kubernetes_executor.py
[2025-07-04T15:12:44.012+0530] {processor.py:179} INFO - Processing /Users/vaish/databorn_etl_project/retail_etl/etl_pipeline_project/venv/lib/python3.10/site-packages/airflow/example_dags/example_kubernetes_executor.py took 0.203 seconds
[2025-07-04T15:16:06.576+0530] {processor.py:157} INFO - Started process (PID=20355) to work on /Users/vaish/databorn_etl_project/retail_etl/etl_pipeline_project/venv/lib/python3.10/site-packages/airflow/example_dags/example_kubernetes_executor.py
[2025-07-04T15:16:06.578+0530] {processor.py:829} INFO - Processing file /Users/vaish/databorn_etl_project/retail_etl/etl_pipeline_project/venv/lib/python3.10/site-packages/airflow/example_dags/example_kubernetes_executor.py for tasks to queue
[2025-07-04T15:16:06.578+0530] {logging_mixin.py:154} INFO - [2025-07-04T15:16:06.578+0530] {dagbag.py:536} INFO - Filling up the DagBag from /Users/vaish/databorn_etl_project/retail_etl/etl_pipeline_project/venv/lib/python3.10/site-packages/airflow/example_dags/example_kubernetes_executor.py
[2025-07-04T15:16:06.643+0530] {logging_mixin.py:154} INFO - [2025-07-04T15:16:06.643+0530] {example_kubernetes_executor.py:38} WARNING - The example_kubernetes_executor example DAG requires the kubernetes provider. Please install it with: pip install apache-airflow[cncf.kubernetes]
[2025-07-04T15:16:06.643+0530] {processor.py:841} WARNING - No viable dags retrieved from /Users/vaish/databorn_etl_project/retail_etl/etl_pipeline_project/venv/lib/python3.10/site-packages/airflow/example_dags/example_kubernetes_executor.py
[2025-07-04T15:16:06.824+0530] {processor.py:179} INFO - Processing /Users/vaish/databorn_etl_project/retail_etl/etl_pipeline_project/venv/lib/python3.10/site-packages/airflow/example_dags/example_kubernetes_executor.py took 0.249 seconds
[2025-07-04T15:19:41.733+0530] {processor.py:157} INFO - Started process (PID=20944) to work on /Users/vaish/databorn_etl_project/retail_etl/etl_pipeline_project/venv/lib/python3.10/site-packages/airflow/example_dags/example_kubernetes_executor.py
[2025-07-04T15:19:41.734+0530] {processor.py:829} INFO - Processing file /Users/vaish/databorn_etl_project/retail_etl/etl_pipeline_project/venv/lib/python3.10/site-packages/airflow/example_dags/example_kubernetes_executor.py for tasks to queue
[2025-07-04T15:19:41.735+0530] {logging_mixin.py:154} INFO - [2025-07-04T15:19:41.735+0530] {dagbag.py:536} INFO - Filling up the DagBag from /Users/vaish/databorn_etl_project/retail_etl/etl_pipeline_project/venv/lib/python3.10/site-packages/airflow/example_dags/example_kubernetes_executor.py
[2025-07-04T15:19:41.787+0530] {logging_mixin.py:154} INFO - [2025-07-04T15:19:41.787+0530] {example_kubernetes_executor.py:38} WARNING - The example_kubernetes_executor example DAG requires the kubernetes provider. Please install it with: pip install apache-airflow[cncf.kubernetes]
[2025-07-04T15:19:41.788+0530] {processor.py:841} WARNING - No viable dags retrieved from /Users/vaish/databorn_etl_project/retail_etl/etl_pipeline_project/venv/lib/python3.10/site-packages/airflow/example_dags/example_kubernetes_executor.py
[2025-07-04T15:19:41.943+0530] {processor.py:179} INFO - Processing /Users/vaish/databorn_etl_project/retail_etl/etl_pipeline_project/venv/lib/python3.10/site-packages/airflow/example_dags/example_kubernetes_executor.py took 0.211 seconds
[2025-07-04T15:23:13.025+0530] {processor.py:157} INFO - Started process (PID=21464) to work on /Users/vaish/databorn_etl_project/retail_etl/etl_pipeline_project/venv/lib/python3.10/site-packages/airflow/example_dags/example_kubernetes_executor.py
[2025-07-04T15:23:13.031+0530] {processor.py:829} INFO - Processing file /Users/vaish/databorn_etl_project/retail_etl/etl_pipeline_project/venv/lib/python3.10/site-packages/airflow/example_dags/example_kubernetes_executor.py for tasks to queue
[2025-07-04T15:23:13.032+0530] {logging_mixin.py:154} INFO - [2025-07-04T15:23:13.032+0530] {dagbag.py:536} INFO - Filling up the DagBag from /Users/vaish/databorn_etl_project/retail_etl/etl_pipeline_project/venv/lib/python3.10/site-packages/airflow/example_dags/example_kubernetes_executor.py
[2025-07-04T15:23:13.086+0530] {logging_mixin.py:154} INFO - [2025-07-04T15:23:13.085+0530] {example_kubernetes_executor.py:38} WARNING - The example_kubernetes_executor example DAG requires the kubernetes provider. Please install it with: pip install apache-airflow[cncf.kubernetes]
[2025-07-04T15:23:13.086+0530] {processor.py:841} WARNING - No viable dags retrieved from /Users/vaish/databorn_etl_project/retail_etl/etl_pipeline_project/venv/lib/python3.10/site-packages/airflow/example_dags/example_kubernetes_executor.py
[2025-07-04T15:23:13.234+0530] {processor.py:179} INFO - Processing /Users/vaish/databorn_etl_project/retail_etl/etl_pipeline_project/venv/lib/python3.10/site-packages/airflow/example_dags/example_kubernetes_executor.py took 0.211 seconds
[2025-07-04T15:26:42.146+0530] {processor.py:157} INFO - Started process (PID=21955) to work on /Users/vaish/databorn_etl_project/retail_etl/etl_pipeline_project/venv/lib/python3.10/site-packages/airflow/example_dags/example_kubernetes_executor.py
[2025-07-04T15:26:42.153+0530] {processor.py:829} INFO - Processing file /Users/vaish/databorn_etl_project/retail_etl/etl_pipeline_project/venv/lib/python3.10/site-packages/airflow/example_dags/example_kubernetes_executor.py for tasks to queue
[2025-07-04T15:26:42.154+0530] {logging_mixin.py:154} INFO - [2025-07-04T15:26:42.153+0530] {dagbag.py:536} INFO - Filling up the DagBag from /Users/vaish/databorn_etl_project/retail_etl/etl_pipeline_project/venv/lib/python3.10/site-packages/airflow/example_dags/example_kubernetes_executor.py
[2025-07-04T15:26:42.206+0530] {logging_mixin.py:154} INFO - [2025-07-04T15:26:42.206+0530] {example_kubernetes_executor.py:38} WARNING - The example_kubernetes_executor example DAG requires the kubernetes provider. Please install it with: pip install apache-airflow[cncf.kubernetes]
[2025-07-04T15:26:42.207+0530] {processor.py:841} WARNING - No viable dags retrieved from /Users/vaish/databorn_etl_project/retail_etl/etl_pipeline_project/venv/lib/python3.10/site-packages/airflow/example_dags/example_kubernetes_executor.py
[2025-07-04T15:26:42.351+0530] {processor.py:179} INFO - Processing /Users/vaish/databorn_etl_project/retail_etl/etl_pipeline_project/venv/lib/python3.10/site-packages/airflow/example_dags/example_kubernetes_executor.py took 0.207 seconds
[2025-07-04T15:27:37.306+0530] {processor.py:157} INFO - Started process (PID=22100) to work on /Users/vaish/databorn_etl_project/retail_etl/etl_pipeline_project/venv/lib/python3.10/site-packages/airflow/example_dags/example_kubernetes_executor.py
[2025-07-04T15:27:37.307+0530] {processor.py:829} INFO - Processing file /Users/vaish/databorn_etl_project/retail_etl/etl_pipeline_project/venv/lib/python3.10/site-packages/airflow/example_dags/example_kubernetes_executor.py for tasks to queue
[2025-07-04T15:27:37.308+0530] {logging_mixin.py:154} INFO - [2025-07-04T15:27:37.308+0530] {dagbag.py:536} INFO - Filling up the DagBag from /Users/vaish/databorn_etl_project/retail_etl/etl_pipeline_project/venv/lib/python3.10/site-packages/airflow/example_dags/example_kubernetes_executor.py
[2025-07-04T15:27:37.359+0530] {logging_mixin.py:154} INFO - [2025-07-04T15:27:37.359+0530] {example_kubernetes_executor.py:38} WARNING - The example_kubernetes_executor example DAG requires the kubernetes provider. Please install it with: pip install apache-airflow[cncf.kubernetes]
[2025-07-04T15:27:37.359+0530] {processor.py:841} WARNING - No viable dags retrieved from /Users/vaish/databorn_etl_project/retail_etl/etl_pipeline_project/venv/lib/python3.10/site-packages/airflow/example_dags/example_kubernetes_executor.py
[2025-07-04T15:27:37.505+0530] {processor.py:179} INFO - Processing /Users/vaish/databorn_etl_project/retail_etl/etl_pipeline_project/venv/lib/python3.10/site-packages/airflow/example_dags/example_kubernetes_executor.py took 0.200 seconds
[2025-07-04T15:29:49.869+0530] {processor.py:157} INFO - Started process (PID=22371) to work on /Users/vaish/databorn_etl_project/retail_etl/etl_pipeline_project/venv/lib/python3.10/site-packages/airflow/example_dags/example_kubernetes_executor.py
[2025-07-04T15:29:49.869+0530] {processor.py:829} INFO - Processing file /Users/vaish/databorn_etl_project/retail_etl/etl_pipeline_project/venv/lib/python3.10/site-packages/airflow/example_dags/example_kubernetes_executor.py for tasks to queue
[2025-07-04T15:29:49.870+0530] {logging_mixin.py:154} INFO - [2025-07-04T15:29:49.870+0530] {dagbag.py:536} INFO - Filling up the DagBag from /Users/vaish/databorn_etl_project/retail_etl/etl_pipeline_project/venv/lib/python3.10/site-packages/airflow/example_dags/example_kubernetes_executor.py
[2025-07-04T15:29:49.919+0530] {logging_mixin.py:154} INFO - [2025-07-04T15:29:49.918+0530] {example_kubernetes_executor.py:38} WARNING - The example_kubernetes_executor example DAG requires the kubernetes provider. Please install it with: pip install apache-airflow[cncf.kubernetes]
[2025-07-04T15:29:49.919+0530] {processor.py:841} WARNING - No viable dags retrieved from /Users/vaish/databorn_etl_project/retail_etl/etl_pipeline_project/venv/lib/python3.10/site-packages/airflow/example_dags/example_kubernetes_executor.py
[2025-07-04T15:29:50.056+0530] {processor.py:179} INFO - Processing /Users/vaish/databorn_etl_project/retail_etl/etl_pipeline_project/venv/lib/python3.10/site-packages/airflow/example_dags/example_kubernetes_executor.py took 0.189 seconds
[2025-07-04T15:30:23.766+0530] {processor.py:157} INFO - Started process (PID=22447) to work on /Users/vaish/databorn_etl_project/retail_etl/etl_pipeline_project/venv/lib/python3.10/site-packages/airflow/example_dags/example_kubernetes_executor.py
[2025-07-04T15:30:23.767+0530] {processor.py:829} INFO - Processing file /Users/vaish/databorn_etl_project/retail_etl/etl_pipeline_project/venv/lib/python3.10/site-packages/airflow/example_dags/example_kubernetes_executor.py for tasks to queue
[2025-07-04T15:30:23.768+0530] {logging_mixin.py:154} INFO - [2025-07-04T15:30:23.768+0530] {dagbag.py:536} INFO - Filling up the DagBag from /Users/vaish/databorn_etl_project/retail_etl/etl_pipeline_project/venv/lib/python3.10/site-packages/airflow/example_dags/example_kubernetes_executor.py
[2025-07-04T15:30:23.817+0530] {logging_mixin.py:154} INFO - [2025-07-04T15:30:23.817+0530] {example_kubernetes_executor.py:38} WARNING - The example_kubernetes_executor example DAG requires the kubernetes provider. Please install it with: pip install apache-airflow[cncf.kubernetes]
[2025-07-04T15:30:23.818+0530] {processor.py:841} WARNING - No viable dags retrieved from /Users/vaish/databorn_etl_project/retail_etl/etl_pipeline_project/venv/lib/python3.10/site-packages/airflow/example_dags/example_kubernetes_executor.py
[2025-07-04T15:30:23.971+0530] {processor.py:179} INFO - Processing /Users/vaish/databorn_etl_project/retail_etl/etl_pipeline_project/venv/lib/python3.10/site-packages/airflow/example_dags/example_kubernetes_executor.py took 0.206 seconds
[2025-07-04T15:33:22.737+0530] {processor.py:157} INFO - Started process (PID=22843) to work on /Users/vaish/databorn_etl_project/retail_etl/etl_pipeline_project/venv/lib/python3.10/site-packages/airflow/example_dags/example_kubernetes_executor.py
[2025-07-04T15:33:22.744+0530] {processor.py:829} INFO - Processing file /Users/vaish/databorn_etl_project/retail_etl/etl_pipeline_project/venv/lib/python3.10/site-packages/airflow/example_dags/example_kubernetes_executor.py for tasks to queue
[2025-07-04T15:33:22.745+0530] {logging_mixin.py:154} INFO - [2025-07-04T15:33:22.745+0530] {dagbag.py:536} INFO - Filling up the DagBag from /Users/vaish/databorn_etl_project/retail_etl/etl_pipeline_project/venv/lib/python3.10/site-packages/airflow/example_dags/example_kubernetes_executor.py
[2025-07-04T15:33:22.797+0530] {logging_mixin.py:154} INFO - [2025-07-04T15:33:22.797+0530] {example_kubernetes_executor.py:38} WARNING - The example_kubernetes_executor example DAG requires the kubernetes provider. Please install it with: pip install apache-airflow[cncf.kubernetes]
[2025-07-04T15:33:22.798+0530] {processor.py:841} WARNING - No viable dags retrieved from /Users/vaish/databorn_etl_project/retail_etl/etl_pipeline_project/venv/lib/python3.10/site-packages/airflow/example_dags/example_kubernetes_executor.py
[2025-07-04T15:33:22.967+0530] {processor.py:179} INFO - Processing /Users/vaish/databorn_etl_project/retail_etl/etl_pipeline_project/venv/lib/python3.10/site-packages/airflow/example_dags/example_kubernetes_executor.py took 0.231 seconds
[2025-07-04T15:34:08.053+0530] {processor.py:157} INFO - Started process (PID=22938) to work on /Users/vaish/databorn_etl_project/retail_etl/etl_pipeline_project/venv/lib/python3.10/site-packages/airflow/example_dags/example_kubernetes_executor.py
[2025-07-04T15:34:08.054+0530] {processor.py:829} INFO - Processing file /Users/vaish/databorn_etl_project/retail_etl/etl_pipeline_project/venv/lib/python3.10/site-packages/airflow/example_dags/example_kubernetes_executor.py for tasks to queue
[2025-07-04T15:34:08.054+0530] {logging_mixin.py:154} INFO - [2025-07-04T15:34:08.054+0530] {dagbag.py:536} INFO - Filling up the DagBag from /Users/vaish/databorn_etl_project/retail_etl/etl_pipeline_project/venv/lib/python3.10/site-packages/airflow/example_dags/example_kubernetes_executor.py
[2025-07-04T15:34:08.111+0530] {logging_mixin.py:154} INFO - [2025-07-04T15:34:08.111+0530] {example_kubernetes_executor.py:38} WARNING - The example_kubernetes_executor example DAG requires the kubernetes provider. Please install it with: pip install apache-airflow[cncf.kubernetes]
[2025-07-04T15:34:08.111+0530] {processor.py:841} WARNING - No viable dags retrieved from /Users/vaish/databorn_etl_project/retail_etl/etl_pipeline_project/venv/lib/python3.10/site-packages/airflow/example_dags/example_kubernetes_executor.py
[2025-07-04T15:34:08.261+0530] {processor.py:179} INFO - Processing /Users/vaish/databorn_etl_project/retail_etl/etl_pipeline_project/venv/lib/python3.10/site-packages/airflow/example_dags/example_kubernetes_executor.py took 0.210 seconds
[2025-07-04T15:36:46.986+0530] {processor.py:157} INFO - Started process (PID=23307) to work on /Users/vaish/databorn_etl_project/retail_etl/etl_pipeline_project/venv/lib/python3.10/site-packages/airflow/example_dags/example_kubernetes_executor.py
[2025-07-04T15:36:46.989+0530] {processor.py:829} INFO - Processing file /Users/vaish/databorn_etl_project/retail_etl/etl_pipeline_project/venv/lib/python3.10/site-packages/airflow/example_dags/example_kubernetes_executor.py for tasks to queue
[2025-07-04T15:36:46.990+0530] {logging_mixin.py:154} INFO - [2025-07-04T15:36:46.989+0530] {dagbag.py:536} INFO - Filling up the DagBag from /Users/vaish/databorn_etl_project/retail_etl/etl_pipeline_project/venv/lib/python3.10/site-packages/airflow/example_dags/example_kubernetes_executor.py
[2025-07-04T15:36:47.042+0530] {logging_mixin.py:154} INFO - [2025-07-04T15:36:47.042+0530] {example_kubernetes_executor.py:38} WARNING - The example_kubernetes_executor example DAG requires the kubernetes provider. Please install it with: pip install apache-airflow[cncf.kubernetes]
[2025-07-04T15:36:47.042+0530] {processor.py:841} WARNING - No viable dags retrieved from /Users/vaish/databorn_etl_project/retail_etl/etl_pipeline_project/venv/lib/python3.10/site-packages/airflow/example_dags/example_kubernetes_executor.py
[2025-07-04T15:36:47.194+0530] {processor.py:179} INFO - Processing /Users/vaish/databorn_etl_project/retail_etl/etl_pipeline_project/venv/lib/python3.10/site-packages/airflow/example_dags/example_kubernetes_executor.py took 0.210 seconds
[2025-07-04T15:37:31.681+0530] {processor.py:157} INFO - Started process (PID=23402) to work on /Users/vaish/databorn_etl_project/retail_etl/etl_pipeline_project/venv/lib/python3.10/site-packages/airflow/example_dags/example_kubernetes_executor.py
[2025-07-04T15:37:31.683+0530] {processor.py:829} INFO - Processing file /Users/vaish/databorn_etl_project/retail_etl/etl_pipeline_project/venv/lib/python3.10/site-packages/airflow/example_dags/example_kubernetes_executor.py for tasks to queue
[2025-07-04T15:37:31.685+0530] {logging_mixin.py:154} INFO - [2025-07-04T15:37:31.684+0530] {dagbag.py:536} INFO - Filling up the DagBag from /Users/vaish/databorn_etl_project/retail_etl/etl_pipeline_project/venv/lib/python3.10/site-packages/airflow/example_dags/example_kubernetes_executor.py
[2025-07-04T15:37:31.768+0530] {logging_mixin.py:154} INFO - [2025-07-04T15:37:31.767+0530] {example_kubernetes_executor.py:38} WARNING - The example_kubernetes_executor example DAG requires the kubernetes provider. Please install it with: pip install apache-airflow[cncf.kubernetes]
[2025-07-04T15:37:31.768+0530] {processor.py:841} WARNING - No viable dags retrieved from /Users/vaish/databorn_etl_project/retail_etl/etl_pipeline_project/venv/lib/python3.10/site-packages/airflow/example_dags/example_kubernetes_executor.py
[2025-07-04T15:37:31.977+0530] {processor.py:179} INFO - Processing /Users/vaish/databorn_etl_project/retail_etl/etl_pipeline_project/venv/lib/python3.10/site-packages/airflow/example_dags/example_kubernetes_executor.py took 0.298 seconds
[2025-07-04T15:40:28.535+0530] {processor.py:157} INFO - Started process (PID=23822) to work on /Users/vaish/databorn_etl_project/retail_etl/etl_pipeline_project/venv/lib/python3.10/site-packages/airflow/example_dags/example_kubernetes_executor.py
[2025-07-04T15:40:28.536+0530] {processor.py:829} INFO - Processing file /Users/vaish/databorn_etl_project/retail_etl/etl_pipeline_project/venv/lib/python3.10/site-packages/airflow/example_dags/example_kubernetes_executor.py for tasks to queue
[2025-07-04T15:40:28.537+0530] {logging_mixin.py:154} INFO - [2025-07-04T15:40:28.537+0530] {dagbag.py:536} INFO - Filling up the DagBag from /Users/vaish/databorn_etl_project/retail_etl/etl_pipeline_project/venv/lib/python3.10/site-packages/airflow/example_dags/example_kubernetes_executor.py
[2025-07-04T15:40:28.593+0530] {logging_mixin.py:154} INFO - [2025-07-04T15:40:28.593+0530] {example_kubernetes_executor.py:38} WARNING - The example_kubernetes_executor example DAG requires the kubernetes provider. Please install it with: pip install apache-airflow[cncf.kubernetes]
[2025-07-04T15:40:28.593+0530] {processor.py:841} WARNING - No viable dags retrieved from /Users/vaish/databorn_etl_project/retail_etl/etl_pipeline_project/venv/lib/python3.10/site-packages/airflow/example_dags/example_kubernetes_executor.py
[2025-07-04T15:40:28.738+0530] {processor.py:179} INFO - Processing /Users/vaish/databorn_etl_project/retail_etl/etl_pipeline_project/venv/lib/python3.10/site-packages/airflow/example_dags/example_kubernetes_executor.py took 0.205 seconds
[2025-07-04T15:41:14.637+0530] {processor.py:157} INFO - Started process (PID=23934) to work on /Users/vaish/databorn_etl_project/retail_etl/etl_pipeline_project/venv/lib/python3.10/site-packages/airflow/example_dags/example_kubernetes_executor.py
[2025-07-04T15:41:14.644+0530] {processor.py:829} INFO - Processing file /Users/vaish/databorn_etl_project/retail_etl/etl_pipeline_project/venv/lib/python3.10/site-packages/airflow/example_dags/example_kubernetes_executor.py for tasks to queue
[2025-07-04T15:41:14.645+0530] {logging_mixin.py:154} INFO - [2025-07-04T15:41:14.644+0530] {dagbag.py:536} INFO - Filling up the DagBag from /Users/vaish/databorn_etl_project/retail_etl/etl_pipeline_project/venv/lib/python3.10/site-packages/airflow/example_dags/example_kubernetes_executor.py
[2025-07-04T15:41:14.697+0530] {logging_mixin.py:154} INFO - [2025-07-04T15:41:14.697+0530] {example_kubernetes_executor.py:38} WARNING - The example_kubernetes_executor example DAG requires the kubernetes provider. Please install it with: pip install apache-airflow[cncf.kubernetes]
[2025-07-04T15:41:14.697+0530] {processor.py:841} WARNING - No viable dags retrieved from /Users/vaish/databorn_etl_project/retail_etl/etl_pipeline_project/venv/lib/python3.10/site-packages/airflow/example_dags/example_kubernetes_executor.py
[2025-07-04T15:41:14.859+0530] {processor.py:179} INFO - Processing /Users/vaish/databorn_etl_project/retail_etl/etl_pipeline_project/venv/lib/python3.10/site-packages/airflow/example_dags/example_kubernetes_executor.py took 0.224 seconds
[2025-07-04T15:44:20.708+0530] {processor.py:157} INFO - Started process (PID=24389) to work on /Users/vaish/databorn_etl_project/retail_etl/etl_pipeline_project/venv/lib/python3.10/site-packages/airflow/example_dags/example_kubernetes_executor.py
[2025-07-04T15:44:20.709+0530] {processor.py:829} INFO - Processing file /Users/vaish/databorn_etl_project/retail_etl/etl_pipeline_project/venv/lib/python3.10/site-packages/airflow/example_dags/example_kubernetes_executor.py for tasks to queue
[2025-07-04T15:44:20.710+0530] {logging_mixin.py:154} INFO - [2025-07-04T15:44:20.709+0530] {dagbag.py:536} INFO - Filling up the DagBag from /Users/vaish/databorn_etl_project/retail_etl/etl_pipeline_project/venv/lib/python3.10/site-packages/airflow/example_dags/example_kubernetes_executor.py
[2025-07-04T15:44:20.770+0530] {logging_mixin.py:154} INFO - [2025-07-04T15:44:20.770+0530] {example_kubernetes_executor.py:38} WARNING - The example_kubernetes_executor example DAG requires the kubernetes provider. Please install it with: pip install apache-airflow[cncf.kubernetes]
[2025-07-04T15:44:20.771+0530] {processor.py:841} WARNING - No viable dags retrieved from /Users/vaish/databorn_etl_project/retail_etl/etl_pipeline_project/venv/lib/python3.10/site-packages/airflow/example_dags/example_kubernetes_executor.py
[2025-07-04T15:44:20.936+0530] {processor.py:179} INFO - Processing /Users/vaish/databorn_etl_project/retail_etl/etl_pipeline_project/venv/lib/python3.10/site-packages/airflow/example_dags/example_kubernetes_executor.py took 0.229 seconds
[2025-07-04T15:44:58.804+0530] {processor.py:157} INFO - Started process (PID=24513) to work on /Users/vaish/databorn_etl_project/retail_etl/etl_pipeline_project/venv/lib/python3.10/site-packages/airflow/example_dags/example_kubernetes_executor.py
[2025-07-04T15:44:58.805+0530] {processor.py:829} INFO - Processing file /Users/vaish/databorn_etl_project/retail_etl/etl_pipeline_project/venv/lib/python3.10/site-packages/airflow/example_dags/example_kubernetes_executor.py for tasks to queue
[2025-07-04T15:44:58.805+0530] {logging_mixin.py:154} INFO - [2025-07-04T15:44:58.805+0530] {dagbag.py:536} INFO - Filling up the DagBag from /Users/vaish/databorn_etl_project/retail_etl/etl_pipeline_project/venv/lib/python3.10/site-packages/airflow/example_dags/example_kubernetes_executor.py
[2025-07-04T15:44:58.857+0530] {logging_mixin.py:154} INFO - [2025-07-04T15:44:58.857+0530] {example_kubernetes_executor.py:38} WARNING - The example_kubernetes_executor example DAG requires the kubernetes provider. Please install it with: pip install apache-airflow[cncf.kubernetes]
[2025-07-04T15:44:58.858+0530] {processor.py:841} WARNING - No viable dags retrieved from /Users/vaish/databorn_etl_project/retail_etl/etl_pipeline_project/venv/lib/python3.10/site-packages/airflow/example_dags/example_kubernetes_executor.py
[2025-07-04T15:44:59.003+0530] {processor.py:179} INFO - Processing /Users/vaish/databorn_etl_project/retail_etl/etl_pipeline_project/venv/lib/python3.10/site-packages/airflow/example_dags/example_kubernetes_executor.py took 0.200 seconds
[2025-07-04T15:48:13.232+0530] {processor.py:157} INFO - Started process (PID=24966) to work on /Users/vaish/databorn_etl_project/retail_etl/etl_pipeline_project/venv/lib/python3.10/site-packages/airflow/example_dags/example_kubernetes_executor.py
[2025-07-04T15:48:13.239+0530] {processor.py:829} INFO - Processing file /Users/vaish/databorn_etl_project/retail_etl/etl_pipeline_project/venv/lib/python3.10/site-packages/airflow/example_dags/example_kubernetes_executor.py for tasks to queue
[2025-07-04T15:48:13.240+0530] {logging_mixin.py:154} INFO - [2025-07-04T15:48:13.240+0530] {dagbag.py:536} INFO - Filling up the DagBag from /Users/vaish/databorn_etl_project/retail_etl/etl_pipeline_project/venv/lib/python3.10/site-packages/airflow/example_dags/example_kubernetes_executor.py
[2025-07-04T15:48:13.324+0530] {logging_mixin.py:154} INFO - [2025-07-04T15:48:13.323+0530] {example_kubernetes_executor.py:38} WARNING - The example_kubernetes_executor example DAG requires the kubernetes provider. Please install it with: pip install apache-airflow[cncf.kubernetes]
[2025-07-04T15:48:13.325+0530] {processor.py:841} WARNING - No viable dags retrieved from /Users/vaish/databorn_etl_project/retail_etl/etl_pipeline_project/venv/lib/python3.10/site-packages/airflow/example_dags/example_kubernetes_executor.py
[2025-07-04T15:48:13.533+0530] {processor.py:179} INFO - Processing /Users/vaish/databorn_etl_project/retail_etl/etl_pipeline_project/venv/lib/python3.10/site-packages/airflow/example_dags/example_kubernetes_executor.py took 0.303 seconds
[2025-07-04T15:48:47.507+0530] {processor.py:157} INFO - Started process (PID=25084) to work on /Users/vaish/databorn_etl_project/retail_etl/etl_pipeline_project/venv/lib/python3.10/site-packages/airflow/example_dags/example_kubernetes_executor.py
[2025-07-04T15:48:47.508+0530] {processor.py:829} INFO - Processing file /Users/vaish/databorn_etl_project/retail_etl/etl_pipeline_project/venv/lib/python3.10/site-packages/airflow/example_dags/example_kubernetes_executor.py for tasks to queue
[2025-07-04T15:48:47.508+0530] {logging_mixin.py:154} INFO - [2025-07-04T15:48:47.508+0530] {dagbag.py:536} INFO - Filling up the DagBag from /Users/vaish/databorn_etl_project/retail_etl/etl_pipeline_project/venv/lib/python3.10/site-packages/airflow/example_dags/example_kubernetes_executor.py
[2025-07-04T15:48:47.562+0530] {logging_mixin.py:154} INFO - [2025-07-04T15:48:47.561+0530] {example_kubernetes_executor.py:38} WARNING - The example_kubernetes_executor example DAG requires the kubernetes provider. Please install it with: pip install apache-airflow[cncf.kubernetes]
[2025-07-04T15:48:47.562+0530] {processor.py:841} WARNING - No viable dags retrieved from /Users/vaish/databorn_etl_project/retail_etl/etl_pipeline_project/venv/lib/python3.10/site-packages/airflow/example_dags/example_kubernetes_executor.py
[2025-07-04T15:48:47.703+0530] {processor.py:179} INFO - Processing /Users/vaish/databorn_etl_project/retail_etl/etl_pipeline_project/venv/lib/python3.10/site-packages/airflow/example_dags/example_kubernetes_executor.py took 0.198 seconds
[2025-07-04T15:51:42.314+0530] {processor.py:157} INFO - Started process (PID=25524) to work on /Users/vaish/databorn_etl_project/retail_etl/etl_pipeline_project/venv/lib/python3.10/site-packages/airflow/example_dags/example_kubernetes_executor.py
[2025-07-04T15:51:42.315+0530] {processor.py:829} INFO - Processing file /Users/vaish/databorn_etl_project/retail_etl/etl_pipeline_project/venv/lib/python3.10/site-packages/airflow/example_dags/example_kubernetes_executor.py for tasks to queue
[2025-07-04T15:51:42.316+0530] {logging_mixin.py:154} INFO - [2025-07-04T15:51:42.315+0530] {dagbag.py:536} INFO - Filling up the DagBag from /Users/vaish/databorn_etl_project/retail_etl/etl_pipeline_project/venv/lib/python3.10/site-packages/airflow/example_dags/example_kubernetes_executor.py
[2025-07-04T15:51:42.366+0530] {logging_mixin.py:154} INFO - [2025-07-04T15:51:42.366+0530] {example_kubernetes_executor.py:38} WARNING - The example_kubernetes_executor example DAG requires the kubernetes provider. Please install it with: pip install apache-airflow[cncf.kubernetes]
[2025-07-04T15:51:42.367+0530] {processor.py:841} WARNING - No viable dags retrieved from /Users/vaish/databorn_etl_project/retail_etl/etl_pipeline_project/venv/lib/python3.10/site-packages/airflow/example_dags/example_kubernetes_executor.py
[2025-07-04T15:51:42.515+0530] {processor.py:179} INFO - Processing /Users/vaish/databorn_etl_project/retail_etl/etl_pipeline_project/venv/lib/python3.10/site-packages/airflow/example_dags/example_kubernetes_executor.py took 0.203 seconds
[2025-07-04T15:52:20.386+0530] {processor.py:157} INFO - Started process (PID=25609) to work on /Users/vaish/databorn_etl_project/retail_etl/etl_pipeline_project/venv/lib/python3.10/site-packages/airflow/example_dags/example_kubernetes_executor.py
[2025-07-04T15:52:20.387+0530] {processor.py:829} INFO - Processing file /Users/vaish/databorn_etl_project/retail_etl/etl_pipeline_project/venv/lib/python3.10/site-packages/airflow/example_dags/example_kubernetes_executor.py for tasks to queue
[2025-07-04T15:52:20.388+0530] {logging_mixin.py:154} INFO - [2025-07-04T15:52:20.388+0530] {dagbag.py:536} INFO - Filling up the DagBag from /Users/vaish/databorn_etl_project/retail_etl/etl_pipeline_project/venv/lib/python3.10/site-packages/airflow/example_dags/example_kubernetes_executor.py
[2025-07-04T15:52:20.439+0530] {logging_mixin.py:154} INFO - [2025-07-04T15:52:20.439+0530] {example_kubernetes_executor.py:38} WARNING - The example_kubernetes_executor example DAG requires the kubernetes provider. Please install it with: pip install apache-airflow[cncf.kubernetes]
[2025-07-04T15:52:20.439+0530] {processor.py:841} WARNING - No viable dags retrieved from /Users/vaish/databorn_etl_project/retail_etl/etl_pipeline_project/venv/lib/python3.10/site-packages/airflow/example_dags/example_kubernetes_executor.py
[2025-07-04T15:52:20.582+0530] {processor.py:179} INFO - Processing /Users/vaish/databorn_etl_project/retail_etl/etl_pipeline_project/venv/lib/python3.10/site-packages/airflow/example_dags/example_kubernetes_executor.py took 0.197 seconds
[2025-07-04T15:55:18.493+0530] {processor.py:157} INFO - Started process (PID=26039) to work on /Users/vaish/databorn_etl_project/retail_etl/etl_pipeline_project/venv/lib/python3.10/site-packages/airflow/example_dags/example_kubernetes_executor.py
[2025-07-04T15:55:18.500+0530] {processor.py:829} INFO - Processing file /Users/vaish/databorn_etl_project/retail_etl/etl_pipeline_project/venv/lib/python3.10/site-packages/airflow/example_dags/example_kubernetes_executor.py for tasks to queue
[2025-07-04T15:55:18.501+0530] {logging_mixin.py:154} INFO - [2025-07-04T15:55:18.500+0530] {dagbag.py:536} INFO - Filling up the DagBag from /Users/vaish/databorn_etl_project/retail_etl/etl_pipeline_project/venv/lib/python3.10/site-packages/airflow/example_dags/example_kubernetes_executor.py
[2025-07-04T15:55:18.557+0530] {logging_mixin.py:154} INFO - [2025-07-04T15:55:18.557+0530] {example_kubernetes_executor.py:38} WARNING - The example_kubernetes_executor example DAG requires the kubernetes provider. Please install it with: pip install apache-airflow[cncf.kubernetes]
[2025-07-04T15:55:18.557+0530] {processor.py:841} WARNING - No viable dags retrieved from /Users/vaish/databorn_etl_project/retail_etl/etl_pipeline_project/venv/lib/python3.10/site-packages/airflow/example_dags/example_kubernetes_executor.py
[2025-07-04T15:55:18.726+0530] {processor.py:179} INFO - Processing /Users/vaish/databorn_etl_project/retail_etl/etl_pipeline_project/venv/lib/python3.10/site-packages/airflow/example_dags/example_kubernetes_executor.py took 0.234 seconds
[2025-07-04T15:55:52.622+0530] {processor.py:157} INFO - Started process (PID=26129) to work on /Users/vaish/databorn_etl_project/retail_etl/etl_pipeline_project/venv/lib/python3.10/site-packages/airflow/example_dags/example_kubernetes_executor.py
[2025-07-04T15:55:52.623+0530] {processor.py:829} INFO - Processing file /Users/vaish/databorn_etl_project/retail_etl/etl_pipeline_project/venv/lib/python3.10/site-packages/airflow/example_dags/example_kubernetes_executor.py for tasks to queue
[2025-07-04T15:55:52.624+0530] {logging_mixin.py:154} INFO - [2025-07-04T15:55:52.624+0530] {dagbag.py:536} INFO - Filling up the DagBag from /Users/vaish/databorn_etl_project/retail_etl/etl_pipeline_project/venv/lib/python3.10/site-packages/airflow/example_dags/example_kubernetes_executor.py
[2025-07-04T15:55:52.680+0530] {logging_mixin.py:154} INFO - [2025-07-04T15:55:52.680+0530] {example_kubernetes_executor.py:38} WARNING - The example_kubernetes_executor example DAG requires the kubernetes provider. Please install it with: pip install apache-airflow[cncf.kubernetes]
[2025-07-04T15:55:52.680+0530] {processor.py:841} WARNING - No viable dags retrieved from /Users/vaish/databorn_etl_project/retail_etl/etl_pipeline_project/venv/lib/python3.10/site-packages/airflow/example_dags/example_kubernetes_executor.py
[2025-07-04T15:55:52.842+0530] {processor.py:179} INFO - Processing /Users/vaish/databorn_etl_project/retail_etl/etl_pipeline_project/venv/lib/python3.10/site-packages/airflow/example_dags/example_kubernetes_executor.py took 0.220 seconds
[2025-07-04T15:58:46.620+0530] {processor.py:157} INFO - Started process (PID=27747) to work on /Users/vaish/databorn_etl_project/retail_etl/etl_pipeline_project/venv/lib/python3.10/site-packages/airflow/example_dags/example_kubernetes_executor.py
[2025-07-04T15:58:46.620+0530] {processor.py:829} INFO - Processing file /Users/vaish/databorn_etl_project/retail_etl/etl_pipeline_project/venv/lib/python3.10/site-packages/airflow/example_dags/example_kubernetes_executor.py for tasks to queue
[2025-07-04T15:58:46.621+0530] {logging_mixin.py:154} INFO - [2025-07-04T15:58:46.621+0530] {dagbag.py:536} INFO - Filling up the DagBag from /Users/vaish/databorn_etl_project/retail_etl/etl_pipeline_project/venv/lib/python3.10/site-packages/airflow/example_dags/example_kubernetes_executor.py
[2025-07-04T15:58:46.676+0530] {logging_mixin.py:154} INFO - [2025-07-04T15:58:46.676+0530] {example_kubernetes_executor.py:38} WARNING - The example_kubernetes_executor example DAG requires the kubernetes provider. Please install it with: pip install apache-airflow[cncf.kubernetes]
[2025-07-04T15:58:46.676+0530] {processor.py:841} WARNING - No viable dags retrieved from /Users/vaish/databorn_etl_project/retail_etl/etl_pipeline_project/venv/lib/python3.10/site-packages/airflow/example_dags/example_kubernetes_executor.py
[2025-07-04T15:58:46.837+0530] {processor.py:179} INFO - Processing /Users/vaish/databorn_etl_project/retail_etl/etl_pipeline_project/venv/lib/python3.10/site-packages/airflow/example_dags/example_kubernetes_executor.py took 0.219 seconds
[2025-07-04T15:59:15.696+0530] {processor.py:157} INFO - Started process (PID=28335) to work on /Users/vaish/databorn_etl_project/retail_etl/etl_pipeline_project/venv/lib/python3.10/site-packages/airflow/example_dags/example_kubernetes_executor.py
[2025-07-04T15:59:15.697+0530] {processor.py:829} INFO - Processing file /Users/vaish/databorn_etl_project/retail_etl/etl_pipeline_project/venv/lib/python3.10/site-packages/airflow/example_dags/example_kubernetes_executor.py for tasks to queue
[2025-07-04T15:59:15.697+0530] {logging_mixin.py:154} INFO - [2025-07-04T15:59:15.697+0530] {dagbag.py:536} INFO - Filling up the DagBag from /Users/vaish/databorn_etl_project/retail_etl/etl_pipeline_project/venv/lib/python3.10/site-packages/airflow/example_dags/example_kubernetes_executor.py
[2025-07-04T15:59:15.745+0530] {logging_mixin.py:154} INFO - [2025-07-04T15:59:15.744+0530] {example_kubernetes_executor.py:38} WARNING - The example_kubernetes_executor example DAG requires the kubernetes provider. Please install it with: pip install apache-airflow[cncf.kubernetes]
[2025-07-04T15:59:15.745+0530] {processor.py:841} WARNING - No viable dags retrieved from /Users/vaish/databorn_etl_project/retail_etl/etl_pipeline_project/venv/lib/python3.10/site-packages/airflow/example_dags/example_kubernetes_executor.py
[2025-07-04T15:59:15.880+0530] {processor.py:179} INFO - Processing /Users/vaish/databorn_etl_project/retail_etl/etl_pipeline_project/venv/lib/python3.10/site-packages/airflow/example_dags/example_kubernetes_executor.py took 0.186 seconds
[2025-07-04T16:02:16.107+0530] {processor.py:157} INFO - Started process (PID=30205) to work on /Users/vaish/databorn_etl_project/retail_etl/etl_pipeline_project/venv/lib/python3.10/site-packages/airflow/example_dags/example_kubernetes_executor.py
[2025-07-04T16:02:16.114+0530] {processor.py:829} INFO - Processing file /Users/vaish/databorn_etl_project/retail_etl/etl_pipeline_project/venv/lib/python3.10/site-packages/airflow/example_dags/example_kubernetes_executor.py for tasks to queue
[2025-07-04T16:02:16.115+0530] {logging_mixin.py:154} INFO - [2025-07-04T16:02:16.115+0530] {dagbag.py:536} INFO - Filling up the DagBag from /Users/vaish/databorn_etl_project/retail_etl/etl_pipeline_project/venv/lib/python3.10/site-packages/airflow/example_dags/example_kubernetes_executor.py
[2025-07-04T16:02:16.168+0530] {logging_mixin.py:154} INFO - [2025-07-04T16:02:16.167+0530] {example_kubernetes_executor.py:38} WARNING - The example_kubernetes_executor example DAG requires the kubernetes provider. Please install it with: pip install apache-airflow[cncf.kubernetes]
[2025-07-04T16:02:16.168+0530] {processor.py:841} WARNING - No viable dags retrieved from /Users/vaish/databorn_etl_project/retail_etl/etl_pipeline_project/venv/lib/python3.10/site-packages/airflow/example_dags/example_kubernetes_executor.py
[2025-07-04T16:02:16.309+0530] {processor.py:179} INFO - Processing /Users/vaish/databorn_etl_project/retail_etl/etl_pipeline_project/venv/lib/python3.10/site-packages/airflow/example_dags/example_kubernetes_executor.py took 0.204 seconds
[2025-07-04T16:02:46.065+0530] {processor.py:157} INFO - Started process (PID=30790) to work on /Users/vaish/databorn_etl_project/retail_etl/etl_pipeline_project/venv/lib/python3.10/site-packages/airflow/example_dags/example_kubernetes_executor.py
[2025-07-04T16:02:46.066+0530] {processor.py:829} INFO - Processing file /Users/vaish/databorn_etl_project/retail_etl/etl_pipeline_project/venv/lib/python3.10/site-packages/airflow/example_dags/example_kubernetes_executor.py for tasks to queue
[2025-07-04T16:02:46.067+0530] {logging_mixin.py:154} INFO - [2025-07-04T16:02:46.067+0530] {dagbag.py:536} INFO - Filling up the DagBag from /Users/vaish/databorn_etl_project/retail_etl/etl_pipeline_project/venv/lib/python3.10/site-packages/airflow/example_dags/example_kubernetes_executor.py
[2025-07-04T16:02:46.119+0530] {logging_mixin.py:154} INFO - [2025-07-04T16:02:46.119+0530] {example_kubernetes_executor.py:38} WARNING - The example_kubernetes_executor example DAG requires the kubernetes provider. Please install it with: pip install apache-airflow[cncf.kubernetes]
[2025-07-04T16:02:46.119+0530] {processor.py:841} WARNING - No viable dags retrieved from /Users/vaish/databorn_etl_project/retail_etl/etl_pipeline_project/venv/lib/python3.10/site-packages/airflow/example_dags/example_kubernetes_executor.py
[2025-07-04T16:02:46.281+0530] {processor.py:179} INFO - Processing /Users/vaish/databorn_etl_project/retail_etl/etl_pipeline_project/venv/lib/python3.10/site-packages/airflow/example_dags/example_kubernetes_executor.py took 0.218 seconds
[2025-07-04T16:05:58.983+0530] {processor.py:157} INFO - Started process (PID=31553) to work on /Users/vaish/databorn_etl_project/retail_etl/etl_pipeline_project/venv/lib/python3.10/site-packages/airflow/example_dags/example_kubernetes_executor.py
[2025-07-04T16:05:58.986+0530] {processor.py:829} INFO - Processing file /Users/vaish/databorn_etl_project/retail_etl/etl_pipeline_project/venv/lib/python3.10/site-packages/airflow/example_dags/example_kubernetes_executor.py for tasks to queue
[2025-07-04T16:05:58.987+0530] {logging_mixin.py:154} INFO - [2025-07-04T16:05:58.987+0530] {dagbag.py:536} INFO - Filling up the DagBag from /Users/vaish/databorn_etl_project/retail_etl/etl_pipeline_project/venv/lib/python3.10/site-packages/airflow/example_dags/example_kubernetes_executor.py
[2025-07-04T16:05:59.038+0530] {logging_mixin.py:154} INFO - [2025-07-04T16:05:59.038+0530] {example_kubernetes_executor.py:38} WARNING - The example_kubernetes_executor example DAG requires the kubernetes provider. Please install it with: pip install apache-airflow[cncf.kubernetes]
[2025-07-04T16:05:59.038+0530] {processor.py:841} WARNING - No viable dags retrieved from /Users/vaish/databorn_etl_project/retail_etl/etl_pipeline_project/venv/lib/python3.10/site-packages/airflow/example_dags/example_kubernetes_executor.py
[2025-07-04T16:05:59.183+0530] {processor.py:179} INFO - Processing /Users/vaish/databorn_etl_project/retail_etl/etl_pipeline_project/venv/lib/python3.10/site-packages/airflow/example_dags/example_kubernetes_executor.py took 0.201 seconds
[2025-07-04T16:06:30.525+0530] {processor.py:157} INFO - Started process (PID=31892) to work on /Users/vaish/databorn_etl_project/retail_etl/etl_pipeline_project/venv/lib/python3.10/site-packages/airflow/example_dags/example_kubernetes_executor.py
[2025-07-04T16:06:30.526+0530] {processor.py:829} INFO - Processing file /Users/vaish/databorn_etl_project/retail_etl/etl_pipeline_project/venv/lib/python3.10/site-packages/airflow/example_dags/example_kubernetes_executor.py for tasks to queue
[2025-07-04T16:06:30.527+0530] {logging_mixin.py:154} INFO - [2025-07-04T16:06:30.527+0530] {dagbag.py:536} INFO - Filling up the DagBag from /Users/vaish/databorn_etl_project/retail_etl/etl_pipeline_project/venv/lib/python3.10/site-packages/airflow/example_dags/example_kubernetes_executor.py
[2025-07-04T16:06:30.576+0530] {logging_mixin.py:154} INFO - [2025-07-04T16:06:30.575+0530] {example_kubernetes_executor.py:38} WARNING - The example_kubernetes_executor example DAG requires the kubernetes provider. Please install it with: pip install apache-airflow[cncf.kubernetes]
[2025-07-04T16:06:30.576+0530] {processor.py:841} WARNING - No viable dags retrieved from /Users/vaish/databorn_etl_project/retail_etl/etl_pipeline_project/venv/lib/python3.10/site-packages/airflow/example_dags/example_kubernetes_executor.py
[2025-07-04T16:06:30.719+0530] {processor.py:179} INFO - Processing /Users/vaish/databorn_etl_project/retail_etl/etl_pipeline_project/venv/lib/python3.10/site-packages/airflow/example_dags/example_kubernetes_executor.py took 0.195 seconds
[2025-07-04T16:09:35.152+0530] {processor.py:157} INFO - Started process (PID=32442) to work on /Users/vaish/databorn_etl_project/retail_etl/etl_pipeline_project/venv/lib/python3.10/site-packages/airflow/example_dags/example_kubernetes_executor.py
[2025-07-04T16:09:35.159+0530] {processor.py:829} INFO - Processing file /Users/vaish/databorn_etl_project/retail_etl/etl_pipeline_project/venv/lib/python3.10/site-packages/airflow/example_dags/example_kubernetes_executor.py for tasks to queue
[2025-07-04T16:09:35.160+0530] {logging_mixin.py:154} INFO - [2025-07-04T16:09:35.159+0530] {dagbag.py:536} INFO - Filling up the DagBag from /Users/vaish/databorn_etl_project/retail_etl/etl_pipeline_project/venv/lib/python3.10/site-packages/airflow/example_dags/example_kubernetes_executor.py
[2025-07-04T16:09:35.216+0530] {logging_mixin.py:154} INFO - [2025-07-04T16:09:35.216+0530] {example_kubernetes_executor.py:38} WARNING - The example_kubernetes_executor example DAG requires the kubernetes provider. Please install it with: pip install apache-airflow[cncf.kubernetes]
[2025-07-04T16:09:35.217+0530] {processor.py:841} WARNING - No viable dags retrieved from /Users/vaish/databorn_etl_project/retail_etl/etl_pipeline_project/venv/lib/python3.10/site-packages/airflow/example_dags/example_kubernetes_executor.py
[2025-07-04T16:09:35.394+0530] {processor.py:179} INFO - Processing /Users/vaish/databorn_etl_project/retail_etl/etl_pipeline_project/venv/lib/python3.10/site-packages/airflow/example_dags/example_kubernetes_executor.py took 0.244 seconds
[2025-07-04T16:10:05.690+0530] {processor.py:157} INFO - Started process (PID=32705) to work on /Users/vaish/databorn_etl_project/retail_etl/etl_pipeline_project/venv/lib/python3.10/site-packages/airflow/example_dags/example_kubernetes_executor.py
[2025-07-04T16:10:05.691+0530] {processor.py:829} INFO - Processing file /Users/vaish/databorn_etl_project/retail_etl/etl_pipeline_project/venv/lib/python3.10/site-packages/airflow/example_dags/example_kubernetes_executor.py for tasks to queue
[2025-07-04T16:10:05.692+0530] {logging_mixin.py:154} INFO - [2025-07-04T16:10:05.691+0530] {dagbag.py:536} INFO - Filling up the DagBag from /Users/vaish/databorn_etl_project/retail_etl/etl_pipeline_project/venv/lib/python3.10/site-packages/airflow/example_dags/example_kubernetes_executor.py
[2025-07-04T16:10:05.747+0530] {logging_mixin.py:154} INFO - [2025-07-04T16:10:05.747+0530] {example_kubernetes_executor.py:38} WARNING - The example_kubernetes_executor example DAG requires the kubernetes provider. Please install it with: pip install apache-airflow[cncf.kubernetes]
[2025-07-04T16:10:05.747+0530] {processor.py:841} WARNING - No viable dags retrieved from /Users/vaish/databorn_etl_project/retail_etl/etl_pipeline_project/venv/lib/python3.10/site-packages/airflow/example_dags/example_kubernetes_executor.py
[2025-07-04T16:10:05.904+0530] {processor.py:179} INFO - Processing /Users/vaish/databorn_etl_project/retail_etl/etl_pipeline_project/venv/lib/python3.10/site-packages/airflow/example_dags/example_kubernetes_executor.py took 0.216 seconds
[2025-07-04T16:12:56.744+0530] {processor.py:157} INFO - Started process (PID=33250) to work on /Users/vaish/databorn_etl_project/retail_etl/etl_pipeline_project/venv/lib/python3.10/site-packages/airflow/example_dags/example_kubernetes_executor.py
[2025-07-04T16:12:56.751+0530] {processor.py:829} INFO - Processing file /Users/vaish/databorn_etl_project/retail_etl/etl_pipeline_project/venv/lib/python3.10/site-packages/airflow/example_dags/example_kubernetes_executor.py for tasks to queue
[2025-07-04T16:12:56.752+0530] {logging_mixin.py:154} INFO - [2025-07-04T16:12:56.752+0530] {dagbag.py:536} INFO - Filling up the DagBag from /Users/vaish/databorn_etl_project/retail_etl/etl_pipeline_project/venv/lib/python3.10/site-packages/airflow/example_dags/example_kubernetes_executor.py
[2025-07-04T16:12:56.805+0530] {logging_mixin.py:154} INFO - [2025-07-04T16:12:56.805+0530] {example_kubernetes_executor.py:38} WARNING - The example_kubernetes_executor example DAG requires the kubernetes provider. Please install it with: pip install apache-airflow[cncf.kubernetes]
[2025-07-04T16:12:56.805+0530] {processor.py:841} WARNING - No viable dags retrieved from /Users/vaish/databorn_etl_project/retail_etl/etl_pipeline_project/venv/lib/python3.10/site-packages/airflow/example_dags/example_kubernetes_executor.py
[2025-07-04T16:12:57.011+0530] {processor.py:179} INFO - Processing /Users/vaish/databorn_etl_project/retail_etl/etl_pipeline_project/venv/lib/python3.10/site-packages/airflow/example_dags/example_kubernetes_executor.py took 0.268 seconds
[2025-07-04T16:13:54.212+0530] {processor.py:157} INFO - Started process (PID=33393) to work on /Users/vaish/databorn_etl_project/retail_etl/etl_pipeline_project/venv/lib/python3.10/site-packages/airflow/example_dags/example_kubernetes_executor.py
[2025-07-04T16:13:54.213+0530] {processor.py:829} INFO - Processing file /Users/vaish/databorn_etl_project/retail_etl/etl_pipeline_project/venv/lib/python3.10/site-packages/airflow/example_dags/example_kubernetes_executor.py for tasks to queue
[2025-07-04T16:13:54.214+0530] {logging_mixin.py:154} INFO - [2025-07-04T16:13:54.213+0530] {dagbag.py:536} INFO - Filling up the DagBag from /Users/vaish/databorn_etl_project/retail_etl/etl_pipeline_project/venv/lib/python3.10/site-packages/airflow/example_dags/example_kubernetes_executor.py
[2025-07-04T16:13:54.264+0530] {logging_mixin.py:154} INFO - [2025-07-04T16:13:54.264+0530] {example_kubernetes_executor.py:38} WARNING - The example_kubernetes_executor example DAG requires the kubernetes provider. Please install it with: pip install apache-airflow[cncf.kubernetes]
[2025-07-04T16:13:54.265+0530] {processor.py:841} WARNING - No viable dags retrieved from /Users/vaish/databorn_etl_project/retail_etl/etl_pipeline_project/venv/lib/python3.10/site-packages/airflow/example_dags/example_kubernetes_executor.py
[2025-07-04T16:13:54.412+0530] {processor.py:179} INFO - Processing /Users/vaish/databorn_etl_project/retail_etl/etl_pipeline_project/venv/lib/python3.10/site-packages/airflow/example_dags/example_kubernetes_executor.py took 0.201 seconds
[2025-07-04T16:15:08.732+0530] {processor.py:157} INFO - Started process (PID=33572) to work on /Users/vaish/databorn_etl_project/retail_etl/etl_pipeline_project/venv/lib/python3.10/site-packages/airflow/example_dags/example_kubernetes_executor.py
[2025-07-04T16:15:08.732+0530] {processor.py:829} INFO - Processing file /Users/vaish/databorn_etl_project/retail_etl/etl_pipeline_project/venv/lib/python3.10/site-packages/airflow/example_dags/example_kubernetes_executor.py for tasks to queue
[2025-07-04T16:15:08.734+0530] {logging_mixin.py:154} INFO - [2025-07-04T16:15:08.733+0530] {dagbag.py:536} INFO - Filling up the DagBag from /Users/vaish/databorn_etl_project/retail_etl/etl_pipeline_project/venv/lib/python3.10/site-packages/airflow/example_dags/example_kubernetes_executor.py
[2025-07-04T16:15:08.794+0530] {logging_mixin.py:154} INFO - [2025-07-04T16:15:08.794+0530] {example_kubernetes_executor.py:38} WARNING - The example_kubernetes_executor example DAG requires the kubernetes provider. Please install it with: pip install apache-airflow[cncf.kubernetes]
[2025-07-04T16:15:08.794+0530] {processor.py:841} WARNING - No viable dags retrieved from /Users/vaish/databorn_etl_project/retail_etl/etl_pipeline_project/venv/lib/python3.10/site-packages/airflow/example_dags/example_kubernetes_executor.py
[2025-07-04T16:15:08.990+0530] {processor.py:179} INFO - Processing /Users/vaish/databorn_etl_project/retail_etl/etl_pipeline_project/venv/lib/python3.10/site-packages/airflow/example_dags/example_kubernetes_executor.py took 0.260 seconds
