[2025-07-04T14:06:13.196+0530] {processor.py:157} INFO - Started process (PID=11742) to work on /Users/vaish/databorn_etl_project/retail_etl/etl_pipeline_project/venv/lib/python3.10/site-packages/airflow/example_dags/example_bash_operator.py
[2025-07-04T14:06:13.197+0530] {processor.py:829} INFO - Processing file /Users/vaish/databorn_etl_project/retail_etl/etl_pipeline_project/venv/lib/python3.10/site-packages/airflow/example_dags/example_bash_operator.py for tasks to queue
[2025-07-04T14:06:13.198+0530] {logging_mixin.py:154} INFO - [2025-07-04T14:06:13.197+0530] {dagbag.py:536} INFO - Filling up the DagBag from /Users/vaish/databorn_etl_project/retail_etl/etl_pipeline_project/venv/lib/python3.10/site-packages/airflow/example_dags/example_bash_operator.py
[2025-07-04T14:06:13.284+0530] {processor.py:839} INFO - DAG(s) dict_keys(['example_bash_operator']) retrieved from /Users/vaish/databorn_etl_project/retail_etl/etl_pipeline_project/venv/lib/python3.10/site-packages/airflow/example_dags/example_bash_operator.py
[2025-07-04T14:06:13.960+0530] {logging_mixin.py:154} INFO - [2025-07-04T14:06:13.959+0530] {manager.py:499} INFO - Created Permission View: %s
[2025-07-04T14:06:13.970+0530] {logging_mixin.py:154} INFO - [2025-07-04T14:06:13.970+0530] {manager.py:499} INFO - Created Permission View: %s
[2025-07-04T14:06:13.977+0530] {logging_mixin.py:154} INFO - [2025-07-04T14:06:13.977+0530] {manager.py:499} INFO - Created Permission View: %s
[2025-07-04T14:06:13.977+0530] {logging_mixin.py:154} INFO - [2025-07-04T14:06:13.977+0530] {dag.py:2941} INFO - Sync 1 DAGs
[2025-07-04T14:06:13.989+0530] {logging_mixin.py:154} INFO - [2025-07-04T14:06:13.989+0530] {dag.py:2963} INFO - Creating ORM DAG for example_bash_operator
[2025-07-04T14:06:14.001+0530] {logging_mixin.py:154} INFO - [2025-07-04T14:06:14.001+0530] {dag.py:3722} INFO - Setting next_dagrun for example_bash_operator to 2025-07-03T00:00:00+00:00, run_after=2025-07-04T00:00:00+00:00
[2025-07-04T14:06:14.022+0530] {processor.py:179} INFO - Processing /Users/vaish/databorn_etl_project/retail_etl/etl_pipeline_project/venv/lib/python3.10/site-packages/airflow/example_dags/example_bash_operator.py took 0.827 seconds
[2025-07-04T14:12:31.740+0530] {processor.py:157} INFO - Started process (PID=12310) to work on /Users/vaish/databorn_etl_project/retail_etl/etl_pipeline_project/venv/lib/python3.10/site-packages/airflow/example_dags/example_bash_operator.py
[2025-07-04T14:12:31.741+0530] {processor.py:829} INFO - Processing file /Users/vaish/databorn_etl_project/retail_etl/etl_pipeline_project/venv/lib/python3.10/site-packages/airflow/example_dags/example_bash_operator.py for tasks to queue
[2025-07-04T14:12:31.742+0530] {logging_mixin.py:154} INFO - [2025-07-04T14:12:31.741+0530] {dagbag.py:536} INFO - Filling up the DagBag from /Users/vaish/databorn_etl_project/retail_etl/etl_pipeline_project/venv/lib/python3.10/site-packages/airflow/example_dags/example_bash_operator.py
[2025-07-04T14:12:31.819+0530] {processor.py:839} INFO - DAG(s) dict_keys(['example_bash_operator']) retrieved from /Users/vaish/databorn_etl_project/retail_etl/etl_pipeline_project/venv/lib/python3.10/site-packages/airflow/example_dags/example_bash_operator.py
[2025-07-04T14:12:31.996+0530] {logging_mixin.py:154} INFO - [2025-07-04T14:12:31.996+0530] {dag.py:2941} INFO - Sync 1 DAGs
[2025-07-04T14:12:32.018+0530] {logging_mixin.py:154} INFO - [2025-07-04T14:12:32.018+0530] {dag.py:3722} INFO - Setting next_dagrun for example_bash_operator to 2025-07-03T00:00:00+00:00, run_after=2025-07-04T00:00:00+00:00
[2025-07-04T14:12:32.049+0530] {processor.py:179} INFO - Processing /Users/vaish/databorn_etl_project/retail_etl/etl_pipeline_project/venv/lib/python3.10/site-packages/airflow/example_dags/example_bash_operator.py took 0.310 seconds
[2025-07-04T14:16:04.790+0530] {processor.py:157} INFO - Started process (PID=12644) to work on /Users/vaish/databorn_etl_project/retail_etl/etl_pipeline_project/venv/lib/python3.10/site-packages/airflow/example_dags/example_bash_operator.py
[2025-07-04T14:16:04.797+0530] {processor.py:829} INFO - Processing file /Users/vaish/databorn_etl_project/retail_etl/etl_pipeline_project/venv/lib/python3.10/site-packages/airflow/example_dags/example_bash_operator.py for tasks to queue
[2025-07-04T14:16:04.798+0530] {logging_mixin.py:154} INFO - [2025-07-04T14:16:04.798+0530] {dagbag.py:536} INFO - Filling up the DagBag from /Users/vaish/databorn_etl_project/retail_etl/etl_pipeline_project/venv/lib/python3.10/site-packages/airflow/example_dags/example_bash_operator.py
[2025-07-04T14:16:04.875+0530] {processor.py:839} INFO - DAG(s) dict_keys(['example_bash_operator']) retrieved from /Users/vaish/databorn_etl_project/retail_etl/etl_pipeline_project/venv/lib/python3.10/site-packages/airflow/example_dags/example_bash_operator.py
[2025-07-04T14:16:05.046+0530] {logging_mixin.py:154} INFO - [2025-07-04T14:16:05.046+0530] {dag.py:2941} INFO - Sync 1 DAGs
[2025-07-04T14:16:05.067+0530] {logging_mixin.py:154} INFO - [2025-07-04T14:16:05.066+0530] {dag.py:3722} INFO - Setting next_dagrun for example_bash_operator to 2025-07-03T00:00:00+00:00, run_after=2025-07-04T00:00:00+00:00
[2025-07-04T14:16:05.094+0530] {processor.py:179} INFO - Processing /Users/vaish/databorn_etl_project/retail_etl/etl_pipeline_project/venv/lib/python3.10/site-packages/airflow/example_dags/example_bash_operator.py took 0.305 seconds
[2025-07-04T14:19:13.465+0530] {processor.py:157} INFO - Started process (PID=12915) to work on /Users/vaish/databorn_etl_project/retail_etl/etl_pipeline_project/venv/lib/python3.10/site-packages/airflow/example_dags/example_bash_operator.py
[2025-07-04T14:19:13.466+0530] {processor.py:829} INFO - Processing file /Users/vaish/databorn_etl_project/retail_etl/etl_pipeline_project/venv/lib/python3.10/site-packages/airflow/example_dags/example_bash_operator.py for tasks to queue
[2025-07-04T14:19:13.466+0530] {logging_mixin.py:154} INFO - [2025-07-04T14:19:13.466+0530] {dagbag.py:536} INFO - Filling up the DagBag from /Users/vaish/databorn_etl_project/retail_etl/etl_pipeline_project/venv/lib/python3.10/site-packages/airflow/example_dags/example_bash_operator.py
[2025-07-04T14:19:13.549+0530] {processor.py:839} INFO - DAG(s) dict_keys(['example_bash_operator']) retrieved from /Users/vaish/databorn_etl_project/retail_etl/etl_pipeline_project/venv/lib/python3.10/site-packages/airflow/example_dags/example_bash_operator.py
[2025-07-04T14:19:13.732+0530] {logging_mixin.py:154} INFO - [2025-07-04T14:19:13.732+0530] {dag.py:2941} INFO - Sync 1 DAGs
[2025-07-04T14:19:13.755+0530] {logging_mixin.py:154} INFO - [2025-07-04T14:19:13.754+0530] {dag.py:3722} INFO - Setting next_dagrun for example_bash_operator to 2025-07-03T00:00:00+00:00, run_after=2025-07-04T00:00:00+00:00
[2025-07-04T14:19:13.786+0530] {processor.py:179} INFO - Processing /Users/vaish/databorn_etl_project/retail_etl/etl_pipeline_project/venv/lib/python3.10/site-packages/airflow/example_dags/example_bash_operator.py took 0.322 seconds
[2025-07-04T14:22:29.595+0530] {processor.py:157} INFO - Started process (PID=13238) to work on /Users/vaish/databorn_etl_project/retail_etl/etl_pipeline_project/venv/lib/python3.10/site-packages/airflow/example_dags/example_bash_operator.py
[2025-07-04T14:22:29.596+0530] {processor.py:829} INFO - Processing file /Users/vaish/databorn_etl_project/retail_etl/etl_pipeline_project/venv/lib/python3.10/site-packages/airflow/example_dags/example_bash_operator.py for tasks to queue
[2025-07-04T14:22:29.597+0530] {logging_mixin.py:154} INFO - [2025-07-04T14:22:29.597+0530] {dagbag.py:536} INFO - Filling up the DagBag from /Users/vaish/databorn_etl_project/retail_etl/etl_pipeline_project/venv/lib/python3.10/site-packages/airflow/example_dags/example_bash_operator.py
[2025-07-04T14:22:29.680+0530] {processor.py:839} INFO - DAG(s) dict_keys(['example_bash_operator']) retrieved from /Users/vaish/databorn_etl_project/retail_etl/etl_pipeline_project/venv/lib/python3.10/site-packages/airflow/example_dags/example_bash_operator.py
[2025-07-04T14:22:29.857+0530] {logging_mixin.py:154} INFO - [2025-07-04T14:22:29.857+0530] {dag.py:2941} INFO - Sync 1 DAGs
[2025-07-04T14:22:29.877+0530] {logging_mixin.py:154} INFO - [2025-07-04T14:22:29.877+0530] {dag.py:3722} INFO - Setting next_dagrun for example_bash_operator to 2025-07-03T00:00:00+00:00, run_after=2025-07-04T00:00:00+00:00
[2025-07-04T14:22:29.905+0530] {processor.py:179} INFO - Processing /Users/vaish/databorn_etl_project/retail_etl/etl_pipeline_project/venv/lib/python3.10/site-packages/airflow/example_dags/example_bash_operator.py took 0.311 seconds
[2025-07-04T14:25:55.106+0530] {processor.py:157} INFO - Started process (PID=13622) to work on /Users/vaish/databorn_etl_project/retail_etl/etl_pipeline_project/venv/lib/python3.10/site-packages/airflow/example_dags/example_bash_operator.py
[2025-07-04T14:25:55.107+0530] {processor.py:829} INFO - Processing file /Users/vaish/databorn_etl_project/retail_etl/etl_pipeline_project/venv/lib/python3.10/site-packages/airflow/example_dags/example_bash_operator.py for tasks to queue
[2025-07-04T14:25:55.108+0530] {logging_mixin.py:154} INFO - [2025-07-04T14:25:55.108+0530] {dagbag.py:536} INFO - Filling up the DagBag from /Users/vaish/databorn_etl_project/retail_etl/etl_pipeline_project/venv/lib/python3.10/site-packages/airflow/example_dags/example_bash_operator.py
[2025-07-04T14:25:55.191+0530] {processor.py:839} INFO - DAG(s) dict_keys(['example_bash_operator']) retrieved from /Users/vaish/databorn_etl_project/retail_etl/etl_pipeline_project/venv/lib/python3.10/site-packages/airflow/example_dags/example_bash_operator.py
[2025-07-04T14:25:55.379+0530] {logging_mixin.py:154} INFO - [2025-07-04T14:25:55.379+0530] {dag.py:2941} INFO - Sync 1 DAGs
[2025-07-04T14:25:55.401+0530] {logging_mixin.py:154} INFO - [2025-07-04T14:25:55.401+0530] {dag.py:3722} INFO - Setting next_dagrun for example_bash_operator to 2025-07-03T00:00:00+00:00, run_after=2025-07-04T00:00:00+00:00
[2025-07-04T14:25:55.429+0530] {processor.py:179} INFO - Processing /Users/vaish/databorn_etl_project/retail_etl/etl_pipeline_project/venv/lib/python3.10/site-packages/airflow/example_dags/example_bash_operator.py took 0.325 seconds
[2025-07-04T14:29:26.929+0530] {processor.py:157} INFO - Started process (PID=13912) to work on /Users/vaish/databorn_etl_project/retail_etl/etl_pipeline_project/venv/lib/python3.10/site-packages/airflow/example_dags/example_bash_operator.py
[2025-07-04T14:29:26.930+0530] {processor.py:829} INFO - Processing file /Users/vaish/databorn_etl_project/retail_etl/etl_pipeline_project/venv/lib/python3.10/site-packages/airflow/example_dags/example_bash_operator.py for tasks to queue
[2025-07-04T14:29:26.931+0530] {logging_mixin.py:154} INFO - [2025-07-04T14:29:26.931+0530] {dagbag.py:536} INFO - Filling up the DagBag from /Users/vaish/databorn_etl_project/retail_etl/etl_pipeline_project/venv/lib/python3.10/site-packages/airflow/example_dags/example_bash_operator.py
[2025-07-04T14:29:27.016+0530] {processor.py:839} INFO - DAG(s) dict_keys(['example_bash_operator']) retrieved from /Users/vaish/databorn_etl_project/retail_etl/etl_pipeline_project/venv/lib/python3.10/site-packages/airflow/example_dags/example_bash_operator.py
[2025-07-04T14:29:27.191+0530] {logging_mixin.py:154} INFO - [2025-07-04T14:29:27.191+0530] {dag.py:2941} INFO - Sync 1 DAGs
[2025-07-04T14:29:27.214+0530] {logging_mixin.py:154} INFO - [2025-07-04T14:29:27.213+0530] {dag.py:3722} INFO - Setting next_dagrun for example_bash_operator to 2025-07-03T00:00:00+00:00, run_after=2025-07-04T00:00:00+00:00
[2025-07-04T14:29:27.241+0530] {processor.py:179} INFO - Processing /Users/vaish/databorn_etl_project/retail_etl/etl_pipeline_project/venv/lib/python3.10/site-packages/airflow/example_dags/example_bash_operator.py took 0.313 seconds
[2025-07-04T14:34:29.464+0530] {processor.py:157} INFO - Started process (PID=14733) to work on /Users/vaish/databorn_etl_project/retail_etl/etl_pipeline_project/venv/lib/python3.10/site-packages/airflow/example_dags/example_bash_operator.py
[2025-07-04T14:34:29.465+0530] {processor.py:829} INFO - Processing file /Users/vaish/databorn_etl_project/retail_etl/etl_pipeline_project/venv/lib/python3.10/site-packages/airflow/example_dags/example_bash_operator.py for tasks to queue
[2025-07-04T14:34:29.466+0530] {logging_mixin.py:154} INFO - [2025-07-04T14:34:29.466+0530] {dagbag.py:536} INFO - Filling up the DagBag from /Users/vaish/databorn_etl_project/retail_etl/etl_pipeline_project/venv/lib/python3.10/site-packages/airflow/example_dags/example_bash_operator.py
[2025-07-04T14:34:29.569+0530] {processor.py:839} INFO - DAG(s) dict_keys(['example_bash_operator']) retrieved from /Users/vaish/databorn_etl_project/retail_etl/etl_pipeline_project/venv/lib/python3.10/site-packages/airflow/example_dags/example_bash_operator.py
[2025-07-04T14:34:29.801+0530] {logging_mixin.py:154} INFO - [2025-07-04T14:34:29.801+0530] {dag.py:2941} INFO - Sync 1 DAGs
[2025-07-04T14:34:29.823+0530] {logging_mixin.py:154} INFO - [2025-07-04T14:34:29.823+0530] {dag.py:3722} INFO - Setting next_dagrun for example_bash_operator to 2025-07-03T00:00:00+00:00, run_after=2025-07-04T00:00:00+00:00
[2025-07-04T14:34:29.845+0530] {processor.py:179} INFO - Processing /Users/vaish/databorn_etl_project/retail_etl/etl_pipeline_project/venv/lib/python3.10/site-packages/airflow/example_dags/example_bash_operator.py took 0.382 seconds
[2025-07-04T14:36:31.572+0530] {processor.py:157} INFO - Started process (PID=15007) to work on /Users/vaish/databorn_etl_project/retail_etl/etl_pipeline_project/venv/lib/python3.10/site-packages/airflow/example_dags/example_bash_operator.py
[2025-07-04T14:36:31.572+0530] {processor.py:829} INFO - Processing file /Users/vaish/databorn_etl_project/retail_etl/etl_pipeline_project/venv/lib/python3.10/site-packages/airflow/example_dags/example_bash_operator.py for tasks to queue
[2025-07-04T14:36:31.573+0530] {logging_mixin.py:154} INFO - [2025-07-04T14:36:31.573+0530] {dagbag.py:536} INFO - Filling up the DagBag from /Users/vaish/databorn_etl_project/retail_etl/etl_pipeline_project/venv/lib/python3.10/site-packages/airflow/example_dags/example_bash_operator.py
[2025-07-04T14:36:31.651+0530] {processor.py:839} INFO - DAG(s) dict_keys(['example_bash_operator']) retrieved from /Users/vaish/databorn_etl_project/retail_etl/etl_pipeline_project/venv/lib/python3.10/site-packages/airflow/example_dags/example_bash_operator.py
[2025-07-04T14:36:31.832+0530] {logging_mixin.py:154} INFO - [2025-07-04T14:36:31.831+0530] {dag.py:2941} INFO - Sync 1 DAGs
[2025-07-04T14:36:31.853+0530] {logging_mixin.py:154} INFO - [2025-07-04T14:36:31.853+0530] {dag.py:3722} INFO - Setting next_dagrun for example_bash_operator to 2025-07-03T00:00:00+00:00, run_after=2025-07-04T00:00:00+00:00
[2025-07-04T14:36:31.881+0530] {processor.py:179} INFO - Processing /Users/vaish/databorn_etl_project/retail_etl/etl_pipeline_project/venv/lib/python3.10/site-packages/airflow/example_dags/example_bash_operator.py took 0.311 seconds
[2025-07-04T14:37:51.561+0530] {processor.py:157} INFO - Started process (PID=15185) to work on /Users/vaish/databorn_etl_project/retail_etl/etl_pipeline_project/venv/lib/python3.10/site-packages/airflow/example_dags/example_bash_operator.py
[2025-07-04T14:37:51.562+0530] {processor.py:829} INFO - Processing file /Users/vaish/databorn_etl_project/retail_etl/etl_pipeline_project/venv/lib/python3.10/site-packages/airflow/example_dags/example_bash_operator.py for tasks to queue
[2025-07-04T14:37:51.562+0530] {logging_mixin.py:154} INFO - [2025-07-04T14:37:51.562+0530] {dagbag.py:536} INFO - Filling up the DagBag from /Users/vaish/databorn_etl_project/retail_etl/etl_pipeline_project/venv/lib/python3.10/site-packages/airflow/example_dags/example_bash_operator.py
[2025-07-04T14:37:51.638+0530] {processor.py:839} INFO - DAG(s) dict_keys(['example_bash_operator']) retrieved from /Users/vaish/databorn_etl_project/retail_etl/etl_pipeline_project/venv/lib/python3.10/site-packages/airflow/example_dags/example_bash_operator.py
[2025-07-04T14:37:51.810+0530] {logging_mixin.py:154} INFO - [2025-07-04T14:37:51.810+0530] {dag.py:2941} INFO - Sync 1 DAGs
[2025-07-04T14:37:51.830+0530] {logging_mixin.py:154} INFO - [2025-07-04T14:37:51.830+0530] {dag.py:3722} INFO - Setting next_dagrun for example_bash_operator to 2025-07-03T00:00:00+00:00, run_after=2025-07-04T00:00:00+00:00
[2025-07-04T14:37:51.856+0530] {processor.py:179} INFO - Processing /Users/vaish/databorn_etl_project/retail_etl/etl_pipeline_project/venv/lib/python3.10/site-packages/airflow/example_dags/example_bash_operator.py took 0.297 seconds
[2025-07-04T14:39:56.040+0530] {processor.py:157} INFO - Started process (PID=15569) to work on /Users/vaish/databorn_etl_project/retail_etl/etl_pipeline_project/venv/lib/python3.10/site-packages/airflow/example_dags/example_bash_operator.py
[2025-07-04T14:39:56.041+0530] {processor.py:829} INFO - Processing file /Users/vaish/databorn_etl_project/retail_etl/etl_pipeline_project/venv/lib/python3.10/site-packages/airflow/example_dags/example_bash_operator.py for tasks to queue
[2025-07-04T14:39:56.041+0530] {logging_mixin.py:154} INFO - [2025-07-04T14:39:56.041+0530] {dagbag.py:536} INFO - Filling up the DagBag from /Users/vaish/databorn_etl_project/retail_etl/etl_pipeline_project/venv/lib/python3.10/site-packages/airflow/example_dags/example_bash_operator.py
[2025-07-04T14:39:56.128+0530] {processor.py:839} INFO - DAG(s) dict_keys(['example_bash_operator']) retrieved from /Users/vaish/databorn_etl_project/retail_etl/etl_pipeline_project/venv/lib/python3.10/site-packages/airflow/example_dags/example_bash_operator.py
[2025-07-04T14:39:56.373+0530] {logging_mixin.py:154} INFO - [2025-07-04T14:39:56.372+0530] {dag.py:2941} INFO - Sync 1 DAGs
[2025-07-04T14:39:56.397+0530] {logging_mixin.py:154} INFO - [2025-07-04T14:39:56.396+0530] {dag.py:3722} INFO - Setting next_dagrun for example_bash_operator to 2025-07-03T00:00:00+00:00, run_after=2025-07-04T00:00:00+00:00
[2025-07-04T14:39:56.427+0530] {processor.py:179} INFO - Processing /Users/vaish/databorn_etl_project/retail_etl/etl_pipeline_project/venv/lib/python3.10/site-packages/airflow/example_dags/example_bash_operator.py took 0.389 seconds
[2025-07-04T14:41:15.427+0530] {processor.py:157} INFO - Started process (PID=15749) to work on /Users/vaish/databorn_etl_project/retail_etl/etl_pipeline_project/venv/lib/python3.10/site-packages/airflow/example_dags/example_bash_operator.py
[2025-07-04T14:41:15.428+0530] {processor.py:829} INFO - Processing file /Users/vaish/databorn_etl_project/retail_etl/etl_pipeline_project/venv/lib/python3.10/site-packages/airflow/example_dags/example_bash_operator.py for tasks to queue
[2025-07-04T14:41:15.429+0530] {logging_mixin.py:154} INFO - [2025-07-04T14:41:15.429+0530] {dagbag.py:536} INFO - Filling up the DagBag from /Users/vaish/databorn_etl_project/retail_etl/etl_pipeline_project/venv/lib/python3.10/site-packages/airflow/example_dags/example_bash_operator.py
[2025-07-04T14:41:15.508+0530] {processor.py:839} INFO - DAG(s) dict_keys(['example_bash_operator']) retrieved from /Users/vaish/databorn_etl_project/retail_etl/etl_pipeline_project/venv/lib/python3.10/site-packages/airflow/example_dags/example_bash_operator.py
[2025-07-04T14:41:15.683+0530] {logging_mixin.py:154} INFO - [2025-07-04T14:41:15.683+0530] {dag.py:2941} INFO - Sync 1 DAGs
[2025-07-04T14:41:15.705+0530] {logging_mixin.py:154} INFO - [2025-07-04T14:41:15.704+0530] {dag.py:3722} INFO - Setting next_dagrun for example_bash_operator to 2025-07-03T00:00:00+00:00, run_after=2025-07-04T00:00:00+00:00
[2025-07-04T14:41:15.731+0530] {processor.py:179} INFO - Processing /Users/vaish/databorn_etl_project/retail_etl/etl_pipeline_project/venv/lib/python3.10/site-packages/airflow/example_dags/example_bash_operator.py took 0.306 seconds
[2025-07-04T14:43:30.545+0530] {processor.py:157} INFO - Started process (PID=16064) to work on /Users/vaish/databorn_etl_project/retail_etl/etl_pipeline_project/venv/lib/python3.10/site-packages/airflow/example_dags/example_bash_operator.py
[2025-07-04T14:43:30.546+0530] {processor.py:829} INFO - Processing file /Users/vaish/databorn_etl_project/retail_etl/etl_pipeline_project/venv/lib/python3.10/site-packages/airflow/example_dags/example_bash_operator.py for tasks to queue
[2025-07-04T14:43:30.547+0530] {logging_mixin.py:154} INFO - [2025-07-04T14:43:30.547+0530] {dagbag.py:536} INFO - Filling up the DagBag from /Users/vaish/databorn_etl_project/retail_etl/etl_pipeline_project/venv/lib/python3.10/site-packages/airflow/example_dags/example_bash_operator.py
[2025-07-04T14:43:30.631+0530] {processor.py:839} INFO - DAG(s) dict_keys(['example_bash_operator']) retrieved from /Users/vaish/databorn_etl_project/retail_etl/etl_pipeline_project/venv/lib/python3.10/site-packages/airflow/example_dags/example_bash_operator.py
[2025-07-04T14:43:30.812+0530] {logging_mixin.py:154} INFO - [2025-07-04T14:43:30.811+0530] {dag.py:2941} INFO - Sync 1 DAGs
[2025-07-04T14:43:30.833+0530] {logging_mixin.py:154} INFO - [2025-07-04T14:43:30.833+0530] {dag.py:3722} INFO - Setting next_dagrun for example_bash_operator to 2025-07-03T00:00:00+00:00, run_after=2025-07-04T00:00:00+00:00
[2025-07-04T14:43:30.874+0530] {processor.py:179} INFO - Processing /Users/vaish/databorn_etl_project/retail_etl/etl_pipeline_project/venv/lib/python3.10/site-packages/airflow/example_dags/example_bash_operator.py took 0.331 seconds
[2025-07-04T14:44:19.886+0530] {processor.py:157} INFO - Started process (PID=16189) to work on /Users/vaish/databorn_etl_project/retail_etl/etl_pipeline_project/venv/lib/python3.10/site-packages/airflow/example_dags/example_bash_operator.py
[2025-07-04T14:44:19.887+0530] {processor.py:829} INFO - Processing file /Users/vaish/databorn_etl_project/retail_etl/etl_pipeline_project/venv/lib/python3.10/site-packages/airflow/example_dags/example_bash_operator.py for tasks to queue
[2025-07-04T14:44:19.888+0530] {logging_mixin.py:154} INFO - [2025-07-04T14:44:19.888+0530] {dagbag.py:536} INFO - Filling up the DagBag from /Users/vaish/databorn_etl_project/retail_etl/etl_pipeline_project/venv/lib/python3.10/site-packages/airflow/example_dags/example_bash_operator.py
[2025-07-04T14:44:19.973+0530] {processor.py:839} INFO - DAG(s) dict_keys(['example_bash_operator']) retrieved from /Users/vaish/databorn_etl_project/retail_etl/etl_pipeline_project/venv/lib/python3.10/site-packages/airflow/example_dags/example_bash_operator.py
[2025-07-04T14:44:20.160+0530] {logging_mixin.py:154} INFO - [2025-07-04T14:44:20.159+0530] {dag.py:2941} INFO - Sync 1 DAGs
[2025-07-04T14:44:20.182+0530] {logging_mixin.py:154} INFO - [2025-07-04T14:44:20.182+0530] {dag.py:3722} INFO - Setting next_dagrun for example_bash_operator to 2025-07-03T00:00:00+00:00, run_after=2025-07-04T00:00:00+00:00
[2025-07-04T14:44:20.209+0530] {processor.py:179} INFO - Processing /Users/vaish/databorn_etl_project/retail_etl/etl_pipeline_project/venv/lib/python3.10/site-packages/airflow/example_dags/example_bash_operator.py took 0.324 seconds
[2025-07-04T14:46:55.710+0530] {processor.py:157} INFO - Started process (PID=16641) to work on /Users/vaish/databorn_etl_project/retail_etl/etl_pipeline_project/venv/lib/python3.10/site-packages/airflow/example_dags/example_bash_operator.py
[2025-07-04T14:46:55.711+0530] {processor.py:829} INFO - Processing file /Users/vaish/databorn_etl_project/retail_etl/etl_pipeline_project/venv/lib/python3.10/site-packages/airflow/example_dags/example_bash_operator.py for tasks to queue
[2025-07-04T14:46:55.711+0530] {logging_mixin.py:154} INFO - [2025-07-04T14:46:55.711+0530] {dagbag.py:536} INFO - Filling up the DagBag from /Users/vaish/databorn_etl_project/retail_etl/etl_pipeline_project/venv/lib/python3.10/site-packages/airflow/example_dags/example_bash_operator.py
[2025-07-04T14:46:55.796+0530] {processor.py:839} INFO - DAG(s) dict_keys(['example_bash_operator']) retrieved from /Users/vaish/databorn_etl_project/retail_etl/etl_pipeline_project/venv/lib/python3.10/site-packages/airflow/example_dags/example_bash_operator.py
[2025-07-04T14:46:55.975+0530] {logging_mixin.py:154} INFO - [2025-07-04T14:46:55.975+0530] {dag.py:2941} INFO - Sync 1 DAGs
[2025-07-04T14:46:55.996+0530] {logging_mixin.py:154} INFO - [2025-07-04T14:46:55.996+0530] {dag.py:3722} INFO - Setting next_dagrun for example_bash_operator to 2025-07-03T00:00:00+00:00, run_after=2025-07-04T00:00:00+00:00
[2025-07-04T14:46:56.024+0530] {processor.py:179} INFO - Processing /Users/vaish/databorn_etl_project/retail_etl/etl_pipeline_project/venv/lib/python3.10/site-packages/airflow/example_dags/example_bash_operator.py took 0.315 seconds
[2025-07-04T14:49:29.966+0530] {processor.py:157} INFO - Started process (PID=17030) to work on /Users/vaish/databorn_etl_project/retail_etl/etl_pipeline_project/venv/lib/python3.10/site-packages/airflow/example_dags/example_bash_operator.py
[2025-07-04T14:49:29.967+0530] {processor.py:829} INFO - Processing file /Users/vaish/databorn_etl_project/retail_etl/etl_pipeline_project/venv/lib/python3.10/site-packages/airflow/example_dags/example_bash_operator.py for tasks to queue
[2025-07-04T14:49:29.969+0530] {logging_mixin.py:154} INFO - [2025-07-04T14:49:29.968+0530] {dagbag.py:536} INFO - Filling up the DagBag from /Users/vaish/databorn_etl_project/retail_etl/etl_pipeline_project/venv/lib/python3.10/site-packages/airflow/example_dags/example_bash_operator.py
[2025-07-04T14:49:30.053+0530] {processor.py:839} INFO - DAG(s) dict_keys(['example_bash_operator']) retrieved from /Users/vaish/databorn_etl_project/retail_etl/etl_pipeline_project/venv/lib/python3.10/site-packages/airflow/example_dags/example_bash_operator.py
[2025-07-04T14:49:30.248+0530] {logging_mixin.py:154} INFO - [2025-07-04T14:49:30.247+0530] {dag.py:2941} INFO - Sync 1 DAGs
[2025-07-04T14:49:30.271+0530] {logging_mixin.py:154} INFO - [2025-07-04T14:49:30.271+0530] {dag.py:3722} INFO - Setting next_dagrun for example_bash_operator to 2025-07-03T00:00:00+00:00, run_after=2025-07-04T00:00:00+00:00
[2025-07-04T14:49:30.298+0530] {processor.py:179} INFO - Processing /Users/vaish/databorn_etl_project/retail_etl/etl_pipeline_project/venv/lib/python3.10/site-packages/airflow/example_dags/example_bash_operator.py took 0.334 seconds
[2025-07-04T14:50:20.716+0530] {processor.py:157} INFO - Started process (PID=17131) to work on /Users/vaish/databorn_etl_project/retail_etl/etl_pipeline_project/venv/lib/python3.10/site-packages/airflow/example_dags/example_bash_operator.py
[2025-07-04T14:50:20.717+0530] {processor.py:829} INFO - Processing file /Users/vaish/databorn_etl_project/retail_etl/etl_pipeline_project/venv/lib/python3.10/site-packages/airflow/example_dags/example_bash_operator.py for tasks to queue
[2025-07-04T14:50:20.718+0530] {logging_mixin.py:154} INFO - [2025-07-04T14:50:20.718+0530] {dagbag.py:536} INFO - Filling up the DagBag from /Users/vaish/databorn_etl_project/retail_etl/etl_pipeline_project/venv/lib/python3.10/site-packages/airflow/example_dags/example_bash_operator.py
[2025-07-04T14:50:20.801+0530] {processor.py:839} INFO - DAG(s) dict_keys(['example_bash_operator']) retrieved from /Users/vaish/databorn_etl_project/retail_etl/etl_pipeline_project/venv/lib/python3.10/site-packages/airflow/example_dags/example_bash_operator.py
[2025-07-04T14:50:20.991+0530] {logging_mixin.py:154} INFO - [2025-07-04T14:50:20.991+0530] {dag.py:2941} INFO - Sync 1 DAGs
[2025-07-04T14:50:21.013+0530] {logging_mixin.py:154} INFO - [2025-07-04T14:50:21.013+0530] {dag.py:3722} INFO - Setting next_dagrun for example_bash_operator to 2025-07-03T00:00:00+00:00, run_after=2025-07-04T00:00:00+00:00
[2025-07-04T14:50:21.044+0530] {processor.py:179} INFO - Processing /Users/vaish/databorn_etl_project/retail_etl/etl_pipeline_project/venv/lib/python3.10/site-packages/airflow/example_dags/example_bash_operator.py took 0.329 seconds
[2025-07-04T14:52:56.743+0530] {processor.py:157} INFO - Started process (PID=17490) to work on /Users/vaish/databorn_etl_project/retail_etl/etl_pipeline_project/venv/lib/python3.10/site-packages/airflow/example_dags/example_bash_operator.py
[2025-07-04T14:52:56.745+0530] {processor.py:829} INFO - Processing file /Users/vaish/databorn_etl_project/retail_etl/etl_pipeline_project/venv/lib/python3.10/site-packages/airflow/example_dags/example_bash_operator.py for tasks to queue
[2025-07-04T14:52:56.746+0530] {logging_mixin.py:154} INFO - [2025-07-04T14:52:56.745+0530] {dagbag.py:536} INFO - Filling up the DagBag from /Users/vaish/databorn_etl_project/retail_etl/etl_pipeline_project/venv/lib/python3.10/site-packages/airflow/example_dags/example_bash_operator.py
[2025-07-04T14:52:56.839+0530] {processor.py:839} INFO - DAG(s) dict_keys(['example_bash_operator']) retrieved from /Users/vaish/databorn_etl_project/retail_etl/etl_pipeline_project/venv/lib/python3.10/site-packages/airflow/example_dags/example_bash_operator.py
[2025-07-04T14:52:57.031+0530] {logging_mixin.py:154} INFO - [2025-07-04T14:52:57.031+0530] {dag.py:2941} INFO - Sync 1 DAGs
[2025-07-04T14:52:57.051+0530] {logging_mixin.py:154} INFO - [2025-07-04T14:52:57.051+0530] {dag.py:3722} INFO - Setting next_dagrun for example_bash_operator to 2025-07-03T00:00:00+00:00, run_after=2025-07-04T00:00:00+00:00
[2025-07-04T14:52:57.074+0530] {processor.py:179} INFO - Processing /Users/vaish/databorn_etl_project/retail_etl/etl_pipeline_project/venv/lib/python3.10/site-packages/airflow/example_dags/example_bash_operator.py took 0.332 seconds
[2025-07-04T14:53:52.318+0530] {processor.py:157} INFO - Started process (PID=17593) to work on /Users/vaish/databorn_etl_project/retail_etl/etl_pipeline_project/venv/lib/python3.10/site-packages/airflow/example_dags/example_bash_operator.py
[2025-07-04T14:53:52.319+0530] {processor.py:829} INFO - Processing file /Users/vaish/databorn_etl_project/retail_etl/etl_pipeline_project/venv/lib/python3.10/site-packages/airflow/example_dags/example_bash_operator.py for tasks to queue
[2025-07-04T14:53:52.320+0530] {logging_mixin.py:154} INFO - [2025-07-04T14:53:52.320+0530] {dagbag.py:536} INFO - Filling up the DagBag from /Users/vaish/databorn_etl_project/retail_etl/etl_pipeline_project/venv/lib/python3.10/site-packages/airflow/example_dags/example_bash_operator.py
[2025-07-04T14:53:52.411+0530] {processor.py:839} INFO - DAG(s) dict_keys(['example_bash_operator']) retrieved from /Users/vaish/databorn_etl_project/retail_etl/etl_pipeline_project/venv/lib/python3.10/site-packages/airflow/example_dags/example_bash_operator.py
[2025-07-04T14:53:52.602+0530] {logging_mixin.py:154} INFO - [2025-07-04T14:53:52.602+0530] {dag.py:2941} INFO - Sync 1 DAGs
[2025-07-04T14:53:52.624+0530] {logging_mixin.py:154} INFO - [2025-07-04T14:53:52.624+0530] {dag.py:3722} INFO - Setting next_dagrun for example_bash_operator to 2025-07-03T00:00:00+00:00, run_after=2025-07-04T00:00:00+00:00
[2025-07-04T14:53:52.649+0530] {processor.py:179} INFO - Processing /Users/vaish/databorn_etl_project/retail_etl/etl_pipeline_project/venv/lib/python3.10/site-packages/airflow/example_dags/example_bash_operator.py took 0.332 seconds
[2025-07-04T14:56:21.750+0530] {processor.py:157} INFO - Started process (PID=17897) to work on /Users/vaish/databorn_etl_project/retail_etl/etl_pipeline_project/venv/lib/python3.10/site-packages/airflow/example_dags/example_bash_operator.py
[2025-07-04T14:56:21.751+0530] {processor.py:829} INFO - Processing file /Users/vaish/databorn_etl_project/retail_etl/etl_pipeline_project/venv/lib/python3.10/site-packages/airflow/example_dags/example_bash_operator.py for tasks to queue
[2025-07-04T14:56:21.752+0530] {logging_mixin.py:154} INFO - [2025-07-04T14:56:21.752+0530] {dagbag.py:536} INFO - Filling up the DagBag from /Users/vaish/databorn_etl_project/retail_etl/etl_pipeline_project/venv/lib/python3.10/site-packages/airflow/example_dags/example_bash_operator.py
[2025-07-04T14:56:21.838+0530] {processor.py:839} INFO - DAG(s) dict_keys(['example_bash_operator']) retrieved from /Users/vaish/databorn_etl_project/retail_etl/etl_pipeline_project/venv/lib/python3.10/site-packages/airflow/example_dags/example_bash_operator.py
[2025-07-04T14:56:22.029+0530] {logging_mixin.py:154} INFO - [2025-07-04T14:56:22.029+0530] {dag.py:2941} INFO - Sync 1 DAGs
[2025-07-04T14:56:22.051+0530] {logging_mixin.py:154} INFO - [2025-07-04T14:56:22.050+0530] {dag.py:3722} INFO - Setting next_dagrun for example_bash_operator to 2025-07-03T00:00:00+00:00, run_after=2025-07-04T00:00:00+00:00
[2025-07-04T14:56:22.079+0530] {processor.py:179} INFO - Processing /Users/vaish/databorn_etl_project/retail_etl/etl_pipeline_project/venv/lib/python3.10/site-packages/airflow/example_dags/example_bash_operator.py took 0.329 seconds
[2025-07-04T14:57:18.268+0530] {processor.py:157} INFO - Started process (PID=18014) to work on /Users/vaish/databorn_etl_project/retail_etl/etl_pipeline_project/venv/lib/python3.10/site-packages/airflow/example_dags/example_bash_operator.py
[2025-07-04T14:57:18.269+0530] {processor.py:829} INFO - Processing file /Users/vaish/databorn_etl_project/retail_etl/etl_pipeline_project/venv/lib/python3.10/site-packages/airflow/example_dags/example_bash_operator.py for tasks to queue
[2025-07-04T14:57:18.269+0530] {logging_mixin.py:154} INFO - [2025-07-04T14:57:18.269+0530] {dagbag.py:536} INFO - Filling up the DagBag from /Users/vaish/databorn_etl_project/retail_etl/etl_pipeline_project/venv/lib/python3.10/site-packages/airflow/example_dags/example_bash_operator.py
[2025-07-04T14:57:18.357+0530] {processor.py:839} INFO - DAG(s) dict_keys(['example_bash_operator']) retrieved from /Users/vaish/databorn_etl_project/retail_etl/etl_pipeline_project/venv/lib/python3.10/site-packages/airflow/example_dags/example_bash_operator.py
[2025-07-04T14:57:18.548+0530] {logging_mixin.py:154} INFO - [2025-07-04T14:57:18.548+0530] {dag.py:2941} INFO - Sync 1 DAGs
[2025-07-04T14:57:18.570+0530] {logging_mixin.py:154} INFO - [2025-07-04T14:57:18.570+0530] {dag.py:3722} INFO - Setting next_dagrun for example_bash_operator to 2025-07-03T00:00:00+00:00, run_after=2025-07-04T00:00:00+00:00
[2025-07-04T14:57:18.598+0530] {processor.py:179} INFO - Processing /Users/vaish/databorn_etl_project/retail_etl/etl_pipeline_project/venv/lib/python3.10/site-packages/airflow/example_dags/example_bash_operator.py took 0.332 seconds
[2025-07-04T14:59:41.765+0530] {processor.py:157} INFO - Started process (PID=18311) to work on /Users/vaish/databorn_etl_project/retail_etl/etl_pipeline_project/venv/lib/python3.10/site-packages/airflow/example_dags/example_bash_operator.py
[2025-07-04T14:59:41.766+0530] {processor.py:829} INFO - Processing file /Users/vaish/databorn_etl_project/retail_etl/etl_pipeline_project/venv/lib/python3.10/site-packages/airflow/example_dags/example_bash_operator.py for tasks to queue
[2025-07-04T14:59:41.766+0530] {logging_mixin.py:154} INFO - [2025-07-04T14:59:41.766+0530] {dagbag.py:536} INFO - Filling up the DagBag from /Users/vaish/databorn_etl_project/retail_etl/etl_pipeline_project/venv/lib/python3.10/site-packages/airflow/example_dags/example_bash_operator.py
[2025-07-04T14:59:41.845+0530] {processor.py:839} INFO - DAG(s) dict_keys(['example_bash_operator']) retrieved from /Users/vaish/databorn_etl_project/retail_etl/etl_pipeline_project/venv/lib/python3.10/site-packages/airflow/example_dags/example_bash_operator.py
[2025-07-04T14:59:42.019+0530] {logging_mixin.py:154} INFO - [2025-07-04T14:59:42.019+0530] {dag.py:2941} INFO - Sync 1 DAGs
[2025-07-04T14:59:42.040+0530] {logging_mixin.py:154} INFO - [2025-07-04T14:59:42.040+0530] {dag.py:3722} INFO - Setting next_dagrun for example_bash_operator to 2025-07-03T00:00:00+00:00, run_after=2025-07-04T00:00:00+00:00
[2025-07-04T14:59:42.061+0530] {processor.py:179} INFO - Processing /Users/vaish/databorn_etl_project/retail_etl/etl_pipeline_project/venv/lib/python3.10/site-packages/airflow/example_dags/example_bash_operator.py took 0.297 seconds
[2025-07-04T15:00:32.981+0530] {processor.py:157} INFO - Started process (PID=18414) to work on /Users/vaish/databorn_etl_project/retail_etl/etl_pipeline_project/venv/lib/python3.10/site-packages/airflow/example_dags/example_bash_operator.py
[2025-07-04T15:00:32.981+0530] {processor.py:829} INFO - Processing file /Users/vaish/databorn_etl_project/retail_etl/etl_pipeline_project/venv/lib/python3.10/site-packages/airflow/example_dags/example_bash_operator.py for tasks to queue
[2025-07-04T15:00:32.982+0530] {logging_mixin.py:154} INFO - [2025-07-04T15:00:32.982+0530] {dagbag.py:536} INFO - Filling up the DagBag from /Users/vaish/databorn_etl_project/retail_etl/etl_pipeline_project/venv/lib/python3.10/site-packages/airflow/example_dags/example_bash_operator.py
[2025-07-04T15:00:33.058+0530] {processor.py:839} INFO - DAG(s) dict_keys(['example_bash_operator']) retrieved from /Users/vaish/databorn_etl_project/retail_etl/etl_pipeline_project/venv/lib/python3.10/site-packages/airflow/example_dags/example_bash_operator.py
[2025-07-04T15:00:33.230+0530] {logging_mixin.py:154} INFO - [2025-07-04T15:00:33.229+0530] {dag.py:2941} INFO - Sync 1 DAGs
[2025-07-04T15:00:33.250+0530] {logging_mixin.py:154} INFO - [2025-07-04T15:00:33.249+0530] {dag.py:3722} INFO - Setting next_dagrun for example_bash_operator to 2025-07-03T00:00:00+00:00, run_after=2025-07-04T00:00:00+00:00
[2025-07-04T15:00:33.277+0530] {processor.py:179} INFO - Processing /Users/vaish/databorn_etl_project/retail_etl/etl_pipeline_project/venv/lib/python3.10/site-packages/airflow/example_dags/example_bash_operator.py took 0.297 seconds
[2025-07-04T15:03:01.842+0530] {processor.py:157} INFO - Started process (PID=18798) to work on /Users/vaish/databorn_etl_project/retail_etl/etl_pipeline_project/venv/lib/python3.10/site-packages/airflow/example_dags/example_bash_operator.py
[2025-07-04T15:03:01.844+0530] {processor.py:829} INFO - Processing file /Users/vaish/databorn_etl_project/retail_etl/etl_pipeline_project/venv/lib/python3.10/site-packages/airflow/example_dags/example_bash_operator.py for tasks to queue
[2025-07-04T15:03:01.845+0530] {logging_mixin.py:154} INFO - [2025-07-04T15:03:01.845+0530] {dagbag.py:536} INFO - Filling up the DagBag from /Users/vaish/databorn_etl_project/retail_etl/etl_pipeline_project/venv/lib/python3.10/site-packages/airflow/example_dags/example_bash_operator.py
[2025-07-04T15:03:01.947+0530] {processor.py:839} INFO - DAG(s) dict_keys(['example_bash_operator']) retrieved from /Users/vaish/databorn_etl_project/retail_etl/etl_pipeline_project/venv/lib/python3.10/site-packages/airflow/example_dags/example_bash_operator.py
[2025-07-04T15:03:02.214+0530] {logging_mixin.py:154} INFO - [2025-07-04T15:03:02.214+0530] {dag.py:2941} INFO - Sync 1 DAGs
[2025-07-04T15:03:02.235+0530] {logging_mixin.py:154} INFO - [2025-07-04T15:03:02.235+0530] {dag.py:3722} INFO - Setting next_dagrun for example_bash_operator to 2025-07-03T00:00:00+00:00, run_after=2025-07-04T00:00:00+00:00
[2025-07-04T15:03:02.258+0530] {processor.py:179} INFO - Processing /Users/vaish/databorn_etl_project/retail_etl/etl_pipeline_project/venv/lib/python3.10/site-packages/airflow/example_dags/example_bash_operator.py took 0.418 seconds
[2025-07-04T15:04:05.445+0530] {processor.py:157} INFO - Started process (PID=18979) to work on /Users/vaish/databorn_etl_project/retail_etl/etl_pipeline_project/venv/lib/python3.10/site-packages/airflow/example_dags/example_bash_operator.py
[2025-07-04T15:04:05.452+0530] {processor.py:829} INFO - Processing file /Users/vaish/databorn_etl_project/retail_etl/etl_pipeline_project/venv/lib/python3.10/site-packages/airflow/example_dags/example_bash_operator.py for tasks to queue
[2025-07-04T15:04:05.453+0530] {logging_mixin.py:154} INFO - [2025-07-04T15:04:05.452+0530] {dagbag.py:536} INFO - Filling up the DagBag from /Users/vaish/databorn_etl_project/retail_etl/etl_pipeline_project/venv/lib/python3.10/site-packages/airflow/example_dags/example_bash_operator.py
[2025-07-04T15:04:05.538+0530] {processor.py:839} INFO - DAG(s) dict_keys(['example_bash_operator']) retrieved from /Users/vaish/databorn_etl_project/retail_etl/etl_pipeline_project/venv/lib/python3.10/site-packages/airflow/example_dags/example_bash_operator.py
[2025-07-04T15:04:05.727+0530] {logging_mixin.py:154} INFO - [2025-07-04T15:04:05.727+0530] {dag.py:2941} INFO - Sync 1 DAGs
[2025-07-04T15:04:05.750+0530] {logging_mixin.py:154} INFO - [2025-07-04T15:04:05.749+0530] {dag.py:3722} INFO - Setting next_dagrun for example_bash_operator to 2025-07-03T00:00:00+00:00, run_after=2025-07-04T00:00:00+00:00
[2025-07-04T15:04:05.773+0530] {processor.py:179} INFO - Processing /Users/vaish/databorn_etl_project/retail_etl/etl_pipeline_project/venv/lib/python3.10/site-packages/airflow/example_dags/example_bash_operator.py took 0.329 seconds
[2025-07-04T15:07:39.250+0530] {processor.py:157} INFO - Started process (PID=19441) to work on /Users/vaish/databorn_etl_project/retail_etl/etl_pipeline_project/venv/lib/python3.10/site-packages/airflow/example_dags/example_bash_operator.py
[2025-07-04T15:07:39.256+0530] {processor.py:829} INFO - Processing file /Users/vaish/databorn_etl_project/retail_etl/etl_pipeline_project/venv/lib/python3.10/site-packages/airflow/example_dags/example_bash_operator.py for tasks to queue
[2025-07-04T15:07:39.257+0530] {logging_mixin.py:154} INFO - [2025-07-04T15:07:39.257+0530] {dagbag.py:536} INFO - Filling up the DagBag from /Users/vaish/databorn_etl_project/retail_etl/etl_pipeline_project/venv/lib/python3.10/site-packages/airflow/example_dags/example_bash_operator.py
[2025-07-04T15:07:39.342+0530] {processor.py:839} INFO - DAG(s) dict_keys(['example_bash_operator']) retrieved from /Users/vaish/databorn_etl_project/retail_etl/etl_pipeline_project/venv/lib/python3.10/site-packages/airflow/example_dags/example_bash_operator.py
[2025-07-04T15:07:39.549+0530] {logging_mixin.py:154} INFO - [2025-07-04T15:07:39.548+0530] {dag.py:2941} INFO - Sync 1 DAGs
[2025-07-04T15:07:39.570+0530] {logging_mixin.py:154} INFO - [2025-07-04T15:07:39.570+0530] {dag.py:3722} INFO - Setting next_dagrun for example_bash_operator to 2025-07-03T00:00:00+00:00, run_after=2025-07-04T00:00:00+00:00
[2025-07-04T15:07:39.599+0530] {processor.py:179} INFO - Processing /Users/vaish/databorn_etl_project/retail_etl/etl_pipeline_project/venv/lib/python3.10/site-packages/airflow/example_dags/example_bash_operator.py took 0.351 seconds
[2025-07-04T15:11:12.411+0530] {processor.py:157} INFO - Started process (PID=19792) to work on /Users/vaish/databorn_etl_project/retail_etl/etl_pipeline_project/venv/lib/python3.10/site-packages/airflow/example_dags/example_bash_operator.py
[2025-07-04T15:11:12.417+0530] {processor.py:829} INFO - Processing file /Users/vaish/databorn_etl_project/retail_etl/etl_pipeline_project/venv/lib/python3.10/site-packages/airflow/example_dags/example_bash_operator.py for tasks to queue
[2025-07-04T15:11:12.418+0530] {logging_mixin.py:154} INFO - [2025-07-04T15:11:12.418+0530] {dagbag.py:536} INFO - Filling up the DagBag from /Users/vaish/databorn_etl_project/retail_etl/etl_pipeline_project/venv/lib/python3.10/site-packages/airflow/example_dags/example_bash_operator.py
[2025-07-04T15:11:12.504+0530] {processor.py:839} INFO - DAG(s) dict_keys(['example_bash_operator']) retrieved from /Users/vaish/databorn_etl_project/retail_etl/etl_pipeline_project/venv/lib/python3.10/site-packages/airflow/example_dags/example_bash_operator.py
[2025-07-04T15:11:12.696+0530] {logging_mixin.py:154} INFO - [2025-07-04T15:11:12.696+0530] {dag.py:2941} INFO - Sync 1 DAGs
[2025-07-04T15:11:12.719+0530] {logging_mixin.py:154} INFO - [2025-07-04T15:11:12.719+0530] {dag.py:3722} INFO - Setting next_dagrun for example_bash_operator to 2025-07-03T00:00:00+00:00, run_after=2025-07-04T00:00:00+00:00
[2025-07-04T15:11:12.744+0530] {processor.py:179} INFO - Processing /Users/vaish/databorn_etl_project/retail_etl/etl_pipeline_project/venv/lib/python3.10/site-packages/airflow/example_dags/example_bash_operator.py took 0.334 seconds
[2025-07-04T15:14:34.107+0530] {processor.py:157} INFO - Started process (PID=20120) to work on /Users/vaish/databorn_etl_project/retail_etl/etl_pipeline_project/venv/lib/python3.10/site-packages/airflow/example_dags/example_bash_operator.py
[2025-07-04T15:14:34.113+0530] {processor.py:829} INFO - Processing file /Users/vaish/databorn_etl_project/retail_etl/etl_pipeline_project/venv/lib/python3.10/site-packages/airflow/example_dags/example_bash_operator.py for tasks to queue
[2025-07-04T15:14:34.114+0530] {logging_mixin.py:154} INFO - [2025-07-04T15:14:34.114+0530] {dagbag.py:536} INFO - Filling up the DagBag from /Users/vaish/databorn_etl_project/retail_etl/etl_pipeline_project/venv/lib/python3.10/site-packages/airflow/example_dags/example_bash_operator.py
[2025-07-04T15:14:34.192+0530] {processor.py:839} INFO - DAG(s) dict_keys(['example_bash_operator']) retrieved from /Users/vaish/databorn_etl_project/retail_etl/etl_pipeline_project/venv/lib/python3.10/site-packages/airflow/example_dags/example_bash_operator.py
[2025-07-04T15:14:34.369+0530] {logging_mixin.py:154} INFO - [2025-07-04T15:14:34.369+0530] {dag.py:2941} INFO - Sync 1 DAGs
[2025-07-04T15:14:34.389+0530] {logging_mixin.py:154} INFO - [2025-07-04T15:14:34.389+0530] {dag.py:3722} INFO - Setting next_dagrun for example_bash_operator to 2025-07-03T00:00:00+00:00, run_after=2025-07-04T00:00:00+00:00
[2025-07-04T15:14:34.418+0530] {processor.py:179} INFO - Processing /Users/vaish/databorn_etl_project/retail_etl/etl_pipeline_project/venv/lib/python3.10/site-packages/airflow/example_dags/example_bash_operator.py took 0.313 seconds
[2025-07-04T15:18:08.371+0530] {processor.py:157} INFO - Started process (PID=20672) to work on /Users/vaish/databorn_etl_project/retail_etl/etl_pipeline_project/venv/lib/python3.10/site-packages/airflow/example_dags/example_bash_operator.py
[2025-07-04T15:18:08.372+0530] {processor.py:829} INFO - Processing file /Users/vaish/databorn_etl_project/retail_etl/etl_pipeline_project/venv/lib/python3.10/site-packages/airflow/example_dags/example_bash_operator.py for tasks to queue
[2025-07-04T15:18:08.373+0530] {logging_mixin.py:154} INFO - [2025-07-04T15:18:08.373+0530] {dagbag.py:536} INFO - Filling up the DagBag from /Users/vaish/databorn_etl_project/retail_etl/etl_pipeline_project/venv/lib/python3.10/site-packages/airflow/example_dags/example_bash_operator.py
[2025-07-04T15:18:08.456+0530] {processor.py:839} INFO - DAG(s) dict_keys(['example_bash_operator']) retrieved from /Users/vaish/databorn_etl_project/retail_etl/etl_pipeline_project/venv/lib/python3.10/site-packages/airflow/example_dags/example_bash_operator.py
[2025-07-04T15:18:08.637+0530] {logging_mixin.py:154} INFO - [2025-07-04T15:18:08.637+0530] {dag.py:2941} INFO - Sync 1 DAGs
[2025-07-04T15:18:08.658+0530] {logging_mixin.py:154} INFO - [2025-07-04T15:18:08.658+0530] {dag.py:3722} INFO - Setting next_dagrun for example_bash_operator to 2025-07-03T00:00:00+00:00, run_after=2025-07-04T00:00:00+00:00
[2025-07-04T15:18:08.684+0530] {processor.py:179} INFO - Processing /Users/vaish/databorn_etl_project/retail_etl/etl_pipeline_project/venv/lib/python3.10/site-packages/airflow/example_dags/example_bash_operator.py took 0.315 seconds
[2025-07-04T15:21:38.723+0530] {processor.py:157} INFO - Started process (PID=21257) to work on /Users/vaish/databorn_etl_project/retail_etl/etl_pipeline_project/venv/lib/python3.10/site-packages/airflow/example_dags/example_bash_operator.py
[2025-07-04T15:21:38.724+0530] {processor.py:829} INFO - Processing file /Users/vaish/databorn_etl_project/retail_etl/etl_pipeline_project/venv/lib/python3.10/site-packages/airflow/example_dags/example_bash_operator.py for tasks to queue
[2025-07-04T15:21:38.725+0530] {logging_mixin.py:154} INFO - [2025-07-04T15:21:38.724+0530] {dagbag.py:536} INFO - Filling up the DagBag from /Users/vaish/databorn_etl_project/retail_etl/etl_pipeline_project/venv/lib/python3.10/site-packages/airflow/example_dags/example_bash_operator.py
[2025-07-04T15:21:38.817+0530] {processor.py:839} INFO - DAG(s) dict_keys(['example_bash_operator']) retrieved from /Users/vaish/databorn_etl_project/retail_etl/etl_pipeline_project/venv/lib/python3.10/site-packages/airflow/example_dags/example_bash_operator.py
[2025-07-04T15:21:39.009+0530] {logging_mixin.py:154} INFO - [2025-07-04T15:21:39.008+0530] {dag.py:2941} INFO - Sync 1 DAGs
[2025-07-04T15:21:39.032+0530] {logging_mixin.py:154} INFO - [2025-07-04T15:21:39.031+0530] {dag.py:3722} INFO - Setting next_dagrun for example_bash_operator to 2025-07-03T00:00:00+00:00, run_after=2025-07-04T00:00:00+00:00
[2025-07-04T15:21:39.059+0530] {processor.py:179} INFO - Processing /Users/vaish/databorn_etl_project/retail_etl/etl_pipeline_project/venv/lib/python3.10/site-packages/airflow/example_dags/example_bash_operator.py took 0.338 seconds
[2025-07-04T15:25:05.078+0530] {processor.py:157} INFO - Started process (PID=21741) to work on /Users/vaish/databorn_etl_project/retail_etl/etl_pipeline_project/venv/lib/python3.10/site-packages/airflow/example_dags/example_bash_operator.py
[2025-07-04T15:25:05.079+0530] {processor.py:829} INFO - Processing file /Users/vaish/databorn_etl_project/retail_etl/etl_pipeline_project/venv/lib/python3.10/site-packages/airflow/example_dags/example_bash_operator.py for tasks to queue
[2025-07-04T15:25:05.079+0530] {logging_mixin.py:154} INFO - [2025-07-04T15:25:05.079+0530] {dagbag.py:536} INFO - Filling up the DagBag from /Users/vaish/databorn_etl_project/retail_etl/etl_pipeline_project/venv/lib/python3.10/site-packages/airflow/example_dags/example_bash_operator.py
[2025-07-04T15:25:05.156+0530] {processor.py:839} INFO - DAG(s) dict_keys(['example_bash_operator']) retrieved from /Users/vaish/databorn_etl_project/retail_etl/etl_pipeline_project/venv/lib/python3.10/site-packages/airflow/example_dags/example_bash_operator.py
[2025-07-04T15:25:05.212+0530] {logging_mixin.py:154} INFO - [2025-07-04T15:25:05.212+0530] {dag.py:2941} INFO - Sync 1 DAGs
[2025-07-04T15:25:05.328+0530] {logging_mixin.py:154} INFO - [2025-07-04T15:25:05.328+0530] {dag.py:3722} INFO - Setting next_dagrun for example_bash_operator to 2025-07-03T00:00:00+00:00, run_after=2025-07-04T00:00:00+00:00
[2025-07-04T15:25:05.351+0530] {processor.py:179} INFO - Processing /Users/vaish/databorn_etl_project/retail_etl/etl_pipeline_project/venv/lib/python3.10/site-packages/airflow/example_dags/example_bash_operator.py took 0.274 seconds
[2025-07-04T15:28:15.068+0530] {processor.py:157} INFO - Started process (PID=22176) to work on /Users/vaish/databorn_etl_project/retail_etl/etl_pipeline_project/venv/lib/python3.10/site-packages/airflow/example_dags/example_bash_operator.py
[2025-07-04T15:28:15.074+0530] {processor.py:829} INFO - Processing file /Users/vaish/databorn_etl_project/retail_etl/etl_pipeline_project/venv/lib/python3.10/site-packages/airflow/example_dags/example_bash_operator.py for tasks to queue
[2025-07-04T15:28:15.075+0530] {logging_mixin.py:154} INFO - [2025-07-04T15:28:15.075+0530] {dagbag.py:536} INFO - Filling up the DagBag from /Users/vaish/databorn_etl_project/retail_etl/etl_pipeline_project/venv/lib/python3.10/site-packages/airflow/example_dags/example_bash_operator.py
[2025-07-04T15:28:15.161+0530] {processor.py:839} INFO - DAG(s) dict_keys(['example_bash_operator']) retrieved from /Users/vaish/databorn_etl_project/retail_etl/etl_pipeline_project/venv/lib/python3.10/site-packages/airflow/example_dags/example_bash_operator.py
[2025-07-04T15:28:15.353+0530] {logging_mixin.py:154} INFO - [2025-07-04T15:28:15.353+0530] {dag.py:2941} INFO - Sync 1 DAGs
[2025-07-04T15:28:15.383+0530] {logging_mixin.py:154} INFO - [2025-07-04T15:28:15.383+0530] {dag.py:3722} INFO - Setting next_dagrun for example_bash_operator to 2025-07-03T00:00:00+00:00, run_after=2025-07-04T00:00:00+00:00
[2025-07-04T15:28:15.409+0530] {processor.py:179} INFO - Processing /Users/vaish/databorn_etl_project/retail_etl/etl_pipeline_project/venv/lib/python3.10/site-packages/airflow/example_dags/example_bash_operator.py took 0.343 seconds
[2025-07-04T15:28:51.994+0530] {processor.py:157} INFO - Started process (PID=22255) to work on /Users/vaish/databorn_etl_project/retail_etl/etl_pipeline_project/venv/lib/python3.10/site-packages/airflow/example_dags/example_bash_operator.py
[2025-07-04T15:28:51.995+0530] {processor.py:829} INFO - Processing file /Users/vaish/databorn_etl_project/retail_etl/etl_pipeline_project/venv/lib/python3.10/site-packages/airflow/example_dags/example_bash_operator.py for tasks to queue
[2025-07-04T15:28:51.995+0530] {logging_mixin.py:154} INFO - [2025-07-04T15:28:51.995+0530] {dagbag.py:536} INFO - Filling up the DagBag from /Users/vaish/databorn_etl_project/retail_etl/etl_pipeline_project/venv/lib/python3.10/site-packages/airflow/example_dags/example_bash_operator.py
[2025-07-04T15:28:52.078+0530] {processor.py:839} INFO - DAG(s) dict_keys(['example_bash_operator']) retrieved from /Users/vaish/databorn_etl_project/retail_etl/etl_pipeline_project/venv/lib/python3.10/site-packages/airflow/example_dags/example_bash_operator.py
[2025-07-04T15:28:52.258+0530] {logging_mixin.py:154} INFO - [2025-07-04T15:28:52.258+0530] {dag.py:2941} INFO - Sync 1 DAGs
[2025-07-04T15:28:52.279+0530] {logging_mixin.py:154} INFO - [2025-07-04T15:28:52.278+0530] {dag.py:3722} INFO - Setting next_dagrun for example_bash_operator to 2025-07-03T00:00:00+00:00, run_after=2025-07-04T00:00:00+00:00
[2025-07-04T15:28:52.305+0530] {processor.py:179} INFO - Processing /Users/vaish/databorn_etl_project/retail_etl/etl_pipeline_project/venv/lib/python3.10/site-packages/airflow/example_dags/example_bash_operator.py took 0.312 seconds
[2025-07-04T15:31:45.450+0530] {processor.py:157} INFO - Started process (PID=22617) to work on /Users/vaish/databorn_etl_project/retail_etl/etl_pipeline_project/venv/lib/python3.10/site-packages/airflow/example_dags/example_bash_operator.py
[2025-07-04T15:31:45.453+0530] {processor.py:829} INFO - Processing file /Users/vaish/databorn_etl_project/retail_etl/etl_pipeline_project/venv/lib/python3.10/site-packages/airflow/example_dags/example_bash_operator.py for tasks to queue
[2025-07-04T15:31:45.454+0530] {logging_mixin.py:154} INFO - [2025-07-04T15:31:45.454+0530] {dagbag.py:536} INFO - Filling up the DagBag from /Users/vaish/databorn_etl_project/retail_etl/etl_pipeline_project/venv/lib/python3.10/site-packages/airflow/example_dags/example_bash_operator.py
[2025-07-04T15:31:45.542+0530] {processor.py:839} INFO - DAG(s) dict_keys(['example_bash_operator']) retrieved from /Users/vaish/databorn_etl_project/retail_etl/etl_pipeline_project/venv/lib/python3.10/site-packages/airflow/example_dags/example_bash_operator.py
[2025-07-04T15:31:45.743+0530] {logging_mixin.py:154} INFO - [2025-07-04T15:31:45.743+0530] {dag.py:2941} INFO - Sync 1 DAGs
[2025-07-04T15:31:45.766+0530] {logging_mixin.py:154} INFO - [2025-07-04T15:31:45.766+0530] {dag.py:3722} INFO - Setting next_dagrun for example_bash_operator to 2025-07-03T00:00:00+00:00, run_after=2025-07-04T00:00:00+00:00
[2025-07-04T15:31:45.795+0530] {processor.py:179} INFO - Processing /Users/vaish/databorn_etl_project/retail_etl/etl_pipeline_project/venv/lib/python3.10/site-packages/airflow/example_dags/example_bash_operator.py took 0.346 seconds
[2025-07-04T15:32:30.995+0530] {processor.py:157} INFO - Started process (PID=22733) to work on /Users/vaish/databorn_etl_project/retail_etl/etl_pipeline_project/venv/lib/python3.10/site-packages/airflow/example_dags/example_bash_operator.py
[2025-07-04T15:32:31.001+0530] {processor.py:829} INFO - Processing file /Users/vaish/databorn_etl_project/retail_etl/etl_pipeline_project/venv/lib/python3.10/site-packages/airflow/example_dags/example_bash_operator.py for tasks to queue
[2025-07-04T15:32:31.002+0530] {logging_mixin.py:154} INFO - [2025-07-04T15:32:31.002+0530] {dagbag.py:536} INFO - Filling up the DagBag from /Users/vaish/databorn_etl_project/retail_etl/etl_pipeline_project/venv/lib/python3.10/site-packages/airflow/example_dags/example_bash_operator.py
[2025-07-04T15:32:31.081+0530] {processor.py:839} INFO - DAG(s) dict_keys(['example_bash_operator']) retrieved from /Users/vaish/databorn_etl_project/retail_etl/etl_pipeline_project/venv/lib/python3.10/site-packages/airflow/example_dags/example_bash_operator.py
[2025-07-04T15:32:31.319+0530] {logging_mixin.py:154} INFO - [2025-07-04T15:32:31.319+0530] {dag.py:2941} INFO - Sync 1 DAGs
[2025-07-04T15:32:31.348+0530] {logging_mixin.py:154} INFO - [2025-07-04T15:32:31.347+0530] {dag.py:3722} INFO - Setting next_dagrun for example_bash_operator to 2025-07-03T00:00:00+00:00, run_after=2025-07-04T00:00:00+00:00
[2025-07-04T15:32:31.385+0530] {processor.py:179} INFO - Processing /Users/vaish/databorn_etl_project/retail_etl/etl_pipeline_project/venv/lib/python3.10/site-packages/airflow/example_dags/example_bash_operator.py took 0.392 seconds
[2025-07-04T15:35:11.511+0530] {processor.py:157} INFO - Started process (PID=23083) to work on /Users/vaish/databorn_etl_project/retail_etl/etl_pipeline_project/venv/lib/python3.10/site-packages/airflow/example_dags/example_bash_operator.py
[2025-07-04T15:35:11.512+0530] {processor.py:829} INFO - Processing file /Users/vaish/databorn_etl_project/retail_etl/etl_pipeline_project/venv/lib/python3.10/site-packages/airflow/example_dags/example_bash_operator.py for tasks to queue
[2025-07-04T15:35:11.513+0530] {logging_mixin.py:154} INFO - [2025-07-04T15:35:11.513+0530] {dagbag.py:536} INFO - Filling up the DagBag from /Users/vaish/databorn_etl_project/retail_etl/etl_pipeline_project/venv/lib/python3.10/site-packages/airflow/example_dags/example_bash_operator.py
[2025-07-04T15:35:11.604+0530] {processor.py:839} INFO - DAG(s) dict_keys(['example_bash_operator']) retrieved from /Users/vaish/databorn_etl_project/retail_etl/etl_pipeline_project/venv/lib/python3.10/site-packages/airflow/example_dags/example_bash_operator.py
[2025-07-04T15:35:11.805+0530] {logging_mixin.py:154} INFO - [2025-07-04T15:35:11.804+0530] {dag.py:2941} INFO - Sync 1 DAGs
[2025-07-04T15:35:11.828+0530] {logging_mixin.py:154} INFO - [2025-07-04T15:35:11.828+0530] {dag.py:3722} INFO - Setting next_dagrun for example_bash_operator to 2025-07-03T00:00:00+00:00, run_after=2025-07-04T00:00:00+00:00
[2025-07-04T15:35:11.857+0530] {processor.py:179} INFO - Processing /Users/vaish/databorn_etl_project/retail_etl/etl_pipeline_project/venv/lib/python3.10/site-packages/airflow/example_dags/example_bash_operator.py took 0.347 seconds
[2025-07-04T15:35:57.704+0530] {processor.py:157} INFO - Started process (PID=23190) to work on /Users/vaish/databorn_etl_project/retail_etl/etl_pipeline_project/venv/lib/python3.10/site-packages/airflow/example_dags/example_bash_operator.py
[2025-07-04T15:35:57.711+0530] {processor.py:829} INFO - Processing file /Users/vaish/databorn_etl_project/retail_etl/etl_pipeline_project/venv/lib/python3.10/site-packages/airflow/example_dags/example_bash_operator.py for tasks to queue
[2025-07-04T15:35:57.713+0530] {logging_mixin.py:154} INFO - [2025-07-04T15:35:57.712+0530] {dagbag.py:536} INFO - Filling up the DagBag from /Users/vaish/databorn_etl_project/retail_etl/etl_pipeline_project/venv/lib/python3.10/site-packages/airflow/example_dags/example_bash_operator.py
[2025-07-04T15:35:57.805+0530] {processor.py:839} INFO - DAG(s) dict_keys(['example_bash_operator']) retrieved from /Users/vaish/databorn_etl_project/retail_etl/etl_pipeline_project/venv/lib/python3.10/site-packages/airflow/example_dags/example_bash_operator.py
[2025-07-04T15:35:58.001+0530] {logging_mixin.py:154} INFO - [2025-07-04T15:35:58.000+0530] {dag.py:2941} INFO - Sync 1 DAGs
[2025-07-04T15:35:58.026+0530] {logging_mixin.py:154} INFO - [2025-07-04T15:35:58.026+0530] {dag.py:3722} INFO - Setting next_dagrun for example_bash_operator to 2025-07-03T00:00:00+00:00, run_after=2025-07-04T00:00:00+00:00
[2025-07-04T15:35:58.056+0530] {processor.py:179} INFO - Processing /Users/vaish/databorn_etl_project/retail_etl/etl_pipeline_project/venv/lib/python3.10/site-packages/airflow/example_dags/example_bash_operator.py took 0.353 seconds
[2025-07-04T15:38:42.372+0530] {processor.py:157} INFO - Started process (PID=23558) to work on /Users/vaish/databorn_etl_project/retail_etl/etl_pipeline_project/venv/lib/python3.10/site-packages/airflow/example_dags/example_bash_operator.py
[2025-07-04T15:38:42.374+0530] {processor.py:829} INFO - Processing file /Users/vaish/databorn_etl_project/retail_etl/etl_pipeline_project/venv/lib/python3.10/site-packages/airflow/example_dags/example_bash_operator.py for tasks to queue
[2025-07-04T15:38:42.375+0530] {logging_mixin.py:154} INFO - [2025-07-04T15:38:42.374+0530] {dagbag.py:536} INFO - Filling up the DagBag from /Users/vaish/databorn_etl_project/retail_etl/etl_pipeline_project/venv/lib/python3.10/site-packages/airflow/example_dags/example_bash_operator.py
[2025-07-04T15:38:42.455+0530] {processor.py:839} INFO - DAG(s) dict_keys(['example_bash_operator']) retrieved from /Users/vaish/databorn_etl_project/retail_etl/etl_pipeline_project/venv/lib/python3.10/site-packages/airflow/example_dags/example_bash_operator.py
[2025-07-04T15:38:42.659+0530] {logging_mixin.py:154} INFO - [2025-07-04T15:38:42.659+0530] {dag.py:2941} INFO - Sync 1 DAGs
[2025-07-04T15:38:42.686+0530] {logging_mixin.py:154} INFO - [2025-07-04T15:38:42.686+0530] {dag.py:3722} INFO - Setting next_dagrun for example_bash_operator to 2025-07-03T00:00:00+00:00, run_after=2025-07-04T00:00:00+00:00
[2025-07-04T15:38:42.720+0530] {processor.py:179} INFO - Processing /Users/vaish/databorn_etl_project/retail_etl/etl_pipeline_project/venv/lib/python3.10/site-packages/airflow/example_dags/example_bash_operator.py took 0.349 seconds
[2025-07-04T15:39:30.179+0530] {processor.py:157} INFO - Started process (PID=23677) to work on /Users/vaish/databorn_etl_project/retail_etl/etl_pipeline_project/venv/lib/python3.10/site-packages/airflow/example_dags/example_bash_operator.py
[2025-07-04T15:39:30.180+0530] {processor.py:829} INFO - Processing file /Users/vaish/databorn_etl_project/retail_etl/etl_pipeline_project/venv/lib/python3.10/site-packages/airflow/example_dags/example_bash_operator.py for tasks to queue
[2025-07-04T15:39:30.181+0530] {logging_mixin.py:154} INFO - [2025-07-04T15:39:30.180+0530] {dagbag.py:536} INFO - Filling up the DagBag from /Users/vaish/databorn_etl_project/retail_etl/etl_pipeline_project/venv/lib/python3.10/site-packages/airflow/example_dags/example_bash_operator.py
[2025-07-04T15:39:30.261+0530] {processor.py:839} INFO - DAG(s) dict_keys(['example_bash_operator']) retrieved from /Users/vaish/databorn_etl_project/retail_etl/etl_pipeline_project/venv/lib/python3.10/site-packages/airflow/example_dags/example_bash_operator.py
[2025-07-04T15:39:30.444+0530] {logging_mixin.py:154} INFO - [2025-07-04T15:39:30.443+0530] {dag.py:2941} INFO - Sync 1 DAGs
[2025-07-04T15:39:30.474+0530] {logging_mixin.py:154} INFO - [2025-07-04T15:39:30.473+0530] {dag.py:3722} INFO - Setting next_dagrun for example_bash_operator to 2025-07-03T00:00:00+00:00, run_after=2025-07-04T00:00:00+00:00
[2025-07-04T15:39:30.507+0530] {processor.py:179} INFO - Processing /Users/vaish/databorn_etl_project/retail_etl/etl_pipeline_project/venv/lib/python3.10/site-packages/airflow/example_dags/example_bash_operator.py took 0.330 seconds
[2025-07-04T15:42:34.275+0530] {processor.py:157} INFO - Started process (PID=24123) to work on /Users/vaish/databorn_etl_project/retail_etl/etl_pipeline_project/venv/lib/python3.10/site-packages/airflow/example_dags/example_bash_operator.py
[2025-07-04T15:42:34.282+0530] {processor.py:829} INFO - Processing file /Users/vaish/databorn_etl_project/retail_etl/etl_pipeline_project/venv/lib/python3.10/site-packages/airflow/example_dags/example_bash_operator.py for tasks to queue
[2025-07-04T15:42:34.283+0530] {logging_mixin.py:154} INFO - [2025-07-04T15:42:34.282+0530] {dagbag.py:536} INFO - Filling up the DagBag from /Users/vaish/databorn_etl_project/retail_etl/etl_pipeline_project/venv/lib/python3.10/site-packages/airflow/example_dags/example_bash_operator.py
[2025-07-04T15:42:34.362+0530] {processor.py:839} INFO - DAG(s) dict_keys(['example_bash_operator']) retrieved from /Users/vaish/databorn_etl_project/retail_etl/etl_pipeline_project/venv/lib/python3.10/site-packages/airflow/example_dags/example_bash_operator.py
[2025-07-04T15:42:34.539+0530] {logging_mixin.py:154} INFO - [2025-07-04T15:42:34.539+0530] {dag.py:2941} INFO - Sync 1 DAGs
[2025-07-04T15:42:34.560+0530] {logging_mixin.py:154} INFO - [2025-07-04T15:42:34.560+0530] {dag.py:3722} INFO - Setting next_dagrun for example_bash_operator to 2025-07-03T00:00:00+00:00, run_after=2025-07-04T00:00:00+00:00
[2025-07-04T15:42:34.580+0530] {processor.py:179} INFO - Processing /Users/vaish/databorn_etl_project/retail_etl/etl_pipeline_project/venv/lib/python3.10/site-packages/airflow/example_dags/example_bash_operator.py took 0.306 seconds
[2025-07-04T15:43:19.088+0530] {processor.py:157} INFO - Started process (PID=24225) to work on /Users/vaish/databorn_etl_project/retail_etl/etl_pipeline_project/venv/lib/python3.10/site-packages/airflow/example_dags/example_bash_operator.py
[2025-07-04T15:43:19.095+0530] {processor.py:829} INFO - Processing file /Users/vaish/databorn_etl_project/retail_etl/etl_pipeline_project/venv/lib/python3.10/site-packages/airflow/example_dags/example_bash_operator.py for tasks to queue
[2025-07-04T15:43:19.096+0530] {logging_mixin.py:154} INFO - [2025-07-04T15:43:19.096+0530] {dagbag.py:536} INFO - Filling up the DagBag from /Users/vaish/databorn_etl_project/retail_etl/etl_pipeline_project/venv/lib/python3.10/site-packages/airflow/example_dags/example_bash_operator.py
[2025-07-04T15:43:19.184+0530] {processor.py:839} INFO - DAG(s) dict_keys(['example_bash_operator']) retrieved from /Users/vaish/databorn_etl_project/retail_etl/etl_pipeline_project/venv/lib/python3.10/site-packages/airflow/example_dags/example_bash_operator.py
[2025-07-04T15:43:19.366+0530] {logging_mixin.py:154} INFO - [2025-07-04T15:43:19.366+0530] {dag.py:2941} INFO - Sync 1 DAGs
[2025-07-04T15:43:19.391+0530] {logging_mixin.py:154} INFO - [2025-07-04T15:43:19.391+0530] {dag.py:3722} INFO - Setting next_dagrun for example_bash_operator to 2025-07-03T00:00:00+00:00, run_after=2025-07-04T00:00:00+00:00
[2025-07-04T15:43:19.415+0530] {processor.py:179} INFO - Processing /Users/vaish/databorn_etl_project/retail_etl/etl_pipeline_project/venv/lib/python3.10/site-packages/airflow/example_dags/example_bash_operator.py took 0.328 seconds
[2025-07-04T15:46:30.528+0530] {processor.py:157} INFO - Started process (PID=24739) to work on /Users/vaish/databorn_etl_project/retail_etl/etl_pipeline_project/venv/lib/python3.10/site-packages/airflow/example_dags/example_bash_operator.py
[2025-07-04T15:46:30.535+0530] {processor.py:829} INFO - Processing file /Users/vaish/databorn_etl_project/retail_etl/etl_pipeline_project/venv/lib/python3.10/site-packages/airflow/example_dags/example_bash_operator.py for tasks to queue
[2025-07-04T15:46:30.536+0530] {logging_mixin.py:154} INFO - [2025-07-04T15:46:30.536+0530] {dagbag.py:536} INFO - Filling up the DagBag from /Users/vaish/databorn_etl_project/retail_etl/etl_pipeline_project/venv/lib/python3.10/site-packages/airflow/example_dags/example_bash_operator.py
[2025-07-04T15:46:30.615+0530] {processor.py:839} INFO - DAG(s) dict_keys(['example_bash_operator']) retrieved from /Users/vaish/databorn_etl_project/retail_etl/etl_pipeline_project/venv/lib/python3.10/site-packages/airflow/example_dags/example_bash_operator.py
[2025-07-04T15:46:30.802+0530] {logging_mixin.py:154} INFO - [2025-07-04T15:46:30.801+0530] {dag.py:2941} INFO - Sync 1 DAGs
[2025-07-04T15:46:30.822+0530] {logging_mixin.py:154} INFO - [2025-07-04T15:46:30.822+0530] {dag.py:3722} INFO - Setting next_dagrun for example_bash_operator to 2025-07-03T00:00:00+00:00, run_after=2025-07-04T00:00:00+00:00
[2025-07-04T15:46:30.848+0530] {processor.py:179} INFO - Processing /Users/vaish/databorn_etl_project/retail_etl/etl_pipeline_project/venv/lib/python3.10/site-packages/airflow/example_dags/example_bash_operator.py took 0.321 seconds
[2025-07-04T15:47:01.753+0530] {processor.py:157} INFO - Started process (PID=24805) to work on /Users/vaish/databorn_etl_project/retail_etl/etl_pipeline_project/venv/lib/python3.10/site-packages/airflow/example_dags/example_bash_operator.py
[2025-07-04T15:47:01.754+0530] {processor.py:829} INFO - Processing file /Users/vaish/databorn_etl_project/retail_etl/etl_pipeline_project/venv/lib/python3.10/site-packages/airflow/example_dags/example_bash_operator.py for tasks to queue
[2025-07-04T15:47:01.755+0530] {logging_mixin.py:154} INFO - [2025-07-04T15:47:01.754+0530] {dagbag.py:536} INFO - Filling up the DagBag from /Users/vaish/databorn_etl_project/retail_etl/etl_pipeline_project/venv/lib/python3.10/site-packages/airflow/example_dags/example_bash_operator.py
[2025-07-04T15:47:01.832+0530] {processor.py:839} INFO - DAG(s) dict_keys(['example_bash_operator']) retrieved from /Users/vaish/databorn_etl_project/retail_etl/etl_pipeline_project/venv/lib/python3.10/site-packages/airflow/example_dags/example_bash_operator.py
[2025-07-04T15:47:02.005+0530] {logging_mixin.py:154} INFO - [2025-07-04T15:47:02.005+0530] {dag.py:2941} INFO - Sync 1 DAGs
[2025-07-04T15:47:02.025+0530] {logging_mixin.py:154} INFO - [2025-07-04T15:47:02.025+0530] {dag.py:3722} INFO - Setting next_dagrun for example_bash_operator to 2025-07-03T00:00:00+00:00, run_after=2025-07-04T00:00:00+00:00
[2025-07-04T15:47:02.051+0530] {processor.py:179} INFO - Processing /Users/vaish/databorn_etl_project/retail_etl/etl_pipeline_project/venv/lib/python3.10/site-packages/airflow/example_dags/example_bash_operator.py took 0.299 seconds
[2025-07-04T15:50:09.934+0530] {processor.py:157} INFO - Started process (PID=25280) to work on /Users/vaish/databorn_etl_project/retail_etl/etl_pipeline_project/venv/lib/python3.10/site-packages/airflow/example_dags/example_bash_operator.py
[2025-07-04T15:50:09.941+0530] {processor.py:829} INFO - Processing file /Users/vaish/databorn_etl_project/retail_etl/etl_pipeline_project/venv/lib/python3.10/site-packages/airflow/example_dags/example_bash_operator.py for tasks to queue
[2025-07-04T15:50:09.941+0530] {logging_mixin.py:154} INFO - [2025-07-04T15:50:09.941+0530] {dagbag.py:536} INFO - Filling up the DagBag from /Users/vaish/databorn_etl_project/retail_etl/etl_pipeline_project/venv/lib/python3.10/site-packages/airflow/example_dags/example_bash_operator.py
[2025-07-04T15:50:10.019+0530] {processor.py:839} INFO - DAG(s) dict_keys(['example_bash_operator']) retrieved from /Users/vaish/databorn_etl_project/retail_etl/etl_pipeline_project/venv/lib/python3.10/site-packages/airflow/example_dags/example_bash_operator.py
[2025-07-04T15:50:10.196+0530] {logging_mixin.py:154} INFO - [2025-07-04T15:50:10.196+0530] {dag.py:2941} INFO - Sync 1 DAGs
[2025-07-04T15:50:10.217+0530] {logging_mixin.py:154} INFO - [2025-07-04T15:50:10.216+0530] {dag.py:3722} INFO - Setting next_dagrun for example_bash_operator to 2025-07-03T00:00:00+00:00, run_after=2025-07-04T00:00:00+00:00
[2025-07-04T15:50:10.242+0530] {processor.py:179} INFO - Processing /Users/vaish/databorn_etl_project/retail_etl/etl_pipeline_project/venv/lib/python3.10/site-packages/airflow/example_dags/example_bash_operator.py took 0.310 seconds
[2025-07-04T15:50:48.421+0530] {processor.py:157} INFO - Started process (PID=25394) to work on /Users/vaish/databorn_etl_project/retail_etl/etl_pipeline_project/venv/lib/python3.10/site-packages/airflow/example_dags/example_bash_operator.py
[2025-07-04T15:50:48.421+0530] {processor.py:829} INFO - Processing file /Users/vaish/databorn_etl_project/retail_etl/etl_pipeline_project/venv/lib/python3.10/site-packages/airflow/example_dags/example_bash_operator.py for tasks to queue
[2025-07-04T15:50:48.422+0530] {logging_mixin.py:154} INFO - [2025-07-04T15:50:48.422+0530] {dagbag.py:536} INFO - Filling up the DagBag from /Users/vaish/databorn_etl_project/retail_etl/etl_pipeline_project/venv/lib/python3.10/site-packages/airflow/example_dags/example_bash_operator.py
[2025-07-04T15:50:48.498+0530] {processor.py:839} INFO - DAG(s) dict_keys(['example_bash_operator']) retrieved from /Users/vaish/databorn_etl_project/retail_etl/etl_pipeline_project/venv/lib/python3.10/site-packages/airflow/example_dags/example_bash_operator.py
[2025-07-04T15:50:48.669+0530] {logging_mixin.py:154} INFO - [2025-07-04T15:50:48.669+0530] {dag.py:2941} INFO - Sync 1 DAGs
[2025-07-04T15:50:48.690+0530] {logging_mixin.py:154} INFO - [2025-07-04T15:50:48.689+0530] {dag.py:3722} INFO - Setting next_dagrun for example_bash_operator to 2025-07-03T00:00:00+00:00, run_after=2025-07-04T00:00:00+00:00
[2025-07-04T15:50:48.715+0530] {processor.py:179} INFO - Processing /Users/vaish/databorn_etl_project/retail_etl/etl_pipeline_project/venv/lib/python3.10/site-packages/airflow/example_dags/example_bash_operator.py took 0.296 seconds
[2025-07-04T15:53:35.614+0530] {processor.py:157} INFO - Started process (PID=25759) to work on /Users/vaish/databorn_etl_project/retail_etl/etl_pipeline_project/venv/lib/python3.10/site-packages/airflow/example_dags/example_bash_operator.py
[2025-07-04T15:53:35.620+0530] {processor.py:829} INFO - Processing file /Users/vaish/databorn_etl_project/retail_etl/etl_pipeline_project/venv/lib/python3.10/site-packages/airflow/example_dags/example_bash_operator.py for tasks to queue
[2025-07-04T15:53:35.621+0530] {logging_mixin.py:154} INFO - [2025-07-04T15:53:35.621+0530] {dagbag.py:536} INFO - Filling up the DagBag from /Users/vaish/databorn_etl_project/retail_etl/etl_pipeline_project/venv/lib/python3.10/site-packages/airflow/example_dags/example_bash_operator.py
[2025-07-04T15:53:35.701+0530] {processor.py:839} INFO - DAG(s) dict_keys(['example_bash_operator']) retrieved from /Users/vaish/databorn_etl_project/retail_etl/etl_pipeline_project/venv/lib/python3.10/site-packages/airflow/example_dags/example_bash_operator.py
[2025-07-04T15:53:35.876+0530] {logging_mixin.py:154} INFO - [2025-07-04T15:53:35.876+0530] {dag.py:2941} INFO - Sync 1 DAGs
[2025-07-04T15:53:35.897+0530] {logging_mixin.py:154} INFO - [2025-07-04T15:53:35.896+0530] {dag.py:3722} INFO - Setting next_dagrun for example_bash_operator to 2025-07-03T00:00:00+00:00, run_after=2025-07-04T00:00:00+00:00
[2025-07-04T15:53:35.917+0530] {processor.py:179} INFO - Processing /Users/vaish/databorn_etl_project/retail_etl/etl_pipeline_project/venv/lib/python3.10/site-packages/airflow/example_dags/example_bash_operator.py took 0.304 seconds
[2025-07-04T15:54:14.055+0530] {processor.py:157} INFO - Started process (PID=25866) to work on /Users/vaish/databorn_etl_project/retail_etl/etl_pipeline_project/venv/lib/python3.10/site-packages/airflow/example_dags/example_bash_operator.py
[2025-07-04T15:54:14.055+0530] {processor.py:829} INFO - Processing file /Users/vaish/databorn_etl_project/retail_etl/etl_pipeline_project/venv/lib/python3.10/site-packages/airflow/example_dags/example_bash_operator.py for tasks to queue
[2025-07-04T15:54:14.056+0530] {logging_mixin.py:154} INFO - [2025-07-04T15:54:14.056+0530] {dagbag.py:536} INFO - Filling up the DagBag from /Users/vaish/databorn_etl_project/retail_etl/etl_pipeline_project/venv/lib/python3.10/site-packages/airflow/example_dags/example_bash_operator.py
[2025-07-04T15:54:14.135+0530] {processor.py:839} INFO - DAG(s) dict_keys(['example_bash_operator']) retrieved from /Users/vaish/databorn_etl_project/retail_etl/etl_pipeline_project/venv/lib/python3.10/site-packages/airflow/example_dags/example_bash_operator.py
[2025-07-04T15:54:14.311+0530] {logging_mixin.py:154} INFO - [2025-07-04T15:54:14.311+0530] {dag.py:2941} INFO - Sync 1 DAGs
[2025-07-04T15:54:14.331+0530] {logging_mixin.py:154} INFO - [2025-07-04T15:54:14.331+0530] {dag.py:3722} INFO - Setting next_dagrun for example_bash_operator to 2025-07-03T00:00:00+00:00, run_after=2025-07-04T00:00:00+00:00
[2025-07-04T15:54:14.358+0530] {processor.py:179} INFO - Processing /Users/vaish/databorn_etl_project/retail_etl/etl_pipeline_project/venv/lib/python3.10/site-packages/airflow/example_dags/example_bash_operator.py took 0.305 seconds
[2025-07-04T15:57:13.925+0530] {processor.py:157} INFO - Started process (PID=26962) to work on /Users/vaish/databorn_etl_project/retail_etl/etl_pipeline_project/venv/lib/python3.10/site-packages/airflow/example_dags/example_bash_operator.py
[2025-07-04T15:57:13.932+0530] {processor.py:829} INFO - Processing file /Users/vaish/databorn_etl_project/retail_etl/etl_pipeline_project/venv/lib/python3.10/site-packages/airflow/example_dags/example_bash_operator.py for tasks to queue
[2025-07-04T15:57:13.933+0530] {logging_mixin.py:154} INFO - [2025-07-04T15:57:13.932+0530] {dagbag.py:536} INFO - Filling up the DagBag from /Users/vaish/databorn_etl_project/retail_etl/etl_pipeline_project/venv/lib/python3.10/site-packages/airflow/example_dags/example_bash_operator.py
[2025-07-04T15:57:14.017+0530] {processor.py:839} INFO - DAG(s) dict_keys(['example_bash_operator']) retrieved from /Users/vaish/databorn_etl_project/retail_etl/etl_pipeline_project/venv/lib/python3.10/site-packages/airflow/example_dags/example_bash_operator.py
[2025-07-04T15:57:14.210+0530] {logging_mixin.py:154} INFO - [2025-07-04T15:57:14.210+0530] {dag.py:2941} INFO - Sync 1 DAGs
[2025-07-04T15:57:14.232+0530] {logging_mixin.py:154} INFO - [2025-07-04T15:57:14.232+0530] {dag.py:3722} INFO - Setting next_dagrun for example_bash_operator to 2025-07-03T00:00:00+00:00, run_after=2025-07-04T00:00:00+00:00
[2025-07-04T15:57:14.254+0530] {processor.py:179} INFO - Processing /Users/vaish/databorn_etl_project/retail_etl/etl_pipeline_project/venv/lib/python3.10/site-packages/airflow/example_dags/example_bash_operator.py took 0.330 seconds
[2025-07-04T15:57:45.761+0530] {processor.py:157} INFO - Started process (PID=27026) to work on /Users/vaish/databorn_etl_project/retail_etl/etl_pipeline_project/venv/lib/python3.10/site-packages/airflow/example_dags/example_bash_operator.py
[2025-07-04T15:57:45.761+0530] {processor.py:829} INFO - Processing file /Users/vaish/databorn_etl_project/retail_etl/etl_pipeline_project/venv/lib/python3.10/site-packages/airflow/example_dags/example_bash_operator.py for tasks to queue
[2025-07-04T15:57:45.762+0530] {logging_mixin.py:154} INFO - [2025-07-04T15:57:45.762+0530] {dagbag.py:536} INFO - Filling up the DagBag from /Users/vaish/databorn_etl_project/retail_etl/etl_pipeline_project/venv/lib/python3.10/site-packages/airflow/example_dags/example_bash_operator.py
[2025-07-04T15:57:45.841+0530] {processor.py:839} INFO - DAG(s) dict_keys(['example_bash_operator']) retrieved from /Users/vaish/databorn_etl_project/retail_etl/etl_pipeline_project/venv/lib/python3.10/site-packages/airflow/example_dags/example_bash_operator.py
[2025-07-04T15:57:46.019+0530] {logging_mixin.py:154} INFO - [2025-07-04T15:57:46.019+0530] {dag.py:2941} INFO - Sync 1 DAGs
[2025-07-04T15:57:46.039+0530] {logging_mixin.py:154} INFO - [2025-07-04T15:57:46.039+0530] {dag.py:3722} INFO - Setting next_dagrun for example_bash_operator to 2025-07-03T00:00:00+00:00, run_after=2025-07-04T00:00:00+00:00
[2025-07-04T15:57:46.065+0530] {processor.py:179} INFO - Processing /Users/vaish/databorn_etl_project/retail_etl/etl_pipeline_project/venv/lib/python3.10/site-packages/airflow/example_dags/example_bash_operator.py took 0.306 seconds
[2025-07-04T16:00:34.337+0530] {processor.py:157} INFO - Started process (PID=29387) to work on /Users/vaish/databorn_etl_project/retail_etl/etl_pipeline_project/venv/lib/python3.10/site-packages/airflow/example_dags/example_bash_operator.py
[2025-07-04T16:00:34.338+0530] {processor.py:829} INFO - Processing file /Users/vaish/databorn_etl_project/retail_etl/etl_pipeline_project/venv/lib/python3.10/site-packages/airflow/example_dags/example_bash_operator.py for tasks to queue
[2025-07-04T16:00:34.339+0530] {logging_mixin.py:154} INFO - [2025-07-04T16:00:34.339+0530] {dagbag.py:536} INFO - Filling up the DagBag from /Users/vaish/databorn_etl_project/retail_etl/etl_pipeline_project/venv/lib/python3.10/site-packages/airflow/example_dags/example_bash_operator.py
[2025-07-04T16:00:34.417+0530] {processor.py:839} INFO - DAG(s) dict_keys(['example_bash_operator']) retrieved from /Users/vaish/databorn_etl_project/retail_etl/etl_pipeline_project/venv/lib/python3.10/site-packages/airflow/example_dags/example_bash_operator.py
[2025-07-04T16:00:34.631+0530] {logging_mixin.py:154} INFO - [2025-07-04T16:00:34.631+0530] {dag.py:2941} INFO - Sync 1 DAGs
[2025-07-04T16:00:34.652+0530] {logging_mixin.py:154} INFO - [2025-07-04T16:00:34.652+0530] {dag.py:3722} INFO - Setting next_dagrun for example_bash_operator to 2025-07-03T00:00:00+00:00, run_after=2025-07-04T00:00:00+00:00
[2025-07-04T16:00:34.677+0530] {processor.py:179} INFO - Processing /Users/vaish/databorn_etl_project/retail_etl/etl_pipeline_project/venv/lib/python3.10/site-packages/airflow/example_dags/example_bash_operator.py took 0.341 seconds
[2025-07-04T16:01:07.573+0530] {processor.py:157} INFO - Started process (PID=30005) to work on /Users/vaish/databorn_etl_project/retail_etl/etl_pipeline_project/venv/lib/python3.10/site-packages/airflow/example_dags/example_bash_operator.py
[2025-07-04T16:01:07.574+0530] {processor.py:829} INFO - Processing file /Users/vaish/databorn_etl_project/retail_etl/etl_pipeline_project/venv/lib/python3.10/site-packages/airflow/example_dags/example_bash_operator.py for tasks to queue
[2025-07-04T16:01:07.576+0530] {logging_mixin.py:154} INFO - [2025-07-04T16:01:07.576+0530] {dagbag.py:536} INFO - Filling up the DagBag from /Users/vaish/databorn_etl_project/retail_etl/etl_pipeline_project/venv/lib/python3.10/site-packages/airflow/example_dags/example_bash_operator.py
[2025-07-04T16:01:07.734+0530] {processor.py:839} INFO - DAG(s) dict_keys(['example_bash_operator']) retrieved from /Users/vaish/databorn_etl_project/retail_etl/etl_pipeline_project/venv/lib/python3.10/site-packages/airflow/example_dags/example_bash_operator.py
[2025-07-04T16:01:08.006+0530] {logging_mixin.py:154} INFO - [2025-07-04T16:01:08.005+0530] {dag.py:2941} INFO - Sync 1 DAGs
[2025-07-04T16:01:08.034+0530] {logging_mixin.py:154} INFO - [2025-07-04T16:01:08.034+0530] {dag.py:3722} INFO - Setting next_dagrun for example_bash_operator to 2025-07-03T00:00:00+00:00, run_after=2025-07-04T00:00:00+00:00
[2025-07-04T16:01:08.062+0530] {processor.py:179} INFO - Processing /Users/vaish/databorn_etl_project/retail_etl/etl_pipeline_project/venv/lib/python3.10/site-packages/airflow/example_dags/example_bash_operator.py took 0.493 seconds
[2025-07-04T16:04:06.689+0530] {processor.py:157} INFO - Started process (PID=31239) to work on /Users/vaish/databorn_etl_project/retail_etl/etl_pipeline_project/venv/lib/python3.10/site-packages/airflow/example_dags/example_bash_operator.py
[2025-07-04T16:04:06.696+0530] {processor.py:829} INFO - Processing file /Users/vaish/databorn_etl_project/retail_etl/etl_pipeline_project/venv/lib/python3.10/site-packages/airflow/example_dags/example_bash_operator.py for tasks to queue
[2025-07-04T16:04:06.698+0530] {logging_mixin.py:154} INFO - [2025-07-04T16:04:06.697+0530] {dagbag.py:536} INFO - Filling up the DagBag from /Users/vaish/databorn_etl_project/retail_etl/etl_pipeline_project/venv/lib/python3.10/site-packages/airflow/example_dags/example_bash_operator.py
[2025-07-04T16:04:06.790+0530] {processor.py:839} INFO - DAG(s) dict_keys(['example_bash_operator']) retrieved from /Users/vaish/databorn_etl_project/retail_etl/etl_pipeline_project/venv/lib/python3.10/site-packages/airflow/example_dags/example_bash_operator.py
[2025-07-04T16:04:06.981+0530] {logging_mixin.py:154} INFO - [2025-07-04T16:04:06.981+0530] {dag.py:2941} INFO - Sync 1 DAGs
[2025-07-04T16:04:07.002+0530] {logging_mixin.py:154} INFO - [2025-07-04T16:04:07.002+0530] {dag.py:3722} INFO - Setting next_dagrun for example_bash_operator to 2025-07-03T00:00:00+00:00, run_after=2025-07-04T00:00:00+00:00
[2025-07-04T16:04:07.028+0530] {processor.py:179} INFO - Processing /Users/vaish/databorn_etl_project/retail_etl/etl_pipeline_project/venv/lib/python3.10/site-packages/airflow/example_dags/example_bash_operator.py took 0.340 seconds
[2025-07-04T16:04:40.256+0530] {processor.py:157} INFO - Started process (PID=31332) to work on /Users/vaish/databorn_etl_project/retail_etl/etl_pipeline_project/venv/lib/python3.10/site-packages/airflow/example_dags/example_bash_operator.py
[2025-07-04T16:04:40.259+0530] {processor.py:829} INFO - Processing file /Users/vaish/databorn_etl_project/retail_etl/etl_pipeline_project/venv/lib/python3.10/site-packages/airflow/example_dags/example_bash_operator.py for tasks to queue
[2025-07-04T16:04:40.260+0530] {logging_mixin.py:154} INFO - [2025-07-04T16:04:40.260+0530] {dagbag.py:536} INFO - Filling up the DagBag from /Users/vaish/databorn_etl_project/retail_etl/etl_pipeline_project/venv/lib/python3.10/site-packages/airflow/example_dags/example_bash_operator.py
[2025-07-04T16:04:40.343+0530] {processor.py:839} INFO - DAG(s) dict_keys(['example_bash_operator']) retrieved from /Users/vaish/databorn_etl_project/retail_etl/etl_pipeline_project/venv/lib/python3.10/site-packages/airflow/example_dags/example_bash_operator.py
[2025-07-04T16:04:40.526+0530] {logging_mixin.py:154} INFO - [2025-07-04T16:04:40.526+0530] {dag.py:2941} INFO - Sync 1 DAGs
[2025-07-04T16:04:40.547+0530] {logging_mixin.py:154} INFO - [2025-07-04T16:04:40.547+0530] {dag.py:3722} INFO - Setting next_dagrun for example_bash_operator to 2025-07-03T00:00:00+00:00, run_after=2025-07-04T00:00:00+00:00
[2025-07-04T16:04:40.577+0530] {processor.py:179} INFO - Processing /Users/vaish/databorn_etl_project/retail_etl/etl_pipeline_project/venv/lib/python3.10/site-packages/airflow/example_dags/example_bash_operator.py took 0.322 seconds
[2025-07-04T16:07:55.853+0530] {processor.py:157} INFO - Started process (PID=32163) to work on /Users/vaish/databorn_etl_project/retail_etl/etl_pipeline_project/venv/lib/python3.10/site-packages/airflow/example_dags/example_bash_operator.py
[2025-07-04T16:07:55.854+0530] {processor.py:829} INFO - Processing file /Users/vaish/databorn_etl_project/retail_etl/etl_pipeline_project/venv/lib/python3.10/site-packages/airflow/example_dags/example_bash_operator.py for tasks to queue
[2025-07-04T16:07:55.855+0530] {logging_mixin.py:154} INFO - [2025-07-04T16:07:55.855+0530] {dagbag.py:536} INFO - Filling up the DagBag from /Users/vaish/databorn_etl_project/retail_etl/etl_pipeline_project/venv/lib/python3.10/site-packages/airflow/example_dags/example_bash_operator.py
[2025-07-04T16:07:55.954+0530] {processor.py:839} INFO - DAG(s) dict_keys(['example_bash_operator']) retrieved from /Users/vaish/databorn_etl_project/retail_etl/etl_pipeline_project/venv/lib/python3.10/site-packages/airflow/example_dags/example_bash_operator.py
[2025-07-04T16:07:56.162+0530] {logging_mixin.py:154} INFO - [2025-07-04T16:07:56.162+0530] {dag.py:2941} INFO - Sync 1 DAGs
[2025-07-04T16:07:56.184+0530] {logging_mixin.py:154} INFO - [2025-07-04T16:07:56.184+0530] {dag.py:3722} INFO - Setting next_dagrun for example_bash_operator to 2025-07-03T00:00:00+00:00, run_after=2025-07-04T00:00:00+00:00
[2025-07-04T16:07:56.216+0530] {processor.py:179} INFO - Processing /Users/vaish/databorn_etl_project/retail_etl/etl_pipeline_project/venv/lib/python3.10/site-packages/airflow/example_dags/example_bash_operator.py took 0.365 seconds
[2025-07-04T16:08:29.290+0530] {processor.py:157} INFO - Started process (PID=32295) to work on /Users/vaish/databorn_etl_project/retail_etl/etl_pipeline_project/venv/lib/python3.10/site-packages/airflow/example_dags/example_bash_operator.py
[2025-07-04T16:08:29.290+0530] {processor.py:829} INFO - Processing file /Users/vaish/databorn_etl_project/retail_etl/etl_pipeline_project/venv/lib/python3.10/site-packages/airflow/example_dags/example_bash_operator.py for tasks to queue
[2025-07-04T16:08:29.291+0530] {logging_mixin.py:154} INFO - [2025-07-04T16:08:29.291+0530] {dagbag.py:536} INFO - Filling up the DagBag from /Users/vaish/databorn_etl_project/retail_etl/etl_pipeline_project/venv/lib/python3.10/site-packages/airflow/example_dags/example_bash_operator.py
[2025-07-04T16:08:29.381+0530] {processor.py:839} INFO - DAG(s) dict_keys(['example_bash_operator']) retrieved from /Users/vaish/databorn_etl_project/retail_etl/etl_pipeline_project/venv/lib/python3.10/site-packages/airflow/example_dags/example_bash_operator.py
[2025-07-04T16:08:29.587+0530] {logging_mixin.py:154} INFO - [2025-07-04T16:08:29.587+0530] {dag.py:2941} INFO - Sync 1 DAGs
[2025-07-04T16:08:29.611+0530] {logging_mixin.py:154} INFO - [2025-07-04T16:08:29.610+0530] {dag.py:3722} INFO - Setting next_dagrun for example_bash_operator to 2025-07-03T00:00:00+00:00, run_after=2025-07-04T00:00:00+00:00
[2025-07-04T16:08:29.639+0530] {processor.py:179} INFO - Processing /Users/vaish/databorn_etl_project/retail_etl/etl_pipeline_project/venv/lib/python3.10/site-packages/airflow/example_dags/example_bash_operator.py took 0.351 seconds
[2025-07-04T16:12:10.340+0530] {processor.py:157} INFO - Started process (PID=33110) to work on /Users/vaish/databorn_etl_project/retail_etl/etl_pipeline_project/venv/lib/python3.10/site-packages/airflow/example_dags/example_bash_operator.py
[2025-07-04T16:12:10.347+0530] {processor.py:829} INFO - Processing file /Users/vaish/databorn_etl_project/retail_etl/etl_pipeline_project/venv/lib/python3.10/site-packages/airflow/example_dags/example_bash_operator.py for tasks to queue
[2025-07-04T16:12:10.348+0530] {logging_mixin.py:154} INFO - [2025-07-04T16:12:10.348+0530] {dagbag.py:536} INFO - Filling up the DagBag from /Users/vaish/databorn_etl_project/retail_etl/etl_pipeline_project/venv/lib/python3.10/site-packages/airflow/example_dags/example_bash_operator.py
[2025-07-04T16:12:10.442+0530] {processor.py:839} INFO - DAG(s) dict_keys(['example_bash_operator']) retrieved from /Users/vaish/databorn_etl_project/retail_etl/etl_pipeline_project/venv/lib/python3.10/site-packages/airflow/example_dags/example_bash_operator.py
[2025-07-04T16:12:10.641+0530] {logging_mixin.py:154} INFO - [2025-07-04T16:12:10.640+0530] {dag.py:2941} INFO - Sync 1 DAGs
[2025-07-04T16:12:10.663+0530] {logging_mixin.py:154} INFO - [2025-07-04T16:12:10.663+0530] {dag.py:3722} INFO - Setting next_dagrun for example_bash_operator to 2025-07-03T00:00:00+00:00, run_after=2025-07-04T00:00:00+00:00
[2025-07-04T16:12:10.693+0530] {processor.py:179} INFO - Processing /Users/vaish/databorn_etl_project/retail_etl/etl_pipeline_project/venv/lib/python3.10/site-packages/airflow/example_dags/example_bash_operator.py took 0.354 seconds
[2025-07-04T16:13:32.660+0530] {processor.py:157} INFO - Started process (PID=33340) to work on /Users/vaish/databorn_etl_project/retail_etl/etl_pipeline_project/venv/lib/python3.10/site-packages/airflow/example_dags/example_bash_operator.py
[2025-07-04T16:13:32.663+0530] {processor.py:829} INFO - Processing file /Users/vaish/databorn_etl_project/retail_etl/etl_pipeline_project/venv/lib/python3.10/site-packages/airflow/example_dags/example_bash_operator.py for tasks to queue
[2025-07-04T16:13:32.664+0530] {logging_mixin.py:154} INFO - [2025-07-04T16:13:32.664+0530] {dagbag.py:536} INFO - Filling up the DagBag from /Users/vaish/databorn_etl_project/retail_etl/etl_pipeline_project/venv/lib/python3.10/site-packages/airflow/example_dags/example_bash_operator.py
[2025-07-04T16:13:32.745+0530] {processor.py:839} INFO - DAG(s) dict_keys(['example_bash_operator']) retrieved from /Users/vaish/databorn_etl_project/retail_etl/etl_pipeline_project/venv/lib/python3.10/site-packages/airflow/example_dags/example_bash_operator.py
[2025-07-04T16:13:32.924+0530] {logging_mixin.py:154} INFO - [2025-07-04T16:13:32.924+0530] {dag.py:2941} INFO - Sync 1 DAGs
[2025-07-04T16:13:32.945+0530] {logging_mixin.py:154} INFO - [2025-07-04T16:13:32.945+0530] {dag.py:3722} INFO - Setting next_dagrun for example_bash_operator to 2025-07-03T00:00:00+00:00, run_after=2025-07-04T00:00:00+00:00
[2025-07-04T16:13:32.972+0530] {processor.py:179} INFO - Processing /Users/vaish/databorn_etl_project/retail_etl/etl_pipeline_project/venv/lib/python3.10/site-packages/airflow/example_dags/example_bash_operator.py took 0.313 seconds
[2025-07-04T16:15:51.238+0530] {processor.py:157} INFO - Started process (PID=33663) to work on /Users/vaish/databorn_etl_project/retail_etl/etl_pipeline_project/venv/lib/python3.10/site-packages/airflow/example_dags/example_bash_operator.py
[2025-07-04T16:15:51.245+0530] {processor.py:829} INFO - Processing file /Users/vaish/databorn_etl_project/retail_etl/etl_pipeline_project/venv/lib/python3.10/site-packages/airflow/example_dags/example_bash_operator.py for tasks to queue
[2025-07-04T16:15:51.246+0530] {logging_mixin.py:154} INFO - [2025-07-04T16:15:51.245+0530] {dagbag.py:536} INFO - Filling up the DagBag from /Users/vaish/databorn_etl_project/retail_etl/etl_pipeline_project/venv/lib/python3.10/site-packages/airflow/example_dags/example_bash_operator.py
[2025-07-04T16:15:51.341+0530] {processor.py:839} INFO - DAG(s) dict_keys(['example_bash_operator']) retrieved from /Users/vaish/databorn_etl_project/retail_etl/etl_pipeline_project/venv/lib/python3.10/site-packages/airflow/example_dags/example_bash_operator.py
[2025-07-04T16:15:51.539+0530] {logging_mixin.py:154} INFO - [2025-07-04T16:15:51.539+0530] {dag.py:2941} INFO - Sync 1 DAGs
[2025-07-04T16:15:51.563+0530] {logging_mixin.py:154} INFO - [2025-07-04T16:15:51.563+0530] {dag.py:3722} INFO - Setting next_dagrun for example_bash_operator to 2025-07-03T00:00:00+00:00, run_after=2025-07-04T00:00:00+00:00
[2025-07-04T16:15:51.588+0530] {processor.py:179} INFO - Processing /Users/vaish/databorn_etl_project/retail_etl/etl_pipeline_project/venv/lib/python3.10/site-packages/airflow/example_dags/example_bash_operator.py took 0.352 seconds
