[2025-07-04T14:05:55.773+0530] {processor.py:157} INFO - Started process (PID=11725) to work on /Users/vaish/databorn_etl_project/retail_etl/etl_pipeline_project/venv/lib/python3.10/site-packages/airflow/example_dags/example_branch_operator_decorator.py
[2025-07-04T14:05:55.774+0530] {processor.py:829} INFO - Processing file /Users/vaish/databorn_etl_project/retail_etl/etl_pipeline_project/venv/lib/python3.10/site-packages/airflow/example_dags/example_branch_operator_decorator.py for tasks to queue
[2025-07-04T14:05:55.775+0530] {logging_mixin.py:154} INFO - [2025-07-04T14:05:55.775+0530] {dagbag.py:536} INFO - Filling up the DagBag from /Users/vaish/databorn_etl_project/retail_etl/etl_pipeline_project/venv/lib/python3.10/site-packages/airflow/example_dags/example_branch_operator_decorator.py
[2025-07-04T14:05:55.859+0530] {processor.py:839} INFO - DAG(s) dict_keys(['example_branch_python_operator_decorator']) retrieved from /Users/vaish/databorn_etl_project/retail_etl/etl_pipeline_project/venv/lib/python3.10/site-packages/airflow/example_dags/example_branch_operator_decorator.py
[2025-07-04T14:05:56.584+0530] {logging_mixin.py:154} INFO - [2025-07-04T14:05:56.584+0530] {manager.py:499} INFO - Created Permission View: %s
[2025-07-04T14:05:56.594+0530] {logging_mixin.py:154} INFO - [2025-07-04T14:05:56.594+0530] {manager.py:499} INFO - Created Permission View: %s
[2025-07-04T14:05:56.601+0530] {logging_mixin.py:154} INFO - [2025-07-04T14:05:56.601+0530] {manager.py:499} INFO - Created Permission View: %s
[2025-07-04T14:05:56.602+0530] {logging_mixin.py:154} INFO - [2025-07-04T14:05:56.602+0530] {dag.py:2941} INFO - Sync 1 DAGs
[2025-07-04T14:05:56.613+0530] {logging_mixin.py:154} INFO - [2025-07-04T14:05:56.613+0530] {dag.py:2963} INFO - Creating ORM DAG for example_branch_python_operator_decorator
[2025-07-04T14:05:56.624+0530] {logging_mixin.py:154} INFO - [2025-07-04T14:05:56.623+0530] {dag.py:3722} INFO - Setting next_dagrun for example_branch_python_operator_decorator to 2025-07-03T00:00:00+00:00, run_after=2025-07-04T00:00:00+00:00
[2025-07-04T14:05:56.643+0530] {processor.py:179} INFO - Processing /Users/vaish/databorn_etl_project/retail_etl/etl_pipeline_project/venv/lib/python3.10/site-packages/airflow/example_dags/example_branch_operator_decorator.py took 0.871 seconds
[2025-07-04T14:12:19.416+0530] {processor.py:157} INFO - Started process (PID=12290) to work on /Users/vaish/databorn_etl_project/retail_etl/etl_pipeline_project/venv/lib/python3.10/site-packages/airflow/example_dags/example_branch_operator_decorator.py
[2025-07-04T14:12:19.423+0530] {processor.py:829} INFO - Processing file /Users/vaish/databorn_etl_project/retail_etl/etl_pipeline_project/venv/lib/python3.10/site-packages/airflow/example_dags/example_branch_operator_decorator.py for tasks to queue
[2025-07-04T14:12:19.424+0530] {logging_mixin.py:154} INFO - [2025-07-04T14:12:19.423+0530] {dagbag.py:536} INFO - Filling up the DagBag from /Users/vaish/databorn_etl_project/retail_etl/etl_pipeline_project/venv/lib/python3.10/site-packages/airflow/example_dags/example_branch_operator_decorator.py
[2025-07-04T14:12:19.486+0530] {processor.py:839} INFO - DAG(s) dict_keys(['example_branch_python_operator_decorator']) retrieved from /Users/vaish/databorn_etl_project/retail_etl/etl_pipeline_project/venv/lib/python3.10/site-packages/airflow/example_dags/example_branch_operator_decorator.py
[2025-07-04T14:12:19.692+0530] {logging_mixin.py:154} INFO - [2025-07-04T14:12:19.692+0530] {dag.py:2941} INFO - Sync 1 DAGs
[2025-07-04T14:12:19.714+0530] {logging_mixin.py:154} INFO - [2025-07-04T14:12:19.713+0530] {dag.py:3722} INFO - Setting next_dagrun for example_branch_python_operator_decorator to 2025-07-03T00:00:00+00:00, run_after=2025-07-04T00:00:00+00:00
[2025-07-04T14:12:19.741+0530] {processor.py:179} INFO - Processing /Users/vaish/databorn_etl_project/retail_etl/etl_pipeline_project/venv/lib/python3.10/site-packages/airflow/example_dags/example_branch_operator_decorator.py took 0.327 seconds
[2025-07-04T14:15:52.539+0530] {processor.py:157} INFO - Started process (PID=12629) to work on /Users/vaish/databorn_etl_project/retail_etl/etl_pipeline_project/venv/lib/python3.10/site-packages/airflow/example_dags/example_branch_operator_decorator.py
[2025-07-04T14:15:52.539+0530] {processor.py:829} INFO - Processing file /Users/vaish/databorn_etl_project/retail_etl/etl_pipeline_project/venv/lib/python3.10/site-packages/airflow/example_dags/example_branch_operator_decorator.py for tasks to queue
[2025-07-04T14:15:52.540+0530] {logging_mixin.py:154} INFO - [2025-07-04T14:15:52.540+0530] {dagbag.py:536} INFO - Filling up the DagBag from /Users/vaish/databorn_etl_project/retail_etl/etl_pipeline_project/venv/lib/python3.10/site-packages/airflow/example_dags/example_branch_operator_decorator.py
[2025-07-04T14:15:52.600+0530] {processor.py:839} INFO - DAG(s) dict_keys(['example_branch_python_operator_decorator']) retrieved from /Users/vaish/databorn_etl_project/retail_etl/etl_pipeline_project/venv/lib/python3.10/site-packages/airflow/example_dags/example_branch_operator_decorator.py
[2025-07-04T14:15:52.804+0530] {logging_mixin.py:154} INFO - [2025-07-04T14:15:52.804+0530] {dag.py:2941} INFO - Sync 1 DAGs
[2025-07-04T14:15:52.824+0530] {logging_mixin.py:154} INFO - [2025-07-04T14:15:52.824+0530] {dag.py:3722} INFO - Setting next_dagrun for example_branch_python_operator_decorator to 2025-07-03T00:00:00+00:00, run_after=2025-07-04T00:00:00+00:00
[2025-07-04T14:15:52.852+0530] {processor.py:179} INFO - Processing /Users/vaish/databorn_etl_project/retail_etl/etl_pipeline_project/venv/lib/python3.10/site-packages/airflow/example_dags/example_branch_operator_decorator.py took 0.315 seconds
[2025-07-04T14:19:00.141+0530] {processor.py:157} INFO - Started process (PID=12889) to work on /Users/vaish/databorn_etl_project/retail_etl/etl_pipeline_project/venv/lib/python3.10/site-packages/airflow/example_dags/example_branch_operator_decorator.py
[2025-07-04T14:19:00.141+0530] {processor.py:829} INFO - Processing file /Users/vaish/databorn_etl_project/retail_etl/etl_pipeline_project/venv/lib/python3.10/site-packages/airflow/example_dags/example_branch_operator_decorator.py for tasks to queue
[2025-07-04T14:19:00.142+0530] {logging_mixin.py:154} INFO - [2025-07-04T14:19:00.142+0530] {dagbag.py:536} INFO - Filling up the DagBag from /Users/vaish/databorn_etl_project/retail_etl/etl_pipeline_project/venv/lib/python3.10/site-packages/airflow/example_dags/example_branch_operator_decorator.py
[2025-07-04T14:19:00.203+0530] {processor.py:839} INFO - DAG(s) dict_keys(['example_branch_python_operator_decorator']) retrieved from /Users/vaish/databorn_etl_project/retail_etl/etl_pipeline_project/venv/lib/python3.10/site-packages/airflow/example_dags/example_branch_operator_decorator.py
[2025-07-04T14:19:00.406+0530] {logging_mixin.py:154} INFO - [2025-07-04T14:19:00.406+0530] {dag.py:2941} INFO - Sync 1 DAGs
[2025-07-04T14:19:00.426+0530] {logging_mixin.py:154} INFO - [2025-07-04T14:19:00.425+0530] {dag.py:3722} INFO - Setting next_dagrun for example_branch_python_operator_decorator to 2025-07-03T00:00:00+00:00, run_after=2025-07-04T00:00:00+00:00
[2025-07-04T14:19:00.454+0530] {processor.py:179} INFO - Processing /Users/vaish/databorn_etl_project/retail_etl/etl_pipeline_project/venv/lib/python3.10/site-packages/airflow/example_dags/example_branch_operator_decorator.py took 0.315 seconds
[2025-07-04T14:22:15.305+0530] {processor.py:157} INFO - Started process (PID=13220) to work on /Users/vaish/databorn_etl_project/retail_etl/etl_pipeline_project/venv/lib/python3.10/site-packages/airflow/example_dags/example_branch_operator_decorator.py
[2025-07-04T14:22:15.306+0530] {processor.py:829} INFO - Processing file /Users/vaish/databorn_etl_project/retail_etl/etl_pipeline_project/venv/lib/python3.10/site-packages/airflow/example_dags/example_branch_operator_decorator.py for tasks to queue
[2025-07-04T14:22:15.306+0530] {logging_mixin.py:154} INFO - [2025-07-04T14:22:15.306+0530] {dagbag.py:536} INFO - Filling up the DagBag from /Users/vaish/databorn_etl_project/retail_etl/etl_pipeline_project/venv/lib/python3.10/site-packages/airflow/example_dags/example_branch_operator_decorator.py
[2025-07-04T14:22:15.370+0530] {processor.py:839} INFO - DAG(s) dict_keys(['example_branch_python_operator_decorator']) retrieved from /Users/vaish/databorn_etl_project/retail_etl/etl_pipeline_project/venv/lib/python3.10/site-packages/airflow/example_dags/example_branch_operator_decorator.py
[2025-07-04T14:22:15.585+0530] {logging_mixin.py:154} INFO - [2025-07-04T14:22:15.585+0530] {dag.py:2941} INFO - Sync 1 DAGs
[2025-07-04T14:22:15.606+0530] {logging_mixin.py:154} INFO - [2025-07-04T14:22:15.605+0530] {dag.py:3722} INFO - Setting next_dagrun for example_branch_python_operator_decorator to 2025-07-03T00:00:00+00:00, run_after=2025-07-04T00:00:00+00:00
[2025-07-04T14:22:15.634+0530] {processor.py:179} INFO - Processing /Users/vaish/databorn_etl_project/retail_etl/etl_pipeline_project/venv/lib/python3.10/site-packages/airflow/example_dags/example_branch_operator_decorator.py took 0.331 seconds
[2025-07-04T14:25:41.135+0530] {processor.py:157} INFO - Started process (PID=13607) to work on /Users/vaish/databorn_etl_project/retail_etl/etl_pipeline_project/venv/lib/python3.10/site-packages/airflow/example_dags/example_branch_operator_decorator.py
[2025-07-04T14:25:41.136+0530] {processor.py:829} INFO - Processing file /Users/vaish/databorn_etl_project/retail_etl/etl_pipeline_project/venv/lib/python3.10/site-packages/airflow/example_dags/example_branch_operator_decorator.py for tasks to queue
[2025-07-04T14:25:41.136+0530] {logging_mixin.py:154} INFO - [2025-07-04T14:25:41.136+0530] {dagbag.py:536} INFO - Filling up the DagBag from /Users/vaish/databorn_etl_project/retail_etl/etl_pipeline_project/venv/lib/python3.10/site-packages/airflow/example_dags/example_branch_operator_decorator.py
[2025-07-04T14:25:41.202+0530] {processor.py:839} INFO - DAG(s) dict_keys(['example_branch_python_operator_decorator']) retrieved from /Users/vaish/databorn_etl_project/retail_etl/etl_pipeline_project/venv/lib/python3.10/site-packages/airflow/example_dags/example_branch_operator_decorator.py
[2025-07-04T14:25:41.423+0530] {logging_mixin.py:154} INFO - [2025-07-04T14:25:41.423+0530] {dag.py:2941} INFO - Sync 1 DAGs
[2025-07-04T14:25:41.446+0530] {logging_mixin.py:154} INFO - [2025-07-04T14:25:41.446+0530] {dag.py:3722} INFO - Setting next_dagrun for example_branch_python_operator_decorator to 2025-07-03T00:00:00+00:00, run_after=2025-07-04T00:00:00+00:00
[2025-07-04T14:25:41.476+0530] {processor.py:179} INFO - Processing /Users/vaish/databorn_etl_project/retail_etl/etl_pipeline_project/venv/lib/python3.10/site-packages/airflow/example_dags/example_branch_operator_decorator.py took 0.343 seconds
[2025-07-04T14:29:13.397+0530] {processor.py:157} INFO - Started process (PID=13895) to work on /Users/vaish/databorn_etl_project/retail_etl/etl_pipeline_project/venv/lib/python3.10/site-packages/airflow/example_dags/example_branch_operator_decorator.py
[2025-07-04T14:29:13.398+0530] {processor.py:829} INFO - Processing file /Users/vaish/databorn_etl_project/retail_etl/etl_pipeline_project/venv/lib/python3.10/site-packages/airflow/example_dags/example_branch_operator_decorator.py for tasks to queue
[2025-07-04T14:29:13.399+0530] {logging_mixin.py:154} INFO - [2025-07-04T14:29:13.399+0530] {dagbag.py:536} INFO - Filling up the DagBag from /Users/vaish/databorn_etl_project/retail_etl/etl_pipeline_project/venv/lib/python3.10/site-packages/airflow/example_dags/example_branch_operator_decorator.py
[2025-07-04T14:29:13.464+0530] {processor.py:839} INFO - DAG(s) dict_keys(['example_branch_python_operator_decorator']) retrieved from /Users/vaish/databorn_etl_project/retail_etl/etl_pipeline_project/venv/lib/python3.10/site-packages/airflow/example_dags/example_branch_operator_decorator.py
[2025-07-04T14:29:13.683+0530] {logging_mixin.py:154} INFO - [2025-07-04T14:29:13.682+0530] {dag.py:2941} INFO - Sync 1 DAGs
[2025-07-04T14:29:13.704+0530] {logging_mixin.py:154} INFO - [2025-07-04T14:29:13.703+0530] {dag.py:3722} INFO - Setting next_dagrun for example_branch_python_operator_decorator to 2025-07-03T00:00:00+00:00, run_after=2025-07-04T00:00:00+00:00
[2025-07-04T14:29:13.733+0530] {processor.py:179} INFO - Processing /Users/vaish/databorn_etl_project/retail_etl/etl_pipeline_project/venv/lib/python3.10/site-packages/airflow/example_dags/example_branch_operator_decorator.py took 0.337 seconds
[2025-07-04T14:34:13.734+0530] {processor.py:157} INFO - Started process (PID=14678) to work on /Users/vaish/databorn_etl_project/retail_etl/etl_pipeline_project/venv/lib/python3.10/site-packages/airflow/example_dags/example_branch_operator_decorator.py
[2025-07-04T14:34:13.740+0530] {processor.py:829} INFO - Processing file /Users/vaish/databorn_etl_project/retail_etl/etl_pipeline_project/venv/lib/python3.10/site-packages/airflow/example_dags/example_branch_operator_decorator.py for tasks to queue
[2025-07-04T14:34:13.741+0530] {logging_mixin.py:154} INFO - [2025-07-04T14:34:13.741+0530] {dagbag.py:536} INFO - Filling up the DagBag from /Users/vaish/databorn_etl_project/retail_etl/etl_pipeline_project/venv/lib/python3.10/site-packages/airflow/example_dags/example_branch_operator_decorator.py
[2025-07-04T14:34:13.814+0530] {processor.py:839} INFO - DAG(s) dict_keys(['example_branch_python_operator_decorator']) retrieved from /Users/vaish/databorn_etl_project/retail_etl/etl_pipeline_project/venv/lib/python3.10/site-packages/airflow/example_dags/example_branch_operator_decorator.py
[2025-07-04T14:34:14.054+0530] {logging_mixin.py:154} INFO - [2025-07-04T14:34:14.054+0530] {dag.py:2941} INFO - Sync 1 DAGs
[2025-07-04T14:34:14.078+0530] {logging_mixin.py:154} INFO - [2025-07-04T14:34:14.078+0530] {dag.py:3722} INFO - Setting next_dagrun for example_branch_python_operator_decorator to 2025-07-03T00:00:00+00:00, run_after=2025-07-04T00:00:00+00:00
[2025-07-04T14:34:14.109+0530] {processor.py:179} INFO - Processing /Users/vaish/databorn_etl_project/retail_etl/etl_pipeline_project/venv/lib/python3.10/site-packages/airflow/example_dags/example_branch_operator_decorator.py took 0.377 seconds
[2025-07-04T14:36:19.102+0530] {processor.py:157} INFO - Started process (PID=14979) to work on /Users/vaish/databorn_etl_project/retail_etl/etl_pipeline_project/venv/lib/python3.10/site-packages/airflow/example_dags/example_branch_operator_decorator.py
[2025-07-04T14:36:19.103+0530] {processor.py:829} INFO - Processing file /Users/vaish/databorn_etl_project/retail_etl/etl_pipeline_project/venv/lib/python3.10/site-packages/airflow/example_dags/example_branch_operator_decorator.py for tasks to queue
[2025-07-04T14:36:19.103+0530] {logging_mixin.py:154} INFO - [2025-07-04T14:36:19.103+0530] {dagbag.py:536} INFO - Filling up the DagBag from /Users/vaish/databorn_etl_project/retail_etl/etl_pipeline_project/venv/lib/python3.10/site-packages/airflow/example_dags/example_branch_operator_decorator.py
[2025-07-04T14:36:19.164+0530] {processor.py:839} INFO - DAG(s) dict_keys(['example_branch_python_operator_decorator']) retrieved from /Users/vaish/databorn_etl_project/retail_etl/etl_pipeline_project/venv/lib/python3.10/site-packages/airflow/example_dags/example_branch_operator_decorator.py
[2025-07-04T14:36:19.371+0530] {logging_mixin.py:154} INFO - [2025-07-04T14:36:19.370+0530] {dag.py:2941} INFO - Sync 1 DAGs
[2025-07-04T14:36:19.391+0530] {logging_mixin.py:154} INFO - [2025-07-04T14:36:19.391+0530] {dag.py:3722} INFO - Setting next_dagrun for example_branch_python_operator_decorator to 2025-07-03T00:00:00+00:00, run_after=2025-07-04T00:00:00+00:00
[2025-07-04T14:36:19.418+0530] {processor.py:179} INFO - Processing /Users/vaish/databorn_etl_project/retail_etl/etl_pipeline_project/venv/lib/python3.10/site-packages/airflow/example_dags/example_branch_operator_decorator.py took 0.318 seconds
[2025-07-04T14:37:36.880+0530] {processor.py:157} INFO - Started process (PID=15149) to work on /Users/vaish/databorn_etl_project/retail_etl/etl_pipeline_project/venv/lib/python3.10/site-packages/airflow/example_dags/example_branch_operator_decorator.py
[2025-07-04T14:37:36.881+0530] {processor.py:829} INFO - Processing file /Users/vaish/databorn_etl_project/retail_etl/etl_pipeline_project/venv/lib/python3.10/site-packages/airflow/example_dags/example_branch_operator_decorator.py for tasks to queue
[2025-07-04T14:37:36.882+0530] {logging_mixin.py:154} INFO - [2025-07-04T14:37:36.881+0530] {dagbag.py:536} INFO - Filling up the DagBag from /Users/vaish/databorn_etl_project/retail_etl/etl_pipeline_project/venv/lib/python3.10/site-packages/airflow/example_dags/example_branch_operator_decorator.py
[2025-07-04T14:37:36.950+0530] {processor.py:839} INFO - DAG(s) dict_keys(['example_branch_python_operator_decorator']) retrieved from /Users/vaish/databorn_etl_project/retail_etl/etl_pipeline_project/venv/lib/python3.10/site-packages/airflow/example_dags/example_branch_operator_decorator.py
[2025-07-04T14:37:37.221+0530] {logging_mixin.py:154} INFO - [2025-07-04T14:37:37.220+0530] {dag.py:2941} INFO - Sync 1 DAGs
[2025-07-04T14:37:37.242+0530] {logging_mixin.py:154} INFO - [2025-07-04T14:37:37.242+0530] {dag.py:3722} INFO - Setting next_dagrun for example_branch_python_operator_decorator to 2025-07-03T00:00:00+00:00, run_after=2025-07-04T00:00:00+00:00
[2025-07-04T14:37:37.271+0530] {processor.py:179} INFO - Processing /Users/vaish/databorn_etl_project/retail_etl/etl_pipeline_project/venv/lib/python3.10/site-packages/airflow/example_dags/example_branch_operator_decorator.py took 0.392 seconds
[2025-07-04T14:39:40.860+0530] {processor.py:157} INFO - Started process (PID=15539) to work on /Users/vaish/databorn_etl_project/retail_etl/etl_pipeline_project/venv/lib/python3.10/site-packages/airflow/example_dags/example_branch_operator_decorator.py
[2025-07-04T14:39:40.861+0530] {processor.py:829} INFO - Processing file /Users/vaish/databorn_etl_project/retail_etl/etl_pipeline_project/venv/lib/python3.10/site-packages/airflow/example_dags/example_branch_operator_decorator.py for tasks to queue
[2025-07-04T14:39:40.861+0530] {logging_mixin.py:154} INFO - [2025-07-04T14:39:40.861+0530] {dagbag.py:536} INFO - Filling up the DagBag from /Users/vaish/databorn_etl_project/retail_etl/etl_pipeline_project/venv/lib/python3.10/site-packages/airflow/example_dags/example_branch_operator_decorator.py
[2025-07-04T14:39:40.923+0530] {processor.py:839} INFO - DAG(s) dict_keys(['example_branch_python_operator_decorator']) retrieved from /Users/vaish/databorn_etl_project/retail_etl/etl_pipeline_project/venv/lib/python3.10/site-packages/airflow/example_dags/example_branch_operator_decorator.py
[2025-07-04T14:39:41.130+0530] {logging_mixin.py:154} INFO - [2025-07-04T14:39:41.130+0530] {dag.py:2941} INFO - Sync 1 DAGs
[2025-07-04T14:39:41.151+0530] {logging_mixin.py:154} INFO - [2025-07-04T14:39:41.151+0530] {dag.py:3722} INFO - Setting next_dagrun for example_branch_python_operator_decorator to 2025-07-03T00:00:00+00:00, run_after=2025-07-04T00:00:00+00:00
[2025-07-04T14:39:41.179+0530] {processor.py:179} INFO - Processing /Users/vaish/databorn_etl_project/retail_etl/etl_pipeline_project/venv/lib/python3.10/site-packages/airflow/example_dags/example_branch_operator_decorator.py took 0.320 seconds
[2025-07-04T14:41:02.869+0530] {processor.py:157} INFO - Started process (PID=15721) to work on /Users/vaish/databorn_etl_project/retail_etl/etl_pipeline_project/venv/lib/python3.10/site-packages/airflow/example_dags/example_branch_operator_decorator.py
[2025-07-04T14:41:02.869+0530] {processor.py:829} INFO - Processing file /Users/vaish/databorn_etl_project/retail_etl/etl_pipeline_project/venv/lib/python3.10/site-packages/airflow/example_dags/example_branch_operator_decorator.py for tasks to queue
[2025-07-04T14:41:02.870+0530] {logging_mixin.py:154} INFO - [2025-07-04T14:41:02.870+0530] {dagbag.py:536} INFO - Filling up the DagBag from /Users/vaish/databorn_etl_project/retail_etl/etl_pipeline_project/venv/lib/python3.10/site-packages/airflow/example_dags/example_branch_operator_decorator.py
[2025-07-04T14:41:02.931+0530] {processor.py:839} INFO - DAG(s) dict_keys(['example_branch_python_operator_decorator']) retrieved from /Users/vaish/databorn_etl_project/retail_etl/etl_pipeline_project/venv/lib/python3.10/site-packages/airflow/example_dags/example_branch_operator_decorator.py
[2025-07-04T14:41:03.138+0530] {logging_mixin.py:154} INFO - [2025-07-04T14:41:03.138+0530] {dag.py:2941} INFO - Sync 1 DAGs
[2025-07-04T14:41:03.159+0530] {logging_mixin.py:154} INFO - [2025-07-04T14:41:03.159+0530] {dag.py:3722} INFO - Setting next_dagrun for example_branch_python_operator_decorator to 2025-07-03T00:00:00+00:00, run_after=2025-07-04T00:00:00+00:00
[2025-07-04T14:41:03.186+0530] {processor.py:179} INFO - Processing /Users/vaish/databorn_etl_project/retail_etl/etl_pipeline_project/venv/lib/python3.10/site-packages/airflow/example_dags/example_branch_operator_decorator.py took 0.319 seconds
[2025-07-04T14:43:15.296+0530] {processor.py:157} INFO - Started process (PID=16026) to work on /Users/vaish/databorn_etl_project/retail_etl/etl_pipeline_project/venv/lib/python3.10/site-packages/airflow/example_dags/example_branch_operator_decorator.py
[2025-07-04T14:43:15.299+0530] {processor.py:829} INFO - Processing file /Users/vaish/databorn_etl_project/retail_etl/etl_pipeline_project/venv/lib/python3.10/site-packages/airflow/example_dags/example_branch_operator_decorator.py for tasks to queue
[2025-07-04T14:43:15.300+0530] {logging_mixin.py:154} INFO - [2025-07-04T14:43:15.300+0530] {dagbag.py:536} INFO - Filling up the DagBag from /Users/vaish/databorn_etl_project/retail_etl/etl_pipeline_project/venv/lib/python3.10/site-packages/airflow/example_dags/example_branch_operator_decorator.py
[2025-07-04T14:43:15.367+0530] {processor.py:839} INFO - DAG(s) dict_keys(['example_branch_python_operator_decorator']) retrieved from /Users/vaish/databorn_etl_project/retail_etl/etl_pipeline_project/venv/lib/python3.10/site-packages/airflow/example_dags/example_branch_operator_decorator.py
[2025-07-04T14:43:15.587+0530] {logging_mixin.py:154} INFO - [2025-07-04T14:43:15.587+0530] {dag.py:2941} INFO - Sync 1 DAGs
[2025-07-04T14:43:15.608+0530] {logging_mixin.py:154} INFO - [2025-07-04T14:43:15.608+0530] {dag.py:3722} INFO - Setting next_dagrun for example_branch_python_operator_decorator to 2025-07-03T00:00:00+00:00, run_after=2025-07-04T00:00:00+00:00
[2025-07-04T14:43:15.635+0530] {processor.py:179} INFO - Processing /Users/vaish/databorn_etl_project/retail_etl/etl_pipeline_project/venv/lib/python3.10/site-packages/airflow/example_dags/example_branch_operator_decorator.py took 0.340 seconds
[2025-07-04T14:44:04.907+0530] {processor.py:157} INFO - Started process (PID=16133) to work on /Users/vaish/databorn_etl_project/retail_etl/etl_pipeline_project/venv/lib/python3.10/site-packages/airflow/example_dags/example_branch_operator_decorator.py
[2025-07-04T14:44:04.908+0530] {processor.py:829} INFO - Processing file /Users/vaish/databorn_etl_project/retail_etl/etl_pipeline_project/venv/lib/python3.10/site-packages/airflow/example_dags/example_branch_operator_decorator.py for tasks to queue
[2025-07-04T14:44:04.910+0530] {logging_mixin.py:154} INFO - [2025-07-04T14:44:04.909+0530] {dagbag.py:536} INFO - Filling up the DagBag from /Users/vaish/databorn_etl_project/retail_etl/etl_pipeline_project/venv/lib/python3.10/site-packages/airflow/example_dags/example_branch_operator_decorator.py
[2025-07-04T14:44:04.982+0530] {processor.py:839} INFO - DAG(s) dict_keys(['example_branch_python_operator_decorator']) retrieved from /Users/vaish/databorn_etl_project/retail_etl/etl_pipeline_project/venv/lib/python3.10/site-packages/airflow/example_dags/example_branch_operator_decorator.py
[2025-07-04T14:44:05.212+0530] {logging_mixin.py:154} INFO - [2025-07-04T14:44:05.212+0530] {dag.py:2941} INFO - Sync 1 DAGs
[2025-07-04T14:44:05.235+0530] {logging_mixin.py:154} INFO - [2025-07-04T14:44:05.234+0530] {dag.py:3722} INFO - Setting next_dagrun for example_branch_python_operator_decorator to 2025-07-03T00:00:00+00:00, run_after=2025-07-04T00:00:00+00:00
[2025-07-04T14:44:05.265+0530] {processor.py:179} INFO - Processing /Users/vaish/databorn_etl_project/retail_etl/etl_pipeline_project/venv/lib/python3.10/site-packages/airflow/example_dags/example_branch_operator_decorator.py took 0.359 seconds
[2025-07-04T14:46:41.844+0530] {processor.py:157} INFO - Started process (PID=16616) to work on /Users/vaish/databorn_etl_project/retail_etl/etl_pipeline_project/venv/lib/python3.10/site-packages/airflow/example_dags/example_branch_operator_decorator.py
[2025-07-04T14:46:41.851+0530] {processor.py:829} INFO - Processing file /Users/vaish/databorn_etl_project/retail_etl/etl_pipeline_project/venv/lib/python3.10/site-packages/airflow/example_dags/example_branch_operator_decorator.py for tasks to queue
[2025-07-04T14:46:41.852+0530] {logging_mixin.py:154} INFO - [2025-07-04T14:46:41.852+0530] {dagbag.py:536} INFO - Filling up the DagBag from /Users/vaish/databorn_etl_project/retail_etl/etl_pipeline_project/venv/lib/python3.10/site-packages/airflow/example_dags/example_branch_operator_decorator.py
[2025-07-04T14:46:41.917+0530] {processor.py:839} INFO - DAG(s) dict_keys(['example_branch_python_operator_decorator']) retrieved from /Users/vaish/databorn_etl_project/retail_etl/etl_pipeline_project/venv/lib/python3.10/site-packages/airflow/example_dags/example_branch_operator_decorator.py
[2025-07-04T14:46:42.127+0530] {logging_mixin.py:154} INFO - [2025-07-04T14:46:42.127+0530] {dag.py:2941} INFO - Sync 1 DAGs
[2025-07-04T14:46:42.148+0530] {logging_mixin.py:154} INFO - [2025-07-04T14:46:42.148+0530] {dag.py:3722} INFO - Setting next_dagrun for example_branch_python_operator_decorator to 2025-07-03T00:00:00+00:00, run_after=2025-07-04T00:00:00+00:00
[2025-07-04T14:46:42.178+0530] {processor.py:179} INFO - Processing /Users/vaish/databorn_etl_project/retail_etl/etl_pipeline_project/venv/lib/python3.10/site-packages/airflow/example_dags/example_branch_operator_decorator.py took 0.335 seconds
[2025-07-04T14:49:15.093+0530] {processor.py:157} INFO - Started process (PID=16998) to work on /Users/vaish/databorn_etl_project/retail_etl/etl_pipeline_project/venv/lib/python3.10/site-packages/airflow/example_dags/example_branch_operator_decorator.py
[2025-07-04T14:49:15.094+0530] {processor.py:829} INFO - Processing file /Users/vaish/databorn_etl_project/retail_etl/etl_pipeline_project/venv/lib/python3.10/site-packages/airflow/example_dags/example_branch_operator_decorator.py for tasks to queue
[2025-07-04T14:49:15.095+0530] {logging_mixin.py:154} INFO - [2025-07-04T14:49:15.095+0530] {dagbag.py:536} INFO - Filling up the DagBag from /Users/vaish/databorn_etl_project/retail_etl/etl_pipeline_project/venv/lib/python3.10/site-packages/airflow/example_dags/example_branch_operator_decorator.py
[2025-07-04T14:49:15.162+0530] {processor.py:839} INFO - DAG(s) dict_keys(['example_branch_python_operator_decorator']) retrieved from /Users/vaish/databorn_etl_project/retail_etl/etl_pipeline_project/venv/lib/python3.10/site-packages/airflow/example_dags/example_branch_operator_decorator.py
[2025-07-04T14:49:15.392+0530] {logging_mixin.py:154} INFO - [2025-07-04T14:49:15.392+0530] {dag.py:2941} INFO - Sync 1 DAGs
[2025-07-04T14:49:15.418+0530] {logging_mixin.py:154} INFO - [2025-07-04T14:49:15.417+0530] {dag.py:3722} INFO - Setting next_dagrun for example_branch_python_operator_decorator to 2025-07-03T00:00:00+00:00, run_after=2025-07-04T00:00:00+00:00
[2025-07-04T14:49:15.441+0530] {processor.py:179} INFO - Processing /Users/vaish/databorn_etl_project/retail_etl/etl_pipeline_project/venv/lib/python3.10/site-packages/airflow/example_dags/example_branch_operator_decorator.py took 0.350 seconds
[2025-07-04T14:50:05.708+0530] {processor.py:157} INFO - Started process (PID=17103) to work on /Users/vaish/databorn_etl_project/retail_etl/etl_pipeline_project/venv/lib/python3.10/site-packages/airflow/example_dags/example_branch_operator_decorator.py
[2025-07-04T14:50:05.709+0530] {processor.py:829} INFO - Processing file /Users/vaish/databorn_etl_project/retail_etl/etl_pipeline_project/venv/lib/python3.10/site-packages/airflow/example_dags/example_branch_operator_decorator.py for tasks to queue
[2025-07-04T14:50:05.710+0530] {logging_mixin.py:154} INFO - [2025-07-04T14:50:05.709+0530] {dagbag.py:536} INFO - Filling up the DagBag from /Users/vaish/databorn_etl_project/retail_etl/etl_pipeline_project/venv/lib/python3.10/site-packages/airflow/example_dags/example_branch_operator_decorator.py
[2025-07-04T14:50:05.777+0530] {processor.py:839} INFO - DAG(s) dict_keys(['example_branch_python_operator_decorator']) retrieved from /Users/vaish/databorn_etl_project/retail_etl/etl_pipeline_project/venv/lib/python3.10/site-packages/airflow/example_dags/example_branch_operator_decorator.py
[2025-07-04T14:50:06.007+0530] {logging_mixin.py:154} INFO - [2025-07-04T14:50:06.007+0530] {dag.py:2941} INFO - Sync 1 DAGs
[2025-07-04T14:50:06.030+0530] {logging_mixin.py:154} INFO - [2025-07-04T14:50:06.030+0530] {dag.py:3722} INFO - Setting next_dagrun for example_branch_python_operator_decorator to 2025-07-03T00:00:00+00:00, run_after=2025-07-04T00:00:00+00:00
[2025-07-04T14:50:06.061+0530] {processor.py:179} INFO - Processing /Users/vaish/databorn_etl_project/retail_etl/etl_pipeline_project/venv/lib/python3.10/site-packages/airflow/example_dags/example_branch_operator_decorator.py took 0.354 seconds
[2025-07-04T14:52:40.343+0530] {processor.py:157} INFO - Started process (PID=17440) to work on /Users/vaish/databorn_etl_project/retail_etl/etl_pipeline_project/venv/lib/python3.10/site-packages/airflow/example_dags/example_branch_operator_decorator.py
[2025-07-04T14:52:40.344+0530] {processor.py:829} INFO - Processing file /Users/vaish/databorn_etl_project/retail_etl/etl_pipeline_project/venv/lib/python3.10/site-packages/airflow/example_dags/example_branch_operator_decorator.py for tasks to queue
[2025-07-04T14:52:40.345+0530] {logging_mixin.py:154} INFO - [2025-07-04T14:52:40.345+0530] {dagbag.py:536} INFO - Filling up the DagBag from /Users/vaish/databorn_etl_project/retail_etl/etl_pipeline_project/venv/lib/python3.10/site-packages/airflow/example_dags/example_branch_operator_decorator.py
[2025-07-04T14:52:40.412+0530] {processor.py:839} INFO - DAG(s) dict_keys(['example_branch_python_operator_decorator']) retrieved from /Users/vaish/databorn_etl_project/retail_etl/etl_pipeline_project/venv/lib/python3.10/site-packages/airflow/example_dags/example_branch_operator_decorator.py
[2025-07-04T14:52:40.641+0530] {logging_mixin.py:154} INFO - [2025-07-04T14:52:40.641+0530] {dag.py:2941} INFO - Sync 1 DAGs
[2025-07-04T14:52:40.664+0530] {logging_mixin.py:154} INFO - [2025-07-04T14:52:40.664+0530] {dag.py:3722} INFO - Setting next_dagrun for example_branch_python_operator_decorator to 2025-07-03T00:00:00+00:00, run_after=2025-07-04T00:00:00+00:00
[2025-07-04T14:52:40.694+0530] {processor.py:179} INFO - Processing /Users/vaish/databorn_etl_project/retail_etl/etl_pipeline_project/venv/lib/python3.10/site-packages/airflow/example_dags/example_branch_operator_decorator.py took 0.352 seconds
[2025-07-04T14:53:37.983+0530] {processor.py:157} INFO - Started process (PID=17566) to work on /Users/vaish/databorn_etl_project/retail_etl/etl_pipeline_project/venv/lib/python3.10/site-packages/airflow/example_dags/example_branch_operator_decorator.py
[2025-07-04T14:53:37.985+0530] {processor.py:829} INFO - Processing file /Users/vaish/databorn_etl_project/retail_etl/etl_pipeline_project/venv/lib/python3.10/site-packages/airflow/example_dags/example_branch_operator_decorator.py for tasks to queue
[2025-07-04T14:53:37.986+0530] {logging_mixin.py:154} INFO - [2025-07-04T14:53:37.986+0530] {dagbag.py:536} INFO - Filling up the DagBag from /Users/vaish/databorn_etl_project/retail_etl/etl_pipeline_project/venv/lib/python3.10/site-packages/airflow/example_dags/example_branch_operator_decorator.py
[2025-07-04T14:53:38.055+0530] {processor.py:839} INFO - DAG(s) dict_keys(['example_branch_python_operator_decorator']) retrieved from /Users/vaish/databorn_etl_project/retail_etl/etl_pipeline_project/venv/lib/python3.10/site-packages/airflow/example_dags/example_branch_operator_decorator.py
[2025-07-04T14:53:38.277+0530] {logging_mixin.py:154} INFO - [2025-07-04T14:53:38.277+0530] {dag.py:2941} INFO - Sync 1 DAGs
[2025-07-04T14:53:38.300+0530] {logging_mixin.py:154} INFO - [2025-07-04T14:53:38.299+0530] {dag.py:3722} INFO - Setting next_dagrun for example_branch_python_operator_decorator to 2025-07-03T00:00:00+00:00, run_after=2025-07-04T00:00:00+00:00
[2025-07-04T14:53:38.324+0530] {processor.py:179} INFO - Processing /Users/vaish/databorn_etl_project/retail_etl/etl_pipeline_project/venv/lib/python3.10/site-packages/airflow/example_dags/example_branch_operator_decorator.py took 0.343 seconds
[2025-07-04T14:56:07.702+0530] {processor.py:157} INFO - Started process (PID=17869) to work on /Users/vaish/databorn_etl_project/retail_etl/etl_pipeline_project/venv/lib/python3.10/site-packages/airflow/example_dags/example_branch_operator_decorator.py
[2025-07-04T14:56:07.702+0530] {processor.py:829} INFO - Processing file /Users/vaish/databorn_etl_project/retail_etl/etl_pipeline_project/venv/lib/python3.10/site-packages/airflow/example_dags/example_branch_operator_decorator.py for tasks to queue
[2025-07-04T14:56:07.703+0530] {logging_mixin.py:154} INFO - [2025-07-04T14:56:07.703+0530] {dagbag.py:536} INFO - Filling up the DagBag from /Users/vaish/databorn_etl_project/retail_etl/etl_pipeline_project/venv/lib/python3.10/site-packages/airflow/example_dags/example_branch_operator_decorator.py
[2025-07-04T14:56:07.771+0530] {processor.py:839} INFO - DAG(s) dict_keys(['example_branch_python_operator_decorator']) retrieved from /Users/vaish/databorn_etl_project/retail_etl/etl_pipeline_project/venv/lib/python3.10/site-packages/airflow/example_dags/example_branch_operator_decorator.py
[2025-07-04T14:56:07.999+0530] {logging_mixin.py:154} INFO - [2025-07-04T14:56:07.998+0530] {dag.py:2941} INFO - Sync 1 DAGs
[2025-07-04T14:56:08.021+0530] {logging_mixin.py:154} INFO - [2025-07-04T14:56:08.021+0530] {dag.py:3722} INFO - Setting next_dagrun for example_branch_python_operator_decorator to 2025-07-03T00:00:00+00:00, run_after=2025-07-04T00:00:00+00:00
[2025-07-04T14:56:08.050+0530] {processor.py:179} INFO - Processing /Users/vaish/databorn_etl_project/retail_etl/etl_pipeline_project/venv/lib/python3.10/site-packages/airflow/example_dags/example_branch_operator_decorator.py took 0.350 seconds
[2025-07-04T14:57:05.344+0530] {processor.py:157} INFO - Started process (PID=17981) to work on /Users/vaish/databorn_etl_project/retail_etl/etl_pipeline_project/venv/lib/python3.10/site-packages/airflow/example_dags/example_branch_operator_decorator.py
[2025-07-04T14:57:05.345+0530] {processor.py:829} INFO - Processing file /Users/vaish/databorn_etl_project/retail_etl/etl_pipeline_project/venv/lib/python3.10/site-packages/airflow/example_dags/example_branch_operator_decorator.py for tasks to queue
[2025-07-04T14:57:05.346+0530] {logging_mixin.py:154} INFO - [2025-07-04T14:57:05.345+0530] {dagbag.py:536} INFO - Filling up the DagBag from /Users/vaish/databorn_etl_project/retail_etl/etl_pipeline_project/venv/lib/python3.10/site-packages/airflow/example_dags/example_branch_operator_decorator.py
[2025-07-04T14:57:05.413+0530] {processor.py:839} INFO - DAG(s) dict_keys(['example_branch_python_operator_decorator']) retrieved from /Users/vaish/databorn_etl_project/retail_etl/etl_pipeline_project/venv/lib/python3.10/site-packages/airflow/example_dags/example_branch_operator_decorator.py
[2025-07-04T14:57:05.634+0530] {logging_mixin.py:154} INFO - [2025-07-04T14:57:05.633+0530] {dag.py:2941} INFO - Sync 1 DAGs
[2025-07-04T14:57:05.655+0530] {logging_mixin.py:154} INFO - [2025-07-04T14:57:05.655+0530] {dag.py:3722} INFO - Setting next_dagrun for example_branch_python_operator_decorator to 2025-07-03T00:00:00+00:00, run_after=2025-07-04T00:00:00+00:00
[2025-07-04T14:57:05.685+0530] {processor.py:179} INFO - Processing /Users/vaish/databorn_etl_project/retail_etl/etl_pipeline_project/venv/lib/python3.10/site-packages/airflow/example_dags/example_branch_operator_decorator.py took 0.342 seconds
[2025-07-04T14:59:30.969+0530] {processor.py:157} INFO - Started process (PID=18287) to work on /Users/vaish/databorn_etl_project/retail_etl/etl_pipeline_project/venv/lib/python3.10/site-packages/airflow/example_dags/example_branch_operator_decorator.py
[2025-07-04T14:59:30.969+0530] {processor.py:829} INFO - Processing file /Users/vaish/databorn_etl_project/retail_etl/etl_pipeline_project/venv/lib/python3.10/site-packages/airflow/example_dags/example_branch_operator_decorator.py for tasks to queue
[2025-07-04T14:59:30.970+0530] {logging_mixin.py:154} INFO - [2025-07-04T14:59:30.970+0530] {dagbag.py:536} INFO - Filling up the DagBag from /Users/vaish/databorn_etl_project/retail_etl/etl_pipeline_project/venv/lib/python3.10/site-packages/airflow/example_dags/example_branch_operator_decorator.py
[2025-07-04T14:59:31.033+0530] {processor.py:839} INFO - DAG(s) dict_keys(['example_branch_python_operator_decorator']) retrieved from /Users/vaish/databorn_etl_project/retail_etl/etl_pipeline_project/venv/lib/python3.10/site-packages/airflow/example_dags/example_branch_operator_decorator.py
[2025-07-04T14:59:31.247+0530] {logging_mixin.py:154} INFO - [2025-07-04T14:59:31.246+0530] {dag.py:2941} INFO - Sync 1 DAGs
[2025-07-04T14:59:31.267+0530] {logging_mixin.py:154} INFO - [2025-07-04T14:59:31.267+0530] {dag.py:3722} INFO - Setting next_dagrun for example_branch_python_operator_decorator to 2025-07-03T00:00:00+00:00, run_after=2025-07-04T00:00:00+00:00
[2025-07-04T14:59:31.295+0530] {processor.py:179} INFO - Processing /Users/vaish/databorn_etl_project/retail_etl/etl_pipeline_project/venv/lib/python3.10/site-packages/airflow/example_dags/example_branch_operator_decorator.py took 0.328 seconds
[2025-07-04T15:00:19.064+0530] {processor.py:157} INFO - Started process (PID=18387) to work on /Users/vaish/databorn_etl_project/retail_etl/etl_pipeline_project/venv/lib/python3.10/site-packages/airflow/example_dags/example_branch_operator_decorator.py
[2025-07-04T15:00:19.065+0530] {processor.py:829} INFO - Processing file /Users/vaish/databorn_etl_project/retail_etl/etl_pipeline_project/venv/lib/python3.10/site-packages/airflow/example_dags/example_branch_operator_decorator.py for tasks to queue
[2025-07-04T15:00:19.066+0530] {logging_mixin.py:154} INFO - [2025-07-04T15:00:19.066+0530] {dagbag.py:536} INFO - Filling up the DagBag from /Users/vaish/databorn_etl_project/retail_etl/etl_pipeline_project/venv/lib/python3.10/site-packages/airflow/example_dags/example_branch_operator_decorator.py
[2025-07-04T15:00:19.126+0530] {processor.py:839} INFO - DAG(s) dict_keys(['example_branch_python_operator_decorator']) retrieved from /Users/vaish/databorn_etl_project/retail_etl/etl_pipeline_project/venv/lib/python3.10/site-packages/airflow/example_dags/example_branch_operator_decorator.py
[2025-07-04T15:00:19.328+0530] {logging_mixin.py:154} INFO - [2025-07-04T15:00:19.328+0530] {dag.py:2941} INFO - Sync 1 DAGs
[2025-07-04T15:00:19.348+0530] {logging_mixin.py:154} INFO - [2025-07-04T15:00:19.348+0530] {dag.py:3722} INFO - Setting next_dagrun for example_branch_python_operator_decorator to 2025-07-03T00:00:00+00:00, run_after=2025-07-04T00:00:00+00:00
[2025-07-04T15:00:19.376+0530] {processor.py:179} INFO - Processing /Users/vaish/databorn_etl_project/retail_etl/etl_pipeline_project/venv/lib/python3.10/site-packages/airflow/example_dags/example_branch_operator_decorator.py took 0.313 seconds
[2025-07-04T15:02:45.848+0530] {processor.py:157} INFO - Started process (PID=18751) to work on /Users/vaish/databorn_etl_project/retail_etl/etl_pipeline_project/venv/lib/python3.10/site-packages/airflow/example_dags/example_branch_operator_decorator.py
[2025-07-04T15:02:45.848+0530] {processor.py:829} INFO - Processing file /Users/vaish/databorn_etl_project/retail_etl/etl_pipeline_project/venv/lib/python3.10/site-packages/airflow/example_dags/example_branch_operator_decorator.py for tasks to queue
[2025-07-04T15:02:45.849+0530] {logging_mixin.py:154} INFO - [2025-07-04T15:02:45.849+0530] {dagbag.py:536} INFO - Filling up the DagBag from /Users/vaish/databorn_etl_project/retail_etl/etl_pipeline_project/venv/lib/python3.10/site-packages/airflow/example_dags/example_branch_operator_decorator.py
[2025-07-04T15:02:45.909+0530] {processor.py:839} INFO - DAG(s) dict_keys(['example_branch_python_operator_decorator']) retrieved from /Users/vaish/databorn_etl_project/retail_etl/etl_pipeline_project/venv/lib/python3.10/site-packages/airflow/example_dags/example_branch_operator_decorator.py
[2025-07-04T15:02:46.116+0530] {logging_mixin.py:154} INFO - [2025-07-04T15:02:46.116+0530] {dag.py:2941} INFO - Sync 1 DAGs
[2025-07-04T15:02:46.136+0530] {logging_mixin.py:154} INFO - [2025-07-04T15:02:46.136+0530] {dag.py:3722} INFO - Setting next_dagrun for example_branch_python_operator_decorator to 2025-07-03T00:00:00+00:00, run_after=2025-07-04T00:00:00+00:00
[2025-07-04T15:02:46.160+0530] {processor.py:179} INFO - Processing /Users/vaish/databorn_etl_project/retail_etl/etl_pipeline_project/venv/lib/python3.10/site-packages/airflow/example_dags/example_branch_operator_decorator.py took 0.314 seconds
[2025-07-04T15:03:49.785+0530] {processor.py:157} INFO - Started process (PID=18930) to work on /Users/vaish/databorn_etl_project/retail_etl/etl_pipeline_project/venv/lib/python3.10/site-packages/airflow/example_dags/example_branch_operator_decorator.py
[2025-07-04T15:03:49.787+0530] {processor.py:829} INFO - Processing file /Users/vaish/databorn_etl_project/retail_etl/etl_pipeline_project/venv/lib/python3.10/site-packages/airflow/example_dags/example_branch_operator_decorator.py for tasks to queue
[2025-07-04T15:03:49.788+0530] {logging_mixin.py:154} INFO - [2025-07-04T15:03:49.788+0530] {dagbag.py:536} INFO - Filling up the DagBag from /Users/vaish/databorn_etl_project/retail_etl/etl_pipeline_project/venv/lib/python3.10/site-packages/airflow/example_dags/example_branch_operator_decorator.py
[2025-07-04T15:03:49.891+0530] {processor.py:839} INFO - DAG(s) dict_keys(['example_branch_python_operator_decorator']) retrieved from /Users/vaish/databorn_etl_project/retail_etl/etl_pipeline_project/venv/lib/python3.10/site-packages/airflow/example_dags/example_branch_operator_decorator.py
[2025-07-04T15:03:50.132+0530] {logging_mixin.py:154} INFO - [2025-07-04T15:03:50.132+0530] {dag.py:2941} INFO - Sync 1 DAGs
[2025-07-04T15:03:50.154+0530] {logging_mixin.py:154} INFO - [2025-07-04T15:03:50.154+0530] {dag.py:3722} INFO - Setting next_dagrun for example_branch_python_operator_decorator to 2025-07-03T00:00:00+00:00, run_after=2025-07-04T00:00:00+00:00
[2025-07-04T15:03:50.176+0530] {processor.py:179} INFO - Processing /Users/vaish/databorn_etl_project/retail_etl/etl_pipeline_project/venv/lib/python3.10/site-packages/airflow/example_dags/example_branch_operator_decorator.py took 0.394 seconds
[2025-07-04T15:07:23.129+0530] {processor.py:157} INFO - Started process (PID=19395) to work on /Users/vaish/databorn_etl_project/retail_etl/etl_pipeline_project/venv/lib/python3.10/site-packages/airflow/example_dags/example_branch_operator_decorator.py
[2025-07-04T15:07:23.132+0530] {processor.py:829} INFO - Processing file /Users/vaish/databorn_etl_project/retail_etl/etl_pipeline_project/venv/lib/python3.10/site-packages/airflow/example_dags/example_branch_operator_decorator.py for tasks to queue
[2025-07-04T15:07:23.133+0530] {logging_mixin.py:154} INFO - [2025-07-04T15:07:23.132+0530] {dagbag.py:536} INFO - Filling up the DagBag from /Users/vaish/databorn_etl_project/retail_etl/etl_pipeline_project/venv/lib/python3.10/site-packages/airflow/example_dags/example_branch_operator_decorator.py
[2025-07-04T15:07:23.198+0530] {processor.py:839} INFO - DAG(s) dict_keys(['example_branch_python_operator_decorator']) retrieved from /Users/vaish/databorn_etl_project/retail_etl/etl_pipeline_project/venv/lib/python3.10/site-packages/airflow/example_dags/example_branch_operator_decorator.py
[2025-07-04T15:07:23.476+0530] {logging_mixin.py:154} INFO - [2025-07-04T15:07:23.475+0530] {dag.py:2941} INFO - Sync 1 DAGs
[2025-07-04T15:07:23.503+0530] {logging_mixin.py:154} INFO - [2025-07-04T15:07:23.503+0530] {dag.py:3722} INFO - Setting next_dagrun for example_branch_python_operator_decorator to 2025-07-03T00:00:00+00:00, run_after=2025-07-04T00:00:00+00:00
[2025-07-04T15:07:23.532+0530] {processor.py:179} INFO - Processing /Users/vaish/databorn_etl_project/retail_etl/etl_pipeline_project/venv/lib/python3.10/site-packages/airflow/example_dags/example_branch_operator_decorator.py took 0.404 seconds
[2025-07-04T15:10:59.184+0530] {processor.py:157} INFO - Started process (PID=19777) to work on /Users/vaish/databorn_etl_project/retail_etl/etl_pipeline_project/venv/lib/python3.10/site-packages/airflow/example_dags/example_branch_operator_decorator.py
[2025-07-04T15:10:59.191+0530] {processor.py:829} INFO - Processing file /Users/vaish/databorn_etl_project/retail_etl/etl_pipeline_project/venv/lib/python3.10/site-packages/airflow/example_dags/example_branch_operator_decorator.py for tasks to queue
[2025-07-04T15:10:59.192+0530] {logging_mixin.py:154} INFO - [2025-07-04T15:10:59.192+0530] {dagbag.py:536} INFO - Filling up the DagBag from /Users/vaish/databorn_etl_project/retail_etl/etl_pipeline_project/venv/lib/python3.10/site-packages/airflow/example_dags/example_branch_operator_decorator.py
[2025-07-04T15:10:59.253+0530] {processor.py:839} INFO - DAG(s) dict_keys(['example_branch_python_operator_decorator']) retrieved from /Users/vaish/databorn_etl_project/retail_etl/etl_pipeline_project/venv/lib/python3.10/site-packages/airflow/example_dags/example_branch_operator_decorator.py
[2025-07-04T15:10:59.455+0530] {logging_mixin.py:154} INFO - [2025-07-04T15:10:59.455+0530] {dag.py:2941} INFO - Sync 1 DAGs
[2025-07-04T15:10:59.475+0530] {logging_mixin.py:154} INFO - [2025-07-04T15:10:59.475+0530] {dag.py:3722} INFO - Setting next_dagrun for example_branch_python_operator_decorator to 2025-07-03T00:00:00+00:00, run_after=2025-07-04T00:00:00+00:00
[2025-07-04T15:10:59.503+0530] {processor.py:179} INFO - Processing /Users/vaish/databorn_etl_project/retail_etl/etl_pipeline_project/venv/lib/python3.10/site-packages/airflow/example_dags/example_branch_operator_decorator.py took 0.320 seconds
[2025-07-04T15:14:22.202+0530] {processor.py:157} INFO - Started process (PID=20102) to work on /Users/vaish/databorn_etl_project/retail_etl/etl_pipeline_project/venv/lib/python3.10/site-packages/airflow/example_dags/example_branch_operator_decorator.py
[2025-07-04T15:14:22.208+0530] {processor.py:829} INFO - Processing file /Users/vaish/databorn_etl_project/retail_etl/etl_pipeline_project/venv/lib/python3.10/site-packages/airflow/example_dags/example_branch_operator_decorator.py for tasks to queue
[2025-07-04T15:14:22.210+0530] {logging_mixin.py:154} INFO - [2025-07-04T15:14:22.209+0530] {dagbag.py:536} INFO - Filling up the DagBag from /Users/vaish/databorn_etl_project/retail_etl/etl_pipeline_project/venv/lib/python3.10/site-packages/airflow/example_dags/example_branch_operator_decorator.py
[2025-07-04T15:14:22.280+0530] {processor.py:839} INFO - DAG(s) dict_keys(['example_branch_python_operator_decorator']) retrieved from /Users/vaish/databorn_etl_project/retail_etl/etl_pipeline_project/venv/lib/python3.10/site-packages/airflow/example_dags/example_branch_operator_decorator.py
[2025-07-04T15:14:22.498+0530] {logging_mixin.py:154} INFO - [2025-07-04T15:14:22.498+0530] {dag.py:2941} INFO - Sync 1 DAGs
[2025-07-04T15:14:22.520+0530] {logging_mixin.py:154} INFO - [2025-07-04T15:14:22.520+0530] {dag.py:3722} INFO - Setting next_dagrun for example_branch_python_operator_decorator to 2025-07-03T00:00:00+00:00, run_after=2025-07-04T00:00:00+00:00
[2025-07-04T15:14:22.547+0530] {processor.py:179} INFO - Processing /Users/vaish/databorn_etl_project/retail_etl/etl_pipeline_project/venv/lib/python3.10/site-packages/airflow/example_dags/example_branch_operator_decorator.py took 0.347 seconds
[2025-07-04T15:17:53.359+0530] {processor.py:157} INFO - Started process (PID=20644) to work on /Users/vaish/databorn_etl_project/retail_etl/etl_pipeline_project/venv/lib/python3.10/site-packages/airflow/example_dags/example_branch_operator_decorator.py
[2025-07-04T15:17:53.360+0530] {processor.py:829} INFO - Processing file /Users/vaish/databorn_etl_project/retail_etl/etl_pipeline_project/venv/lib/python3.10/site-packages/airflow/example_dags/example_branch_operator_decorator.py for tasks to queue
[2025-07-04T15:17:53.360+0530] {logging_mixin.py:154} INFO - [2025-07-04T15:17:53.360+0530] {dagbag.py:536} INFO - Filling up the DagBag from /Users/vaish/databorn_etl_project/retail_etl/etl_pipeline_project/venv/lib/python3.10/site-packages/airflow/example_dags/example_branch_operator_decorator.py
[2025-07-04T15:17:53.427+0530] {processor.py:839} INFO - DAG(s) dict_keys(['example_branch_python_operator_decorator']) retrieved from /Users/vaish/databorn_etl_project/retail_etl/etl_pipeline_project/venv/lib/python3.10/site-packages/airflow/example_dags/example_branch_operator_decorator.py
[2025-07-04T15:17:53.645+0530] {logging_mixin.py:154} INFO - [2025-07-04T15:17:53.645+0530] {dag.py:2941} INFO - Sync 1 DAGs
[2025-07-04T15:17:53.669+0530] {logging_mixin.py:154} INFO - [2025-07-04T15:17:53.668+0530] {dag.py:3722} INFO - Setting next_dagrun for example_branch_python_operator_decorator to 2025-07-03T00:00:00+00:00, run_after=2025-07-04T00:00:00+00:00
[2025-07-04T15:17:53.690+0530] {processor.py:179} INFO - Processing /Users/vaish/databorn_etl_project/retail_etl/etl_pipeline_project/venv/lib/python3.10/site-packages/airflow/example_dags/example_branch_operator_decorator.py took 0.333 seconds
[2025-07-04T15:21:24.313+0530] {processor.py:157} INFO - Started process (PID=21204) to work on /Users/vaish/databorn_etl_project/retail_etl/etl_pipeline_project/venv/lib/python3.10/site-packages/airflow/example_dags/example_branch_operator_decorator.py
[2025-07-04T15:21:24.320+0530] {processor.py:829} INFO - Processing file /Users/vaish/databorn_etl_project/retail_etl/etl_pipeline_project/venv/lib/python3.10/site-packages/airflow/example_dags/example_branch_operator_decorator.py for tasks to queue
[2025-07-04T15:21:24.321+0530] {logging_mixin.py:154} INFO - [2025-07-04T15:21:24.321+0530] {dagbag.py:536} INFO - Filling up the DagBag from /Users/vaish/databorn_etl_project/retail_etl/etl_pipeline_project/venv/lib/python3.10/site-packages/airflow/example_dags/example_branch_operator_decorator.py
[2025-07-04T15:21:24.394+0530] {processor.py:839} INFO - DAG(s) dict_keys(['example_branch_python_operator_decorator']) retrieved from /Users/vaish/databorn_etl_project/retail_etl/etl_pipeline_project/venv/lib/python3.10/site-packages/airflow/example_dags/example_branch_operator_decorator.py
[2025-07-04T15:21:24.600+0530] {logging_mixin.py:154} INFO - [2025-07-04T15:21:24.600+0530] {dag.py:2941} INFO - Sync 1 DAGs
[2025-07-04T15:21:24.620+0530] {logging_mixin.py:154} INFO - [2025-07-04T15:21:24.620+0530] {dag.py:3722} INFO - Setting next_dagrun for example_branch_python_operator_decorator to 2025-07-03T00:00:00+00:00, run_after=2025-07-04T00:00:00+00:00
[2025-07-04T15:21:24.648+0530] {processor.py:179} INFO - Processing /Users/vaish/databorn_etl_project/retail_etl/etl_pipeline_project/venv/lib/python3.10/site-packages/airflow/example_dags/example_branch_operator_decorator.py took 0.336 seconds
[2025-07-04T15:24:50.854+0530] {processor.py:157} INFO - Started process (PID=21705) to work on /Users/vaish/databorn_etl_project/retail_etl/etl_pipeline_project/venv/lib/python3.10/site-packages/airflow/example_dags/example_branch_operator_decorator.py
[2025-07-04T15:24:50.857+0530] {processor.py:829} INFO - Processing file /Users/vaish/databorn_etl_project/retail_etl/etl_pipeline_project/venv/lib/python3.10/site-packages/airflow/example_dags/example_branch_operator_decorator.py for tasks to queue
[2025-07-04T15:24:50.858+0530] {logging_mixin.py:154} INFO - [2025-07-04T15:24:50.857+0530] {dagbag.py:536} INFO - Filling up the DagBag from /Users/vaish/databorn_etl_project/retail_etl/etl_pipeline_project/venv/lib/python3.10/site-packages/airflow/example_dags/example_branch_operator_decorator.py
[2025-07-04T15:24:50.930+0530] {processor.py:839} INFO - DAG(s) dict_keys(['example_branch_python_operator_decorator']) retrieved from /Users/vaish/databorn_etl_project/retail_etl/etl_pipeline_project/venv/lib/python3.10/site-packages/airflow/example_dags/example_branch_operator_decorator.py
[2025-07-04T15:24:50.991+0530] {logging_mixin.py:154} INFO - [2025-07-04T15:24:50.990+0530] {dag.py:2941} INFO - Sync 1 DAGs
[2025-07-04T15:24:51.123+0530] {logging_mixin.py:154} INFO - [2025-07-04T15:24:51.122+0530] {dag.py:3722} INFO - Setting next_dagrun for example_branch_python_operator_decorator to 2025-07-03T00:00:00+00:00, run_after=2025-07-04T00:00:00+00:00
[2025-07-04T15:24:51.151+0530] {processor.py:179} INFO - Processing /Users/vaish/databorn_etl_project/retail_etl/etl_pipeline_project/venv/lib/python3.10/site-packages/airflow/example_dags/example_branch_operator_decorator.py took 0.298 seconds
[2025-07-04T15:28:01.143+0530] {processor.py:157} INFO - Started process (PID=22151) to work on /Users/vaish/databorn_etl_project/retail_etl/etl_pipeline_project/venv/lib/python3.10/site-packages/airflow/example_dags/example_branch_operator_decorator.py
[2025-07-04T15:28:01.150+0530] {processor.py:829} INFO - Processing file /Users/vaish/databorn_etl_project/retail_etl/etl_pipeline_project/venv/lib/python3.10/site-packages/airflow/example_dags/example_branch_operator_decorator.py for tasks to queue
[2025-07-04T15:28:01.151+0530] {logging_mixin.py:154} INFO - [2025-07-04T15:28:01.150+0530] {dagbag.py:536} INFO - Filling up the DagBag from /Users/vaish/databorn_etl_project/retail_etl/etl_pipeline_project/venv/lib/python3.10/site-packages/airflow/example_dags/example_branch_operator_decorator.py
[2025-07-04T15:28:01.217+0530] {processor.py:839} INFO - DAG(s) dict_keys(['example_branch_python_operator_decorator']) retrieved from /Users/vaish/databorn_etl_project/retail_etl/etl_pipeline_project/venv/lib/python3.10/site-packages/airflow/example_dags/example_branch_operator_decorator.py
[2025-07-04T15:28:01.438+0530] {logging_mixin.py:154} INFO - [2025-07-04T15:28:01.438+0530] {dag.py:2941} INFO - Sync 1 DAGs
[2025-07-04T15:28:01.459+0530] {logging_mixin.py:154} INFO - [2025-07-04T15:28:01.459+0530] {dag.py:3722} INFO - Setting next_dagrun for example_branch_python_operator_decorator to 2025-07-03T00:00:00+00:00, run_after=2025-07-04T00:00:00+00:00
[2025-07-04T15:28:01.487+0530] {processor.py:179} INFO - Processing /Users/vaish/databorn_etl_project/retail_etl/etl_pipeline_project/venv/lib/python3.10/site-packages/airflow/example_dags/example_branch_operator_decorator.py took 0.345 seconds
[2025-07-04T15:28:37.596+0530] {processor.py:157} INFO - Started process (PID=22220) to work on /Users/vaish/databorn_etl_project/retail_etl/etl_pipeline_project/venv/lib/python3.10/site-packages/airflow/example_dags/example_branch_operator_decorator.py
[2025-07-04T15:28:37.597+0530] {processor.py:829} INFO - Processing file /Users/vaish/databorn_etl_project/retail_etl/etl_pipeline_project/venv/lib/python3.10/site-packages/airflow/example_dags/example_branch_operator_decorator.py for tasks to queue
[2025-07-04T15:28:37.598+0530] {logging_mixin.py:154} INFO - [2025-07-04T15:28:37.598+0530] {dagbag.py:536} INFO - Filling up the DagBag from /Users/vaish/databorn_etl_project/retail_etl/etl_pipeline_project/venv/lib/python3.10/site-packages/airflow/example_dags/example_branch_operator_decorator.py
[2025-07-04T15:28:37.676+0530] {processor.py:839} INFO - DAG(s) dict_keys(['example_branch_python_operator_decorator']) retrieved from /Users/vaish/databorn_etl_project/retail_etl/etl_pipeline_project/venv/lib/python3.10/site-packages/airflow/example_dags/example_branch_operator_decorator.py
[2025-07-04T15:28:37.911+0530] {logging_mixin.py:154} INFO - [2025-07-04T15:28:37.910+0530] {dag.py:2941} INFO - Sync 1 DAGs
[2025-07-04T15:28:37.934+0530] {logging_mixin.py:154} INFO - [2025-07-04T15:28:37.933+0530] {dag.py:3722} INFO - Setting next_dagrun for example_branch_python_operator_decorator to 2025-07-03T00:00:00+00:00, run_after=2025-07-04T00:00:00+00:00
[2025-07-04T15:28:37.961+0530] {processor.py:179} INFO - Processing /Users/vaish/databorn_etl_project/retail_etl/etl_pipeline_project/venv/lib/python3.10/site-packages/airflow/example_dags/example_branch_operator_decorator.py took 0.366 seconds
[2025-07-04T15:31:31.356+0530] {processor.py:157} INFO - Started process (PID=22587) to work on /Users/vaish/databorn_etl_project/retail_etl/etl_pipeline_project/venv/lib/python3.10/site-packages/airflow/example_dags/example_branch_operator_decorator.py
[2025-07-04T15:31:31.363+0530] {processor.py:829} INFO - Processing file /Users/vaish/databorn_etl_project/retail_etl/etl_pipeline_project/venv/lib/python3.10/site-packages/airflow/example_dags/example_branch_operator_decorator.py for tasks to queue
[2025-07-04T15:31:31.364+0530] {logging_mixin.py:154} INFO - [2025-07-04T15:31:31.363+0530] {dagbag.py:536} INFO - Filling up the DagBag from /Users/vaish/databorn_etl_project/retail_etl/etl_pipeline_project/venv/lib/python3.10/site-packages/airflow/example_dags/example_branch_operator_decorator.py
[2025-07-04T15:31:31.432+0530] {processor.py:839} INFO - DAG(s) dict_keys(['example_branch_python_operator_decorator']) retrieved from /Users/vaish/databorn_etl_project/retail_etl/etl_pipeline_project/venv/lib/python3.10/site-packages/airflow/example_dags/example_branch_operator_decorator.py
[2025-07-04T15:31:31.650+0530] {logging_mixin.py:154} INFO - [2025-07-04T15:31:31.650+0530] {dag.py:2941} INFO - Sync 1 DAGs
[2025-07-04T15:31:31.671+0530] {logging_mixin.py:154} INFO - [2025-07-04T15:31:31.670+0530] {dag.py:3722} INFO - Setting next_dagrun for example_branch_python_operator_decorator to 2025-07-03T00:00:00+00:00, run_after=2025-07-04T00:00:00+00:00
[2025-07-04T15:31:31.698+0530] {processor.py:179} INFO - Processing /Users/vaish/databorn_etl_project/retail_etl/etl_pipeline_project/venv/lib/python3.10/site-packages/airflow/example_dags/example_branch_operator_decorator.py took 0.343 seconds
[2025-07-04T15:32:15.795+0530] {processor.py:157} INFO - Started process (PID=22704) to work on /Users/vaish/databorn_etl_project/retail_etl/etl_pipeline_project/venv/lib/python3.10/site-packages/airflow/example_dags/example_branch_operator_decorator.py
[2025-07-04T15:32:15.802+0530] {processor.py:829} INFO - Processing file /Users/vaish/databorn_etl_project/retail_etl/etl_pipeline_project/venv/lib/python3.10/site-packages/airflow/example_dags/example_branch_operator_decorator.py for tasks to queue
[2025-07-04T15:32:15.803+0530] {logging_mixin.py:154} INFO - [2025-07-04T15:32:15.803+0530] {dagbag.py:536} INFO - Filling up the DagBag from /Users/vaish/databorn_etl_project/retail_etl/etl_pipeline_project/venv/lib/python3.10/site-packages/airflow/example_dags/example_branch_operator_decorator.py
[2025-07-04T15:32:15.883+0530] {processor.py:839} INFO - DAG(s) dict_keys(['example_branch_python_operator_decorator']) retrieved from /Users/vaish/databorn_etl_project/retail_etl/etl_pipeline_project/venv/lib/python3.10/site-packages/airflow/example_dags/example_branch_operator_decorator.py
[2025-07-04T15:32:16.153+0530] {logging_mixin.py:154} INFO - [2025-07-04T15:32:16.153+0530] {dag.py:2941} INFO - Sync 1 DAGs
[2025-07-04T15:32:16.182+0530] {logging_mixin.py:154} INFO - [2025-07-04T15:32:16.182+0530] {dag.py:3722} INFO - Setting next_dagrun for example_branch_python_operator_decorator to 2025-07-03T00:00:00+00:00, run_after=2025-07-04T00:00:00+00:00
[2025-07-04T15:32:16.220+0530] {processor.py:179} INFO - Processing /Users/vaish/databorn_etl_project/retail_etl/etl_pipeline_project/venv/lib/python3.10/site-packages/airflow/example_dags/example_branch_operator_decorator.py took 0.427 seconds
[2025-07-04T15:34:56.533+0530] {processor.py:157} INFO - Started process (PID=23056) to work on /Users/vaish/databorn_etl_project/retail_etl/etl_pipeline_project/venv/lib/python3.10/site-packages/airflow/example_dags/example_branch_operator_decorator.py
[2025-07-04T15:34:56.536+0530] {processor.py:829} INFO - Processing file /Users/vaish/databorn_etl_project/retail_etl/etl_pipeline_project/venv/lib/python3.10/site-packages/airflow/example_dags/example_branch_operator_decorator.py for tasks to queue
[2025-07-04T15:34:56.537+0530] {logging_mixin.py:154} INFO - [2025-07-04T15:34:56.537+0530] {dagbag.py:536} INFO - Filling up the DagBag from /Users/vaish/databorn_etl_project/retail_etl/etl_pipeline_project/venv/lib/python3.10/site-packages/airflow/example_dags/example_branch_operator_decorator.py
[2025-07-04T15:34:56.600+0530] {processor.py:839} INFO - DAG(s) dict_keys(['example_branch_python_operator_decorator']) retrieved from /Users/vaish/databorn_etl_project/retail_etl/etl_pipeline_project/venv/lib/python3.10/site-packages/airflow/example_dags/example_branch_operator_decorator.py
[2025-07-04T15:34:56.820+0530] {logging_mixin.py:154} INFO - [2025-07-04T15:34:56.820+0530] {dag.py:2941} INFO - Sync 1 DAGs
[2025-07-04T15:34:56.842+0530] {logging_mixin.py:154} INFO - [2025-07-04T15:34:56.842+0530] {dag.py:3722} INFO - Setting next_dagrun for example_branch_python_operator_decorator to 2025-07-03T00:00:00+00:00, run_after=2025-07-04T00:00:00+00:00
[2025-07-04T15:34:56.865+0530] {processor.py:179} INFO - Processing /Users/vaish/databorn_etl_project/retail_etl/etl_pipeline_project/venv/lib/python3.10/site-packages/airflow/example_dags/example_branch_operator_decorator.py took 0.333 seconds
[2025-07-04T15:35:43.274+0530] {processor.py:157} INFO - Started process (PID=23156) to work on /Users/vaish/databorn_etl_project/retail_etl/etl_pipeline_project/venv/lib/python3.10/site-packages/airflow/example_dags/example_branch_operator_decorator.py
[2025-07-04T15:35:43.275+0530] {processor.py:829} INFO - Processing file /Users/vaish/databorn_etl_project/retail_etl/etl_pipeline_project/venv/lib/python3.10/site-packages/airflow/example_dags/example_branch_operator_decorator.py for tasks to queue
[2025-07-04T15:35:43.276+0530] {logging_mixin.py:154} INFO - [2025-07-04T15:35:43.276+0530] {dagbag.py:536} INFO - Filling up the DagBag from /Users/vaish/databorn_etl_project/retail_etl/etl_pipeline_project/venv/lib/python3.10/site-packages/airflow/example_dags/example_branch_operator_decorator.py
[2025-07-04T15:35:43.344+0530] {processor.py:839} INFO - DAG(s) dict_keys(['example_branch_python_operator_decorator']) retrieved from /Users/vaish/databorn_etl_project/retail_etl/etl_pipeline_project/venv/lib/python3.10/site-packages/airflow/example_dags/example_branch_operator_decorator.py
[2025-07-04T15:35:43.558+0530] {logging_mixin.py:154} INFO - [2025-07-04T15:35:43.557+0530] {dag.py:2941} INFO - Sync 1 DAGs
[2025-07-04T15:35:43.578+0530] {logging_mixin.py:154} INFO - [2025-07-04T15:35:43.578+0530] {dag.py:3722} INFO - Setting next_dagrun for example_branch_python_operator_decorator to 2025-07-03T00:00:00+00:00, run_after=2025-07-04T00:00:00+00:00
[2025-07-04T15:35:43.602+0530] {processor.py:179} INFO - Processing /Users/vaish/databorn_etl_project/retail_etl/etl_pipeline_project/venv/lib/python3.10/site-packages/airflow/example_dags/example_branch_operator_decorator.py took 0.329 seconds
[2025-07-04T15:38:27.539+0530] {processor.py:157} INFO - Started process (PID=23527) to work on /Users/vaish/databorn_etl_project/retail_etl/etl_pipeline_project/venv/lib/python3.10/site-packages/airflow/example_dags/example_branch_operator_decorator.py
[2025-07-04T15:38:27.545+0530] {processor.py:829} INFO - Processing file /Users/vaish/databorn_etl_project/retail_etl/etl_pipeline_project/venv/lib/python3.10/site-packages/airflow/example_dags/example_branch_operator_decorator.py for tasks to queue
[2025-07-04T15:38:27.546+0530] {logging_mixin.py:154} INFO - [2025-07-04T15:38:27.546+0530] {dagbag.py:536} INFO - Filling up the DagBag from /Users/vaish/databorn_etl_project/retail_etl/etl_pipeline_project/venv/lib/python3.10/site-packages/airflow/example_dags/example_branch_operator_decorator.py
[2025-07-04T15:38:27.610+0530] {processor.py:839} INFO - DAG(s) dict_keys(['example_branch_python_operator_decorator']) retrieved from /Users/vaish/databorn_etl_project/retail_etl/etl_pipeline_project/venv/lib/python3.10/site-packages/airflow/example_dags/example_branch_operator_decorator.py
[2025-07-04T15:38:27.821+0530] {logging_mixin.py:154} INFO - [2025-07-04T15:38:27.820+0530] {dag.py:2941} INFO - Sync 1 DAGs
[2025-07-04T15:38:27.841+0530] {logging_mixin.py:154} INFO - [2025-07-04T15:38:27.841+0530] {dag.py:3722} INFO - Setting next_dagrun for example_branch_python_operator_decorator to 2025-07-03T00:00:00+00:00, run_after=2025-07-04T00:00:00+00:00
[2025-07-04T15:38:27.863+0530] {processor.py:179} INFO - Processing /Users/vaish/databorn_etl_project/retail_etl/etl_pipeline_project/venv/lib/python3.10/site-packages/airflow/example_dags/example_branch_operator_decorator.py took 0.325 seconds
[2025-07-04T15:39:15.432+0530] {processor.py:157} INFO - Started process (PID=23635) to work on /Users/vaish/databorn_etl_project/retail_etl/etl_pipeline_project/venv/lib/python3.10/site-packages/airflow/example_dags/example_branch_operator_decorator.py
[2025-07-04T15:39:15.434+0530] {processor.py:829} INFO - Processing file /Users/vaish/databorn_etl_project/retail_etl/etl_pipeline_project/venv/lib/python3.10/site-packages/airflow/example_dags/example_branch_operator_decorator.py for tasks to queue
[2025-07-04T15:39:15.435+0530] {logging_mixin.py:154} INFO - [2025-07-04T15:39:15.435+0530] {dagbag.py:536} INFO - Filling up the DagBag from /Users/vaish/databorn_etl_project/retail_etl/etl_pipeline_project/venv/lib/python3.10/site-packages/airflow/example_dags/example_branch_operator_decorator.py
[2025-07-04T15:39:15.501+0530] {processor.py:839} INFO - DAG(s) dict_keys(['example_branch_python_operator_decorator']) retrieved from /Users/vaish/databorn_etl_project/retail_etl/etl_pipeline_project/venv/lib/python3.10/site-packages/airflow/example_dags/example_branch_operator_decorator.py
[2025-07-04T15:39:15.717+0530] {logging_mixin.py:154} INFO - [2025-07-04T15:39:15.716+0530] {dag.py:2941} INFO - Sync 1 DAGs
[2025-07-04T15:39:15.738+0530] {logging_mixin.py:154} INFO - [2025-07-04T15:39:15.737+0530] {dag.py:3722} INFO - Setting next_dagrun for example_branch_python_operator_decorator to 2025-07-03T00:00:00+00:00, run_after=2025-07-04T00:00:00+00:00
[2025-07-04T15:39:15.766+0530] {processor.py:179} INFO - Processing /Users/vaish/databorn_etl_project/retail_etl/etl_pipeline_project/venv/lib/python3.10/site-packages/airflow/example_dags/example_branch_operator_decorator.py took 0.335 seconds
[2025-07-04T15:42:20.108+0530] {processor.py:157} INFO - Started process (PID=24091) to work on /Users/vaish/databorn_etl_project/retail_etl/etl_pipeline_project/venv/lib/python3.10/site-packages/airflow/example_dags/example_branch_operator_decorator.py
[2025-07-04T15:42:20.111+0530] {processor.py:829} INFO - Processing file /Users/vaish/databorn_etl_project/retail_etl/etl_pipeline_project/venv/lib/python3.10/site-packages/airflow/example_dags/example_branch_operator_decorator.py for tasks to queue
[2025-07-04T15:42:20.112+0530] {logging_mixin.py:154} INFO - [2025-07-04T15:42:20.112+0530] {dagbag.py:536} INFO - Filling up the DagBag from /Users/vaish/databorn_etl_project/retail_etl/etl_pipeline_project/venv/lib/python3.10/site-packages/airflow/example_dags/example_branch_operator_decorator.py
[2025-07-04T15:42:20.180+0530] {processor.py:839} INFO - DAG(s) dict_keys(['example_branch_python_operator_decorator']) retrieved from /Users/vaish/databorn_etl_project/retail_etl/etl_pipeline_project/venv/lib/python3.10/site-packages/airflow/example_dags/example_branch_operator_decorator.py
[2025-07-04T15:42:20.404+0530] {logging_mixin.py:154} INFO - [2025-07-04T15:42:20.404+0530] {dag.py:2941} INFO - Sync 1 DAGs
[2025-07-04T15:42:20.425+0530] {logging_mixin.py:154} INFO - [2025-07-04T15:42:20.425+0530] {dag.py:3722} INFO - Setting next_dagrun for example_branch_python_operator_decorator to 2025-07-03T00:00:00+00:00, run_after=2025-07-04T00:00:00+00:00
[2025-07-04T15:42:20.449+0530] {processor.py:179} INFO - Processing /Users/vaish/databorn_etl_project/retail_etl/etl_pipeline_project/venv/lib/python3.10/site-packages/airflow/example_dags/example_branch_operator_decorator.py took 0.342 seconds
[2025-07-04T15:43:02.861+0530] {processor.py:157} INFO - Started process (PID=24187) to work on /Users/vaish/databorn_etl_project/retail_etl/etl_pipeline_project/venv/lib/python3.10/site-packages/airflow/example_dags/example_branch_operator_decorator.py
[2025-07-04T15:43:02.862+0530] {processor.py:829} INFO - Processing file /Users/vaish/databorn_etl_project/retail_etl/etl_pipeline_project/venv/lib/python3.10/site-packages/airflow/example_dags/example_branch_operator_decorator.py for tasks to queue
[2025-07-04T15:43:02.863+0530] {logging_mixin.py:154} INFO - [2025-07-04T15:43:02.862+0530] {dagbag.py:536} INFO - Filling up the DagBag from /Users/vaish/databorn_etl_project/retail_etl/etl_pipeline_project/venv/lib/python3.10/site-packages/airflow/example_dags/example_branch_operator_decorator.py
[2025-07-04T15:43:02.926+0530] {processor.py:839} INFO - DAG(s) dict_keys(['example_branch_python_operator_decorator']) retrieved from /Users/vaish/databorn_etl_project/retail_etl/etl_pipeline_project/venv/lib/python3.10/site-packages/airflow/example_dags/example_branch_operator_decorator.py
[2025-07-04T15:43:03.149+0530] {logging_mixin.py:154} INFO - [2025-07-04T15:43:03.149+0530] {dag.py:2941} INFO - Sync 1 DAGs
[2025-07-04T15:43:03.173+0530] {logging_mixin.py:154} INFO - [2025-07-04T15:43:03.172+0530] {dag.py:3722} INFO - Setting next_dagrun for example_branch_python_operator_decorator to 2025-07-03T00:00:00+00:00, run_after=2025-07-04T00:00:00+00:00
[2025-07-04T15:43:03.200+0530] {processor.py:179} INFO - Processing /Users/vaish/databorn_etl_project/retail_etl/etl_pipeline_project/venv/lib/python3.10/site-packages/airflow/example_dags/example_branch_operator_decorator.py took 0.341 seconds
[2025-07-04T15:46:17.553+0530] {processor.py:157} INFO - Started process (PID=24707) to work on /Users/vaish/databorn_etl_project/retail_etl/etl_pipeline_project/venv/lib/python3.10/site-packages/airflow/example_dags/example_branch_operator_decorator.py
[2025-07-04T15:46:17.554+0530] {processor.py:829} INFO - Processing file /Users/vaish/databorn_etl_project/retail_etl/etl_pipeline_project/venv/lib/python3.10/site-packages/airflow/example_dags/example_branch_operator_decorator.py for tasks to queue
[2025-07-04T15:46:17.555+0530] {logging_mixin.py:154} INFO - [2025-07-04T15:46:17.555+0530] {dagbag.py:536} INFO - Filling up the DagBag from /Users/vaish/databorn_etl_project/retail_etl/etl_pipeline_project/venv/lib/python3.10/site-packages/airflow/example_dags/example_branch_operator_decorator.py
[2025-07-04T15:46:17.616+0530] {processor.py:839} INFO - DAG(s) dict_keys(['example_branch_python_operator_decorator']) retrieved from /Users/vaish/databorn_etl_project/retail_etl/etl_pipeline_project/venv/lib/python3.10/site-packages/airflow/example_dags/example_branch_operator_decorator.py
[2025-07-04T15:46:17.822+0530] {logging_mixin.py:154} INFO - [2025-07-04T15:46:17.822+0530] {dag.py:2941} INFO - Sync 1 DAGs
[2025-07-04T15:46:17.843+0530] {logging_mixin.py:154} INFO - [2025-07-04T15:46:17.842+0530] {dag.py:3722} INFO - Setting next_dagrun for example_branch_python_operator_decorator to 2025-07-03T00:00:00+00:00, run_after=2025-07-04T00:00:00+00:00
[2025-07-04T15:46:17.872+0530] {processor.py:179} INFO - Processing /Users/vaish/databorn_etl_project/retail_etl/etl_pipeline_project/venv/lib/python3.10/site-packages/airflow/example_dags/example_branch_operator_decorator.py took 0.321 seconds
[2025-07-04T15:46:46.847+0530] {processor.py:157} INFO - Started process (PID=24772) to work on /Users/vaish/databorn_etl_project/retail_etl/etl_pipeline_project/venv/lib/python3.10/site-packages/airflow/example_dags/example_branch_operator_decorator.py
[2025-07-04T15:46:46.848+0530] {processor.py:829} INFO - Processing file /Users/vaish/databorn_etl_project/retail_etl/etl_pipeline_project/venv/lib/python3.10/site-packages/airflow/example_dags/example_branch_operator_decorator.py for tasks to queue
[2025-07-04T15:46:46.848+0530] {logging_mixin.py:154} INFO - [2025-07-04T15:46:46.848+0530] {dagbag.py:536} INFO - Filling up the DagBag from /Users/vaish/databorn_etl_project/retail_etl/etl_pipeline_project/venv/lib/python3.10/site-packages/airflow/example_dags/example_branch_operator_decorator.py
[2025-07-04T15:46:46.913+0530] {processor.py:839} INFO - DAG(s) dict_keys(['example_branch_python_operator_decorator']) retrieved from /Users/vaish/databorn_etl_project/retail_etl/etl_pipeline_project/venv/lib/python3.10/site-packages/airflow/example_dags/example_branch_operator_decorator.py
[2025-07-04T15:46:47.131+0530] {logging_mixin.py:154} INFO - [2025-07-04T15:46:47.131+0530] {dag.py:2941} INFO - Sync 1 DAGs
[2025-07-04T15:46:47.154+0530] {logging_mixin.py:154} INFO - [2025-07-04T15:46:47.153+0530] {dag.py:3722} INFO - Setting next_dagrun for example_branch_python_operator_decorator to 2025-07-03T00:00:00+00:00, run_after=2025-07-04T00:00:00+00:00
[2025-07-04T15:46:47.184+0530] {processor.py:179} INFO - Processing /Users/vaish/databorn_etl_project/retail_etl/etl_pipeline_project/venv/lib/python3.10/site-packages/airflow/example_dags/example_branch_operator_decorator.py took 0.339 seconds
[2025-07-04T15:49:58.319+0530] {processor.py:157} INFO - Started process (PID=25251) to work on /Users/vaish/databorn_etl_project/retail_etl/etl_pipeline_project/venv/lib/python3.10/site-packages/airflow/example_dags/example_branch_operator_decorator.py
[2025-07-04T15:49:58.326+0530] {processor.py:829} INFO - Processing file /Users/vaish/databorn_etl_project/retail_etl/etl_pipeline_project/venv/lib/python3.10/site-packages/airflow/example_dags/example_branch_operator_decorator.py for tasks to queue
[2025-07-04T15:49:58.327+0530] {logging_mixin.py:154} INFO - [2025-07-04T15:49:58.327+0530] {dagbag.py:536} INFO - Filling up the DagBag from /Users/vaish/databorn_etl_project/retail_etl/etl_pipeline_project/venv/lib/python3.10/site-packages/airflow/example_dags/example_branch_operator_decorator.py
[2025-07-04T15:49:58.391+0530] {processor.py:839} INFO - DAG(s) dict_keys(['example_branch_python_operator_decorator']) retrieved from /Users/vaish/databorn_etl_project/retail_etl/etl_pipeline_project/venv/lib/python3.10/site-packages/airflow/example_dags/example_branch_operator_decorator.py
[2025-07-04T15:49:58.605+0530] {logging_mixin.py:154} INFO - [2025-07-04T15:49:58.605+0530] {dag.py:2941} INFO - Sync 1 DAGs
[2025-07-04T15:49:58.627+0530] {logging_mixin.py:154} INFO - [2025-07-04T15:49:58.626+0530] {dag.py:3722} INFO - Setting next_dagrun for example_branch_python_operator_decorator to 2025-07-03T00:00:00+00:00, run_after=2025-07-04T00:00:00+00:00
[2025-07-04T15:49:58.654+0530] {processor.py:179} INFO - Processing /Users/vaish/databorn_etl_project/retail_etl/etl_pipeline_project/venv/lib/python3.10/site-packages/airflow/example_dags/example_branch_operator_decorator.py took 0.336 seconds
[2025-07-04T15:50:31.776+0530] {processor.py:157} INFO - Started process (PID=25335) to work on /Users/vaish/databorn_etl_project/retail_etl/etl_pipeline_project/venv/lib/python3.10/site-packages/airflow/example_dags/example_branch_operator_decorator.py
[2025-07-04T15:50:31.777+0530] {processor.py:829} INFO - Processing file /Users/vaish/databorn_etl_project/retail_etl/etl_pipeline_project/venv/lib/python3.10/site-packages/airflow/example_dags/example_branch_operator_decorator.py for tasks to queue
[2025-07-04T15:50:31.777+0530] {logging_mixin.py:154} INFO - [2025-07-04T15:50:31.777+0530] {dagbag.py:536} INFO - Filling up the DagBag from /Users/vaish/databorn_etl_project/retail_etl/etl_pipeline_project/venv/lib/python3.10/site-packages/airflow/example_dags/example_branch_operator_decorator.py
[2025-07-04T15:50:31.838+0530] {processor.py:839} INFO - DAG(s) dict_keys(['example_branch_python_operator_decorator']) retrieved from /Users/vaish/databorn_etl_project/retail_etl/etl_pipeline_project/venv/lib/python3.10/site-packages/airflow/example_dags/example_branch_operator_decorator.py
[2025-07-04T15:50:32.045+0530] {logging_mixin.py:154} INFO - [2025-07-04T15:50:32.044+0530] {dag.py:2941} INFO - Sync 1 DAGs
[2025-07-04T15:50:32.064+0530] {logging_mixin.py:154} INFO - [2025-07-04T15:50:32.064+0530] {dag.py:3722} INFO - Setting next_dagrun for example_branch_python_operator_decorator to 2025-07-03T00:00:00+00:00, run_after=2025-07-04T00:00:00+00:00
[2025-07-04T15:50:32.093+0530] {processor.py:179} INFO - Processing /Users/vaish/databorn_etl_project/retail_etl/etl_pipeline_project/venv/lib/python3.10/site-packages/airflow/example_dags/example_branch_operator_decorator.py took 0.318 seconds
[2025-07-04T15:53:21.398+0530] {processor.py:157} INFO - Started process (PID=25733) to work on /Users/vaish/databorn_etl_project/retail_etl/etl_pipeline_project/venv/lib/python3.10/site-packages/airflow/example_dags/example_branch_operator_decorator.py
[2025-07-04T15:53:21.404+0530] {processor.py:829} INFO - Processing file /Users/vaish/databorn_etl_project/retail_etl/etl_pipeline_project/venv/lib/python3.10/site-packages/airflow/example_dags/example_branch_operator_decorator.py for tasks to queue
[2025-07-04T15:53:21.405+0530] {logging_mixin.py:154} INFO - [2025-07-04T15:53:21.405+0530] {dagbag.py:536} INFO - Filling up the DagBag from /Users/vaish/databorn_etl_project/retail_etl/etl_pipeline_project/venv/lib/python3.10/site-packages/airflow/example_dags/example_branch_operator_decorator.py
[2025-07-04T15:53:21.470+0530] {processor.py:839} INFO - DAG(s) dict_keys(['example_branch_python_operator_decorator']) retrieved from /Users/vaish/databorn_etl_project/retail_etl/etl_pipeline_project/venv/lib/python3.10/site-packages/airflow/example_dags/example_branch_operator_decorator.py
[2025-07-04T15:53:21.704+0530] {logging_mixin.py:154} INFO - [2025-07-04T15:53:21.704+0530] {dag.py:2941} INFO - Sync 1 DAGs
[2025-07-04T15:53:21.727+0530] {logging_mixin.py:154} INFO - [2025-07-04T15:53:21.726+0530] {dag.py:3722} INFO - Setting next_dagrun for example_branch_python_operator_decorator to 2025-07-03T00:00:00+00:00, run_after=2025-07-04T00:00:00+00:00
[2025-07-04T15:53:21.757+0530] {processor.py:179} INFO - Processing /Users/vaish/databorn_etl_project/retail_etl/etl_pipeline_project/venv/lib/python3.10/site-packages/airflow/example_dags/example_branch_operator_decorator.py took 0.361 seconds
[2025-07-04T15:53:59.975+0530] {processor.py:157} INFO - Started process (PID=25841) to work on /Users/vaish/databorn_etl_project/retail_etl/etl_pipeline_project/venv/lib/python3.10/site-packages/airflow/example_dags/example_branch_operator_decorator.py
[2025-07-04T15:53:59.975+0530] {processor.py:829} INFO - Processing file /Users/vaish/databorn_etl_project/retail_etl/etl_pipeline_project/venv/lib/python3.10/site-packages/airflow/example_dags/example_branch_operator_decorator.py for tasks to queue
[2025-07-04T15:53:59.976+0530] {logging_mixin.py:154} INFO - [2025-07-04T15:53:59.976+0530] {dagbag.py:536} INFO - Filling up the DagBag from /Users/vaish/databorn_etl_project/retail_etl/etl_pipeline_project/venv/lib/python3.10/site-packages/airflow/example_dags/example_branch_operator_decorator.py
[2025-07-04T15:54:00.040+0530] {processor.py:839} INFO - DAG(s) dict_keys(['example_branch_python_operator_decorator']) retrieved from /Users/vaish/databorn_etl_project/retail_etl/etl_pipeline_project/venv/lib/python3.10/site-packages/airflow/example_dags/example_branch_operator_decorator.py
[2025-07-04T15:54:00.253+0530] {logging_mixin.py:154} INFO - [2025-07-04T15:54:00.252+0530] {dag.py:2941} INFO - Sync 1 DAGs
[2025-07-04T15:54:00.273+0530] {logging_mixin.py:154} INFO - [2025-07-04T15:54:00.273+0530] {dag.py:3722} INFO - Setting next_dagrun for example_branch_python_operator_decorator to 2025-07-03T00:00:00+00:00, run_after=2025-07-04T00:00:00+00:00
[2025-07-04T15:54:00.300+0530] {processor.py:179} INFO - Processing /Users/vaish/databorn_etl_project/retail_etl/etl_pipeline_project/venv/lib/python3.10/site-packages/airflow/example_dags/example_branch_operator_decorator.py took 0.327 seconds
[2025-07-04T15:57:02.135+0530] {processor.py:157} INFO - Started process (PID=26905) to work on /Users/vaish/databorn_etl_project/retail_etl/etl_pipeline_project/venv/lib/python3.10/site-packages/airflow/example_dags/example_branch_operator_decorator.py
[2025-07-04T15:57:02.142+0530] {processor.py:829} INFO - Processing file /Users/vaish/databorn_etl_project/retail_etl/etl_pipeline_project/venv/lib/python3.10/site-packages/airflow/example_dags/example_branch_operator_decorator.py for tasks to queue
[2025-07-04T15:57:02.142+0530] {logging_mixin.py:154} INFO - [2025-07-04T15:57:02.142+0530] {dagbag.py:536} INFO - Filling up the DagBag from /Users/vaish/databorn_etl_project/retail_etl/etl_pipeline_project/venv/lib/python3.10/site-packages/airflow/example_dags/example_branch_operator_decorator.py
[2025-07-04T15:57:02.205+0530] {processor.py:839} INFO - DAG(s) dict_keys(['example_branch_python_operator_decorator']) retrieved from /Users/vaish/databorn_etl_project/retail_etl/etl_pipeline_project/venv/lib/python3.10/site-packages/airflow/example_dags/example_branch_operator_decorator.py
[2025-07-04T15:57:02.424+0530] {logging_mixin.py:154} INFO - [2025-07-04T15:57:02.424+0530] {dag.py:2941} INFO - Sync 1 DAGs
[2025-07-04T15:57:02.446+0530] {logging_mixin.py:154} INFO - [2025-07-04T15:57:02.446+0530] {dag.py:3722} INFO - Setting next_dagrun for example_branch_python_operator_decorator to 2025-07-03T00:00:00+00:00, run_after=2025-07-04T00:00:00+00:00
[2025-07-04T15:57:02.479+0530] {processor.py:179} INFO - Processing /Users/vaish/databorn_etl_project/retail_etl/etl_pipeline_project/venv/lib/python3.10/site-packages/airflow/example_dags/example_branch_operator_decorator.py took 0.346 seconds
[2025-07-04T15:57:33.956+0530] {processor.py:157} INFO - Started process (PID=27002) to work on /Users/vaish/databorn_etl_project/retail_etl/etl_pipeline_project/venv/lib/python3.10/site-packages/airflow/example_dags/example_branch_operator_decorator.py
[2025-07-04T15:57:33.956+0530] {processor.py:829} INFO - Processing file /Users/vaish/databorn_etl_project/retail_etl/etl_pipeline_project/venv/lib/python3.10/site-packages/airflow/example_dags/example_branch_operator_decorator.py for tasks to queue
[2025-07-04T15:57:33.957+0530] {logging_mixin.py:154} INFO - [2025-07-04T15:57:33.957+0530] {dagbag.py:536} INFO - Filling up the DagBag from /Users/vaish/databorn_etl_project/retail_etl/etl_pipeline_project/venv/lib/python3.10/site-packages/airflow/example_dags/example_branch_operator_decorator.py
[2025-07-04T15:57:34.024+0530] {processor.py:839} INFO - DAG(s) dict_keys(['example_branch_python_operator_decorator']) retrieved from /Users/vaish/databorn_etl_project/retail_etl/etl_pipeline_project/venv/lib/python3.10/site-packages/airflow/example_dags/example_branch_operator_decorator.py
[2025-07-04T15:57:34.242+0530] {logging_mixin.py:154} INFO - [2025-07-04T15:57:34.242+0530] {dag.py:2941} INFO - Sync 1 DAGs
[2025-07-04T15:57:34.266+0530] {logging_mixin.py:154} INFO - [2025-07-04T15:57:34.266+0530] {dag.py:3722} INFO - Setting next_dagrun for example_branch_python_operator_decorator to 2025-07-03T00:00:00+00:00, run_after=2025-07-04T00:00:00+00:00
[2025-07-04T15:57:34.290+0530] {processor.py:179} INFO - Processing /Users/vaish/databorn_etl_project/retail_etl/etl_pipeline_project/venv/lib/python3.10/site-packages/airflow/example_dags/example_branch_operator_decorator.py took 0.336 seconds
[2025-07-04T16:00:22.409+0530] {processor.py:157} INFO - Started process (PID=29210) to work on /Users/vaish/databorn_etl_project/retail_etl/etl_pipeline_project/venv/lib/python3.10/site-packages/airflow/example_dags/example_branch_operator_decorator.py
[2025-07-04T16:00:22.412+0530] {processor.py:829} INFO - Processing file /Users/vaish/databorn_etl_project/retail_etl/etl_pipeline_project/venv/lib/python3.10/site-packages/airflow/example_dags/example_branch_operator_decorator.py for tasks to queue
[2025-07-04T16:00:22.413+0530] {logging_mixin.py:154} INFO - [2025-07-04T16:00:22.412+0530] {dagbag.py:536} INFO - Filling up the DagBag from /Users/vaish/databorn_etl_project/retail_etl/etl_pipeline_project/venv/lib/python3.10/site-packages/airflow/example_dags/example_branch_operator_decorator.py
[2025-07-04T16:00:22.475+0530] {processor.py:839} INFO - DAG(s) dict_keys(['example_branch_python_operator_decorator']) retrieved from /Users/vaish/databorn_etl_project/retail_etl/etl_pipeline_project/venv/lib/python3.10/site-packages/airflow/example_dags/example_branch_operator_decorator.py
[2025-07-04T16:00:22.692+0530] {logging_mixin.py:154} INFO - [2025-07-04T16:00:22.691+0530] {dag.py:2941} INFO - Sync 1 DAGs
[2025-07-04T16:00:22.719+0530] {logging_mixin.py:154} INFO - [2025-07-04T16:00:22.718+0530] {dag.py:3722} INFO - Setting next_dagrun for example_branch_python_operator_decorator to 2025-07-03T00:00:00+00:00, run_after=2025-07-04T00:00:00+00:00
[2025-07-04T16:00:22.748+0530] {processor.py:179} INFO - Processing /Users/vaish/databorn_etl_project/retail_etl/etl_pipeline_project/venv/lib/python3.10/site-packages/airflow/example_dags/example_branch_operator_decorator.py took 0.340 seconds
[2025-07-04T16:00:54.540+0530] {processor.py:157} INFO - Started process (PID=29838) to work on /Users/vaish/databorn_etl_project/retail_etl/etl_pipeline_project/venv/lib/python3.10/site-packages/airflow/example_dags/example_branch_operator_decorator.py
[2025-07-04T16:00:54.541+0530] {processor.py:829} INFO - Processing file /Users/vaish/databorn_etl_project/retail_etl/etl_pipeline_project/venv/lib/python3.10/site-packages/airflow/example_dags/example_branch_operator_decorator.py for tasks to queue
[2025-07-04T16:00:54.542+0530] {logging_mixin.py:154} INFO - [2025-07-04T16:00:54.542+0530] {dagbag.py:536} INFO - Filling up the DagBag from /Users/vaish/databorn_etl_project/retail_etl/etl_pipeline_project/venv/lib/python3.10/site-packages/airflow/example_dags/example_branch_operator_decorator.py
[2025-07-04T16:00:54.604+0530] {processor.py:839} INFO - DAG(s) dict_keys(['example_branch_python_operator_decorator']) retrieved from /Users/vaish/databorn_etl_project/retail_etl/etl_pipeline_project/venv/lib/python3.10/site-packages/airflow/example_dags/example_branch_operator_decorator.py
[2025-07-04T16:00:54.817+0530] {logging_mixin.py:154} INFO - [2025-07-04T16:00:54.816+0530] {dag.py:2941} INFO - Sync 1 DAGs
[2025-07-04T16:00:54.839+0530] {logging_mixin.py:154} INFO - [2025-07-04T16:00:54.839+0530] {dag.py:3722} INFO - Setting next_dagrun for example_branch_python_operator_decorator to 2025-07-03T00:00:00+00:00, run_after=2025-07-04T00:00:00+00:00
[2025-07-04T16:00:54.861+0530] {processor.py:179} INFO - Processing /Users/vaish/databorn_etl_project/retail_etl/etl_pipeline_project/venv/lib/python3.10/site-packages/airflow/example_dags/example_branch_operator_decorator.py took 0.322 seconds
[2025-07-04T16:03:51.152+0530] {processor.py:157} INFO - Started process (PID=31204) to work on /Users/vaish/databorn_etl_project/retail_etl/etl_pipeline_project/venv/lib/python3.10/site-packages/airflow/example_dags/example_branch_operator_decorator.py
[2025-07-04T16:03:51.159+0530] {processor.py:829} INFO - Processing file /Users/vaish/databorn_etl_project/retail_etl/etl_pipeline_project/venv/lib/python3.10/site-packages/airflow/example_dags/example_branch_operator_decorator.py for tasks to queue
[2025-07-04T16:03:51.160+0530] {logging_mixin.py:154} INFO - [2025-07-04T16:03:51.160+0530] {dagbag.py:536} INFO - Filling up the DagBag from /Users/vaish/databorn_etl_project/retail_etl/etl_pipeline_project/venv/lib/python3.10/site-packages/airflow/example_dags/example_branch_operator_decorator.py
[2025-07-04T16:03:51.221+0530] {processor.py:839} INFO - DAG(s) dict_keys(['example_branch_python_operator_decorator']) retrieved from /Users/vaish/databorn_etl_project/retail_etl/etl_pipeline_project/venv/lib/python3.10/site-packages/airflow/example_dags/example_branch_operator_decorator.py
[2025-07-04T16:03:51.428+0530] {logging_mixin.py:154} INFO - [2025-07-04T16:03:51.427+0530] {dag.py:2941} INFO - Sync 1 DAGs
[2025-07-04T16:03:51.448+0530] {logging_mixin.py:154} INFO - [2025-07-04T16:03:51.448+0530] {dag.py:3722} INFO - Setting next_dagrun for example_branch_python_operator_decorator to 2025-07-03T00:00:00+00:00, run_after=2025-07-04T00:00:00+00:00
[2025-07-04T16:03:51.476+0530] {processor.py:179} INFO - Processing /Users/vaish/databorn_etl_project/retail_etl/etl_pipeline_project/venv/lib/python3.10/site-packages/airflow/example_dags/example_branch_operator_decorator.py took 0.325 seconds
[2025-07-04T16:04:21.424+0530] {processor.py:157} INFO - Started process (PID=31270) to work on /Users/vaish/databorn_etl_project/retail_etl/etl_pipeline_project/venv/lib/python3.10/site-packages/airflow/example_dags/example_branch_operator_decorator.py
[2025-07-04T16:04:21.425+0530] {processor.py:829} INFO - Processing file /Users/vaish/databorn_etl_project/retail_etl/etl_pipeline_project/venv/lib/python3.10/site-packages/airflow/example_dags/example_branch_operator_decorator.py for tasks to queue
[2025-07-04T16:04:21.426+0530] {logging_mixin.py:154} INFO - [2025-07-04T16:04:21.426+0530] {dagbag.py:536} INFO - Filling up the DagBag from /Users/vaish/databorn_etl_project/retail_etl/etl_pipeline_project/venv/lib/python3.10/site-packages/airflow/example_dags/example_branch_operator_decorator.py
[2025-07-04T16:04:21.548+0530] {processor.py:839} INFO - DAG(s) dict_keys(['example_branch_python_operator_decorator']) retrieved from /Users/vaish/databorn_etl_project/retail_etl/etl_pipeline_project/venv/lib/python3.10/site-packages/airflow/example_dags/example_branch_operator_decorator.py
[2025-07-04T16:04:21.924+0530] {logging_mixin.py:154} INFO - [2025-07-04T16:04:21.924+0530] {dag.py:2941} INFO - Sync 1 DAGs
[2025-07-04T16:04:21.953+0530] {logging_mixin.py:154} INFO - [2025-07-04T16:04:21.953+0530] {dag.py:3722} INFO - Setting next_dagrun for example_branch_python_operator_decorator to 2025-07-03T00:00:00+00:00, run_after=2025-07-04T00:00:00+00:00
[2025-07-04T16:04:21.988+0530] {processor.py:179} INFO - Processing /Users/vaish/databorn_etl_project/retail_etl/etl_pipeline_project/venv/lib/python3.10/site-packages/airflow/example_dags/example_branch_operator_decorator.py took 0.567 seconds
[2025-07-04T16:07:40.842+0530] {processor.py:157} INFO - Started process (PID=32127) to work on /Users/vaish/databorn_etl_project/retail_etl/etl_pipeline_project/venv/lib/python3.10/site-packages/airflow/example_dags/example_branch_operator_decorator.py
[2025-07-04T16:07:40.849+0530] {processor.py:829} INFO - Processing file /Users/vaish/databorn_etl_project/retail_etl/etl_pipeline_project/venv/lib/python3.10/site-packages/airflow/example_dags/example_branch_operator_decorator.py for tasks to queue
[2025-07-04T16:07:40.850+0530] {logging_mixin.py:154} INFO - [2025-07-04T16:07:40.850+0530] {dagbag.py:536} INFO - Filling up the DagBag from /Users/vaish/databorn_etl_project/retail_etl/etl_pipeline_project/venv/lib/python3.10/site-packages/airflow/example_dags/example_branch_operator_decorator.py
[2025-07-04T16:07:40.913+0530] {processor.py:839} INFO - DAG(s) dict_keys(['example_branch_python_operator_decorator']) retrieved from /Users/vaish/databorn_etl_project/retail_etl/etl_pipeline_project/venv/lib/python3.10/site-packages/airflow/example_dags/example_branch_operator_decorator.py
[2025-07-04T16:07:41.118+0530] {logging_mixin.py:154} INFO - [2025-07-04T16:07:41.118+0530] {dag.py:2941} INFO - Sync 1 DAGs
[2025-07-04T16:07:41.138+0530] {logging_mixin.py:154} INFO - [2025-07-04T16:07:41.138+0530] {dag.py:3722} INFO - Setting next_dagrun for example_branch_python_operator_decorator to 2025-07-03T00:00:00+00:00, run_after=2025-07-04T00:00:00+00:00
[2025-07-04T16:07:41.166+0530] {processor.py:179} INFO - Processing /Users/vaish/databorn_etl_project/retail_etl/etl_pipeline_project/venv/lib/python3.10/site-packages/airflow/example_dags/example_branch_operator_decorator.py took 0.325 seconds
[2025-07-04T16:08:15.792+0530] {processor.py:157} INFO - Started process (PID=32264) to work on /Users/vaish/databorn_etl_project/retail_etl/etl_pipeline_project/venv/lib/python3.10/site-packages/airflow/example_dags/example_branch_operator_decorator.py
[2025-07-04T16:08:15.793+0530] {processor.py:829} INFO - Processing file /Users/vaish/databorn_etl_project/retail_etl/etl_pipeline_project/venv/lib/python3.10/site-packages/airflow/example_dags/example_branch_operator_decorator.py for tasks to queue
[2025-07-04T16:08:15.794+0530] {logging_mixin.py:154} INFO - [2025-07-04T16:08:15.794+0530] {dagbag.py:536} INFO - Filling up the DagBag from /Users/vaish/databorn_etl_project/retail_etl/etl_pipeline_project/venv/lib/python3.10/site-packages/airflow/example_dags/example_branch_operator_decorator.py
[2025-07-04T16:08:15.857+0530] {processor.py:839} INFO - DAG(s) dict_keys(['example_branch_python_operator_decorator']) retrieved from /Users/vaish/databorn_etl_project/retail_etl/etl_pipeline_project/venv/lib/python3.10/site-packages/airflow/example_dags/example_branch_operator_decorator.py
[2025-07-04T16:08:16.072+0530] {logging_mixin.py:154} INFO - [2025-07-04T16:08:16.072+0530] {dag.py:2941} INFO - Sync 1 DAGs
[2025-07-04T16:08:16.093+0530] {logging_mixin.py:154} INFO - [2025-07-04T16:08:16.093+0530] {dag.py:3722} INFO - Setting next_dagrun for example_branch_python_operator_decorator to 2025-07-03T00:00:00+00:00, run_after=2025-07-04T00:00:00+00:00
[2025-07-04T16:08:16.124+0530] {processor.py:179} INFO - Processing /Users/vaish/databorn_etl_project/retail_etl/etl_pipeline_project/venv/lib/python3.10/site-packages/airflow/example_dags/example_branch_operator_decorator.py took 0.333 seconds
[2025-07-04T16:11:54.414+0530] {processor.py:157} INFO - Started process (PID=33073) to work on /Users/vaish/databorn_etl_project/retail_etl/etl_pipeline_project/venv/lib/python3.10/site-packages/airflow/example_dags/example_branch_operator_decorator.py
[2025-07-04T16:11:54.420+0530] {processor.py:829} INFO - Processing file /Users/vaish/databorn_etl_project/retail_etl/etl_pipeline_project/venv/lib/python3.10/site-packages/airflow/example_dags/example_branch_operator_decorator.py for tasks to queue
[2025-07-04T16:11:54.421+0530] {logging_mixin.py:154} INFO - [2025-07-04T16:11:54.421+0530] {dagbag.py:536} INFO - Filling up the DagBag from /Users/vaish/databorn_etl_project/retail_etl/etl_pipeline_project/venv/lib/python3.10/site-packages/airflow/example_dags/example_branch_operator_decorator.py
[2025-07-04T16:11:54.483+0530] {processor.py:839} INFO - DAG(s) dict_keys(['example_branch_python_operator_decorator']) retrieved from /Users/vaish/databorn_etl_project/retail_etl/etl_pipeline_project/venv/lib/python3.10/site-packages/airflow/example_dags/example_branch_operator_decorator.py
[2025-07-04T16:11:54.700+0530] {logging_mixin.py:154} INFO - [2025-07-04T16:11:54.699+0530] {dag.py:2941} INFO - Sync 1 DAGs
[2025-07-04T16:11:54.723+0530] {logging_mixin.py:154} INFO - [2025-07-04T16:11:54.723+0530] {dag.py:3722} INFO - Setting next_dagrun for example_branch_python_operator_decorator to 2025-07-03T00:00:00+00:00, run_after=2025-07-04T00:00:00+00:00
[2025-07-04T16:11:54.751+0530] {processor.py:179} INFO - Processing /Users/vaish/databorn_etl_project/retail_etl/etl_pipeline_project/venv/lib/python3.10/site-packages/airflow/example_dags/example_branch_operator_decorator.py took 0.338 seconds
[2025-07-04T16:13:18.640+0530] {processor.py:157} INFO - Started process (PID=33305) to work on /Users/vaish/databorn_etl_project/retail_etl/etl_pipeline_project/venv/lib/python3.10/site-packages/airflow/example_dags/example_branch_operator_decorator.py
[2025-07-04T16:13:18.647+0530] {processor.py:829} INFO - Processing file /Users/vaish/databorn_etl_project/retail_etl/etl_pipeline_project/venv/lib/python3.10/site-packages/airflow/example_dags/example_branch_operator_decorator.py for tasks to queue
[2025-07-04T16:13:18.649+0530] {logging_mixin.py:154} INFO - [2025-07-04T16:13:18.648+0530] {dagbag.py:536} INFO - Filling up the DagBag from /Users/vaish/databorn_etl_project/retail_etl/etl_pipeline_project/venv/lib/python3.10/site-packages/airflow/example_dags/example_branch_operator_decorator.py
[2025-07-04T16:13:18.713+0530] {processor.py:839} INFO - DAG(s) dict_keys(['example_branch_python_operator_decorator']) retrieved from /Users/vaish/databorn_etl_project/retail_etl/etl_pipeline_project/venv/lib/python3.10/site-packages/airflow/example_dags/example_branch_operator_decorator.py
[2025-07-04T16:13:18.925+0530] {logging_mixin.py:154} INFO - [2025-07-04T16:13:18.924+0530] {dag.py:2941} INFO - Sync 1 DAGs
[2025-07-04T16:13:18.945+0530] {logging_mixin.py:154} INFO - [2025-07-04T16:13:18.945+0530] {dag.py:3722} INFO - Setting next_dagrun for example_branch_python_operator_decorator to 2025-07-03T00:00:00+00:00, run_after=2025-07-04T00:00:00+00:00
[2025-07-04T16:13:18.974+0530] {processor.py:179} INFO - Processing /Users/vaish/databorn_etl_project/retail_etl/etl_pipeline_project/venv/lib/python3.10/site-packages/airflow/example_dags/example_branch_operator_decorator.py took 0.335 seconds
[2025-07-04T16:15:36.031+0530] {processor.py:157} INFO - Started process (PID=33630) to work on /Users/vaish/databorn_etl_project/retail_etl/etl_pipeline_project/venv/lib/python3.10/site-packages/airflow/example_dags/example_branch_operator_decorator.py
[2025-07-04T16:15:36.032+0530] {processor.py:829} INFO - Processing file /Users/vaish/databorn_etl_project/retail_etl/etl_pipeline_project/venv/lib/python3.10/site-packages/airflow/example_dags/example_branch_operator_decorator.py for tasks to queue
[2025-07-04T16:15:36.033+0530] {logging_mixin.py:154} INFO - [2025-07-04T16:15:36.033+0530] {dagbag.py:536} INFO - Filling up the DagBag from /Users/vaish/databorn_etl_project/retail_etl/etl_pipeline_project/venv/lib/python3.10/site-packages/airflow/example_dags/example_branch_operator_decorator.py
[2025-07-04T16:15:36.111+0530] {processor.py:839} INFO - DAG(s) dict_keys(['example_branch_python_operator_decorator']) retrieved from /Users/vaish/databorn_etl_project/retail_etl/etl_pipeline_project/venv/lib/python3.10/site-packages/airflow/example_dags/example_branch_operator_decorator.py
[2025-07-04T16:15:36.340+0530] {logging_mixin.py:154} INFO - [2025-07-04T16:15:36.340+0530] {dag.py:2941} INFO - Sync 1 DAGs
[2025-07-04T16:15:36.362+0530] {logging_mixin.py:154} INFO - [2025-07-04T16:15:36.362+0530] {dag.py:3722} INFO - Setting next_dagrun for example_branch_python_operator_decorator to 2025-07-03T00:00:00+00:00, run_after=2025-07-04T00:00:00+00:00
[2025-07-04T16:15:36.396+0530] {processor.py:179} INFO - Processing /Users/vaish/databorn_etl_project/retail_etl/etl_pipeline_project/venv/lib/python3.10/site-packages/airflow/example_dags/example_branch_operator_decorator.py took 0.366 seconds
