[2025-07-04T14:05:45.262+0530] {processor.py:157} INFO - Started process (PID=11714) to work on /Users/vaish/databorn_etl_project/retail_etl/etl_pipeline_project/venv/lib/python3.10/site-packages/airflow/example_dags/example_dag_decorator.py
[2025-07-04T14:05:45.262+0530] {processor.py:829} INFO - Processing file /Users/vaish/databorn_etl_project/retail_etl/etl_pipeline_project/venv/lib/python3.10/site-packages/airflow/example_dags/example_dag_decorator.py for tasks to queue
[2025-07-04T14:05:45.263+0530] {logging_mixin.py:154} INFO - [2025-07-04T14:05:45.263+0530] {dagbag.py:536} INFO - Filling up the DagBag from /Users/vaish/databorn_etl_project/retail_etl/etl_pipeline_project/venv/lib/python3.10/site-packages/airflow/example_dags/example_dag_decorator.py
[2025-07-04T14:05:45.504+0530] {processor.py:839} INFO - DAG(s) dict_keys(['example_dag_decorator']) retrieved from /Users/vaish/databorn_etl_project/retail_etl/etl_pipeline_project/venv/lib/python3.10/site-packages/airflow/example_dags/example_dag_decorator.py
[2025-07-04T14:05:46.161+0530] {logging_mixin.py:154} INFO - [2025-07-04T14:05:46.160+0530] {manager.py:499} INFO - Created Permission View: %s
[2025-07-04T14:05:46.172+0530] {logging_mixin.py:154} INFO - [2025-07-04T14:05:46.172+0530] {manager.py:499} INFO - Created Permission View: %s
[2025-07-04T14:05:46.180+0530] {logging_mixin.py:154} INFO - [2025-07-04T14:05:46.180+0530] {manager.py:499} INFO - Created Permission View: %s
[2025-07-04T14:05:46.181+0530] {logging_mixin.py:154} INFO - [2025-07-04T14:05:46.181+0530] {dag.py:2941} INFO - Sync 1 DAGs
[2025-07-04T14:05:46.194+0530] {logging_mixin.py:154} INFO - [2025-07-04T14:05:46.194+0530] {dag.py:2963} INFO - Creating ORM DAG for example_dag_decorator
[2025-07-04T14:05:46.195+0530] {logging_mixin.py:154} INFO - [2025-07-04T14:05:46.195+0530] {dag.py:3722} INFO - Setting next_dagrun for example_dag_decorator to None, run_after=None
[2025-07-04T14:05:46.215+0530] {processor.py:179} INFO - Processing /Users/vaish/databorn_etl_project/retail_etl/etl_pipeline_project/venv/lib/python3.10/site-packages/airflow/example_dags/example_dag_decorator.py took 0.955 seconds
[2025-07-04T14:12:01.739+0530] {processor.py:157} INFO - Started process (PID=12253) to work on /Users/vaish/databorn_etl_project/retail_etl/etl_pipeline_project/venv/lib/python3.10/site-packages/airflow/example_dags/example_dag_decorator.py
[2025-07-04T14:12:01.739+0530] {processor.py:829} INFO - Processing file /Users/vaish/databorn_etl_project/retail_etl/etl_pipeline_project/venv/lib/python3.10/site-packages/airflow/example_dags/example_dag_decorator.py for tasks to queue
[2025-07-04T14:12:01.740+0530] {logging_mixin.py:154} INFO - [2025-07-04T14:12:01.740+0530] {dagbag.py:536} INFO - Filling up the DagBag from /Users/vaish/databorn_etl_project/retail_etl/etl_pipeline_project/venv/lib/python3.10/site-packages/airflow/example_dags/example_dag_decorator.py
[2025-07-04T14:12:02.015+0530] {processor.py:839} INFO - DAG(s) dict_keys(['example_dag_decorator']) retrieved from /Users/vaish/databorn_etl_project/retail_etl/etl_pipeline_project/venv/lib/python3.10/site-packages/airflow/example_dags/example_dag_decorator.py
[2025-07-04T14:12:03.146+0530] {logging_mixin.py:154} INFO - [2025-07-04T14:12:03.145+0530] {dag.py:2941} INFO - Sync 1 DAGs
[2025-07-04T14:12:03.158+0530] {logging_mixin.py:154} INFO - [2025-07-04T14:12:03.158+0530] {dag.py:3722} INFO - Setting next_dagrun for example_dag_decorator to None, run_after=None
[2025-07-04T14:12:03.188+0530] {processor.py:179} INFO - Processing /Users/vaish/databorn_etl_project/retail_etl/etl_pipeline_project/venv/lib/python3.10/site-packages/airflow/example_dags/example_dag_decorator.py took 1.451 seconds
[2025-07-04T14:15:43.277+0530] {processor.py:157} INFO - Started process (PID=12618) to work on /Users/vaish/databorn_etl_project/retail_etl/etl_pipeline_project/venv/lib/python3.10/site-packages/airflow/example_dags/example_dag_decorator.py
[2025-07-04T14:15:43.283+0530] {processor.py:829} INFO - Processing file /Users/vaish/databorn_etl_project/retail_etl/etl_pipeline_project/venv/lib/python3.10/site-packages/airflow/example_dags/example_dag_decorator.py for tasks to queue
[2025-07-04T14:15:43.284+0530] {logging_mixin.py:154} INFO - [2025-07-04T14:15:43.284+0530] {dagbag.py:536} INFO - Filling up the DagBag from /Users/vaish/databorn_etl_project/retail_etl/etl_pipeline_project/venv/lib/python3.10/site-packages/airflow/example_dags/example_dag_decorator.py
[2025-07-04T14:15:43.476+0530] {processor.py:839} INFO - DAG(s) dict_keys(['example_dag_decorator']) retrieved from /Users/vaish/databorn_etl_project/retail_etl/etl_pipeline_project/venv/lib/python3.10/site-packages/airflow/example_dags/example_dag_decorator.py
[2025-07-04T14:15:44.497+0530] {logging_mixin.py:154} INFO - [2025-07-04T14:15:44.496+0530] {dag.py:2941} INFO - Sync 1 DAGs
[2025-07-04T14:15:44.506+0530] {logging_mixin.py:154} INFO - [2025-07-04T14:15:44.506+0530] {dag.py:3722} INFO - Setting next_dagrun for example_dag_decorator to None, run_after=None
[2025-07-04T14:15:44.531+0530] {processor.py:179} INFO - Processing /Users/vaish/databorn_etl_project/retail_etl/etl_pipeline_project/venv/lib/python3.10/site-packages/airflow/example_dags/example_dag_decorator.py took 1.256 seconds
[2025-07-04T14:18:52.668+0530] {processor.py:157} INFO - Started process (PID=12882) to work on /Users/vaish/databorn_etl_project/retail_etl/etl_pipeline_project/venv/lib/python3.10/site-packages/airflow/example_dags/example_dag_decorator.py
[2025-07-04T14:18:52.669+0530] {processor.py:829} INFO - Processing file /Users/vaish/databorn_etl_project/retail_etl/etl_pipeline_project/venv/lib/python3.10/site-packages/airflow/example_dags/example_dag_decorator.py for tasks to queue
[2025-07-04T14:18:52.669+0530] {logging_mixin.py:154} INFO - [2025-07-04T14:18:52.669+0530] {dagbag.py:536} INFO - Filling up the DagBag from /Users/vaish/databorn_etl_project/retail_etl/etl_pipeline_project/venv/lib/python3.10/site-packages/airflow/example_dags/example_dag_decorator.py
[2025-07-04T14:18:52.858+0530] {processor.py:839} INFO - DAG(s) dict_keys(['example_dag_decorator']) retrieved from /Users/vaish/databorn_etl_project/retail_etl/etl_pipeline_project/venv/lib/python3.10/site-packages/airflow/example_dags/example_dag_decorator.py
[2025-07-04T14:18:53.522+0530] {logging_mixin.py:154} INFO - [2025-07-04T14:18:53.522+0530] {dag.py:2941} INFO - Sync 1 DAGs
[2025-07-04T14:18:53.532+0530] {logging_mixin.py:154} INFO - [2025-07-04T14:18:53.532+0530] {dag.py:3722} INFO - Setting next_dagrun for example_dag_decorator to None, run_after=None
[2025-07-04T14:18:53.560+0530] {processor.py:179} INFO - Processing /Users/vaish/databorn_etl_project/retail_etl/etl_pipeline_project/venv/lib/python3.10/site-packages/airflow/example_dags/example_dag_decorator.py took 0.894 seconds
[2025-07-04T14:22:05.803+0530] {processor.py:157} INFO - Started process (PID=13206) to work on /Users/vaish/databorn_etl_project/retail_etl/etl_pipeline_project/venv/lib/python3.10/site-packages/airflow/example_dags/example_dag_decorator.py
[2025-07-04T14:22:05.804+0530] {processor.py:829} INFO - Processing file /Users/vaish/databorn_etl_project/retail_etl/etl_pipeline_project/venv/lib/python3.10/site-packages/airflow/example_dags/example_dag_decorator.py for tasks to queue
[2025-07-04T14:22:05.804+0530] {logging_mixin.py:154} INFO - [2025-07-04T14:22:05.804+0530] {dagbag.py:536} INFO - Filling up the DagBag from /Users/vaish/databorn_etl_project/retail_etl/etl_pipeline_project/venv/lib/python3.10/site-packages/airflow/example_dags/example_dag_decorator.py
[2025-07-04T14:22:06.054+0530] {processor.py:839} INFO - DAG(s) dict_keys(['example_dag_decorator']) retrieved from /Users/vaish/databorn_etl_project/retail_etl/etl_pipeline_project/venv/lib/python3.10/site-packages/airflow/example_dags/example_dag_decorator.py
[2025-07-04T14:22:06.994+0530] {logging_mixin.py:154} INFO - [2025-07-04T14:22:06.993+0530] {dag.py:2941} INFO - Sync 1 DAGs
[2025-07-04T14:22:07.006+0530] {logging_mixin.py:154} INFO - [2025-07-04T14:22:07.006+0530] {dag.py:3722} INFO - Setting next_dagrun for example_dag_decorator to None, run_after=None
[2025-07-04T14:22:07.035+0530] {processor.py:179} INFO - Processing /Users/vaish/databorn_etl_project/retail_etl/etl_pipeline_project/venv/lib/python3.10/site-packages/airflow/example_dags/example_dag_decorator.py took 1.233 seconds
[2025-07-04T14:25:31.604+0530] {processor.py:157} INFO - Started process (PID=13592) to work on /Users/vaish/databorn_etl_project/retail_etl/etl_pipeline_project/venv/lib/python3.10/site-packages/airflow/example_dags/example_dag_decorator.py
[2025-07-04T14:25:31.605+0530] {processor.py:829} INFO - Processing file /Users/vaish/databorn_etl_project/retail_etl/etl_pipeline_project/venv/lib/python3.10/site-packages/airflow/example_dags/example_dag_decorator.py for tasks to queue
[2025-07-04T14:25:31.606+0530] {logging_mixin.py:154} INFO - [2025-07-04T14:25:31.605+0530] {dagbag.py:536} INFO - Filling up the DagBag from /Users/vaish/databorn_etl_project/retail_etl/etl_pipeline_project/venv/lib/python3.10/site-packages/airflow/example_dags/example_dag_decorator.py
[2025-07-04T14:25:31.807+0530] {processor.py:839} INFO - DAG(s) dict_keys(['example_dag_decorator']) retrieved from /Users/vaish/databorn_etl_project/retail_etl/etl_pipeline_project/venv/lib/python3.10/site-packages/airflow/example_dags/example_dag_decorator.py
[2025-07-04T14:25:32.501+0530] {logging_mixin.py:154} INFO - [2025-07-04T14:25:32.500+0530] {dag.py:2941} INFO - Sync 1 DAGs
[2025-07-04T14:25:32.513+0530] {logging_mixin.py:154} INFO - [2025-07-04T14:25:32.512+0530] {dag.py:3722} INFO - Setting next_dagrun for example_dag_decorator to None, run_after=None
[2025-07-04T14:25:32.539+0530] {processor.py:179} INFO - Processing /Users/vaish/databorn_etl_project/retail_etl/etl_pipeline_project/venv/lib/python3.10/site-packages/airflow/example_dags/example_dag_decorator.py took 0.936 seconds
[2025-07-04T14:29:04.469+0530] {processor.py:157} INFO - Started process (PID=13884) to work on /Users/vaish/databorn_etl_project/retail_etl/etl_pipeline_project/venv/lib/python3.10/site-packages/airflow/example_dags/example_dag_decorator.py
[2025-07-04T14:29:04.476+0530] {processor.py:829} INFO - Processing file /Users/vaish/databorn_etl_project/retail_etl/etl_pipeline_project/venv/lib/python3.10/site-packages/airflow/example_dags/example_dag_decorator.py for tasks to queue
[2025-07-04T14:29:04.477+0530] {logging_mixin.py:154} INFO - [2025-07-04T14:29:04.477+0530] {dagbag.py:536} INFO - Filling up the DagBag from /Users/vaish/databorn_etl_project/retail_etl/etl_pipeline_project/venv/lib/python3.10/site-packages/airflow/example_dags/example_dag_decorator.py
[2025-07-04T14:29:04.729+0530] {processor.py:839} INFO - DAG(s) dict_keys(['example_dag_decorator']) retrieved from /Users/vaish/databorn_etl_project/retail_etl/etl_pipeline_project/venv/lib/python3.10/site-packages/airflow/example_dags/example_dag_decorator.py
[2025-07-04T14:29:05.699+0530] {logging_mixin.py:154} INFO - [2025-07-04T14:29:05.699+0530] {dag.py:2941} INFO - Sync 1 DAGs
[2025-07-04T14:29:05.709+0530] {logging_mixin.py:154} INFO - [2025-07-04T14:29:05.709+0530] {dag.py:3722} INFO - Setting next_dagrun for example_dag_decorator to None, run_after=None
[2025-07-04T14:29:05.735+0530] {processor.py:179} INFO - Processing /Users/vaish/databorn_etl_project/retail_etl/etl_pipeline_project/venv/lib/python3.10/site-packages/airflow/example_dags/example_dag_decorator.py took 1.267 seconds
[2025-07-04T14:34:04.033+0530] {processor.py:157} INFO - Started process (PID=14596) to work on /Users/vaish/databorn_etl_project/retail_etl/etl_pipeline_project/venv/lib/python3.10/site-packages/airflow/example_dags/example_dag_decorator.py
[2025-07-04T14:34:04.039+0530] {processor.py:829} INFO - Processing file /Users/vaish/databorn_etl_project/retail_etl/etl_pipeline_project/venv/lib/python3.10/site-packages/airflow/example_dags/example_dag_decorator.py for tasks to queue
[2025-07-04T14:34:04.040+0530] {logging_mixin.py:154} INFO - [2025-07-04T14:34:04.040+0530] {dagbag.py:536} INFO - Filling up the DagBag from /Users/vaish/databorn_etl_project/retail_etl/etl_pipeline_project/venv/lib/python3.10/site-packages/airflow/example_dags/example_dag_decorator.py
[2025-07-04T14:34:04.266+0530] {processor.py:839} INFO - DAG(s) dict_keys(['example_dag_decorator']) retrieved from /Users/vaish/databorn_etl_project/retail_etl/etl_pipeline_project/venv/lib/python3.10/site-packages/airflow/example_dags/example_dag_decorator.py
[2025-07-04T14:34:04.958+0530] {logging_mixin.py:154} INFO - [2025-07-04T14:34:04.957+0530] {dag.py:2941} INFO - Sync 1 DAGs
[2025-07-04T14:34:04.968+0530] {logging_mixin.py:154} INFO - [2025-07-04T14:34:04.967+0530] {dag.py:3722} INFO - Setting next_dagrun for example_dag_decorator to None, run_after=None
[2025-07-04T14:34:04.999+0530] {processor.py:179} INFO - Processing /Users/vaish/databorn_etl_project/retail_etl/etl_pipeline_project/venv/lib/python3.10/site-packages/airflow/example_dags/example_dag_decorator.py took 0.967 seconds
[2025-07-04T14:36:10.643+0530] {processor.py:157} INFO - Started process (PID=14962) to work on /Users/vaish/databorn_etl_project/retail_etl/etl_pipeline_project/venv/lib/python3.10/site-packages/airflow/example_dags/example_dag_decorator.py
[2025-07-04T14:36:10.650+0530] {processor.py:829} INFO - Processing file /Users/vaish/databorn_etl_project/retail_etl/etl_pipeline_project/venv/lib/python3.10/site-packages/airflow/example_dags/example_dag_decorator.py for tasks to queue
[2025-07-04T14:36:10.651+0530] {logging_mixin.py:154} INFO - [2025-07-04T14:36:10.651+0530] {dagbag.py:536} INFO - Filling up the DagBag from /Users/vaish/databorn_etl_project/retail_etl/etl_pipeline_project/venv/lib/python3.10/site-packages/airflow/example_dags/example_dag_decorator.py
[2025-07-04T14:36:10.913+0530] {processor.py:839} INFO - DAG(s) dict_keys(['example_dag_decorator']) retrieved from /Users/vaish/databorn_etl_project/retail_etl/etl_pipeline_project/venv/lib/python3.10/site-packages/airflow/example_dags/example_dag_decorator.py
[2025-07-04T14:36:11.629+0530] {logging_mixin.py:154} INFO - [2025-07-04T14:36:11.628+0530] {dag.py:2941} INFO - Sync 1 DAGs
[2025-07-04T14:36:11.639+0530] {logging_mixin.py:154} INFO - [2025-07-04T14:36:11.639+0530] {dag.py:3722} INFO - Setting next_dagrun for example_dag_decorator to None, run_after=None
[2025-07-04T14:36:11.662+0530] {processor.py:179} INFO - Processing /Users/vaish/databorn_etl_project/retail_etl/etl_pipeline_project/venv/lib/python3.10/site-packages/airflow/example_dags/example_dag_decorator.py took 1.020 seconds
[2025-07-04T14:37:28.127+0530] {processor.py:157} INFO - Started process (PID=15129) to work on /Users/vaish/databorn_etl_project/retail_etl/etl_pipeline_project/venv/lib/python3.10/site-packages/airflow/example_dags/example_dag_decorator.py
[2025-07-04T14:37:28.128+0530] {processor.py:829} INFO - Processing file /Users/vaish/databorn_etl_project/retail_etl/etl_pipeline_project/venv/lib/python3.10/site-packages/airflow/example_dags/example_dag_decorator.py for tasks to queue
[2025-07-04T14:37:28.128+0530] {logging_mixin.py:154} INFO - [2025-07-04T14:37:28.128+0530] {dagbag.py:536} INFO - Filling up the DagBag from /Users/vaish/databorn_etl_project/retail_etl/etl_pipeline_project/venv/lib/python3.10/site-packages/airflow/example_dags/example_dag_decorator.py
[2025-07-04T14:37:28.313+0530] {processor.py:839} INFO - DAG(s) dict_keys(['example_dag_decorator']) retrieved from /Users/vaish/databorn_etl_project/retail_etl/etl_pipeline_project/venv/lib/python3.10/site-packages/airflow/example_dags/example_dag_decorator.py
[2025-07-04T14:37:28.944+0530] {logging_mixin.py:154} INFO - [2025-07-04T14:37:28.944+0530] {dag.py:2941} INFO - Sync 1 DAGs
[2025-07-04T14:37:28.954+0530] {logging_mixin.py:154} INFO - [2025-07-04T14:37:28.954+0530] {dag.py:3722} INFO - Setting next_dagrun for example_dag_decorator to None, run_after=None
[2025-07-04T14:37:28.982+0530] {processor.py:179} INFO - Processing /Users/vaish/databorn_etl_project/retail_etl/etl_pipeline_project/venv/lib/python3.10/site-packages/airflow/example_dags/example_dag_decorator.py took 0.857 seconds
[2025-07-04T14:39:32.033+0530] {processor.py:157} INFO - Started process (PID=15520) to work on /Users/vaish/databorn_etl_project/retail_etl/etl_pipeline_project/venv/lib/python3.10/site-packages/airflow/example_dags/example_dag_decorator.py
[2025-07-04T14:39:32.034+0530] {processor.py:829} INFO - Processing file /Users/vaish/databorn_etl_project/retail_etl/etl_pipeline_project/venv/lib/python3.10/site-packages/airflow/example_dags/example_dag_decorator.py for tasks to queue
[2025-07-04T14:39:32.034+0530] {logging_mixin.py:154} INFO - [2025-07-04T14:39:32.034+0530] {dagbag.py:536} INFO - Filling up the DagBag from /Users/vaish/databorn_etl_project/retail_etl/etl_pipeline_project/venv/lib/python3.10/site-packages/airflow/example_dags/example_dag_decorator.py
[2025-07-04T14:39:32.271+0530] {processor.py:839} INFO - DAG(s) dict_keys(['example_dag_decorator']) retrieved from /Users/vaish/databorn_etl_project/retail_etl/etl_pipeline_project/venv/lib/python3.10/site-packages/airflow/example_dags/example_dag_decorator.py
[2025-07-04T14:39:33.241+0530] {logging_mixin.py:154} INFO - [2025-07-04T14:39:33.241+0530] {dag.py:2941} INFO - Sync 1 DAGs
[2025-07-04T14:39:33.252+0530] {logging_mixin.py:154} INFO - [2025-07-04T14:39:33.252+0530] {dag.py:3722} INFO - Setting next_dagrun for example_dag_decorator to None, run_after=None
[2025-07-04T14:39:33.278+0530] {processor.py:179} INFO - Processing /Users/vaish/databorn_etl_project/retail_etl/etl_pipeline_project/venv/lib/python3.10/site-packages/airflow/example_dags/example_dag_decorator.py took 1.247 seconds
[2025-07-04T14:40:53.125+0530] {processor.py:157} INFO - Started process (PID=15695) to work on /Users/vaish/databorn_etl_project/retail_etl/etl_pipeline_project/venv/lib/python3.10/site-packages/airflow/example_dags/example_dag_decorator.py
[2025-07-04T14:40:53.126+0530] {processor.py:829} INFO - Processing file /Users/vaish/databorn_etl_project/retail_etl/etl_pipeline_project/venv/lib/python3.10/site-packages/airflow/example_dags/example_dag_decorator.py for tasks to queue
[2025-07-04T14:40:53.127+0530] {logging_mixin.py:154} INFO - [2025-07-04T14:40:53.127+0530] {dagbag.py:536} INFO - Filling up the DagBag from /Users/vaish/databorn_etl_project/retail_etl/etl_pipeline_project/venv/lib/python3.10/site-packages/airflow/example_dags/example_dag_decorator.py
[2025-07-04T14:40:53.337+0530] {processor.py:839} INFO - DAG(s) dict_keys(['example_dag_decorator']) retrieved from /Users/vaish/databorn_etl_project/retail_etl/etl_pipeline_project/venv/lib/python3.10/site-packages/airflow/example_dags/example_dag_decorator.py
[2025-07-04T14:40:54.059+0530] {logging_mixin.py:154} INFO - [2025-07-04T14:40:54.058+0530] {dag.py:2941} INFO - Sync 1 DAGs
[2025-07-04T14:40:54.069+0530] {logging_mixin.py:154} INFO - [2025-07-04T14:40:54.069+0530] {dag.py:3722} INFO - Setting next_dagrun for example_dag_decorator to None, run_after=None
[2025-07-04T14:40:54.097+0530] {processor.py:179} INFO - Processing /Users/vaish/databorn_etl_project/retail_etl/etl_pipeline_project/venv/lib/python3.10/site-packages/airflow/example_dags/example_dag_decorator.py took 0.973 seconds
[2025-07-04T14:43:05.730+0530] {processor.py:157} INFO - Started process (PID=16002) to work on /Users/vaish/databorn_etl_project/retail_etl/etl_pipeline_project/venv/lib/python3.10/site-packages/airflow/example_dags/example_dag_decorator.py
[2025-07-04T14:43:05.731+0530] {processor.py:829} INFO - Processing file /Users/vaish/databorn_etl_project/retail_etl/etl_pipeline_project/venv/lib/python3.10/site-packages/airflow/example_dags/example_dag_decorator.py for tasks to queue
[2025-07-04T14:43:05.732+0530] {logging_mixin.py:154} INFO - [2025-07-04T14:43:05.732+0530] {dagbag.py:536} INFO - Filling up the DagBag from /Users/vaish/databorn_etl_project/retail_etl/etl_pipeline_project/venv/lib/python3.10/site-packages/airflow/example_dags/example_dag_decorator.py
[2025-07-04T14:43:05.994+0530] {processor.py:839} INFO - DAG(s) dict_keys(['example_dag_decorator']) retrieved from /Users/vaish/databorn_etl_project/retail_etl/etl_pipeline_project/venv/lib/python3.10/site-packages/airflow/example_dags/example_dag_decorator.py
[2025-07-04T14:43:06.867+0530] {logging_mixin.py:154} INFO - [2025-07-04T14:43:06.867+0530] {dag.py:2941} INFO - Sync 1 DAGs
[2025-07-04T14:43:06.878+0530] {logging_mixin.py:154} INFO - [2025-07-04T14:43:06.878+0530] {dag.py:3722} INFO - Setting next_dagrun for example_dag_decorator to None, run_after=None
[2025-07-04T14:43:06.903+0530] {processor.py:179} INFO - Processing /Users/vaish/databorn_etl_project/retail_etl/etl_pipeline_project/venv/lib/python3.10/site-packages/airflow/example_dags/example_dag_decorator.py took 1.174 seconds
[2025-07-04T14:43:56.247+0530] {processor.py:157} INFO - Started process (PID=16116) to work on /Users/vaish/databorn_etl_project/retail_etl/etl_pipeline_project/venv/lib/python3.10/site-packages/airflow/example_dags/example_dag_decorator.py
[2025-07-04T14:43:56.248+0530] {processor.py:829} INFO - Processing file /Users/vaish/databorn_etl_project/retail_etl/etl_pipeline_project/venv/lib/python3.10/site-packages/airflow/example_dags/example_dag_decorator.py for tasks to queue
[2025-07-04T14:43:56.249+0530] {logging_mixin.py:154} INFO - [2025-07-04T14:43:56.249+0530] {dagbag.py:536} INFO - Filling up the DagBag from /Users/vaish/databorn_etl_project/retail_etl/etl_pipeline_project/venv/lib/python3.10/site-packages/airflow/example_dags/example_dag_decorator.py
[2025-07-04T14:43:56.458+0530] {processor.py:839} INFO - DAG(s) dict_keys(['example_dag_decorator']) retrieved from /Users/vaish/databorn_etl_project/retail_etl/etl_pipeline_project/venv/lib/python3.10/site-packages/airflow/example_dags/example_dag_decorator.py
[2025-07-04T14:43:57.252+0530] {logging_mixin.py:154} INFO - [2025-07-04T14:43:57.251+0530] {dag.py:2941} INFO - Sync 1 DAGs
[2025-07-04T14:43:57.265+0530] {logging_mixin.py:154} INFO - [2025-07-04T14:43:57.264+0530] {dag.py:3722} INFO - Setting next_dagrun for example_dag_decorator to None, run_after=None
[2025-07-04T14:43:57.294+0530] {processor.py:179} INFO - Processing /Users/vaish/databorn_etl_project/retail_etl/etl_pipeline_project/venv/lib/python3.10/site-packages/airflow/example_dags/example_dag_decorator.py took 1.049 seconds
[2025-07-04T14:46:32.793+0530] {processor.py:157} INFO - Started process (PID=16601) to work on /Users/vaish/databorn_etl_project/retail_etl/etl_pipeline_project/venv/lib/python3.10/site-packages/airflow/example_dags/example_dag_decorator.py
[2025-07-04T14:46:32.800+0530] {processor.py:829} INFO - Processing file /Users/vaish/databorn_etl_project/retail_etl/etl_pipeline_project/venv/lib/python3.10/site-packages/airflow/example_dags/example_dag_decorator.py for tasks to queue
[2025-07-04T14:46:32.801+0530] {logging_mixin.py:154} INFO - [2025-07-04T14:46:32.801+0530] {dagbag.py:536} INFO - Filling up the DagBag from /Users/vaish/databorn_etl_project/retail_etl/etl_pipeline_project/venv/lib/python3.10/site-packages/airflow/example_dags/example_dag_decorator.py
[2025-07-04T14:46:33.020+0530] {processor.py:839} INFO - DAG(s) dict_keys(['example_dag_decorator']) retrieved from /Users/vaish/databorn_etl_project/retail_etl/etl_pipeline_project/venv/lib/python3.10/site-packages/airflow/example_dags/example_dag_decorator.py
[2025-07-04T14:46:33.713+0530] {logging_mixin.py:154} INFO - [2025-07-04T14:46:33.712+0530] {dag.py:2941} INFO - Sync 1 DAGs
[2025-07-04T14:46:33.722+0530] {logging_mixin.py:154} INFO - [2025-07-04T14:46:33.722+0530] {dag.py:3722} INFO - Setting next_dagrun for example_dag_decorator to None, run_after=None
[2025-07-04T14:46:33.746+0530] {processor.py:179} INFO - Processing /Users/vaish/databorn_etl_project/retail_etl/etl_pipeline_project/venv/lib/python3.10/site-packages/airflow/example_dags/example_dag_decorator.py took 0.954 seconds
[2025-07-04T14:49:05.019+0530] {processor.py:157} INFO - Started process (PID=16970) to work on /Users/vaish/databorn_etl_project/retail_etl/etl_pipeline_project/venv/lib/python3.10/site-packages/airflow/example_dags/example_dag_decorator.py
[2025-07-04T14:49:05.020+0530] {processor.py:829} INFO - Processing file /Users/vaish/databorn_etl_project/retail_etl/etl_pipeline_project/venv/lib/python3.10/site-packages/airflow/example_dags/example_dag_decorator.py for tasks to queue
[2025-07-04T14:49:05.020+0530] {logging_mixin.py:154} INFO - [2025-07-04T14:49:05.020+0530] {dagbag.py:536} INFO - Filling up the DagBag from /Users/vaish/databorn_etl_project/retail_etl/etl_pipeline_project/venv/lib/python3.10/site-packages/airflow/example_dags/example_dag_decorator.py
[2025-07-04T14:49:05.272+0530] {processor.py:839} INFO - DAG(s) dict_keys(['example_dag_decorator']) retrieved from /Users/vaish/databorn_etl_project/retail_etl/etl_pipeline_project/venv/lib/python3.10/site-packages/airflow/example_dags/example_dag_decorator.py
[2025-07-04T14:49:06.290+0530] {logging_mixin.py:154} INFO - [2025-07-04T14:49:06.290+0530] {dag.py:2941} INFO - Sync 1 DAGs
[2025-07-04T14:49:06.301+0530] {logging_mixin.py:154} INFO - [2025-07-04T14:49:06.301+0530] {dag.py:3722} INFO - Setting next_dagrun for example_dag_decorator to None, run_after=None
[2025-07-04T14:49:06.326+0530] {processor.py:179} INFO - Processing /Users/vaish/databorn_etl_project/retail_etl/etl_pipeline_project/venv/lib/python3.10/site-packages/airflow/example_dags/example_dag_decorator.py took 1.309 seconds
[2025-07-04T14:49:56.118+0530] {processor.py:157} INFO - Started process (PID=17085) to work on /Users/vaish/databorn_etl_project/retail_etl/etl_pipeline_project/venv/lib/python3.10/site-packages/airflow/example_dags/example_dag_decorator.py
[2025-07-04T14:49:56.119+0530] {processor.py:829} INFO - Processing file /Users/vaish/databorn_etl_project/retail_etl/etl_pipeline_project/venv/lib/python3.10/site-packages/airflow/example_dags/example_dag_decorator.py for tasks to queue
[2025-07-04T14:49:56.120+0530] {logging_mixin.py:154} INFO - [2025-07-04T14:49:56.120+0530] {dagbag.py:536} INFO - Filling up the DagBag from /Users/vaish/databorn_etl_project/retail_etl/etl_pipeline_project/venv/lib/python3.10/site-packages/airflow/example_dags/example_dag_decorator.py
[2025-07-04T14:49:56.326+0530] {processor.py:839} INFO - DAG(s) dict_keys(['example_dag_decorator']) retrieved from /Users/vaish/databorn_etl_project/retail_etl/etl_pipeline_project/venv/lib/python3.10/site-packages/airflow/example_dags/example_dag_decorator.py
[2025-07-04T14:49:57.041+0530] {logging_mixin.py:154} INFO - [2025-07-04T14:49:57.040+0530] {dag.py:2941} INFO - Sync 1 DAGs
[2025-07-04T14:49:57.052+0530] {logging_mixin.py:154} INFO - [2025-07-04T14:49:57.052+0530] {dag.py:3722} INFO - Setting next_dagrun for example_dag_decorator to None, run_after=None
[2025-07-04T14:49:57.083+0530] {processor.py:179} INFO - Processing /Users/vaish/databorn_etl_project/retail_etl/etl_pipeline_project/venv/lib/python3.10/site-packages/airflow/example_dags/example_dag_decorator.py took 0.966 seconds
[2025-07-04T14:52:32.258+0530] {processor.py:157} INFO - Started process (PID=17424) to work on /Users/vaish/databorn_etl_project/retail_etl/etl_pipeline_project/venv/lib/python3.10/site-packages/airflow/example_dags/example_dag_decorator.py
[2025-07-04T14:52:32.259+0530] {processor.py:829} INFO - Processing file /Users/vaish/databorn_etl_project/retail_etl/etl_pipeline_project/venv/lib/python3.10/site-packages/airflow/example_dags/example_dag_decorator.py for tasks to queue
[2025-07-04T14:52:32.260+0530] {logging_mixin.py:154} INFO - [2025-07-04T14:52:32.260+0530] {dagbag.py:536} INFO - Filling up the DagBag from /Users/vaish/databorn_etl_project/retail_etl/etl_pipeline_project/venv/lib/python3.10/site-packages/airflow/example_dags/example_dag_decorator.py
[2025-07-04T14:52:32.473+0530] {processor.py:839} INFO - DAG(s) dict_keys(['example_dag_decorator']) retrieved from /Users/vaish/databorn_etl_project/retail_etl/etl_pipeline_project/venv/lib/python3.10/site-packages/airflow/example_dags/example_dag_decorator.py
[2025-07-04T14:52:33.216+0530] {logging_mixin.py:154} INFO - [2025-07-04T14:52:33.216+0530] {dag.py:2941} INFO - Sync 1 DAGs
[2025-07-04T14:52:33.226+0530] {logging_mixin.py:154} INFO - [2025-07-04T14:52:33.226+0530] {dag.py:3722} INFO - Setting next_dagrun for example_dag_decorator to None, run_after=None
[2025-07-04T14:52:33.253+0530] {processor.py:179} INFO - Processing /Users/vaish/databorn_etl_project/retail_etl/etl_pipeline_project/venv/lib/python3.10/site-packages/airflow/example_dags/example_dag_decorator.py took 0.996 seconds
[2025-07-04T14:53:28.994+0530] {processor.py:157} INFO - Started process (PID=17549) to work on /Users/vaish/databorn_etl_project/retail_etl/etl_pipeline_project/venv/lib/python3.10/site-packages/airflow/example_dags/example_dag_decorator.py
[2025-07-04T14:53:28.996+0530] {processor.py:829} INFO - Processing file /Users/vaish/databorn_etl_project/retail_etl/etl_pipeline_project/venv/lib/python3.10/site-packages/airflow/example_dags/example_dag_decorator.py for tasks to queue
[2025-07-04T14:53:28.996+0530] {logging_mixin.py:154} INFO - [2025-07-04T14:53:28.996+0530] {dagbag.py:536} INFO - Filling up the DagBag from /Users/vaish/databorn_etl_project/retail_etl/etl_pipeline_project/venv/lib/python3.10/site-packages/airflow/example_dags/example_dag_decorator.py
[2025-07-04T14:53:29.239+0530] {processor.py:839} INFO - DAG(s) dict_keys(['example_dag_decorator']) retrieved from /Users/vaish/databorn_etl_project/retail_etl/etl_pipeline_project/venv/lib/python3.10/site-packages/airflow/example_dags/example_dag_decorator.py
[2025-07-04T14:53:30.208+0530] {logging_mixin.py:154} INFO - [2025-07-04T14:53:30.207+0530] {dag.py:2941} INFO - Sync 1 DAGs
[2025-07-04T14:53:30.219+0530] {logging_mixin.py:154} INFO - [2025-07-04T14:53:30.219+0530] {dag.py:3722} INFO - Setting next_dagrun for example_dag_decorator to None, run_after=None
[2025-07-04T14:53:30.246+0530] {processor.py:179} INFO - Processing /Users/vaish/databorn_etl_project/retail_etl/etl_pipeline_project/venv/lib/python3.10/site-packages/airflow/example_dags/example_dag_decorator.py took 1.253 seconds
[2025-07-04T14:55:58.280+0530] {processor.py:157} INFO - Started process (PID=17850) to work on /Users/vaish/databorn_etl_project/retail_etl/etl_pipeline_project/venv/lib/python3.10/site-packages/airflow/example_dags/example_dag_decorator.py
[2025-07-04T14:55:58.281+0530] {processor.py:829} INFO - Processing file /Users/vaish/databorn_etl_project/retail_etl/etl_pipeline_project/venv/lib/python3.10/site-packages/airflow/example_dags/example_dag_decorator.py for tasks to queue
[2025-07-04T14:55:58.281+0530] {logging_mixin.py:154} INFO - [2025-07-04T14:55:58.281+0530] {dagbag.py:536} INFO - Filling up the DagBag from /Users/vaish/databorn_etl_project/retail_etl/etl_pipeline_project/venv/lib/python3.10/site-packages/airflow/example_dags/example_dag_decorator.py
[2025-07-04T14:55:58.481+0530] {processor.py:839} INFO - DAG(s) dict_keys(['example_dag_decorator']) retrieved from /Users/vaish/databorn_etl_project/retail_etl/etl_pipeline_project/venv/lib/python3.10/site-packages/airflow/example_dags/example_dag_decorator.py
[2025-07-04T14:55:59.186+0530] {logging_mixin.py:154} INFO - [2025-07-04T14:55:59.186+0530] {dag.py:2941} INFO - Sync 1 DAGs
[2025-07-04T14:55:59.198+0530] {logging_mixin.py:154} INFO - [2025-07-04T14:55:59.198+0530] {dag.py:3722} INFO - Setting next_dagrun for example_dag_decorator to None, run_after=None
[2025-07-04T14:55:59.224+0530] {processor.py:179} INFO - Processing /Users/vaish/databorn_etl_project/retail_etl/etl_pipeline_project/venv/lib/python3.10/site-packages/airflow/example_dags/example_dag_decorator.py took 0.946 seconds
[2025-07-04T14:56:56.269+0530] {processor.py:157} INFO - Started process (PID=17964) to work on /Users/vaish/databorn_etl_project/retail_etl/etl_pipeline_project/venv/lib/python3.10/site-packages/airflow/example_dags/example_dag_decorator.py
[2025-07-04T14:56:56.270+0530] {processor.py:829} INFO - Processing file /Users/vaish/databorn_etl_project/retail_etl/etl_pipeline_project/venv/lib/python3.10/site-packages/airflow/example_dags/example_dag_decorator.py for tasks to queue
[2025-07-04T14:56:56.271+0530] {logging_mixin.py:154} INFO - [2025-07-04T14:56:56.271+0530] {dagbag.py:536} INFO - Filling up the DagBag from /Users/vaish/databorn_etl_project/retail_etl/etl_pipeline_project/venv/lib/python3.10/site-packages/airflow/example_dags/example_dag_decorator.py
[2025-07-04T14:56:56.469+0530] {processor.py:839} INFO - DAG(s) dict_keys(['example_dag_decorator']) retrieved from /Users/vaish/databorn_etl_project/retail_etl/etl_pipeline_project/venv/lib/python3.10/site-packages/airflow/example_dags/example_dag_decorator.py
[2025-07-04T14:56:57.139+0530] {logging_mixin.py:154} INFO - [2025-07-04T14:56:57.138+0530] {dag.py:2941} INFO - Sync 1 DAGs
[2025-07-04T14:56:57.149+0530] {logging_mixin.py:154} INFO - [2025-07-04T14:56:57.149+0530] {dag.py:3722} INFO - Setting next_dagrun for example_dag_decorator to None, run_after=None
[2025-07-04T14:56:57.180+0530] {processor.py:179} INFO - Processing /Users/vaish/databorn_etl_project/retail_etl/etl_pipeline_project/venv/lib/python3.10/site-packages/airflow/example_dags/example_dag_decorator.py took 0.912 seconds
[2025-07-04T14:59:21.904+0530] {processor.py:157} INFO - Started process (PID=18266) to work on /Users/vaish/databorn_etl_project/retail_etl/etl_pipeline_project/venv/lib/python3.10/site-packages/airflow/example_dags/example_dag_decorator.py
[2025-07-04T14:59:21.905+0530] {processor.py:829} INFO - Processing file /Users/vaish/databorn_etl_project/retail_etl/etl_pipeline_project/venv/lib/python3.10/site-packages/airflow/example_dags/example_dag_decorator.py for tasks to queue
[2025-07-04T14:59:21.906+0530] {logging_mixin.py:154} INFO - [2025-07-04T14:59:21.905+0530] {dagbag.py:536} INFO - Filling up the DagBag from /Users/vaish/databorn_etl_project/retail_etl/etl_pipeline_project/venv/lib/python3.10/site-packages/airflow/example_dags/example_dag_decorator.py
[2025-07-04T14:59:22.092+0530] {processor.py:839} INFO - DAG(s) dict_keys(['example_dag_decorator']) retrieved from /Users/vaish/databorn_etl_project/retail_etl/etl_pipeline_project/venv/lib/python3.10/site-packages/airflow/example_dags/example_dag_decorator.py
[2025-07-04T14:59:22.739+0530] {logging_mixin.py:154} INFO - [2025-07-04T14:59:22.739+0530] {dag.py:2941} INFO - Sync 1 DAGs
[2025-07-04T14:59:22.749+0530] {logging_mixin.py:154} INFO - [2025-07-04T14:59:22.749+0530] {dag.py:3722} INFO - Setting next_dagrun for example_dag_decorator to None, run_after=None
[2025-07-04T14:59:22.778+0530] {processor.py:179} INFO - Processing /Users/vaish/databorn_etl_project/retail_etl/etl_pipeline_project/venv/lib/python3.10/site-packages/airflow/example_dags/example_dag_decorator.py took 0.875 seconds
[2025-07-04T15:00:09.956+0530] {processor.py:157} INFO - Started process (PID=18368) to work on /Users/vaish/databorn_etl_project/retail_etl/etl_pipeline_project/venv/lib/python3.10/site-packages/airflow/example_dags/example_dag_decorator.py
[2025-07-04T15:00:09.956+0530] {processor.py:829} INFO - Processing file /Users/vaish/databorn_etl_project/retail_etl/etl_pipeline_project/venv/lib/python3.10/site-packages/airflow/example_dags/example_dag_decorator.py for tasks to queue
[2025-07-04T15:00:09.957+0530] {logging_mixin.py:154} INFO - [2025-07-04T15:00:09.957+0530] {dagbag.py:536} INFO - Filling up the DagBag from /Users/vaish/databorn_etl_project/retail_etl/etl_pipeline_project/venv/lib/python3.10/site-packages/airflow/example_dags/example_dag_decorator.py
[2025-07-04T15:00:10.145+0530] {processor.py:839} INFO - DAG(s) dict_keys(['example_dag_decorator']) retrieved from /Users/vaish/databorn_etl_project/retail_etl/etl_pipeline_project/venv/lib/python3.10/site-packages/airflow/example_dags/example_dag_decorator.py
[2025-07-04T15:00:10.801+0530] {logging_mixin.py:154} INFO - [2025-07-04T15:00:10.801+0530] {dag.py:2941} INFO - Sync 1 DAGs
[2025-07-04T15:00:10.811+0530] {logging_mixin.py:154} INFO - [2025-07-04T15:00:10.811+0530] {dag.py:3722} INFO - Setting next_dagrun for example_dag_decorator to None, run_after=None
[2025-07-04T15:00:10.840+0530] {processor.py:179} INFO - Processing /Users/vaish/databorn_etl_project/retail_etl/etl_pipeline_project/venv/lib/python3.10/site-packages/airflow/example_dags/example_dag_decorator.py took 0.886 seconds
[2025-07-04T15:02:35.249+0530] {processor.py:157} INFO - Started process (PID=18725) to work on /Users/vaish/databorn_etl_project/retail_etl/etl_pipeline_project/venv/lib/python3.10/site-packages/airflow/example_dags/example_dag_decorator.py
[2025-07-04T15:02:35.250+0530] {processor.py:829} INFO - Processing file /Users/vaish/databorn_etl_project/retail_etl/etl_pipeline_project/venv/lib/python3.10/site-packages/airflow/example_dags/example_dag_decorator.py for tasks to queue
[2025-07-04T15:02:35.251+0530] {logging_mixin.py:154} INFO - [2025-07-04T15:02:35.251+0530] {dagbag.py:536} INFO - Filling up the DagBag from /Users/vaish/databorn_etl_project/retail_etl/etl_pipeline_project/venv/lib/python3.10/site-packages/airflow/example_dags/example_dag_decorator.py
[2025-07-04T15:02:35.525+0530] {processor.py:839} INFO - DAG(s) dict_keys(['example_dag_decorator']) retrieved from /Users/vaish/databorn_etl_project/retail_etl/etl_pipeline_project/venv/lib/python3.10/site-packages/airflow/example_dags/example_dag_decorator.py
[2025-07-04T15:02:36.502+0530] {logging_mixin.py:154} INFO - [2025-07-04T15:02:36.501+0530] {dag.py:2941} INFO - Sync 1 DAGs
[2025-07-04T15:02:36.515+0530] {logging_mixin.py:154} INFO - [2025-07-04T15:02:36.515+0530] {dag.py:3722} INFO - Setting next_dagrun for example_dag_decorator to None, run_after=None
[2025-07-04T15:02:36.546+0530] {processor.py:179} INFO - Processing /Users/vaish/databorn_etl_project/retail_etl/etl_pipeline_project/venv/lib/python3.10/site-packages/airflow/example_dags/example_dag_decorator.py took 1.298 seconds
[2025-07-04T15:03:40.799+0530] {processor.py:157} INFO - Started process (PID=18901) to work on /Users/vaish/databorn_etl_project/retail_etl/etl_pipeline_project/venv/lib/python3.10/site-packages/airflow/example_dags/example_dag_decorator.py
[2025-07-04T15:03:40.800+0530] {processor.py:829} INFO - Processing file /Users/vaish/databorn_etl_project/retail_etl/etl_pipeline_project/venv/lib/python3.10/site-packages/airflow/example_dags/example_dag_decorator.py for tasks to queue
[2025-07-04T15:03:40.801+0530] {logging_mixin.py:154} INFO - [2025-07-04T15:03:40.801+0530] {dagbag.py:536} INFO - Filling up the DagBag from /Users/vaish/databorn_etl_project/retail_etl/etl_pipeline_project/venv/lib/python3.10/site-packages/airflow/example_dags/example_dag_decorator.py
[2025-07-04T15:03:41.033+0530] {processor.py:839} INFO - DAG(s) dict_keys(['example_dag_decorator']) retrieved from /Users/vaish/databorn_etl_project/retail_etl/etl_pipeline_project/venv/lib/python3.10/site-packages/airflow/example_dags/example_dag_decorator.py
[2025-07-04T15:03:41.814+0530] {logging_mixin.py:154} INFO - [2025-07-04T15:03:41.813+0530] {dag.py:2941} INFO - Sync 1 DAGs
[2025-07-04T15:03:41.824+0530] {logging_mixin.py:154} INFO - [2025-07-04T15:03:41.823+0530] {dag.py:3722} INFO - Setting next_dagrun for example_dag_decorator to None, run_after=None
[2025-07-04T15:03:41.849+0530] {processor.py:179} INFO - Processing /Users/vaish/databorn_etl_project/retail_etl/etl_pipeline_project/venv/lib/python3.10/site-packages/airflow/example_dags/example_dag_decorator.py took 1.053 seconds
[2025-07-04T15:07:12.194+0530] {processor.py:157} INFO - Started process (PID=19360) to work on /Users/vaish/databorn_etl_project/retail_etl/etl_pipeline_project/venv/lib/python3.10/site-packages/airflow/example_dags/example_dag_decorator.py
[2025-07-04T15:07:12.196+0530] {processor.py:829} INFO - Processing file /Users/vaish/databorn_etl_project/retail_etl/etl_pipeline_project/venv/lib/python3.10/site-packages/airflow/example_dags/example_dag_decorator.py for tasks to queue
[2025-07-04T15:07:12.197+0530] {logging_mixin.py:154} INFO - [2025-07-04T15:07:12.197+0530] {dagbag.py:536} INFO - Filling up the DagBag from /Users/vaish/databorn_etl_project/retail_etl/etl_pipeline_project/venv/lib/python3.10/site-packages/airflow/example_dags/example_dag_decorator.py
[2025-07-04T15:07:12.686+0530] {processor.py:839} INFO - DAG(s) dict_keys(['example_dag_decorator']) retrieved from /Users/vaish/databorn_etl_project/retail_etl/etl_pipeline_project/venv/lib/python3.10/site-packages/airflow/example_dags/example_dag_decorator.py
[2025-07-04T15:07:14.016+0530] {logging_mixin.py:154} INFO - [2025-07-04T15:07:14.016+0530] {dag.py:2941} INFO - Sync 1 DAGs
[2025-07-04T15:07:14.029+0530] {logging_mixin.py:154} INFO - [2025-07-04T15:07:14.029+0530] {dag.py:3722} INFO - Setting next_dagrun for example_dag_decorator to None, run_after=None
[2025-07-04T15:07:14.058+0530] {processor.py:179} INFO - Processing /Users/vaish/databorn_etl_project/retail_etl/etl_pipeline_project/venv/lib/python3.10/site-packages/airflow/example_dags/example_dag_decorator.py took 1.867 seconds
[2025-07-04T15:10:50.320+0530] {processor.py:157} INFO - Started process (PID=19765) to work on /Users/vaish/databorn_etl_project/retail_etl/etl_pipeline_project/venv/lib/python3.10/site-packages/airflow/example_dags/example_dag_decorator.py
[2025-07-04T15:10:50.321+0530] {processor.py:829} INFO - Processing file /Users/vaish/databorn_etl_project/retail_etl/etl_pipeline_project/venv/lib/python3.10/site-packages/airflow/example_dags/example_dag_decorator.py for tasks to queue
[2025-07-04T15:10:50.322+0530] {logging_mixin.py:154} INFO - [2025-07-04T15:10:50.322+0530] {dagbag.py:536} INFO - Filling up the DagBag from /Users/vaish/databorn_etl_project/retail_etl/etl_pipeline_project/venv/lib/python3.10/site-packages/airflow/example_dags/example_dag_decorator.py
[2025-07-04T15:10:50.585+0530] {processor.py:839} INFO - DAG(s) dict_keys(['example_dag_decorator']) retrieved from /Users/vaish/databorn_etl_project/retail_etl/etl_pipeline_project/venv/lib/python3.10/site-packages/airflow/example_dags/example_dag_decorator.py
[2025-07-04T15:10:51.688+0530] {logging_mixin.py:154} INFO - [2025-07-04T15:10:51.688+0530] {dag.py:2941} INFO - Sync 1 DAGs
[2025-07-04T15:10:51.697+0530] {logging_mixin.py:154} INFO - [2025-07-04T15:10:51.697+0530] {dag.py:3722} INFO - Setting next_dagrun for example_dag_decorator to None, run_after=None
[2025-07-04T15:10:51.722+0530] {processor.py:179} INFO - Processing /Users/vaish/databorn_etl_project/retail_etl/etl_pipeline_project/venv/lib/python3.10/site-packages/airflow/example_dags/example_dag_decorator.py took 1.404 seconds
[2025-07-04T15:14:13.181+0530] {processor.py:157} INFO - Started process (PID=20089) to work on /Users/vaish/databorn_etl_project/retail_etl/etl_pipeline_project/venv/lib/python3.10/site-packages/airflow/example_dags/example_dag_decorator.py
[2025-07-04T15:14:13.188+0530] {processor.py:829} INFO - Processing file /Users/vaish/databorn_etl_project/retail_etl/etl_pipeline_project/venv/lib/python3.10/site-packages/airflow/example_dags/example_dag_decorator.py for tasks to queue
[2025-07-04T15:14:13.189+0530] {logging_mixin.py:154} INFO - [2025-07-04T15:14:13.188+0530] {dagbag.py:536} INFO - Filling up the DagBag from /Users/vaish/databorn_etl_project/retail_etl/etl_pipeline_project/venv/lib/python3.10/site-packages/airflow/example_dags/example_dag_decorator.py
[2025-07-04T15:14:13.442+0530] {processor.py:839} INFO - DAG(s) dict_keys(['example_dag_decorator']) retrieved from /Users/vaish/databorn_etl_project/retail_etl/etl_pipeline_project/venv/lib/python3.10/site-packages/airflow/example_dags/example_dag_decorator.py
[2025-07-04T15:14:14.428+0530] {logging_mixin.py:154} INFO - [2025-07-04T15:14:14.427+0530] {dag.py:2941} INFO - Sync 1 DAGs
[2025-07-04T15:14:14.439+0530] {logging_mixin.py:154} INFO - [2025-07-04T15:14:14.438+0530] {dag.py:3722} INFO - Setting next_dagrun for example_dag_decorator to None, run_after=None
[2025-07-04T15:14:14.465+0530] {processor.py:179} INFO - Processing /Users/vaish/databorn_etl_project/retail_etl/etl_pipeline_project/venv/lib/python3.10/site-packages/airflow/example_dags/example_dag_decorator.py took 1.285 seconds
[2025-07-04T15:17:44.442+0530] {processor.py:157} INFO - Started process (PID=20623) to work on /Users/vaish/databorn_etl_project/retail_etl/etl_pipeline_project/venv/lib/python3.10/site-packages/airflow/example_dags/example_dag_decorator.py
[2025-07-04T15:17:44.444+0530] {processor.py:829} INFO - Processing file /Users/vaish/databorn_etl_project/retail_etl/etl_pipeline_project/venv/lib/python3.10/site-packages/airflow/example_dags/example_dag_decorator.py for tasks to queue
[2025-07-04T15:17:44.444+0530] {logging_mixin.py:154} INFO - [2025-07-04T15:17:44.444+0530] {dagbag.py:536} INFO - Filling up the DagBag from /Users/vaish/databorn_etl_project/retail_etl/etl_pipeline_project/venv/lib/python3.10/site-packages/airflow/example_dags/example_dag_decorator.py
[2025-07-04T15:17:44.637+0530] {processor.py:839} INFO - DAG(s) dict_keys(['example_dag_decorator']) retrieved from /Users/vaish/databorn_etl_project/retail_etl/etl_pipeline_project/venv/lib/python3.10/site-packages/airflow/example_dags/example_dag_decorator.py
[2025-07-04T15:17:45.294+0530] {logging_mixin.py:154} INFO - [2025-07-04T15:17:45.293+0530] {dag.py:2941} INFO - Sync 1 DAGs
[2025-07-04T15:17:45.304+0530] {logging_mixin.py:154} INFO - [2025-07-04T15:17:45.304+0530] {dag.py:3722} INFO - Setting next_dagrun for example_dag_decorator to None, run_after=None
[2025-07-04T15:17:45.336+0530] {processor.py:179} INFO - Processing /Users/vaish/databorn_etl_project/retail_etl/etl_pipeline_project/venv/lib/python3.10/site-packages/airflow/example_dags/example_dag_decorator.py took 0.895 seconds
[2025-07-04T15:21:14.761+0530] {processor.py:157} INFO - Started process (PID=21172) to work on /Users/vaish/databorn_etl_project/retail_etl/etl_pipeline_project/venv/lib/python3.10/site-packages/airflow/example_dags/example_dag_decorator.py
[2025-07-04T15:21:14.762+0530] {processor.py:829} INFO - Processing file /Users/vaish/databorn_etl_project/retail_etl/etl_pipeline_project/venv/lib/python3.10/site-packages/airflow/example_dags/example_dag_decorator.py for tasks to queue
[2025-07-04T15:21:14.763+0530] {logging_mixin.py:154} INFO - [2025-07-04T15:21:14.763+0530] {dagbag.py:536} INFO - Filling up the DagBag from /Users/vaish/databorn_etl_project/retail_etl/etl_pipeline_project/venv/lib/python3.10/site-packages/airflow/example_dags/example_dag_decorator.py
[2025-07-04T15:21:14.979+0530] {processor.py:839} INFO - DAG(s) dict_keys(['example_dag_decorator']) retrieved from /Users/vaish/databorn_etl_project/retail_etl/etl_pipeline_project/venv/lib/python3.10/site-packages/airflow/example_dags/example_dag_decorator.py
[2025-07-04T15:21:15.686+0530] {logging_mixin.py:154} INFO - [2025-07-04T15:21:15.686+0530] {dag.py:2941} INFO - Sync 1 DAGs
[2025-07-04T15:21:15.698+0530] {logging_mixin.py:154} INFO - [2025-07-04T15:21:15.697+0530] {dag.py:3722} INFO - Setting next_dagrun for example_dag_decorator to None, run_after=None
[2025-07-04T15:21:15.721+0530] {processor.py:179} INFO - Processing /Users/vaish/databorn_etl_project/retail_etl/etl_pipeline_project/venv/lib/python3.10/site-packages/airflow/example_dags/example_dag_decorator.py took 0.962 seconds
[2025-07-04T15:24:40.049+0530] {processor.py:157} INFO - Started process (PID=21676) to work on /Users/vaish/databorn_etl_project/retail_etl/etl_pipeline_project/venv/lib/python3.10/site-packages/airflow/example_dags/example_dag_decorator.py
[2025-07-04T15:24:40.056+0530] {processor.py:829} INFO - Processing file /Users/vaish/databorn_etl_project/retail_etl/etl_pipeline_project/venv/lib/python3.10/site-packages/airflow/example_dags/example_dag_decorator.py for tasks to queue
[2025-07-04T15:24:40.057+0530] {logging_mixin.py:154} INFO - [2025-07-04T15:24:40.056+0530] {dagbag.py:536} INFO - Filling up the DagBag from /Users/vaish/databorn_etl_project/retail_etl/etl_pipeline_project/venv/lib/python3.10/site-packages/airflow/example_dags/example_dag_decorator.py
[2025-07-04T15:24:40.300+0530] {processor.py:839} INFO - DAG(s) dict_keys(['example_dag_decorator']) retrieved from /Users/vaish/databorn_etl_project/retail_etl/etl_pipeline_project/venv/lib/python3.10/site-packages/airflow/example_dags/example_dag_decorator.py
[2025-07-04T15:24:41.197+0530] {logging_mixin.py:154} INFO - [2025-07-04T15:24:41.196+0530] {dag.py:2941} INFO - Sync 1 DAGs
[2025-07-04T15:24:41.207+0530] {logging_mixin.py:154} INFO - [2025-07-04T15:24:41.207+0530] {dag.py:3722} INFO - Setting next_dagrun for example_dag_decorator to None, run_after=None
[2025-07-04T15:24:41.237+0530] {processor.py:179} INFO - Processing /Users/vaish/databorn_etl_project/retail_etl/etl_pipeline_project/venv/lib/python3.10/site-packages/airflow/example_dags/example_dag_decorator.py took 1.189 seconds
[2025-07-04T15:27:51.280+0530] {processor.py:157} INFO - Started process (PID=22133) to work on /Users/vaish/databorn_etl_project/retail_etl/etl_pipeline_project/venv/lib/python3.10/site-packages/airflow/example_dags/example_dag_decorator.py
[2025-07-04T15:27:51.287+0530] {processor.py:829} INFO - Processing file /Users/vaish/databorn_etl_project/retail_etl/etl_pipeline_project/venv/lib/python3.10/site-packages/airflow/example_dags/example_dag_decorator.py for tasks to queue
[2025-07-04T15:27:51.287+0530] {logging_mixin.py:154} INFO - [2025-07-04T15:27:51.287+0530] {dagbag.py:536} INFO - Filling up the DagBag from /Users/vaish/databorn_etl_project/retail_etl/etl_pipeline_project/venv/lib/python3.10/site-packages/airflow/example_dags/example_dag_decorator.py
[2025-07-04T15:27:51.473+0530] {processor.py:839} INFO - DAG(s) dict_keys(['example_dag_decorator']) retrieved from /Users/vaish/databorn_etl_project/retail_etl/etl_pipeline_project/venv/lib/python3.10/site-packages/airflow/example_dags/example_dag_decorator.py
[2025-07-04T15:27:52.549+0530] {logging_mixin.py:154} INFO - [2025-07-04T15:27:52.549+0530] {dag.py:2941} INFO - Sync 1 DAGs
[2025-07-04T15:27:52.559+0530] {logging_mixin.py:154} INFO - [2025-07-04T15:27:52.559+0530] {dag.py:3722} INFO - Setting next_dagrun for example_dag_decorator to None, run_after=None
[2025-07-04T15:27:52.583+0530] {processor.py:179} INFO - Processing /Users/vaish/databorn_etl_project/retail_etl/etl_pipeline_project/venv/lib/python3.10/site-packages/airflow/example_dags/example_dag_decorator.py took 1.304 seconds
[2025-07-04T15:28:28.570+0530] {processor.py:157} INFO - Started process (PID=22202) to work on /Users/vaish/databorn_etl_project/retail_etl/etl_pipeline_project/venv/lib/python3.10/site-packages/airflow/example_dags/example_dag_decorator.py
[2025-07-04T15:28:28.570+0530] {processor.py:829} INFO - Processing file /Users/vaish/databorn_etl_project/retail_etl/etl_pipeline_project/venv/lib/python3.10/site-packages/airflow/example_dags/example_dag_decorator.py for tasks to queue
[2025-07-04T15:28:28.571+0530] {logging_mixin.py:154} INFO - [2025-07-04T15:28:28.571+0530] {dagbag.py:536} INFO - Filling up the DagBag from /Users/vaish/databorn_etl_project/retail_etl/etl_pipeline_project/venv/lib/python3.10/site-packages/airflow/example_dags/example_dag_decorator.py
[2025-07-04T15:28:28.766+0530] {processor.py:839} INFO - DAG(s) dict_keys(['example_dag_decorator']) retrieved from /Users/vaish/databorn_etl_project/retail_etl/etl_pipeline_project/venv/lib/python3.10/site-packages/airflow/example_dags/example_dag_decorator.py
[2025-07-04T15:28:29.481+0530] {logging_mixin.py:154} INFO - [2025-07-04T15:28:29.481+0530] {dag.py:2941} INFO - Sync 1 DAGs
[2025-07-04T15:28:29.492+0530] {logging_mixin.py:154} INFO - [2025-07-04T15:28:29.491+0530] {dag.py:3722} INFO - Setting next_dagrun for example_dag_decorator to None, run_after=None
[2025-07-04T15:28:29.521+0530] {processor.py:179} INFO - Processing /Users/vaish/databorn_etl_project/retail_etl/etl_pipeline_project/venv/lib/python3.10/site-packages/airflow/example_dags/example_dag_decorator.py took 0.952 seconds
[2025-07-04T15:31:21.147+0530] {processor.py:157} INFO - Started process (PID=22567) to work on /Users/vaish/databorn_etl_project/retail_etl/etl_pipeline_project/venv/lib/python3.10/site-packages/airflow/example_dags/example_dag_decorator.py
[2025-07-04T15:31:21.153+0530] {processor.py:829} INFO - Processing file /Users/vaish/databorn_etl_project/retail_etl/etl_pipeline_project/venv/lib/python3.10/site-packages/airflow/example_dags/example_dag_decorator.py for tasks to queue
[2025-07-04T15:31:21.154+0530] {logging_mixin.py:154} INFO - [2025-07-04T15:31:21.154+0530] {dagbag.py:536} INFO - Filling up the DagBag from /Users/vaish/databorn_etl_project/retail_etl/etl_pipeline_project/venv/lib/python3.10/site-packages/airflow/example_dags/example_dag_decorator.py
[2025-07-04T15:31:21.389+0530] {processor.py:839} INFO - DAG(s) dict_keys(['example_dag_decorator']) retrieved from /Users/vaish/databorn_etl_project/retail_etl/etl_pipeline_project/venv/lib/python3.10/site-packages/airflow/example_dags/example_dag_decorator.py
[2025-07-04T15:31:22.393+0530] {logging_mixin.py:154} INFO - [2025-07-04T15:31:22.393+0530] {dag.py:2941} INFO - Sync 1 DAGs
[2025-07-04T15:31:22.403+0530] {logging_mixin.py:154} INFO - [2025-07-04T15:31:22.403+0530] {dag.py:3722} INFO - Setting next_dagrun for example_dag_decorator to None, run_after=None
[2025-07-04T15:31:22.428+0530] {processor.py:179} INFO - Processing /Users/vaish/databorn_etl_project/retail_etl/etl_pipeline_project/venv/lib/python3.10/site-packages/airflow/example_dags/example_dag_decorator.py took 1.282 seconds
[2025-07-04T15:32:05.850+0530] {processor.py:157} INFO - Started process (PID=22673) to work on /Users/vaish/databorn_etl_project/retail_etl/etl_pipeline_project/venv/lib/python3.10/site-packages/airflow/example_dags/example_dag_decorator.py
[2025-07-04T15:32:05.857+0530] {processor.py:829} INFO - Processing file /Users/vaish/databorn_etl_project/retail_etl/etl_pipeline_project/venv/lib/python3.10/site-packages/airflow/example_dags/example_dag_decorator.py for tasks to queue
[2025-07-04T15:32:05.858+0530] {logging_mixin.py:154} INFO - [2025-07-04T15:32:05.858+0530] {dagbag.py:536} INFO - Filling up the DagBag from /Users/vaish/databorn_etl_project/retail_etl/etl_pipeline_project/venv/lib/python3.10/site-packages/airflow/example_dags/example_dag_decorator.py
[2025-07-04T15:32:06.137+0530] {processor.py:839} INFO - DAG(s) dict_keys(['example_dag_decorator']) retrieved from /Users/vaish/databorn_etl_project/retail_etl/etl_pipeline_project/venv/lib/python3.10/site-packages/airflow/example_dags/example_dag_decorator.py
[2025-07-04T15:32:07.171+0530] {logging_mixin.py:154} INFO - [2025-07-04T15:32:07.171+0530] {dag.py:2941} INFO - Sync 1 DAGs
[2025-07-04T15:32:07.182+0530] {logging_mixin.py:154} INFO - [2025-07-04T15:32:07.181+0530] {dag.py:3722} INFO - Setting next_dagrun for example_dag_decorator to None, run_after=None
[2025-07-04T15:32:07.209+0530] {processor.py:179} INFO - Processing /Users/vaish/databorn_etl_project/retail_etl/etl_pipeline_project/venv/lib/python3.10/site-packages/airflow/example_dags/example_dag_decorator.py took 1.361 seconds
[2025-07-04T15:34:48.655+0530] {processor.py:157} INFO - Started process (PID=23035) to work on /Users/vaish/databorn_etl_project/retail_etl/etl_pipeline_project/venv/lib/python3.10/site-packages/airflow/example_dags/example_dag_decorator.py
[2025-07-04T15:34:48.662+0530] {processor.py:829} INFO - Processing file /Users/vaish/databorn_etl_project/retail_etl/etl_pipeline_project/venv/lib/python3.10/site-packages/airflow/example_dags/example_dag_decorator.py for tasks to queue
[2025-07-04T15:34:48.663+0530] {logging_mixin.py:154} INFO - [2025-07-04T15:34:48.663+0530] {dagbag.py:536} INFO - Filling up the DagBag from /Users/vaish/databorn_etl_project/retail_etl/etl_pipeline_project/venv/lib/python3.10/site-packages/airflow/example_dags/example_dag_decorator.py
[2025-07-04T15:34:48.913+0530] {processor.py:839} INFO - DAG(s) dict_keys(['example_dag_decorator']) retrieved from /Users/vaish/databorn_etl_project/retail_etl/etl_pipeline_project/venv/lib/python3.10/site-packages/airflow/example_dags/example_dag_decorator.py
[2025-07-04T15:34:49.806+0530] {logging_mixin.py:154} INFO - [2025-07-04T15:34:49.805+0530] {dag.py:2941} INFO - Sync 1 DAGs
[2025-07-04T15:34:49.818+0530] {logging_mixin.py:154} INFO - [2025-07-04T15:34:49.818+0530] {dag.py:3722} INFO - Setting next_dagrun for example_dag_decorator to None, run_after=None
[2025-07-04T15:34:49.849+0530] {processor.py:179} INFO - Processing /Users/vaish/databorn_etl_project/retail_etl/etl_pipeline_project/venv/lib/python3.10/site-packages/airflow/example_dags/example_dag_decorator.py took 1.195 seconds
[2025-07-04T15:35:35.633+0530] {processor.py:157} INFO - Started process (PID=23141) to work on /Users/vaish/databorn_etl_project/retail_etl/etl_pipeline_project/venv/lib/python3.10/site-packages/airflow/example_dags/example_dag_decorator.py
[2025-07-04T15:35:35.634+0530] {processor.py:829} INFO - Processing file /Users/vaish/databorn_etl_project/retail_etl/etl_pipeline_project/venv/lib/python3.10/site-packages/airflow/example_dags/example_dag_decorator.py for tasks to queue
[2025-07-04T15:35:35.634+0530] {logging_mixin.py:154} INFO - [2025-07-04T15:35:35.634+0530] {dagbag.py:536} INFO - Filling up the DagBag from /Users/vaish/databorn_etl_project/retail_etl/etl_pipeline_project/venv/lib/python3.10/site-packages/airflow/example_dags/example_dag_decorator.py
[2025-07-04T15:35:35.819+0530] {processor.py:839} INFO - DAG(s) dict_keys(['example_dag_decorator']) retrieved from /Users/vaish/databorn_etl_project/retail_etl/etl_pipeline_project/venv/lib/python3.10/site-packages/airflow/example_dags/example_dag_decorator.py
[2025-07-04T15:35:36.456+0530] {logging_mixin.py:154} INFO - [2025-07-04T15:35:36.456+0530] {dag.py:2941} INFO - Sync 1 DAGs
[2025-07-04T15:35:36.466+0530] {logging_mixin.py:154} INFO - [2025-07-04T15:35:36.466+0530] {dag.py:3722} INFO - Setting next_dagrun for example_dag_decorator to None, run_after=None
[2025-07-04T15:35:36.496+0530] {processor.py:179} INFO - Processing /Users/vaish/databorn_etl_project/retail_etl/etl_pipeline_project/venv/lib/python3.10/site-packages/airflow/example_dags/example_dag_decorator.py took 0.864 seconds
[2025-07-04T15:38:17.225+0530] {processor.py:157} INFO - Started process (PID=23501) to work on /Users/vaish/databorn_etl_project/retail_etl/etl_pipeline_project/venv/lib/python3.10/site-packages/airflow/example_dags/example_dag_decorator.py
[2025-07-04T15:38:17.232+0530] {processor.py:829} INFO - Processing file /Users/vaish/databorn_etl_project/retail_etl/etl_pipeline_project/venv/lib/python3.10/site-packages/airflow/example_dags/example_dag_decorator.py for tasks to queue
[2025-07-04T15:38:17.233+0530] {logging_mixin.py:154} INFO - [2025-07-04T15:38:17.233+0530] {dagbag.py:536} INFO - Filling up the DagBag from /Users/vaish/databorn_etl_project/retail_etl/etl_pipeline_project/venv/lib/python3.10/site-packages/airflow/example_dags/example_dag_decorator.py
[2025-07-04T15:38:17.468+0530] {processor.py:839} INFO - DAG(s) dict_keys(['example_dag_decorator']) retrieved from /Users/vaish/databorn_etl_project/retail_etl/etl_pipeline_project/venv/lib/python3.10/site-packages/airflow/example_dags/example_dag_decorator.py
[2025-07-04T15:38:18.166+0530] {logging_mixin.py:154} INFO - [2025-07-04T15:38:18.166+0530] {dag.py:2941} INFO - Sync 1 DAGs
[2025-07-04T15:38:18.176+0530] {logging_mixin.py:154} INFO - [2025-07-04T15:38:18.176+0530] {dag.py:3722} INFO - Setting next_dagrun for example_dag_decorator to None, run_after=None
[2025-07-04T15:38:18.206+0530] {processor.py:179} INFO - Processing /Users/vaish/databorn_etl_project/retail_etl/etl_pipeline_project/venv/lib/python3.10/site-packages/airflow/example_dags/example_dag_decorator.py took 0.982 seconds
[2025-07-04T15:39:05.346+0530] {processor.py:157} INFO - Started process (PID=23605) to work on /Users/vaish/databorn_etl_project/retail_etl/etl_pipeline_project/venv/lib/python3.10/site-packages/airflow/example_dags/example_dag_decorator.py
[2025-07-04T15:39:05.347+0530] {processor.py:829} INFO - Processing file /Users/vaish/databorn_etl_project/retail_etl/etl_pipeline_project/venv/lib/python3.10/site-packages/airflow/example_dags/example_dag_decorator.py for tasks to queue
[2025-07-04T15:39:05.349+0530] {logging_mixin.py:154} INFO - [2025-07-04T15:39:05.348+0530] {dagbag.py:536} INFO - Filling up the DagBag from /Users/vaish/databorn_etl_project/retail_etl/etl_pipeline_project/venv/lib/python3.10/site-packages/airflow/example_dags/example_dag_decorator.py
[2025-07-04T15:39:05.662+0530] {processor.py:839} INFO - DAG(s) dict_keys(['example_dag_decorator']) retrieved from /Users/vaish/databorn_etl_project/retail_etl/etl_pipeline_project/venv/lib/python3.10/site-packages/airflow/example_dags/example_dag_decorator.py
[2025-07-04T15:39:06.447+0530] {logging_mixin.py:154} INFO - [2025-07-04T15:39:06.447+0530] {dag.py:2941} INFO - Sync 1 DAGs
[2025-07-04T15:39:06.459+0530] {logging_mixin.py:154} INFO - [2025-07-04T15:39:06.459+0530] {dag.py:3722} INFO - Setting next_dagrun for example_dag_decorator to None, run_after=None
[2025-07-04T15:39:06.485+0530] {processor.py:179} INFO - Processing /Users/vaish/databorn_etl_project/retail_etl/etl_pipeline_project/venv/lib/python3.10/site-packages/airflow/example_dags/example_dag_decorator.py took 1.141 seconds
[2025-07-04T15:42:10.232+0530] {processor.py:157} INFO - Started process (PID=24072) to work on /Users/vaish/databorn_etl_project/retail_etl/etl_pipeline_project/venv/lib/python3.10/site-packages/airflow/example_dags/example_dag_decorator.py
[2025-07-04T15:42:10.233+0530] {processor.py:829} INFO - Processing file /Users/vaish/databorn_etl_project/retail_etl/etl_pipeline_project/venv/lib/python3.10/site-packages/airflow/example_dags/example_dag_decorator.py for tasks to queue
[2025-07-04T15:42:10.234+0530] {logging_mixin.py:154} INFO - [2025-07-04T15:42:10.234+0530] {dagbag.py:536} INFO - Filling up the DagBag from /Users/vaish/databorn_etl_project/retail_etl/etl_pipeline_project/venv/lib/python3.10/site-packages/airflow/example_dags/example_dag_decorator.py
[2025-07-04T15:42:10.471+0530] {processor.py:839} INFO - DAG(s) dict_keys(['example_dag_decorator']) retrieved from /Users/vaish/databorn_etl_project/retail_etl/etl_pipeline_project/venv/lib/python3.10/site-packages/airflow/example_dags/example_dag_decorator.py
[2025-07-04T15:42:11.515+0530] {logging_mixin.py:154} INFO - [2025-07-04T15:42:11.514+0530] {dag.py:2941} INFO - Sync 1 DAGs
[2025-07-04T15:42:11.526+0530] {logging_mixin.py:154} INFO - [2025-07-04T15:42:11.526+0530] {dag.py:3722} INFO - Setting next_dagrun for example_dag_decorator to None, run_after=None
[2025-07-04T15:42:11.553+0530] {processor.py:179} INFO - Processing /Users/vaish/databorn_etl_project/retail_etl/etl_pipeline_project/venv/lib/python3.10/site-packages/airflow/example_dags/example_dag_decorator.py took 1.322 seconds
[2025-07-04T15:42:52.719+0530] {processor.py:157} INFO - Started process (PID=24165) to work on /Users/vaish/databorn_etl_project/retail_etl/etl_pipeline_project/venv/lib/python3.10/site-packages/airflow/example_dags/example_dag_decorator.py
[2025-07-04T15:42:52.721+0530] {processor.py:829} INFO - Processing file /Users/vaish/databorn_etl_project/retail_etl/etl_pipeline_project/venv/lib/python3.10/site-packages/airflow/example_dags/example_dag_decorator.py for tasks to queue
[2025-07-04T15:42:52.722+0530] {logging_mixin.py:154} INFO - [2025-07-04T15:42:52.721+0530] {dagbag.py:536} INFO - Filling up the DagBag from /Users/vaish/databorn_etl_project/retail_etl/etl_pipeline_project/venv/lib/python3.10/site-packages/airflow/example_dags/example_dag_decorator.py
[2025-07-04T15:42:53.070+0530] {processor.py:839} INFO - DAG(s) dict_keys(['example_dag_decorator']) retrieved from /Users/vaish/databorn_etl_project/retail_etl/etl_pipeline_project/venv/lib/python3.10/site-packages/airflow/example_dags/example_dag_decorator.py
[2025-07-04T15:42:54.225+0530] {logging_mixin.py:154} INFO - [2025-07-04T15:42:54.224+0530] {dag.py:2941} INFO - Sync 1 DAGs
[2025-07-04T15:42:54.235+0530] {logging_mixin.py:154} INFO - [2025-07-04T15:42:54.235+0530] {dag.py:3722} INFO - Setting next_dagrun for example_dag_decorator to None, run_after=None
[2025-07-04T15:42:54.262+0530] {processor.py:179} INFO - Processing /Users/vaish/databorn_etl_project/retail_etl/etl_pipeline_project/venv/lib/python3.10/site-packages/airflow/example_dags/example_dag_decorator.py took 1.545 seconds
[2025-07-04T15:46:07.322+0530] {processor.py:157} INFO - Started process (PID=24689) to work on /Users/vaish/databorn_etl_project/retail_etl/etl_pipeline_project/venv/lib/python3.10/site-packages/airflow/example_dags/example_dag_decorator.py
[2025-07-04T15:46:07.328+0530] {processor.py:829} INFO - Processing file /Users/vaish/databorn_etl_project/retail_etl/etl_pipeline_project/venv/lib/python3.10/site-packages/airflow/example_dags/example_dag_decorator.py for tasks to queue
[2025-07-04T15:46:07.330+0530] {logging_mixin.py:154} INFO - [2025-07-04T15:46:07.330+0530] {dagbag.py:536} INFO - Filling up the DagBag from /Users/vaish/databorn_etl_project/retail_etl/etl_pipeline_project/venv/lib/python3.10/site-packages/airflow/example_dags/example_dag_decorator.py
[2025-07-04T15:46:07.617+0530] {processor.py:839} INFO - DAG(s) dict_keys(['example_dag_decorator']) retrieved from /Users/vaish/databorn_etl_project/retail_etl/etl_pipeline_project/venv/lib/python3.10/site-packages/airflow/example_dags/example_dag_decorator.py
[2025-07-04T15:46:08.632+0530] {logging_mixin.py:154} INFO - [2025-07-04T15:46:08.632+0530] {dag.py:2941} INFO - Sync 1 DAGs
[2025-07-04T15:46:08.644+0530] {logging_mixin.py:154} INFO - [2025-07-04T15:46:08.644+0530] {dag.py:3722} INFO - Setting next_dagrun for example_dag_decorator to None, run_after=None
[2025-07-04T15:46:08.673+0530] {processor.py:179} INFO - Processing /Users/vaish/databorn_etl_project/retail_etl/etl_pipeline_project/venv/lib/python3.10/site-packages/airflow/example_dags/example_dag_decorator.py took 1.353 seconds
[2025-07-04T15:46:37.379+0530] {processor.py:157} INFO - Started process (PID=24755) to work on /Users/vaish/databorn_etl_project/retail_etl/etl_pipeline_project/venv/lib/python3.10/site-packages/airflow/example_dags/example_dag_decorator.py
[2025-07-04T15:46:37.380+0530] {processor.py:829} INFO - Processing file /Users/vaish/databorn_etl_project/retail_etl/etl_pipeline_project/venv/lib/python3.10/site-packages/airflow/example_dags/example_dag_decorator.py for tasks to queue
[2025-07-04T15:46:37.380+0530] {logging_mixin.py:154} INFO - [2025-07-04T15:46:37.380+0530] {dagbag.py:536} INFO - Filling up the DagBag from /Users/vaish/databorn_etl_project/retail_etl/etl_pipeline_project/venv/lib/python3.10/site-packages/airflow/example_dags/example_dag_decorator.py
[2025-07-04T15:46:37.580+0530] {processor.py:839} INFO - DAG(s) dict_keys(['example_dag_decorator']) retrieved from /Users/vaish/databorn_etl_project/retail_etl/etl_pipeline_project/venv/lib/python3.10/site-packages/airflow/example_dags/example_dag_decorator.py
[2025-07-04T15:46:37.631+0530] {logging_mixin.py:154} INFO - [2025-07-04T15:46:37.631+0530] {dag.py:2941} INFO - Sync 1 DAGs
[2025-07-04T15:46:37.743+0530] {logging_mixin.py:154} INFO - [2025-07-04T15:46:37.743+0530] {dag.py:3722} INFO - Setting next_dagrun for example_dag_decorator to None, run_after=None
[2025-07-04T15:46:37.770+0530] {processor.py:179} INFO - Processing /Users/vaish/databorn_etl_project/retail_etl/etl_pipeline_project/venv/lib/python3.10/site-packages/airflow/example_dags/example_dag_decorator.py took 0.392 seconds
[2025-07-04T15:49:50.026+0530] {processor.py:157} INFO - Started process (PID=25229) to work on /Users/vaish/databorn_etl_project/retail_etl/etl_pipeline_project/venv/lib/python3.10/site-packages/airflow/example_dags/example_dag_decorator.py
[2025-07-04T15:49:50.032+0530] {processor.py:829} INFO - Processing file /Users/vaish/databorn_etl_project/retail_etl/etl_pipeline_project/venv/lib/python3.10/site-packages/airflow/example_dags/example_dag_decorator.py for tasks to queue
[2025-07-04T15:49:50.033+0530] {logging_mixin.py:154} INFO - [2025-07-04T15:49:50.033+0530] {dagbag.py:536} INFO - Filling up the DagBag from /Users/vaish/databorn_etl_project/retail_etl/etl_pipeline_project/venv/lib/python3.10/site-packages/airflow/example_dags/example_dag_decorator.py
[2025-07-04T15:49:50.223+0530] {processor.py:839} INFO - DAG(s) dict_keys(['example_dag_decorator']) retrieved from /Users/vaish/databorn_etl_project/retail_etl/etl_pipeline_project/venv/lib/python3.10/site-packages/airflow/example_dags/example_dag_decorator.py
[2025-07-04T15:49:51.065+0530] {logging_mixin.py:154} INFO - [2025-07-04T15:49:51.065+0530] {dag.py:2941} INFO - Sync 1 DAGs
[2025-07-04T15:49:51.075+0530] {logging_mixin.py:154} INFO - [2025-07-04T15:49:51.075+0530] {dag.py:3722} INFO - Setting next_dagrun for example_dag_decorator to None, run_after=None
[2025-07-04T15:49:51.099+0530] {processor.py:179} INFO - Processing /Users/vaish/databorn_etl_project/retail_etl/etl_pipeline_project/venv/lib/python3.10/site-packages/airflow/example_dags/example_dag_decorator.py took 1.075 seconds
[2025-07-04T15:50:22.477+0530] {processor.py:157} INFO - Started process (PID=25313) to work on /Users/vaish/databorn_etl_project/retail_etl/etl_pipeline_project/venv/lib/python3.10/site-packages/airflow/example_dags/example_dag_decorator.py
[2025-07-04T15:50:22.478+0530] {processor.py:829} INFO - Processing file /Users/vaish/databorn_etl_project/retail_etl/etl_pipeline_project/venv/lib/python3.10/site-packages/airflow/example_dags/example_dag_decorator.py for tasks to queue
[2025-07-04T15:50:22.479+0530] {logging_mixin.py:154} INFO - [2025-07-04T15:50:22.478+0530] {dagbag.py:536} INFO - Filling up the DagBag from /Users/vaish/databorn_etl_project/retail_etl/etl_pipeline_project/venv/lib/python3.10/site-packages/airflow/example_dags/example_dag_decorator.py
[2025-07-04T15:50:22.671+0530] {processor.py:839} INFO - DAG(s) dict_keys(['example_dag_decorator']) retrieved from /Users/vaish/databorn_etl_project/retail_etl/etl_pipeline_project/venv/lib/python3.10/site-packages/airflow/example_dags/example_dag_decorator.py
[2025-07-04T15:50:23.326+0530] {logging_mixin.py:154} INFO - [2025-07-04T15:50:23.326+0530] {dag.py:2941} INFO - Sync 1 DAGs
[2025-07-04T15:50:23.338+0530] {logging_mixin.py:154} INFO - [2025-07-04T15:50:23.338+0530] {dag.py:3722} INFO - Setting next_dagrun for example_dag_decorator to None, run_after=None
[2025-07-04T15:50:23.369+0530] {processor.py:179} INFO - Processing /Users/vaish/databorn_etl_project/retail_etl/etl_pipeline_project/venv/lib/python3.10/site-packages/airflow/example_dags/example_dag_decorator.py took 0.894 seconds
[2025-07-04T15:53:12.377+0530] {processor.py:157} INFO - Started process (PID=25714) to work on /Users/vaish/databorn_etl_project/retail_etl/etl_pipeline_project/venv/lib/python3.10/site-packages/airflow/example_dags/example_dag_decorator.py
[2025-07-04T15:53:12.378+0530] {processor.py:829} INFO - Processing file /Users/vaish/databorn_etl_project/retail_etl/etl_pipeline_project/venv/lib/python3.10/site-packages/airflow/example_dags/example_dag_decorator.py for tasks to queue
[2025-07-04T15:53:12.379+0530] {logging_mixin.py:154} INFO - [2025-07-04T15:53:12.378+0530] {dagbag.py:536} INFO - Filling up the DagBag from /Users/vaish/databorn_etl_project/retail_etl/etl_pipeline_project/venv/lib/python3.10/site-packages/airflow/example_dags/example_dag_decorator.py
[2025-07-04T15:53:12.573+0530] {processor.py:839} INFO - DAG(s) dict_keys(['example_dag_decorator']) retrieved from /Users/vaish/databorn_etl_project/retail_etl/etl_pipeline_project/venv/lib/python3.10/site-packages/airflow/example_dags/example_dag_decorator.py
[2025-07-04T15:53:13.279+0530] {logging_mixin.py:154} INFO - [2025-07-04T15:53:13.279+0530] {dag.py:2941} INFO - Sync 1 DAGs
[2025-07-04T15:53:13.290+0530] {logging_mixin.py:154} INFO - [2025-07-04T15:53:13.289+0530] {dag.py:3722} INFO - Setting next_dagrun for example_dag_decorator to None, run_after=None
[2025-07-04T15:53:13.317+0530] {processor.py:179} INFO - Processing /Users/vaish/databorn_etl_project/retail_etl/etl_pipeline_project/venv/lib/python3.10/site-packages/airflow/example_dags/example_dag_decorator.py took 0.942 seconds
[2025-07-04T15:53:50.200+0530] {processor.py:157} INFO - Started process (PID=25817) to work on /Users/vaish/databorn_etl_project/retail_etl/etl_pipeline_project/venv/lib/python3.10/site-packages/airflow/example_dags/example_dag_decorator.py
[2025-07-04T15:53:50.206+0530] {processor.py:829} INFO - Processing file /Users/vaish/databorn_etl_project/retail_etl/etl_pipeline_project/venv/lib/python3.10/site-packages/airflow/example_dags/example_dag_decorator.py for tasks to queue
[2025-07-04T15:53:50.207+0530] {logging_mixin.py:154} INFO - [2025-07-04T15:53:50.207+0530] {dagbag.py:536} INFO - Filling up the DagBag from /Users/vaish/databorn_etl_project/retail_etl/etl_pipeline_project/venv/lib/python3.10/site-packages/airflow/example_dags/example_dag_decorator.py
[2025-07-04T15:53:50.393+0530] {processor.py:839} INFO - DAG(s) dict_keys(['example_dag_decorator']) retrieved from /Users/vaish/databorn_etl_project/retail_etl/etl_pipeline_project/venv/lib/python3.10/site-packages/airflow/example_dags/example_dag_decorator.py
[2025-07-04T15:53:51.281+0530] {logging_mixin.py:154} INFO - [2025-07-04T15:53:51.281+0530] {dag.py:2941} INFO - Sync 1 DAGs
[2025-07-04T15:53:51.291+0530] {logging_mixin.py:154} INFO - [2025-07-04T15:53:51.291+0530] {dag.py:3722} INFO - Setting next_dagrun for example_dag_decorator to None, run_after=None
[2025-07-04T15:53:51.315+0530] {processor.py:179} INFO - Processing /Users/vaish/databorn_etl_project/retail_etl/etl_pipeline_project/venv/lib/python3.10/site-packages/airflow/example_dags/example_dag_decorator.py took 1.117 seconds
[2025-07-04T15:56:53.002+0530] {processor.py:157} INFO - Started process (PID=26887) to work on /Users/vaish/databorn_etl_project/retail_etl/etl_pipeline_project/venv/lib/python3.10/site-packages/airflow/example_dags/example_dag_decorator.py
[2025-07-04T15:56:53.008+0530] {processor.py:829} INFO - Processing file /Users/vaish/databorn_etl_project/retail_etl/etl_pipeline_project/venv/lib/python3.10/site-packages/airflow/example_dags/example_dag_decorator.py for tasks to queue
[2025-07-04T15:56:53.009+0530] {logging_mixin.py:154} INFO - [2025-07-04T15:56:53.009+0530] {dagbag.py:536} INFO - Filling up the DagBag from /Users/vaish/databorn_etl_project/retail_etl/etl_pipeline_project/venv/lib/python3.10/site-packages/airflow/example_dags/example_dag_decorator.py
[2025-07-04T15:56:53.207+0530] {processor.py:839} INFO - DAG(s) dict_keys(['example_dag_decorator']) retrieved from /Users/vaish/databorn_etl_project/retail_etl/etl_pipeline_project/venv/lib/python3.10/site-packages/airflow/example_dags/example_dag_decorator.py
[2025-07-04T15:56:54.062+0530] {logging_mixin.py:154} INFO - [2025-07-04T15:56:54.061+0530] {dag.py:2941} INFO - Sync 1 DAGs
[2025-07-04T15:56:54.072+0530] {logging_mixin.py:154} INFO - [2025-07-04T15:56:54.072+0530] {dag.py:3722} INFO - Setting next_dagrun for example_dag_decorator to None, run_after=None
[2025-07-04T15:56:54.097+0530] {processor.py:179} INFO - Processing /Users/vaish/databorn_etl_project/retail_etl/etl_pipeline_project/venv/lib/python3.10/site-packages/airflow/example_dags/example_dag_decorator.py took 1.096 seconds
[2025-07-04T15:57:24.850+0530] {processor.py:157} INFO - Started process (PID=26985) to work on /Users/vaish/databorn_etl_project/retail_etl/etl_pipeline_project/venv/lib/python3.10/site-packages/airflow/example_dags/example_dag_decorator.py
[2025-07-04T15:57:24.850+0530] {processor.py:829} INFO - Processing file /Users/vaish/databorn_etl_project/retail_etl/etl_pipeline_project/venv/lib/python3.10/site-packages/airflow/example_dags/example_dag_decorator.py for tasks to queue
[2025-07-04T15:57:24.851+0530] {logging_mixin.py:154} INFO - [2025-07-04T15:57:24.851+0530] {dagbag.py:536} INFO - Filling up the DagBag from /Users/vaish/databorn_etl_project/retail_etl/etl_pipeline_project/venv/lib/python3.10/site-packages/airflow/example_dags/example_dag_decorator.py
[2025-07-04T15:57:25.054+0530] {processor.py:839} INFO - DAG(s) dict_keys(['example_dag_decorator']) retrieved from /Users/vaish/databorn_etl_project/retail_etl/etl_pipeline_project/venv/lib/python3.10/site-packages/airflow/example_dags/example_dag_decorator.py
[2025-07-04T15:57:25.738+0530] {logging_mixin.py:154} INFO - [2025-07-04T15:57:25.738+0530] {dag.py:2941} INFO - Sync 1 DAGs
[2025-07-04T15:57:25.748+0530] {logging_mixin.py:154} INFO - [2025-07-04T15:57:25.748+0530] {dag.py:3722} INFO - Setting next_dagrun for example_dag_decorator to None, run_after=None
[2025-07-04T15:57:25.778+0530] {processor.py:179} INFO - Processing /Users/vaish/databorn_etl_project/retail_etl/etl_pipeline_project/venv/lib/python3.10/site-packages/airflow/example_dags/example_dag_decorator.py took 0.930 seconds
[2025-07-04T16:00:13.523+0530] {processor.py:157} INFO - Started process (PID=29078) to work on /Users/vaish/databorn_etl_project/retail_etl/etl_pipeline_project/venv/lib/python3.10/site-packages/airflow/example_dags/example_dag_decorator.py
[2025-07-04T16:00:13.524+0530] {processor.py:829} INFO - Processing file /Users/vaish/databorn_etl_project/retail_etl/etl_pipeline_project/venv/lib/python3.10/site-packages/airflow/example_dags/example_dag_decorator.py for tasks to queue
[2025-07-04T16:00:13.525+0530] {logging_mixin.py:154} INFO - [2025-07-04T16:00:13.525+0530] {dagbag.py:536} INFO - Filling up the DagBag from /Users/vaish/databorn_etl_project/retail_etl/etl_pipeline_project/venv/lib/python3.10/site-packages/airflow/example_dags/example_dag_decorator.py
[2025-07-04T16:00:13.720+0530] {processor.py:839} INFO - DAG(s) dict_keys(['example_dag_decorator']) retrieved from /Users/vaish/databorn_etl_project/retail_etl/etl_pipeline_project/venv/lib/python3.10/site-packages/airflow/example_dags/example_dag_decorator.py
[2025-07-04T16:00:14.479+0530] {logging_mixin.py:154} INFO - [2025-07-04T16:00:14.478+0530] {dag.py:2941} INFO - Sync 1 DAGs
[2025-07-04T16:00:14.489+0530] {logging_mixin.py:154} INFO - [2025-07-04T16:00:14.489+0530] {dag.py:3722} INFO - Setting next_dagrun for example_dag_decorator to None, run_after=None
[2025-07-04T16:00:14.514+0530] {processor.py:179} INFO - Processing /Users/vaish/databorn_etl_project/retail_etl/etl_pipeline_project/venv/lib/python3.10/site-packages/airflow/example_dags/example_dag_decorator.py took 0.992 seconds
[2025-07-04T16:00:45.530+0530] {processor.py:157} INFO - Started process (PID=29702) to work on /Users/vaish/databorn_etl_project/retail_etl/etl_pipeline_project/venv/lib/python3.10/site-packages/airflow/example_dags/example_dag_decorator.py
[2025-07-04T16:00:45.531+0530] {processor.py:829} INFO - Processing file /Users/vaish/databorn_etl_project/retail_etl/etl_pipeline_project/venv/lib/python3.10/site-packages/airflow/example_dags/example_dag_decorator.py for tasks to queue
[2025-07-04T16:00:45.532+0530] {logging_mixin.py:154} INFO - [2025-07-04T16:00:45.532+0530] {dagbag.py:536} INFO - Filling up the DagBag from /Users/vaish/databorn_etl_project/retail_etl/etl_pipeline_project/venv/lib/python3.10/site-packages/airflow/example_dags/example_dag_decorator.py
[2025-07-04T16:00:45.743+0530] {processor.py:839} INFO - DAG(s) dict_keys(['example_dag_decorator']) retrieved from /Users/vaish/databorn_etl_project/retail_etl/etl_pipeline_project/venv/lib/python3.10/site-packages/airflow/example_dags/example_dag_decorator.py
[2025-07-04T16:00:46.434+0530] {logging_mixin.py:154} INFO - [2025-07-04T16:00:46.434+0530] {dag.py:2941} INFO - Sync 1 DAGs
[2025-07-04T16:00:46.445+0530] {logging_mixin.py:154} INFO - [2025-07-04T16:00:46.445+0530] {dag.py:3722} INFO - Setting next_dagrun for example_dag_decorator to None, run_after=None
[2025-07-04T16:00:46.471+0530] {processor.py:179} INFO - Processing /Users/vaish/databorn_etl_project/retail_etl/etl_pipeline_project/venv/lib/python3.10/site-packages/airflow/example_dags/example_dag_decorator.py took 0.942 seconds
[2025-07-04T16:03:41.747+0530] {processor.py:157} INFO - Started process (PID=31185) to work on /Users/vaish/databorn_etl_project/retail_etl/etl_pipeline_project/venv/lib/python3.10/site-packages/airflow/example_dags/example_dag_decorator.py
[2025-07-04T16:03:41.753+0530] {processor.py:829} INFO - Processing file /Users/vaish/databorn_etl_project/retail_etl/etl_pipeline_project/venv/lib/python3.10/site-packages/airflow/example_dags/example_dag_decorator.py for tasks to queue
[2025-07-04T16:03:41.754+0530] {logging_mixin.py:154} INFO - [2025-07-04T16:03:41.754+0530] {dagbag.py:536} INFO - Filling up the DagBag from /Users/vaish/databorn_etl_project/retail_etl/etl_pipeline_project/venv/lib/python3.10/site-packages/airflow/example_dags/example_dag_decorator.py
[2025-07-04T16:03:41.984+0530] {processor.py:839} INFO - DAG(s) dict_keys(['example_dag_decorator']) retrieved from /Users/vaish/databorn_etl_project/retail_etl/etl_pipeline_project/venv/lib/python3.10/site-packages/airflow/example_dags/example_dag_decorator.py
[2025-07-04T16:03:42.918+0530] {logging_mixin.py:154} INFO - [2025-07-04T16:03:42.917+0530] {dag.py:2941} INFO - Sync 1 DAGs
[2025-07-04T16:03:42.927+0530] {logging_mixin.py:154} INFO - [2025-07-04T16:03:42.927+0530] {dag.py:3722} INFO - Setting next_dagrun for example_dag_decorator to None, run_after=None
[2025-07-04T16:03:42.952+0530] {processor.py:179} INFO - Processing /Users/vaish/databorn_etl_project/retail_etl/etl_pipeline_project/venv/lib/python3.10/site-packages/airflow/example_dags/example_dag_decorator.py took 1.207 seconds
[2025-07-04T16:04:11.037+0530] {processor.py:157} INFO - Started process (PID=31246) to work on /Users/vaish/databorn_etl_project/retail_etl/etl_pipeline_project/venv/lib/python3.10/site-packages/airflow/example_dags/example_dag_decorator.py
[2025-07-04T16:04:11.038+0530] {processor.py:829} INFO - Processing file /Users/vaish/databorn_etl_project/retail_etl/etl_pipeline_project/venv/lib/python3.10/site-packages/airflow/example_dags/example_dag_decorator.py for tasks to queue
[2025-07-04T16:04:11.039+0530] {logging_mixin.py:154} INFO - [2025-07-04T16:04:11.039+0530] {dagbag.py:536} INFO - Filling up the DagBag from /Users/vaish/databorn_etl_project/retail_etl/etl_pipeline_project/venv/lib/python3.10/site-packages/airflow/example_dags/example_dag_decorator.py
[2025-07-04T16:04:11.241+0530] {processor.py:839} INFO - DAG(s) dict_keys(['example_dag_decorator']) retrieved from /Users/vaish/databorn_etl_project/retail_etl/etl_pipeline_project/venv/lib/python3.10/site-packages/airflow/example_dags/example_dag_decorator.py
[2025-07-04T16:04:11.305+0530] {logging_mixin.py:154} INFO - [2025-07-04T16:04:11.305+0530] {dag.py:2941} INFO - Sync 1 DAGs
[2025-07-04T16:04:11.427+0530] {logging_mixin.py:154} INFO - [2025-07-04T16:04:11.427+0530] {dag.py:3722} INFO - Setting next_dagrun for example_dag_decorator to None, run_after=None
[2025-07-04T16:04:11.463+0530] {processor.py:179} INFO - Processing /Users/vaish/databorn_etl_project/retail_etl/etl_pipeline_project/venv/lib/python3.10/site-packages/airflow/example_dags/example_dag_decorator.py took 0.427 seconds
[2025-07-04T16:07:30.867+0530] {processor.py:157} INFO - Started process (PID=32104) to work on /Users/vaish/databorn_etl_project/retail_etl/etl_pipeline_project/venv/lib/python3.10/site-packages/airflow/example_dags/example_dag_decorator.py
[2025-07-04T16:07:30.874+0530] {processor.py:829} INFO - Processing file /Users/vaish/databorn_etl_project/retail_etl/etl_pipeline_project/venv/lib/python3.10/site-packages/airflow/example_dags/example_dag_decorator.py for tasks to queue
[2025-07-04T16:07:30.875+0530] {logging_mixin.py:154} INFO - [2025-07-04T16:07:30.875+0530] {dagbag.py:536} INFO - Filling up the DagBag from /Users/vaish/databorn_etl_project/retail_etl/etl_pipeline_project/venv/lib/python3.10/site-packages/airflow/example_dags/example_dag_decorator.py
[2025-07-04T16:07:31.117+0530] {processor.py:839} INFO - DAG(s) dict_keys(['example_dag_decorator']) retrieved from /Users/vaish/databorn_etl_project/retail_etl/etl_pipeline_project/venv/lib/python3.10/site-packages/airflow/example_dags/example_dag_decorator.py
[2025-07-04T16:07:32.048+0530] {logging_mixin.py:154} INFO - [2025-07-04T16:07:32.048+0530] {dag.py:2941} INFO - Sync 1 DAGs
[2025-07-04T16:07:32.058+0530] {logging_mixin.py:154} INFO - [2025-07-04T16:07:32.057+0530] {dag.py:3722} INFO - Setting next_dagrun for example_dag_decorator to None, run_after=None
[2025-07-04T16:07:32.080+0530] {processor.py:179} INFO - Processing /Users/vaish/databorn_etl_project/retail_etl/etl_pipeline_project/venv/lib/python3.10/site-packages/airflow/example_dags/example_dag_decorator.py took 1.214 seconds
[2025-07-04T16:08:05.635+0530] {processor.py:157} INFO - Started process (PID=32237) to work on /Users/vaish/databorn_etl_project/retail_etl/etl_pipeline_project/venv/lib/python3.10/site-packages/airflow/example_dags/example_dag_decorator.py
[2025-07-04T16:08:05.636+0530] {processor.py:829} INFO - Processing file /Users/vaish/databorn_etl_project/retail_etl/etl_pipeline_project/venv/lib/python3.10/site-packages/airflow/example_dags/example_dag_decorator.py for tasks to queue
[2025-07-04T16:08:05.637+0530] {logging_mixin.py:154} INFO - [2025-07-04T16:08:05.637+0530] {dagbag.py:536} INFO - Filling up the DagBag from /Users/vaish/databorn_etl_project/retail_etl/etl_pipeline_project/venv/lib/python3.10/site-packages/airflow/example_dags/example_dag_decorator.py
[2025-07-04T16:08:05.878+0530] {processor.py:839} INFO - DAG(s) dict_keys(['example_dag_decorator']) retrieved from /Users/vaish/databorn_etl_project/retail_etl/etl_pipeline_project/venv/lib/python3.10/site-packages/airflow/example_dags/example_dag_decorator.py
[2025-07-04T16:08:06.589+0530] {logging_mixin.py:154} INFO - [2025-07-04T16:08:06.589+0530] {dag.py:2941} INFO - Sync 1 DAGs
[2025-07-04T16:08:06.600+0530] {logging_mixin.py:154} INFO - [2025-07-04T16:08:06.600+0530] {dag.py:3722} INFO - Setting next_dagrun for example_dag_decorator to None, run_after=None
[2025-07-04T16:08:06.631+0530] {processor.py:179} INFO - Processing /Users/vaish/databorn_etl_project/retail_etl/etl_pipeline_project/venv/lib/python3.10/site-packages/airflow/example_dags/example_dag_decorator.py took 0.998 seconds
[2025-07-04T16:11:43.444+0530] {processor.py:157} INFO - Started process (PID=33042) to work on /Users/vaish/databorn_etl_project/retail_etl/etl_pipeline_project/venv/lib/python3.10/site-packages/airflow/example_dags/example_dag_decorator.py
[2025-07-04T16:11:43.446+0530] {processor.py:829} INFO - Processing file /Users/vaish/databorn_etl_project/retail_etl/etl_pipeline_project/venv/lib/python3.10/site-packages/airflow/example_dags/example_dag_decorator.py for tasks to queue
[2025-07-04T16:11:43.447+0530] {logging_mixin.py:154} INFO - [2025-07-04T16:11:43.446+0530] {dagbag.py:536} INFO - Filling up the DagBag from /Users/vaish/databorn_etl_project/retail_etl/etl_pipeline_project/venv/lib/python3.10/site-packages/airflow/example_dags/example_dag_decorator.py
[2025-07-04T16:11:43.698+0530] {processor.py:839} INFO - DAG(s) dict_keys(['example_dag_decorator']) retrieved from /Users/vaish/databorn_etl_project/retail_etl/etl_pipeline_project/venv/lib/python3.10/site-packages/airflow/example_dags/example_dag_decorator.py
[2025-07-04T16:11:44.603+0530] {logging_mixin.py:154} INFO - [2025-07-04T16:11:44.602+0530] {dag.py:2941} INFO - Sync 1 DAGs
[2025-07-04T16:11:44.613+0530] {logging_mixin.py:154} INFO - [2025-07-04T16:11:44.613+0530] {dag.py:3722} INFO - Setting next_dagrun for example_dag_decorator to None, run_after=None
[2025-07-04T16:11:44.636+0530] {processor.py:179} INFO - Processing /Users/vaish/databorn_etl_project/retail_etl/etl_pipeline_project/venv/lib/python3.10/site-packages/airflow/example_dags/example_dag_decorator.py took 1.193 seconds
[2025-07-04T16:13:09.689+0530] {processor.py:157} INFO - Started process (PID=33280) to work on /Users/vaish/databorn_etl_project/retail_etl/etl_pipeline_project/venv/lib/python3.10/site-packages/airflow/example_dags/example_dag_decorator.py
[2025-07-04T16:13:09.692+0530] {processor.py:829} INFO - Processing file /Users/vaish/databorn_etl_project/retail_etl/etl_pipeline_project/venv/lib/python3.10/site-packages/airflow/example_dags/example_dag_decorator.py for tasks to queue
[2025-07-04T16:13:09.693+0530] {logging_mixin.py:154} INFO - [2025-07-04T16:13:09.692+0530] {dagbag.py:536} INFO - Filling up the DagBag from /Users/vaish/databorn_etl_project/retail_etl/etl_pipeline_project/venv/lib/python3.10/site-packages/airflow/example_dags/example_dag_decorator.py
[2025-07-04T16:13:09.895+0530] {processor.py:839} INFO - DAG(s) dict_keys(['example_dag_decorator']) retrieved from /Users/vaish/databorn_etl_project/retail_etl/etl_pipeline_project/venv/lib/python3.10/site-packages/airflow/example_dags/example_dag_decorator.py
[2025-07-04T16:13:10.917+0530] {logging_mixin.py:154} INFO - [2025-07-04T16:13:10.917+0530] {dag.py:2941} INFO - Sync 1 DAGs
[2025-07-04T16:13:10.928+0530] {logging_mixin.py:154} INFO - [2025-07-04T16:13:10.928+0530] {dag.py:3722} INFO - Setting next_dagrun for example_dag_decorator to None, run_after=None
[2025-07-04T16:13:10.954+0530] {processor.py:179} INFO - Processing /Users/vaish/databorn_etl_project/retail_etl/etl_pipeline_project/venv/lib/python3.10/site-packages/airflow/example_dags/example_dag_decorator.py took 1.266 seconds
[2025-07-04T16:15:25.827+0530] {processor.py:157} INFO - Started process (PID=33612) to work on /Users/vaish/databorn_etl_project/retail_etl/etl_pipeline_project/venv/lib/python3.10/site-packages/airflow/example_dags/example_dag_decorator.py
[2025-07-04T16:15:25.828+0530] {processor.py:829} INFO - Processing file /Users/vaish/databorn_etl_project/retail_etl/etl_pipeline_project/venv/lib/python3.10/site-packages/airflow/example_dags/example_dag_decorator.py for tasks to queue
[2025-07-04T16:15:25.829+0530] {logging_mixin.py:154} INFO - [2025-07-04T16:15:25.829+0530] {dagbag.py:536} INFO - Filling up the DagBag from /Users/vaish/databorn_etl_project/retail_etl/etl_pipeline_project/venv/lib/python3.10/site-packages/airflow/example_dags/example_dag_decorator.py
[2025-07-04T16:15:26.027+0530] {processor.py:839} INFO - DAG(s) dict_keys(['example_dag_decorator']) retrieved from /Users/vaish/databorn_etl_project/retail_etl/etl_pipeline_project/venv/lib/python3.10/site-packages/airflow/example_dags/example_dag_decorator.py
[2025-07-04T16:15:26.744+0530] {logging_mixin.py:154} INFO - [2025-07-04T16:15:26.743+0530] {dag.py:2941} INFO - Sync 1 DAGs
[2025-07-04T16:15:26.755+0530] {logging_mixin.py:154} INFO - [2025-07-04T16:15:26.755+0530] {dag.py:3722} INFO - Setting next_dagrun for example_dag_decorator to None, run_after=None
[2025-07-04T16:15:26.785+0530] {processor.py:179} INFO - Processing /Users/vaish/databorn_etl_project/retail_etl/etl_pipeline_project/venv/lib/python3.10/site-packages/airflow/example_dags/example_dag_decorator.py took 0.959 seconds
