[2025-07-04T14:05:48.857+0530] {processor.py:157} INFO - Started process (PID=11716) to work on /Users/vaish/databorn_etl_project/retail_etl/etl_pipeline_project/venv/lib/python3.10/site-packages/airflow/example_dags/example_complex.py
[2025-07-04T14:05:48.858+0530] {processor.py:829} INFO - Processing file /Users/vaish/databorn_etl_project/retail_etl/etl_pipeline_project/venv/lib/python3.10/site-packages/airflow/example_dags/example_complex.py for tasks to queue
[2025-07-04T14:05:48.859+0530] {logging_mixin.py:154} INFO - [2025-07-04T14:05:48.859+0530] {dagbag.py:536} INFO - Filling up the DagBag from /Users/vaish/databorn_etl_project/retail_etl/etl_pipeline_project/venv/lib/python3.10/site-packages/airflow/example_dags/example_complex.py
[2025-07-04T14:05:48.898+0530] {processor.py:839} INFO - DAG(s) dict_keys(['example_complex']) retrieved from /Users/vaish/databorn_etl_project/retail_etl/etl_pipeline_project/venv/lib/python3.10/site-packages/airflow/example_dags/example_complex.py
[2025-07-04T14:05:49.636+0530] {logging_mixin.py:154} INFO - [2025-07-04T14:05:49.635+0530] {manager.py:499} INFO - Created Permission View: %s
[2025-07-04T14:05:49.646+0530] {logging_mixin.py:154} INFO - [2025-07-04T14:05:49.646+0530] {manager.py:499} INFO - Created Permission View: %s
[2025-07-04T14:05:49.654+0530] {logging_mixin.py:154} INFO - [2025-07-04T14:05:49.654+0530] {manager.py:499} INFO - Created Permission View: %s
[2025-07-04T14:05:49.654+0530] {logging_mixin.py:154} INFO - [2025-07-04T14:05:49.654+0530] {dag.py:2941} INFO - Sync 1 DAGs
[2025-07-04T14:05:49.667+0530] {logging_mixin.py:154} INFO - [2025-07-04T14:05:49.667+0530] {dag.py:2963} INFO - Creating ORM DAG for example_complex
[2025-07-04T14:05:49.667+0530] {logging_mixin.py:154} INFO - [2025-07-04T14:05:49.667+0530] {dag.py:3722} INFO - Setting next_dagrun for example_complex to None, run_after=None
[2025-07-04T14:05:49.688+0530] {processor.py:179} INFO - Processing /Users/vaish/databorn_etl_project/retail_etl/etl_pipeline_project/venv/lib/python3.10/site-packages/airflow/example_dags/example_complex.py took 0.832 seconds
[2025-07-04T14:12:14.477+0530] {processor.py:157} INFO - Started process (PID=12277) to work on /Users/vaish/databorn_etl_project/retail_etl/etl_pipeline_project/venv/lib/python3.10/site-packages/airflow/example_dags/example_complex.py
[2025-07-04T14:12:14.478+0530] {processor.py:829} INFO - Processing file /Users/vaish/databorn_etl_project/retail_etl/etl_pipeline_project/venv/lib/python3.10/site-packages/airflow/example_dags/example_complex.py for tasks to queue
[2025-07-04T14:12:14.478+0530] {logging_mixin.py:154} INFO - [2025-07-04T14:12:14.478+0530] {dagbag.py:536} INFO - Filling up the DagBag from /Users/vaish/databorn_etl_project/retail_etl/etl_pipeline_project/venv/lib/python3.10/site-packages/airflow/example_dags/example_complex.py
[2025-07-04T14:12:14.511+0530] {processor.py:839} INFO - DAG(s) dict_keys(['example_complex']) retrieved from /Users/vaish/databorn_etl_project/retail_etl/etl_pipeline_project/venv/lib/python3.10/site-packages/airflow/example_dags/example_complex.py
[2025-07-04T14:12:14.737+0530] {logging_mixin.py:154} INFO - [2025-07-04T14:12:14.737+0530] {dag.py:2941} INFO - Sync 1 DAGs
[2025-07-04T14:12:14.748+0530] {logging_mixin.py:154} INFO - [2025-07-04T14:12:14.748+0530] {dag.py:3722} INFO - Setting next_dagrun for example_complex to None, run_after=None
[2025-07-04T14:12:14.776+0530] {processor.py:179} INFO - Processing /Users/vaish/databorn_etl_project/retail_etl/etl_pipeline_project/venv/lib/python3.10/site-packages/airflow/example_dags/example_complex.py took 0.300 seconds
[2025-07-04T14:15:47.040+0530] {processor.py:157} INFO - Started process (PID=12620) to work on /Users/vaish/databorn_etl_project/retail_etl/etl_pipeline_project/venv/lib/python3.10/site-packages/airflow/example_dags/example_complex.py
[2025-07-04T14:15:47.047+0530] {processor.py:829} INFO - Processing file /Users/vaish/databorn_etl_project/retail_etl/etl_pipeline_project/venv/lib/python3.10/site-packages/airflow/example_dags/example_complex.py for tasks to queue
[2025-07-04T14:15:47.049+0530] {logging_mixin.py:154} INFO - [2025-07-04T14:15:47.048+0530] {dagbag.py:536} INFO - Filling up the DagBag from /Users/vaish/databorn_etl_project/retail_etl/etl_pipeline_project/venv/lib/python3.10/site-packages/airflow/example_dags/example_complex.py
[2025-07-04T14:15:47.081+0530] {processor.py:839} INFO - DAG(s) dict_keys(['example_complex']) retrieved from /Users/vaish/databorn_etl_project/retail_etl/etl_pipeline_project/venv/lib/python3.10/site-packages/airflow/example_dags/example_complex.py
[2025-07-04T14:15:47.301+0530] {logging_mixin.py:154} INFO - [2025-07-04T14:15:47.301+0530] {dag.py:2941} INFO - Sync 1 DAGs
[2025-07-04T14:15:47.312+0530] {logging_mixin.py:154} INFO - [2025-07-04T14:15:47.312+0530] {dag.py:3722} INFO - Setting next_dagrun for example_complex to None, run_after=None
[2025-07-04T14:15:47.340+0530] {processor.py:179} INFO - Processing /Users/vaish/databorn_etl_project/retail_etl/etl_pipeline_project/venv/lib/python3.10/site-packages/airflow/example_dags/example_complex.py took 0.301 seconds
[2025-07-04T14:18:56.209+0530] {processor.py:157} INFO - Started process (PID=12884) to work on /Users/vaish/databorn_etl_project/retail_etl/etl_pipeline_project/venv/lib/python3.10/site-packages/airflow/example_dags/example_complex.py
[2025-07-04T14:18:56.210+0530] {processor.py:829} INFO - Processing file /Users/vaish/databorn_etl_project/retail_etl/etl_pipeline_project/venv/lib/python3.10/site-packages/airflow/example_dags/example_complex.py for tasks to queue
[2025-07-04T14:18:56.210+0530] {logging_mixin.py:154} INFO - [2025-07-04T14:18:56.210+0530] {dagbag.py:536} INFO - Filling up the DagBag from /Users/vaish/databorn_etl_project/retail_etl/etl_pipeline_project/venv/lib/python3.10/site-packages/airflow/example_dags/example_complex.py
[2025-07-04T14:18:56.243+0530] {processor.py:839} INFO - DAG(s) dict_keys(['example_complex']) retrieved from /Users/vaish/databorn_etl_project/retail_etl/etl_pipeline_project/venv/lib/python3.10/site-packages/airflow/example_dags/example_complex.py
[2025-07-04T14:18:56.472+0530] {logging_mixin.py:154} INFO - [2025-07-04T14:18:56.472+0530] {dag.py:2941} INFO - Sync 1 DAGs
[2025-07-04T14:18:56.484+0530] {logging_mixin.py:154} INFO - [2025-07-04T14:18:56.484+0530] {dag.py:3722} INFO - Setting next_dagrun for example_complex to None, run_after=None
[2025-07-04T14:18:56.511+0530] {processor.py:179} INFO - Processing /Users/vaish/databorn_etl_project/retail_etl/etl_pipeline_project/venv/lib/python3.10/site-packages/airflow/example_dags/example_complex.py took 0.303 seconds
[2025-07-04T14:22:09.662+0530] {processor.py:157} INFO - Started process (PID=13210) to work on /Users/vaish/databorn_etl_project/retail_etl/etl_pipeline_project/venv/lib/python3.10/site-packages/airflow/example_dags/example_complex.py
[2025-07-04T14:22:09.663+0530] {processor.py:829} INFO - Processing file /Users/vaish/databorn_etl_project/retail_etl/etl_pipeline_project/venv/lib/python3.10/site-packages/airflow/example_dags/example_complex.py for tasks to queue
[2025-07-04T14:22:09.663+0530] {logging_mixin.py:154} INFO - [2025-07-04T14:22:09.663+0530] {dagbag.py:536} INFO - Filling up the DagBag from /Users/vaish/databorn_etl_project/retail_etl/etl_pipeline_project/venv/lib/python3.10/site-packages/airflow/example_dags/example_complex.py
[2025-07-04T14:22:09.698+0530] {processor.py:839} INFO - DAG(s) dict_keys(['example_complex']) retrieved from /Users/vaish/databorn_etl_project/retail_etl/etl_pipeline_project/venv/lib/python3.10/site-packages/airflow/example_dags/example_complex.py
[2025-07-04T14:22:09.927+0530] {logging_mixin.py:154} INFO - [2025-07-04T14:22:09.927+0530] {dag.py:2941} INFO - Sync 1 DAGs
[2025-07-04T14:22:09.938+0530] {logging_mixin.py:154} INFO - [2025-07-04T14:22:09.938+0530] {dag.py:3722} INFO - Setting next_dagrun for example_complex to None, run_after=None
[2025-07-04T14:22:09.965+0530] {processor.py:179} INFO - Processing /Users/vaish/databorn_etl_project/retail_etl/etl_pipeline_project/venv/lib/python3.10/site-packages/airflow/example_dags/example_complex.py took 0.305 seconds
[2025-07-04T14:25:35.277+0530] {processor.py:157} INFO - Started process (PID=13594) to work on /Users/vaish/databorn_etl_project/retail_etl/etl_pipeline_project/venv/lib/python3.10/site-packages/airflow/example_dags/example_complex.py
[2025-07-04T14:25:35.278+0530] {processor.py:829} INFO - Processing file /Users/vaish/databorn_etl_project/retail_etl/etl_pipeline_project/venv/lib/python3.10/site-packages/airflow/example_dags/example_complex.py for tasks to queue
[2025-07-04T14:25:35.278+0530] {logging_mixin.py:154} INFO - [2025-07-04T14:25:35.278+0530] {dagbag.py:536} INFO - Filling up the DagBag from /Users/vaish/databorn_etl_project/retail_etl/etl_pipeline_project/venv/lib/python3.10/site-packages/airflow/example_dags/example_complex.py
[2025-07-04T14:25:35.314+0530] {processor.py:839} INFO - DAG(s) dict_keys(['example_complex']) retrieved from /Users/vaish/databorn_etl_project/retail_etl/etl_pipeline_project/venv/lib/python3.10/site-packages/airflow/example_dags/example_complex.py
[2025-07-04T14:25:35.554+0530] {logging_mixin.py:154} INFO - [2025-07-04T14:25:35.554+0530] {dag.py:2941} INFO - Sync 1 DAGs
[2025-07-04T14:25:35.565+0530] {logging_mixin.py:154} INFO - [2025-07-04T14:25:35.565+0530] {dag.py:3722} INFO - Setting next_dagrun for example_complex to None, run_after=None
[2025-07-04T14:25:35.593+0530] {processor.py:179} INFO - Processing /Users/vaish/databorn_etl_project/retail_etl/etl_pipeline_project/venv/lib/python3.10/site-packages/airflow/example_dags/example_complex.py took 0.318 seconds
[2025-07-04T14:29:08.481+0530] {processor.py:157} INFO - Started process (PID=13886) to work on /Users/vaish/databorn_etl_project/retail_etl/etl_pipeline_project/venv/lib/python3.10/site-packages/airflow/example_dags/example_complex.py
[2025-07-04T14:29:08.488+0530] {processor.py:829} INFO - Processing file /Users/vaish/databorn_etl_project/retail_etl/etl_pipeline_project/venv/lib/python3.10/site-packages/airflow/example_dags/example_complex.py for tasks to queue
[2025-07-04T14:29:08.489+0530] {logging_mixin.py:154} INFO - [2025-07-04T14:29:08.489+0530] {dagbag.py:536} INFO - Filling up the DagBag from /Users/vaish/databorn_etl_project/retail_etl/etl_pipeline_project/venv/lib/python3.10/site-packages/airflow/example_dags/example_complex.py
[2025-07-04T14:29:08.530+0530] {processor.py:839} INFO - DAG(s) dict_keys(['example_complex']) retrieved from /Users/vaish/databorn_etl_project/retail_etl/etl_pipeline_project/venv/lib/python3.10/site-packages/airflow/example_dags/example_complex.py
[2025-07-04T14:29:08.784+0530] {logging_mixin.py:154} INFO - [2025-07-04T14:29:08.784+0530] {dag.py:2941} INFO - Sync 1 DAGs
[2025-07-04T14:29:08.795+0530] {logging_mixin.py:154} INFO - [2025-07-04T14:29:08.795+0530] {dag.py:3722} INFO - Setting next_dagrun for example_complex to None, run_after=None
[2025-07-04T14:29:08.823+0530] {processor.py:179} INFO - Processing /Users/vaish/databorn_etl_project/retail_etl/etl_pipeline_project/venv/lib/python3.10/site-packages/airflow/example_dags/example_complex.py took 0.343 seconds
[2025-07-04T14:34:07.742+0530] {processor.py:157} INFO - Started process (PID=14600) to work on /Users/vaish/databorn_etl_project/retail_etl/etl_pipeline_project/venv/lib/python3.10/site-packages/airflow/example_dags/example_complex.py
[2025-07-04T14:34:07.748+0530] {processor.py:829} INFO - Processing file /Users/vaish/databorn_etl_project/retail_etl/etl_pipeline_project/venv/lib/python3.10/site-packages/airflow/example_dags/example_complex.py for tasks to queue
[2025-07-04T14:34:07.750+0530] {logging_mixin.py:154} INFO - [2025-07-04T14:34:07.749+0530] {dagbag.py:536} INFO - Filling up the DagBag from /Users/vaish/databorn_etl_project/retail_etl/etl_pipeline_project/venv/lib/python3.10/site-packages/airflow/example_dags/example_complex.py
[2025-07-04T14:34:07.785+0530] {processor.py:839} INFO - DAG(s) dict_keys(['example_complex']) retrieved from /Users/vaish/databorn_etl_project/retail_etl/etl_pipeline_project/venv/lib/python3.10/site-packages/airflow/example_dags/example_complex.py
[2025-07-04T14:34:08.029+0530] {logging_mixin.py:154} INFO - [2025-07-04T14:34:08.029+0530] {dag.py:2941} INFO - Sync 1 DAGs
[2025-07-04T14:34:08.041+0530] {logging_mixin.py:154} INFO - [2025-07-04T14:34:08.041+0530] {dag.py:3722} INFO - Setting next_dagrun for example_complex to None, run_after=None
[2025-07-04T14:34:08.068+0530] {processor.py:179} INFO - Processing /Users/vaish/databorn_etl_project/retail_etl/etl_pipeline_project/venv/lib/python3.10/site-packages/airflow/example_dags/example_complex.py took 0.328 seconds
[2025-07-04T14:36:14.191+0530] {processor.py:157} INFO - Started process (PID=14971) to work on /Users/vaish/databorn_etl_project/retail_etl/etl_pipeline_project/venv/lib/python3.10/site-packages/airflow/example_dags/example_complex.py
[2025-07-04T14:36:14.198+0530] {processor.py:829} INFO - Processing file /Users/vaish/databorn_etl_project/retail_etl/etl_pipeline_project/venv/lib/python3.10/site-packages/airflow/example_dags/example_complex.py for tasks to queue
[2025-07-04T14:36:14.199+0530] {logging_mixin.py:154} INFO - [2025-07-04T14:36:14.198+0530] {dagbag.py:536} INFO - Filling up the DagBag from /Users/vaish/databorn_etl_project/retail_etl/etl_pipeline_project/venv/lib/python3.10/site-packages/airflow/example_dags/example_complex.py
[2025-07-04T14:36:14.232+0530] {processor.py:839} INFO - DAG(s) dict_keys(['example_complex']) retrieved from /Users/vaish/databorn_etl_project/retail_etl/etl_pipeline_project/venv/lib/python3.10/site-packages/airflow/example_dags/example_complex.py
[2025-07-04T14:36:14.453+0530] {logging_mixin.py:154} INFO - [2025-07-04T14:36:14.453+0530] {dag.py:2941} INFO - Sync 1 DAGs
[2025-07-04T14:36:14.464+0530] {logging_mixin.py:154} INFO - [2025-07-04T14:36:14.463+0530] {dag.py:3722} INFO - Setting next_dagrun for example_complex to None, run_after=None
[2025-07-04T14:36:14.490+0530] {processor.py:179} INFO - Processing /Users/vaish/databorn_etl_project/retail_etl/etl_pipeline_project/venv/lib/python3.10/site-packages/airflow/example_dags/example_complex.py took 0.300 seconds
[2025-07-04T14:37:31.510+0530] {processor.py:157} INFO - Started process (PID=15134) to work on /Users/vaish/databorn_etl_project/retail_etl/etl_pipeline_project/venv/lib/python3.10/site-packages/airflow/example_dags/example_complex.py
[2025-07-04T14:37:31.511+0530] {processor.py:829} INFO - Processing file /Users/vaish/databorn_etl_project/retail_etl/etl_pipeline_project/venv/lib/python3.10/site-packages/airflow/example_dags/example_complex.py for tasks to queue
[2025-07-04T14:37:31.511+0530] {logging_mixin.py:154} INFO - [2025-07-04T14:37:31.511+0530] {dagbag.py:536} INFO - Filling up the DagBag from /Users/vaish/databorn_etl_project/retail_etl/etl_pipeline_project/venv/lib/python3.10/site-packages/airflow/example_dags/example_complex.py
[2025-07-04T14:37:31.544+0530] {processor.py:839} INFO - DAG(s) dict_keys(['example_complex']) retrieved from /Users/vaish/databorn_etl_project/retail_etl/etl_pipeline_project/venv/lib/python3.10/site-packages/airflow/example_dags/example_complex.py
[2025-07-04T14:37:31.765+0530] {logging_mixin.py:154} INFO - [2025-07-04T14:37:31.765+0530] {dag.py:2941} INFO - Sync 1 DAGs
[2025-07-04T14:37:31.776+0530] {logging_mixin.py:154} INFO - [2025-07-04T14:37:31.775+0530] {dag.py:3722} INFO - Setting next_dagrun for example_complex to None, run_after=None
[2025-07-04T14:37:31.801+0530] {processor.py:179} INFO - Processing /Users/vaish/databorn_etl_project/retail_etl/etl_pipeline_project/venv/lib/python3.10/site-packages/airflow/example_dags/example_complex.py took 0.293 seconds
[2025-07-04T14:39:35.189+0530] {processor.py:157} INFO - Started process (PID=15527) to work on /Users/vaish/databorn_etl_project/retail_etl/etl_pipeline_project/venv/lib/python3.10/site-packages/airflow/example_dags/example_complex.py
[2025-07-04T14:39:35.190+0530] {processor.py:829} INFO - Processing file /Users/vaish/databorn_etl_project/retail_etl/etl_pipeline_project/venv/lib/python3.10/site-packages/airflow/example_dags/example_complex.py for tasks to queue
[2025-07-04T14:39:35.191+0530] {logging_mixin.py:154} INFO - [2025-07-04T14:39:35.191+0530] {dagbag.py:536} INFO - Filling up the DagBag from /Users/vaish/databorn_etl_project/retail_etl/etl_pipeline_project/venv/lib/python3.10/site-packages/airflow/example_dags/example_complex.py
[2025-07-04T14:39:35.224+0530] {processor.py:839} INFO - DAG(s) dict_keys(['example_complex']) retrieved from /Users/vaish/databorn_etl_project/retail_etl/etl_pipeline_project/venv/lib/python3.10/site-packages/airflow/example_dags/example_complex.py
[2025-07-04T14:39:35.449+0530] {logging_mixin.py:154} INFO - [2025-07-04T14:39:35.449+0530] {dag.py:2941} INFO - Sync 1 DAGs
[2025-07-04T14:39:35.460+0530] {logging_mixin.py:154} INFO - [2025-07-04T14:39:35.460+0530] {dag.py:3722} INFO - Setting next_dagrun for example_complex to None, run_after=None
[2025-07-04T14:39:35.488+0530] {processor.py:179} INFO - Processing /Users/vaish/databorn_etl_project/retail_etl/etl_pipeline_project/venv/lib/python3.10/site-packages/airflow/example_dags/example_complex.py took 0.300 seconds
[2025-07-04T14:40:56.909+0530] {processor.py:157} INFO - Started process (PID=15704) to work on /Users/vaish/databorn_etl_project/retail_etl/etl_pipeline_project/venv/lib/python3.10/site-packages/airflow/example_dags/example_complex.py
[2025-07-04T14:40:56.910+0530] {processor.py:829} INFO - Processing file /Users/vaish/databorn_etl_project/retail_etl/etl_pipeline_project/venv/lib/python3.10/site-packages/airflow/example_dags/example_complex.py for tasks to queue
[2025-07-04T14:40:56.911+0530] {logging_mixin.py:154} INFO - [2025-07-04T14:40:56.911+0530] {dagbag.py:536} INFO - Filling up the DagBag from /Users/vaish/databorn_etl_project/retail_etl/etl_pipeline_project/venv/lib/python3.10/site-packages/airflow/example_dags/example_complex.py
[2025-07-04T14:40:56.957+0530] {processor.py:839} INFO - DAG(s) dict_keys(['example_complex']) retrieved from /Users/vaish/databorn_etl_project/retail_etl/etl_pipeline_project/venv/lib/python3.10/site-packages/airflow/example_dags/example_complex.py
[2025-07-04T14:40:57.245+0530] {logging_mixin.py:154} INFO - [2025-07-04T14:40:57.245+0530] {dag.py:2941} INFO - Sync 1 DAGs
[2025-07-04T14:40:57.258+0530] {logging_mixin.py:154} INFO - [2025-07-04T14:40:57.258+0530] {dag.py:3722} INFO - Setting next_dagrun for example_complex to None, run_after=None
[2025-07-04T14:40:57.290+0530] {processor.py:179} INFO - Processing /Users/vaish/databorn_etl_project/retail_etl/etl_pipeline_project/venv/lib/python3.10/site-packages/airflow/example_dags/example_complex.py took 0.382 seconds
[2025-07-04T14:43:09.494+0530] {processor.py:157} INFO - Started process (PID=16015) to work on /Users/vaish/databorn_etl_project/retail_etl/etl_pipeline_project/venv/lib/python3.10/site-packages/airflow/example_dags/example_complex.py
[2025-07-04T14:43:09.495+0530] {processor.py:829} INFO - Processing file /Users/vaish/databorn_etl_project/retail_etl/etl_pipeline_project/venv/lib/python3.10/site-packages/airflow/example_dags/example_complex.py for tasks to queue
[2025-07-04T14:43:09.496+0530] {logging_mixin.py:154} INFO - [2025-07-04T14:43:09.496+0530] {dagbag.py:536} INFO - Filling up the DagBag from /Users/vaish/databorn_etl_project/retail_etl/etl_pipeline_project/venv/lib/python3.10/site-packages/airflow/example_dags/example_complex.py
[2025-07-04T14:43:09.535+0530] {processor.py:839} INFO - DAG(s) dict_keys(['example_complex']) retrieved from /Users/vaish/databorn_etl_project/retail_etl/etl_pipeline_project/venv/lib/python3.10/site-packages/airflow/example_dags/example_complex.py
[2025-07-04T14:43:09.760+0530] {logging_mixin.py:154} INFO - [2025-07-04T14:43:09.760+0530] {dag.py:2941} INFO - Sync 1 DAGs
[2025-07-04T14:43:09.774+0530] {logging_mixin.py:154} INFO - [2025-07-04T14:43:09.774+0530] {dag.py:3722} INFO - Setting next_dagrun for example_complex to None, run_after=None
[2025-07-04T14:43:09.795+0530] {processor.py:179} INFO - Processing /Users/vaish/databorn_etl_project/retail_etl/etl_pipeline_project/venv/lib/python3.10/site-packages/airflow/example_dags/example_complex.py took 0.302 seconds
[2025-07-04T14:43:59.717+0530] {processor.py:157} INFO - Started process (PID=16125) to work on /Users/vaish/databorn_etl_project/retail_etl/etl_pipeline_project/venv/lib/python3.10/site-packages/airflow/example_dags/example_complex.py
[2025-07-04T14:43:59.718+0530] {processor.py:829} INFO - Processing file /Users/vaish/databorn_etl_project/retail_etl/etl_pipeline_project/venv/lib/python3.10/site-packages/airflow/example_dags/example_complex.py for tasks to queue
[2025-07-04T14:43:59.719+0530] {logging_mixin.py:154} INFO - [2025-07-04T14:43:59.718+0530] {dagbag.py:536} INFO - Filling up the DagBag from /Users/vaish/databorn_etl_project/retail_etl/etl_pipeline_project/venv/lib/python3.10/site-packages/airflow/example_dags/example_complex.py
[2025-07-04T14:43:59.754+0530] {processor.py:839} INFO - DAG(s) dict_keys(['example_complex']) retrieved from /Users/vaish/databorn_etl_project/retail_etl/etl_pipeline_project/venv/lib/python3.10/site-packages/airflow/example_dags/example_complex.py
[2025-07-04T14:44:00.011+0530] {logging_mixin.py:154} INFO - [2025-07-04T14:44:00.010+0530] {dag.py:2941} INFO - Sync 1 DAGs
[2025-07-04T14:44:00.022+0530] {logging_mixin.py:154} INFO - [2025-07-04T14:44:00.022+0530] {dag.py:3722} INFO - Setting next_dagrun for example_complex to None, run_after=None
[2025-07-04T14:44:00.055+0530] {processor.py:179} INFO - Processing /Users/vaish/databorn_etl_project/retail_etl/etl_pipeline_project/venv/lib/python3.10/site-packages/airflow/example_dags/example_complex.py took 0.339 seconds
[2025-07-04T14:46:36.295+0530] {processor.py:157} INFO - Started process (PID=16605) to work on /Users/vaish/databorn_etl_project/retail_etl/etl_pipeline_project/venv/lib/python3.10/site-packages/airflow/example_dags/example_complex.py
[2025-07-04T14:46:36.302+0530] {processor.py:829} INFO - Processing file /Users/vaish/databorn_etl_project/retail_etl/etl_pipeline_project/venv/lib/python3.10/site-packages/airflow/example_dags/example_complex.py for tasks to queue
[2025-07-04T14:46:36.303+0530] {logging_mixin.py:154} INFO - [2025-07-04T14:46:36.303+0530] {dagbag.py:536} INFO - Filling up the DagBag from /Users/vaish/databorn_etl_project/retail_etl/etl_pipeline_project/venv/lib/python3.10/site-packages/airflow/example_dags/example_complex.py
[2025-07-04T14:46:36.337+0530] {processor.py:839} INFO - DAG(s) dict_keys(['example_complex']) retrieved from /Users/vaish/databorn_etl_project/retail_etl/etl_pipeline_project/venv/lib/python3.10/site-packages/airflow/example_dags/example_complex.py
[2025-07-04T14:46:36.557+0530] {logging_mixin.py:154} INFO - [2025-07-04T14:46:36.556+0530] {dag.py:2941} INFO - Sync 1 DAGs
[2025-07-04T14:46:36.567+0530] {logging_mixin.py:154} INFO - [2025-07-04T14:46:36.567+0530] {dag.py:3722} INFO - Setting next_dagrun for example_complex to None, run_after=None
[2025-07-04T14:46:36.594+0530] {processor.py:179} INFO - Processing /Users/vaish/databorn_etl_project/retail_etl/etl_pipeline_project/venv/lib/python3.10/site-packages/airflow/example_dags/example_complex.py took 0.300 seconds
[2025-07-04T14:49:09.074+0530] {processor.py:157} INFO - Started process (PID=16983) to work on /Users/vaish/databorn_etl_project/retail_etl/etl_pipeline_project/venv/lib/python3.10/site-packages/airflow/example_dags/example_complex.py
[2025-07-04T14:49:09.075+0530] {processor.py:829} INFO - Processing file /Users/vaish/databorn_etl_project/retail_etl/etl_pipeline_project/venv/lib/python3.10/site-packages/airflow/example_dags/example_complex.py for tasks to queue
[2025-07-04T14:49:09.075+0530] {logging_mixin.py:154} INFO - [2025-07-04T14:49:09.075+0530] {dagbag.py:536} INFO - Filling up the DagBag from /Users/vaish/databorn_etl_project/retail_etl/etl_pipeline_project/venv/lib/python3.10/site-packages/airflow/example_dags/example_complex.py
[2025-07-04T14:49:09.119+0530] {processor.py:839} INFO - DAG(s) dict_keys(['example_complex']) retrieved from /Users/vaish/databorn_etl_project/retail_etl/etl_pipeline_project/venv/lib/python3.10/site-packages/airflow/example_dags/example_complex.py
[2025-07-04T14:49:09.362+0530] {logging_mixin.py:154} INFO - [2025-07-04T14:49:09.361+0530] {dag.py:2941} INFO - Sync 1 DAGs
[2025-07-04T14:49:09.374+0530] {logging_mixin.py:154} INFO - [2025-07-04T14:49:09.373+0530] {dag.py:3722} INFO - Setting next_dagrun for example_complex to None, run_after=None
[2025-07-04T14:49:09.401+0530] {processor.py:179} INFO - Processing /Users/vaish/databorn_etl_project/retail_etl/etl_pipeline_project/venv/lib/python3.10/site-packages/airflow/example_dags/example_complex.py took 0.329 seconds
[2025-07-04T14:49:59.787+0530] {processor.py:157} INFO - Started process (PID=17090) to work on /Users/vaish/databorn_etl_project/retail_etl/etl_pipeline_project/venv/lib/python3.10/site-packages/airflow/example_dags/example_complex.py
[2025-07-04T14:49:59.787+0530] {processor.py:829} INFO - Processing file /Users/vaish/databorn_etl_project/retail_etl/etl_pipeline_project/venv/lib/python3.10/site-packages/airflow/example_dags/example_complex.py for tasks to queue
[2025-07-04T14:49:59.788+0530] {logging_mixin.py:154} INFO - [2025-07-04T14:49:59.788+0530] {dagbag.py:536} INFO - Filling up the DagBag from /Users/vaish/databorn_etl_project/retail_etl/etl_pipeline_project/venv/lib/python3.10/site-packages/airflow/example_dags/example_complex.py
[2025-07-04T14:49:59.824+0530] {processor.py:839} INFO - DAG(s) dict_keys(['example_complex']) retrieved from /Users/vaish/databorn_etl_project/retail_etl/etl_pipeline_project/venv/lib/python3.10/site-packages/airflow/example_dags/example_complex.py
[2025-07-04T14:50:00.072+0530] {logging_mixin.py:154} INFO - [2025-07-04T14:50:00.071+0530] {dag.py:2941} INFO - Sync 1 DAGs
[2025-07-04T14:50:00.084+0530] {logging_mixin.py:154} INFO - [2025-07-04T14:50:00.083+0530] {dag.py:3722} INFO - Setting next_dagrun for example_complex to None, run_after=None
[2025-07-04T14:50:00.110+0530] {processor.py:179} INFO - Processing /Users/vaish/databorn_etl_project/retail_etl/etl_pipeline_project/venv/lib/python3.10/site-packages/airflow/example_dags/example_complex.py took 0.325 seconds
[2025-07-04T14:52:35.327+0530] {processor.py:157} INFO - Started process (PID=17433) to work on /Users/vaish/databorn_etl_project/retail_etl/etl_pipeline_project/venv/lib/python3.10/site-packages/airflow/example_dags/example_complex.py
[2025-07-04T14:52:35.328+0530] {processor.py:829} INFO - Processing file /Users/vaish/databorn_etl_project/retail_etl/etl_pipeline_project/venv/lib/python3.10/site-packages/airflow/example_dags/example_complex.py for tasks to queue
[2025-07-04T14:52:35.329+0530] {logging_mixin.py:154} INFO - [2025-07-04T14:52:35.329+0530] {dagbag.py:536} INFO - Filling up the DagBag from /Users/vaish/databorn_etl_project/retail_etl/etl_pipeline_project/venv/lib/python3.10/site-packages/airflow/example_dags/example_complex.py
[2025-07-04T14:52:35.364+0530] {processor.py:839} INFO - DAG(s) dict_keys(['example_complex']) retrieved from /Users/vaish/databorn_etl_project/retail_etl/etl_pipeline_project/venv/lib/python3.10/site-packages/airflow/example_dags/example_complex.py
[2025-07-04T14:52:35.609+0530] {logging_mixin.py:154} INFO - [2025-07-04T14:52:35.608+0530] {dag.py:2941} INFO - Sync 1 DAGs
[2025-07-04T14:52:35.621+0530] {logging_mixin.py:154} INFO - [2025-07-04T14:52:35.621+0530] {dag.py:3722} INFO - Setting next_dagrun for example_complex to None, run_after=None
[2025-07-04T14:52:35.649+0530] {processor.py:179} INFO - Processing /Users/vaish/databorn_etl_project/retail_etl/etl_pipeline_project/venv/lib/python3.10/site-packages/airflow/example_dags/example_complex.py took 0.323 seconds
[2025-07-04T14:53:33.016+0530] {processor.py:157} INFO - Started process (PID=17553) to work on /Users/vaish/databorn_etl_project/retail_etl/etl_pipeline_project/venv/lib/python3.10/site-packages/airflow/example_dags/example_complex.py
[2025-07-04T14:53:33.019+0530] {processor.py:829} INFO - Processing file /Users/vaish/databorn_etl_project/retail_etl/etl_pipeline_project/venv/lib/python3.10/site-packages/airflow/example_dags/example_complex.py for tasks to queue
[2025-07-04T14:53:33.020+0530] {logging_mixin.py:154} INFO - [2025-07-04T14:53:33.020+0530] {dagbag.py:536} INFO - Filling up the DagBag from /Users/vaish/databorn_etl_project/retail_etl/etl_pipeline_project/venv/lib/python3.10/site-packages/airflow/example_dags/example_complex.py
[2025-07-04T14:53:33.058+0530] {processor.py:839} INFO - DAG(s) dict_keys(['example_complex']) retrieved from /Users/vaish/databorn_etl_project/retail_etl/etl_pipeline_project/venv/lib/python3.10/site-packages/airflow/example_dags/example_complex.py
[2025-07-04T14:53:33.308+0530] {logging_mixin.py:154} INFO - [2025-07-04T14:53:33.307+0530] {dag.py:2941} INFO - Sync 1 DAGs
[2025-07-04T14:53:33.319+0530] {logging_mixin.py:154} INFO - [2025-07-04T14:53:33.318+0530] {dag.py:3722} INFO - Setting next_dagrun for example_complex to None, run_after=None
[2025-07-04T14:53:33.347+0530] {processor.py:179} INFO - Processing /Users/vaish/databorn_etl_project/retail_etl/etl_pipeline_project/venv/lib/python3.10/site-packages/airflow/example_dags/example_complex.py took 0.332 seconds
[2025-07-04T14:56:01.890+0530] {processor.py:157} INFO - Started process (PID=17855) to work on /Users/vaish/databorn_etl_project/retail_etl/etl_pipeline_project/venv/lib/python3.10/site-packages/airflow/example_dags/example_complex.py
[2025-07-04T14:56:01.891+0530] {processor.py:829} INFO - Processing file /Users/vaish/databorn_etl_project/retail_etl/etl_pipeline_project/venv/lib/python3.10/site-packages/airflow/example_dags/example_complex.py for tasks to queue
[2025-07-04T14:56:01.892+0530] {logging_mixin.py:154} INFO - [2025-07-04T14:56:01.892+0530] {dagbag.py:536} INFO - Filling up the DagBag from /Users/vaish/databorn_etl_project/retail_etl/etl_pipeline_project/venv/lib/python3.10/site-packages/airflow/example_dags/example_complex.py
[2025-07-04T14:56:01.929+0530] {processor.py:839} INFO - DAG(s) dict_keys(['example_complex']) retrieved from /Users/vaish/databorn_etl_project/retail_etl/etl_pipeline_project/venv/lib/python3.10/site-packages/airflow/example_dags/example_complex.py
[2025-07-04T14:56:02.171+0530] {logging_mixin.py:154} INFO - [2025-07-04T14:56:02.171+0530] {dag.py:2941} INFO - Sync 1 DAGs
[2025-07-04T14:56:02.183+0530] {logging_mixin.py:154} INFO - [2025-07-04T14:56:02.183+0530] {dag.py:3722} INFO - Setting next_dagrun for example_complex to None, run_after=None
[2025-07-04T14:56:02.205+0530] {processor.py:179} INFO - Processing /Users/vaish/databorn_etl_project/retail_etl/etl_pipeline_project/venv/lib/python3.10/site-packages/airflow/example_dags/example_complex.py took 0.316 seconds
[2025-07-04T14:56:59.840+0530] {processor.py:157} INFO - Started process (PID=17974) to work on /Users/vaish/databorn_etl_project/retail_etl/etl_pipeline_project/venv/lib/python3.10/site-packages/airflow/example_dags/example_complex.py
[2025-07-04T14:56:59.840+0530] {processor.py:829} INFO - Processing file /Users/vaish/databorn_etl_project/retail_etl/etl_pipeline_project/venv/lib/python3.10/site-packages/airflow/example_dags/example_complex.py for tasks to queue
[2025-07-04T14:56:59.841+0530] {logging_mixin.py:154} INFO - [2025-07-04T14:56:59.841+0530] {dagbag.py:536} INFO - Filling up the DagBag from /Users/vaish/databorn_etl_project/retail_etl/etl_pipeline_project/venv/lib/python3.10/site-packages/airflow/example_dags/example_complex.py
[2025-07-04T14:56:59.875+0530] {processor.py:839} INFO - DAG(s) dict_keys(['example_complex']) retrieved from /Users/vaish/databorn_etl_project/retail_etl/etl_pipeline_project/venv/lib/python3.10/site-packages/airflow/example_dags/example_complex.py
[2025-07-04T14:57:00.112+0530] {logging_mixin.py:154} INFO - [2025-07-04T14:57:00.111+0530] {dag.py:2941} INFO - Sync 1 DAGs
[2025-07-04T14:57:00.123+0530] {logging_mixin.py:154} INFO - [2025-07-04T14:57:00.123+0530] {dag.py:3722} INFO - Setting next_dagrun for example_complex to None, run_after=None
[2025-07-04T14:57:00.151+0530] {processor.py:179} INFO - Processing /Users/vaish/databorn_etl_project/retail_etl/etl_pipeline_project/venv/lib/python3.10/site-packages/airflow/example_dags/example_complex.py took 0.313 seconds
[2025-07-04T14:59:25.364+0530] {processor.py:157} INFO - Started process (PID=18271) to work on /Users/vaish/databorn_etl_project/retail_etl/etl_pipeline_project/venv/lib/python3.10/site-packages/airflow/example_dags/example_complex.py
[2025-07-04T14:59:25.365+0530] {processor.py:829} INFO - Processing file /Users/vaish/databorn_etl_project/retail_etl/etl_pipeline_project/venv/lib/python3.10/site-packages/airflow/example_dags/example_complex.py for tasks to queue
[2025-07-04T14:59:25.365+0530] {logging_mixin.py:154} INFO - [2025-07-04T14:59:25.365+0530] {dagbag.py:536} INFO - Filling up the DagBag from /Users/vaish/databorn_etl_project/retail_etl/etl_pipeline_project/venv/lib/python3.10/site-packages/airflow/example_dags/example_complex.py
[2025-07-04T14:59:25.398+0530] {processor.py:839} INFO - DAG(s) dict_keys(['example_complex']) retrieved from /Users/vaish/databorn_etl_project/retail_etl/etl_pipeline_project/venv/lib/python3.10/site-packages/airflow/example_dags/example_complex.py
[2025-07-04T14:59:25.620+0530] {logging_mixin.py:154} INFO - [2025-07-04T14:59:25.620+0530] {dag.py:2941} INFO - Sync 1 DAGs
[2025-07-04T14:59:25.631+0530] {logging_mixin.py:154} INFO - [2025-07-04T14:59:25.631+0530] {dag.py:3722} INFO - Setting next_dagrun for example_complex to None, run_after=None
[2025-07-04T14:59:25.657+0530] {processor.py:179} INFO - Processing /Users/vaish/databorn_etl_project/retail_etl/etl_pipeline_project/venv/lib/python3.10/site-packages/airflow/example_dags/example_complex.py took 0.294 seconds
[2025-07-04T15:00:13.478+0530] {processor.py:157} INFO - Started process (PID=18374) to work on /Users/vaish/databorn_etl_project/retail_etl/etl_pipeline_project/venv/lib/python3.10/site-packages/airflow/example_dags/example_complex.py
[2025-07-04T15:00:13.479+0530] {processor.py:829} INFO - Processing file /Users/vaish/databorn_etl_project/retail_etl/etl_pipeline_project/venv/lib/python3.10/site-packages/airflow/example_dags/example_complex.py for tasks to queue
[2025-07-04T15:00:13.480+0530] {logging_mixin.py:154} INFO - [2025-07-04T15:00:13.480+0530] {dagbag.py:536} INFO - Filling up the DagBag from /Users/vaish/databorn_etl_project/retail_etl/etl_pipeline_project/venv/lib/python3.10/site-packages/airflow/example_dags/example_complex.py
[2025-07-04T15:00:13.512+0530] {processor.py:839} INFO - DAG(s) dict_keys(['example_complex']) retrieved from /Users/vaish/databorn_etl_project/retail_etl/etl_pipeline_project/venv/lib/python3.10/site-packages/airflow/example_dags/example_complex.py
[2025-07-04T15:00:13.729+0530] {logging_mixin.py:154} INFO - [2025-07-04T15:00:13.729+0530] {dag.py:2941} INFO - Sync 1 DAGs
[2025-07-04T15:00:13.740+0530] {logging_mixin.py:154} INFO - [2025-07-04T15:00:13.740+0530] {dag.py:3722} INFO - Setting next_dagrun for example_complex to None, run_after=None
[2025-07-04T15:00:13.767+0530] {processor.py:179} INFO - Processing /Users/vaish/databorn_etl_project/retail_etl/etl_pipeline_project/venv/lib/python3.10/site-packages/airflow/example_dags/example_complex.py took 0.290 seconds
[2025-07-04T15:02:39.733+0530] {processor.py:157} INFO - Started process (PID=18732) to work on /Users/vaish/databorn_etl_project/retail_etl/etl_pipeline_project/venv/lib/python3.10/site-packages/airflow/example_dags/example_complex.py
[2025-07-04T15:02:39.734+0530] {processor.py:829} INFO - Processing file /Users/vaish/databorn_etl_project/retail_etl/etl_pipeline_project/venv/lib/python3.10/site-packages/airflow/example_dags/example_complex.py for tasks to queue
[2025-07-04T15:02:39.735+0530] {logging_mixin.py:154} INFO - [2025-07-04T15:02:39.734+0530] {dagbag.py:536} INFO - Filling up the DagBag from /Users/vaish/databorn_etl_project/retail_etl/etl_pipeline_project/venv/lib/python3.10/site-packages/airflow/example_dags/example_complex.py
[2025-07-04T15:02:39.777+0530] {processor.py:839} INFO - DAG(s) dict_keys(['example_complex']) retrieved from /Users/vaish/databorn_etl_project/retail_etl/etl_pipeline_project/venv/lib/python3.10/site-packages/airflow/example_dags/example_complex.py
[2025-07-04T15:02:40.032+0530] {logging_mixin.py:154} INFO - [2025-07-04T15:02:40.032+0530] {dag.py:2941} INFO - Sync 1 DAGs
[2025-07-04T15:02:40.047+0530] {logging_mixin.py:154} INFO - [2025-07-04T15:02:40.046+0530] {dag.py:3722} INFO - Setting next_dagrun for example_complex to None, run_after=None
[2025-07-04T15:02:40.070+0530] {processor.py:179} INFO - Processing /Users/vaish/databorn_etl_project/retail_etl/etl_pipeline_project/venv/lib/python3.10/site-packages/airflow/example_dags/example_complex.py took 0.339 seconds
[2025-07-04T15:03:43.678+0530] {processor.py:157} INFO - Started process (PID=18917) to work on /Users/vaish/databorn_etl_project/retail_etl/etl_pipeline_project/venv/lib/python3.10/site-packages/airflow/example_dags/example_complex.py
[2025-07-04T15:03:43.680+0530] {processor.py:829} INFO - Processing file /Users/vaish/databorn_etl_project/retail_etl/etl_pipeline_project/venv/lib/python3.10/site-packages/airflow/example_dags/example_complex.py for tasks to queue
[2025-07-04T15:03:43.681+0530] {logging_mixin.py:154} INFO - [2025-07-04T15:03:43.680+0530] {dagbag.py:536} INFO - Filling up the DagBag from /Users/vaish/databorn_etl_project/retail_etl/etl_pipeline_project/venv/lib/python3.10/site-packages/airflow/example_dags/example_complex.py
[2025-07-04T15:03:43.715+0530] {processor.py:839} INFO - DAG(s) dict_keys(['example_complex']) retrieved from /Users/vaish/databorn_etl_project/retail_etl/etl_pipeline_project/venv/lib/python3.10/site-packages/airflow/example_dags/example_complex.py
[2025-07-04T15:03:43.942+0530] {logging_mixin.py:154} INFO - [2025-07-04T15:03:43.942+0530] {dag.py:2941} INFO - Sync 1 DAGs
[2025-07-04T15:03:43.955+0530] {logging_mixin.py:154} INFO - [2025-07-04T15:03:43.955+0530] {dag.py:3722} INFO - Setting next_dagrun for example_complex to None, run_after=None
[2025-07-04T15:03:43.984+0530] {processor.py:179} INFO - Processing /Users/vaish/databorn_etl_project/retail_etl/etl_pipeline_project/venv/lib/python3.10/site-packages/airflow/example_dags/example_complex.py took 0.307 seconds
[2025-07-04T15:07:17.118+0530] {processor.py:157} INFO - Started process (PID=19377) to work on /Users/vaish/databorn_etl_project/retail_etl/etl_pipeline_project/venv/lib/python3.10/site-packages/airflow/example_dags/example_complex.py
[2025-07-04T15:07:17.121+0530] {processor.py:829} INFO - Processing file /Users/vaish/databorn_etl_project/retail_etl/etl_pipeline_project/venv/lib/python3.10/site-packages/airflow/example_dags/example_complex.py for tasks to queue
[2025-07-04T15:07:17.122+0530] {logging_mixin.py:154} INFO - [2025-07-04T15:07:17.122+0530] {dagbag.py:536} INFO - Filling up the DagBag from /Users/vaish/databorn_etl_project/retail_etl/etl_pipeline_project/venv/lib/python3.10/site-packages/airflow/example_dags/example_complex.py
[2025-07-04T15:07:17.204+0530] {processor.py:839} INFO - DAG(s) dict_keys(['example_complex']) retrieved from /Users/vaish/databorn_etl_project/retail_etl/etl_pipeline_project/venv/lib/python3.10/site-packages/airflow/example_dags/example_complex.py
[2025-07-04T15:07:17.558+0530] {logging_mixin.py:154} INFO - [2025-07-04T15:07:17.558+0530] {dag.py:2941} INFO - Sync 1 DAGs
[2025-07-04T15:07:17.593+0530] {logging_mixin.py:154} INFO - [2025-07-04T15:07:17.592+0530] {dag.py:3722} INFO - Setting next_dagrun for example_complex to None, run_after=None
[2025-07-04T15:07:17.634+0530] {processor.py:179} INFO - Processing /Users/vaish/databorn_etl_project/retail_etl/etl_pipeline_project/venv/lib/python3.10/site-packages/airflow/example_dags/example_complex.py took 0.519 seconds
[2025-07-04T15:10:54.327+0530] {processor.py:157} INFO - Started process (PID=19768) to work on /Users/vaish/databorn_etl_project/retail_etl/etl_pipeline_project/venv/lib/python3.10/site-packages/airflow/example_dags/example_complex.py
[2025-07-04T15:10:54.334+0530] {processor.py:829} INFO - Processing file /Users/vaish/databorn_etl_project/retail_etl/etl_pipeline_project/venv/lib/python3.10/site-packages/airflow/example_dags/example_complex.py for tasks to queue
[2025-07-04T15:10:54.335+0530] {logging_mixin.py:154} INFO - [2025-07-04T15:10:54.335+0530] {dagbag.py:536} INFO - Filling up the DagBag from /Users/vaish/databorn_etl_project/retail_etl/etl_pipeline_project/venv/lib/python3.10/site-packages/airflow/example_dags/example_complex.py
[2025-07-04T15:10:54.370+0530] {processor.py:839} INFO - DAG(s) dict_keys(['example_complex']) retrieved from /Users/vaish/databorn_etl_project/retail_etl/etl_pipeline_project/venv/lib/python3.10/site-packages/airflow/example_dags/example_complex.py
[2025-07-04T15:10:54.591+0530] {logging_mixin.py:154} INFO - [2025-07-04T15:10:54.591+0530] {dag.py:2941} INFO - Sync 1 DAGs
[2025-07-04T15:10:54.602+0530] {logging_mixin.py:154} INFO - [2025-07-04T15:10:54.602+0530] {dag.py:3722} INFO - Setting next_dagrun for example_complex to None, run_after=None
[2025-07-04T15:10:54.629+0530] {processor.py:179} INFO - Processing /Users/vaish/databorn_etl_project/retail_etl/etl_pipeline_project/venv/lib/python3.10/site-packages/airflow/example_dags/example_complex.py took 0.304 seconds
[2025-07-04T15:14:17.075+0530] {processor.py:157} INFO - Started process (PID=20091) to work on /Users/vaish/databorn_etl_project/retail_etl/etl_pipeline_project/venv/lib/python3.10/site-packages/airflow/example_dags/example_complex.py
[2025-07-04T15:14:17.081+0530] {processor.py:829} INFO - Processing file /Users/vaish/databorn_etl_project/retail_etl/etl_pipeline_project/venv/lib/python3.10/site-packages/airflow/example_dags/example_complex.py for tasks to queue
[2025-07-04T15:14:17.083+0530] {logging_mixin.py:154} INFO - [2025-07-04T15:14:17.082+0530] {dagbag.py:536} INFO - Filling up the DagBag from /Users/vaish/databorn_etl_project/retail_etl/etl_pipeline_project/venv/lib/python3.10/site-packages/airflow/example_dags/example_complex.py
[2025-07-04T15:14:17.116+0530] {processor.py:839} INFO - DAG(s) dict_keys(['example_complex']) retrieved from /Users/vaish/databorn_etl_project/retail_etl/etl_pipeline_project/venv/lib/python3.10/site-packages/airflow/example_dags/example_complex.py
[2025-07-04T15:14:17.351+0530] {logging_mixin.py:154} INFO - [2025-07-04T15:14:17.351+0530] {dag.py:2941} INFO - Sync 1 DAGs
[2025-07-04T15:14:17.362+0530] {logging_mixin.py:154} INFO - [2025-07-04T15:14:17.362+0530] {dag.py:3722} INFO - Setting next_dagrun for example_complex to None, run_after=None
[2025-07-04T15:14:17.391+0530] {processor.py:179} INFO - Processing /Users/vaish/databorn_etl_project/retail_etl/etl_pipeline_project/venv/lib/python3.10/site-packages/airflow/example_dags/example_complex.py took 0.318 seconds
[2025-07-04T15:17:47.486+0530] {processor.py:157} INFO - Started process (PID=20628) to work on /Users/vaish/databorn_etl_project/retail_etl/etl_pipeline_project/venv/lib/python3.10/site-packages/airflow/example_dags/example_complex.py
[2025-07-04T15:17:47.490+0530] {processor.py:829} INFO - Processing file /Users/vaish/databorn_etl_project/retail_etl/etl_pipeline_project/venv/lib/python3.10/site-packages/airflow/example_dags/example_complex.py for tasks to queue
[2025-07-04T15:17:47.491+0530] {logging_mixin.py:154} INFO - [2025-07-04T15:17:47.490+0530] {dagbag.py:536} INFO - Filling up the DagBag from /Users/vaish/databorn_etl_project/retail_etl/etl_pipeline_project/venv/lib/python3.10/site-packages/airflow/example_dags/example_complex.py
[2025-07-04T15:17:47.523+0530] {processor.py:839} INFO - DAG(s) dict_keys(['example_complex']) retrieved from /Users/vaish/databorn_etl_project/retail_etl/etl_pipeline_project/venv/lib/python3.10/site-packages/airflow/example_dags/example_complex.py
[2025-07-04T15:17:47.756+0530] {logging_mixin.py:154} INFO - [2025-07-04T15:17:47.756+0530] {dag.py:2941} INFO - Sync 1 DAGs
[2025-07-04T15:17:47.769+0530] {logging_mixin.py:154} INFO - [2025-07-04T15:17:47.769+0530] {dag.py:3722} INFO - Setting next_dagrun for example_complex to None, run_after=None
[2025-07-04T15:17:47.799+0530] {processor.py:179} INFO - Processing /Users/vaish/databorn_etl_project/retail_etl/etl_pipeline_project/venv/lib/python3.10/site-packages/airflow/example_dags/example_complex.py took 0.314 seconds
[2025-07-04T15:21:18.498+0530] {processor.py:157} INFO - Started process (PID=21185) to work on /Users/vaish/databorn_etl_project/retail_etl/etl_pipeline_project/venv/lib/python3.10/site-packages/airflow/example_dags/example_complex.py
[2025-07-04T15:21:18.505+0530] {processor.py:829} INFO - Processing file /Users/vaish/databorn_etl_project/retail_etl/etl_pipeline_project/venv/lib/python3.10/site-packages/airflow/example_dags/example_complex.py for tasks to queue
[2025-07-04T15:21:18.506+0530] {logging_mixin.py:154} INFO - [2025-07-04T15:21:18.506+0530] {dagbag.py:536} INFO - Filling up the DagBag from /Users/vaish/databorn_etl_project/retail_etl/etl_pipeline_project/venv/lib/python3.10/site-packages/airflow/example_dags/example_complex.py
[2025-07-04T15:21:18.540+0530] {processor.py:839} INFO - DAG(s) dict_keys(['example_complex']) retrieved from /Users/vaish/databorn_etl_project/retail_etl/etl_pipeline_project/venv/lib/python3.10/site-packages/airflow/example_dags/example_complex.py
[2025-07-04T15:21:18.762+0530] {logging_mixin.py:154} INFO - [2025-07-04T15:21:18.762+0530] {dag.py:2941} INFO - Sync 1 DAGs
[2025-07-04T15:21:18.772+0530] {logging_mixin.py:154} INFO - [2025-07-04T15:21:18.772+0530] {dag.py:3722} INFO - Setting next_dagrun for example_complex to None, run_after=None
[2025-07-04T15:21:18.800+0530] {processor.py:179} INFO - Processing /Users/vaish/databorn_etl_project/retail_etl/etl_pipeline_project/venv/lib/python3.10/site-packages/airflow/example_dags/example_complex.py took 0.303 seconds
[2025-07-04T15:24:43.830+0530] {processor.py:157} INFO - Started process (PID=21684) to work on /Users/vaish/databorn_etl_project/retail_etl/etl_pipeline_project/venv/lib/python3.10/site-packages/airflow/example_dags/example_complex.py
[2025-07-04T15:24:43.837+0530] {processor.py:829} INFO - Processing file /Users/vaish/databorn_etl_project/retail_etl/etl_pipeline_project/venv/lib/python3.10/site-packages/airflow/example_dags/example_complex.py for tasks to queue
[2025-07-04T15:24:43.838+0530] {logging_mixin.py:154} INFO - [2025-07-04T15:24:43.838+0530] {dagbag.py:536} INFO - Filling up the DagBag from /Users/vaish/databorn_etl_project/retail_etl/etl_pipeline_project/venv/lib/python3.10/site-packages/airflow/example_dags/example_complex.py
[2025-07-04T15:24:43.874+0530] {processor.py:839} INFO - DAG(s) dict_keys(['example_complex']) retrieved from /Users/vaish/databorn_etl_project/retail_etl/etl_pipeline_project/venv/lib/python3.10/site-packages/airflow/example_dags/example_complex.py
[2025-07-04T15:24:44.148+0530] {logging_mixin.py:154} INFO - [2025-07-04T15:24:44.147+0530] {dag.py:2941} INFO - Sync 1 DAGs
[2025-07-04T15:24:44.164+0530] {logging_mixin.py:154} INFO - [2025-07-04T15:24:44.164+0530] {dag.py:3722} INFO - Setting next_dagrun for example_complex to None, run_after=None
[2025-07-04T15:24:45.434+0530] {processor.py:179} INFO - Processing /Users/vaish/databorn_etl_project/retail_etl/etl_pipeline_project/venv/lib/python3.10/site-packages/airflow/example_dags/example_complex.py took 1.604 seconds
[2025-07-04T15:27:55.248+0530] {processor.py:157} INFO - Started process (PID=22137) to work on /Users/vaish/databorn_etl_project/retail_etl/etl_pipeline_project/venv/lib/python3.10/site-packages/airflow/example_dags/example_complex.py
[2025-07-04T15:27:55.255+0530] {processor.py:829} INFO - Processing file /Users/vaish/databorn_etl_project/retail_etl/etl_pipeline_project/venv/lib/python3.10/site-packages/airflow/example_dags/example_complex.py for tasks to queue
[2025-07-04T15:27:55.256+0530] {logging_mixin.py:154} INFO - [2025-07-04T15:27:55.256+0530] {dagbag.py:536} INFO - Filling up the DagBag from /Users/vaish/databorn_etl_project/retail_etl/etl_pipeline_project/venv/lib/python3.10/site-packages/airflow/example_dags/example_complex.py
[2025-07-04T15:27:55.293+0530] {processor.py:839} INFO - DAG(s) dict_keys(['example_complex']) retrieved from /Users/vaish/databorn_etl_project/retail_etl/etl_pipeline_project/venv/lib/python3.10/site-packages/airflow/example_dags/example_complex.py
[2025-07-04T15:27:55.522+0530] {logging_mixin.py:154} INFO - [2025-07-04T15:27:55.521+0530] {dag.py:2941} INFO - Sync 1 DAGs
[2025-07-04T15:27:55.532+0530] {logging_mixin.py:154} INFO - [2025-07-04T15:27:55.532+0530] {dag.py:3722} INFO - Setting next_dagrun for example_complex to None, run_after=None
[2025-07-04T15:27:55.560+0530] {processor.py:179} INFO - Processing /Users/vaish/databorn_etl_project/retail_etl/etl_pipeline_project/venv/lib/python3.10/site-packages/airflow/example_dags/example_complex.py took 0.313 seconds
[2025-07-04T15:28:32.196+0530] {processor.py:157} INFO - Started process (PID=22212) to work on /Users/vaish/databorn_etl_project/retail_etl/etl_pipeline_project/venv/lib/python3.10/site-packages/airflow/example_dags/example_complex.py
[2025-07-04T15:28:32.197+0530] {processor.py:829} INFO - Processing file /Users/vaish/databorn_etl_project/retail_etl/etl_pipeline_project/venv/lib/python3.10/site-packages/airflow/example_dags/example_complex.py for tasks to queue
[2025-07-04T15:28:32.198+0530] {logging_mixin.py:154} INFO - [2025-07-04T15:28:32.197+0530] {dagbag.py:536} INFO - Filling up the DagBag from /Users/vaish/databorn_etl_project/retail_etl/etl_pipeline_project/venv/lib/python3.10/site-packages/airflow/example_dags/example_complex.py
[2025-07-04T15:28:32.232+0530] {processor.py:839} INFO - DAG(s) dict_keys(['example_complex']) retrieved from /Users/vaish/databorn_etl_project/retail_etl/etl_pipeline_project/venv/lib/python3.10/site-packages/airflow/example_dags/example_complex.py
[2025-07-04T15:28:32.467+0530] {logging_mixin.py:154} INFO - [2025-07-04T15:28:32.467+0530] {dag.py:2941} INFO - Sync 1 DAGs
[2025-07-04T15:28:32.478+0530] {logging_mixin.py:154} INFO - [2025-07-04T15:28:32.478+0530] {dag.py:3722} INFO - Setting next_dagrun for example_complex to None, run_after=None
[2025-07-04T15:28:32.501+0530] {processor.py:179} INFO - Processing /Users/vaish/databorn_etl_project/retail_etl/etl_pipeline_project/venv/lib/python3.10/site-packages/airflow/example_dags/example_complex.py took 0.306 seconds
[2025-07-04T15:31:25.313+0530] {processor.py:157} INFO - Started process (PID=22579) to work on /Users/vaish/databorn_etl_project/retail_etl/etl_pipeline_project/venv/lib/python3.10/site-packages/airflow/example_dags/example_complex.py
[2025-07-04T15:31:25.315+0530] {processor.py:829} INFO - Processing file /Users/vaish/databorn_etl_project/retail_etl/etl_pipeline_project/venv/lib/python3.10/site-packages/airflow/example_dags/example_complex.py for tasks to queue
[2025-07-04T15:31:25.315+0530] {logging_mixin.py:154} INFO - [2025-07-04T15:31:25.315+0530] {dagbag.py:536} INFO - Filling up the DagBag from /Users/vaish/databorn_etl_project/retail_etl/etl_pipeline_project/venv/lib/python3.10/site-packages/airflow/example_dags/example_complex.py
[2025-07-04T15:31:25.348+0530] {processor.py:839} INFO - DAG(s) dict_keys(['example_complex']) retrieved from /Users/vaish/databorn_etl_project/retail_etl/etl_pipeline_project/venv/lib/python3.10/site-packages/airflow/example_dags/example_complex.py
[2025-07-04T15:31:25.582+0530] {logging_mixin.py:154} INFO - [2025-07-04T15:31:25.581+0530] {dag.py:2941} INFO - Sync 1 DAGs
[2025-07-04T15:31:25.593+0530] {logging_mixin.py:154} INFO - [2025-07-04T15:31:25.593+0530] {dag.py:3722} INFO - Setting next_dagrun for example_complex to None, run_after=None
[2025-07-04T15:31:25.621+0530] {processor.py:179} INFO - Processing /Users/vaish/databorn_etl_project/retail_etl/etl_pipeline_project/venv/lib/python3.10/site-packages/airflow/example_dags/example_complex.py took 0.309 seconds
[2025-07-04T15:32:10.184+0530] {processor.py:157} INFO - Started process (PID=22683) to work on /Users/vaish/databorn_etl_project/retail_etl/etl_pipeline_project/venv/lib/python3.10/site-packages/airflow/example_dags/example_complex.py
[2025-07-04T15:32:10.187+0530] {processor.py:829} INFO - Processing file /Users/vaish/databorn_etl_project/retail_etl/etl_pipeline_project/venv/lib/python3.10/site-packages/airflow/example_dags/example_complex.py for tasks to queue
[2025-07-04T15:32:10.189+0530] {logging_mixin.py:154} INFO - [2025-07-04T15:32:10.188+0530] {dagbag.py:536} INFO - Filling up the DagBag from /Users/vaish/databorn_etl_project/retail_etl/etl_pipeline_project/venv/lib/python3.10/site-packages/airflow/example_dags/example_complex.py
[2025-07-04T15:32:10.228+0530] {processor.py:839} INFO - DAG(s) dict_keys(['example_complex']) retrieved from /Users/vaish/databorn_etl_project/retail_etl/etl_pipeline_project/venv/lib/python3.10/site-packages/airflow/example_dags/example_complex.py
[2025-07-04T15:32:10.499+0530] {logging_mixin.py:154} INFO - [2025-07-04T15:32:10.499+0530] {dag.py:2941} INFO - Sync 1 DAGs
[2025-07-04T15:32:10.511+0530] {logging_mixin.py:154} INFO - [2025-07-04T15:32:10.511+0530] {dag.py:3722} INFO - Setting next_dagrun for example_complex to None, run_after=None
[2025-07-04T15:32:10.536+0530] {processor.py:179} INFO - Processing /Users/vaish/databorn_etl_project/retail_etl/etl_pipeline_project/venv/lib/python3.10/site-packages/airflow/example_dags/example_complex.py took 0.353 seconds
[2025-07-04T15:34:51.588+0530] {processor.py:157} INFO - Started process (PID=23042) to work on /Users/vaish/databorn_etl_project/retail_etl/etl_pipeline_project/venv/lib/python3.10/site-packages/airflow/example_dags/example_complex.py
[2025-07-04T15:34:51.594+0530] {processor.py:829} INFO - Processing file /Users/vaish/databorn_etl_project/retail_etl/etl_pipeline_project/venv/lib/python3.10/site-packages/airflow/example_dags/example_complex.py for tasks to queue
[2025-07-04T15:34:51.595+0530] {logging_mixin.py:154} INFO - [2025-07-04T15:34:51.595+0530] {dagbag.py:536} INFO - Filling up the DagBag from /Users/vaish/databorn_etl_project/retail_etl/etl_pipeline_project/venv/lib/python3.10/site-packages/airflow/example_dags/example_complex.py
[2025-07-04T15:34:51.628+0530] {processor.py:839} INFO - DAG(s) dict_keys(['example_complex']) retrieved from /Users/vaish/databorn_etl_project/retail_etl/etl_pipeline_project/venv/lib/python3.10/site-packages/airflow/example_dags/example_complex.py
[2025-07-04T15:34:51.854+0530] {logging_mixin.py:154} INFO - [2025-07-04T15:34:51.853+0530] {dag.py:2941} INFO - Sync 1 DAGs
[2025-07-04T15:34:51.869+0530] {logging_mixin.py:154} INFO - [2025-07-04T15:34:51.868+0530] {dag.py:3722} INFO - Setting next_dagrun for example_complex to None, run_after=None
[2025-07-04T15:34:51.897+0530] {processor.py:179} INFO - Processing /Users/vaish/databorn_etl_project/retail_etl/etl_pipeline_project/venv/lib/python3.10/site-packages/airflow/example_dags/example_complex.py took 0.311 seconds
[2025-07-04T15:35:38.800+0530] {processor.py:157} INFO - Started process (PID=23147) to work on /Users/vaish/databorn_etl_project/retail_etl/etl_pipeline_project/venv/lib/python3.10/site-packages/airflow/example_dags/example_complex.py
[2025-07-04T15:35:38.800+0530] {processor.py:829} INFO - Processing file /Users/vaish/databorn_etl_project/retail_etl/etl_pipeline_project/venv/lib/python3.10/site-packages/airflow/example_dags/example_complex.py for tasks to queue
[2025-07-04T15:35:38.801+0530] {logging_mixin.py:154} INFO - [2025-07-04T15:35:38.801+0530] {dagbag.py:536} INFO - Filling up the DagBag from /Users/vaish/databorn_etl_project/retail_etl/etl_pipeline_project/venv/lib/python3.10/site-packages/airflow/example_dags/example_complex.py
[2025-07-04T15:35:38.836+0530] {processor.py:839} INFO - DAG(s) dict_keys(['example_complex']) retrieved from /Users/vaish/databorn_etl_project/retail_etl/etl_pipeline_project/venv/lib/python3.10/site-packages/airflow/example_dags/example_complex.py
[2025-07-04T15:35:39.060+0530] {logging_mixin.py:154} INFO - [2025-07-04T15:35:39.059+0530] {dag.py:2941} INFO - Sync 1 DAGs
[2025-07-04T15:35:39.071+0530] {logging_mixin.py:154} INFO - [2025-07-04T15:35:39.070+0530] {dag.py:3722} INFO - Setting next_dagrun for example_complex to None, run_after=None
[2025-07-04T15:35:39.097+0530] {processor.py:179} INFO - Processing /Users/vaish/databorn_etl_project/retail_etl/etl_pipeline_project/venv/lib/python3.10/site-packages/airflow/example_dags/example_complex.py took 0.299 seconds
[2025-07-04T15:38:20.855+0530] {processor.py:157} INFO - Started process (PID=23507) to work on /Users/vaish/databorn_etl_project/retail_etl/etl_pipeline_project/venv/lib/python3.10/site-packages/airflow/example_dags/example_complex.py
[2025-07-04T15:38:20.862+0530] {processor.py:829} INFO - Processing file /Users/vaish/databorn_etl_project/retail_etl/etl_pipeline_project/venv/lib/python3.10/site-packages/airflow/example_dags/example_complex.py for tasks to queue
[2025-07-04T15:38:20.863+0530] {logging_mixin.py:154} INFO - [2025-07-04T15:38:20.863+0530] {dagbag.py:536} INFO - Filling up the DagBag from /Users/vaish/databorn_etl_project/retail_etl/etl_pipeline_project/venv/lib/python3.10/site-packages/airflow/example_dags/example_complex.py
[2025-07-04T15:38:20.897+0530] {processor.py:839} INFO - DAG(s) dict_keys(['example_complex']) retrieved from /Users/vaish/databorn_etl_project/retail_etl/etl_pipeline_project/venv/lib/python3.10/site-packages/airflow/example_dags/example_complex.py
[2025-07-04T15:38:21.118+0530] {logging_mixin.py:154} INFO - [2025-07-04T15:38:21.118+0530] {dag.py:2941} INFO - Sync 1 DAGs
[2025-07-04T15:38:21.129+0530] {logging_mixin.py:154} INFO - [2025-07-04T15:38:21.129+0530] {dag.py:3722} INFO - Setting next_dagrun for example_complex to None, run_after=None
[2025-07-04T15:38:21.155+0530] {processor.py:179} INFO - Processing /Users/vaish/databorn_etl_project/retail_etl/etl_pipeline_project/venv/lib/python3.10/site-packages/airflow/example_dags/example_complex.py took 0.302 seconds
[2025-07-04T15:39:09.113+0530] {processor.py:157} INFO - Started process (PID=23618) to work on /Users/vaish/databorn_etl_project/retail_etl/etl_pipeline_project/venv/lib/python3.10/site-packages/airflow/example_dags/example_complex.py
[2025-07-04T15:39:09.115+0530] {processor.py:829} INFO - Processing file /Users/vaish/databorn_etl_project/retail_etl/etl_pipeline_project/venv/lib/python3.10/site-packages/airflow/example_dags/example_complex.py for tasks to queue
[2025-07-04T15:39:09.116+0530] {logging_mixin.py:154} INFO - [2025-07-04T15:39:09.116+0530] {dagbag.py:536} INFO - Filling up the DagBag from /Users/vaish/databorn_etl_project/retail_etl/etl_pipeline_project/venv/lib/python3.10/site-packages/airflow/example_dags/example_complex.py
[2025-07-04T15:39:09.160+0530] {processor.py:839} INFO - DAG(s) dict_keys(['example_complex']) retrieved from /Users/vaish/databorn_etl_project/retail_etl/etl_pipeline_project/venv/lib/python3.10/site-packages/airflow/example_dags/example_complex.py
[2025-07-04T15:39:09.457+0530] {logging_mixin.py:154} INFO - [2025-07-04T15:39:09.456+0530] {dag.py:2941} INFO - Sync 1 DAGs
[2025-07-04T15:39:09.474+0530] {logging_mixin.py:154} INFO - [2025-07-04T15:39:09.473+0530] {dag.py:3722} INFO - Setting next_dagrun for example_complex to None, run_after=None
[2025-07-04T15:39:09.527+0530] {processor.py:179} INFO - Processing /Users/vaish/databorn_etl_project/retail_etl/etl_pipeline_project/venv/lib/python3.10/site-packages/airflow/example_dags/example_complex.py took 0.416 seconds
[2025-07-04T15:42:14.204+0530] {processor.py:157} INFO - Started process (PID=24076) to work on /Users/vaish/databorn_etl_project/retail_etl/etl_pipeline_project/venv/lib/python3.10/site-packages/airflow/example_dags/example_complex.py
[2025-07-04T15:42:14.211+0530] {processor.py:829} INFO - Processing file /Users/vaish/databorn_etl_project/retail_etl/etl_pipeline_project/venv/lib/python3.10/site-packages/airflow/example_dags/example_complex.py for tasks to queue
[2025-07-04T15:42:14.212+0530] {logging_mixin.py:154} INFO - [2025-07-04T15:42:14.211+0530] {dagbag.py:536} INFO - Filling up the DagBag from /Users/vaish/databorn_etl_project/retail_etl/etl_pipeline_project/venv/lib/python3.10/site-packages/airflow/example_dags/example_complex.py
[2025-07-04T15:42:14.245+0530] {processor.py:839} INFO - DAG(s) dict_keys(['example_complex']) retrieved from /Users/vaish/databorn_etl_project/retail_etl/etl_pipeline_project/venv/lib/python3.10/site-packages/airflow/example_dags/example_complex.py
[2025-07-04T15:42:14.481+0530] {logging_mixin.py:154} INFO - [2025-07-04T15:42:14.480+0530] {dag.py:2941} INFO - Sync 1 DAGs
[2025-07-04T15:42:14.492+0530] {logging_mixin.py:154} INFO - [2025-07-04T15:42:14.492+0530] {dag.py:3722} INFO - Setting next_dagrun for example_complex to None, run_after=None
[2025-07-04T15:42:14.521+0530] {processor.py:179} INFO - Processing /Users/vaish/databorn_etl_project/retail_etl/etl_pipeline_project/venv/lib/python3.10/site-packages/airflow/example_dags/example_complex.py took 0.318 seconds
[2025-07-04T15:42:57.004+0530] {processor.py:157} INFO - Started process (PID=24172) to work on /Users/vaish/databorn_etl_project/retail_etl/etl_pipeline_project/venv/lib/python3.10/site-packages/airflow/example_dags/example_complex.py
[2025-07-04T15:42:57.005+0530] {processor.py:829} INFO - Processing file /Users/vaish/databorn_etl_project/retail_etl/etl_pipeline_project/venv/lib/python3.10/site-packages/airflow/example_dags/example_complex.py for tasks to queue
[2025-07-04T15:42:57.006+0530] {logging_mixin.py:154} INFO - [2025-07-04T15:42:57.006+0530] {dagbag.py:536} INFO - Filling up the DagBag from /Users/vaish/databorn_etl_project/retail_etl/etl_pipeline_project/venv/lib/python3.10/site-packages/airflow/example_dags/example_complex.py
[2025-07-04T15:42:57.047+0530] {processor.py:839} INFO - DAG(s) dict_keys(['example_complex']) retrieved from /Users/vaish/databorn_etl_project/retail_etl/etl_pipeline_project/venv/lib/python3.10/site-packages/airflow/example_dags/example_complex.py
[2025-07-04T15:42:57.286+0530] {logging_mixin.py:154} INFO - [2025-07-04T15:42:57.285+0530] {dag.py:2941} INFO - Sync 1 DAGs
[2025-07-04T15:42:57.296+0530] {logging_mixin.py:154} INFO - [2025-07-04T15:42:57.296+0530] {dag.py:3722} INFO - Setting next_dagrun for example_complex to None, run_after=None
[2025-07-04T15:42:57.324+0530] {processor.py:179} INFO - Processing /Users/vaish/databorn_etl_project/retail_etl/etl_pipeline_project/venv/lib/python3.10/site-packages/airflow/example_dags/example_complex.py took 0.321 seconds
[2025-07-04T15:46:11.424+0530] {processor.py:157} INFO - Started process (PID=24694) to work on /Users/vaish/databorn_etl_project/retail_etl/etl_pipeline_project/venv/lib/python3.10/site-packages/airflow/example_dags/example_complex.py
[2025-07-04T15:46:11.431+0530] {processor.py:829} INFO - Processing file /Users/vaish/databorn_etl_project/retail_etl/etl_pipeline_project/venv/lib/python3.10/site-packages/airflow/example_dags/example_complex.py for tasks to queue
[2025-07-04T15:46:11.431+0530] {logging_mixin.py:154} INFO - [2025-07-04T15:46:11.431+0530] {dagbag.py:536} INFO - Filling up the DagBag from /Users/vaish/databorn_etl_project/retail_etl/etl_pipeline_project/venv/lib/python3.10/site-packages/airflow/example_dags/example_complex.py
[2025-07-04T15:46:11.464+0530] {processor.py:839} INFO - DAG(s) dict_keys(['example_complex']) retrieved from /Users/vaish/databorn_etl_project/retail_etl/etl_pipeline_project/venv/lib/python3.10/site-packages/airflow/example_dags/example_complex.py
[2025-07-04T15:46:11.685+0530] {logging_mixin.py:154} INFO - [2025-07-04T15:46:11.685+0530] {dag.py:2941} INFO - Sync 1 DAGs
[2025-07-04T15:46:11.696+0530] {logging_mixin.py:154} INFO - [2025-07-04T15:46:11.695+0530] {dag.py:3722} INFO - Setting next_dagrun for example_complex to None, run_after=None
[2025-07-04T15:46:11.731+0530] {processor.py:179} INFO - Processing /Users/vaish/databorn_etl_project/retail_etl/etl_pipeline_project/venv/lib/python3.10/site-packages/airflow/example_dags/example_complex.py took 0.309 seconds
[2025-07-04T15:46:40.591+0530] {processor.py:157} INFO - Started process (PID=24759) to work on /Users/vaish/databorn_etl_project/retail_etl/etl_pipeline_project/venv/lib/python3.10/site-packages/airflow/example_dags/example_complex.py
[2025-07-04T15:46:40.592+0530] {processor.py:829} INFO - Processing file /Users/vaish/databorn_etl_project/retail_etl/etl_pipeline_project/venv/lib/python3.10/site-packages/airflow/example_dags/example_complex.py for tasks to queue
[2025-07-04T15:46:40.593+0530] {logging_mixin.py:154} INFO - [2025-07-04T15:46:40.593+0530] {dagbag.py:536} INFO - Filling up the DagBag from /Users/vaish/databorn_etl_project/retail_etl/etl_pipeline_project/venv/lib/python3.10/site-packages/airflow/example_dags/example_complex.py
[2025-07-04T15:46:40.636+0530] {processor.py:839} INFO - DAG(s) dict_keys(['example_complex']) retrieved from /Users/vaish/databorn_etl_project/retail_etl/etl_pipeline_project/venv/lib/python3.10/site-packages/airflow/example_dags/example_complex.py
[2025-07-04T15:46:40.962+0530] {logging_mixin.py:154} INFO - [2025-07-04T15:46:40.961+0530] {dag.py:2941} INFO - Sync 1 DAGs
[2025-07-04T15:46:40.976+0530] {logging_mixin.py:154} INFO - [2025-07-04T15:46:40.975+0530] {dag.py:3722} INFO - Setting next_dagrun for example_complex to None, run_after=None
[2025-07-04T15:46:41.008+0530] {processor.py:179} INFO - Processing /Users/vaish/databorn_etl_project/retail_etl/etl_pipeline_project/venv/lib/python3.10/site-packages/airflow/example_dags/example_complex.py took 0.418 seconds
[2025-07-04T15:49:53.347+0530] {processor.py:157} INFO - Started process (PID=25236) to work on /Users/vaish/databorn_etl_project/retail_etl/etl_pipeline_project/venv/lib/python3.10/site-packages/airflow/example_dags/example_complex.py
[2025-07-04T15:49:53.349+0530] {processor.py:829} INFO - Processing file /Users/vaish/databorn_etl_project/retail_etl/etl_pipeline_project/venv/lib/python3.10/site-packages/airflow/example_dags/example_complex.py for tasks to queue
[2025-07-04T15:49:53.350+0530] {logging_mixin.py:154} INFO - [2025-07-04T15:49:53.350+0530] {dagbag.py:536} INFO - Filling up the DagBag from /Users/vaish/databorn_etl_project/retail_etl/etl_pipeline_project/venv/lib/python3.10/site-packages/airflow/example_dags/example_complex.py
[2025-07-04T15:49:53.391+0530] {processor.py:839} INFO - DAG(s) dict_keys(['example_complex']) retrieved from /Users/vaish/databorn_etl_project/retail_etl/etl_pipeline_project/venv/lib/python3.10/site-packages/airflow/example_dags/example_complex.py
[2025-07-04T15:49:53.633+0530] {logging_mixin.py:154} INFO - [2025-07-04T15:49:53.632+0530] {dag.py:2941} INFO - Sync 1 DAGs
[2025-07-04T15:49:53.643+0530] {logging_mixin.py:154} INFO - [2025-07-04T15:49:53.643+0530] {dag.py:3722} INFO - Setting next_dagrun for example_complex to None, run_after=None
[2025-07-04T15:49:53.667+0530] {processor.py:179} INFO - Processing /Users/vaish/databorn_etl_project/retail_etl/etl_pipeline_project/venv/lib/python3.10/site-packages/airflow/example_dags/example_complex.py took 0.322 seconds
[2025-07-04T15:50:26.028+0530] {processor.py:157} INFO - Started process (PID=25325) to work on /Users/vaish/databorn_etl_project/retail_etl/etl_pipeline_project/venv/lib/python3.10/site-packages/airflow/example_dags/example_complex.py
[2025-07-04T15:50:26.029+0530] {processor.py:829} INFO - Processing file /Users/vaish/databorn_etl_project/retail_etl/etl_pipeline_project/venv/lib/python3.10/site-packages/airflow/example_dags/example_complex.py for tasks to queue
[2025-07-04T15:50:26.030+0530] {logging_mixin.py:154} INFO - [2025-07-04T15:50:26.029+0530] {dagbag.py:536} INFO - Filling up the DagBag from /Users/vaish/databorn_etl_project/retail_etl/etl_pipeline_project/venv/lib/python3.10/site-packages/airflow/example_dags/example_complex.py
[2025-07-04T15:50:26.062+0530] {processor.py:839} INFO - DAG(s) dict_keys(['example_complex']) retrieved from /Users/vaish/databorn_etl_project/retail_etl/etl_pipeline_project/venv/lib/python3.10/site-packages/airflow/example_dags/example_complex.py
[2025-07-04T15:50:26.281+0530] {logging_mixin.py:154} INFO - [2025-07-04T15:50:26.280+0530] {dag.py:2941} INFO - Sync 1 DAGs
[2025-07-04T15:50:26.291+0530] {logging_mixin.py:154} INFO - [2025-07-04T15:50:26.291+0530] {dag.py:3722} INFO - Setting next_dagrun for example_complex to None, run_after=None
[2025-07-04T15:50:26.312+0530] {processor.py:179} INFO - Processing /Users/vaish/databorn_etl_project/retail_etl/etl_pipeline_project/venv/lib/python3.10/site-packages/airflow/example_dags/example_complex.py took 0.285 seconds
[2025-07-04T15:53:16.031+0530] {processor.py:157} INFO - Started process (PID=25719) to work on /Users/vaish/databorn_etl_project/retail_etl/etl_pipeline_project/venv/lib/python3.10/site-packages/airflow/example_dags/example_complex.py
[2025-07-04T15:53:16.032+0530] {processor.py:829} INFO - Processing file /Users/vaish/databorn_etl_project/retail_etl/etl_pipeline_project/venv/lib/python3.10/site-packages/airflow/example_dags/example_complex.py for tasks to queue
[2025-07-04T15:53:16.033+0530] {logging_mixin.py:154} INFO - [2025-07-04T15:53:16.033+0530] {dagbag.py:536} INFO - Filling up the DagBag from /Users/vaish/databorn_etl_project/retail_etl/etl_pipeline_project/venv/lib/python3.10/site-packages/airflow/example_dags/example_complex.py
[2025-07-04T15:53:16.068+0530] {processor.py:839} INFO - DAG(s) dict_keys(['example_complex']) retrieved from /Users/vaish/databorn_etl_project/retail_etl/etl_pipeline_project/venv/lib/python3.10/site-packages/airflow/example_dags/example_complex.py
[2025-07-04T15:53:16.310+0530] {logging_mixin.py:154} INFO - [2025-07-04T15:53:16.310+0530] {dag.py:2941} INFO - Sync 1 DAGs
[2025-07-04T15:53:16.321+0530] {logging_mixin.py:154} INFO - [2025-07-04T15:53:16.321+0530] {dag.py:3722} INFO - Setting next_dagrun for example_complex to None, run_after=None
[2025-07-04T15:53:16.350+0530] {processor.py:179} INFO - Processing /Users/vaish/databorn_etl_project/retail_etl/etl_pipeline_project/venv/lib/python3.10/site-packages/airflow/example_dags/example_complex.py took 0.321 seconds
[2025-07-04T15:53:54.165+0530] {processor.py:157} INFO - Started process (PID=25827) to work on /Users/vaish/databorn_etl_project/retail_etl/etl_pipeline_project/venv/lib/python3.10/site-packages/airflow/example_dags/example_complex.py
[2025-07-04T15:53:54.167+0530] {processor.py:829} INFO - Processing file /Users/vaish/databorn_etl_project/retail_etl/etl_pipeline_project/venv/lib/python3.10/site-packages/airflow/example_dags/example_complex.py for tasks to queue
[2025-07-04T15:53:54.167+0530] {logging_mixin.py:154} INFO - [2025-07-04T15:53:54.167+0530] {dagbag.py:536} INFO - Filling up the DagBag from /Users/vaish/databorn_etl_project/retail_etl/etl_pipeline_project/venv/lib/python3.10/site-packages/airflow/example_dags/example_complex.py
[2025-07-04T15:53:54.205+0530] {processor.py:839} INFO - DAG(s) dict_keys(['example_complex']) retrieved from /Users/vaish/databorn_etl_project/retail_etl/etl_pipeline_project/venv/lib/python3.10/site-packages/airflow/example_dags/example_complex.py
[2025-07-04T15:53:54.480+0530] {logging_mixin.py:154} INFO - [2025-07-04T15:53:54.479+0530] {dag.py:2941} INFO - Sync 1 DAGs
[2025-07-04T15:53:54.491+0530] {logging_mixin.py:154} INFO - [2025-07-04T15:53:54.491+0530] {dag.py:3722} INFO - Setting next_dagrun for example_complex to None, run_after=None
[2025-07-04T15:53:54.519+0530] {processor.py:179} INFO - Processing /Users/vaish/databorn_etl_project/retail_etl/etl_pipeline_project/venv/lib/python3.10/site-packages/airflow/example_dags/example_complex.py took 0.356 seconds
[2025-07-04T15:56:56.267+0530] {processor.py:157} INFO - Started process (PID=26892) to work on /Users/vaish/databorn_etl_project/retail_etl/etl_pipeline_project/venv/lib/python3.10/site-packages/airflow/example_dags/example_complex.py
[2025-07-04T15:56:56.273+0530] {processor.py:829} INFO - Processing file /Users/vaish/databorn_etl_project/retail_etl/etl_pipeline_project/venv/lib/python3.10/site-packages/airflow/example_dags/example_complex.py for tasks to queue
[2025-07-04T15:56:56.274+0530] {logging_mixin.py:154} INFO - [2025-07-04T15:56:56.274+0530] {dagbag.py:536} INFO - Filling up the DagBag from /Users/vaish/databorn_etl_project/retail_etl/etl_pipeline_project/venv/lib/python3.10/site-packages/airflow/example_dags/example_complex.py
[2025-07-04T15:56:56.307+0530] {processor.py:839} INFO - DAG(s) dict_keys(['example_complex']) retrieved from /Users/vaish/databorn_etl_project/retail_etl/etl_pipeline_project/venv/lib/python3.10/site-packages/airflow/example_dags/example_complex.py
[2025-07-04T15:56:56.540+0530] {logging_mixin.py:154} INFO - [2025-07-04T15:56:56.540+0530] {dag.py:2941} INFO - Sync 1 DAGs
[2025-07-04T15:56:56.553+0530] {logging_mixin.py:154} INFO - [2025-07-04T15:56:56.552+0530] {dag.py:3722} INFO - Setting next_dagrun for example_complex to None, run_after=None
[2025-07-04T15:56:56.575+0530] {processor.py:179} INFO - Processing /Users/vaish/databorn_etl_project/retail_etl/etl_pipeline_project/venv/lib/python3.10/site-packages/airflow/example_dags/example_complex.py took 0.309 seconds
[2025-07-04T15:57:28.394+0530] {processor.py:157} INFO - Started process (PID=26990) to work on /Users/vaish/databorn_etl_project/retail_etl/etl_pipeline_project/venv/lib/python3.10/site-packages/airflow/example_dags/example_complex.py
[2025-07-04T15:57:28.395+0530] {processor.py:829} INFO - Processing file /Users/vaish/databorn_etl_project/retail_etl/etl_pipeline_project/venv/lib/python3.10/site-packages/airflow/example_dags/example_complex.py for tasks to queue
[2025-07-04T15:57:28.395+0530] {logging_mixin.py:154} INFO - [2025-07-04T15:57:28.395+0530] {dagbag.py:536} INFO - Filling up the DagBag from /Users/vaish/databorn_etl_project/retail_etl/etl_pipeline_project/venv/lib/python3.10/site-packages/airflow/example_dags/example_complex.py
[2025-07-04T15:57:28.430+0530] {processor.py:839} INFO - DAG(s) dict_keys(['example_complex']) retrieved from /Users/vaish/databorn_etl_project/retail_etl/etl_pipeline_project/venv/lib/python3.10/site-packages/airflow/example_dags/example_complex.py
[2025-07-04T15:57:28.666+0530] {logging_mixin.py:154} INFO - [2025-07-04T15:57:28.666+0530] {dag.py:2941} INFO - Sync 1 DAGs
[2025-07-04T15:57:28.677+0530] {logging_mixin.py:154} INFO - [2025-07-04T15:57:28.677+0530] {dag.py:3722} INFO - Setting next_dagrun for example_complex to None, run_after=None
[2025-07-04T15:57:28.706+0530] {processor.py:179} INFO - Processing /Users/vaish/databorn_etl_project/retail_etl/etl_pipeline_project/venv/lib/python3.10/site-packages/airflow/example_dags/example_complex.py took 0.314 seconds
[2025-07-04T16:00:17.137+0530] {processor.py:157} INFO - Started process (PID=29129) to work on /Users/vaish/databorn_etl_project/retail_etl/etl_pipeline_project/venv/lib/python3.10/site-packages/airflow/example_dags/example_complex.py
[2025-07-04T16:00:17.138+0530] {processor.py:829} INFO - Processing file /Users/vaish/databorn_etl_project/retail_etl/etl_pipeline_project/venv/lib/python3.10/site-packages/airflow/example_dags/example_complex.py for tasks to queue
[2025-07-04T16:00:17.139+0530] {logging_mixin.py:154} INFO - [2025-07-04T16:00:17.139+0530] {dagbag.py:536} INFO - Filling up the DagBag from /Users/vaish/databorn_etl_project/retail_etl/etl_pipeline_project/venv/lib/python3.10/site-packages/airflow/example_dags/example_complex.py
[2025-07-04T16:00:17.179+0530] {processor.py:839} INFO - DAG(s) dict_keys(['example_complex']) retrieved from /Users/vaish/databorn_etl_project/retail_etl/etl_pipeline_project/venv/lib/python3.10/site-packages/airflow/example_dags/example_complex.py
[2025-07-04T16:00:17.436+0530] {logging_mixin.py:154} INFO - [2025-07-04T16:00:17.436+0530] {dag.py:2941} INFO - Sync 1 DAGs
[2025-07-04T16:00:17.448+0530] {logging_mixin.py:154} INFO - [2025-07-04T16:00:17.447+0530] {dag.py:3722} INFO - Setting next_dagrun for example_complex to None, run_after=None
[2025-07-04T16:00:17.474+0530] {processor.py:179} INFO - Processing /Users/vaish/databorn_etl_project/retail_etl/etl_pipeline_project/venv/lib/python3.10/site-packages/airflow/example_dags/example_complex.py took 0.338 seconds
[2025-07-04T16:00:49.119+0530] {processor.py:157} INFO - Started process (PID=29732) to work on /Users/vaish/databorn_etl_project/retail_etl/etl_pipeline_project/venv/lib/python3.10/site-packages/airflow/example_dags/example_complex.py
[2025-07-04T16:00:49.119+0530] {processor.py:829} INFO - Processing file /Users/vaish/databorn_etl_project/retail_etl/etl_pipeline_project/venv/lib/python3.10/site-packages/airflow/example_dags/example_complex.py for tasks to queue
[2025-07-04T16:00:49.120+0530] {logging_mixin.py:154} INFO - [2025-07-04T16:00:49.120+0530] {dagbag.py:536} INFO - Filling up the DagBag from /Users/vaish/databorn_etl_project/retail_etl/etl_pipeline_project/venv/lib/python3.10/site-packages/airflow/example_dags/example_complex.py
[2025-07-04T16:00:49.153+0530] {processor.py:839} INFO - DAG(s) dict_keys(['example_complex']) retrieved from /Users/vaish/databorn_etl_project/retail_etl/etl_pipeline_project/venv/lib/python3.10/site-packages/airflow/example_dags/example_complex.py
[2025-07-04T16:00:49.384+0530] {logging_mixin.py:154} INFO - [2025-07-04T16:00:49.384+0530] {dag.py:2941} INFO - Sync 1 DAGs
[2025-07-04T16:00:49.395+0530] {logging_mixin.py:154} INFO - [2025-07-04T16:00:49.395+0530] {dag.py:3722} INFO - Setting next_dagrun for example_complex to None, run_after=None
[2025-07-04T16:00:49.419+0530] {processor.py:179} INFO - Processing /Users/vaish/databorn_etl_project/retail_etl/etl_pipeline_project/venv/lib/python3.10/site-packages/airflow/example_dags/example_complex.py took 0.302 seconds
[2025-07-04T16:03:45.585+0530] {processor.py:157} INFO - Started process (PID=31195) to work on /Users/vaish/databorn_etl_project/retail_etl/etl_pipeline_project/venv/lib/python3.10/site-packages/airflow/example_dags/example_complex.py
[2025-07-04T16:03:45.588+0530] {processor.py:829} INFO - Processing file /Users/vaish/databorn_etl_project/retail_etl/etl_pipeline_project/venv/lib/python3.10/site-packages/airflow/example_dags/example_complex.py for tasks to queue
[2025-07-04T16:03:45.589+0530] {logging_mixin.py:154} INFO - [2025-07-04T16:03:45.589+0530] {dagbag.py:536} INFO - Filling up the DagBag from /Users/vaish/databorn_etl_project/retail_etl/etl_pipeline_project/venv/lib/python3.10/site-packages/airflow/example_dags/example_complex.py
[2025-07-04T16:03:45.623+0530] {processor.py:839} INFO - DAG(s) dict_keys(['example_complex']) retrieved from /Users/vaish/databorn_etl_project/retail_etl/etl_pipeline_project/venv/lib/python3.10/site-packages/airflow/example_dags/example_complex.py
[2025-07-04T16:03:45.839+0530] {logging_mixin.py:154} INFO - [2025-07-04T16:03:45.838+0530] {dag.py:2941} INFO - Sync 1 DAGs
[2025-07-04T16:03:45.850+0530] {logging_mixin.py:154} INFO - [2025-07-04T16:03:45.849+0530] {dag.py:3722} INFO - Setting next_dagrun for example_complex to None, run_after=None
[2025-07-04T16:03:45.876+0530] {processor.py:179} INFO - Processing /Users/vaish/databorn_etl_project/retail_etl/etl_pipeline_project/venv/lib/python3.10/site-packages/airflow/example_dags/example_complex.py took 0.292 seconds
[2025-07-04T16:04:14.590+0530] {processor.py:157} INFO - Started process (PID=31255) to work on /Users/vaish/databorn_etl_project/retail_etl/etl_pipeline_project/venv/lib/python3.10/site-packages/airflow/example_dags/example_complex.py
[2025-07-04T16:04:14.591+0530] {processor.py:829} INFO - Processing file /Users/vaish/databorn_etl_project/retail_etl/etl_pipeline_project/venv/lib/python3.10/site-packages/airflow/example_dags/example_complex.py for tasks to queue
[2025-07-04T16:04:14.592+0530] {logging_mixin.py:154} INFO - [2025-07-04T16:04:14.592+0530] {dagbag.py:536} INFO - Filling up the DagBag from /Users/vaish/databorn_etl_project/retail_etl/etl_pipeline_project/venv/lib/python3.10/site-packages/airflow/example_dags/example_complex.py
[2025-07-04T16:04:14.635+0530] {processor.py:839} INFO - DAG(s) dict_keys(['example_complex']) retrieved from /Users/vaish/databorn_etl_project/retail_etl/etl_pipeline_project/venv/lib/python3.10/site-packages/airflow/example_dags/example_complex.py
[2025-07-04T16:04:14.904+0530] {logging_mixin.py:154} INFO - [2025-07-04T16:04:14.904+0530] {dag.py:2941} INFO - Sync 1 DAGs
[2025-07-04T16:04:14.916+0530] {logging_mixin.py:154} INFO - [2025-07-04T16:04:14.916+0530] {dag.py:3722} INFO - Setting next_dagrun for example_complex to None, run_after=None
[2025-07-04T16:04:14.947+0530] {processor.py:179} INFO - Processing /Users/vaish/databorn_etl_project/retail_etl/etl_pipeline_project/venv/lib/python3.10/site-packages/airflow/example_dags/example_complex.py took 0.358 seconds
[2025-07-04T16:07:34.822+0530] {processor.py:157} INFO - Started process (PID=32111) to work on /Users/vaish/databorn_etl_project/retail_etl/etl_pipeline_project/venv/lib/python3.10/site-packages/airflow/example_dags/example_complex.py
[2025-07-04T16:07:34.828+0530] {processor.py:829} INFO - Processing file /Users/vaish/databorn_etl_project/retail_etl/etl_pipeline_project/venv/lib/python3.10/site-packages/airflow/example_dags/example_complex.py for tasks to queue
[2025-07-04T16:07:34.829+0530] {logging_mixin.py:154} INFO - [2025-07-04T16:07:34.829+0530] {dagbag.py:536} INFO - Filling up the DagBag from /Users/vaish/databorn_etl_project/retail_etl/etl_pipeline_project/venv/lib/python3.10/site-packages/airflow/example_dags/example_complex.py
[2025-07-04T16:07:34.863+0530] {processor.py:839} INFO - DAG(s) dict_keys(['example_complex']) retrieved from /Users/vaish/databorn_etl_project/retail_etl/etl_pipeline_project/venv/lib/python3.10/site-packages/airflow/example_dags/example_complex.py
[2025-07-04T16:07:35.099+0530] {logging_mixin.py:154} INFO - [2025-07-04T16:07:35.099+0530] {dag.py:2941} INFO - Sync 1 DAGs
[2025-07-04T16:07:35.112+0530] {logging_mixin.py:154} INFO - [2025-07-04T16:07:35.111+0530] {dag.py:3722} INFO - Setting next_dagrun for example_complex to None, run_after=None
[2025-07-04T16:07:35.140+0530] {processor.py:179} INFO - Processing /Users/vaish/databorn_etl_project/retail_etl/etl_pipeline_project/venv/lib/python3.10/site-packages/airflow/example_dags/example_complex.py took 0.320 seconds
[2025-07-04T16:08:09.655+0530] {processor.py:157} INFO - Started process (PID=32247) to work on /Users/vaish/databorn_etl_project/retail_etl/etl_pipeline_project/venv/lib/python3.10/site-packages/airflow/example_dags/example_complex.py
[2025-07-04T16:08:09.656+0530] {processor.py:829} INFO - Processing file /Users/vaish/databorn_etl_project/retail_etl/etl_pipeline_project/venv/lib/python3.10/site-packages/airflow/example_dags/example_complex.py for tasks to queue
[2025-07-04T16:08:09.657+0530] {logging_mixin.py:154} INFO - [2025-07-04T16:08:09.656+0530] {dagbag.py:536} INFO - Filling up the DagBag from /Users/vaish/databorn_etl_project/retail_etl/etl_pipeline_project/venv/lib/python3.10/site-packages/airflow/example_dags/example_complex.py
[2025-07-04T16:08:09.699+0530] {processor.py:839} INFO - DAG(s) dict_keys(['example_complex']) retrieved from /Users/vaish/databorn_etl_project/retail_etl/etl_pipeline_project/venv/lib/python3.10/site-packages/airflow/example_dags/example_complex.py
[2025-07-04T16:08:09.974+0530] {logging_mixin.py:154} INFO - [2025-07-04T16:08:09.974+0530] {dag.py:2941} INFO - Sync 1 DAGs
[2025-07-04T16:08:09.988+0530] {logging_mixin.py:154} INFO - [2025-07-04T16:08:09.988+0530] {dag.py:3722} INFO - Setting next_dagrun for example_complex to None, run_after=None
[2025-07-04T16:08:10.020+0530] {processor.py:179} INFO - Processing /Users/vaish/databorn_etl_project/retail_etl/etl_pipeline_project/venv/lib/python3.10/site-packages/airflow/example_dags/example_complex.py took 0.367 seconds
[2025-07-04T16:11:47.579+0530] {processor.py:157} INFO - Started process (PID=33051) to work on /Users/vaish/databorn_etl_project/retail_etl/etl_pipeline_project/venv/lib/python3.10/site-packages/airflow/example_dags/example_complex.py
[2025-07-04T16:11:47.582+0530] {processor.py:829} INFO - Processing file /Users/vaish/databorn_etl_project/retail_etl/etl_pipeline_project/venv/lib/python3.10/site-packages/airflow/example_dags/example_complex.py for tasks to queue
[2025-07-04T16:11:47.584+0530] {logging_mixin.py:154} INFO - [2025-07-04T16:11:47.583+0530] {dagbag.py:536} INFO - Filling up the DagBag from /Users/vaish/databorn_etl_project/retail_etl/etl_pipeline_project/venv/lib/python3.10/site-packages/airflow/example_dags/example_complex.py
[2025-07-04T16:11:47.632+0530] {processor.py:839} INFO - DAG(s) dict_keys(['example_complex']) retrieved from /Users/vaish/databorn_etl_project/retail_etl/etl_pipeline_project/venv/lib/python3.10/site-packages/airflow/example_dags/example_complex.py
[2025-07-04T16:11:48.066+0530] {logging_mixin.py:154} INFO - [2025-07-04T16:11:48.066+0530] {dag.py:2941} INFO - Sync 1 DAGs
[2025-07-04T16:11:48.081+0530] {logging_mixin.py:154} INFO - [2025-07-04T16:11:48.081+0530] {dag.py:3722} INFO - Setting next_dagrun for example_complex to None, run_after=None
[2025-07-04T16:11:48.122+0530] {processor.py:179} INFO - Processing /Users/vaish/databorn_etl_project/retail_etl/etl_pipeline_project/venv/lib/python3.10/site-packages/airflow/example_dags/example_complex.py took 0.545 seconds
[2025-07-04T16:13:13.630+0530] {processor.py:157} INFO - Started process (PID=33293) to work on /Users/vaish/databorn_etl_project/retail_etl/etl_pipeline_project/venv/lib/python3.10/site-packages/airflow/example_dags/example_complex.py
[2025-07-04T16:13:13.633+0530] {processor.py:829} INFO - Processing file /Users/vaish/databorn_etl_project/retail_etl/etl_pipeline_project/venv/lib/python3.10/site-packages/airflow/example_dags/example_complex.py for tasks to queue
[2025-07-04T16:13:13.634+0530] {logging_mixin.py:154} INFO - [2025-07-04T16:13:13.634+0530] {dagbag.py:536} INFO - Filling up the DagBag from /Users/vaish/databorn_etl_project/retail_etl/etl_pipeline_project/venv/lib/python3.10/site-packages/airflow/example_dags/example_complex.py
[2025-07-04T16:13:13.669+0530] {processor.py:839} INFO - DAG(s) dict_keys(['example_complex']) retrieved from /Users/vaish/databorn_etl_project/retail_etl/etl_pipeline_project/venv/lib/python3.10/site-packages/airflow/example_dags/example_complex.py
[2025-07-04T16:13:13.902+0530] {logging_mixin.py:154} INFO - [2025-07-04T16:13:13.902+0530] {dag.py:2941} INFO - Sync 1 DAGs
[2025-07-04T16:13:13.913+0530] {logging_mixin.py:154} INFO - [2025-07-04T16:13:13.913+0530] {dag.py:3722} INFO - Setting next_dagrun for example_complex to None, run_after=None
[2025-07-04T16:13:13.941+0530] {processor.py:179} INFO - Processing /Users/vaish/databorn_etl_project/retail_etl/etl_pipeline_project/venv/lib/python3.10/site-packages/airflow/example_dags/example_complex.py took 0.312 seconds
[2025-07-04T16:15:29.643+0530] {processor.py:157} INFO - Started process (PID=33617) to work on /Users/vaish/databorn_etl_project/retail_etl/etl_pipeline_project/venv/lib/python3.10/site-packages/airflow/example_dags/example_complex.py
[2025-07-04T16:15:29.643+0530] {processor.py:829} INFO - Processing file /Users/vaish/databorn_etl_project/retail_etl/etl_pipeline_project/venv/lib/python3.10/site-packages/airflow/example_dags/example_complex.py for tasks to queue
[2025-07-04T16:15:29.644+0530] {logging_mixin.py:154} INFO - [2025-07-04T16:15:29.644+0530] {dagbag.py:536} INFO - Filling up the DagBag from /Users/vaish/databorn_etl_project/retail_etl/etl_pipeline_project/venv/lib/python3.10/site-packages/airflow/example_dags/example_complex.py
[2025-07-04T16:15:29.680+0530] {processor.py:839} INFO - DAG(s) dict_keys(['example_complex']) retrieved from /Users/vaish/databorn_etl_project/retail_etl/etl_pipeline_project/venv/lib/python3.10/site-packages/airflow/example_dags/example_complex.py
[2025-07-04T16:15:29.917+0530] {logging_mixin.py:154} INFO - [2025-07-04T16:15:29.917+0530] {dag.py:2941} INFO - Sync 1 DAGs
[2025-07-04T16:15:29.928+0530] {logging_mixin.py:154} INFO - [2025-07-04T16:15:29.928+0530] {dag.py:3722} INFO - Setting next_dagrun for example_complex to None, run_after=None
[2025-07-04T16:15:29.957+0530] {processor.py:179} INFO - Processing /Users/vaish/databorn_etl_project/retail_etl/etl_pipeline_project/venv/lib/python3.10/site-packages/airflow/example_dags/example_complex.py took 0.316 seconds
