[2025-07-04T14:05:59.237+0530] {processor.py:157} INFO - Started process (PID=11727) to work on /Users/vaish/databorn_etl_project/retail_etl/etl_pipeline_project/venv/lib/python3.10/site-packages/airflow/example_dags/example_branch_operator.py
[2025-07-04T14:05:59.238+0530] {processor.py:829} INFO - Processing file /Users/vaish/databorn_etl_project/retail_etl/etl_pipeline_project/venv/lib/python3.10/site-packages/airflow/example_dags/example_branch_operator.py for tasks to queue
[2025-07-04T14:05:59.239+0530] {logging_mixin.py:154} INFO - [2025-07-04T14:05:59.239+0530] {dagbag.py:536} INFO - Filling up the DagBag from /Users/vaish/databorn_etl_project/retail_etl/etl_pipeline_project/venv/lib/python3.10/site-packages/airflow/example_dags/example_branch_operator.py
[2025-07-04T14:05:59.292+0530] {processor.py:839} INFO - DAG(s) dict_keys(['example_branch_operator']) retrieved from /Users/vaish/databorn_etl_project/retail_etl/etl_pipeline_project/venv/lib/python3.10/site-packages/airflow/example_dags/example_branch_operator.py
[2025-07-04T14:06:00.024+0530] {logging_mixin.py:154} INFO - [2025-07-04T14:06:00.024+0530] {manager.py:499} INFO - Created Permission View: %s
[2025-07-04T14:06:00.034+0530] {logging_mixin.py:154} INFO - [2025-07-04T14:06:00.034+0530] {manager.py:499} INFO - Created Permission View: %s
[2025-07-04T14:06:00.042+0530] {logging_mixin.py:154} INFO - [2025-07-04T14:06:00.041+0530] {manager.py:499} INFO - Created Permission View: %s
[2025-07-04T14:06:00.042+0530] {logging_mixin.py:154} INFO - [2025-07-04T14:06:00.042+0530] {dag.py:2941} INFO - Sync 1 DAGs
[2025-07-04T14:06:00.055+0530] {logging_mixin.py:154} INFO - [2025-07-04T14:06:00.054+0530] {dag.py:2963} INFO - Creating ORM DAG for example_branch_operator
[2025-07-04T14:06:00.065+0530] {logging_mixin.py:154} INFO - [2025-07-04T14:06:00.065+0530] {dag.py:3722} INFO - Setting next_dagrun for example_branch_operator to 2025-07-03T00:00:00+00:00, run_after=2025-07-04T00:00:00+00:00
[2025-07-04T14:06:00.084+0530] {processor.py:179} INFO - Processing /Users/vaish/databorn_etl_project/retail_etl/etl_pipeline_project/venv/lib/python3.10/site-packages/airflow/example_dags/example_branch_operator.py took 0.849 seconds
[2025-07-04T14:12:22.209+0530] {processor.py:157} INFO - Started process (PID=12294) to work on /Users/vaish/databorn_etl_project/retail_etl/etl_pipeline_project/venv/lib/python3.10/site-packages/airflow/example_dags/example_branch_operator.py
[2025-07-04T14:12:22.216+0530] {processor.py:829} INFO - Processing file /Users/vaish/databorn_etl_project/retail_etl/etl_pipeline_project/venv/lib/python3.10/site-packages/airflow/example_dags/example_branch_operator.py for tasks to queue
[2025-07-04T14:12:22.217+0530] {logging_mixin.py:154} INFO - [2025-07-04T14:12:22.217+0530] {dagbag.py:536} INFO - Filling up the DagBag from /Users/vaish/databorn_etl_project/retail_etl/etl_pipeline_project/venv/lib/python3.10/site-packages/airflow/example_dags/example_branch_operator.py
[2025-07-04T14:12:22.261+0530] {processor.py:839} INFO - DAG(s) dict_keys(['example_branch_operator']) retrieved from /Users/vaish/databorn_etl_project/retail_etl/etl_pipeline_project/venv/lib/python3.10/site-packages/airflow/example_dags/example_branch_operator.py
[2025-07-04T14:12:22.471+0530] {logging_mixin.py:154} INFO - [2025-07-04T14:12:22.470+0530] {dag.py:2941} INFO - Sync 1 DAGs
[2025-07-04T14:12:22.493+0530] {logging_mixin.py:154} INFO - [2025-07-04T14:12:22.493+0530] {dag.py:3722} INFO - Setting next_dagrun for example_branch_operator to 2025-07-03T00:00:00+00:00, run_after=2025-07-04T00:00:00+00:00
[2025-07-04T14:12:22.514+0530] {processor.py:179} INFO - Processing /Users/vaish/databorn_etl_project/retail_etl/etl_pipeline_project/venv/lib/python3.10/site-packages/airflow/example_dags/example_branch_operator.py took 0.306 seconds
[2025-07-04T14:15:55.301+0530] {processor.py:157} INFO - Started process (PID=12631) to work on /Users/vaish/databorn_etl_project/retail_etl/etl_pipeline_project/venv/lib/python3.10/site-packages/airflow/example_dags/example_branch_operator.py
[2025-07-04T14:15:55.308+0530] {processor.py:829} INFO - Processing file /Users/vaish/databorn_etl_project/retail_etl/etl_pipeline_project/venv/lib/python3.10/site-packages/airflow/example_dags/example_branch_operator.py for tasks to queue
[2025-07-04T14:15:55.309+0530] {logging_mixin.py:154} INFO - [2025-07-04T14:15:55.309+0530] {dagbag.py:536} INFO - Filling up the DagBag from /Users/vaish/databorn_etl_project/retail_etl/etl_pipeline_project/venv/lib/python3.10/site-packages/airflow/example_dags/example_branch_operator.py
[2025-07-04T14:15:55.352+0530] {processor.py:839} INFO - DAG(s) dict_keys(['example_branch_operator']) retrieved from /Users/vaish/databorn_etl_project/retail_etl/etl_pipeline_project/venv/lib/python3.10/site-packages/airflow/example_dags/example_branch_operator.py
[2025-07-04T14:15:55.561+0530] {logging_mixin.py:154} INFO - [2025-07-04T14:15:55.561+0530] {dag.py:2941} INFO - Sync 1 DAGs
[2025-07-04T14:15:55.581+0530] {logging_mixin.py:154} INFO - [2025-07-04T14:15:55.580+0530] {dag.py:3722} INFO - Setting next_dagrun for example_branch_operator to 2025-07-03T00:00:00+00:00, run_after=2025-07-04T00:00:00+00:00
[2025-07-04T14:15:55.608+0530] {processor.py:179} INFO - Processing /Users/vaish/databorn_etl_project/retail_etl/etl_pipeline_project/venv/lib/python3.10/site-packages/airflow/example_dags/example_branch_operator.py took 0.307 seconds
[2025-07-04T14:19:03.032+0530] {processor.py:157} INFO - Started process (PID=12900) to work on /Users/vaish/databorn_etl_project/retail_etl/etl_pipeline_project/venv/lib/python3.10/site-packages/airflow/example_dags/example_branch_operator.py
[2025-07-04T14:19:03.033+0530] {processor.py:829} INFO - Processing file /Users/vaish/databorn_etl_project/retail_etl/etl_pipeline_project/venv/lib/python3.10/site-packages/airflow/example_dags/example_branch_operator.py for tasks to queue
[2025-07-04T14:19:03.034+0530] {logging_mixin.py:154} INFO - [2025-07-04T14:19:03.033+0530] {dagbag.py:536} INFO - Filling up the DagBag from /Users/vaish/databorn_etl_project/retail_etl/etl_pipeline_project/venv/lib/python3.10/site-packages/airflow/example_dags/example_branch_operator.py
[2025-07-04T14:19:03.077+0530] {processor.py:839} INFO - DAG(s) dict_keys(['example_branch_operator']) retrieved from /Users/vaish/databorn_etl_project/retail_etl/etl_pipeline_project/venv/lib/python3.10/site-packages/airflow/example_dags/example_branch_operator.py
[2025-07-04T14:19:03.306+0530] {logging_mixin.py:154} INFO - [2025-07-04T14:19:03.306+0530] {dag.py:2941} INFO - Sync 1 DAGs
[2025-07-04T14:19:03.330+0530] {logging_mixin.py:154} INFO - [2025-07-04T14:19:03.330+0530] {dag.py:3722} INFO - Setting next_dagrun for example_branch_operator to 2025-07-03T00:00:00+00:00, run_after=2025-07-04T00:00:00+00:00
[2025-07-04T14:19:03.358+0530] {processor.py:179} INFO - Processing /Users/vaish/databorn_etl_project/retail_etl/etl_pipeline_project/venv/lib/python3.10/site-packages/airflow/example_dags/example_branch_operator.py took 0.327 seconds
[2025-07-04T14:22:18.137+0530] {processor.py:157} INFO - Started process (PID=13222) to work on /Users/vaish/databorn_etl_project/retail_etl/etl_pipeline_project/venv/lib/python3.10/site-packages/airflow/example_dags/example_branch_operator.py
[2025-07-04T14:22:18.138+0530] {processor.py:829} INFO - Processing file /Users/vaish/databorn_etl_project/retail_etl/etl_pipeline_project/venv/lib/python3.10/site-packages/airflow/example_dags/example_branch_operator.py for tasks to queue
[2025-07-04T14:22:18.139+0530] {logging_mixin.py:154} INFO - [2025-07-04T14:22:18.139+0530] {dagbag.py:536} INFO - Filling up the DagBag from /Users/vaish/databorn_etl_project/retail_etl/etl_pipeline_project/venv/lib/python3.10/site-packages/airflow/example_dags/example_branch_operator.py
[2025-07-04T14:22:18.182+0530] {processor.py:839} INFO - DAG(s) dict_keys(['example_branch_operator']) retrieved from /Users/vaish/databorn_etl_project/retail_etl/etl_pipeline_project/venv/lib/python3.10/site-packages/airflow/example_dags/example_branch_operator.py
[2025-07-04T14:22:18.402+0530] {logging_mixin.py:154} INFO - [2025-07-04T14:22:18.401+0530] {dag.py:2941} INFO - Sync 1 DAGs
[2025-07-04T14:22:18.425+0530] {logging_mixin.py:154} INFO - [2025-07-04T14:22:18.424+0530] {dag.py:3722} INFO - Setting next_dagrun for example_branch_operator to 2025-07-03T00:00:00+00:00, run_after=2025-07-04T00:00:00+00:00
[2025-07-04T14:22:18.460+0530] {processor.py:179} INFO - Processing /Users/vaish/databorn_etl_project/retail_etl/etl_pipeline_project/venv/lib/python3.10/site-packages/airflow/example_dags/example_branch_operator.py took 0.324 seconds
[2025-07-04T14:25:44.068+0530] {processor.py:157} INFO - Started process (PID=13609) to work on /Users/vaish/databorn_etl_project/retail_etl/etl_pipeline_project/venv/lib/python3.10/site-packages/airflow/example_dags/example_branch_operator.py
[2025-07-04T14:25:44.069+0530] {processor.py:829} INFO - Processing file /Users/vaish/databorn_etl_project/retail_etl/etl_pipeline_project/venv/lib/python3.10/site-packages/airflow/example_dags/example_branch_operator.py for tasks to queue
[2025-07-04T14:25:44.070+0530] {logging_mixin.py:154} INFO - [2025-07-04T14:25:44.069+0530] {dagbag.py:536} INFO - Filling up the DagBag from /Users/vaish/databorn_etl_project/retail_etl/etl_pipeline_project/venv/lib/python3.10/site-packages/airflow/example_dags/example_branch_operator.py
[2025-07-04T14:25:44.116+0530] {processor.py:839} INFO - DAG(s) dict_keys(['example_branch_operator']) retrieved from /Users/vaish/databorn_etl_project/retail_etl/etl_pipeline_project/venv/lib/python3.10/site-packages/airflow/example_dags/example_branch_operator.py
[2025-07-04T14:25:44.351+0530] {logging_mixin.py:154} INFO - [2025-07-04T14:25:44.351+0530] {dag.py:2941} INFO - Sync 1 DAGs
[2025-07-04T14:25:44.373+0530] {logging_mixin.py:154} INFO - [2025-07-04T14:25:44.373+0530] {dag.py:3722} INFO - Setting next_dagrun for example_branch_operator to 2025-07-03T00:00:00+00:00, run_after=2025-07-04T00:00:00+00:00
[2025-07-04T14:25:44.398+0530] {processor.py:179} INFO - Processing /Users/vaish/databorn_etl_project/retail_etl/etl_pipeline_project/venv/lib/python3.10/site-packages/airflow/example_dags/example_branch_operator.py took 0.332 seconds
[2025-07-04T14:29:15.474+0530] {processor.py:157} INFO - Started process (PID=13897) to work on /Users/vaish/databorn_etl_project/retail_etl/etl_pipeline_project/venv/lib/python3.10/site-packages/airflow/example_dags/example_branch_operator.py
[2025-07-04T14:29:15.477+0530] {processor.py:829} INFO - Processing file /Users/vaish/databorn_etl_project/retail_etl/etl_pipeline_project/venv/lib/python3.10/site-packages/airflow/example_dags/example_branch_operator.py for tasks to queue
[2025-07-04T14:29:15.477+0530] {logging_mixin.py:154} INFO - [2025-07-04T14:29:15.477+0530] {dagbag.py:536} INFO - Filling up the DagBag from /Users/vaish/databorn_etl_project/retail_etl/etl_pipeline_project/venv/lib/python3.10/site-packages/airflow/example_dags/example_branch_operator.py
[2025-07-04T14:29:15.522+0530] {processor.py:839} INFO - DAG(s) dict_keys(['example_branch_operator']) retrieved from /Users/vaish/databorn_etl_project/retail_etl/etl_pipeline_project/venv/lib/python3.10/site-packages/airflow/example_dags/example_branch_operator.py
[2025-07-04T14:29:15.734+0530] {logging_mixin.py:154} INFO - [2025-07-04T14:29:15.734+0530] {dag.py:2941} INFO - Sync 1 DAGs
[2025-07-04T14:29:15.756+0530] {logging_mixin.py:154} INFO - [2025-07-04T14:29:15.755+0530] {dag.py:3722} INFO - Setting next_dagrun for example_branch_operator to 2025-07-03T00:00:00+00:00, run_after=2025-07-04T00:00:00+00:00
[2025-07-04T14:29:15.782+0530] {processor.py:179} INFO - Processing /Users/vaish/databorn_etl_project/retail_etl/etl_pipeline_project/venv/lib/python3.10/site-packages/airflow/example_dags/example_branch_operator.py took 0.309 seconds
[2025-07-04T14:34:17.050+0530] {processor.py:157} INFO - Started process (PID=14682) to work on /Users/vaish/databorn_etl_project/retail_etl/etl_pipeline_project/venv/lib/python3.10/site-packages/airflow/example_dags/example_branch_operator.py
[2025-07-04T14:34:17.051+0530] {processor.py:829} INFO - Processing file /Users/vaish/databorn_etl_project/retail_etl/etl_pipeline_project/venv/lib/python3.10/site-packages/airflow/example_dags/example_branch_operator.py for tasks to queue
[2025-07-04T14:34:17.052+0530] {logging_mixin.py:154} INFO - [2025-07-04T14:34:17.052+0530] {dagbag.py:536} INFO - Filling up the DagBag from /Users/vaish/databorn_etl_project/retail_etl/etl_pipeline_project/venv/lib/python3.10/site-packages/airflow/example_dags/example_branch_operator.py
[2025-07-04T14:34:17.101+0530] {processor.py:839} INFO - DAG(s) dict_keys(['example_branch_operator']) retrieved from /Users/vaish/databorn_etl_project/retail_etl/etl_pipeline_project/venv/lib/python3.10/site-packages/airflow/example_dags/example_branch_operator.py
[2025-07-04T14:34:17.345+0530] {logging_mixin.py:154} INFO - [2025-07-04T14:34:17.344+0530] {dag.py:2941} INFO - Sync 1 DAGs
[2025-07-04T14:34:17.371+0530] {logging_mixin.py:154} INFO - [2025-07-04T14:34:17.371+0530] {dag.py:3722} INFO - Setting next_dagrun for example_branch_operator to 2025-07-03T00:00:00+00:00, run_after=2025-07-04T00:00:00+00:00
[2025-07-04T14:34:17.403+0530] {processor.py:179} INFO - Processing /Users/vaish/databorn_etl_project/retail_etl/etl_pipeline_project/venv/lib/python3.10/site-packages/airflow/example_dags/example_branch_operator.py took 0.355 seconds
[2025-07-04T14:36:20.979+0530] {processor.py:157} INFO - Started process (PID=14985) to work on /Users/vaish/databorn_etl_project/retail_etl/etl_pipeline_project/venv/lib/python3.10/site-packages/airflow/example_dags/example_branch_operator.py
[2025-07-04T14:36:20.980+0530] {processor.py:829} INFO - Processing file /Users/vaish/databorn_etl_project/retail_etl/etl_pipeline_project/venv/lib/python3.10/site-packages/airflow/example_dags/example_branch_operator.py for tasks to queue
[2025-07-04T14:36:20.981+0530] {logging_mixin.py:154} INFO - [2025-07-04T14:36:20.981+0530] {dagbag.py:536} INFO - Filling up the DagBag from /Users/vaish/databorn_etl_project/retail_etl/etl_pipeline_project/venv/lib/python3.10/site-packages/airflow/example_dags/example_branch_operator.py
[2025-07-04T14:36:21.026+0530] {processor.py:839} INFO - DAG(s) dict_keys(['example_branch_operator']) retrieved from /Users/vaish/databorn_etl_project/retail_etl/etl_pipeline_project/venv/lib/python3.10/site-packages/airflow/example_dags/example_branch_operator.py
[2025-07-04T14:36:21.243+0530] {logging_mixin.py:154} INFO - [2025-07-04T14:36:21.242+0530] {dag.py:2941} INFO - Sync 1 DAGs
[2025-07-04T14:36:21.263+0530] {logging_mixin.py:154} INFO - [2025-07-04T14:36:21.262+0530] {dag.py:3722} INFO - Setting next_dagrun for example_branch_operator to 2025-07-03T00:00:00+00:00, run_after=2025-07-04T00:00:00+00:00
[2025-07-04T14:36:21.289+0530] {processor.py:179} INFO - Processing /Users/vaish/databorn_etl_project/retail_etl/etl_pipeline_project/venv/lib/python3.10/site-packages/airflow/example_dags/example_branch_operator.py took 0.311 seconds
[2025-07-04T14:37:40.025+0530] {processor.py:157} INFO - Started process (PID=15156) to work on /Users/vaish/databorn_etl_project/retail_etl/etl_pipeline_project/venv/lib/python3.10/site-packages/airflow/example_dags/example_branch_operator.py
[2025-07-04T14:37:40.025+0530] {processor.py:829} INFO - Processing file /Users/vaish/databorn_etl_project/retail_etl/etl_pipeline_project/venv/lib/python3.10/site-packages/airflow/example_dags/example_branch_operator.py for tasks to queue
[2025-07-04T14:37:40.026+0530] {logging_mixin.py:154} INFO - [2025-07-04T14:37:40.026+0530] {dagbag.py:536} INFO - Filling up the DagBag from /Users/vaish/databorn_etl_project/retail_etl/etl_pipeline_project/venv/lib/python3.10/site-packages/airflow/example_dags/example_branch_operator.py
[2025-07-04T14:37:40.070+0530] {processor.py:839} INFO - DAG(s) dict_keys(['example_branch_operator']) retrieved from /Users/vaish/databorn_etl_project/retail_etl/etl_pipeline_project/venv/lib/python3.10/site-packages/airflow/example_dags/example_branch_operator.py
[2025-07-04T14:37:40.320+0530] {logging_mixin.py:154} INFO - [2025-07-04T14:37:40.320+0530] {dag.py:2941} INFO - Sync 1 DAGs
[2025-07-04T14:37:40.347+0530] {logging_mixin.py:154} INFO - [2025-07-04T14:37:40.346+0530] {dag.py:3722} INFO - Setting next_dagrun for example_branch_operator to 2025-07-03T00:00:00+00:00, run_after=2025-07-04T00:00:00+00:00
[2025-07-04T14:37:40.376+0530] {processor.py:179} INFO - Processing /Users/vaish/databorn_etl_project/retail_etl/etl_pipeline_project/venv/lib/python3.10/site-packages/airflow/example_dags/example_branch_operator.py took 0.353 seconds
[2025-07-04T14:39:43.727+0530] {processor.py:157} INFO - Started process (PID=15543) to work on /Users/vaish/databorn_etl_project/retail_etl/etl_pipeline_project/venv/lib/python3.10/site-packages/airflow/example_dags/example_branch_operator.py
[2025-07-04T14:39:43.729+0530] {processor.py:829} INFO - Processing file /Users/vaish/databorn_etl_project/retail_etl/etl_pipeline_project/venv/lib/python3.10/site-packages/airflow/example_dags/example_branch_operator.py for tasks to queue
[2025-07-04T14:39:43.730+0530] {logging_mixin.py:154} INFO - [2025-07-04T14:39:43.730+0530] {dagbag.py:536} INFO - Filling up the DagBag from /Users/vaish/databorn_etl_project/retail_etl/etl_pipeline_project/venv/lib/python3.10/site-packages/airflow/example_dags/example_branch_operator.py
[2025-07-04T14:39:43.775+0530] {processor.py:839} INFO - DAG(s) dict_keys(['example_branch_operator']) retrieved from /Users/vaish/databorn_etl_project/retail_etl/etl_pipeline_project/venv/lib/python3.10/site-packages/airflow/example_dags/example_branch_operator.py
[2025-07-04T14:39:43.993+0530] {logging_mixin.py:154} INFO - [2025-07-04T14:39:43.993+0530] {dag.py:2941} INFO - Sync 1 DAGs
[2025-07-04T14:39:44.013+0530] {logging_mixin.py:154} INFO - [2025-07-04T14:39:44.013+0530] {dag.py:3722} INFO - Setting next_dagrun for example_branch_operator to 2025-07-03T00:00:00+00:00, run_after=2025-07-04T00:00:00+00:00
[2025-07-04T14:39:44.034+0530] {processor.py:179} INFO - Processing /Users/vaish/databorn_etl_project/retail_etl/etl_pipeline_project/venv/lib/python3.10/site-packages/airflow/example_dags/example_branch_operator.py took 0.308 seconds
[2025-07-04T14:41:05.800+0530] {processor.py:157} INFO - Started process (PID=15725) to work on /Users/vaish/databorn_etl_project/retail_etl/etl_pipeline_project/venv/lib/python3.10/site-packages/airflow/example_dags/example_branch_operator.py
[2025-07-04T14:41:05.801+0530] {processor.py:829} INFO - Processing file /Users/vaish/databorn_etl_project/retail_etl/etl_pipeline_project/venv/lib/python3.10/site-packages/airflow/example_dags/example_branch_operator.py for tasks to queue
[2025-07-04T14:41:05.802+0530] {logging_mixin.py:154} INFO - [2025-07-04T14:41:05.802+0530] {dagbag.py:536} INFO - Filling up the DagBag from /Users/vaish/databorn_etl_project/retail_etl/etl_pipeline_project/venv/lib/python3.10/site-packages/airflow/example_dags/example_branch_operator.py
[2025-07-04T14:41:05.844+0530] {processor.py:839} INFO - DAG(s) dict_keys(['example_branch_operator']) retrieved from /Users/vaish/databorn_etl_project/retail_etl/etl_pipeline_project/venv/lib/python3.10/site-packages/airflow/example_dags/example_branch_operator.py
[2025-07-04T14:41:06.055+0530] {logging_mixin.py:154} INFO - [2025-07-04T14:41:06.055+0530] {dag.py:2941} INFO - Sync 1 DAGs
[2025-07-04T14:41:06.075+0530] {logging_mixin.py:154} INFO - [2025-07-04T14:41:06.075+0530] {dag.py:3722} INFO - Setting next_dagrun for example_branch_operator to 2025-07-03T00:00:00+00:00, run_after=2025-07-04T00:00:00+00:00
[2025-07-04T14:41:06.102+0530] {processor.py:179} INFO - Processing /Users/vaish/databorn_etl_project/retail_etl/etl_pipeline_project/venv/lib/python3.10/site-packages/airflow/example_dags/example_branch_operator.py took 0.303 seconds
[2025-07-04T14:43:18.562+0530] {processor.py:157} INFO - Started process (PID=16035) to work on /Users/vaish/databorn_etl_project/retail_etl/etl_pipeline_project/venv/lib/python3.10/site-packages/airflow/example_dags/example_branch_operator.py
[2025-07-04T14:43:18.569+0530] {processor.py:829} INFO - Processing file /Users/vaish/databorn_etl_project/retail_etl/etl_pipeline_project/venv/lib/python3.10/site-packages/airflow/example_dags/example_branch_operator.py for tasks to queue
[2025-07-04T14:43:18.570+0530] {logging_mixin.py:154} INFO - [2025-07-04T14:43:18.570+0530] {dagbag.py:536} INFO - Filling up the DagBag from /Users/vaish/databorn_etl_project/retail_etl/etl_pipeline_project/venv/lib/python3.10/site-packages/airflow/example_dags/example_branch_operator.py
[2025-07-04T14:43:18.619+0530] {processor.py:839} INFO - DAG(s) dict_keys(['example_branch_operator']) retrieved from /Users/vaish/databorn_etl_project/retail_etl/etl_pipeline_project/venv/lib/python3.10/site-packages/airflow/example_dags/example_branch_operator.py
[2025-07-04T14:43:18.855+0530] {logging_mixin.py:154} INFO - [2025-07-04T14:43:18.855+0530] {dag.py:2941} INFO - Sync 1 DAGs
[2025-07-04T14:43:18.882+0530] {logging_mixin.py:154} INFO - [2025-07-04T14:43:18.881+0530] {dag.py:3722} INFO - Setting next_dagrun for example_branch_operator to 2025-07-03T00:00:00+00:00, run_after=2025-07-04T00:00:00+00:00
[2025-07-04T14:43:18.913+0530] {processor.py:179} INFO - Processing /Users/vaish/databorn_etl_project/retail_etl/etl_pipeline_project/venv/lib/python3.10/site-packages/airflow/example_dags/example_branch_operator.py took 0.354 seconds
[2025-07-04T14:44:08.033+0530] {processor.py:157} INFO - Started process (PID=16137) to work on /Users/vaish/databorn_etl_project/retail_etl/etl_pipeline_project/venv/lib/python3.10/site-packages/airflow/example_dags/example_branch_operator.py
[2025-07-04T14:44:08.034+0530] {processor.py:829} INFO - Processing file /Users/vaish/databorn_etl_project/retail_etl/etl_pipeline_project/venv/lib/python3.10/site-packages/airflow/example_dags/example_branch_operator.py for tasks to queue
[2025-07-04T14:44:08.035+0530] {logging_mixin.py:154} INFO - [2025-07-04T14:44:08.035+0530] {dagbag.py:536} INFO - Filling up the DagBag from /Users/vaish/databorn_etl_project/retail_etl/etl_pipeline_project/venv/lib/python3.10/site-packages/airflow/example_dags/example_branch_operator.py
[2025-07-04T14:44:08.098+0530] {processor.py:839} INFO - DAG(s) dict_keys(['example_branch_operator']) retrieved from /Users/vaish/databorn_etl_project/retail_etl/etl_pipeline_project/venv/lib/python3.10/site-packages/airflow/example_dags/example_branch_operator.py
[2025-07-04T14:44:08.353+0530] {logging_mixin.py:154} INFO - [2025-07-04T14:44:08.353+0530] {dag.py:2941} INFO - Sync 1 DAGs
[2025-07-04T14:44:08.380+0530] {logging_mixin.py:154} INFO - [2025-07-04T14:44:08.380+0530] {dag.py:3722} INFO - Setting next_dagrun for example_branch_operator to 2025-07-03T00:00:00+00:00, run_after=2025-07-04T00:00:00+00:00
[2025-07-04T14:44:08.408+0530] {processor.py:179} INFO - Processing /Users/vaish/databorn_etl_project/retail_etl/etl_pipeline_project/venv/lib/python3.10/site-packages/airflow/example_dags/example_branch_operator.py took 0.378 seconds
[2025-07-04T14:46:44.649+0530] {processor.py:157} INFO - Started process (PID=16620) to work on /Users/vaish/databorn_etl_project/retail_etl/etl_pipeline_project/venv/lib/python3.10/site-packages/airflow/example_dags/example_branch_operator.py
[2025-07-04T14:46:44.650+0530] {processor.py:829} INFO - Processing file /Users/vaish/databorn_etl_project/retail_etl/etl_pipeline_project/venv/lib/python3.10/site-packages/airflow/example_dags/example_branch_operator.py for tasks to queue
[2025-07-04T14:46:44.651+0530] {logging_mixin.py:154} INFO - [2025-07-04T14:46:44.651+0530] {dagbag.py:536} INFO - Filling up the DagBag from /Users/vaish/databorn_etl_project/retail_etl/etl_pipeline_project/venv/lib/python3.10/site-packages/airflow/example_dags/example_branch_operator.py
[2025-07-04T14:46:44.695+0530] {processor.py:839} INFO - DAG(s) dict_keys(['example_branch_operator']) retrieved from /Users/vaish/databorn_etl_project/retail_etl/etl_pipeline_project/venv/lib/python3.10/site-packages/airflow/example_dags/example_branch_operator.py
[2025-07-04T14:46:44.906+0530] {logging_mixin.py:154} INFO - [2025-07-04T14:46:44.906+0530] {dag.py:2941} INFO - Sync 1 DAGs
[2025-07-04T14:46:44.926+0530] {logging_mixin.py:154} INFO - [2025-07-04T14:46:44.926+0530] {dag.py:3722} INFO - Setting next_dagrun for example_branch_operator to 2025-07-03T00:00:00+00:00, run_after=2025-07-04T00:00:00+00:00
[2025-07-04T14:46:44.954+0530] {processor.py:179} INFO - Processing /Users/vaish/databorn_etl_project/retail_etl/etl_pipeline_project/venv/lib/python3.10/site-packages/airflow/example_dags/example_branch_operator.py took 0.305 seconds
[2025-07-04T14:49:18.091+0530] {processor.py:157} INFO - Started process (PID=17002) to work on /Users/vaish/databorn_etl_project/retail_etl/etl_pipeline_project/venv/lib/python3.10/site-packages/airflow/example_dags/example_branch_operator.py
[2025-07-04T14:49:18.097+0530] {processor.py:829} INFO - Processing file /Users/vaish/databorn_etl_project/retail_etl/etl_pipeline_project/venv/lib/python3.10/site-packages/airflow/example_dags/example_branch_operator.py for tasks to queue
[2025-07-04T14:49:18.098+0530] {logging_mixin.py:154} INFO - [2025-07-04T14:49:18.098+0530] {dagbag.py:536} INFO - Filling up the DagBag from /Users/vaish/databorn_etl_project/retail_etl/etl_pipeline_project/venv/lib/python3.10/site-packages/airflow/example_dags/example_branch_operator.py
[2025-07-04T14:49:18.146+0530] {processor.py:839} INFO - DAG(s) dict_keys(['example_branch_operator']) retrieved from /Users/vaish/databorn_etl_project/retail_etl/etl_pipeline_project/venv/lib/python3.10/site-packages/airflow/example_dags/example_branch_operator.py
[2025-07-04T14:49:18.387+0530] {logging_mixin.py:154} INFO - [2025-07-04T14:49:18.386+0530] {dag.py:2941} INFO - Sync 1 DAGs
[2025-07-04T14:49:18.410+0530] {logging_mixin.py:154} INFO - [2025-07-04T14:49:18.410+0530] {dag.py:3722} INFO - Setting next_dagrun for example_branch_operator to 2025-07-03T00:00:00+00:00, run_after=2025-07-04T00:00:00+00:00
[2025-07-04T14:49:18.440+0530] {processor.py:179} INFO - Processing /Users/vaish/databorn_etl_project/retail_etl/etl_pipeline_project/venv/lib/python3.10/site-packages/airflow/example_dags/example_branch_operator.py took 0.350 seconds
[2025-07-04T14:50:08.756+0530] {processor.py:157} INFO - Started process (PID=17107) to work on /Users/vaish/databorn_etl_project/retail_etl/etl_pipeline_project/venv/lib/python3.10/site-packages/airflow/example_dags/example_branch_operator.py
[2025-07-04T14:50:08.757+0530] {processor.py:829} INFO - Processing file /Users/vaish/databorn_etl_project/retail_etl/etl_pipeline_project/venv/lib/python3.10/site-packages/airflow/example_dags/example_branch_operator.py for tasks to queue
[2025-07-04T14:50:08.758+0530] {logging_mixin.py:154} INFO - [2025-07-04T14:50:08.758+0530] {dagbag.py:536} INFO - Filling up the DagBag from /Users/vaish/databorn_etl_project/retail_etl/etl_pipeline_project/venv/lib/python3.10/site-packages/airflow/example_dags/example_branch_operator.py
[2025-07-04T14:50:08.807+0530] {processor.py:839} INFO - DAG(s) dict_keys(['example_branch_operator']) retrieved from /Users/vaish/databorn_etl_project/retail_etl/etl_pipeline_project/venv/lib/python3.10/site-packages/airflow/example_dags/example_branch_operator.py
[2025-07-04T14:50:09.048+0530] {logging_mixin.py:154} INFO - [2025-07-04T14:50:09.047+0530] {dag.py:2941} INFO - Sync 1 DAGs
[2025-07-04T14:50:09.070+0530] {logging_mixin.py:154} INFO - [2025-07-04T14:50:09.070+0530] {dag.py:3722} INFO - Setting next_dagrun for example_branch_operator to 2025-07-03T00:00:00+00:00, run_after=2025-07-04T00:00:00+00:00
[2025-07-04T14:50:09.097+0530] {processor.py:179} INFO - Processing /Users/vaish/databorn_etl_project/retail_etl/etl_pipeline_project/venv/lib/python3.10/site-packages/airflow/example_dags/example_branch_operator.py took 0.342 seconds
[2025-07-04T14:52:43.310+0530] {processor.py:157} INFO - Started process (PID=17445) to work on /Users/vaish/databorn_etl_project/retail_etl/etl_pipeline_project/venv/lib/python3.10/site-packages/airflow/example_dags/example_branch_operator.py
[2025-07-04T14:52:43.311+0530] {processor.py:829} INFO - Processing file /Users/vaish/databorn_etl_project/retail_etl/etl_pipeline_project/venv/lib/python3.10/site-packages/airflow/example_dags/example_branch_operator.py for tasks to queue
[2025-07-04T14:52:43.312+0530] {logging_mixin.py:154} INFO - [2025-07-04T14:52:43.312+0530] {dagbag.py:536} INFO - Filling up the DagBag from /Users/vaish/databorn_etl_project/retail_etl/etl_pipeline_project/venv/lib/python3.10/site-packages/airflow/example_dags/example_branch_operator.py
[2025-07-04T14:52:43.360+0530] {processor.py:839} INFO - DAG(s) dict_keys(['example_branch_operator']) retrieved from /Users/vaish/databorn_etl_project/retail_etl/etl_pipeline_project/venv/lib/python3.10/site-packages/airflow/example_dags/example_branch_operator.py
[2025-07-04T14:52:43.596+0530] {logging_mixin.py:154} INFO - [2025-07-04T14:52:43.595+0530] {dag.py:2941} INFO - Sync 1 DAGs
[2025-07-04T14:52:43.619+0530] {logging_mixin.py:154} INFO - [2025-07-04T14:52:43.619+0530] {dag.py:3722} INFO - Setting next_dagrun for example_branch_operator to 2025-07-03T00:00:00+00:00, run_after=2025-07-04T00:00:00+00:00
[2025-07-04T14:52:43.642+0530] {processor.py:179} INFO - Processing /Users/vaish/databorn_etl_project/retail_etl/etl_pipeline_project/venv/lib/python3.10/site-packages/airflow/example_dags/example_branch_operator.py took 0.334 seconds
[2025-07-04T14:53:40.062+0530] {processor.py:157} INFO - Started process (PID=17569) to work on /Users/vaish/databorn_etl_project/retail_etl/etl_pipeline_project/venv/lib/python3.10/site-packages/airflow/example_dags/example_branch_operator.py
[2025-07-04T14:53:40.063+0530] {processor.py:829} INFO - Processing file /Users/vaish/databorn_etl_project/retail_etl/etl_pipeline_project/venv/lib/python3.10/site-packages/airflow/example_dags/example_branch_operator.py for tasks to queue
[2025-07-04T14:53:40.064+0530] {logging_mixin.py:154} INFO - [2025-07-04T14:53:40.064+0530] {dagbag.py:536} INFO - Filling up the DagBag from /Users/vaish/databorn_etl_project/retail_etl/etl_pipeline_project/venv/lib/python3.10/site-packages/airflow/example_dags/example_branch_operator.py
[2025-07-04T14:53:40.110+0530] {processor.py:839} INFO - DAG(s) dict_keys(['example_branch_operator']) retrieved from /Users/vaish/databorn_etl_project/retail_etl/etl_pipeline_project/venv/lib/python3.10/site-packages/airflow/example_dags/example_branch_operator.py
[2025-07-04T14:53:40.336+0530] {logging_mixin.py:154} INFO - [2025-07-04T14:53:40.336+0530] {dag.py:2941} INFO - Sync 1 DAGs
[2025-07-04T14:53:40.358+0530] {logging_mixin.py:154} INFO - [2025-07-04T14:53:40.358+0530] {dag.py:3722} INFO - Setting next_dagrun for example_branch_operator to 2025-07-03T00:00:00+00:00, run_after=2025-07-04T00:00:00+00:00
[2025-07-04T14:53:40.387+0530] {processor.py:179} INFO - Processing /Users/vaish/databorn_etl_project/retail_etl/etl_pipeline_project/venv/lib/python3.10/site-packages/airflow/example_dags/example_branch_operator.py took 0.327 seconds
[2025-07-04T14:56:10.615+0530] {processor.py:157} INFO - Started process (PID=17873) to work on /Users/vaish/databorn_etl_project/retail_etl/etl_pipeline_project/venv/lib/python3.10/site-packages/airflow/example_dags/example_branch_operator.py
[2025-07-04T14:56:10.616+0530] {processor.py:829} INFO - Processing file /Users/vaish/databorn_etl_project/retail_etl/etl_pipeline_project/venv/lib/python3.10/site-packages/airflow/example_dags/example_branch_operator.py for tasks to queue
[2025-07-04T14:56:10.617+0530] {logging_mixin.py:154} INFO - [2025-07-04T14:56:10.617+0530] {dagbag.py:536} INFO - Filling up the DagBag from /Users/vaish/databorn_etl_project/retail_etl/etl_pipeline_project/venv/lib/python3.10/site-packages/airflow/example_dags/example_branch_operator.py
[2025-07-04T14:56:10.663+0530] {processor.py:839} INFO - DAG(s) dict_keys(['example_branch_operator']) retrieved from /Users/vaish/databorn_etl_project/retail_etl/etl_pipeline_project/venv/lib/python3.10/site-packages/airflow/example_dags/example_branch_operator.py
[2025-07-04T14:56:10.897+0530] {logging_mixin.py:154} INFO - [2025-07-04T14:56:10.897+0530] {dag.py:2941} INFO - Sync 1 DAGs
[2025-07-04T14:56:10.919+0530] {logging_mixin.py:154} INFO - [2025-07-04T14:56:10.919+0530] {dag.py:3722} INFO - Setting next_dagrun for example_branch_operator to 2025-07-03T00:00:00+00:00, run_after=2025-07-04T00:00:00+00:00
[2025-07-04T14:56:10.942+0530] {processor.py:179} INFO - Processing /Users/vaish/databorn_etl_project/retail_etl/etl_pipeline_project/venv/lib/python3.10/site-packages/airflow/example_dags/example_branch_operator.py took 0.328 seconds
[2025-07-04T14:57:07.319+0530] {processor.py:157} INFO - Started process (PID=17990) to work on /Users/vaish/databorn_etl_project/retail_etl/etl_pipeline_project/venv/lib/python3.10/site-packages/airflow/example_dags/example_branch_operator.py
[2025-07-04T14:57:07.320+0530] {processor.py:829} INFO - Processing file /Users/vaish/databorn_etl_project/retail_etl/etl_pipeline_project/venv/lib/python3.10/site-packages/airflow/example_dags/example_branch_operator.py for tasks to queue
[2025-07-04T14:57:07.321+0530] {logging_mixin.py:154} INFO - [2025-07-04T14:57:07.321+0530] {dagbag.py:536} INFO - Filling up the DagBag from /Users/vaish/databorn_etl_project/retail_etl/etl_pipeline_project/venv/lib/python3.10/site-packages/airflow/example_dags/example_branch_operator.py
[2025-07-04T14:57:07.367+0530] {processor.py:839} INFO - DAG(s) dict_keys(['example_branch_operator']) retrieved from /Users/vaish/databorn_etl_project/retail_etl/etl_pipeline_project/venv/lib/python3.10/site-packages/airflow/example_dags/example_branch_operator.py
[2025-07-04T14:57:07.591+0530] {logging_mixin.py:154} INFO - [2025-07-04T14:57:07.590+0530] {dag.py:2941} INFO - Sync 1 DAGs
[2025-07-04T14:57:07.613+0530] {logging_mixin.py:154} INFO - [2025-07-04T14:57:07.613+0530] {dag.py:3722} INFO - Setting next_dagrun for example_branch_operator to 2025-07-03T00:00:00+00:00, run_after=2025-07-04T00:00:00+00:00
[2025-07-04T14:57:07.640+0530] {processor.py:179} INFO - Processing /Users/vaish/databorn_etl_project/retail_etl/etl_pipeline_project/venv/lib/python3.10/site-packages/airflow/example_dags/example_branch_operator.py took 0.322 seconds
[2025-07-04T14:59:33.008+0530] {processor.py:157} INFO - Started process (PID=18291) to work on /Users/vaish/databorn_etl_project/retail_etl/etl_pipeline_project/venv/lib/python3.10/site-packages/airflow/example_dags/example_branch_operator.py
[2025-07-04T14:59:33.009+0530] {processor.py:829} INFO - Processing file /Users/vaish/databorn_etl_project/retail_etl/etl_pipeline_project/venv/lib/python3.10/site-packages/airflow/example_dags/example_branch_operator.py for tasks to queue
[2025-07-04T14:59:33.009+0530] {logging_mixin.py:154} INFO - [2025-07-04T14:59:33.009+0530] {dagbag.py:536} INFO - Filling up the DagBag from /Users/vaish/databorn_etl_project/retail_etl/etl_pipeline_project/venv/lib/python3.10/site-packages/airflow/example_dags/example_branch_operator.py
[2025-07-04T14:59:33.052+0530] {processor.py:839} INFO - DAG(s) dict_keys(['example_branch_operator']) retrieved from /Users/vaish/databorn_etl_project/retail_etl/etl_pipeline_project/venv/lib/python3.10/site-packages/airflow/example_dags/example_branch_operator.py
[2025-07-04T14:59:33.263+0530] {logging_mixin.py:154} INFO - [2025-07-04T14:59:33.263+0530] {dag.py:2941} INFO - Sync 1 DAGs
[2025-07-04T14:59:33.284+0530] {logging_mixin.py:154} INFO - [2025-07-04T14:59:33.284+0530] {dag.py:3722} INFO - Setting next_dagrun for example_branch_operator to 2025-07-03T00:00:00+00:00, run_after=2025-07-04T00:00:00+00:00
[2025-07-04T14:59:33.306+0530] {processor.py:179} INFO - Processing /Users/vaish/databorn_etl_project/retail_etl/etl_pipeline_project/venv/lib/python3.10/site-packages/airflow/example_dags/example_branch_operator.py took 0.300 seconds
[2025-07-04T15:00:21.861+0530] {processor.py:157} INFO - Started process (PID=18393) to work on /Users/vaish/databorn_etl_project/retail_etl/etl_pipeline_project/venv/lib/python3.10/site-packages/airflow/example_dags/example_branch_operator.py
[2025-07-04T15:00:21.862+0530] {processor.py:829} INFO - Processing file /Users/vaish/databorn_etl_project/retail_etl/etl_pipeline_project/venv/lib/python3.10/site-packages/airflow/example_dags/example_branch_operator.py for tasks to queue
[2025-07-04T15:00:21.862+0530] {logging_mixin.py:154} INFO - [2025-07-04T15:00:21.862+0530] {dagbag.py:536} INFO - Filling up the DagBag from /Users/vaish/databorn_etl_project/retail_etl/etl_pipeline_project/venv/lib/python3.10/site-packages/airflow/example_dags/example_branch_operator.py
[2025-07-04T15:00:21.905+0530] {processor.py:839} INFO - DAG(s) dict_keys(['example_branch_operator']) retrieved from /Users/vaish/databorn_etl_project/retail_etl/etl_pipeline_project/venv/lib/python3.10/site-packages/airflow/example_dags/example_branch_operator.py
[2025-07-04T15:00:22.116+0530] {logging_mixin.py:154} INFO - [2025-07-04T15:00:22.116+0530] {dag.py:2941} INFO - Sync 1 DAGs
[2025-07-04T15:00:22.136+0530] {logging_mixin.py:154} INFO - [2025-07-04T15:00:22.135+0530] {dag.py:3722} INFO - Setting next_dagrun for example_branch_operator to 2025-07-03T00:00:00+00:00, run_after=2025-07-04T00:00:00+00:00
[2025-07-04T15:00:22.162+0530] {processor.py:179} INFO - Processing /Users/vaish/databorn_etl_project/retail_etl/etl_pipeline_project/venv/lib/python3.10/site-packages/airflow/example_dags/example_branch_operator.py took 0.303 seconds
[2025-07-04T15:02:48.790+0530] {processor.py:157} INFO - Started process (PID=18758) to work on /Users/vaish/databorn_etl_project/retail_etl/etl_pipeline_project/venv/lib/python3.10/site-packages/airflow/example_dags/example_branch_operator.py
[2025-07-04T15:02:48.791+0530] {processor.py:829} INFO - Processing file /Users/vaish/databorn_etl_project/retail_etl/etl_pipeline_project/venv/lib/python3.10/site-packages/airflow/example_dags/example_branch_operator.py for tasks to queue
[2025-07-04T15:02:48.792+0530] {logging_mixin.py:154} INFO - [2025-07-04T15:02:48.792+0530] {dagbag.py:536} INFO - Filling up the DagBag from /Users/vaish/databorn_etl_project/retail_etl/etl_pipeline_project/venv/lib/python3.10/site-packages/airflow/example_dags/example_branch_operator.py
[2025-07-04T15:02:48.842+0530] {processor.py:839} INFO - DAG(s) dict_keys(['example_branch_operator']) retrieved from /Users/vaish/databorn_etl_project/retail_etl/etl_pipeline_project/venv/lib/python3.10/site-packages/airflow/example_dags/example_branch_operator.py
[2025-07-04T15:02:49.068+0530] {logging_mixin.py:154} INFO - [2025-07-04T15:02:49.067+0530] {dag.py:2941} INFO - Sync 1 DAGs
[2025-07-04T15:02:49.091+0530] {logging_mixin.py:154} INFO - [2025-07-04T15:02:49.091+0530] {dag.py:3722} INFO - Setting next_dagrun for example_branch_operator to 2025-07-03T00:00:00+00:00, run_after=2025-07-04T00:00:00+00:00
[2025-07-04T15:02:49.117+0530] {processor.py:179} INFO - Processing /Users/vaish/databorn_etl_project/retail_etl/etl_pipeline_project/venv/lib/python3.10/site-packages/airflow/example_dags/example_branch_operator.py took 0.328 seconds
[2025-07-04T15:03:52.874+0530] {processor.py:157} INFO - Started process (PID=18946) to work on /Users/vaish/databorn_etl_project/retail_etl/etl_pipeline_project/venv/lib/python3.10/site-packages/airflow/example_dags/example_branch_operator.py
[2025-07-04T15:03:52.876+0530] {processor.py:829} INFO - Processing file /Users/vaish/databorn_etl_project/retail_etl/etl_pipeline_project/venv/lib/python3.10/site-packages/airflow/example_dags/example_branch_operator.py for tasks to queue
[2025-07-04T15:03:52.876+0530] {logging_mixin.py:154} INFO - [2025-07-04T15:03:52.876+0530] {dagbag.py:536} INFO - Filling up the DagBag from /Users/vaish/databorn_etl_project/retail_etl/etl_pipeline_project/venv/lib/python3.10/site-packages/airflow/example_dags/example_branch_operator.py
[2025-07-04T15:03:52.929+0530] {processor.py:839} INFO - DAG(s) dict_keys(['example_branch_operator']) retrieved from /Users/vaish/databorn_etl_project/retail_etl/etl_pipeline_project/venv/lib/python3.10/site-packages/airflow/example_dags/example_branch_operator.py
[2025-07-04T15:03:53.193+0530] {logging_mixin.py:154} INFO - [2025-07-04T15:03:53.192+0530] {dag.py:2941} INFO - Sync 1 DAGs
[2025-07-04T15:03:53.221+0530] {logging_mixin.py:154} INFO - [2025-07-04T15:03:53.221+0530] {dag.py:3722} INFO - Setting next_dagrun for example_branch_operator to 2025-07-03T00:00:00+00:00, run_after=2025-07-04T00:00:00+00:00
[2025-07-04T15:03:53.244+0530] {processor.py:179} INFO - Processing /Users/vaish/databorn_etl_project/retail_etl/etl_pipeline_project/venv/lib/python3.10/site-packages/airflow/example_dags/example_branch_operator.py took 0.371 seconds
[2025-07-04T15:07:26.228+0530] {processor.py:157} INFO - Started process (PID=19407) to work on /Users/vaish/databorn_etl_project/retail_etl/etl_pipeline_project/venv/lib/python3.10/site-packages/airflow/example_dags/example_branch_operator.py
[2025-07-04T15:07:26.231+0530] {processor.py:829} INFO - Processing file /Users/vaish/databorn_etl_project/retail_etl/etl_pipeline_project/venv/lib/python3.10/site-packages/airflow/example_dags/example_branch_operator.py for tasks to queue
[2025-07-04T15:07:26.232+0530] {logging_mixin.py:154} INFO - [2025-07-04T15:07:26.232+0530] {dagbag.py:536} INFO - Filling up the DagBag from /Users/vaish/databorn_etl_project/retail_etl/etl_pipeline_project/venv/lib/python3.10/site-packages/airflow/example_dags/example_branch_operator.py
[2025-07-04T15:07:26.280+0530] {processor.py:839} INFO - DAG(s) dict_keys(['example_branch_operator']) retrieved from /Users/vaish/databorn_etl_project/retail_etl/etl_pipeline_project/venv/lib/python3.10/site-packages/airflow/example_dags/example_branch_operator.py
[2025-07-04T15:07:26.534+0530] {logging_mixin.py:154} INFO - [2025-07-04T15:07:26.534+0530] {dag.py:2941} INFO - Sync 1 DAGs
[2025-07-04T15:07:26.558+0530] {logging_mixin.py:154} INFO - [2025-07-04T15:07:26.557+0530] {dag.py:3722} INFO - Setting next_dagrun for example_branch_operator to 2025-07-03T00:00:00+00:00, run_after=2025-07-04T00:00:00+00:00
[2025-07-04T15:07:26.581+0530] {processor.py:179} INFO - Processing /Users/vaish/databorn_etl_project/retail_etl/etl_pipeline_project/venv/lib/python3.10/site-packages/airflow/example_dags/example_branch_operator.py took 0.355 seconds
[2025-07-04T15:11:01.103+0530] {processor.py:157} INFO - Started process (PID=19779) to work on /Users/vaish/databorn_etl_project/retail_etl/etl_pipeline_project/venv/lib/python3.10/site-packages/airflow/example_dags/example_branch_operator.py
[2025-07-04T15:11:01.110+0530] {processor.py:829} INFO - Processing file /Users/vaish/databorn_etl_project/retail_etl/etl_pipeline_project/venv/lib/python3.10/site-packages/airflow/example_dags/example_branch_operator.py for tasks to queue
[2025-07-04T15:11:01.111+0530] {logging_mixin.py:154} INFO - [2025-07-04T15:11:01.111+0530] {dagbag.py:536} INFO - Filling up the DagBag from /Users/vaish/databorn_etl_project/retail_etl/etl_pipeline_project/venv/lib/python3.10/site-packages/airflow/example_dags/example_branch_operator.py
[2025-07-04T15:11:01.155+0530] {processor.py:839} INFO - DAG(s) dict_keys(['example_branch_operator']) retrieved from /Users/vaish/databorn_etl_project/retail_etl/etl_pipeline_project/venv/lib/python3.10/site-packages/airflow/example_dags/example_branch_operator.py
[2025-07-04T15:11:01.364+0530] {logging_mixin.py:154} INFO - [2025-07-04T15:11:01.364+0530] {dag.py:2941} INFO - Sync 1 DAGs
[2025-07-04T15:11:01.384+0530] {logging_mixin.py:154} INFO - [2025-07-04T15:11:01.384+0530] {dag.py:3722} INFO - Setting next_dagrun for example_branch_operator to 2025-07-03T00:00:00+00:00, run_after=2025-07-04T00:00:00+00:00
[2025-07-04T15:11:01.410+0530] {processor.py:179} INFO - Processing /Users/vaish/databorn_etl_project/retail_etl/etl_pipeline_project/venv/lib/python3.10/site-packages/airflow/example_dags/example_branch_operator.py took 0.309 seconds
[2025-07-04T15:14:25.138+0530] {processor.py:157} INFO - Started process (PID=20104) to work on /Users/vaish/databorn_etl_project/retail_etl/etl_pipeline_project/venv/lib/python3.10/site-packages/airflow/example_dags/example_branch_operator.py
[2025-07-04T15:14:25.139+0530] {processor.py:829} INFO - Processing file /Users/vaish/databorn_etl_project/retail_etl/etl_pipeline_project/venv/lib/python3.10/site-packages/airflow/example_dags/example_branch_operator.py for tasks to queue
[2025-07-04T15:14:25.139+0530] {logging_mixin.py:154} INFO - [2025-07-04T15:14:25.139+0530] {dagbag.py:536} INFO - Filling up the DagBag from /Users/vaish/databorn_etl_project/retail_etl/etl_pipeline_project/venv/lib/python3.10/site-packages/airflow/example_dags/example_branch_operator.py
[2025-07-04T15:14:25.191+0530] {processor.py:839} INFO - DAG(s) dict_keys(['example_branch_operator']) retrieved from /Users/vaish/databorn_etl_project/retail_etl/etl_pipeline_project/venv/lib/python3.10/site-packages/airflow/example_dags/example_branch_operator.py
[2025-07-04T15:14:25.415+0530] {logging_mixin.py:154} INFO - [2025-07-04T15:14:25.414+0530] {dag.py:2941} INFO - Sync 1 DAGs
[2025-07-04T15:14:25.435+0530] {logging_mixin.py:154} INFO - [2025-07-04T15:14:25.435+0530] {dag.py:3722} INFO - Setting next_dagrun for example_branch_operator to 2025-07-03T00:00:00+00:00, run_after=2025-07-04T00:00:00+00:00
[2025-07-04T15:14:25.457+0530] {processor.py:179} INFO - Processing /Users/vaish/databorn_etl_project/retail_etl/etl_pipeline_project/venv/lib/python3.10/site-packages/airflow/example_dags/example_branch_operator.py took 0.321 seconds
[2025-07-04T15:17:56.268+0530] {processor.py:157} INFO - Started process (PID=20648) to work on /Users/vaish/databorn_etl_project/retail_etl/etl_pipeline_project/venv/lib/python3.10/site-packages/airflow/example_dags/example_branch_operator.py
[2025-07-04T15:17:56.275+0530] {processor.py:829} INFO - Processing file /Users/vaish/databorn_etl_project/retail_etl/etl_pipeline_project/venv/lib/python3.10/site-packages/airflow/example_dags/example_branch_operator.py for tasks to queue
[2025-07-04T15:17:56.276+0530] {logging_mixin.py:154} INFO - [2025-07-04T15:17:56.276+0530] {dagbag.py:536} INFO - Filling up the DagBag from /Users/vaish/databorn_etl_project/retail_etl/etl_pipeline_project/venv/lib/python3.10/site-packages/airflow/example_dags/example_branch_operator.py
[2025-07-04T15:17:56.320+0530] {processor.py:839} INFO - DAG(s) dict_keys(['example_branch_operator']) retrieved from /Users/vaish/databorn_etl_project/retail_etl/etl_pipeline_project/venv/lib/python3.10/site-packages/airflow/example_dags/example_branch_operator.py
[2025-07-04T15:17:56.532+0530] {logging_mixin.py:154} INFO - [2025-07-04T15:17:56.531+0530] {dag.py:2941} INFO - Sync 1 DAGs
[2025-07-04T15:17:56.552+0530] {logging_mixin.py:154} INFO - [2025-07-04T15:17:56.551+0530] {dag.py:3722} INFO - Setting next_dagrun for example_branch_operator to 2025-07-03T00:00:00+00:00, run_after=2025-07-04T00:00:00+00:00
[2025-07-04T15:17:56.577+0530] {processor.py:179} INFO - Processing /Users/vaish/databorn_etl_project/retail_etl/etl_pipeline_project/venv/lib/python3.10/site-packages/airflow/example_dags/example_branch_operator.py took 0.310 seconds
[2025-07-04T15:21:27.321+0530] {processor.py:157} INFO - Started process (PID=21216) to work on /Users/vaish/databorn_etl_project/retail_etl/etl_pipeline_project/venv/lib/python3.10/site-packages/airflow/example_dags/example_branch_operator.py
[2025-07-04T15:21:27.328+0530] {processor.py:829} INFO - Processing file /Users/vaish/databorn_etl_project/retail_etl/etl_pipeline_project/venv/lib/python3.10/site-packages/airflow/example_dags/example_branch_operator.py for tasks to queue
[2025-07-04T15:21:27.329+0530] {logging_mixin.py:154} INFO - [2025-07-04T15:21:27.329+0530] {dagbag.py:536} INFO - Filling up the DagBag from /Users/vaish/databorn_etl_project/retail_etl/etl_pipeline_project/venv/lib/python3.10/site-packages/airflow/example_dags/example_branch_operator.py
[2025-07-04T15:21:27.384+0530] {processor.py:839} INFO - DAG(s) dict_keys(['example_branch_operator']) retrieved from /Users/vaish/databorn_etl_project/retail_etl/etl_pipeline_project/venv/lib/python3.10/site-packages/airflow/example_dags/example_branch_operator.py
[2025-07-04T15:21:27.650+0530] {logging_mixin.py:154} INFO - [2025-07-04T15:21:27.650+0530] {dag.py:2941} INFO - Sync 1 DAGs
[2025-07-04T15:21:27.674+0530] {logging_mixin.py:154} INFO - [2025-07-04T15:21:27.674+0530] {dag.py:3722} INFO - Setting next_dagrun for example_branch_operator to 2025-07-03T00:00:00+00:00, run_after=2025-07-04T00:00:00+00:00
[2025-07-04T15:21:27.704+0530] {processor.py:179} INFO - Processing /Users/vaish/databorn_etl_project/retail_etl/etl_pipeline_project/venv/lib/python3.10/site-packages/airflow/example_dags/example_branch_operator.py took 0.385 seconds
[2025-07-04T15:24:53.772+0530] {processor.py:157} INFO - Started process (PID=21712) to work on /Users/vaish/databorn_etl_project/retail_etl/etl_pipeline_project/venv/lib/python3.10/site-packages/airflow/example_dags/example_branch_operator.py
[2025-07-04T15:24:53.773+0530] {processor.py:829} INFO - Processing file /Users/vaish/databorn_etl_project/retail_etl/etl_pipeline_project/venv/lib/python3.10/site-packages/airflow/example_dags/example_branch_operator.py for tasks to queue
[2025-07-04T15:24:53.773+0530] {logging_mixin.py:154} INFO - [2025-07-04T15:24:53.773+0530] {dagbag.py:536} INFO - Filling up the DagBag from /Users/vaish/databorn_etl_project/retail_etl/etl_pipeline_project/venv/lib/python3.10/site-packages/airflow/example_dags/example_branch_operator.py
[2025-07-04T15:24:53.817+0530] {processor.py:839} INFO - DAG(s) dict_keys(['example_branch_operator']) retrieved from /Users/vaish/databorn_etl_project/retail_etl/etl_pipeline_project/venv/lib/python3.10/site-packages/airflow/example_dags/example_branch_operator.py
[2025-07-04T15:24:53.879+0530] {logging_mixin.py:154} INFO - [2025-07-04T15:24:53.879+0530] {dag.py:2941} INFO - Sync 1 DAGs
[2025-07-04T15:24:54.018+0530] {logging_mixin.py:154} INFO - [2025-07-04T15:24:54.018+0530] {dag.py:3722} INFO - Setting next_dagrun for example_branch_operator to 2025-07-03T00:00:00+00:00, run_after=2025-07-04T00:00:00+00:00
[2025-07-04T15:24:54.055+0530] {processor.py:179} INFO - Processing /Users/vaish/databorn_etl_project/retail_etl/etl_pipeline_project/venv/lib/python3.10/site-packages/airflow/example_dags/example_branch_operator.py took 0.284 seconds
[2025-07-04T15:28:04.099+0530] {processor.py:157} INFO - Started process (PID=22155) to work on /Users/vaish/databorn_etl_project/retail_etl/etl_pipeline_project/venv/lib/python3.10/site-packages/airflow/example_dags/example_branch_operator.py
[2025-07-04T15:28:04.106+0530] {processor.py:829} INFO - Processing file /Users/vaish/databorn_etl_project/retail_etl/etl_pipeline_project/venv/lib/python3.10/site-packages/airflow/example_dags/example_branch_operator.py for tasks to queue
[2025-07-04T15:28:04.107+0530] {logging_mixin.py:154} INFO - [2025-07-04T15:28:04.107+0530] {dagbag.py:536} INFO - Filling up the DagBag from /Users/vaish/databorn_etl_project/retail_etl/etl_pipeline_project/venv/lib/python3.10/site-packages/airflow/example_dags/example_branch_operator.py
[2025-07-04T15:28:04.157+0530] {processor.py:839} INFO - DAG(s) dict_keys(['example_branch_operator']) retrieved from /Users/vaish/databorn_etl_project/retail_etl/etl_pipeline_project/venv/lib/python3.10/site-packages/airflow/example_dags/example_branch_operator.py
[2025-07-04T15:28:04.374+0530] {logging_mixin.py:154} INFO - [2025-07-04T15:28:04.374+0530] {dag.py:2941} INFO - Sync 1 DAGs
[2025-07-04T15:28:04.395+0530] {logging_mixin.py:154} INFO - [2025-07-04T15:28:04.395+0530] {dag.py:3722} INFO - Setting next_dagrun for example_branch_operator to 2025-07-03T00:00:00+00:00, run_after=2025-07-04T00:00:00+00:00
[2025-07-04T15:28:04.417+0530] {processor.py:179} INFO - Processing /Users/vaish/databorn_etl_project/retail_etl/etl_pipeline_project/venv/lib/python3.10/site-packages/airflow/example_dags/example_branch_operator.py took 0.319 seconds
[2025-07-04T15:28:40.573+0530] {processor.py:157} INFO - Started process (PID=22229) to work on /Users/vaish/databorn_etl_project/retail_etl/etl_pipeline_project/venv/lib/python3.10/site-packages/airflow/example_dags/example_branch_operator.py
[2025-07-04T15:28:40.574+0530] {processor.py:829} INFO - Processing file /Users/vaish/databorn_etl_project/retail_etl/etl_pipeline_project/venv/lib/python3.10/site-packages/airflow/example_dags/example_branch_operator.py for tasks to queue
[2025-07-04T15:28:40.575+0530] {logging_mixin.py:154} INFO - [2025-07-04T15:28:40.575+0530] {dagbag.py:536} INFO - Filling up the DagBag from /Users/vaish/databorn_etl_project/retail_etl/etl_pipeline_project/venv/lib/python3.10/site-packages/airflow/example_dags/example_branch_operator.py
[2025-07-04T15:28:40.623+0530] {processor.py:839} INFO - DAG(s) dict_keys(['example_branch_operator']) retrieved from /Users/vaish/databorn_etl_project/retail_etl/etl_pipeline_project/venv/lib/python3.10/site-packages/airflow/example_dags/example_branch_operator.py
[2025-07-04T15:28:40.844+0530] {logging_mixin.py:154} INFO - [2025-07-04T15:28:40.843+0530] {dag.py:2941} INFO - Sync 1 DAGs
[2025-07-04T15:28:40.873+0530] {logging_mixin.py:154} INFO - [2025-07-04T15:28:40.873+0530] {dag.py:3722} INFO - Setting next_dagrun for example_branch_operator to 2025-07-03T00:00:00+00:00, run_after=2025-07-04T00:00:00+00:00
[2025-07-04T15:28:40.901+0530] {processor.py:179} INFO - Processing /Users/vaish/databorn_etl_project/retail_etl/etl_pipeline_project/venv/lib/python3.10/site-packages/airflow/example_dags/example_branch_operator.py took 0.330 seconds
[2025-07-04T15:31:34.398+0530] {processor.py:157} INFO - Started process (PID=22596) to work on /Users/vaish/databorn_etl_project/retail_etl/etl_pipeline_project/venv/lib/python3.10/site-packages/airflow/example_dags/example_branch_operator.py
[2025-07-04T15:31:34.399+0530] {processor.py:829} INFO - Processing file /Users/vaish/databorn_etl_project/retail_etl/etl_pipeline_project/venv/lib/python3.10/site-packages/airflow/example_dags/example_branch_operator.py for tasks to queue
[2025-07-04T15:31:34.400+0530] {logging_mixin.py:154} INFO - [2025-07-04T15:31:34.400+0530] {dagbag.py:536} INFO - Filling up the DagBag from /Users/vaish/databorn_etl_project/retail_etl/etl_pipeline_project/venv/lib/python3.10/site-packages/airflow/example_dags/example_branch_operator.py
[2025-07-04T15:31:34.445+0530] {processor.py:839} INFO - DAG(s) dict_keys(['example_branch_operator']) retrieved from /Users/vaish/databorn_etl_project/retail_etl/etl_pipeline_project/venv/lib/python3.10/site-packages/airflow/example_dags/example_branch_operator.py
[2025-07-04T15:31:34.686+0530] {logging_mixin.py:154} INFO - [2025-07-04T15:31:34.686+0530] {dag.py:2941} INFO - Sync 1 DAGs
[2025-07-04T15:31:34.708+0530] {logging_mixin.py:154} INFO - [2025-07-04T15:31:34.708+0530] {dag.py:3722} INFO - Setting next_dagrun for example_branch_operator to 2025-07-03T00:00:00+00:00, run_after=2025-07-04T00:00:00+00:00
[2025-07-04T15:31:34.738+0530] {processor.py:179} INFO - Processing /Users/vaish/databorn_etl_project/retail_etl/etl_pipeline_project/venv/lib/python3.10/site-packages/airflow/example_dags/example_branch_operator.py took 0.342 seconds
[2025-07-04T15:32:18.977+0530] {processor.py:157} INFO - Started process (PID=22710) to work on /Users/vaish/databorn_etl_project/retail_etl/etl_pipeline_project/venv/lib/python3.10/site-packages/airflow/example_dags/example_branch_operator.py
[2025-07-04T15:32:18.984+0530] {processor.py:829} INFO - Processing file /Users/vaish/databorn_etl_project/retail_etl/etl_pipeline_project/venv/lib/python3.10/site-packages/airflow/example_dags/example_branch_operator.py for tasks to queue
[2025-07-04T15:32:18.985+0530] {logging_mixin.py:154} INFO - [2025-07-04T15:32:18.985+0530] {dagbag.py:536} INFO - Filling up the DagBag from /Users/vaish/databorn_etl_project/retail_etl/etl_pipeline_project/venv/lib/python3.10/site-packages/airflow/example_dags/example_branch_operator.py
[2025-07-04T15:32:19.050+0530] {processor.py:839} INFO - DAG(s) dict_keys(['example_branch_operator']) retrieved from /Users/vaish/databorn_etl_project/retail_etl/etl_pipeline_project/venv/lib/python3.10/site-packages/airflow/example_dags/example_branch_operator.py
[2025-07-04T15:32:19.352+0530] {logging_mixin.py:154} INFO - [2025-07-04T15:32:19.352+0530] {dag.py:2941} INFO - Sync 1 DAGs
[2025-07-04T15:32:19.382+0530] {logging_mixin.py:154} INFO - [2025-07-04T15:32:19.382+0530] {dag.py:3722} INFO - Setting next_dagrun for example_branch_operator to 2025-07-03T00:00:00+00:00, run_after=2025-07-04T00:00:00+00:00
[2025-07-04T15:32:19.412+0530] {processor.py:179} INFO - Processing /Users/vaish/databorn_etl_project/retail_etl/etl_pipeline_project/venv/lib/python3.10/site-packages/airflow/example_dags/example_branch_operator.py took 0.437 seconds
[2025-07-04T15:34:59.487+0530] {processor.py:157} INFO - Started process (PID=23060) to work on /Users/vaish/databorn_etl_project/retail_etl/etl_pipeline_project/venv/lib/python3.10/site-packages/airflow/example_dags/example_branch_operator.py
[2025-07-04T15:34:59.493+0530] {processor.py:829} INFO - Processing file /Users/vaish/databorn_etl_project/retail_etl/etl_pipeline_project/venv/lib/python3.10/site-packages/airflow/example_dags/example_branch_operator.py for tasks to queue
[2025-07-04T15:34:59.494+0530] {logging_mixin.py:154} INFO - [2025-07-04T15:34:59.494+0530] {dagbag.py:536} INFO - Filling up the DagBag from /Users/vaish/databorn_etl_project/retail_etl/etl_pipeline_project/venv/lib/python3.10/site-packages/airflow/example_dags/example_branch_operator.py
[2025-07-04T15:34:59.538+0530] {processor.py:839} INFO - DAG(s) dict_keys(['example_branch_operator']) retrieved from /Users/vaish/databorn_etl_project/retail_etl/etl_pipeline_project/venv/lib/python3.10/site-packages/airflow/example_dags/example_branch_operator.py
[2025-07-04T15:34:59.762+0530] {logging_mixin.py:154} INFO - [2025-07-04T15:34:59.761+0530] {dag.py:2941} INFO - Sync 1 DAGs
[2025-07-04T15:34:59.784+0530] {logging_mixin.py:154} INFO - [2025-07-04T15:34:59.784+0530] {dag.py:3722} INFO - Setting next_dagrun for example_branch_operator to 2025-07-03T00:00:00+00:00, run_after=2025-07-04T00:00:00+00:00
[2025-07-04T15:34:59.813+0530] {processor.py:179} INFO - Processing /Users/vaish/databorn_etl_project/retail_etl/etl_pipeline_project/venv/lib/python3.10/site-packages/airflow/example_dags/example_branch_operator.py took 0.328 seconds
[2025-07-04T15:35:46.104+0530] {processor.py:157} INFO - Started process (PID=23165) to work on /Users/vaish/databorn_etl_project/retail_etl/etl_pipeline_project/venv/lib/python3.10/site-packages/airflow/example_dags/example_branch_operator.py
[2025-07-04T15:35:46.106+0530] {processor.py:829} INFO - Processing file /Users/vaish/databorn_etl_project/retail_etl/etl_pipeline_project/venv/lib/python3.10/site-packages/airflow/example_dags/example_branch_operator.py for tasks to queue
[2025-07-04T15:35:46.106+0530] {logging_mixin.py:154} INFO - [2025-07-04T15:35:46.106+0530] {dagbag.py:536} INFO - Filling up the DagBag from /Users/vaish/databorn_etl_project/retail_etl/etl_pipeline_project/venv/lib/python3.10/site-packages/airflow/example_dags/example_branch_operator.py
[2025-07-04T15:35:46.152+0530] {processor.py:839} INFO - DAG(s) dict_keys(['example_branch_operator']) retrieved from /Users/vaish/databorn_etl_project/retail_etl/etl_pipeline_project/venv/lib/python3.10/site-packages/airflow/example_dags/example_branch_operator.py
[2025-07-04T15:35:46.374+0530] {logging_mixin.py:154} INFO - [2025-07-04T15:35:46.373+0530] {dag.py:2941} INFO - Sync 1 DAGs
[2025-07-04T15:35:46.395+0530] {logging_mixin.py:154} INFO - [2025-07-04T15:35:46.395+0530] {dag.py:3722} INFO - Setting next_dagrun for example_branch_operator to 2025-07-03T00:00:00+00:00, run_after=2025-07-04T00:00:00+00:00
[2025-07-04T15:35:46.422+0530] {processor.py:179} INFO - Processing /Users/vaish/databorn_etl_project/retail_etl/etl_pipeline_project/venv/lib/python3.10/site-packages/airflow/example_dags/example_branch_operator.py took 0.318 seconds
[2025-07-04T15:38:30.503+0530] {processor.py:157} INFO - Started process (PID=23531) to work on /Users/vaish/databorn_etl_project/retail_etl/etl_pipeline_project/venv/lib/python3.10/site-packages/airflow/example_dags/example_branch_operator.py
[2025-07-04T15:38:30.505+0530] {processor.py:829} INFO - Processing file /Users/vaish/databorn_etl_project/retail_etl/etl_pipeline_project/venv/lib/python3.10/site-packages/airflow/example_dags/example_branch_operator.py for tasks to queue
[2025-07-04T15:38:30.507+0530] {logging_mixin.py:154} INFO - [2025-07-04T15:38:30.507+0530] {dagbag.py:536} INFO - Filling up the DagBag from /Users/vaish/databorn_etl_project/retail_etl/etl_pipeline_project/venv/lib/python3.10/site-packages/airflow/example_dags/example_branch_operator.py
[2025-07-04T15:38:30.571+0530] {processor.py:839} INFO - DAG(s) dict_keys(['example_branch_operator']) retrieved from /Users/vaish/databorn_etl_project/retail_etl/etl_pipeline_project/venv/lib/python3.10/site-packages/airflow/example_dags/example_branch_operator.py
[2025-07-04T15:38:30.833+0530] {logging_mixin.py:154} INFO - [2025-07-04T15:38:30.832+0530] {dag.py:2941} INFO - Sync 1 DAGs
[2025-07-04T15:38:30.858+0530] {logging_mixin.py:154} INFO - [2025-07-04T15:38:30.857+0530] {dag.py:3722} INFO - Setting next_dagrun for example_branch_operator to 2025-07-03T00:00:00+00:00, run_after=2025-07-04T00:00:00+00:00
[2025-07-04T15:38:30.884+0530] {processor.py:179} INFO - Processing /Users/vaish/databorn_etl_project/retail_etl/etl_pipeline_project/venv/lib/python3.10/site-packages/airflow/example_dags/example_branch_operator.py took 0.383 seconds
[2025-07-04T15:39:18.215+0530] {processor.py:157} INFO - Started process (PID=23647) to work on /Users/vaish/databorn_etl_project/retail_etl/etl_pipeline_project/venv/lib/python3.10/site-packages/airflow/example_dags/example_branch_operator.py
[2025-07-04T15:39:18.221+0530] {processor.py:829} INFO - Processing file /Users/vaish/databorn_etl_project/retail_etl/etl_pipeline_project/venv/lib/python3.10/site-packages/airflow/example_dags/example_branch_operator.py for tasks to queue
[2025-07-04T15:39:18.223+0530] {logging_mixin.py:154} INFO - [2025-07-04T15:39:18.222+0530] {dagbag.py:536} INFO - Filling up the DagBag from /Users/vaish/databorn_etl_project/retail_etl/etl_pipeline_project/venv/lib/python3.10/site-packages/airflow/example_dags/example_branch_operator.py
[2025-07-04T15:39:18.267+0530] {processor.py:839} INFO - DAG(s) dict_keys(['example_branch_operator']) retrieved from /Users/vaish/databorn_etl_project/retail_etl/etl_pipeline_project/venv/lib/python3.10/site-packages/airflow/example_dags/example_branch_operator.py
[2025-07-04T15:39:18.482+0530] {logging_mixin.py:154} INFO - [2025-07-04T15:39:18.482+0530] {dag.py:2941} INFO - Sync 1 DAGs
[2025-07-04T15:39:18.502+0530] {logging_mixin.py:154} INFO - [2025-07-04T15:39:18.502+0530] {dag.py:3722} INFO - Setting next_dagrun for example_branch_operator to 2025-07-03T00:00:00+00:00, run_after=2025-07-04T00:00:00+00:00
[2025-07-04T15:39:18.530+0530] {processor.py:179} INFO - Processing /Users/vaish/databorn_etl_project/retail_etl/etl_pipeline_project/venv/lib/python3.10/site-packages/airflow/example_dags/example_branch_operator.py took 0.317 seconds
[2025-07-04T15:42:23.154+0530] {processor.py:157} INFO - Started process (PID=24097) to work on /Users/vaish/databorn_etl_project/retail_etl/etl_pipeline_project/venv/lib/python3.10/site-packages/airflow/example_dags/example_branch_operator.py
[2025-07-04T15:42:23.155+0530] {processor.py:829} INFO - Processing file /Users/vaish/databorn_etl_project/retail_etl/etl_pipeline_project/venv/lib/python3.10/site-packages/airflow/example_dags/example_branch_operator.py for tasks to queue
[2025-07-04T15:42:23.156+0530] {logging_mixin.py:154} INFO - [2025-07-04T15:42:23.156+0530] {dagbag.py:536} INFO - Filling up the DagBag from /Users/vaish/databorn_etl_project/retail_etl/etl_pipeline_project/venv/lib/python3.10/site-packages/airflow/example_dags/example_branch_operator.py
[2025-07-04T15:42:23.204+0530] {processor.py:839} INFO - DAG(s) dict_keys(['example_branch_operator']) retrieved from /Users/vaish/databorn_etl_project/retail_etl/etl_pipeline_project/venv/lib/python3.10/site-packages/airflow/example_dags/example_branch_operator.py
[2025-07-04T15:42:23.432+0530] {logging_mixin.py:154} INFO - [2025-07-04T15:42:23.432+0530] {dag.py:2941} INFO - Sync 1 DAGs
[2025-07-04T15:42:23.454+0530] {logging_mixin.py:154} INFO - [2025-07-04T15:42:23.453+0530] {dag.py:3722} INFO - Setting next_dagrun for example_branch_operator to 2025-07-03T00:00:00+00:00, run_after=2025-07-04T00:00:00+00:00
[2025-07-04T15:42:23.480+0530] {processor.py:179} INFO - Processing /Users/vaish/databorn_etl_project/retail_etl/etl_pipeline_project/venv/lib/python3.10/site-packages/airflow/example_dags/example_branch_operator.py took 0.327 seconds
[2025-07-04T15:43:05.174+0530] {processor.py:157} INFO - Started process (PID=24191) to work on /Users/vaish/databorn_etl_project/retail_etl/etl_pipeline_project/venv/lib/python3.10/site-packages/airflow/example_dags/example_branch_operator.py
[2025-07-04T15:43:05.175+0530] {processor.py:829} INFO - Processing file /Users/vaish/databorn_etl_project/retail_etl/etl_pipeline_project/venv/lib/python3.10/site-packages/airflow/example_dags/example_branch_operator.py for tasks to queue
[2025-07-04T15:43:05.176+0530] {logging_mixin.py:154} INFO - [2025-07-04T15:43:05.176+0530] {dagbag.py:536} INFO - Filling up the DagBag from /Users/vaish/databorn_etl_project/retail_etl/etl_pipeline_project/venv/lib/python3.10/site-packages/airflow/example_dags/example_branch_operator.py
[2025-07-04T15:43:05.225+0530] {processor.py:839} INFO - DAG(s) dict_keys(['example_branch_operator']) retrieved from /Users/vaish/databorn_etl_project/retail_etl/etl_pipeline_project/venv/lib/python3.10/site-packages/airflow/example_dags/example_branch_operator.py
[2025-07-04T15:43:05.455+0530] {logging_mixin.py:154} INFO - [2025-07-04T15:43:05.454+0530] {dag.py:2941} INFO - Sync 1 DAGs
[2025-07-04T15:43:05.479+0530] {logging_mixin.py:154} INFO - [2025-07-04T15:43:05.479+0530] {dag.py:3722} INFO - Setting next_dagrun for example_branch_operator to 2025-07-03T00:00:00+00:00, run_after=2025-07-04T00:00:00+00:00
[2025-07-04T15:43:05.508+0530] {processor.py:179} INFO - Processing /Users/vaish/databorn_etl_project/retail_etl/etl_pipeline_project/venv/lib/python3.10/site-packages/airflow/example_dags/example_branch_operator.py took 0.335 seconds
[2025-07-04T15:46:20.493+0530] {processor.py:157} INFO - Started process (PID=24711) to work on /Users/vaish/databorn_etl_project/retail_etl/etl_pipeline_project/venv/lib/python3.10/site-packages/airflow/example_dags/example_branch_operator.py
[2025-07-04T15:46:20.494+0530] {processor.py:829} INFO - Processing file /Users/vaish/databorn_etl_project/retail_etl/etl_pipeline_project/venv/lib/python3.10/site-packages/airflow/example_dags/example_branch_operator.py for tasks to queue
[2025-07-04T15:46:20.495+0530] {logging_mixin.py:154} INFO - [2025-07-04T15:46:20.494+0530] {dagbag.py:536} INFO - Filling up the DagBag from /Users/vaish/databorn_etl_project/retail_etl/etl_pipeline_project/venv/lib/python3.10/site-packages/airflow/example_dags/example_branch_operator.py
[2025-07-04T15:46:20.537+0530] {processor.py:839} INFO - DAG(s) dict_keys(['example_branch_operator']) retrieved from /Users/vaish/databorn_etl_project/retail_etl/etl_pipeline_project/venv/lib/python3.10/site-packages/airflow/example_dags/example_branch_operator.py
[2025-07-04T15:46:20.752+0530] {logging_mixin.py:154} INFO - [2025-07-04T15:46:20.751+0530] {dag.py:2941} INFO - Sync 1 DAGs
[2025-07-04T15:46:20.772+0530] {logging_mixin.py:154} INFO - [2025-07-04T15:46:20.772+0530] {dag.py:3722} INFO - Setting next_dagrun for example_branch_operator to 2025-07-03T00:00:00+00:00, run_after=2025-07-04T00:00:00+00:00
[2025-07-04T15:46:20.793+0530] {processor.py:179} INFO - Processing /Users/vaish/databorn_etl_project/retail_etl/etl_pipeline_project/venv/lib/python3.10/site-packages/airflow/example_dags/example_branch_operator.py took 0.301 seconds
[2025-07-04T15:46:49.727+0530] {processor.py:157} INFO - Started process (PID=24776) to work on /Users/vaish/databorn_etl_project/retail_etl/etl_pipeline_project/venv/lib/python3.10/site-packages/airflow/example_dags/example_branch_operator.py
[2025-07-04T15:46:49.728+0530] {processor.py:829} INFO - Processing file /Users/vaish/databorn_etl_project/retail_etl/etl_pipeline_project/venv/lib/python3.10/site-packages/airflow/example_dags/example_branch_operator.py for tasks to queue
[2025-07-04T15:46:49.729+0530] {logging_mixin.py:154} INFO - [2025-07-04T15:46:49.729+0530] {dagbag.py:536} INFO - Filling up the DagBag from /Users/vaish/databorn_etl_project/retail_etl/etl_pipeline_project/venv/lib/python3.10/site-packages/airflow/example_dags/example_branch_operator.py
[2025-07-04T15:46:49.787+0530] {processor.py:839} INFO - DAG(s) dict_keys(['example_branch_operator']) retrieved from /Users/vaish/databorn_etl_project/retail_etl/etl_pipeline_project/venv/lib/python3.10/site-packages/airflow/example_dags/example_branch_operator.py
[2025-07-04T15:46:50.046+0530] {logging_mixin.py:154} INFO - [2025-07-04T15:46:50.046+0530] {dag.py:2941} INFO - Sync 1 DAGs
[2025-07-04T15:46:50.067+0530] {logging_mixin.py:154} INFO - [2025-07-04T15:46:50.067+0530] {dag.py:3722} INFO - Setting next_dagrun for example_branch_operator to 2025-07-03T00:00:00+00:00, run_after=2025-07-04T00:00:00+00:00
[2025-07-04T15:46:50.089+0530] {processor.py:179} INFO - Processing /Users/vaish/databorn_etl_project/retail_etl/etl_pipeline_project/venv/lib/python3.10/site-packages/airflow/example_dags/example_branch_operator.py took 0.364 seconds
[2025-07-04T15:50:00.260+0530] {processor.py:157} INFO - Started process (PID=25256) to work on /Users/vaish/databorn_etl_project/retail_etl/etl_pipeline_project/venv/lib/python3.10/site-packages/airflow/example_dags/example_branch_operator.py
[2025-07-04T15:50:00.263+0530] {processor.py:829} INFO - Processing file /Users/vaish/databorn_etl_project/retail_etl/etl_pipeline_project/venv/lib/python3.10/site-packages/airflow/example_dags/example_branch_operator.py for tasks to queue
[2025-07-04T15:50:00.263+0530] {logging_mixin.py:154} INFO - [2025-07-04T15:50:00.263+0530] {dagbag.py:536} INFO - Filling up the DagBag from /Users/vaish/databorn_etl_project/retail_etl/etl_pipeline_project/venv/lib/python3.10/site-packages/airflow/example_dags/example_branch_operator.py
[2025-07-04T15:50:00.307+0530] {processor.py:839} INFO - DAG(s) dict_keys(['example_branch_operator']) retrieved from /Users/vaish/databorn_etl_project/retail_etl/etl_pipeline_project/venv/lib/python3.10/site-packages/airflow/example_dags/example_branch_operator.py
[2025-07-04T15:50:00.531+0530] {logging_mixin.py:154} INFO - [2025-07-04T15:50:00.531+0530] {dag.py:2941} INFO - Sync 1 DAGs
[2025-07-04T15:50:00.553+0530] {logging_mixin.py:154} INFO - [2025-07-04T15:50:00.553+0530] {dag.py:3722} INFO - Setting next_dagrun for example_branch_operator to 2025-07-03T00:00:00+00:00, run_after=2025-07-04T00:00:00+00:00
[2025-07-04T15:50:00.580+0530] {processor.py:179} INFO - Processing /Users/vaish/databorn_etl_project/retail_etl/etl_pipeline_project/venv/lib/python3.10/site-packages/airflow/example_dags/example_branch_operator.py took 0.321 seconds
[2025-07-04T15:50:35.330+0530] {processor.py:157} INFO - Started process (PID=25344) to work on /Users/vaish/databorn_etl_project/retail_etl/etl_pipeline_project/venv/lib/python3.10/site-packages/airflow/example_dags/example_branch_operator.py
[2025-07-04T15:50:35.331+0530] {processor.py:829} INFO - Processing file /Users/vaish/databorn_etl_project/retail_etl/etl_pipeline_project/venv/lib/python3.10/site-packages/airflow/example_dags/example_branch_operator.py for tasks to queue
[2025-07-04T15:50:35.332+0530] {logging_mixin.py:154} INFO - [2025-07-04T15:50:35.332+0530] {dagbag.py:536} INFO - Filling up the DagBag from /Users/vaish/databorn_etl_project/retail_etl/etl_pipeline_project/venv/lib/python3.10/site-packages/airflow/example_dags/example_branch_operator.py
[2025-07-04T15:50:35.377+0530] {processor.py:839} INFO - DAG(s) dict_keys(['example_branch_operator']) retrieved from /Users/vaish/databorn_etl_project/retail_etl/etl_pipeline_project/venv/lib/python3.10/site-packages/airflow/example_dags/example_branch_operator.py
[2025-07-04T15:50:35.602+0530] {logging_mixin.py:154} INFO - [2025-07-04T15:50:35.601+0530] {dag.py:2941} INFO - Sync 1 DAGs
[2025-07-04T15:50:35.623+0530] {logging_mixin.py:154} INFO - [2025-07-04T15:50:35.623+0530] {dag.py:3722} INFO - Setting next_dagrun for example_branch_operator to 2025-07-03T00:00:00+00:00, run_after=2025-07-04T00:00:00+00:00
[2025-07-04T15:50:35.651+0530] {processor.py:179} INFO - Processing /Users/vaish/databorn_etl_project/retail_etl/etl_pipeline_project/venv/lib/python3.10/site-packages/airflow/example_dags/example_branch_operator.py took 0.322 seconds
[2025-07-04T15:53:24.353+0530] {processor.py:157} INFO - Started process (PID=25737) to work on /Users/vaish/databorn_etl_project/retail_etl/etl_pipeline_project/venv/lib/python3.10/site-packages/airflow/example_dags/example_branch_operator.py
[2025-07-04T15:53:24.360+0530] {processor.py:829} INFO - Processing file /Users/vaish/databorn_etl_project/retail_etl/etl_pipeline_project/venv/lib/python3.10/site-packages/airflow/example_dags/example_branch_operator.py for tasks to queue
[2025-07-04T15:53:24.361+0530] {logging_mixin.py:154} INFO - [2025-07-04T15:53:24.360+0530] {dagbag.py:536} INFO - Filling up the DagBag from /Users/vaish/databorn_etl_project/retail_etl/etl_pipeline_project/venv/lib/python3.10/site-packages/airflow/example_dags/example_branch_operator.py
[2025-07-04T15:53:24.405+0530] {processor.py:839} INFO - DAG(s) dict_keys(['example_branch_operator']) retrieved from /Users/vaish/databorn_etl_project/retail_etl/etl_pipeline_project/venv/lib/python3.10/site-packages/airflow/example_dags/example_branch_operator.py
[2025-07-04T15:53:24.630+0530] {logging_mixin.py:154} INFO - [2025-07-04T15:53:24.630+0530] {dag.py:2941} INFO - Sync 1 DAGs
[2025-07-04T15:53:24.652+0530] {logging_mixin.py:154} INFO - [2025-07-04T15:53:24.652+0530] {dag.py:3722} INFO - Setting next_dagrun for example_branch_operator to 2025-07-03T00:00:00+00:00, run_after=2025-07-04T00:00:00+00:00
[2025-07-04T15:53:24.680+0530] {processor.py:179} INFO - Processing /Users/vaish/databorn_etl_project/retail_etl/etl_pipeline_project/venv/lib/python3.10/site-packages/airflow/example_dags/example_branch_operator.py took 0.328 seconds
[2025-07-04T15:54:02.769+0530] {processor.py:157} INFO - Started process (PID=25845) to work on /Users/vaish/databorn_etl_project/retail_etl/etl_pipeline_project/venv/lib/python3.10/site-packages/airflow/example_dags/example_branch_operator.py
[2025-07-04T15:54:02.770+0530] {processor.py:829} INFO - Processing file /Users/vaish/databorn_etl_project/retail_etl/etl_pipeline_project/venv/lib/python3.10/site-packages/airflow/example_dags/example_branch_operator.py for tasks to queue
[2025-07-04T15:54:02.770+0530] {logging_mixin.py:154} INFO - [2025-07-04T15:54:02.770+0530] {dagbag.py:536} INFO - Filling up the DagBag from /Users/vaish/databorn_etl_project/retail_etl/etl_pipeline_project/venv/lib/python3.10/site-packages/airflow/example_dags/example_branch_operator.py
[2025-07-04T15:54:02.814+0530] {processor.py:839} INFO - DAG(s) dict_keys(['example_branch_operator']) retrieved from /Users/vaish/databorn_etl_project/retail_etl/etl_pipeline_project/venv/lib/python3.10/site-packages/airflow/example_dags/example_branch_operator.py
[2025-07-04T15:54:03.031+0530] {logging_mixin.py:154} INFO - [2025-07-04T15:54:03.031+0530] {dag.py:2941} INFO - Sync 1 DAGs
[2025-07-04T15:54:03.053+0530] {logging_mixin.py:154} INFO - [2025-07-04T15:54:03.052+0530] {dag.py:3722} INFO - Setting next_dagrun for example_branch_operator to 2025-07-03T00:00:00+00:00, run_after=2025-07-04T00:00:00+00:00
[2025-07-04T15:54:03.079+0530] {processor.py:179} INFO - Processing /Users/vaish/databorn_etl_project/retail_etl/etl_pipeline_project/venv/lib/python3.10/site-packages/airflow/example_dags/example_branch_operator.py took 0.311 seconds
[2025-07-04T15:57:04.081+0530] {processor.py:157} INFO - Started process (PID=26908) to work on /Users/vaish/databorn_etl_project/retail_etl/etl_pipeline_project/venv/lib/python3.10/site-packages/airflow/example_dags/example_branch_operator.py
[2025-07-04T15:57:04.084+0530] {processor.py:829} INFO - Processing file /Users/vaish/databorn_etl_project/retail_etl/etl_pipeline_project/venv/lib/python3.10/site-packages/airflow/example_dags/example_branch_operator.py for tasks to queue
[2025-07-04T15:57:04.085+0530] {logging_mixin.py:154} INFO - [2025-07-04T15:57:04.085+0530] {dagbag.py:536} INFO - Filling up the DagBag from /Users/vaish/databorn_etl_project/retail_etl/etl_pipeline_project/venv/lib/python3.10/site-packages/airflow/example_dags/example_branch_operator.py
[2025-07-04T15:57:04.129+0530] {processor.py:839} INFO - DAG(s) dict_keys(['example_branch_operator']) retrieved from /Users/vaish/databorn_etl_project/retail_etl/etl_pipeline_project/venv/lib/python3.10/site-packages/airflow/example_dags/example_branch_operator.py
[2025-07-04T15:57:04.357+0530] {logging_mixin.py:154} INFO - [2025-07-04T15:57:04.357+0530] {dag.py:2941} INFO - Sync 1 DAGs
[2025-07-04T15:57:04.380+0530] {logging_mixin.py:154} INFO - [2025-07-04T15:57:04.380+0530] {dag.py:3722} INFO - Setting next_dagrun for example_branch_operator to 2025-07-03T00:00:00+00:00, run_after=2025-07-04T00:00:00+00:00
[2025-07-04T15:57:04.406+0530] {processor.py:179} INFO - Processing /Users/vaish/databorn_etl_project/retail_etl/etl_pipeline_project/venv/lib/python3.10/site-packages/airflow/example_dags/example_branch_operator.py took 0.327 seconds
[2025-07-04T15:57:35.977+0530] {processor.py:157} INFO - Started process (PID=27006) to work on /Users/vaish/databorn_etl_project/retail_etl/etl_pipeline_project/venv/lib/python3.10/site-packages/airflow/example_dags/example_branch_operator.py
[2025-07-04T15:57:35.978+0530] {processor.py:829} INFO - Processing file /Users/vaish/databorn_etl_project/retail_etl/etl_pipeline_project/venv/lib/python3.10/site-packages/airflow/example_dags/example_branch_operator.py for tasks to queue
[2025-07-04T15:57:35.980+0530] {logging_mixin.py:154} INFO - [2025-07-04T15:57:35.979+0530] {dagbag.py:536} INFO - Filling up the DagBag from /Users/vaish/databorn_etl_project/retail_etl/etl_pipeline_project/venv/lib/python3.10/site-packages/airflow/example_dags/example_branch_operator.py
[2025-07-04T15:57:36.027+0530] {processor.py:839} INFO - DAG(s) dict_keys(['example_branch_operator']) retrieved from /Users/vaish/databorn_etl_project/retail_etl/etl_pipeline_project/venv/lib/python3.10/site-packages/airflow/example_dags/example_branch_operator.py
[2025-07-04T15:57:36.256+0530] {logging_mixin.py:154} INFO - [2025-07-04T15:57:36.255+0530] {dag.py:2941} INFO - Sync 1 DAGs
[2025-07-04T15:57:36.277+0530] {logging_mixin.py:154} INFO - [2025-07-04T15:57:36.277+0530] {dag.py:3722} INFO - Setting next_dagrun for example_branch_operator to 2025-07-03T00:00:00+00:00, run_after=2025-07-04T00:00:00+00:00
[2025-07-04T15:57:36.307+0530] {processor.py:179} INFO - Processing /Users/vaish/databorn_etl_project/retail_etl/etl_pipeline_project/venv/lib/python3.10/site-packages/airflow/example_dags/example_branch_operator.py took 0.331 seconds
[2025-07-04T16:00:24.483+0530] {processor.py:157} INFO - Started process (PID=29241) to work on /Users/vaish/databorn_etl_project/retail_etl/etl_pipeline_project/venv/lib/python3.10/site-packages/airflow/example_dags/example_branch_operator.py
[2025-07-04T16:00:24.484+0530] {processor.py:829} INFO - Processing file /Users/vaish/databorn_etl_project/retail_etl/etl_pipeline_project/venv/lib/python3.10/site-packages/airflow/example_dags/example_branch_operator.py for tasks to queue
[2025-07-04T16:00:24.485+0530] {logging_mixin.py:154} INFO - [2025-07-04T16:00:24.484+0530] {dagbag.py:536} INFO - Filling up the DagBag from /Users/vaish/databorn_etl_project/retail_etl/etl_pipeline_project/venv/lib/python3.10/site-packages/airflow/example_dags/example_branch_operator.py
[2025-07-04T16:00:24.528+0530] {processor.py:839} INFO - DAG(s) dict_keys(['example_branch_operator']) retrieved from /Users/vaish/databorn_etl_project/retail_etl/etl_pipeline_project/venv/lib/python3.10/site-packages/airflow/example_dags/example_branch_operator.py
[2025-07-04T16:00:24.761+0530] {logging_mixin.py:154} INFO - [2025-07-04T16:00:24.760+0530] {dag.py:2941} INFO - Sync 1 DAGs
[2025-07-04T16:00:24.782+0530] {logging_mixin.py:154} INFO - [2025-07-04T16:00:24.781+0530] {dag.py:3722} INFO - Setting next_dagrun for example_branch_operator to 2025-07-03T00:00:00+00:00, run_after=2025-07-04T00:00:00+00:00
[2025-07-04T16:00:24.805+0530] {processor.py:179} INFO - Processing /Users/vaish/databorn_etl_project/retail_etl/etl_pipeline_project/venv/lib/python3.10/site-packages/airflow/example_dags/example_branch_operator.py took 0.323 seconds
[2025-07-04T16:00:56.513+0530] {processor.py:157} INFO - Started process (PID=29868) to work on /Users/vaish/databorn_etl_project/retail_etl/etl_pipeline_project/venv/lib/python3.10/site-packages/airflow/example_dags/example_branch_operator.py
[2025-07-04T16:00:56.514+0530] {processor.py:829} INFO - Processing file /Users/vaish/databorn_etl_project/retail_etl/etl_pipeline_project/venv/lib/python3.10/site-packages/airflow/example_dags/example_branch_operator.py for tasks to queue
[2025-07-04T16:00:56.514+0530] {logging_mixin.py:154} INFO - [2025-07-04T16:00:56.514+0530] {dagbag.py:536} INFO - Filling up the DagBag from /Users/vaish/databorn_etl_project/retail_etl/etl_pipeline_project/venv/lib/python3.10/site-packages/airflow/example_dags/example_branch_operator.py
[2025-07-04T16:00:56.558+0530] {processor.py:839} INFO - DAG(s) dict_keys(['example_branch_operator']) retrieved from /Users/vaish/databorn_etl_project/retail_etl/etl_pipeline_project/venv/lib/python3.10/site-packages/airflow/example_dags/example_branch_operator.py
[2025-07-04T16:00:56.778+0530] {logging_mixin.py:154} INFO - [2025-07-04T16:00:56.778+0530] {dag.py:2941} INFO - Sync 1 DAGs
[2025-07-04T16:00:56.799+0530] {logging_mixin.py:154} INFO - [2025-07-04T16:00:56.799+0530] {dag.py:3722} INFO - Setting next_dagrun for example_branch_operator to 2025-07-03T00:00:00+00:00, run_after=2025-07-04T00:00:00+00:00
[2025-07-04T16:00:56.825+0530] {processor.py:179} INFO - Processing /Users/vaish/databorn_etl_project/retail_etl/etl_pipeline_project/venv/lib/python3.10/site-packages/airflow/example_dags/example_branch_operator.py took 0.313 seconds
[2025-07-04T16:03:54.107+0530] {processor.py:157} INFO - Started process (PID=31213) to work on /Users/vaish/databorn_etl_project/retail_etl/etl_pipeline_project/venv/lib/python3.10/site-packages/airflow/example_dags/example_branch_operator.py
[2025-07-04T16:03:54.114+0530] {processor.py:829} INFO - Processing file /Users/vaish/databorn_etl_project/retail_etl/etl_pipeline_project/venv/lib/python3.10/site-packages/airflow/example_dags/example_branch_operator.py for tasks to queue
[2025-07-04T16:03:54.115+0530] {logging_mixin.py:154} INFO - [2025-07-04T16:03:54.115+0530] {dagbag.py:536} INFO - Filling up the DagBag from /Users/vaish/databorn_etl_project/retail_etl/etl_pipeline_project/venv/lib/python3.10/site-packages/airflow/example_dags/example_branch_operator.py
[2025-07-04T16:03:54.163+0530] {processor.py:839} INFO - DAG(s) dict_keys(['example_branch_operator']) retrieved from /Users/vaish/databorn_etl_project/retail_etl/etl_pipeline_project/venv/lib/python3.10/site-packages/airflow/example_dags/example_branch_operator.py
[2025-07-04T16:03:54.374+0530] {logging_mixin.py:154} INFO - [2025-07-04T16:03:54.374+0530] {dag.py:2941} INFO - Sync 1 DAGs
[2025-07-04T16:03:54.394+0530] {logging_mixin.py:154} INFO - [2025-07-04T16:03:54.394+0530] {dag.py:3722} INFO - Setting next_dagrun for example_branch_operator to 2025-07-03T00:00:00+00:00, run_after=2025-07-04T00:00:00+00:00
[2025-07-04T16:03:54.421+0530] {processor.py:179} INFO - Processing /Users/vaish/databorn_etl_project/retail_etl/etl_pipeline_project/venv/lib/python3.10/site-packages/airflow/example_dags/example_branch_operator.py took 0.316 seconds
[2025-07-04T16:04:25.107+0530] {processor.py:157} INFO - Started process (PID=31281) to work on /Users/vaish/databorn_etl_project/retail_etl/etl_pipeline_project/venv/lib/python3.10/site-packages/airflow/example_dags/example_branch_operator.py
[2025-07-04T16:04:25.110+0530] {processor.py:829} INFO - Processing file /Users/vaish/databorn_etl_project/retail_etl/etl_pipeline_project/venv/lib/python3.10/site-packages/airflow/example_dags/example_branch_operator.py for tasks to queue
[2025-07-04T16:04:25.111+0530] {logging_mixin.py:154} INFO - [2025-07-04T16:04:25.111+0530] {dagbag.py:536} INFO - Filling up the DagBag from /Users/vaish/databorn_etl_project/retail_etl/etl_pipeline_project/venv/lib/python3.10/site-packages/airflow/example_dags/example_branch_operator.py
[2025-07-04T16:04:25.161+0530] {processor.py:839} INFO - DAG(s) dict_keys(['example_branch_operator']) retrieved from /Users/vaish/databorn_etl_project/retail_etl/etl_pipeline_project/venv/lib/python3.10/site-packages/airflow/example_dags/example_branch_operator.py
[2025-07-04T16:04:25.388+0530] {logging_mixin.py:154} INFO - [2025-07-04T16:04:25.388+0530] {dag.py:2941} INFO - Sync 1 DAGs
[2025-07-04T16:04:25.409+0530] {logging_mixin.py:154} INFO - [2025-07-04T16:04:25.409+0530] {dag.py:3722} INFO - Setting next_dagrun for example_branch_operator to 2025-07-03T00:00:00+00:00, run_after=2025-07-04T00:00:00+00:00
[2025-07-04T16:04:25.432+0530] {processor.py:179} INFO - Processing /Users/vaish/databorn_etl_project/retail_etl/etl_pipeline_project/venv/lib/python3.10/site-packages/airflow/example_dags/example_branch_operator.py took 0.327 seconds
[2025-07-04T16:07:43.845+0530] {processor.py:157} INFO - Started process (PID=32132) to work on /Users/vaish/databorn_etl_project/retail_etl/etl_pipeline_project/venv/lib/python3.10/site-packages/airflow/example_dags/example_branch_operator.py
[2025-07-04T16:07:43.852+0530] {processor.py:829} INFO - Processing file /Users/vaish/databorn_etl_project/retail_etl/etl_pipeline_project/venv/lib/python3.10/site-packages/airflow/example_dags/example_branch_operator.py for tasks to queue
[2025-07-04T16:07:43.853+0530] {logging_mixin.py:154} INFO - [2025-07-04T16:07:43.853+0530] {dagbag.py:536} INFO - Filling up the DagBag from /Users/vaish/databorn_etl_project/retail_etl/etl_pipeline_project/venv/lib/python3.10/site-packages/airflow/example_dags/example_branch_operator.py
[2025-07-04T16:07:43.899+0530] {processor.py:839} INFO - DAG(s) dict_keys(['example_branch_operator']) retrieved from /Users/vaish/databorn_etl_project/retail_etl/etl_pipeline_project/venv/lib/python3.10/site-packages/airflow/example_dags/example_branch_operator.py
[2025-07-04T16:07:44.151+0530] {logging_mixin.py:154} INFO - [2025-07-04T16:07:44.151+0530] {dag.py:2941} INFO - Sync 1 DAGs
[2025-07-04T16:07:44.181+0530] {logging_mixin.py:154} INFO - [2025-07-04T16:07:44.181+0530] {dag.py:3722} INFO - Setting next_dagrun for example_branch_operator to 2025-07-03T00:00:00+00:00, run_after=2025-07-04T00:00:00+00:00
[2025-07-04T16:07:44.209+0530] {processor.py:179} INFO - Processing /Users/vaish/databorn_etl_project/retail_etl/etl_pipeline_project/venv/lib/python3.10/site-packages/airflow/example_dags/example_branch_operator.py took 0.365 seconds
[2025-07-04T16:08:17.855+0530] {processor.py:157} INFO - Started process (PID=32272) to work on /Users/vaish/databorn_etl_project/retail_etl/etl_pipeline_project/venv/lib/python3.10/site-packages/airflow/example_dags/example_branch_operator.py
[2025-07-04T16:08:17.855+0530] {processor.py:829} INFO - Processing file /Users/vaish/databorn_etl_project/retail_etl/etl_pipeline_project/venv/lib/python3.10/site-packages/airflow/example_dags/example_branch_operator.py for tasks to queue
[2025-07-04T16:08:17.856+0530] {logging_mixin.py:154} INFO - [2025-07-04T16:08:17.856+0530] {dagbag.py:536} INFO - Filling up the DagBag from /Users/vaish/databorn_etl_project/retail_etl/etl_pipeline_project/venv/lib/python3.10/site-packages/airflow/example_dags/example_branch_operator.py
[2025-07-04T16:08:17.901+0530] {processor.py:839} INFO - DAG(s) dict_keys(['example_branch_operator']) retrieved from /Users/vaish/databorn_etl_project/retail_etl/etl_pipeline_project/venv/lib/python3.10/site-packages/airflow/example_dags/example_branch_operator.py
[2025-07-04T16:08:18.124+0530] {logging_mixin.py:154} INFO - [2025-07-04T16:08:18.124+0530] {dag.py:2941} INFO - Sync 1 DAGs
[2025-07-04T16:08:18.146+0530] {logging_mixin.py:154} INFO - [2025-07-04T16:08:18.146+0530] {dag.py:3722} INFO - Setting next_dagrun for example_branch_operator to 2025-07-03T00:00:00+00:00, run_after=2025-07-04T00:00:00+00:00
[2025-07-04T16:08:18.168+0530] {processor.py:179} INFO - Processing /Users/vaish/databorn_etl_project/retail_etl/etl_pipeline_project/venv/lib/python3.10/site-packages/airflow/example_dags/example_branch_operator.py took 0.315 seconds
[2025-07-04T16:11:57.301+0530] {processor.py:157} INFO - Started process (PID=33076) to work on /Users/vaish/databorn_etl_project/retail_etl/etl_pipeline_project/venv/lib/python3.10/site-packages/airflow/example_dags/example_branch_operator.py
[2025-07-04T16:11:57.305+0530] {processor.py:829} INFO - Processing file /Users/vaish/databorn_etl_project/retail_etl/etl_pipeline_project/venv/lib/python3.10/site-packages/airflow/example_dags/example_branch_operator.py for tasks to queue
[2025-07-04T16:11:57.307+0530] {logging_mixin.py:154} INFO - [2025-07-04T16:11:57.307+0530] {dagbag.py:536} INFO - Filling up the DagBag from /Users/vaish/databorn_etl_project/retail_etl/etl_pipeline_project/venv/lib/python3.10/site-packages/airflow/example_dags/example_branch_operator.py
[2025-07-04T16:11:57.395+0530] {processor.py:839} INFO - DAG(s) dict_keys(['example_branch_operator']) retrieved from /Users/vaish/databorn_etl_project/retail_etl/etl_pipeline_project/venv/lib/python3.10/site-packages/airflow/example_dags/example_branch_operator.py
[2025-07-04T16:11:57.713+0530] {logging_mixin.py:154} INFO - [2025-07-04T16:11:57.713+0530] {dag.py:2941} INFO - Sync 1 DAGs
[2025-07-04T16:11:57.734+0530] {logging_mixin.py:154} INFO - [2025-07-04T16:11:57.734+0530] {dag.py:3722} INFO - Setting next_dagrun for example_branch_operator to 2025-07-03T00:00:00+00:00, run_after=2025-07-04T00:00:00+00:00
[2025-07-04T16:11:57.762+0530] {processor.py:179} INFO - Processing /Users/vaish/databorn_etl_project/retail_etl/etl_pipeline_project/venv/lib/python3.10/site-packages/airflow/example_dags/example_branch_operator.py took 0.463 seconds
[2025-07-04T16:13:21.544+0530] {processor.py:157} INFO - Started process (PID=33316) to work on /Users/vaish/databorn_etl_project/retail_etl/etl_pipeline_project/venv/lib/python3.10/site-packages/airflow/example_dags/example_branch_operator.py
[2025-07-04T16:13:21.551+0530] {processor.py:829} INFO - Processing file /Users/vaish/databorn_etl_project/retail_etl/etl_pipeline_project/venv/lib/python3.10/site-packages/airflow/example_dags/example_branch_operator.py for tasks to queue
[2025-07-04T16:13:21.552+0530] {logging_mixin.py:154} INFO - [2025-07-04T16:13:21.552+0530] {dagbag.py:536} INFO - Filling up the DagBag from /Users/vaish/databorn_etl_project/retail_etl/etl_pipeline_project/venv/lib/python3.10/site-packages/airflow/example_dags/example_branch_operator.py
[2025-07-04T16:13:21.596+0530] {processor.py:839} INFO - DAG(s) dict_keys(['example_branch_operator']) retrieved from /Users/vaish/databorn_etl_project/retail_etl/etl_pipeline_project/venv/lib/python3.10/site-packages/airflow/example_dags/example_branch_operator.py
[2025-07-04T16:13:21.821+0530] {logging_mixin.py:154} INFO - [2025-07-04T16:13:21.821+0530] {dag.py:2941} INFO - Sync 1 DAGs
[2025-07-04T16:13:21.842+0530] {logging_mixin.py:154} INFO - [2025-07-04T16:13:21.842+0530] {dag.py:3722} INFO - Setting next_dagrun for example_branch_operator to 2025-07-03T00:00:00+00:00, run_after=2025-07-04T00:00:00+00:00
[2025-07-04T16:13:21.864+0530] {processor.py:179} INFO - Processing /Users/vaish/databorn_etl_project/retail_etl/etl_pipeline_project/venv/lib/python3.10/site-packages/airflow/example_dags/example_branch_operator.py took 0.322 seconds
[2025-07-04T16:15:39.450+0530] {processor.py:157} INFO - Started process (PID=33634) to work on /Users/vaish/databorn_etl_project/retail_etl/etl_pipeline_project/venv/lib/python3.10/site-packages/airflow/example_dags/example_branch_operator.py
[2025-07-04T16:15:39.457+0530] {processor.py:829} INFO - Processing file /Users/vaish/databorn_etl_project/retail_etl/etl_pipeline_project/venv/lib/python3.10/site-packages/airflow/example_dags/example_branch_operator.py for tasks to queue
[2025-07-04T16:15:39.458+0530] {logging_mixin.py:154} INFO - [2025-07-04T16:15:39.458+0530] {dagbag.py:536} INFO - Filling up the DagBag from /Users/vaish/databorn_etl_project/retail_etl/etl_pipeline_project/venv/lib/python3.10/site-packages/airflow/example_dags/example_branch_operator.py
[2025-07-04T16:15:39.507+0530] {processor.py:839} INFO - DAG(s) dict_keys(['example_branch_operator']) retrieved from /Users/vaish/databorn_etl_project/retail_etl/etl_pipeline_project/venv/lib/python3.10/site-packages/airflow/example_dags/example_branch_operator.py
[2025-07-04T16:15:39.799+0530] {logging_mixin.py:154} INFO - [2025-07-04T16:15:39.799+0530] {dag.py:2941} INFO - Sync 1 DAGs
[2025-07-04T16:15:39.822+0530] {logging_mixin.py:154} INFO - [2025-07-04T16:15:39.821+0530] {dag.py:3722} INFO - Setting next_dagrun for example_branch_operator to 2025-07-03T00:00:00+00:00, run_after=2025-07-04T00:00:00+00:00
[2025-07-04T16:15:39.845+0530] {processor.py:179} INFO - Processing /Users/vaish/databorn_etl_project/retail_etl/etl_pipeline_project/venv/lib/python3.10/site-packages/airflow/example_dags/example_branch_operator.py took 0.396 seconds
