[2025-07-04T14:05:52.299+0530] {processor.py:157} INFO - Started process (PID=11718) to work on /Users/vaish/databorn_etl_project/retail_etl/etl_pipeline_project/venv/lib/python3.10/site-packages/airflow/example_dags/example_branch_python_dop_operator_3.py
[2025-07-04T14:05:52.299+0530] {processor.py:829} INFO - Processing file /Users/vaish/databorn_etl_project/retail_etl/etl_pipeline_project/venv/lib/python3.10/site-packages/airflow/example_dags/example_branch_python_dop_operator_3.py for tasks to queue
[2025-07-04T14:05:52.300+0530] {logging_mixin.py:154} INFO - [2025-07-04T14:05:52.300+0530] {dagbag.py:536} INFO - Filling up the DagBag from /Users/vaish/databorn_etl_project/retail_etl/etl_pipeline_project/venv/lib/python3.10/site-packages/airflow/example_dags/example_branch_python_dop_operator_3.py
[2025-07-04T14:05:52.369+0530] {processor.py:839} INFO - DAG(s) dict_keys(['example_branch_dop_operator_v3']) retrieved from /Users/vaish/databorn_etl_project/retail_etl/etl_pipeline_project/venv/lib/python3.10/site-packages/airflow/example_dags/example_branch_python_dop_operator_3.py
[2025-07-04T14:05:53.078+0530] {logging_mixin.py:154} INFO - [2025-07-04T14:05:53.077+0530] {manager.py:499} INFO - Created Permission View: %s
[2025-07-04T14:05:53.090+0530] {logging_mixin.py:154} INFO - [2025-07-04T14:05:53.090+0530] {manager.py:499} INFO - Created Permission View: %s
[2025-07-04T14:05:53.098+0530] {logging_mixin.py:154} INFO - [2025-07-04T14:05:53.098+0530] {manager.py:499} INFO - Created Permission View: %s
[2025-07-04T14:05:53.098+0530] {logging_mixin.py:154} INFO - [2025-07-04T14:05:53.098+0530] {dag.py:2941} INFO - Sync 1 DAGs
[2025-07-04T14:05:53.111+0530] {logging_mixin.py:154} INFO - [2025-07-04T14:05:53.110+0530] {dag.py:2963} INFO - Creating ORM DAG for example_branch_dop_operator_v3
[2025-07-04T14:05:53.125+0530] {logging_mixin.py:154} INFO - [2025-07-04T14:05:53.125+0530] {dag.py:3722} INFO - Setting next_dagrun for example_branch_dop_operator_v3 to 2025-07-04T08:34:00+00:00, run_after=2025-07-04T08:35:00+00:00
[2025-07-04T14:05:53.145+0530] {processor.py:179} INFO - Processing /Users/vaish/databorn_etl_project/retail_etl/etl_pipeline_project/venv/lib/python3.10/site-packages/airflow/example_dags/example_branch_python_dop_operator_3.py took 0.847 seconds
[2025-07-04T14:12:17.286+0530] {processor.py:157} INFO - Started process (PID=12281) to work on /Users/vaish/databorn_etl_project/retail_etl/etl_pipeline_project/venv/lib/python3.10/site-packages/airflow/example_dags/example_branch_python_dop_operator_3.py
[2025-07-04T14:12:17.293+0530] {processor.py:829} INFO - Processing file /Users/vaish/databorn_etl_project/retail_etl/etl_pipeline_project/venv/lib/python3.10/site-packages/airflow/example_dags/example_branch_python_dop_operator_3.py for tasks to queue
[2025-07-04T14:12:17.294+0530] {logging_mixin.py:154} INFO - [2025-07-04T14:12:17.294+0530] {dagbag.py:536} INFO - Filling up the DagBag from /Users/vaish/databorn_etl_project/retail_etl/etl_pipeline_project/venv/lib/python3.10/site-packages/airflow/example_dags/example_branch_python_dop_operator_3.py
[2025-07-04T14:12:17.356+0530] {processor.py:839} INFO - DAG(s) dict_keys(['example_branch_dop_operator_v3']) retrieved from /Users/vaish/databorn_etl_project/retail_etl/etl_pipeline_project/venv/lib/python3.10/site-packages/airflow/example_dags/example_branch_python_dop_operator_3.py
[2025-07-04T14:12:17.566+0530] {logging_mixin.py:154} INFO - [2025-07-04T14:12:17.565+0530] {dag.py:2941} INFO - Sync 1 DAGs
[2025-07-04T14:12:17.590+0530] {logging_mixin.py:154} INFO - [2025-07-04T14:12:17.590+0530] {dag.py:3722} INFO - Setting next_dagrun for example_branch_dop_operator_v3 to 2025-07-04T08:41:00+00:00, run_after=2025-07-04T08:42:00+00:00
[2025-07-04T14:12:17.620+0530] {processor.py:179} INFO - Processing /Users/vaish/databorn_etl_project/retail_etl/etl_pipeline_project/venv/lib/python3.10/site-packages/airflow/example_dags/example_branch_python_dop_operator_3.py took 0.335 seconds
[2025-07-04T14:15:49.789+0530] {processor.py:157} INFO - Started process (PID=12622) to work on /Users/vaish/databorn_etl_project/retail_etl/etl_pipeline_project/venv/lib/python3.10/site-packages/airflow/example_dags/example_branch_python_dop_operator_3.py
[2025-07-04T14:15:49.790+0530] {processor.py:829} INFO - Processing file /Users/vaish/databorn_etl_project/retail_etl/etl_pipeline_project/venv/lib/python3.10/site-packages/airflow/example_dags/example_branch_python_dop_operator_3.py for tasks to queue
[2025-07-04T14:15:49.790+0530] {logging_mixin.py:154} INFO - [2025-07-04T14:15:49.790+0530] {dagbag.py:536} INFO - Filling up the DagBag from /Users/vaish/databorn_etl_project/retail_etl/etl_pipeline_project/venv/lib/python3.10/site-packages/airflow/example_dags/example_branch_python_dop_operator_3.py
[2025-07-04T14:15:49.850+0530] {processor.py:839} INFO - DAG(s) dict_keys(['example_branch_dop_operator_v3']) retrieved from /Users/vaish/databorn_etl_project/retail_etl/etl_pipeline_project/venv/lib/python3.10/site-packages/airflow/example_dags/example_branch_python_dop_operator_3.py
[2025-07-04T14:15:50.049+0530] {logging_mixin.py:154} INFO - [2025-07-04T14:15:50.049+0530] {dag.py:2941} INFO - Sync 1 DAGs
[2025-07-04T14:15:50.073+0530] {logging_mixin.py:154} INFO - [2025-07-04T14:15:50.073+0530] {dag.py:3722} INFO - Setting next_dagrun for example_branch_dop_operator_v3 to 2025-07-04T08:44:00+00:00, run_after=2025-07-04T08:45:00+00:00
[2025-07-04T14:15:50.101+0530] {processor.py:179} INFO - Processing /Users/vaish/databorn_etl_project/retail_etl/etl_pipeline_project/venv/lib/python3.10/site-packages/airflow/example_dags/example_branch_python_dop_operator_3.py took 0.314 seconds
[2025-07-04T14:18:58.189+0530] {processor.py:157} INFO - Started process (PID=12886) to work on /Users/vaish/databorn_etl_project/retail_etl/etl_pipeline_project/venv/lib/python3.10/site-packages/airflow/example_dags/example_branch_python_dop_operator_3.py
[2025-07-04T14:18:58.190+0530] {processor.py:829} INFO - Processing file /Users/vaish/databorn_etl_project/retail_etl/etl_pipeline_project/venv/lib/python3.10/site-packages/airflow/example_dags/example_branch_python_dop_operator_3.py for tasks to queue
[2025-07-04T14:18:58.190+0530] {logging_mixin.py:154} INFO - [2025-07-04T14:18:58.190+0530] {dagbag.py:536} INFO - Filling up the DagBag from /Users/vaish/databorn_etl_project/retail_etl/etl_pipeline_project/venv/lib/python3.10/site-packages/airflow/example_dags/example_branch_python_dop_operator_3.py
[2025-07-04T14:18:58.251+0530] {processor.py:839} INFO - DAG(s) dict_keys(['example_branch_dop_operator_v3']) retrieved from /Users/vaish/databorn_etl_project/retail_etl/etl_pipeline_project/venv/lib/python3.10/site-packages/airflow/example_dags/example_branch_python_dop_operator_3.py
[2025-07-04T14:18:58.451+0530] {logging_mixin.py:154} INFO - [2025-07-04T14:18:58.451+0530] {dag.py:2941} INFO - Sync 1 DAGs
[2025-07-04T14:18:58.476+0530] {logging_mixin.py:154} INFO - [2025-07-04T14:18:58.475+0530] {dag.py:3722} INFO - Setting next_dagrun for example_branch_dop_operator_v3 to 2025-07-04T08:47:00+00:00, run_after=2025-07-04T08:48:00+00:00
[2025-07-04T14:18:58.497+0530] {processor.py:179} INFO - Processing /Users/vaish/databorn_etl_project/retail_etl/etl_pipeline_project/venv/lib/python3.10/site-packages/airflow/example_dags/example_branch_python_dop_operator_3.py took 0.309 seconds
[2025-07-04T14:22:12.508+0530] {processor.py:157} INFO - Started process (PID=13213) to work on /Users/vaish/databorn_etl_project/retail_etl/etl_pipeline_project/venv/lib/python3.10/site-packages/airflow/example_dags/example_branch_python_dop_operator_3.py
[2025-07-04T14:22:12.509+0530] {processor.py:829} INFO - Processing file /Users/vaish/databorn_etl_project/retail_etl/etl_pipeline_project/venv/lib/python3.10/site-packages/airflow/example_dags/example_branch_python_dop_operator_3.py for tasks to queue
[2025-07-04T14:22:12.510+0530] {logging_mixin.py:154} INFO - [2025-07-04T14:22:12.510+0530] {dagbag.py:536} INFO - Filling up the DagBag from /Users/vaish/databorn_etl_project/retail_etl/etl_pipeline_project/venv/lib/python3.10/site-packages/airflow/example_dags/example_branch_python_dop_operator_3.py
[2025-07-04T14:22:12.574+0530] {processor.py:839} INFO - DAG(s) dict_keys(['example_branch_dop_operator_v3']) retrieved from /Users/vaish/databorn_etl_project/retail_etl/etl_pipeline_project/venv/lib/python3.10/site-packages/airflow/example_dags/example_branch_python_dop_operator_3.py
[2025-07-04T14:22:12.784+0530] {logging_mixin.py:154} INFO - [2025-07-04T14:22:12.784+0530] {dag.py:2941} INFO - Sync 1 DAGs
[2025-07-04T14:22:12.809+0530] {logging_mixin.py:154} INFO - [2025-07-04T14:22:12.809+0530] {dag.py:3722} INFO - Setting next_dagrun for example_branch_dop_operator_v3 to 2025-07-04T08:51:00+00:00, run_after=2025-07-04T08:52:00+00:00
[2025-07-04T14:22:12.839+0530] {processor.py:179} INFO - Processing /Users/vaish/databorn_etl_project/retail_etl/etl_pipeline_project/venv/lib/python3.10/site-packages/airflow/example_dags/example_branch_python_dop_operator_3.py took 0.333 seconds
[2025-07-04T14:25:38.190+0530] {processor.py:157} INFO - Started process (PID=13602) to work on /Users/vaish/databorn_etl_project/retail_etl/etl_pipeline_project/venv/lib/python3.10/site-packages/airflow/example_dags/example_branch_python_dop_operator_3.py
[2025-07-04T14:25:38.191+0530] {processor.py:829} INFO - Processing file /Users/vaish/databorn_etl_project/retail_etl/etl_pipeline_project/venv/lib/python3.10/site-packages/airflow/example_dags/example_branch_python_dop_operator_3.py for tasks to queue
[2025-07-04T14:25:38.191+0530] {logging_mixin.py:154} INFO - [2025-07-04T14:25:38.191+0530] {dagbag.py:536} INFO - Filling up the DagBag from /Users/vaish/databorn_etl_project/retail_etl/etl_pipeline_project/venv/lib/python3.10/site-packages/airflow/example_dags/example_branch_python_dop_operator_3.py
[2025-07-04T14:25:38.255+0530] {processor.py:839} INFO - DAG(s) dict_keys(['example_branch_dop_operator_v3']) retrieved from /Users/vaish/databorn_etl_project/retail_etl/etl_pipeline_project/venv/lib/python3.10/site-packages/airflow/example_dags/example_branch_python_dop_operator_3.py
[2025-07-04T14:25:38.472+0530] {logging_mixin.py:154} INFO - [2025-07-04T14:25:38.471+0530] {dag.py:2941} INFO - Sync 1 DAGs
[2025-07-04T14:25:38.499+0530] {logging_mixin.py:154} INFO - [2025-07-04T14:25:38.498+0530] {dag.py:3722} INFO - Setting next_dagrun for example_branch_dop_operator_v3 to 2025-07-04T08:54:00+00:00, run_after=2025-07-04T08:55:00+00:00
[2025-07-04T14:25:38.528+0530] {processor.py:179} INFO - Processing /Users/vaish/databorn_etl_project/retail_etl/etl_pipeline_project/venv/lib/python3.10/site-packages/airflow/example_dags/example_branch_python_dop_operator_3.py took 0.340 seconds
[2025-07-04T14:29:10.532+0530] {processor.py:157} INFO - Started process (PID=13893) to work on /Users/vaish/databorn_etl_project/retail_etl/etl_pipeline_project/venv/lib/python3.10/site-packages/airflow/example_dags/example_branch_python_dop_operator_3.py
[2025-07-04T14:29:10.532+0530] {processor.py:829} INFO - Processing file /Users/vaish/databorn_etl_project/retail_etl/etl_pipeline_project/venv/lib/python3.10/site-packages/airflow/example_dags/example_branch_python_dop_operator_3.py for tasks to queue
[2025-07-04T14:29:10.533+0530] {logging_mixin.py:154} INFO - [2025-07-04T14:29:10.533+0530] {dagbag.py:536} INFO - Filling up the DagBag from /Users/vaish/databorn_etl_project/retail_etl/etl_pipeline_project/venv/lib/python3.10/site-packages/airflow/example_dags/example_branch_python_dop_operator_3.py
[2025-07-04T14:29:10.604+0530] {processor.py:839} INFO - DAG(s) dict_keys(['example_branch_dop_operator_v3']) retrieved from /Users/vaish/databorn_etl_project/retail_etl/etl_pipeline_project/venv/lib/python3.10/site-packages/airflow/example_dags/example_branch_python_dop_operator_3.py
[2025-07-04T14:29:10.810+0530] {logging_mixin.py:154} INFO - [2025-07-04T14:29:10.810+0530] {dag.py:2941} INFO - Sync 1 DAGs
[2025-07-04T14:29:10.835+0530] {logging_mixin.py:154} INFO - [2025-07-04T14:29:10.834+0530] {dag.py:3722} INFO - Setting next_dagrun for example_branch_dop_operator_v3 to 2025-07-04T08:58:00+00:00, run_after=2025-07-04T08:59:00+00:00
[2025-07-04T14:29:10.864+0530] {processor.py:179} INFO - Processing /Users/vaish/databorn_etl_project/retail_etl/etl_pipeline_project/venv/lib/python3.10/site-packages/airflow/example_dags/example_branch_python_dop_operator_3.py took 0.333 seconds
[2025-07-04T14:34:10.714+0530] {processor.py:157} INFO - Started process (PID=14602) to work on /Users/vaish/databorn_etl_project/retail_etl/etl_pipeline_project/venv/lib/python3.10/site-packages/airflow/example_dags/example_branch_python_dop_operator_3.py
[2025-07-04T14:34:10.721+0530] {processor.py:829} INFO - Processing file /Users/vaish/databorn_etl_project/retail_etl/etl_pipeline_project/venv/lib/python3.10/site-packages/airflow/example_dags/example_branch_python_dop_operator_3.py for tasks to queue
[2025-07-04T14:34:10.722+0530] {logging_mixin.py:154} INFO - [2025-07-04T14:34:10.722+0530] {dagbag.py:536} INFO - Filling up the DagBag from /Users/vaish/databorn_etl_project/retail_etl/etl_pipeline_project/venv/lib/python3.10/site-packages/airflow/example_dags/example_branch_python_dop_operator_3.py
[2025-07-04T14:34:10.796+0530] {processor.py:839} INFO - DAG(s) dict_keys(['example_branch_dop_operator_v3']) retrieved from /Users/vaish/databorn_etl_project/retail_etl/etl_pipeline_project/venv/lib/python3.10/site-packages/airflow/example_dags/example_branch_python_dop_operator_3.py
[2025-07-04T14:34:11.060+0530] {logging_mixin.py:154} INFO - [2025-07-04T14:34:11.059+0530] {dag.py:2941} INFO - Sync 1 DAGs
[2025-07-04T14:34:11.091+0530] {logging_mixin.py:154} INFO - [2025-07-04T14:34:11.091+0530] {dag.py:3722} INFO - Setting next_dagrun for example_branch_dop_operator_v3 to 2025-07-04T09:03:00+00:00, run_after=2025-07-04T09:04:00+00:00
[2025-07-04T14:34:11.117+0530] {processor.py:179} INFO - Processing /Users/vaish/databorn_etl_project/retail_etl/etl_pipeline_project/venv/lib/python3.10/site-packages/airflow/example_dags/example_branch_python_dop_operator_3.py took 0.404 seconds
[2025-07-04T14:36:16.341+0530] {processor.py:157} INFO - Started process (PID=14975) to work on /Users/vaish/databorn_etl_project/retail_etl/etl_pipeline_project/venv/lib/python3.10/site-packages/airflow/example_dags/example_branch_python_dop_operator_3.py
[2025-07-04T14:36:16.347+0530] {processor.py:829} INFO - Processing file /Users/vaish/databorn_etl_project/retail_etl/etl_pipeline_project/venv/lib/python3.10/site-packages/airflow/example_dags/example_branch_python_dop_operator_3.py for tasks to queue
[2025-07-04T14:36:16.348+0530] {logging_mixin.py:154} INFO - [2025-07-04T14:36:16.348+0530] {dagbag.py:536} INFO - Filling up the DagBag from /Users/vaish/databorn_etl_project/retail_etl/etl_pipeline_project/venv/lib/python3.10/site-packages/airflow/example_dags/example_branch_python_dop_operator_3.py
[2025-07-04T14:36:16.408+0530] {processor.py:839} INFO - DAG(s) dict_keys(['example_branch_dop_operator_v3']) retrieved from /Users/vaish/databorn_etl_project/retail_etl/etl_pipeline_project/venv/lib/python3.10/site-packages/airflow/example_dags/example_branch_python_dop_operator_3.py
[2025-07-04T14:36:16.611+0530] {logging_mixin.py:154} INFO - [2025-07-04T14:36:16.610+0530] {dag.py:2941} INFO - Sync 1 DAGs
[2025-07-04T14:36:16.635+0530] {logging_mixin.py:154} INFO - [2025-07-04T14:36:16.635+0530] {dag.py:3722} INFO - Setting next_dagrun for example_branch_dop_operator_v3 to 2025-07-04T09:05:00+00:00, run_after=2025-07-04T09:06:00+00:00
[2025-07-04T14:36:16.663+0530] {processor.py:179} INFO - Processing /Users/vaish/databorn_etl_project/retail_etl/etl_pipeline_project/venv/lib/python3.10/site-packages/airflow/example_dags/example_branch_python_dop_operator_3.py took 0.323 seconds
[2025-07-04T14:37:34.449+0530] {processor.py:157} INFO - Started process (PID=15138) to work on /Users/vaish/databorn_etl_project/retail_etl/etl_pipeline_project/venv/lib/python3.10/site-packages/airflow/example_dags/example_branch_python_dop_operator_3.py
[2025-07-04T14:37:34.450+0530] {processor.py:829} INFO - Processing file /Users/vaish/databorn_etl_project/retail_etl/etl_pipeline_project/venv/lib/python3.10/site-packages/airflow/example_dags/example_branch_python_dop_operator_3.py for tasks to queue
[2025-07-04T14:37:34.451+0530] {logging_mixin.py:154} INFO - [2025-07-04T14:37:34.450+0530] {dagbag.py:536} INFO - Filling up the DagBag from /Users/vaish/databorn_etl_project/retail_etl/etl_pipeline_project/venv/lib/python3.10/site-packages/airflow/example_dags/example_branch_python_dop_operator_3.py
[2025-07-04T14:37:34.518+0530] {processor.py:839} INFO - DAG(s) dict_keys(['example_branch_dop_operator_v3']) retrieved from /Users/vaish/databorn_etl_project/retail_etl/etl_pipeline_project/venv/lib/python3.10/site-packages/airflow/example_dags/example_branch_python_dop_operator_3.py
[2025-07-04T14:37:34.764+0530] {logging_mixin.py:154} INFO - [2025-07-04T14:37:34.763+0530] {dag.py:2941} INFO - Sync 1 DAGs
[2025-07-04T14:37:34.789+0530] {logging_mixin.py:154} INFO - [2025-07-04T14:37:34.789+0530] {dag.py:3722} INFO - Setting next_dagrun for example_branch_dop_operator_v3 to 2025-07-04T09:06:00+00:00, run_after=2025-07-04T09:07:00+00:00
[2025-07-04T14:37:34.811+0530] {processor.py:179} INFO - Processing /Users/vaish/databorn_etl_project/retail_etl/etl_pipeline_project/venv/lib/python3.10/site-packages/airflow/example_dags/example_branch_python_dop_operator_3.py took 0.363 seconds
[2025-07-04T14:39:38.060+0530] {processor.py:157} INFO - Started process (PID=15536) to work on /Users/vaish/databorn_etl_project/retail_etl/etl_pipeline_project/venv/lib/python3.10/site-packages/airflow/example_dags/example_branch_python_dop_operator_3.py
[2025-07-04T14:39:38.061+0530] {processor.py:829} INFO - Processing file /Users/vaish/databorn_etl_project/retail_etl/etl_pipeline_project/venv/lib/python3.10/site-packages/airflow/example_dags/example_branch_python_dop_operator_3.py for tasks to queue
[2025-07-04T14:39:38.061+0530] {logging_mixin.py:154} INFO - [2025-07-04T14:39:38.061+0530] {dagbag.py:536} INFO - Filling up the DagBag from /Users/vaish/databorn_etl_project/retail_etl/etl_pipeline_project/venv/lib/python3.10/site-packages/airflow/example_dags/example_branch_python_dop_operator_3.py
[2025-07-04T14:39:38.126+0530] {processor.py:839} INFO - DAG(s) dict_keys(['example_branch_dop_operator_v3']) retrieved from /Users/vaish/databorn_etl_project/retail_etl/etl_pipeline_project/venv/lib/python3.10/site-packages/airflow/example_dags/example_branch_python_dop_operator_3.py
[2025-07-04T14:39:38.339+0530] {logging_mixin.py:154} INFO - [2025-07-04T14:39:38.338+0530] {dag.py:2941} INFO - Sync 1 DAGs
[2025-07-04T14:39:38.363+0530] {logging_mixin.py:154} INFO - [2025-07-04T14:39:38.363+0530] {dag.py:3722} INFO - Setting next_dagrun for example_branch_dop_operator_v3 to 2025-07-04T09:08:00+00:00, run_after=2025-07-04T09:09:00+00:00
[2025-07-04T14:39:38.386+0530] {processor.py:179} INFO - Processing /Users/vaish/databorn_etl_project/retail_etl/etl_pipeline_project/venv/lib/python3.10/site-packages/airflow/example_dags/example_branch_python_dop_operator_3.py took 0.328 seconds
[2025-07-04T14:41:00.011+0530] {processor.py:157} INFO - Started process (PID=15709) to work on /Users/vaish/databorn_etl_project/retail_etl/etl_pipeline_project/venv/lib/python3.10/site-packages/airflow/example_dags/example_branch_python_dop_operator_3.py
[2025-07-04T14:41:00.012+0530] {processor.py:829} INFO - Processing file /Users/vaish/databorn_etl_project/retail_etl/etl_pipeline_project/venv/lib/python3.10/site-packages/airflow/example_dags/example_branch_python_dop_operator_3.py for tasks to queue
[2025-07-04T14:41:00.012+0530] {logging_mixin.py:154} INFO - [2025-07-04T14:41:00.012+0530] {dagbag.py:536} INFO - Filling up the DagBag from /Users/vaish/databorn_etl_project/retail_etl/etl_pipeline_project/venv/lib/python3.10/site-packages/airflow/example_dags/example_branch_python_dop_operator_3.py
[2025-07-04T14:41:00.071+0530] {processor.py:839} INFO - DAG(s) dict_keys(['example_branch_dop_operator_v3']) retrieved from /Users/vaish/databorn_etl_project/retail_etl/etl_pipeline_project/venv/lib/python3.10/site-packages/airflow/example_dags/example_branch_python_dop_operator_3.py
[2025-07-04T14:41:00.275+0530] {logging_mixin.py:154} INFO - [2025-07-04T14:41:00.274+0530] {dag.py:2941} INFO - Sync 1 DAGs
[2025-07-04T14:41:00.300+0530] {logging_mixin.py:154} INFO - [2025-07-04T14:41:00.300+0530] {dag.py:3722} INFO - Setting next_dagrun for example_branch_dop_operator_v3 to 2025-07-04T09:10:00+00:00, run_after=2025-07-04T09:11:00+00:00
[2025-07-04T14:41:00.327+0530] {processor.py:179} INFO - Processing /Users/vaish/databorn_etl_project/retail_etl/etl_pipeline_project/venv/lib/python3.10/site-packages/airflow/example_dags/example_branch_python_dop_operator_3.py took 0.318 seconds
[2025-07-04T14:43:12.377+0530] {processor.py:157} INFO - Started process (PID=16019) to work on /Users/vaish/databorn_etl_project/retail_etl/etl_pipeline_project/venv/lib/python3.10/site-packages/airflow/example_dags/example_branch_python_dop_operator_3.py
[2025-07-04T14:43:12.378+0530] {processor.py:829} INFO - Processing file /Users/vaish/databorn_etl_project/retail_etl/etl_pipeline_project/venv/lib/python3.10/site-packages/airflow/example_dags/example_branch_python_dop_operator_3.py for tasks to queue
[2025-07-04T14:43:12.379+0530] {logging_mixin.py:154} INFO - [2025-07-04T14:43:12.379+0530] {dagbag.py:536} INFO - Filling up the DagBag from /Users/vaish/databorn_etl_project/retail_etl/etl_pipeline_project/venv/lib/python3.10/site-packages/airflow/example_dags/example_branch_python_dop_operator_3.py
[2025-07-04T14:43:12.441+0530] {processor.py:839} INFO - DAG(s) dict_keys(['example_branch_dop_operator_v3']) retrieved from /Users/vaish/databorn_etl_project/retail_etl/etl_pipeline_project/venv/lib/python3.10/site-packages/airflow/example_dags/example_branch_python_dop_operator_3.py
[2025-07-04T14:43:12.652+0530] {logging_mixin.py:154} INFO - [2025-07-04T14:43:12.652+0530] {dag.py:2941} INFO - Sync 1 DAGs
[2025-07-04T14:43:12.677+0530] {logging_mixin.py:154} INFO - [2025-07-04T14:43:12.677+0530] {dag.py:3722} INFO - Setting next_dagrun for example_branch_dop_operator_v3 to 2025-07-04T09:12:00+00:00, run_after=2025-07-04T09:13:00+00:00
[2025-07-04T14:43:12.706+0530] {processor.py:179} INFO - Processing /Users/vaish/databorn_etl_project/retail_etl/etl_pipeline_project/venv/lib/python3.10/site-packages/airflow/example_dags/example_branch_python_dop_operator_3.py took 0.330 seconds
[2025-07-04T14:44:02.012+0530] {processor.py:157} INFO - Started process (PID=16129) to work on /Users/vaish/databorn_etl_project/retail_etl/etl_pipeline_project/venv/lib/python3.10/site-packages/airflow/example_dags/example_branch_python_dop_operator_3.py
[2025-07-04T14:44:02.012+0530] {processor.py:829} INFO - Processing file /Users/vaish/databorn_etl_project/retail_etl/etl_pipeline_project/venv/lib/python3.10/site-packages/airflow/example_dags/example_branch_python_dop_operator_3.py for tasks to queue
[2025-07-04T14:44:02.013+0530] {logging_mixin.py:154} INFO - [2025-07-04T14:44:02.013+0530] {dagbag.py:536} INFO - Filling up the DagBag from /Users/vaish/databorn_etl_project/retail_etl/etl_pipeline_project/venv/lib/python3.10/site-packages/airflow/example_dags/example_branch_python_dop_operator_3.py
[2025-07-04T14:44:02.078+0530] {processor.py:839} INFO - DAG(s) dict_keys(['example_branch_dop_operator_v3']) retrieved from /Users/vaish/databorn_etl_project/retail_etl/etl_pipeline_project/venv/lib/python3.10/site-packages/airflow/example_dags/example_branch_python_dop_operator_3.py
[2025-07-04T14:44:02.327+0530] {logging_mixin.py:154} INFO - [2025-07-04T14:44:02.327+0530] {dag.py:2941} INFO - Sync 1 DAGs
[2025-07-04T14:44:02.354+0530] {logging_mixin.py:154} INFO - [2025-07-04T14:44:02.354+0530] {dag.py:3722} INFO - Setting next_dagrun for example_branch_dop_operator_v3 to 2025-07-04T09:13:00+00:00, run_after=2025-07-04T09:14:00+00:00
[2025-07-04T14:44:02.385+0530] {processor.py:179} INFO - Processing /Users/vaish/databorn_etl_project/retail_etl/etl_pipeline_project/venv/lib/python3.10/site-packages/airflow/example_dags/example_branch_python_dop_operator_3.py took 0.375 seconds
[2025-07-04T14:46:39.037+0530] {processor.py:157} INFO - Started process (PID=16609) to work on /Users/vaish/databorn_etl_project/retail_etl/etl_pipeline_project/venv/lib/python3.10/site-packages/airflow/example_dags/example_branch_python_dop_operator_3.py
[2025-07-04T14:46:39.044+0530] {processor.py:829} INFO - Processing file /Users/vaish/databorn_etl_project/retail_etl/etl_pipeline_project/venv/lib/python3.10/site-packages/airflow/example_dags/example_branch_python_dop_operator_3.py for tasks to queue
[2025-07-04T14:46:39.045+0530] {logging_mixin.py:154} INFO - [2025-07-04T14:46:39.044+0530] {dagbag.py:536} INFO - Filling up the DagBag from /Users/vaish/databorn_etl_project/retail_etl/etl_pipeline_project/venv/lib/python3.10/site-packages/airflow/example_dags/example_branch_python_dop_operator_3.py
[2025-07-04T14:46:39.105+0530] {processor.py:839} INFO - DAG(s) dict_keys(['example_branch_dop_operator_v3']) retrieved from /Users/vaish/databorn_etl_project/retail_etl/etl_pipeline_project/venv/lib/python3.10/site-packages/airflow/example_dags/example_branch_python_dop_operator_3.py
[2025-07-04T14:46:39.303+0530] {logging_mixin.py:154} INFO - [2025-07-04T14:46:39.302+0530] {dag.py:2941} INFO - Sync 1 DAGs
[2025-07-04T14:46:39.326+0530] {logging_mixin.py:154} INFO - [2025-07-04T14:46:39.326+0530] {dag.py:3722} INFO - Setting next_dagrun for example_branch_dop_operator_v3 to 2025-07-04T09:15:00+00:00, run_after=2025-07-04T09:16:00+00:00
[2025-07-04T14:46:39.355+0530] {processor.py:179} INFO - Processing /Users/vaish/databorn_etl_project/retail_etl/etl_pipeline_project/venv/lib/python3.10/site-packages/airflow/example_dags/example_branch_python_dop_operator_3.py took 0.319 seconds
[2025-07-04T14:49:12.063+0530] {processor.py:157} INFO - Started process (PID=16992) to work on /Users/vaish/databorn_etl_project/retail_etl/etl_pipeline_project/venv/lib/python3.10/site-packages/airflow/example_dags/example_branch_python_dop_operator_3.py
[2025-07-04T14:49:12.066+0530] {processor.py:829} INFO - Processing file /Users/vaish/databorn_etl_project/retail_etl/etl_pipeline_project/venv/lib/python3.10/site-packages/airflow/example_dags/example_branch_python_dop_operator_3.py for tasks to queue
[2025-07-04T14:49:12.067+0530] {logging_mixin.py:154} INFO - [2025-07-04T14:49:12.067+0530] {dagbag.py:536} INFO - Filling up the DagBag from /Users/vaish/databorn_etl_project/retail_etl/etl_pipeline_project/venv/lib/python3.10/site-packages/airflow/example_dags/example_branch_python_dop_operator_3.py
[2025-07-04T14:49:12.135+0530] {processor.py:839} INFO - DAG(s) dict_keys(['example_branch_dop_operator_v3']) retrieved from /Users/vaish/databorn_etl_project/retail_etl/etl_pipeline_project/venv/lib/python3.10/site-packages/airflow/example_dags/example_branch_python_dop_operator_3.py
[2025-07-04T14:49:12.369+0530] {logging_mixin.py:154} INFO - [2025-07-04T14:49:12.368+0530] {dag.py:2941} INFO - Sync 1 DAGs
[2025-07-04T14:49:12.396+0530] {logging_mixin.py:154} INFO - [2025-07-04T14:49:12.396+0530] {dag.py:3722} INFO - Setting next_dagrun for example_branch_dop_operator_v3 to 2025-07-04T09:18:00+00:00, run_after=2025-07-04T09:19:00+00:00
[2025-07-04T14:49:12.422+0530] {processor.py:179} INFO - Processing /Users/vaish/databorn_etl_project/retail_etl/etl_pipeline_project/venv/lib/python3.10/site-packages/airflow/example_dags/example_branch_python_dop_operator_3.py took 0.361 seconds
[2025-07-04T14:50:02.708+0530] {processor.py:157} INFO - Started process (PID=17099) to work on /Users/vaish/databorn_etl_project/retail_etl/etl_pipeline_project/venv/lib/python3.10/site-packages/airflow/example_dags/example_branch_python_dop_operator_3.py
[2025-07-04T14:50:02.709+0530] {processor.py:829} INFO - Processing file /Users/vaish/databorn_etl_project/retail_etl/etl_pipeline_project/venv/lib/python3.10/site-packages/airflow/example_dags/example_branch_python_dop_operator_3.py for tasks to queue
[2025-07-04T14:50:02.709+0530] {logging_mixin.py:154} INFO - [2025-07-04T14:50:02.709+0530] {dagbag.py:536} INFO - Filling up the DagBag from /Users/vaish/databorn_etl_project/retail_etl/etl_pipeline_project/venv/lib/python3.10/site-packages/airflow/example_dags/example_branch_python_dop_operator_3.py
[2025-07-04T14:50:02.774+0530] {processor.py:839} INFO - DAG(s) dict_keys(['example_branch_dop_operator_v3']) retrieved from /Users/vaish/databorn_etl_project/retail_etl/etl_pipeline_project/venv/lib/python3.10/site-packages/airflow/example_dags/example_branch_python_dop_operator_3.py
[2025-07-04T14:50:03.001+0530] {logging_mixin.py:154} INFO - [2025-07-04T14:50:03.000+0530] {dag.py:2941} INFO - Sync 1 DAGs
[2025-07-04T14:50:03.028+0530] {logging_mixin.py:154} INFO - [2025-07-04T14:50:03.027+0530] {dag.py:3722} INFO - Setting next_dagrun for example_branch_dop_operator_v3 to 2025-07-04T09:19:00+00:00, run_after=2025-07-04T09:20:00+00:00
[2025-07-04T14:50:03.060+0530] {processor.py:179} INFO - Processing /Users/vaish/databorn_etl_project/retail_etl/etl_pipeline_project/venv/lib/python3.10/site-packages/airflow/example_dags/example_branch_python_dop_operator_3.py took 0.353 seconds
[2025-07-04T14:52:37.382+0530] {processor.py:157} INFO - Started process (PID=17436) to work on /Users/vaish/databorn_etl_project/retail_etl/etl_pipeline_project/venv/lib/python3.10/site-packages/airflow/example_dags/example_branch_python_dop_operator_3.py
[2025-07-04T14:52:37.383+0530] {processor.py:829} INFO - Processing file /Users/vaish/databorn_etl_project/retail_etl/etl_pipeline_project/venv/lib/python3.10/site-packages/airflow/example_dags/example_branch_python_dop_operator_3.py for tasks to queue
[2025-07-04T14:52:37.384+0530] {logging_mixin.py:154} INFO - [2025-07-04T14:52:37.383+0530] {dagbag.py:536} INFO - Filling up the DagBag from /Users/vaish/databorn_etl_project/retail_etl/etl_pipeline_project/venv/lib/python3.10/site-packages/airflow/example_dags/example_branch_python_dop_operator_3.py
[2025-07-04T14:52:37.448+0530] {processor.py:839} INFO - DAG(s) dict_keys(['example_branch_dop_operator_v3']) retrieved from /Users/vaish/databorn_etl_project/retail_etl/etl_pipeline_project/venv/lib/python3.10/site-packages/airflow/example_dags/example_branch_python_dop_operator_3.py
[2025-07-04T14:52:37.667+0530] {logging_mixin.py:154} INFO - [2025-07-04T14:52:37.666+0530] {dag.py:2941} INFO - Sync 1 DAGs
[2025-07-04T14:52:37.692+0530] {logging_mixin.py:154} INFO - [2025-07-04T14:52:37.692+0530] {dag.py:3722} INFO - Setting next_dagrun for example_branch_dop_operator_v3 to 2025-07-04T09:21:00+00:00, run_after=2025-07-04T09:22:00+00:00
[2025-07-04T14:52:37.726+0530] {processor.py:179} INFO - Processing /Users/vaish/databorn_etl_project/retail_etl/etl_pipeline_project/venv/lib/python3.10/site-packages/airflow/example_dags/example_branch_python_dop_operator_3.py took 0.346 seconds
[2025-07-04T14:53:35.949+0530] {processor.py:157} INFO - Started process (PID=17562) to work on /Users/vaish/databorn_etl_project/retail_etl/etl_pipeline_project/venv/lib/python3.10/site-packages/airflow/example_dags/example_branch_python_dop_operator_3.py
[2025-07-04T14:53:35.950+0530] {processor.py:829} INFO - Processing file /Users/vaish/databorn_etl_project/retail_etl/etl_pipeline_project/venv/lib/python3.10/site-packages/airflow/example_dags/example_branch_python_dop_operator_3.py for tasks to queue
[2025-07-04T14:53:35.951+0530] {logging_mixin.py:154} INFO - [2025-07-04T14:53:35.951+0530] {dagbag.py:536} INFO - Filling up the DagBag from /Users/vaish/databorn_etl_project/retail_etl/etl_pipeline_project/venv/lib/python3.10/site-packages/airflow/example_dags/example_branch_python_dop_operator_3.py
[2025-07-04T14:53:36.019+0530] {processor.py:839} INFO - DAG(s) dict_keys(['example_branch_dop_operator_v3']) retrieved from /Users/vaish/databorn_etl_project/retail_etl/etl_pipeline_project/venv/lib/python3.10/site-packages/airflow/example_dags/example_branch_python_dop_operator_3.py
[2025-07-04T14:53:36.259+0530] {logging_mixin.py:154} INFO - [2025-07-04T14:53:36.258+0530] {dag.py:2941} INFO - Sync 1 DAGs
[2025-07-04T14:53:36.286+0530] {logging_mixin.py:154} INFO - [2025-07-04T14:53:36.286+0530] {dag.py:3722} INFO - Setting next_dagrun for example_branch_dop_operator_v3 to 2025-07-04T09:22:00+00:00, run_after=2025-07-04T09:23:00+00:00
[2025-07-04T14:53:36.312+0530] {processor.py:179} INFO - Processing /Users/vaish/databorn_etl_project/retail_etl/etl_pipeline_project/venv/lib/python3.10/site-packages/airflow/example_dags/example_branch_python_dop_operator_3.py took 0.364 seconds
[2025-07-04T14:56:04.787+0530] {processor.py:157} INFO - Started process (PID=17859) to work on /Users/vaish/databorn_etl_project/retail_etl/etl_pipeline_project/venv/lib/python3.10/site-packages/airflow/example_dags/example_branch_python_dop_operator_3.py
[2025-07-04T14:56:04.787+0530] {processor.py:829} INFO - Processing file /Users/vaish/databorn_etl_project/retail_etl/etl_pipeline_project/venv/lib/python3.10/site-packages/airflow/example_dags/example_branch_python_dop_operator_3.py for tasks to queue
[2025-07-04T14:56:04.788+0530] {logging_mixin.py:154} INFO - [2025-07-04T14:56:04.788+0530] {dagbag.py:536} INFO - Filling up the DagBag from /Users/vaish/databorn_etl_project/retail_etl/etl_pipeline_project/venv/lib/python3.10/site-packages/airflow/example_dags/example_branch_python_dop_operator_3.py
[2025-07-04T14:56:04.858+0530] {processor.py:839} INFO - DAG(s) dict_keys(['example_branch_dop_operator_v3']) retrieved from /Users/vaish/databorn_etl_project/retail_etl/etl_pipeline_project/venv/lib/python3.10/site-packages/airflow/example_dags/example_branch_python_dop_operator_3.py
[2025-07-04T14:56:05.077+0530] {logging_mixin.py:154} INFO - [2025-07-04T14:56:05.077+0530] {dag.py:2941} INFO - Sync 1 DAGs
[2025-07-04T14:56:05.104+0530] {logging_mixin.py:154} INFO - [2025-07-04T14:56:05.103+0530] {dag.py:3722} INFO - Setting next_dagrun for example_branch_dop_operator_v3 to 2025-07-04T09:25:00+00:00, run_after=2025-07-04T09:26:00+00:00
[2025-07-04T14:56:05.128+0530] {processor.py:179} INFO - Processing /Users/vaish/databorn_etl_project/retail_etl/etl_pipeline_project/venv/lib/python3.10/site-packages/airflow/example_dags/example_branch_python_dop_operator_3.py took 0.342 seconds
[2025-07-04T14:57:02.313+0530] {processor.py:157} INFO - Started process (PID=17977) to work on /Users/vaish/databorn_etl_project/retail_etl/etl_pipeline_project/venv/lib/python3.10/site-packages/airflow/example_dags/example_branch_python_dop_operator_3.py
[2025-07-04T14:57:02.314+0530] {processor.py:829} INFO - Processing file /Users/vaish/databorn_etl_project/retail_etl/etl_pipeline_project/venv/lib/python3.10/site-packages/airflow/example_dags/example_branch_python_dop_operator_3.py for tasks to queue
[2025-07-04T14:57:02.315+0530] {logging_mixin.py:154} INFO - [2025-07-04T14:57:02.314+0530] {dagbag.py:536} INFO - Filling up the DagBag from /Users/vaish/databorn_etl_project/retail_etl/etl_pipeline_project/venv/lib/python3.10/site-packages/airflow/example_dags/example_branch_python_dop_operator_3.py
[2025-07-04T14:57:02.379+0530] {processor.py:839} INFO - DAG(s) dict_keys(['example_branch_dop_operator_v3']) retrieved from /Users/vaish/databorn_etl_project/retail_etl/etl_pipeline_project/venv/lib/python3.10/site-packages/airflow/example_dags/example_branch_python_dop_operator_3.py
[2025-07-04T14:57:02.596+0530] {logging_mixin.py:154} INFO - [2025-07-04T14:57:02.595+0530] {dag.py:2941} INFO - Sync 1 DAGs
[2025-07-04T14:57:02.621+0530] {logging_mixin.py:154} INFO - [2025-07-04T14:57:02.621+0530] {dag.py:3722} INFO - Setting next_dagrun for example_branch_dop_operator_v3 to 2025-07-04T09:26:00+00:00, run_after=2025-07-04T09:27:00+00:00
[2025-07-04T14:57:02.644+0530] {processor.py:179} INFO - Processing /Users/vaish/databorn_etl_project/retail_etl/etl_pipeline_project/venv/lib/python3.10/site-packages/airflow/example_dags/example_branch_python_dop_operator_3.py took 0.333 seconds
[2025-07-04T14:59:28.151+0530] {processor.py:157} INFO - Started process (PID=18280) to work on /Users/vaish/databorn_etl_project/retail_etl/etl_pipeline_project/venv/lib/python3.10/site-packages/airflow/example_dags/example_branch_python_dop_operator_3.py
[2025-07-04T14:59:28.152+0530] {processor.py:829} INFO - Processing file /Users/vaish/databorn_etl_project/retail_etl/etl_pipeline_project/venv/lib/python3.10/site-packages/airflow/example_dags/example_branch_python_dop_operator_3.py for tasks to queue
[2025-07-04T14:59:28.153+0530] {logging_mixin.py:154} INFO - [2025-07-04T14:59:28.152+0530] {dagbag.py:536} INFO - Filling up the DagBag from /Users/vaish/databorn_etl_project/retail_etl/etl_pipeline_project/venv/lib/python3.10/site-packages/airflow/example_dags/example_branch_python_dop_operator_3.py
[2025-07-04T14:59:28.214+0530] {processor.py:839} INFO - DAG(s) dict_keys(['example_branch_dop_operator_v3']) retrieved from /Users/vaish/databorn_etl_project/retail_etl/etl_pipeline_project/venv/lib/python3.10/site-packages/airflow/example_dags/example_branch_python_dop_operator_3.py
[2025-07-04T14:59:28.419+0530] {logging_mixin.py:154} INFO - [2025-07-04T14:59:28.419+0530] {dag.py:2941} INFO - Sync 1 DAGs
[2025-07-04T14:59:28.444+0530] {logging_mixin.py:154} INFO - [2025-07-04T14:59:28.444+0530] {dag.py:3722} INFO - Setting next_dagrun for example_branch_dop_operator_v3 to 2025-07-04T09:28:00+00:00, run_after=2025-07-04T09:29:00+00:00
[2025-07-04T14:59:28.474+0530] {processor.py:179} INFO - Processing /Users/vaish/databorn_etl_project/retail_etl/etl_pipeline_project/venv/lib/python3.10/site-packages/airflow/example_dags/example_branch_python_dop_operator_3.py took 0.324 seconds
[2025-07-04T15:00:16.270+0530] {processor.py:157} INFO - Started process (PID=18378) to work on /Users/vaish/databorn_etl_project/retail_etl/etl_pipeline_project/venv/lib/python3.10/site-packages/airflow/example_dags/example_branch_python_dop_operator_3.py
[2025-07-04T15:00:16.271+0530] {processor.py:829} INFO - Processing file /Users/vaish/databorn_etl_project/retail_etl/etl_pipeline_project/venv/lib/python3.10/site-packages/airflow/example_dags/example_branch_python_dop_operator_3.py for tasks to queue
[2025-07-04T15:00:16.272+0530] {logging_mixin.py:154} INFO - [2025-07-04T15:00:16.272+0530] {dagbag.py:536} INFO - Filling up the DagBag from /Users/vaish/databorn_etl_project/retail_etl/etl_pipeline_project/venv/lib/python3.10/site-packages/airflow/example_dags/example_branch_python_dop_operator_3.py
[2025-07-04T15:00:16.332+0530] {processor.py:839} INFO - DAG(s) dict_keys(['example_branch_dop_operator_v3']) retrieved from /Users/vaish/databorn_etl_project/retail_etl/etl_pipeline_project/venv/lib/python3.10/site-packages/airflow/example_dags/example_branch_python_dop_operator_3.py
[2025-07-04T15:00:16.531+0530] {logging_mixin.py:154} INFO - [2025-07-04T15:00:16.531+0530] {dag.py:2941} INFO - Sync 1 DAGs
[2025-07-04T15:00:16.555+0530] {logging_mixin.py:154} INFO - [2025-07-04T15:00:16.555+0530] {dag.py:3722} INFO - Setting next_dagrun for example_branch_dop_operator_v3 to 2025-07-04T09:29:00+00:00, run_after=2025-07-04T09:30:00+00:00
[2025-07-04T15:00:16.583+0530] {processor.py:179} INFO - Processing /Users/vaish/databorn_etl_project/retail_etl/etl_pipeline_project/venv/lib/python3.10/site-packages/airflow/example_dags/example_branch_python_dop_operator_3.py took 0.314 seconds
[2025-07-04T15:02:42.819+0530] {processor.py:157} INFO - Started process (PID=18746) to work on /Users/vaish/databorn_etl_project/retail_etl/etl_pipeline_project/venv/lib/python3.10/site-packages/airflow/example_dags/example_branch_python_dop_operator_3.py
[2025-07-04T15:02:42.820+0530] {processor.py:829} INFO - Processing file /Users/vaish/databorn_etl_project/retail_etl/etl_pipeline_project/venv/lib/python3.10/site-packages/airflow/example_dags/example_branch_python_dop_operator_3.py for tasks to queue
[2025-07-04T15:02:42.821+0530] {logging_mixin.py:154} INFO - [2025-07-04T15:02:42.821+0530] {dagbag.py:536} INFO - Filling up the DagBag from /Users/vaish/databorn_etl_project/retail_etl/etl_pipeline_project/venv/lib/python3.10/site-packages/airflow/example_dags/example_branch_python_dop_operator_3.py
[2025-07-04T15:02:42.904+0530] {processor.py:839} INFO - DAG(s) dict_keys(['example_branch_dop_operator_v3']) retrieved from /Users/vaish/databorn_etl_project/retail_etl/etl_pipeline_project/venv/lib/python3.10/site-packages/airflow/example_dags/example_branch_python_dop_operator_3.py
[2025-07-04T15:02:43.155+0530] {logging_mixin.py:154} INFO - [2025-07-04T15:02:43.154+0530] {dag.py:2941} INFO - Sync 1 DAGs
[2025-07-04T15:02:43.183+0530] {logging_mixin.py:154} INFO - [2025-07-04T15:02:43.182+0530] {dag.py:3722} INFO - Setting next_dagrun for example_branch_dop_operator_v3 to 2025-07-04T09:31:00+00:00, run_after=2025-07-04T09:32:00+00:00
[2025-07-04T15:02:43.210+0530] {processor.py:179} INFO - Processing /Users/vaish/databorn_etl_project/retail_etl/etl_pipeline_project/venv/lib/python3.10/site-packages/airflow/example_dags/example_branch_python_dop_operator_3.py took 0.394 seconds
[2025-07-04T15:03:46.664+0530] {processor.py:157} INFO - Started process (PID=18923) to work on /Users/vaish/databorn_etl_project/retail_etl/etl_pipeline_project/venv/lib/python3.10/site-packages/airflow/example_dags/example_branch_python_dop_operator_3.py
[2025-07-04T15:03:46.671+0530] {processor.py:829} INFO - Processing file /Users/vaish/databorn_etl_project/retail_etl/etl_pipeline_project/venv/lib/python3.10/site-packages/airflow/example_dags/example_branch_python_dop_operator_3.py for tasks to queue
[2025-07-04T15:03:46.672+0530] {logging_mixin.py:154} INFO - [2025-07-04T15:03:46.672+0530] {dagbag.py:536} INFO - Filling up the DagBag from /Users/vaish/databorn_etl_project/retail_etl/etl_pipeline_project/venv/lib/python3.10/site-packages/airflow/example_dags/example_branch_python_dop_operator_3.py
[2025-07-04T15:03:46.738+0530] {processor.py:839} INFO - DAG(s) dict_keys(['example_branch_dop_operator_v3']) retrieved from /Users/vaish/databorn_etl_project/retail_etl/etl_pipeline_project/venv/lib/python3.10/site-packages/airflow/example_dags/example_branch_python_dop_operator_3.py
[2025-07-04T15:03:46.959+0530] {logging_mixin.py:154} INFO - [2025-07-04T15:03:46.959+0530] {dag.py:2941} INFO - Sync 1 DAGs
[2025-07-04T15:03:46.988+0530] {logging_mixin.py:154} INFO - [2025-07-04T15:03:46.988+0530] {dag.py:3722} INFO - Setting next_dagrun for example_branch_dop_operator_v3 to 2025-07-04T09:32:00+00:00, run_after=2025-07-04T09:33:00+00:00
[2025-07-04T15:03:47.016+0530] {processor.py:179} INFO - Processing /Users/vaish/databorn_etl_project/retail_etl/etl_pipeline_project/venv/lib/python3.10/site-packages/airflow/example_dags/example_branch_python_dop_operator_3.py took 0.353 seconds
[2025-07-04T15:07:20.225+0530] {processor.py:157} INFO - Started process (PID=19390) to work on /Users/vaish/databorn_etl_project/retail_etl/etl_pipeline_project/venv/lib/python3.10/site-packages/airflow/example_dags/example_branch_python_dop_operator_3.py
[2025-07-04T15:07:20.227+0530] {processor.py:829} INFO - Processing file /Users/vaish/databorn_etl_project/retail_etl/etl_pipeline_project/venv/lib/python3.10/site-packages/airflow/example_dags/example_branch_python_dop_operator_3.py for tasks to queue
[2025-07-04T15:07:20.228+0530] {logging_mixin.py:154} INFO - [2025-07-04T15:07:20.228+0530] {dagbag.py:536} INFO - Filling up the DagBag from /Users/vaish/databorn_etl_project/retail_etl/etl_pipeline_project/venv/lib/python3.10/site-packages/airflow/example_dags/example_branch_python_dop_operator_3.py
[2025-07-04T15:07:20.292+0530] {processor.py:839} INFO - DAG(s) dict_keys(['example_branch_dop_operator_v3']) retrieved from /Users/vaish/databorn_etl_project/retail_etl/etl_pipeline_project/venv/lib/python3.10/site-packages/airflow/example_dags/example_branch_python_dop_operator_3.py
[2025-07-04T15:07:20.512+0530] {logging_mixin.py:154} INFO - [2025-07-04T15:07:20.512+0530] {dag.py:2941} INFO - Sync 1 DAGs
[2025-07-04T15:07:20.538+0530] {logging_mixin.py:154} INFO - [2025-07-04T15:07:20.538+0530] {dag.py:3722} INFO - Setting next_dagrun for example_branch_dop_operator_v3 to 2025-07-04T09:36:00+00:00, run_after=2025-07-04T09:37:00+00:00
[2025-07-04T15:07:20.562+0530] {processor.py:179} INFO - Processing /Users/vaish/databorn_etl_project/retail_etl/etl_pipeline_project/venv/lib/python3.10/site-packages/airflow/example_dags/example_branch_python_dop_operator_3.py took 0.338 seconds
[2025-07-04T15:10:57.286+0530] {processor.py:157} INFO - Started process (PID=19775) to work on /Users/vaish/databorn_etl_project/retail_etl/etl_pipeline_project/venv/lib/python3.10/site-packages/airflow/example_dags/example_branch_python_dop_operator_3.py
[2025-07-04T15:10:57.292+0530] {processor.py:829} INFO - Processing file /Users/vaish/databorn_etl_project/retail_etl/etl_pipeline_project/venv/lib/python3.10/site-packages/airflow/example_dags/example_branch_python_dop_operator_3.py for tasks to queue
[2025-07-04T15:10:57.294+0530] {logging_mixin.py:154} INFO - [2025-07-04T15:10:57.293+0530] {dagbag.py:536} INFO - Filling up the DagBag from /Users/vaish/databorn_etl_project/retail_etl/etl_pipeline_project/venv/lib/python3.10/site-packages/airflow/example_dags/example_branch_python_dop_operator_3.py
[2025-07-04T15:10:57.372+0530] {processor.py:839} INFO - DAG(s) dict_keys(['example_branch_dop_operator_v3']) retrieved from /Users/vaish/databorn_etl_project/retail_etl/etl_pipeline_project/venv/lib/python3.10/site-packages/airflow/example_dags/example_branch_python_dop_operator_3.py
[2025-07-04T15:10:57.589+0530] {logging_mixin.py:154} INFO - [2025-07-04T15:10:57.588+0530] {dag.py:2941} INFO - Sync 1 DAGs
[2025-07-04T15:10:57.614+0530] {logging_mixin.py:154} INFO - [2025-07-04T15:10:57.614+0530] {dag.py:3722} INFO - Setting next_dagrun for example_branch_dop_operator_v3 to 2025-07-04T09:39:00+00:00, run_after=2025-07-04T09:40:00+00:00
[2025-07-04T15:10:57.642+0530] {processor.py:179} INFO - Processing /Users/vaish/databorn_etl_project/retail_etl/etl_pipeline_project/venv/lib/python3.10/site-packages/airflow/example_dags/example_branch_python_dop_operator_3.py took 0.358 seconds
[2025-07-04T15:14:19.903+0530] {processor.py:157} INFO - Started process (PID=20100) to work on /Users/vaish/databorn_etl_project/retail_etl/etl_pipeline_project/venv/lib/python3.10/site-packages/airflow/example_dags/example_branch_python_dop_operator_3.py
[2025-07-04T15:14:19.910+0530] {processor.py:829} INFO - Processing file /Users/vaish/databorn_etl_project/retail_etl/etl_pipeline_project/venv/lib/python3.10/site-packages/airflow/example_dags/example_branch_python_dop_operator_3.py for tasks to queue
[2025-07-04T15:14:19.911+0530] {logging_mixin.py:154} INFO - [2025-07-04T15:14:19.911+0530] {dagbag.py:536} INFO - Filling up the DagBag from /Users/vaish/databorn_etl_project/retail_etl/etl_pipeline_project/venv/lib/python3.10/site-packages/airflow/example_dags/example_branch_python_dop_operator_3.py
[2025-07-04T15:14:19.973+0530] {processor.py:839} INFO - DAG(s) dict_keys(['example_branch_dop_operator_v3']) retrieved from /Users/vaish/databorn_etl_project/retail_etl/etl_pipeline_project/venv/lib/python3.10/site-packages/airflow/example_dags/example_branch_python_dop_operator_3.py
[2025-07-04T15:14:20.184+0530] {logging_mixin.py:154} INFO - [2025-07-04T15:14:20.184+0530] {dag.py:2941} INFO - Sync 1 DAGs
[2025-07-04T15:14:20.211+0530] {logging_mixin.py:154} INFO - [2025-07-04T15:14:20.210+0530] {dag.py:3722} INFO - Setting next_dagrun for example_branch_dop_operator_v3 to 2025-07-04T09:43:00+00:00, run_after=2025-07-04T09:44:00+00:00
[2025-07-04T15:14:20.238+0530] {processor.py:179} INFO - Processing /Users/vaish/databorn_etl_project/retail_etl/etl_pipeline_project/venv/lib/python3.10/site-packages/airflow/example_dags/example_branch_python_dop_operator_3.py took 0.337 seconds
[2025-07-04T15:17:50.387+0530] {processor.py:157} INFO - Started process (PID=20634) to work on /Users/vaish/databorn_etl_project/retail_etl/etl_pipeline_project/venv/lib/python3.10/site-packages/airflow/example_dags/example_branch_python_dop_operator_3.py
[2025-07-04T15:17:50.394+0530] {processor.py:829} INFO - Processing file /Users/vaish/databorn_etl_project/retail_etl/etl_pipeline_project/venv/lib/python3.10/site-packages/airflow/example_dags/example_branch_python_dop_operator_3.py for tasks to queue
[2025-07-04T15:17:50.395+0530] {logging_mixin.py:154} INFO - [2025-07-04T15:17:50.395+0530] {dagbag.py:536} INFO - Filling up the DagBag from /Users/vaish/databorn_etl_project/retail_etl/etl_pipeline_project/venv/lib/python3.10/site-packages/airflow/example_dags/example_branch_python_dop_operator_3.py
[2025-07-04T15:17:50.462+0530] {processor.py:839} INFO - DAG(s) dict_keys(['example_branch_dop_operator_v3']) retrieved from /Users/vaish/databorn_etl_project/retail_etl/etl_pipeline_project/venv/lib/python3.10/site-packages/airflow/example_dags/example_branch_python_dop_operator_3.py
[2025-07-04T15:17:50.671+0530] {logging_mixin.py:154} INFO - [2025-07-04T15:17:50.671+0530] {dag.py:2941} INFO - Sync 1 DAGs
[2025-07-04T15:17:50.696+0530] {logging_mixin.py:154} INFO - [2025-07-04T15:17:50.696+0530] {dag.py:3722} INFO - Setting next_dagrun for example_branch_dop_operator_v3 to 2025-07-04T09:46:00+00:00, run_after=2025-07-04T09:47:00+00:00
[2025-07-04T15:17:50.726+0530] {processor.py:179} INFO - Processing /Users/vaish/databorn_etl_project/retail_etl/etl_pipeline_project/venv/lib/python3.10/site-packages/airflow/example_dags/example_branch_python_dop_operator_3.py took 0.340 seconds
[2025-07-04T15:21:21.300+0530] {processor.py:157} INFO - Started process (PID=21192) to work on /Users/vaish/databorn_etl_project/retail_etl/etl_pipeline_project/venv/lib/python3.10/site-packages/airflow/example_dags/example_branch_python_dop_operator_3.py
[2025-07-04T15:21:21.307+0530] {processor.py:829} INFO - Processing file /Users/vaish/databorn_etl_project/retail_etl/etl_pipeline_project/venv/lib/python3.10/site-packages/airflow/example_dags/example_branch_python_dop_operator_3.py for tasks to queue
[2025-07-04T15:21:21.308+0530] {logging_mixin.py:154} INFO - [2025-07-04T15:21:21.307+0530] {dagbag.py:536} INFO - Filling up the DagBag from /Users/vaish/databorn_etl_project/retail_etl/etl_pipeline_project/venv/lib/python3.10/site-packages/airflow/example_dags/example_branch_python_dop_operator_3.py
[2025-07-04T15:21:21.372+0530] {processor.py:839} INFO - DAG(s) dict_keys(['example_branch_dop_operator_v3']) retrieved from /Users/vaish/databorn_etl_project/retail_etl/etl_pipeline_project/venv/lib/python3.10/site-packages/airflow/example_dags/example_branch_python_dop_operator_3.py
[2025-07-04T15:21:21.573+0530] {logging_mixin.py:154} INFO - [2025-07-04T15:21:21.573+0530] {dag.py:2941} INFO - Sync 1 DAGs
[2025-07-04T15:21:21.597+0530] {logging_mixin.py:154} INFO - [2025-07-04T15:21:21.597+0530] {dag.py:3722} INFO - Setting next_dagrun for example_branch_dop_operator_v3 to 2025-07-04T09:50:00+00:00, run_after=2025-07-04T09:51:00+00:00
[2025-07-04T15:21:21.625+0530] {processor.py:179} INFO - Processing /Users/vaish/databorn_etl_project/retail_etl/etl_pipeline_project/venv/lib/python3.10/site-packages/airflow/example_dags/example_branch_python_dop_operator_3.py took 0.326 seconds
[2025-07-04T15:24:47.885+0530] {processor.py:157} INFO - Started process (PID=21696) to work on /Users/vaish/databorn_etl_project/retail_etl/etl_pipeline_project/venv/lib/python3.10/site-packages/airflow/example_dags/example_branch_python_dop_operator_3.py
[2025-07-04T15:24:47.891+0530] {processor.py:829} INFO - Processing file /Users/vaish/databorn_etl_project/retail_etl/etl_pipeline_project/venv/lib/python3.10/site-packages/airflow/example_dags/example_branch_python_dop_operator_3.py for tasks to queue
[2025-07-04T15:24:47.892+0530] {logging_mixin.py:154} INFO - [2025-07-04T15:24:47.892+0530] {dagbag.py:536} INFO - Filling up the DagBag from /Users/vaish/databorn_etl_project/retail_etl/etl_pipeline_project/venv/lib/python3.10/site-packages/airflow/example_dags/example_branch_python_dop_operator_3.py
[2025-07-04T15:24:47.952+0530] {processor.py:839} INFO - DAG(s) dict_keys(['example_branch_dop_operator_v3']) retrieved from /Users/vaish/databorn_etl_project/retail_etl/etl_pipeline_project/venv/lib/python3.10/site-packages/airflow/example_dags/example_branch_python_dop_operator_3.py
[2025-07-04T15:24:48.012+0530] {logging_mixin.py:154} INFO - [2025-07-04T15:24:48.012+0530] {dag.py:2941} INFO - Sync 1 DAGs
[2025-07-04T15:24:48.145+0530] {logging_mixin.py:154} INFO - [2025-07-04T15:24:48.145+0530] {dag.py:3722} INFO - Setting next_dagrun for example_branch_dop_operator_v3 to 2025-07-04T09:53:00+00:00, run_after=2025-07-04T09:54:00+00:00
[2025-07-04T15:24:48.173+0530] {processor.py:179} INFO - Processing /Users/vaish/databorn_etl_project/retail_etl/etl_pipeline_project/venv/lib/python3.10/site-packages/airflow/example_dags/example_branch_python_dop_operator_3.py took 0.290 seconds
[2025-07-04T15:27:58.191+0530] {processor.py:157} INFO - Started process (PID=22141) to work on /Users/vaish/databorn_etl_project/retail_etl/etl_pipeline_project/venv/lib/python3.10/site-packages/airflow/example_dags/example_branch_python_dop_operator_3.py
[2025-07-04T15:27:58.197+0530] {processor.py:829} INFO - Processing file /Users/vaish/databorn_etl_project/retail_etl/etl_pipeline_project/venv/lib/python3.10/site-packages/airflow/example_dags/example_branch_python_dop_operator_3.py for tasks to queue
[2025-07-04T15:27:58.198+0530] {logging_mixin.py:154} INFO - [2025-07-04T15:27:58.198+0530] {dagbag.py:536} INFO - Filling up the DagBag from /Users/vaish/databorn_etl_project/retail_etl/etl_pipeline_project/venv/lib/python3.10/site-packages/airflow/example_dags/example_branch_python_dop_operator_3.py
[2025-07-04T15:27:58.261+0530] {processor.py:839} INFO - DAG(s) dict_keys(['example_branch_dop_operator_v3']) retrieved from /Users/vaish/databorn_etl_project/retail_etl/etl_pipeline_project/venv/lib/python3.10/site-packages/airflow/example_dags/example_branch_python_dop_operator_3.py
[2025-07-04T15:27:58.474+0530] {logging_mixin.py:154} INFO - [2025-07-04T15:27:58.474+0530] {dag.py:2941} INFO - Sync 1 DAGs
[2025-07-04T15:27:58.498+0530] {logging_mixin.py:154} INFO - [2025-07-04T15:27:58.498+0530] {dag.py:3722} INFO - Setting next_dagrun for example_branch_dop_operator_v3 to 2025-07-04T09:56:00+00:00, run_after=2025-07-04T09:57:00+00:00
[2025-07-04T15:27:58.526+0530] {processor.py:179} INFO - Processing /Users/vaish/databorn_etl_project/retail_etl/etl_pipeline_project/venv/lib/python3.10/site-packages/airflow/example_dags/example_branch_python_dop_operator_3.py took 0.337 seconds
[2025-07-04T15:28:34.600+0530] {processor.py:157} INFO - Started process (PID=22216) to work on /Users/vaish/databorn_etl_project/retail_etl/etl_pipeline_project/venv/lib/python3.10/site-packages/airflow/example_dags/example_branch_python_dop_operator_3.py
[2025-07-04T15:28:34.601+0530] {processor.py:829} INFO - Processing file /Users/vaish/databorn_etl_project/retail_etl/etl_pipeline_project/venv/lib/python3.10/site-packages/airflow/example_dags/example_branch_python_dop_operator_3.py for tasks to queue
[2025-07-04T15:28:34.602+0530] {logging_mixin.py:154} INFO - [2025-07-04T15:28:34.602+0530] {dagbag.py:536} INFO - Filling up the DagBag from /Users/vaish/databorn_etl_project/retail_etl/etl_pipeline_project/venv/lib/python3.10/site-packages/airflow/example_dags/example_branch_python_dop_operator_3.py
[2025-07-04T15:28:34.664+0530] {processor.py:839} INFO - DAG(s) dict_keys(['example_branch_dop_operator_v3']) retrieved from /Users/vaish/databorn_etl_project/retail_etl/etl_pipeline_project/venv/lib/python3.10/site-packages/airflow/example_dags/example_branch_python_dop_operator_3.py
[2025-07-04T15:28:34.896+0530] {logging_mixin.py:154} INFO - [2025-07-04T15:28:34.896+0530] {dag.py:2941} INFO - Sync 1 DAGs
[2025-07-04T15:28:34.921+0530] {logging_mixin.py:154} INFO - [2025-07-04T15:28:34.921+0530] {dag.py:3722} INFO - Setting next_dagrun for example_branch_dop_operator_v3 to 2025-07-04T09:57:00+00:00, run_after=2025-07-04T09:58:00+00:00
[2025-07-04T15:28:34.949+0530] {processor.py:179} INFO - Processing /Users/vaish/databorn_etl_project/retail_etl/etl_pipeline_project/venv/lib/python3.10/site-packages/airflow/example_dags/example_branch_python_dop_operator_3.py took 0.351 seconds
[2025-07-04T15:31:28.310+0530] {processor.py:157} INFO - Started process (PID=22583) to work on /Users/vaish/databorn_etl_project/retail_etl/etl_pipeline_project/venv/lib/python3.10/site-packages/airflow/example_dags/example_branch_python_dop_operator_3.py
[2025-07-04T15:31:28.313+0530] {processor.py:829} INFO - Processing file /Users/vaish/databorn_etl_project/retail_etl/etl_pipeline_project/venv/lib/python3.10/site-packages/airflow/example_dags/example_branch_python_dop_operator_3.py for tasks to queue
[2025-07-04T15:31:28.314+0530] {logging_mixin.py:154} INFO - [2025-07-04T15:31:28.314+0530] {dagbag.py:536} INFO - Filling up the DagBag from /Users/vaish/databorn_etl_project/retail_etl/etl_pipeline_project/venv/lib/python3.10/site-packages/airflow/example_dags/example_branch_python_dop_operator_3.py
[2025-07-04T15:31:28.378+0530] {processor.py:839} INFO - DAG(s) dict_keys(['example_branch_dop_operator_v3']) retrieved from /Users/vaish/databorn_etl_project/retail_etl/etl_pipeline_project/venv/lib/python3.10/site-packages/airflow/example_dags/example_branch_python_dop_operator_3.py
[2025-07-04T15:31:28.597+0530] {logging_mixin.py:154} INFO - [2025-07-04T15:31:28.597+0530] {dag.py:2941} INFO - Sync 1 DAGs
[2025-07-04T15:31:28.625+0530] {logging_mixin.py:154} INFO - [2025-07-04T15:31:28.625+0530] {dag.py:3722} INFO - Setting next_dagrun for example_branch_dop_operator_v3 to 2025-07-04T10:00:00+00:00, run_after=2025-07-04T10:01:00+00:00
[2025-07-04T15:31:28.653+0530] {processor.py:179} INFO - Processing /Users/vaish/databorn_etl_project/retail_etl/etl_pipeline_project/venv/lib/python3.10/site-packages/airflow/example_dags/example_branch_python_dop_operator_3.py took 0.344 seconds
[2025-07-04T15:32:13.439+0530] {processor.py:157} INFO - Started process (PID=22694) to work on /Users/vaish/databorn_etl_project/retail_etl/etl_pipeline_project/venv/lib/python3.10/site-packages/airflow/example_dags/example_branch_python_dop_operator_3.py
[2025-07-04T15:32:13.440+0530] {processor.py:829} INFO - Processing file /Users/vaish/databorn_etl_project/retail_etl/etl_pipeline_project/venv/lib/python3.10/site-packages/airflow/example_dags/example_branch_python_dop_operator_3.py for tasks to queue
[2025-07-04T15:32:13.441+0530] {logging_mixin.py:154} INFO - [2025-07-04T15:32:13.441+0530] {dagbag.py:536} INFO - Filling up the DagBag from /Users/vaish/databorn_etl_project/retail_etl/etl_pipeline_project/venv/lib/python3.10/site-packages/airflow/example_dags/example_branch_python_dop_operator_3.py
[2025-07-04T15:32:13.504+0530] {processor.py:839} INFO - DAG(s) dict_keys(['example_branch_dop_operator_v3']) retrieved from /Users/vaish/databorn_etl_project/retail_etl/etl_pipeline_project/venv/lib/python3.10/site-packages/airflow/example_dags/example_branch_python_dop_operator_3.py
[2025-07-04T15:32:13.713+0530] {logging_mixin.py:154} INFO - [2025-07-04T15:32:13.713+0530] {dag.py:2941} INFO - Sync 1 DAGs
[2025-07-04T15:32:13.738+0530] {logging_mixin.py:154} INFO - [2025-07-04T15:32:13.738+0530] {dag.py:3722} INFO - Setting next_dagrun for example_branch_dop_operator_v3 to 2025-07-04T10:01:00+00:00, run_after=2025-07-04T10:02:00+00:00
[2025-07-04T15:32:13.767+0530] {processor.py:179} INFO - Processing /Users/vaish/databorn_etl_project/retail_etl/etl_pipeline_project/venv/lib/python3.10/site-packages/airflow/example_dags/example_branch_python_dop_operator_3.py took 0.330 seconds
[2025-07-04T15:34:54.509+0530] {processor.py:157} INFO - Started process (PID=23052) to work on /Users/vaish/databorn_etl_project/retail_etl/etl_pipeline_project/venv/lib/python3.10/site-packages/airflow/example_dags/example_branch_python_dop_operator_3.py
[2025-07-04T15:34:54.515+0530] {processor.py:829} INFO - Processing file /Users/vaish/databorn_etl_project/retail_etl/etl_pipeline_project/venv/lib/python3.10/site-packages/airflow/example_dags/example_branch_python_dop_operator_3.py for tasks to queue
[2025-07-04T15:34:54.516+0530] {logging_mixin.py:154} INFO - [2025-07-04T15:34:54.516+0530] {dagbag.py:536} INFO - Filling up the DagBag from /Users/vaish/databorn_etl_project/retail_etl/etl_pipeline_project/venv/lib/python3.10/site-packages/airflow/example_dags/example_branch_python_dop_operator_3.py
[2025-07-04T15:34:54.581+0530] {processor.py:839} INFO - DAG(s) dict_keys(['example_branch_dop_operator_v3']) retrieved from /Users/vaish/databorn_etl_project/retail_etl/etl_pipeline_project/venv/lib/python3.10/site-packages/airflow/example_dags/example_branch_python_dop_operator_3.py
[2025-07-04T15:34:54.790+0530] {logging_mixin.py:154} INFO - [2025-07-04T15:34:54.789+0530] {dag.py:2941} INFO - Sync 1 DAGs
[2025-07-04T15:34:54.814+0530] {logging_mixin.py:154} INFO - [2025-07-04T15:34:54.814+0530] {dag.py:3722} INFO - Setting next_dagrun for example_branch_dop_operator_v3 to 2025-07-04T10:03:00+00:00, run_after=2025-07-04T10:04:00+00:00
[2025-07-04T15:34:54.843+0530] {processor.py:179} INFO - Processing /Users/vaish/databorn_etl_project/retail_etl/etl_pipeline_project/venv/lib/python3.10/site-packages/airflow/example_dags/example_branch_python_dop_operator_3.py took 0.336 seconds
[2025-07-04T15:35:41.037+0530] {processor.py:157} INFO - Started process (PID=23151) to work on /Users/vaish/databorn_etl_project/retail_etl/etl_pipeline_project/venv/lib/python3.10/site-packages/airflow/example_dags/example_branch_python_dop_operator_3.py
[2025-07-04T15:35:41.039+0530] {processor.py:829} INFO - Processing file /Users/vaish/databorn_etl_project/retail_etl/etl_pipeline_project/venv/lib/python3.10/site-packages/airflow/example_dags/example_branch_python_dop_operator_3.py for tasks to queue
[2025-07-04T15:35:41.040+0530] {logging_mixin.py:154} INFO - [2025-07-04T15:35:41.040+0530] {dagbag.py:536} INFO - Filling up the DagBag from /Users/vaish/databorn_etl_project/retail_etl/etl_pipeline_project/venv/lib/python3.10/site-packages/airflow/example_dags/example_branch_python_dop_operator_3.py
[2025-07-04T15:35:41.103+0530] {processor.py:839} INFO - DAG(s) dict_keys(['example_branch_dop_operator_v3']) retrieved from /Users/vaish/databorn_etl_project/retail_etl/etl_pipeline_project/venv/lib/python3.10/site-packages/airflow/example_dags/example_branch_python_dop_operator_3.py
[2025-07-04T15:35:41.311+0530] {logging_mixin.py:154} INFO - [2025-07-04T15:35:41.311+0530] {dag.py:2941} INFO - Sync 1 DAGs
[2025-07-04T15:35:41.341+0530] {logging_mixin.py:154} INFO - [2025-07-04T15:35:41.340+0530] {dag.py:3722} INFO - Setting next_dagrun for example_branch_dop_operator_v3 to 2025-07-04T10:04:00+00:00, run_after=2025-07-04T10:05:00+00:00
[2025-07-04T15:35:41.364+0530] {processor.py:179} INFO - Processing /Users/vaish/databorn_etl_project/retail_etl/etl_pipeline_project/venv/lib/python3.10/site-packages/airflow/example_dags/example_branch_python_dop_operator_3.py took 0.329 seconds
[2025-07-04T15:38:24.244+0530] {processor.py:157} INFO - Started process (PID=23512) to work on /Users/vaish/databorn_etl_project/retail_etl/etl_pipeline_project/venv/lib/python3.10/site-packages/airflow/example_dags/example_branch_python_dop_operator_3.py
[2025-07-04T15:38:24.246+0530] {processor.py:829} INFO - Processing file /Users/vaish/databorn_etl_project/retail_etl/etl_pipeline_project/venv/lib/python3.10/site-packages/airflow/example_dags/example_branch_python_dop_operator_3.py for tasks to queue
[2025-07-04T15:38:24.247+0530] {logging_mixin.py:154} INFO - [2025-07-04T15:38:24.247+0530] {dagbag.py:536} INFO - Filling up the DagBag from /Users/vaish/databorn_etl_project/retail_etl/etl_pipeline_project/venv/lib/python3.10/site-packages/airflow/example_dags/example_branch_python_dop_operator_3.py
[2025-07-04T15:38:24.312+0530] {processor.py:839} INFO - DAG(s) dict_keys(['example_branch_dop_operator_v3']) retrieved from /Users/vaish/databorn_etl_project/retail_etl/etl_pipeline_project/venv/lib/python3.10/site-packages/airflow/example_dags/example_branch_python_dop_operator_3.py
[2025-07-04T15:38:24.605+0530] {logging_mixin.py:154} INFO - [2025-07-04T15:38:24.604+0530] {dag.py:2941} INFO - Sync 1 DAGs
[2025-07-04T15:38:24.637+0530] {logging_mixin.py:154} INFO - [2025-07-04T15:38:24.637+0530] {dag.py:3722} INFO - Setting next_dagrun for example_branch_dop_operator_v3 to 2025-07-04T10:07:00+00:00, run_after=2025-07-04T10:08:00+00:00
[2025-07-04T15:38:24.670+0530] {processor.py:179} INFO - Processing /Users/vaish/databorn_etl_project/retail_etl/etl_pipeline_project/venv/lib/python3.10/site-packages/airflow/example_dags/example_branch_python_dop_operator_3.py took 0.428 seconds
[2025-07-04T15:39:12.327+0530] {processor.py:157} INFO - Started process (PID=23626) to work on /Users/vaish/databorn_etl_project/retail_etl/etl_pipeline_project/venv/lib/python3.10/site-packages/airflow/example_dags/example_branch_python_dop_operator_3.py
[2025-07-04T15:39:12.329+0530] {processor.py:829} INFO - Processing file /Users/vaish/databorn_etl_project/retail_etl/etl_pipeline_project/venv/lib/python3.10/site-packages/airflow/example_dags/example_branch_python_dop_operator_3.py for tasks to queue
[2025-07-04T15:39:12.330+0530] {logging_mixin.py:154} INFO - [2025-07-04T15:39:12.330+0530] {dagbag.py:536} INFO - Filling up the DagBag from /Users/vaish/databorn_etl_project/retail_etl/etl_pipeline_project/venv/lib/python3.10/site-packages/airflow/example_dags/example_branch_python_dop_operator_3.py
[2025-07-04T15:39:12.412+0530] {processor.py:839} INFO - DAG(s) dict_keys(['example_branch_dop_operator_v3']) retrieved from /Users/vaish/databorn_etl_project/retail_etl/etl_pipeline_project/venv/lib/python3.10/site-packages/airflow/example_dags/example_branch_python_dop_operator_3.py
[2025-07-04T15:39:12.709+0530] {logging_mixin.py:154} INFO - [2025-07-04T15:39:12.709+0530] {dag.py:2941} INFO - Sync 1 DAGs
[2025-07-04T15:39:12.737+0530] {logging_mixin.py:154} INFO - [2025-07-04T15:39:12.737+0530] {dag.py:3722} INFO - Setting next_dagrun for example_branch_dop_operator_v3 to 2025-07-04T10:08:00+00:00, run_after=2025-07-04T10:09:00+00:00
[2025-07-04T15:39:12.769+0530] {processor.py:179} INFO - Processing /Users/vaish/databorn_etl_project/retail_etl/etl_pipeline_project/venv/lib/python3.10/site-packages/airflow/example_dags/example_branch_python_dop_operator_3.py took 0.444 seconds
[2025-07-04T15:42:16.749+0530] {processor.py:157} INFO - Started process (PID=24080) to work on /Users/vaish/databorn_etl_project/retail_etl/etl_pipeline_project/venv/lib/python3.10/site-packages/airflow/example_dags/example_branch_python_dop_operator_3.py
[2025-07-04T15:42:16.757+0530] {processor.py:829} INFO - Processing file /Users/vaish/databorn_etl_project/retail_etl/etl_pipeline_project/venv/lib/python3.10/site-packages/airflow/example_dags/example_branch_python_dop_operator_3.py for tasks to queue
[2025-07-04T15:42:16.758+0530] {logging_mixin.py:154} INFO - [2025-07-04T15:42:16.758+0530] {dagbag.py:536} INFO - Filling up the DagBag from /Users/vaish/databorn_etl_project/retail_etl/etl_pipeline_project/venv/lib/python3.10/site-packages/airflow/example_dags/example_branch_python_dop_operator_3.py
[2025-07-04T15:42:16.872+0530] {processor.py:839} INFO - DAG(s) dict_keys(['example_branch_dop_operator_v3']) retrieved from /Users/vaish/databorn_etl_project/retail_etl/etl_pipeline_project/venv/lib/python3.10/site-packages/airflow/example_dags/example_branch_python_dop_operator_3.py
[2025-07-04T15:42:17.110+0530] {logging_mixin.py:154} INFO - [2025-07-04T15:42:17.110+0530] {dag.py:2941} INFO - Sync 1 DAGs
[2025-07-04T15:42:17.137+0530] {logging_mixin.py:154} INFO - [2025-07-04T15:42:17.137+0530] {dag.py:3722} INFO - Setting next_dagrun for example_branch_dop_operator_v3 to 2025-07-04T10:11:00+00:00, run_after=2025-07-04T10:12:00+00:00
[2025-07-04T15:42:17.165+0530] {processor.py:179} INFO - Processing /Users/vaish/databorn_etl_project/retail_etl/etl_pipeline_project/venv/lib/python3.10/site-packages/airflow/example_dags/example_branch_python_dop_operator_3.py took 0.417 seconds
[2025-07-04T15:42:59.923+0530] {processor.py:157} INFO - Started process (PID=24181) to work on /Users/vaish/databorn_etl_project/retail_etl/etl_pipeline_project/venv/lib/python3.10/site-packages/airflow/example_dags/example_branch_python_dop_operator_3.py
[2025-07-04T15:42:59.924+0530] {processor.py:829} INFO - Processing file /Users/vaish/databorn_etl_project/retail_etl/etl_pipeline_project/venv/lib/python3.10/site-packages/airflow/example_dags/example_branch_python_dop_operator_3.py for tasks to queue
[2025-07-04T15:42:59.925+0530] {logging_mixin.py:154} INFO - [2025-07-04T15:42:59.924+0530] {dagbag.py:536} INFO - Filling up the DagBag from /Users/vaish/databorn_etl_project/retail_etl/etl_pipeline_project/venv/lib/python3.10/site-packages/airflow/example_dags/example_branch_python_dop_operator_3.py
[2025-07-04T15:42:59.988+0530] {processor.py:839} INFO - DAG(s) dict_keys(['example_branch_dop_operator_v3']) retrieved from /Users/vaish/databorn_etl_project/retail_etl/etl_pipeline_project/venv/lib/python3.10/site-packages/airflow/example_dags/example_branch_python_dop_operator_3.py
[2025-07-04T15:43:00.212+0530] {logging_mixin.py:154} INFO - [2025-07-04T15:43:00.212+0530] {dag.py:2941} INFO - Sync 1 DAGs
[2025-07-04T15:43:00.240+0530] {logging_mixin.py:154} INFO - [2025-07-04T15:43:00.240+0530] {dag.py:3722} INFO - Setting next_dagrun for example_branch_dop_operator_v3 to 2025-07-04T10:12:00+00:00, run_after=2025-07-04T10:13:00+00:00
[2025-07-04T15:43:00.268+0530] {processor.py:179} INFO - Processing /Users/vaish/databorn_etl_project/retail_etl/etl_pipeline_project/venv/lib/python3.10/site-packages/airflow/example_dags/example_branch_python_dop_operator_3.py took 0.347 seconds
[2025-07-04T15:46:14.524+0530] {processor.py:157} INFO - Started process (PID=24703) to work on /Users/vaish/databorn_etl_project/retail_etl/etl_pipeline_project/venv/lib/python3.10/site-packages/airflow/example_dags/example_branch_python_dop_operator_3.py
[2025-07-04T15:46:14.527+0530] {processor.py:829} INFO - Processing file /Users/vaish/databorn_etl_project/retail_etl/etl_pipeline_project/venv/lib/python3.10/site-packages/airflow/example_dags/example_branch_python_dop_operator_3.py for tasks to queue
[2025-07-04T15:46:14.527+0530] {logging_mixin.py:154} INFO - [2025-07-04T15:46:14.527+0530] {dagbag.py:536} INFO - Filling up the DagBag from /Users/vaish/databorn_etl_project/retail_etl/etl_pipeline_project/venv/lib/python3.10/site-packages/airflow/example_dags/example_branch_python_dop_operator_3.py
[2025-07-04T15:46:14.604+0530] {processor.py:839} INFO - DAG(s) dict_keys(['example_branch_dop_operator_v3']) retrieved from /Users/vaish/databorn_etl_project/retail_etl/etl_pipeline_project/venv/lib/python3.10/site-packages/airflow/example_dags/example_branch_python_dop_operator_3.py
[2025-07-04T15:46:14.831+0530] {logging_mixin.py:154} INFO - [2025-07-04T15:46:14.830+0530] {dag.py:2941} INFO - Sync 1 DAGs
[2025-07-04T15:46:14.857+0530] {logging_mixin.py:154} INFO - [2025-07-04T15:46:14.857+0530] {dag.py:3722} INFO - Setting next_dagrun for example_branch_dop_operator_v3 to 2025-07-04T10:15:00+00:00, run_after=2025-07-04T10:16:00+00:00
[2025-07-04T15:46:14.892+0530] {processor.py:179} INFO - Processing /Users/vaish/databorn_etl_project/retail_etl/etl_pipeline_project/venv/lib/python3.10/site-packages/airflow/example_dags/example_branch_python_dop_operator_3.py took 0.370 seconds
[2025-07-04T15:46:43.637+0530] {processor.py:157} INFO - Started process (PID=24767) to work on /Users/vaish/databorn_etl_project/retail_etl/etl_pipeline_project/venv/lib/python3.10/site-packages/airflow/example_dags/example_branch_python_dop_operator_3.py
[2025-07-04T15:46:43.638+0530] {processor.py:829} INFO - Processing file /Users/vaish/databorn_etl_project/retail_etl/etl_pipeline_project/venv/lib/python3.10/site-packages/airflow/example_dags/example_branch_python_dop_operator_3.py for tasks to queue
[2025-07-04T15:46:43.639+0530] {logging_mixin.py:154} INFO - [2025-07-04T15:46:43.639+0530] {dagbag.py:536} INFO - Filling up the DagBag from /Users/vaish/databorn_etl_project/retail_etl/etl_pipeline_project/venv/lib/python3.10/site-packages/airflow/example_dags/example_branch_python_dop_operator_3.py
[2025-07-04T15:46:43.707+0530] {processor.py:839} INFO - DAG(s) dict_keys(['example_branch_dop_operator_v3']) retrieved from /Users/vaish/databorn_etl_project/retail_etl/etl_pipeline_project/venv/lib/python3.10/site-packages/airflow/example_dags/example_branch_python_dop_operator_3.py
[2025-07-04T15:46:43.934+0530] {logging_mixin.py:154} INFO - [2025-07-04T15:46:43.934+0530] {dag.py:2941} INFO - Sync 1 DAGs
[2025-07-04T15:46:43.962+0530] {logging_mixin.py:154} INFO - [2025-07-04T15:46:43.962+0530] {dag.py:3722} INFO - Setting next_dagrun for example_branch_dop_operator_v3 to 2025-07-04T10:15:00+00:00, run_after=2025-07-04T10:16:00+00:00
[2025-07-04T15:46:43.997+0530] {processor.py:179} INFO - Processing /Users/vaish/databorn_etl_project/retail_etl/etl_pipeline_project/venv/lib/python3.10/site-packages/airflow/example_dags/example_branch_python_dop_operator_3.py took 0.361 seconds
[2025-07-04T15:49:56.196+0530] {processor.py:157} INFO - Started process (PID=25247) to work on /Users/vaish/databorn_etl_project/retail_etl/etl_pipeline_project/venv/lib/python3.10/site-packages/airflow/example_dags/example_branch_python_dop_operator_3.py
[2025-07-04T15:49:56.203+0530] {processor.py:829} INFO - Processing file /Users/vaish/databorn_etl_project/retail_etl/etl_pipeline_project/venv/lib/python3.10/site-packages/airflow/example_dags/example_branch_python_dop_operator_3.py for tasks to queue
[2025-07-04T15:49:56.203+0530] {logging_mixin.py:154} INFO - [2025-07-04T15:49:56.203+0530] {dagbag.py:536} INFO - Filling up the DagBag from /Users/vaish/databorn_etl_project/retail_etl/etl_pipeline_project/venv/lib/python3.10/site-packages/airflow/example_dags/example_branch_python_dop_operator_3.py
[2025-07-04T15:49:56.263+0530] {processor.py:839} INFO - DAG(s) dict_keys(['example_branch_dop_operator_v3']) retrieved from /Users/vaish/databorn_etl_project/retail_etl/etl_pipeline_project/venv/lib/python3.10/site-packages/airflow/example_dags/example_branch_python_dop_operator_3.py
[2025-07-04T15:49:56.464+0530] {logging_mixin.py:154} INFO - [2025-07-04T15:49:56.464+0530] {dag.py:2941} INFO - Sync 1 DAGs
[2025-07-04T15:49:56.488+0530] {logging_mixin.py:154} INFO - [2025-07-04T15:49:56.488+0530] {dag.py:3722} INFO - Setting next_dagrun for example_branch_dop_operator_v3 to 2025-07-04T10:18:00+00:00, run_after=2025-07-04T10:19:00+00:00
[2025-07-04T15:49:56.511+0530] {processor.py:179} INFO - Processing /Users/vaish/databorn_etl_project/retail_etl/etl_pipeline_project/venv/lib/python3.10/site-packages/airflow/example_dags/example_branch_python_dop_operator_3.py took 0.317 seconds
[2025-07-04T15:50:28.812+0530] {processor.py:157} INFO - Started process (PID=25329) to work on /Users/vaish/databorn_etl_project/retail_etl/etl_pipeline_project/venv/lib/python3.10/site-packages/airflow/example_dags/example_branch_python_dop_operator_3.py
[2025-07-04T15:50:28.813+0530] {processor.py:829} INFO - Processing file /Users/vaish/databorn_etl_project/retail_etl/etl_pipeline_project/venv/lib/python3.10/site-packages/airflow/example_dags/example_branch_python_dop_operator_3.py for tasks to queue
[2025-07-04T15:50:28.814+0530] {logging_mixin.py:154} INFO - [2025-07-04T15:50:28.814+0530] {dagbag.py:536} INFO - Filling up the DagBag from /Users/vaish/databorn_etl_project/retail_etl/etl_pipeline_project/venv/lib/python3.10/site-packages/airflow/example_dags/example_branch_python_dop_operator_3.py
[2025-07-04T15:50:28.874+0530] {processor.py:839} INFO - DAG(s) dict_keys(['example_branch_dop_operator_v3']) retrieved from /Users/vaish/databorn_etl_project/retail_etl/etl_pipeline_project/venv/lib/python3.10/site-packages/airflow/example_dags/example_branch_python_dop_operator_3.py
[2025-07-04T15:50:29.074+0530] {logging_mixin.py:154} INFO - [2025-07-04T15:50:29.073+0530] {dag.py:2941} INFO - Sync 1 DAGs
[2025-07-04T15:50:29.098+0530] {logging_mixin.py:154} INFO - [2025-07-04T15:50:29.097+0530] {dag.py:3722} INFO - Setting next_dagrun for example_branch_dop_operator_v3 to 2025-07-04T10:19:00+00:00, run_after=2025-07-04T10:20:00+00:00
[2025-07-04T15:50:29.125+0530] {processor.py:179} INFO - Processing /Users/vaish/databorn_etl_project/retail_etl/etl_pipeline_project/venv/lib/python3.10/site-packages/airflow/example_dags/example_branch_python_dop_operator_3.py took 0.314 seconds
[2025-07-04T15:53:19.063+0530] {processor.py:157} INFO - Started process (PID=25727) to work on /Users/vaish/databorn_etl_project/retail_etl/etl_pipeline_project/venv/lib/python3.10/site-packages/airflow/example_dags/example_branch_python_dop_operator_3.py
[2025-07-04T15:53:19.070+0530] {processor.py:829} INFO - Processing file /Users/vaish/databorn_etl_project/retail_etl/etl_pipeline_project/venv/lib/python3.10/site-packages/airflow/example_dags/example_branch_python_dop_operator_3.py for tasks to queue
[2025-07-04T15:53:19.071+0530] {logging_mixin.py:154} INFO - [2025-07-04T15:53:19.071+0530] {dagbag.py:536} INFO - Filling up the DagBag from /Users/vaish/databorn_etl_project/retail_etl/etl_pipeline_project/venv/lib/python3.10/site-packages/airflow/example_dags/example_branch_python_dop_operator_3.py
[2025-07-04T15:53:19.136+0530] {processor.py:839} INFO - DAG(s) dict_keys(['example_branch_dop_operator_v3']) retrieved from /Users/vaish/databorn_etl_project/retail_etl/etl_pipeline_project/venv/lib/python3.10/site-packages/airflow/example_dags/example_branch_python_dop_operator_3.py
[2025-07-04T15:53:19.351+0530] {logging_mixin.py:154} INFO - [2025-07-04T15:53:19.350+0530] {dag.py:2941} INFO - Sync 1 DAGs
[2025-07-04T15:53:19.376+0530] {logging_mixin.py:154} INFO - [2025-07-04T15:53:19.376+0530] {dag.py:3722} INFO - Setting next_dagrun for example_branch_dop_operator_v3 to 2025-07-04T10:22:00+00:00, run_after=2025-07-04T10:23:00+00:00
[2025-07-04T15:53:19.411+0530] {processor.py:179} INFO - Processing /Users/vaish/databorn_etl_project/retail_etl/etl_pipeline_project/venv/lib/python3.10/site-packages/airflow/example_dags/example_branch_python_dop_operator_3.py took 0.349 seconds
[2025-07-04T15:53:57.148+0530] {processor.py:157} INFO - Started process (PID=25836) to work on /Users/vaish/databorn_etl_project/retail_etl/etl_pipeline_project/venv/lib/python3.10/site-packages/airflow/example_dags/example_branch_python_dop_operator_3.py
[2025-07-04T15:53:57.149+0530] {processor.py:829} INFO - Processing file /Users/vaish/databorn_etl_project/retail_etl/etl_pipeline_project/venv/lib/python3.10/site-packages/airflow/example_dags/example_branch_python_dop_operator_3.py for tasks to queue
[2025-07-04T15:53:57.150+0530] {logging_mixin.py:154} INFO - [2025-07-04T15:53:57.150+0530] {dagbag.py:536} INFO - Filling up the DagBag from /Users/vaish/databorn_etl_project/retail_etl/etl_pipeline_project/venv/lib/python3.10/site-packages/airflow/example_dags/example_branch_python_dop_operator_3.py
[2025-07-04T15:53:57.215+0530] {processor.py:839} INFO - DAG(s) dict_keys(['example_branch_dop_operator_v3']) retrieved from /Users/vaish/databorn_etl_project/retail_etl/etl_pipeline_project/venv/lib/python3.10/site-packages/airflow/example_dags/example_branch_python_dop_operator_3.py
[2025-07-04T15:53:57.424+0530] {logging_mixin.py:154} INFO - [2025-07-04T15:53:57.424+0530] {dag.py:2941} INFO - Sync 1 DAGs
[2025-07-04T15:53:57.449+0530] {logging_mixin.py:154} INFO - [2025-07-04T15:53:57.449+0530] {dag.py:3722} INFO - Setting next_dagrun for example_branch_dop_operator_v3 to 2025-07-04T10:22:00+00:00, run_after=2025-07-04T10:23:00+00:00
[2025-07-04T15:53:57.477+0530] {processor.py:179} INFO - Processing /Users/vaish/databorn_etl_project/retail_etl/etl_pipeline_project/venv/lib/python3.10/site-packages/airflow/example_dags/example_branch_python_dop_operator_3.py took 0.330 seconds
[2025-07-04T15:56:59.174+0530] {processor.py:157} INFO - Started process (PID=26901) to work on /Users/vaish/databorn_etl_project/retail_etl/etl_pipeline_project/venv/lib/python3.10/site-packages/airflow/example_dags/example_branch_python_dop_operator_3.py
[2025-07-04T15:56:59.180+0530] {processor.py:829} INFO - Processing file /Users/vaish/databorn_etl_project/retail_etl/etl_pipeline_project/venv/lib/python3.10/site-packages/airflow/example_dags/example_branch_python_dop_operator_3.py for tasks to queue
[2025-07-04T15:56:59.181+0530] {logging_mixin.py:154} INFO - [2025-07-04T15:56:59.181+0530] {dagbag.py:536} INFO - Filling up the DagBag from /Users/vaish/databorn_etl_project/retail_etl/etl_pipeline_project/venv/lib/python3.10/site-packages/airflow/example_dags/example_branch_python_dop_operator_3.py
[2025-07-04T15:56:59.243+0530] {processor.py:839} INFO - DAG(s) dict_keys(['example_branch_dop_operator_v3']) retrieved from /Users/vaish/databorn_etl_project/retail_etl/etl_pipeline_project/venv/lib/python3.10/site-packages/airflow/example_dags/example_branch_python_dop_operator_3.py
[2025-07-04T15:56:59.455+0530] {logging_mixin.py:154} INFO - [2025-07-04T15:56:59.455+0530] {dag.py:2941} INFO - Sync 1 DAGs
[2025-07-04T15:56:59.491+0530] {logging_mixin.py:154} INFO - [2025-07-04T15:56:59.491+0530] {dag.py:3722} INFO - Setting next_dagrun for example_branch_dop_operator_v3 to 2025-07-04T10:25:00+00:00, run_after=2025-07-04T10:26:00+00:00
[2025-07-04T15:56:59.514+0530] {processor.py:179} INFO - Processing /Users/vaish/databorn_etl_project/retail_etl/etl_pipeline_project/venv/lib/python3.10/site-packages/airflow/example_dags/example_branch_python_dop_operator_3.py took 0.342 seconds
[2025-07-04T15:57:30.968+0530] {processor.py:157} INFO - Started process (PID=26998) to work on /Users/vaish/databorn_etl_project/retail_etl/etl_pipeline_project/venv/lib/python3.10/site-packages/airflow/example_dags/example_branch_python_dop_operator_3.py
[2025-07-04T15:57:30.969+0530] {processor.py:829} INFO - Processing file /Users/vaish/databorn_etl_project/retail_etl/etl_pipeline_project/venv/lib/python3.10/site-packages/airflow/example_dags/example_branch_python_dop_operator_3.py for tasks to queue
[2025-07-04T15:57:30.970+0530] {logging_mixin.py:154} INFO - [2025-07-04T15:57:30.969+0530] {dagbag.py:536} INFO - Filling up the DagBag from /Users/vaish/databorn_etl_project/retail_etl/etl_pipeline_project/venv/lib/python3.10/site-packages/airflow/example_dags/example_branch_python_dop_operator_3.py
[2025-07-04T15:57:31.032+0530] {processor.py:839} INFO - DAG(s) dict_keys(['example_branch_dop_operator_v3']) retrieved from /Users/vaish/databorn_etl_project/retail_etl/etl_pipeline_project/venv/lib/python3.10/site-packages/airflow/example_dags/example_branch_python_dop_operator_3.py
[2025-07-04T15:57:31.252+0530] {logging_mixin.py:154} INFO - [2025-07-04T15:57:31.252+0530] {dag.py:2941} INFO - Sync 1 DAGs
[2025-07-04T15:57:31.279+0530] {logging_mixin.py:154} INFO - [2025-07-04T15:57:31.278+0530] {dag.py:3722} INFO - Setting next_dagrun for example_branch_dop_operator_v3 to 2025-07-04T10:26:00+00:00, run_after=2025-07-04T10:27:00+00:00
[2025-07-04T15:57:31.307+0530] {processor.py:179} INFO - Processing /Users/vaish/databorn_etl_project/retail_etl/etl_pipeline_project/venv/lib/python3.10/site-packages/airflow/example_dags/example_branch_python_dop_operator_3.py took 0.341 seconds
[2025-07-04T16:00:19.540+0530] {processor.py:157} INFO - Started process (PID=29161) to work on /Users/vaish/databorn_etl_project/retail_etl/etl_pipeline_project/venv/lib/python3.10/site-packages/airflow/example_dags/example_branch_python_dop_operator_3.py
[2025-07-04T16:00:19.541+0530] {processor.py:829} INFO - Processing file /Users/vaish/databorn_etl_project/retail_etl/etl_pipeline_project/venv/lib/python3.10/site-packages/airflow/example_dags/example_branch_python_dop_operator_3.py for tasks to queue
[2025-07-04T16:00:19.541+0530] {logging_mixin.py:154} INFO - [2025-07-04T16:00:19.541+0530] {dagbag.py:536} INFO - Filling up the DagBag from /Users/vaish/databorn_etl_project/retail_etl/etl_pipeline_project/venv/lib/python3.10/site-packages/airflow/example_dags/example_branch_python_dop_operator_3.py
[2025-07-04T16:00:19.603+0530] {processor.py:839} INFO - DAG(s) dict_keys(['example_branch_dop_operator_v3']) retrieved from /Users/vaish/databorn_etl_project/retail_etl/etl_pipeline_project/venv/lib/python3.10/site-packages/airflow/example_dags/example_branch_python_dop_operator_3.py
[2025-07-04T16:00:19.837+0530] {logging_mixin.py:154} INFO - [2025-07-04T16:00:19.837+0530] {dag.py:2941} INFO - Sync 1 DAGs
[2025-07-04T16:00:19.862+0530] {logging_mixin.py:154} INFO - [2025-07-04T16:00:19.862+0530] {dag.py:3722} INFO - Setting next_dagrun for example_branch_dop_operator_v3 to 2025-07-04T10:29:00+00:00, run_after=2025-07-04T10:30:00+00:00
[2025-07-04T16:00:19.884+0530] {processor.py:179} INFO - Processing /Users/vaish/databorn_etl_project/retail_etl/etl_pipeline_project/venv/lib/python3.10/site-packages/airflow/example_dags/example_branch_python_dop_operator_3.py took 0.346 seconds
[2025-07-04T16:00:51.932+0530] {processor.py:157} INFO - Started process (PID=29798) to work on /Users/vaish/databorn_etl_project/retail_etl/etl_pipeline_project/venv/lib/python3.10/site-packages/airflow/example_dags/example_branch_python_dop_operator_3.py
[2025-07-04T16:00:51.932+0530] {processor.py:829} INFO - Processing file /Users/vaish/databorn_etl_project/retail_etl/etl_pipeline_project/venv/lib/python3.10/site-packages/airflow/example_dags/example_branch_python_dop_operator_3.py for tasks to queue
[2025-07-04T16:00:51.933+0530] {logging_mixin.py:154} INFO - [2025-07-04T16:00:51.933+0530] {dagbag.py:536} INFO - Filling up the DagBag from /Users/vaish/databorn_etl_project/retail_etl/etl_pipeline_project/venv/lib/python3.10/site-packages/airflow/example_dags/example_branch_python_dop_operator_3.py
[2025-07-04T16:00:51.996+0530] {processor.py:839} INFO - DAG(s) dict_keys(['example_branch_dop_operator_v3']) retrieved from /Users/vaish/databorn_etl_project/retail_etl/etl_pipeline_project/venv/lib/python3.10/site-packages/airflow/example_dags/example_branch_python_dop_operator_3.py
[2025-07-04T16:00:52.229+0530] {logging_mixin.py:154} INFO - [2025-07-04T16:00:52.228+0530] {dag.py:2941} INFO - Sync 1 DAGs
[2025-07-04T16:00:52.254+0530] {logging_mixin.py:154} INFO - [2025-07-04T16:00:52.254+0530] {dag.py:3722} INFO - Setting next_dagrun for example_branch_dop_operator_v3 to 2025-07-04T10:29:00+00:00, run_after=2025-07-04T10:30:00+00:00
[2025-07-04T16:00:52.286+0530] {processor.py:179} INFO - Processing /Users/vaish/databorn_etl_project/retail_etl/etl_pipeline_project/venv/lib/python3.10/site-packages/airflow/example_dags/example_branch_python_dop_operator_3.py took 0.356 seconds
[2025-07-04T16:03:48.168+0530] {processor.py:157} INFO - Started process (PID=31199) to work on /Users/vaish/databorn_etl_project/retail_etl/etl_pipeline_project/venv/lib/python3.10/site-packages/airflow/example_dags/example_branch_python_dop_operator_3.py
[2025-07-04T16:03:48.175+0530] {processor.py:829} INFO - Processing file /Users/vaish/databorn_etl_project/retail_etl/etl_pipeline_project/venv/lib/python3.10/site-packages/airflow/example_dags/example_branch_python_dop_operator_3.py for tasks to queue
[2025-07-04T16:03:48.176+0530] {logging_mixin.py:154} INFO - [2025-07-04T16:03:48.176+0530] {dagbag.py:536} INFO - Filling up the DagBag from /Users/vaish/databorn_etl_project/retail_etl/etl_pipeline_project/venv/lib/python3.10/site-packages/airflow/example_dags/example_branch_python_dop_operator_3.py
[2025-07-04T16:03:48.236+0530] {processor.py:839} INFO - DAG(s) dict_keys(['example_branch_dop_operator_v3']) retrieved from /Users/vaish/databorn_etl_project/retail_etl/etl_pipeline_project/venv/lib/python3.10/site-packages/airflow/example_dags/example_branch_python_dop_operator_3.py
[2025-07-04T16:03:48.439+0530] {logging_mixin.py:154} INFO - [2025-07-04T16:03:48.439+0530] {dag.py:2941} INFO - Sync 1 DAGs
[2025-07-04T16:03:48.463+0530] {logging_mixin.py:154} INFO - [2025-07-04T16:03:48.463+0530] {dag.py:3722} INFO - Setting next_dagrun for example_branch_dop_operator_v3 to 2025-07-04T10:32:00+00:00, run_after=2025-07-04T10:33:00+00:00
[2025-07-04T16:03:48.492+0530] {processor.py:179} INFO - Processing /Users/vaish/databorn_etl_project/retail_etl/etl_pipeline_project/venv/lib/python3.10/site-packages/airflow/example_dags/example_branch_python_dop_operator_3.py took 0.325 seconds
[2025-07-04T16:04:17.876+0530] {processor.py:157} INFO - Started process (PID=31265) to work on /Users/vaish/databorn_etl_project/retail_etl/etl_pipeline_project/venv/lib/python3.10/site-packages/airflow/example_dags/example_branch_python_dop_operator_3.py
[2025-07-04T16:04:17.877+0530] {processor.py:829} INFO - Processing file /Users/vaish/databorn_etl_project/retail_etl/etl_pipeline_project/venv/lib/python3.10/site-packages/airflow/example_dags/example_branch_python_dop_operator_3.py for tasks to queue
[2025-07-04T16:04:17.878+0530] {logging_mixin.py:154} INFO - [2025-07-04T16:04:17.877+0530] {dagbag.py:536} INFO - Filling up the DagBag from /Users/vaish/databorn_etl_project/retail_etl/etl_pipeline_project/venv/lib/python3.10/site-packages/airflow/example_dags/example_branch_python_dop_operator_3.py
[2025-07-04T16:04:17.951+0530] {processor.py:839} INFO - DAG(s) dict_keys(['example_branch_dop_operator_v3']) retrieved from /Users/vaish/databorn_etl_project/retail_etl/etl_pipeline_project/venv/lib/python3.10/site-packages/airflow/example_dags/example_branch_python_dop_operator_3.py
[2025-07-04T16:04:18.226+0530] {logging_mixin.py:154} INFO - [2025-07-04T16:04:18.226+0530] {dag.py:2941} INFO - Sync 1 DAGs
[2025-07-04T16:04:18.273+0530] {logging_mixin.py:154} INFO - [2025-07-04T16:04:18.273+0530] {dag.py:3722} INFO - Setting next_dagrun for example_branch_dop_operator_v3 to 2025-07-04T10:33:00+00:00, run_after=2025-07-04T10:34:00+00:00
[2025-07-04T16:04:18.343+0530] {processor.py:179} INFO - Processing /Users/vaish/databorn_etl_project/retail_etl/etl_pipeline_project/venv/lib/python3.10/site-packages/airflow/example_dags/example_branch_python_dop_operator_3.py took 0.469 seconds
[2025-07-04T16:07:37.772+0530] {processor.py:157} INFO - Started process (PID=32122) to work on /Users/vaish/databorn_etl_project/retail_etl/etl_pipeline_project/venv/lib/python3.10/site-packages/airflow/example_dags/example_branch_python_dop_operator_3.py
[2025-07-04T16:07:37.778+0530] {processor.py:829} INFO - Processing file /Users/vaish/databorn_etl_project/retail_etl/etl_pipeline_project/venv/lib/python3.10/site-packages/airflow/example_dags/example_branch_python_dop_operator_3.py for tasks to queue
[2025-07-04T16:07:37.779+0530] {logging_mixin.py:154} INFO - [2025-07-04T16:07:37.779+0530] {dagbag.py:536} INFO - Filling up the DagBag from /Users/vaish/databorn_etl_project/retail_etl/etl_pipeline_project/venv/lib/python3.10/site-packages/airflow/example_dags/example_branch_python_dop_operator_3.py
[2025-07-04T16:07:37.842+0530] {processor.py:839} INFO - DAG(s) dict_keys(['example_branch_dop_operator_v3']) retrieved from /Users/vaish/databorn_etl_project/retail_etl/etl_pipeline_project/venv/lib/python3.10/site-packages/airflow/example_dags/example_branch_python_dop_operator_3.py
[2025-07-04T16:07:38.143+0530] {logging_mixin.py:154} INFO - [2025-07-04T16:07:38.142+0530] {dag.py:2941} INFO - Sync 1 DAGs
[2025-07-04T16:07:38.209+0530] {logging_mixin.py:154} INFO - [2025-07-04T16:07:38.209+0530] {dag.py:3722} INFO - Setting next_dagrun for example_branch_dop_operator_v3 to 2025-07-04T10:36:00+00:00, run_after=2025-07-04T10:37:00+00:00
[2025-07-04T16:07:38.243+0530] {processor.py:179} INFO - Processing /Users/vaish/databorn_etl_project/retail_etl/etl_pipeline_project/venv/lib/python3.10/site-packages/airflow/example_dags/example_branch_python_dop_operator_3.py took 0.473 seconds
[2025-07-04T16:08:12.699+0530] {processor.py:157} INFO - Started process (PID=32256) to work on /Users/vaish/databorn_etl_project/retail_etl/etl_pipeline_project/venv/lib/python3.10/site-packages/airflow/example_dags/example_branch_python_dop_operator_3.py
[2025-07-04T16:08:12.700+0530] {processor.py:829} INFO - Processing file /Users/vaish/databorn_etl_project/retail_etl/etl_pipeline_project/venv/lib/python3.10/site-packages/airflow/example_dags/example_branch_python_dop_operator_3.py for tasks to queue
[2025-07-04T16:08:12.701+0530] {logging_mixin.py:154} INFO - [2025-07-04T16:08:12.701+0530] {dagbag.py:536} INFO - Filling up the DagBag from /Users/vaish/databorn_etl_project/retail_etl/etl_pipeline_project/venv/lib/python3.10/site-packages/airflow/example_dags/example_branch_python_dop_operator_3.py
[2025-07-04T16:08:12.779+0530] {processor.py:839} INFO - DAG(s) dict_keys(['example_branch_dop_operator_v3']) retrieved from /Users/vaish/databorn_etl_project/retail_etl/etl_pipeline_project/venv/lib/python3.10/site-packages/airflow/example_dags/example_branch_python_dop_operator_3.py
[2025-07-04T16:08:12.996+0530] {logging_mixin.py:154} INFO - [2025-07-04T16:08:12.996+0530] {dag.py:2941} INFO - Sync 1 DAGs
[2025-07-04T16:08:13.022+0530] {logging_mixin.py:154} INFO - [2025-07-04T16:08:13.022+0530] {dag.py:3722} INFO - Setting next_dagrun for example_branch_dop_operator_v3 to 2025-07-04T10:37:00+00:00, run_after=2025-07-04T10:38:00+00:00
[2025-07-04T16:08:13.052+0530] {processor.py:179} INFO - Processing /Users/vaish/databorn_etl_project/retail_etl/etl_pipeline_project/venv/lib/python3.10/site-packages/airflow/example_dags/example_branch_python_dop_operator_3.py took 0.355 seconds
[2025-07-04T16:11:51.276+0530] {processor.py:157} INFO - Started process (PID=33062) to work on /Users/vaish/databorn_etl_project/retail_etl/etl_pipeline_project/venv/lib/python3.10/site-packages/airflow/example_dags/example_branch_python_dop_operator_3.py
[2025-07-04T16:11:51.279+0530] {processor.py:829} INFO - Processing file /Users/vaish/databorn_etl_project/retail_etl/etl_pipeline_project/venv/lib/python3.10/site-packages/airflow/example_dags/example_branch_python_dop_operator_3.py for tasks to queue
[2025-07-04T16:11:51.280+0530] {logging_mixin.py:154} INFO - [2025-07-04T16:11:51.280+0530] {dagbag.py:536} INFO - Filling up the DagBag from /Users/vaish/databorn_etl_project/retail_etl/etl_pipeline_project/venv/lib/python3.10/site-packages/airflow/example_dags/example_branch_python_dop_operator_3.py
[2025-07-04T16:11:51.404+0530] {processor.py:839} INFO - DAG(s) dict_keys(['example_branch_dop_operator_v3']) retrieved from /Users/vaish/databorn_etl_project/retail_etl/etl_pipeline_project/venv/lib/python3.10/site-packages/airflow/example_dags/example_branch_python_dop_operator_3.py
[2025-07-04T16:11:51.658+0530] {logging_mixin.py:154} INFO - [2025-07-04T16:11:51.657+0530] {dag.py:2941} INFO - Sync 1 DAGs
[2025-07-04T16:11:51.683+0530] {logging_mixin.py:154} INFO - [2025-07-04T16:11:51.683+0530] {dag.py:3722} INFO - Setting next_dagrun for example_branch_dop_operator_v3 to 2025-07-04T10:40:00+00:00, run_after=2025-07-04T10:41:00+00:00
[2025-07-04T16:11:51.712+0530] {processor.py:179} INFO - Processing /Users/vaish/databorn_etl_project/retail_etl/etl_pipeline_project/venv/lib/python3.10/site-packages/airflow/example_dags/example_branch_python_dop_operator_3.py took 0.437 seconds
[2025-07-04T16:13:15.726+0530] {processor.py:157} INFO - Started process (PID=33300) to work on /Users/vaish/databorn_etl_project/retail_etl/etl_pipeline_project/venv/lib/python3.10/site-packages/airflow/example_dags/example_branch_python_dop_operator_3.py
[2025-07-04T16:13:15.733+0530] {processor.py:829} INFO - Processing file /Users/vaish/databorn_etl_project/retail_etl/etl_pipeline_project/venv/lib/python3.10/site-packages/airflow/example_dags/example_branch_python_dop_operator_3.py for tasks to queue
[2025-07-04T16:13:15.734+0530] {logging_mixin.py:154} INFO - [2025-07-04T16:13:15.734+0530] {dagbag.py:536} INFO - Filling up the DagBag from /Users/vaish/databorn_etl_project/retail_etl/etl_pipeline_project/venv/lib/python3.10/site-packages/airflow/example_dags/example_branch_python_dop_operator_3.py
[2025-07-04T16:13:15.798+0530] {processor.py:839} INFO - DAG(s) dict_keys(['example_branch_dop_operator_v3']) retrieved from /Users/vaish/databorn_etl_project/retail_etl/etl_pipeline_project/venv/lib/python3.10/site-packages/airflow/example_dags/example_branch_python_dop_operator_3.py
[2025-07-04T16:13:16.009+0530] {logging_mixin.py:154} INFO - [2025-07-04T16:13:16.009+0530] {dag.py:2941} INFO - Sync 1 DAGs
[2025-07-04T16:13:16.035+0530] {logging_mixin.py:154} INFO - [2025-07-04T16:13:16.035+0530] {dag.py:3722} INFO - Setting next_dagrun for example_branch_dop_operator_v3 to 2025-07-04T10:42:00+00:00, run_after=2025-07-04T10:43:00+00:00
[2025-07-04T16:13:16.064+0530] {processor.py:179} INFO - Processing /Users/vaish/databorn_etl_project/retail_etl/etl_pipeline_project/venv/lib/python3.10/site-packages/airflow/example_dags/example_branch_python_dop_operator_3.py took 0.339 seconds
[2025-07-04T16:15:32.816+0530] {processor.py:157} INFO - Started process (PID=33626) to work on /Users/vaish/databorn_etl_project/retail_etl/etl_pipeline_project/venv/lib/python3.10/site-packages/airflow/example_dags/example_branch_python_dop_operator_3.py
[2025-07-04T16:15:32.817+0530] {processor.py:829} INFO - Processing file /Users/vaish/databorn_etl_project/retail_etl/etl_pipeline_project/venv/lib/python3.10/site-packages/airflow/example_dags/example_branch_python_dop_operator_3.py for tasks to queue
[2025-07-04T16:15:32.819+0530] {logging_mixin.py:154} INFO - [2025-07-04T16:15:32.818+0530] {dagbag.py:536} INFO - Filling up the DagBag from /Users/vaish/databorn_etl_project/retail_etl/etl_pipeline_project/venv/lib/python3.10/site-packages/airflow/example_dags/example_branch_python_dop_operator_3.py
[2025-07-04T16:15:32.900+0530] {processor.py:839} INFO - DAG(s) dict_keys(['example_branch_dop_operator_v3']) retrieved from /Users/vaish/databorn_etl_project/retail_etl/etl_pipeline_project/venv/lib/python3.10/site-packages/airflow/example_dags/example_branch_python_dop_operator_3.py
[2025-07-04T16:15:33.186+0530] {logging_mixin.py:154} INFO - [2025-07-04T16:15:33.185+0530] {dag.py:2941} INFO - Sync 1 DAGs
[2025-07-04T16:15:33.219+0530] {logging_mixin.py:154} INFO - [2025-07-04T16:15:33.219+0530] {dag.py:3722} INFO - Setting next_dagrun for example_branch_dop_operator_v3 to 2025-07-04T10:44:00+00:00, run_after=2025-07-04T10:45:00+00:00
[2025-07-04T16:15:33.251+0530] {processor.py:179} INFO - Processing /Users/vaish/databorn_etl_project/retail_etl/etl_pipeline_project/venv/lib/python3.10/site-packages/airflow/example_dags/example_branch_python_dop_operator_3.py took 0.436 seconds
