[2025-07-04T15:07:52.382+0530] {taskinstance.py:1159} INFO - Dependencies all met for dep_context=non-requeueable deps ti=<TaskInstance: example_xcom.bash_pull manual__2025-07-04T09:37:11.936970+00:00 [queued]>
[2025-07-04T15:07:52.388+0530] {taskinstance.py:1159} INFO - Dependencies all met for dep_context=requeueable deps ti=<TaskInstance: example_xcom.bash_pull manual__2025-07-04T09:37:11.936970+00:00 [queued]>
[2025-07-04T15:07:52.389+0530] {taskinstance.py:1361} INFO - Starting attempt 1 of 1
[2025-07-04T15:07:52.402+0530] {taskinstance.py:1382} INFO - Executing <Task(BashOperator): bash_pull> on 2025-07-04 09:37:11.936970+00:00
[2025-07-04T15:07:52.404+0530] {standard_task_runner.py:57} INFO - Started process 19487 to run task
[2025-07-04T15:07:52.412+0530] {standard_task_runner.py:84} INFO - Running: ['airflow', 'tasks', 'run', 'example_xcom', 'bash_pull', 'manual__2025-07-04T09:37:11.936970+00:00', '--job-id', '11', '--raw', '--subdir', '/Users/vaish/databorn_etl_project/retail_etl/etl_pipeline_project/venv/lib/python3.10/site-packages/airflow/example_dags/example_xcom.py', '--cfg-path', '/var/folders/53/tbd296vx2878lwlskxvm_8h80000gp/T/tmpcqgdya15']
[2025-07-04T15:07:52.415+0530] {standard_task_runner.py:85} INFO - Job 11: Subtask bash_pull
[2025-07-04T15:07:52.460+0530] {task_command.py:416} INFO - Running <TaskInstance: example_xcom.bash_pull manual__2025-07-04T09:37:11.936970+00:00 [running]> on host v-macbook-pro.local
[2025-07-04T15:07:52.536+0530] {taskinstance.py:1662} INFO - Exporting env vars: AIRFLOW_CTX_DAG_OWNER='airflow' AIRFLOW_CTX_DAG_ID='example_xcom' AIRFLOW_CTX_TASK_ID='bash_pull' AIRFLOW_CTX_EXECUTION_DATE='2025-07-04T09:37:11.936970+00:00' AIRFLOW_CTX_TRY_NUMBER='1' AIRFLOW_CTX_DAG_RUN_ID='manual__2025-07-04T09:37:11.936970+00:00'
[2025-07-04T15:07:52.539+0530] {subprocess.py:63} INFO - Tmp dir root location: /var/folders/53/tbd296vx2878lwlskxvm_8h80000gp/T
[2025-07-04T15:07:52.540+0530] {subprocess.py:75} INFO - Running command: ['/bin/bash', '-c', 'echo "bash pull demo" && echo "The xcom pushed manually is manually_pushed_value" && echo "The returned_value xcom is value_by_return" && echo "finished"']
[2025-07-04T15:07:52.547+0530] {subprocess.py:86} INFO - Output:
[2025-07-04T15:07:52.552+0530] {subprocess.py:93} INFO - bash pull demo
[2025-07-04T15:07:52.553+0530] {subprocess.py:93} INFO - The xcom pushed manually is manually_pushed_value
[2025-07-04T15:07:52.553+0530] {subprocess.py:93} INFO - The returned_value xcom is value_by_return
[2025-07-04T15:07:52.554+0530] {subprocess.py:93} INFO - finished
[2025-07-04T15:07:52.554+0530] {subprocess.py:97} INFO - Command exited with return code 0
[2025-07-04T15:07:52.563+0530] {taskinstance.py:1400} INFO - Marking task as SUCCESS. dag_id=example_xcom, task_id=bash_pull, execution_date=20250704T093711, start_date=20250704T093752, end_date=20250704T093752
[2025-07-04T15:07:52.587+0530] {local_task_job_runner.py:228} INFO - Task exited with return code 0
[2025-07-04T15:07:52.604+0530] {taskinstance.py:2778} INFO - 0 downstream tasks scheduled from follow-on schedule check
